[2024-01-30T21:53:07.674+0000] {processor.py:161} INFO - Started process (PID=48) to work on /home/airflow/.local/lib/python3.8/site-packages/airflow/example_dags/example_skip_dag.py
[2024-01-30T21:53:07.675+0000] {processor.py:830} INFO - Processing file /home/airflow/.local/lib/python3.8/site-packages/airflow/example_dags/example_skip_dag.py for tasks to queue
[2024-01-30T21:53:07.678+0000] {logging_mixin.py:188} INFO - [2024-01-30T21:53:07.678+0000] {dagbag.py:538} INFO - Filling up the DagBag from /home/airflow/.local/lib/python3.8/site-packages/airflow/example_dags/example_skip_dag.py
[2024-01-30T21:53:07.703+0000] {processor.py:840} INFO - DAG(s) 'example_skip_dag' retrieved from /home/airflow/.local/lib/python3.8/site-packages/airflow/example_dags/example_skip_dag.py
[2024-01-30T21:53:07.904+0000] {logging_mixin.py:188} INFO - [2024-01-30T21:53:07.903+0000] {dag.py:3036} INFO - Sync 1 DAGs
[2024-01-30T21:53:07.941+0000] {logging_mixin.py:188} INFO - [2024-01-30T21:53:07.941+0000] {dag.py:3823} INFO - Setting next_dagrun for example_skip_dag to 2024-01-29 00:00:00+00:00, run_after=2024-01-30 00:00:00+00:00
[2024-01-30T21:53:08.068+0000] {processor.py:183} INFO - Processing /home/airflow/.local/lib/python3.8/site-packages/airflow/example_dags/example_skip_dag.py took 0.398 seconds
[2024-01-30T21:53:38.194+0000] {processor.py:161} INFO - Started process (PID=103) to work on /home/airflow/.local/lib/python3.8/site-packages/airflow/example_dags/example_skip_dag.py
[2024-01-30T21:53:38.196+0000] {processor.py:830} INFO - Processing file /home/airflow/.local/lib/python3.8/site-packages/airflow/example_dags/example_skip_dag.py for tasks to queue
[2024-01-30T21:53:38.199+0000] {logging_mixin.py:188} INFO - [2024-01-30T21:53:38.198+0000] {dagbag.py:538} INFO - Filling up the DagBag from /home/airflow/.local/lib/python3.8/site-packages/airflow/example_dags/example_skip_dag.py
[2024-01-30T21:53:38.207+0000] {processor.py:840} INFO - DAG(s) 'example_skip_dag' retrieved from /home/airflow/.local/lib/python3.8/site-packages/airflow/example_dags/example_skip_dag.py
[2024-01-30T21:53:38.240+0000] {logging_mixin.py:188} INFO - [2024-01-30T21:53:38.240+0000] {dag.py:3036} INFO - Sync 1 DAGs
[2024-01-30T21:53:38.267+0000] {logging_mixin.py:188} INFO - [2024-01-30T21:53:38.267+0000] {dag.py:3823} INFO - Setting next_dagrun for example_skip_dag to 2024-01-29 00:00:00+00:00, run_after=2024-01-30 00:00:00+00:00
[2024-01-30T21:53:38.298+0000] {processor.py:183} INFO - Processing /home/airflow/.local/lib/python3.8/site-packages/airflow/example_dags/example_skip_dag.py took 0.106 seconds
[2024-01-30T21:54:09.250+0000] {processor.py:161} INFO - Started process (PID=158) to work on /home/airflow/.local/lib/python3.8/site-packages/airflow/example_dags/example_skip_dag.py
[2024-01-30T21:54:09.252+0000] {processor.py:830} INFO - Processing file /home/airflow/.local/lib/python3.8/site-packages/airflow/example_dags/example_skip_dag.py for tasks to queue
[2024-01-30T21:54:09.254+0000] {logging_mixin.py:188} INFO - [2024-01-30T21:54:09.254+0000] {dagbag.py:538} INFO - Filling up the DagBag from /home/airflow/.local/lib/python3.8/site-packages/airflow/example_dags/example_skip_dag.py
[2024-01-30T21:54:09.260+0000] {processor.py:840} INFO - DAG(s) 'example_skip_dag' retrieved from /home/airflow/.local/lib/python3.8/site-packages/airflow/example_dags/example_skip_dag.py
[2024-01-30T21:54:09.283+0000] {logging_mixin.py:188} INFO - [2024-01-30T21:54:09.282+0000] {dag.py:3036} INFO - Sync 1 DAGs
[2024-01-30T21:54:09.305+0000] {logging_mixin.py:188} INFO - [2024-01-30T21:54:09.305+0000] {dag.py:3823} INFO - Setting next_dagrun for example_skip_dag to 2024-01-29 00:00:00+00:00, run_after=2024-01-30 00:00:00+00:00
[2024-01-30T21:54:09.331+0000] {processor.py:183} INFO - Processing /home/airflow/.local/lib/python3.8/site-packages/airflow/example_dags/example_skip_dag.py took 0.084 seconds
[2024-01-30T21:54:40.261+0000] {processor.py:161} INFO - Started process (PID=213) to work on /home/airflow/.local/lib/python3.8/site-packages/airflow/example_dags/example_skip_dag.py
[2024-01-30T21:54:40.263+0000] {processor.py:830} INFO - Processing file /home/airflow/.local/lib/python3.8/site-packages/airflow/example_dags/example_skip_dag.py for tasks to queue
[2024-01-30T21:54:40.265+0000] {logging_mixin.py:188} INFO - [2024-01-30T21:54:40.265+0000] {dagbag.py:538} INFO - Filling up the DagBag from /home/airflow/.local/lib/python3.8/site-packages/airflow/example_dags/example_skip_dag.py
[2024-01-30T21:54:40.273+0000] {processor.py:840} INFO - DAG(s) 'example_skip_dag' retrieved from /home/airflow/.local/lib/python3.8/site-packages/airflow/example_dags/example_skip_dag.py
[2024-01-30T21:54:40.299+0000] {logging_mixin.py:188} INFO - [2024-01-30T21:54:40.298+0000] {dag.py:3036} INFO - Sync 1 DAGs
[2024-01-30T21:54:40.324+0000] {logging_mixin.py:188} INFO - [2024-01-30T21:54:40.324+0000] {dag.py:3823} INFO - Setting next_dagrun for example_skip_dag to 2024-01-29 00:00:00+00:00, run_after=2024-01-30 00:00:00+00:00
[2024-01-30T21:54:40.352+0000] {processor.py:183} INFO - Processing /home/airflow/.local/lib/python3.8/site-packages/airflow/example_dags/example_skip_dag.py took 0.095 seconds
[2024-01-30T21:55:10.412+0000] {processor.py:161} INFO - Started process (PID=268) to work on /home/airflow/.local/lib/python3.8/site-packages/airflow/example_dags/example_skip_dag.py
[2024-01-30T21:55:10.413+0000] {processor.py:830} INFO - Processing file /home/airflow/.local/lib/python3.8/site-packages/airflow/example_dags/example_skip_dag.py for tasks to queue
[2024-01-30T21:55:10.415+0000] {logging_mixin.py:188} INFO - [2024-01-30T21:55:10.415+0000] {dagbag.py:538} INFO - Filling up the DagBag from /home/airflow/.local/lib/python3.8/site-packages/airflow/example_dags/example_skip_dag.py
[2024-01-30T21:55:10.422+0000] {processor.py:840} INFO - DAG(s) 'example_skip_dag' retrieved from /home/airflow/.local/lib/python3.8/site-packages/airflow/example_dags/example_skip_dag.py
[2024-01-30T21:55:10.445+0000] {logging_mixin.py:188} INFO - [2024-01-30T21:55:10.445+0000] {dag.py:3036} INFO - Sync 1 DAGs
[2024-01-30T21:55:10.469+0000] {logging_mixin.py:188} INFO - [2024-01-30T21:55:10.469+0000] {dag.py:3823} INFO - Setting next_dagrun for example_skip_dag to 2024-01-29 00:00:00+00:00, run_after=2024-01-30 00:00:00+00:00
[2024-01-30T21:55:10.497+0000] {processor.py:183} INFO - Processing /home/airflow/.local/lib/python3.8/site-packages/airflow/example_dags/example_skip_dag.py took 0.087 seconds
[2024-01-30T21:55:40.554+0000] {processor.py:161} INFO - Started process (PID=322) to work on /home/airflow/.local/lib/python3.8/site-packages/airflow/example_dags/example_skip_dag.py
[2024-01-30T21:55:40.556+0000] {processor.py:830} INFO - Processing file /home/airflow/.local/lib/python3.8/site-packages/airflow/example_dags/example_skip_dag.py for tasks to queue
[2024-01-30T21:55:40.558+0000] {logging_mixin.py:188} INFO - [2024-01-30T21:55:40.557+0000] {dagbag.py:538} INFO - Filling up the DagBag from /home/airflow/.local/lib/python3.8/site-packages/airflow/example_dags/example_skip_dag.py
[2024-01-30T21:55:40.565+0000] {processor.py:840} INFO - DAG(s) 'example_skip_dag' retrieved from /home/airflow/.local/lib/python3.8/site-packages/airflow/example_dags/example_skip_dag.py
[2024-01-30T21:55:40.590+0000] {logging_mixin.py:188} INFO - [2024-01-30T21:55:40.590+0000] {dag.py:3036} INFO - Sync 1 DAGs
[2024-01-30T21:55:40.615+0000] {logging_mixin.py:188} INFO - [2024-01-30T21:55:40.615+0000] {dag.py:3823} INFO - Setting next_dagrun for example_skip_dag to 2024-01-29 00:00:00+00:00, run_after=2024-01-30 00:00:00+00:00
[2024-01-30T21:55:40.642+0000] {processor.py:183} INFO - Processing /home/airflow/.local/lib/python3.8/site-packages/airflow/example_dags/example_skip_dag.py took 0.091 seconds
[2024-01-30T21:56:11.303+0000] {processor.py:161} INFO - Started process (PID=375) to work on /home/airflow/.local/lib/python3.8/site-packages/airflow/example_dags/example_skip_dag.py
[2024-01-30T21:56:11.304+0000] {processor.py:830} INFO - Processing file /home/airflow/.local/lib/python3.8/site-packages/airflow/example_dags/example_skip_dag.py for tasks to queue
[2024-01-30T21:56:11.306+0000] {logging_mixin.py:188} INFO - [2024-01-30T21:56:11.306+0000] {dagbag.py:538} INFO - Filling up the DagBag from /home/airflow/.local/lib/python3.8/site-packages/airflow/example_dags/example_skip_dag.py
[2024-01-30T21:56:11.314+0000] {processor.py:840} INFO - DAG(s) 'example_skip_dag' retrieved from /home/airflow/.local/lib/python3.8/site-packages/airflow/example_dags/example_skip_dag.py
[2024-01-30T21:56:11.340+0000] {logging_mixin.py:188} INFO - [2024-01-30T21:56:11.340+0000] {dag.py:3036} INFO - Sync 1 DAGs
[2024-01-30T21:56:11.371+0000] {logging_mixin.py:188} INFO - [2024-01-30T21:56:11.371+0000] {dag.py:3823} INFO - Setting next_dagrun for example_skip_dag to 2024-01-29 00:00:00+00:00, run_after=2024-01-30 00:00:00+00:00
[2024-01-30T21:56:11.402+0000] {processor.py:183} INFO - Processing /home/airflow/.local/lib/python3.8/site-packages/airflow/example_dags/example_skip_dag.py took 0.102 seconds
[2024-01-30T21:56:41.646+0000] {processor.py:161} INFO - Started process (PID=430) to work on /home/airflow/.local/lib/python3.8/site-packages/airflow/example_dags/example_skip_dag.py
[2024-01-30T21:56:41.647+0000] {processor.py:830} INFO - Processing file /home/airflow/.local/lib/python3.8/site-packages/airflow/example_dags/example_skip_dag.py for tasks to queue
[2024-01-30T21:56:41.650+0000] {logging_mixin.py:188} INFO - [2024-01-30T21:56:41.649+0000] {dagbag.py:538} INFO - Filling up the DagBag from /home/airflow/.local/lib/python3.8/site-packages/airflow/example_dags/example_skip_dag.py
[2024-01-30T21:56:41.656+0000] {processor.py:840} INFO - DAG(s) 'example_skip_dag' retrieved from /home/airflow/.local/lib/python3.8/site-packages/airflow/example_dags/example_skip_dag.py
[2024-01-30T21:56:41.684+0000] {logging_mixin.py:188} INFO - [2024-01-30T21:56:41.683+0000] {dag.py:3036} INFO - Sync 1 DAGs
[2024-01-30T21:56:41.711+0000] {logging_mixin.py:188} INFO - [2024-01-30T21:56:41.711+0000] {dag.py:3823} INFO - Setting next_dagrun for example_skip_dag to 2024-01-29 00:00:00+00:00, run_after=2024-01-30 00:00:00+00:00
[2024-01-30T21:56:41.738+0000] {processor.py:183} INFO - Processing /home/airflow/.local/lib/python3.8/site-packages/airflow/example_dags/example_skip_dag.py took 0.095 seconds
[2024-01-30T21:57:12.563+0000] {processor.py:161} INFO - Started process (PID=485) to work on /home/airflow/.local/lib/python3.8/site-packages/airflow/example_dags/example_skip_dag.py
[2024-01-30T21:57:12.565+0000] {processor.py:830} INFO - Processing file /home/airflow/.local/lib/python3.8/site-packages/airflow/example_dags/example_skip_dag.py for tasks to queue
[2024-01-30T21:57:12.568+0000] {logging_mixin.py:188} INFO - [2024-01-30T21:57:12.567+0000] {dagbag.py:538} INFO - Filling up the DagBag from /home/airflow/.local/lib/python3.8/site-packages/airflow/example_dags/example_skip_dag.py
[2024-01-30T21:57:12.577+0000] {processor.py:840} INFO - DAG(s) 'example_skip_dag' retrieved from /home/airflow/.local/lib/python3.8/site-packages/airflow/example_dags/example_skip_dag.py
[2024-01-30T21:57:12.606+0000] {logging_mixin.py:188} INFO - [2024-01-30T21:57:12.605+0000] {dag.py:3036} INFO - Sync 1 DAGs
[2024-01-30T21:57:12.631+0000] {logging_mixin.py:188} INFO - [2024-01-30T21:57:12.631+0000] {dag.py:3823} INFO - Setting next_dagrun for example_skip_dag to 2024-01-29 00:00:00+00:00, run_after=2024-01-30 00:00:00+00:00
[2024-01-30T21:57:12.660+0000] {processor.py:183} INFO - Processing /home/airflow/.local/lib/python3.8/site-packages/airflow/example_dags/example_skip_dag.py took 0.100 seconds
[2024-01-30T21:57:42.890+0000] {processor.py:161} INFO - Started process (PID=540) to work on /home/airflow/.local/lib/python3.8/site-packages/airflow/example_dags/example_skip_dag.py
[2024-01-30T21:57:42.891+0000] {processor.py:830} INFO - Processing file /home/airflow/.local/lib/python3.8/site-packages/airflow/example_dags/example_skip_dag.py for tasks to queue
[2024-01-30T21:57:42.893+0000] {logging_mixin.py:188} INFO - [2024-01-30T21:57:42.893+0000] {dagbag.py:538} INFO - Filling up the DagBag from /home/airflow/.local/lib/python3.8/site-packages/airflow/example_dags/example_skip_dag.py
[2024-01-30T21:57:42.899+0000] {processor.py:840} INFO - DAG(s) 'example_skip_dag' retrieved from /home/airflow/.local/lib/python3.8/site-packages/airflow/example_dags/example_skip_dag.py
[2024-01-30T21:57:42.921+0000] {logging_mixin.py:188} INFO - [2024-01-30T21:57:42.921+0000] {dag.py:3036} INFO - Sync 1 DAGs
[2024-01-30T21:57:42.943+0000] {logging_mixin.py:188} INFO - [2024-01-30T21:57:42.943+0000] {dag.py:3823} INFO - Setting next_dagrun for example_skip_dag to 2024-01-29 00:00:00+00:00, run_after=2024-01-30 00:00:00+00:00
[2024-01-30T21:57:42.969+0000] {processor.py:183} INFO - Processing /home/airflow/.local/lib/python3.8/site-packages/airflow/example_dags/example_skip_dag.py took 0.082 seconds
[2024-01-30T21:58:13.842+0000] {processor.py:161} INFO - Started process (PID=596) to work on /home/airflow/.local/lib/python3.8/site-packages/airflow/example_dags/example_skip_dag.py
[2024-01-30T21:58:13.843+0000] {processor.py:830} INFO - Processing file /home/airflow/.local/lib/python3.8/site-packages/airflow/example_dags/example_skip_dag.py for tasks to queue
[2024-01-30T21:58:13.845+0000] {logging_mixin.py:188} INFO - [2024-01-30T21:58:13.844+0000] {dagbag.py:538} INFO - Filling up the DagBag from /home/airflow/.local/lib/python3.8/site-packages/airflow/example_dags/example_skip_dag.py
[2024-01-30T21:58:13.853+0000] {processor.py:840} INFO - DAG(s) 'example_skip_dag' retrieved from /home/airflow/.local/lib/python3.8/site-packages/airflow/example_dags/example_skip_dag.py
[2024-01-30T21:58:13.878+0000] {logging_mixin.py:188} INFO - [2024-01-30T21:58:13.877+0000] {dag.py:3036} INFO - Sync 1 DAGs
[2024-01-30T21:58:13.899+0000] {logging_mixin.py:188} INFO - [2024-01-30T21:58:13.899+0000] {dag.py:3823} INFO - Setting next_dagrun for example_skip_dag to 2024-01-29 00:00:00+00:00, run_after=2024-01-30 00:00:00+00:00
[2024-01-30T21:58:13.922+0000] {processor.py:183} INFO - Processing /home/airflow/.local/lib/python3.8/site-packages/airflow/example_dags/example_skip_dag.py took 0.083 seconds
[2024-01-30T21:58:44.780+0000] {processor.py:161} INFO - Started process (PID=659) to work on /home/airflow/.local/lib/python3.8/site-packages/airflow/example_dags/example_skip_dag.py
[2024-01-30T21:58:44.781+0000] {processor.py:830} INFO - Processing file /home/airflow/.local/lib/python3.8/site-packages/airflow/example_dags/example_skip_dag.py for tasks to queue
[2024-01-30T21:58:44.783+0000] {logging_mixin.py:188} INFO - [2024-01-30T21:58:44.783+0000] {dagbag.py:538} INFO - Filling up the DagBag from /home/airflow/.local/lib/python3.8/site-packages/airflow/example_dags/example_skip_dag.py
[2024-01-30T21:58:44.803+0000] {processor.py:840} INFO - DAG(s) 'example_skip_dag' retrieved from /home/airflow/.local/lib/python3.8/site-packages/airflow/example_dags/example_skip_dag.py
[2024-01-30T21:58:44.903+0000] {logging_mixin.py:188} INFO - [2024-01-30T21:58:44.902+0000] {dag.py:3036} INFO - Sync 1 DAGs
[2024-01-30T21:58:44.995+0000] {logging_mixin.py:188} INFO - [2024-01-30T21:58:44.995+0000] {dag.py:3823} INFO - Setting next_dagrun for example_skip_dag to 2024-01-29 00:00:00+00:00, run_after=2024-01-30 00:00:00+00:00
[2024-01-30T21:58:45.067+0000] {processor.py:183} INFO - Processing /home/airflow/.local/lib/python3.8/site-packages/airflow/example_dags/example_skip_dag.py took 0.290 seconds
[2024-01-30T21:59:15.973+0000] {processor.py:161} INFO - Started process (PID=718) to work on /home/airflow/.local/lib/python3.8/site-packages/airflow/example_dags/example_skip_dag.py
[2024-01-30T21:59:15.975+0000] {processor.py:830} INFO - Processing file /home/airflow/.local/lib/python3.8/site-packages/airflow/example_dags/example_skip_dag.py for tasks to queue
[2024-01-30T21:59:15.977+0000] {logging_mixin.py:188} INFO - [2024-01-30T21:59:15.976+0000] {dagbag.py:538} INFO - Filling up the DagBag from /home/airflow/.local/lib/python3.8/site-packages/airflow/example_dags/example_skip_dag.py
[2024-01-30T21:59:15.986+0000] {processor.py:840} INFO - DAG(s) 'example_skip_dag' retrieved from /home/airflow/.local/lib/python3.8/site-packages/airflow/example_dags/example_skip_dag.py
[2024-01-30T21:59:16.031+0000] {logging_mixin.py:188} INFO - [2024-01-30T21:59:16.030+0000] {dag.py:3036} INFO - Sync 1 DAGs
[2024-01-30T21:59:16.061+0000] {logging_mixin.py:188} INFO - [2024-01-30T21:59:16.061+0000] {dag.py:3823} INFO - Setting next_dagrun for example_skip_dag to 2024-01-29 00:00:00+00:00, run_after=2024-01-30 00:00:00+00:00
[2024-01-30T21:59:16.125+0000] {processor.py:183} INFO - Processing /home/airflow/.local/lib/python3.8/site-packages/airflow/example_dags/example_skip_dag.py took 0.156 seconds
[2024-01-30T21:59:47.094+0000] {processor.py:161} INFO - Started process (PID=777) to work on /home/airflow/.local/lib/python3.8/site-packages/airflow/example_dags/example_skip_dag.py
[2024-01-30T21:59:47.095+0000] {processor.py:830} INFO - Processing file /home/airflow/.local/lib/python3.8/site-packages/airflow/example_dags/example_skip_dag.py for tasks to queue
[2024-01-30T21:59:47.097+0000] {logging_mixin.py:188} INFO - [2024-01-30T21:59:47.097+0000] {dagbag.py:538} INFO - Filling up the DagBag from /home/airflow/.local/lib/python3.8/site-packages/airflow/example_dags/example_skip_dag.py
[2024-01-30T21:59:47.105+0000] {processor.py:840} INFO - DAG(s) 'example_skip_dag' retrieved from /home/airflow/.local/lib/python3.8/site-packages/airflow/example_dags/example_skip_dag.py
[2024-01-30T21:59:47.130+0000] {logging_mixin.py:188} INFO - [2024-01-30T21:59:47.129+0000] {dag.py:3036} INFO - Sync 1 DAGs
[2024-01-30T21:59:47.154+0000] {logging_mixin.py:188} INFO - [2024-01-30T21:59:47.153+0000] {dag.py:3823} INFO - Setting next_dagrun for example_skip_dag to 2024-01-29 00:00:00+00:00, run_after=2024-01-30 00:00:00+00:00
[2024-01-30T21:59:47.214+0000] {processor.py:183} INFO - Processing /home/airflow/.local/lib/python3.8/site-packages/airflow/example_dags/example_skip_dag.py took 0.123 seconds
[2024-01-30T22:00:17.629+0000] {processor.py:161} INFO - Started process (PID=841) to work on /home/airflow/.local/lib/python3.8/site-packages/airflow/example_dags/example_skip_dag.py
[2024-01-30T22:00:17.630+0000] {processor.py:830} INFO - Processing file /home/airflow/.local/lib/python3.8/site-packages/airflow/example_dags/example_skip_dag.py for tasks to queue
[2024-01-30T22:00:17.631+0000] {logging_mixin.py:188} INFO - [2024-01-30T22:00:17.631+0000] {dagbag.py:538} INFO - Filling up the DagBag from /home/airflow/.local/lib/python3.8/site-packages/airflow/example_dags/example_skip_dag.py
[2024-01-30T22:00:17.638+0000] {processor.py:840} INFO - DAG(s) 'example_skip_dag' retrieved from /home/airflow/.local/lib/python3.8/site-packages/airflow/example_dags/example_skip_dag.py
[2024-01-30T22:00:17.665+0000] {logging_mixin.py:188} INFO - [2024-01-30T22:00:17.664+0000] {dag.py:3036} INFO - Sync 1 DAGs
[2024-01-30T22:00:17.688+0000] {logging_mixin.py:188} INFO - [2024-01-30T22:00:17.688+0000] {dag.py:3823} INFO - Setting next_dagrun for example_skip_dag to 2024-01-29 00:00:00+00:00, run_after=2024-01-30 00:00:00+00:00
[2024-01-30T22:00:17.724+0000] {processor.py:183} INFO - Processing /home/airflow/.local/lib/python3.8/site-packages/airflow/example_dags/example_skip_dag.py took 0.098 seconds
[2024-01-30T22:00:48.528+0000] {processor.py:161} INFO - Started process (PID=899) to work on /home/airflow/.local/lib/python3.8/site-packages/airflow/example_dags/example_skip_dag.py
[2024-01-30T22:00:48.530+0000] {processor.py:830} INFO - Processing file /home/airflow/.local/lib/python3.8/site-packages/airflow/example_dags/example_skip_dag.py for tasks to queue
[2024-01-30T22:00:48.531+0000] {logging_mixin.py:188} INFO - [2024-01-30T22:00:48.531+0000] {dagbag.py:538} INFO - Filling up the DagBag from /home/airflow/.local/lib/python3.8/site-packages/airflow/example_dags/example_skip_dag.py
[2024-01-30T22:00:48.539+0000] {processor.py:840} INFO - DAG(s) 'example_skip_dag' retrieved from /home/airflow/.local/lib/python3.8/site-packages/airflow/example_dags/example_skip_dag.py
[2024-01-30T22:00:48.565+0000] {logging_mixin.py:188} INFO - [2024-01-30T22:00:48.564+0000] {dag.py:3036} INFO - Sync 1 DAGs
[2024-01-30T22:00:48.589+0000] {logging_mixin.py:188} INFO - [2024-01-30T22:00:48.589+0000] {dag.py:3823} INFO - Setting next_dagrun for example_skip_dag to 2024-01-29 00:00:00+00:00, run_after=2024-01-30 00:00:00+00:00
[2024-01-30T22:00:48.615+0000] {processor.py:183} INFO - Processing /home/airflow/.local/lib/python3.8/site-packages/airflow/example_dags/example_skip_dag.py took 0.090 seconds
[2024-01-30T22:01:18.732+0000] {processor.py:161} INFO - Started process (PID=955) to work on /home/airflow/.local/lib/python3.8/site-packages/airflow/example_dags/example_skip_dag.py
[2024-01-30T22:01:18.733+0000] {processor.py:830} INFO - Processing file /home/airflow/.local/lib/python3.8/site-packages/airflow/example_dags/example_skip_dag.py for tasks to queue
[2024-01-30T22:01:18.734+0000] {logging_mixin.py:188} INFO - [2024-01-30T22:01:18.734+0000] {dagbag.py:538} INFO - Filling up the DagBag from /home/airflow/.local/lib/python3.8/site-packages/airflow/example_dags/example_skip_dag.py
[2024-01-30T22:01:18.742+0000] {processor.py:840} INFO - DAG(s) 'example_skip_dag' retrieved from /home/airflow/.local/lib/python3.8/site-packages/airflow/example_dags/example_skip_dag.py
[2024-01-30T22:01:18.771+0000] {logging_mixin.py:188} INFO - [2024-01-30T22:01:18.771+0000] {dag.py:3036} INFO - Sync 1 DAGs
[2024-01-30T22:01:18.804+0000] {logging_mixin.py:188} INFO - [2024-01-30T22:01:18.804+0000] {dag.py:3823} INFO - Setting next_dagrun for example_skip_dag to 2024-01-29 00:00:00+00:00, run_after=2024-01-30 00:00:00+00:00
[2024-01-30T22:01:18.872+0000] {processor.py:183} INFO - Processing /home/airflow/.local/lib/python3.8/site-packages/airflow/example_dags/example_skip_dag.py took 0.142 seconds
[2024-01-30T22:01:48.997+0000] {processor.py:161} INFO - Started process (PID=1012) to work on /home/airflow/.local/lib/python3.8/site-packages/airflow/example_dags/example_skip_dag.py
[2024-01-30T22:01:48.998+0000] {processor.py:830} INFO - Processing file /home/airflow/.local/lib/python3.8/site-packages/airflow/example_dags/example_skip_dag.py for tasks to queue
[2024-01-30T22:01:48.999+0000] {logging_mixin.py:188} INFO - [2024-01-30T22:01:48.998+0000] {dagbag.py:538} INFO - Filling up the DagBag from /home/airflow/.local/lib/python3.8/site-packages/airflow/example_dags/example_skip_dag.py
[2024-01-30T22:01:49.006+0000] {processor.py:840} INFO - DAG(s) 'example_skip_dag' retrieved from /home/airflow/.local/lib/python3.8/site-packages/airflow/example_dags/example_skip_dag.py
[2024-01-30T22:01:49.031+0000] {logging_mixin.py:188} INFO - [2024-01-30T22:01:49.030+0000] {dag.py:3036} INFO - Sync 1 DAGs
[2024-01-30T22:01:49.056+0000] {logging_mixin.py:188} INFO - [2024-01-30T22:01:49.056+0000] {dag.py:3823} INFO - Setting next_dagrun for example_skip_dag to 2024-01-29 00:00:00+00:00, run_after=2024-01-30 00:00:00+00:00
[2024-01-30T22:01:49.178+0000] {processor.py:183} INFO - Processing /home/airflow/.local/lib/python3.8/site-packages/airflow/example_dags/example_skip_dag.py took 0.184 seconds
[2024-01-30T22:02:19.719+0000] {processor.py:161} INFO - Started process (PID=1069) to work on /home/airflow/.local/lib/python3.8/site-packages/airflow/example_dags/example_skip_dag.py
[2024-01-30T22:02:19.720+0000] {processor.py:830} INFO - Processing file /home/airflow/.local/lib/python3.8/site-packages/airflow/example_dags/example_skip_dag.py for tasks to queue
[2024-01-30T22:02:19.722+0000] {logging_mixin.py:188} INFO - [2024-01-30T22:02:19.722+0000] {dagbag.py:538} INFO - Filling up the DagBag from /home/airflow/.local/lib/python3.8/site-packages/airflow/example_dags/example_skip_dag.py
[2024-01-30T22:02:19.729+0000] {processor.py:840} INFO - DAG(s) 'example_skip_dag' retrieved from /home/airflow/.local/lib/python3.8/site-packages/airflow/example_dags/example_skip_dag.py
[2024-01-30T22:02:19.752+0000] {logging_mixin.py:188} INFO - [2024-01-30T22:02:19.752+0000] {dag.py:3036} INFO - Sync 1 DAGs
[2024-01-30T22:02:19.776+0000] {logging_mixin.py:188} INFO - [2024-01-30T22:02:19.775+0000] {dag.py:3823} INFO - Setting next_dagrun for example_skip_dag to 2024-01-29 00:00:00+00:00, run_after=2024-01-30 00:00:00+00:00
[2024-01-30T22:02:19.803+0000] {processor.py:183} INFO - Processing /home/airflow/.local/lib/python3.8/site-packages/airflow/example_dags/example_skip_dag.py took 0.087 seconds
[2024-01-30T22:02:51.198+0000] {processor.py:161} INFO - Started process (PID=1118) to work on /home/airflow/.local/lib/python3.8/site-packages/airflow/example_dags/example_skip_dag.py
[2024-01-30T22:02:51.199+0000] {processor.py:830} INFO - Processing file /home/airflow/.local/lib/python3.8/site-packages/airflow/example_dags/example_skip_dag.py for tasks to queue
[2024-01-30T22:02:51.201+0000] {logging_mixin.py:188} INFO - [2024-01-30T22:02:51.201+0000] {dagbag.py:538} INFO - Filling up the DagBag from /home/airflow/.local/lib/python3.8/site-packages/airflow/example_dags/example_skip_dag.py
[2024-01-30T22:02:51.208+0000] {processor.py:840} INFO - DAG(s) 'example_skip_dag' retrieved from /home/airflow/.local/lib/python3.8/site-packages/airflow/example_dags/example_skip_dag.py
[2024-01-30T22:02:51.237+0000] {logging_mixin.py:188} INFO - [2024-01-30T22:02:51.237+0000] {dag.py:3036} INFO - Sync 1 DAGs
[2024-01-30T22:02:51.267+0000] {logging_mixin.py:188} INFO - [2024-01-30T22:02:51.267+0000] {dag.py:3823} INFO - Setting next_dagrun for example_skip_dag to 2024-01-29 00:00:00+00:00, run_after=2024-01-30 00:00:00+00:00
[2024-01-30T22:02:51.298+0000] {processor.py:183} INFO - Processing /home/airflow/.local/lib/python3.8/site-packages/airflow/example_dags/example_skip_dag.py took 0.105 seconds
[2024-01-30T22:03:22.344+0000] {processor.py:161} INFO - Started process (PID=1170) to work on /home/airflow/.local/lib/python3.8/site-packages/airflow/example_dags/example_skip_dag.py
[2024-01-30T22:03:22.345+0000] {processor.py:830} INFO - Processing file /home/airflow/.local/lib/python3.8/site-packages/airflow/example_dags/example_skip_dag.py for tasks to queue
[2024-01-30T22:03:22.347+0000] {logging_mixin.py:188} INFO - [2024-01-30T22:03:22.347+0000] {dagbag.py:538} INFO - Filling up the DagBag from /home/airflow/.local/lib/python3.8/site-packages/airflow/example_dags/example_skip_dag.py
[2024-01-30T22:03:22.357+0000] {processor.py:840} INFO - DAG(s) 'example_skip_dag' retrieved from /home/airflow/.local/lib/python3.8/site-packages/airflow/example_dags/example_skip_dag.py
[2024-01-30T22:03:22.398+0000] {logging_mixin.py:188} INFO - [2024-01-30T22:03:22.397+0000] {dag.py:3036} INFO - Sync 1 DAGs
[2024-01-30T22:03:22.442+0000] {logging_mixin.py:188} INFO - [2024-01-30T22:03:22.442+0000] {dag.py:3823} INFO - Setting next_dagrun for example_skip_dag to 2024-01-29 00:00:00+00:00, run_after=2024-01-30 00:00:00+00:00
[2024-01-30T22:03:22.486+0000] {processor.py:183} INFO - Processing /home/airflow/.local/lib/python3.8/site-packages/airflow/example_dags/example_skip_dag.py took 0.145 seconds
[2024-01-30T22:03:52.611+0000] {processor.py:161} INFO - Started process (PID=1231) to work on /home/airflow/.local/lib/python3.8/site-packages/airflow/example_dags/example_skip_dag.py
[2024-01-30T22:03:52.613+0000] {processor.py:830} INFO - Processing file /home/airflow/.local/lib/python3.8/site-packages/airflow/example_dags/example_skip_dag.py for tasks to queue
[2024-01-30T22:03:52.614+0000] {logging_mixin.py:188} INFO - [2024-01-30T22:03:52.614+0000] {dagbag.py:538} INFO - Filling up the DagBag from /home/airflow/.local/lib/python3.8/site-packages/airflow/example_dags/example_skip_dag.py
[2024-01-30T22:03:52.622+0000] {processor.py:840} INFO - DAG(s) 'example_skip_dag' retrieved from /home/airflow/.local/lib/python3.8/site-packages/airflow/example_dags/example_skip_dag.py
[2024-01-30T22:03:52.648+0000] {logging_mixin.py:188} INFO - [2024-01-30T22:03:52.648+0000] {dag.py:3036} INFO - Sync 1 DAGs
[2024-01-30T22:03:52.680+0000] {logging_mixin.py:188} INFO - [2024-01-30T22:03:52.680+0000] {dag.py:3823} INFO - Setting next_dagrun for example_skip_dag to 2024-01-29 00:00:00+00:00, run_after=2024-01-30 00:00:00+00:00
[2024-01-30T22:03:52.714+0000] {processor.py:183} INFO - Processing /home/airflow/.local/lib/python3.8/site-packages/airflow/example_dags/example_skip_dag.py took 0.105 seconds
[2024-01-30T22:04:22.799+0000] {processor.py:161} INFO - Started process (PID=1288) to work on /home/airflow/.local/lib/python3.8/site-packages/airflow/example_dags/example_skip_dag.py
[2024-01-30T22:04:22.802+0000] {processor.py:830} INFO - Processing file /home/airflow/.local/lib/python3.8/site-packages/airflow/example_dags/example_skip_dag.py for tasks to queue
[2024-01-30T22:04:22.805+0000] {logging_mixin.py:188} INFO - [2024-01-30T22:04:22.804+0000] {dagbag.py:538} INFO - Filling up the DagBag from /home/airflow/.local/lib/python3.8/site-packages/airflow/example_dags/example_skip_dag.py
[2024-01-30T22:04:22.814+0000] {processor.py:840} INFO - DAG(s) 'example_skip_dag' retrieved from /home/airflow/.local/lib/python3.8/site-packages/airflow/example_dags/example_skip_dag.py
[2024-01-30T22:04:22.851+0000] {logging_mixin.py:188} INFO - [2024-01-30T22:04:22.850+0000] {dag.py:3036} INFO - Sync 1 DAGs
[2024-01-30T22:04:22.886+0000] {logging_mixin.py:188} INFO - [2024-01-30T22:04:22.885+0000] {dag.py:3823} INFO - Setting next_dagrun for example_skip_dag to 2024-01-29 00:00:00+00:00, run_after=2024-01-30 00:00:00+00:00
[2024-01-30T22:04:22.923+0000] {processor.py:183} INFO - Processing /home/airflow/.local/lib/python3.8/site-packages/airflow/example_dags/example_skip_dag.py took 0.127 seconds
[2024-01-30T22:04:53.865+0000] {processor.py:161} INFO - Started process (PID=1345) to work on /home/airflow/.local/lib/python3.8/site-packages/airflow/example_dags/example_skip_dag.py
[2024-01-30T22:04:53.867+0000] {processor.py:830} INFO - Processing file /home/airflow/.local/lib/python3.8/site-packages/airflow/example_dags/example_skip_dag.py for tasks to queue
[2024-01-30T22:04:53.868+0000] {logging_mixin.py:188} INFO - [2024-01-30T22:04:53.868+0000] {dagbag.py:538} INFO - Filling up the DagBag from /home/airflow/.local/lib/python3.8/site-packages/airflow/example_dags/example_skip_dag.py
[2024-01-30T22:04:53.875+0000] {processor.py:840} INFO - DAG(s) 'example_skip_dag' retrieved from /home/airflow/.local/lib/python3.8/site-packages/airflow/example_dags/example_skip_dag.py
[2024-01-30T22:04:53.897+0000] {logging_mixin.py:188} INFO - [2024-01-30T22:04:53.897+0000] {dag.py:3036} INFO - Sync 1 DAGs
[2024-01-30T22:04:53.921+0000] {logging_mixin.py:188} INFO - [2024-01-30T22:04:53.921+0000] {dag.py:3823} INFO - Setting next_dagrun for example_skip_dag to 2024-01-29 00:00:00+00:00, run_after=2024-01-30 00:00:00+00:00
[2024-01-30T22:04:53.946+0000] {processor.py:183} INFO - Processing /home/airflow/.local/lib/python3.8/site-packages/airflow/example_dags/example_skip_dag.py took 0.084 seconds
[2024-01-30T22:05:24.549+0000] {processor.py:161} INFO - Started process (PID=1402) to work on /home/airflow/.local/lib/python3.8/site-packages/airflow/example_dags/example_skip_dag.py
[2024-01-30T22:05:24.551+0000] {processor.py:830} INFO - Processing file /home/airflow/.local/lib/python3.8/site-packages/airflow/example_dags/example_skip_dag.py for tasks to queue
[2024-01-30T22:05:24.554+0000] {logging_mixin.py:188} INFO - [2024-01-30T22:05:24.553+0000] {dagbag.py:538} INFO - Filling up the DagBag from /home/airflow/.local/lib/python3.8/site-packages/airflow/example_dags/example_skip_dag.py
[2024-01-30T22:05:24.563+0000] {processor.py:840} INFO - DAG(s) 'example_skip_dag' retrieved from /home/airflow/.local/lib/python3.8/site-packages/airflow/example_dags/example_skip_dag.py
[2024-01-30T22:05:24.593+0000] {logging_mixin.py:188} INFO - [2024-01-30T22:05:24.593+0000] {dag.py:3036} INFO - Sync 1 DAGs
[2024-01-30T22:05:24.626+0000] {logging_mixin.py:188} INFO - [2024-01-30T22:05:24.626+0000] {dag.py:3823} INFO - Setting next_dagrun for example_skip_dag to 2024-01-29 00:00:00+00:00, run_after=2024-01-30 00:00:00+00:00
[2024-01-30T22:05:24.657+0000] {processor.py:183} INFO - Processing /home/airflow/.local/lib/python3.8/site-packages/airflow/example_dags/example_skip_dag.py took 0.112 seconds
[2024-01-30T22:06:02.535+0000] {processor.py:161} INFO - Started process (PID=1458) to work on /home/airflow/.local/lib/python3.8/site-packages/airflow/example_dags/example_skip_dag.py
[2024-01-30T22:06:02.537+0000] {processor.py:830} INFO - Processing file /home/airflow/.local/lib/python3.8/site-packages/airflow/example_dags/example_skip_dag.py for tasks to queue
[2024-01-30T22:06:02.538+0000] {logging_mixin.py:188} INFO - [2024-01-30T22:06:02.538+0000] {dagbag.py:538} INFO - Filling up the DagBag from /home/airflow/.local/lib/python3.8/site-packages/airflow/example_dags/example_skip_dag.py
[2024-01-30T22:06:02.551+0000] {processor.py:840} INFO - DAG(s) 'example_skip_dag' retrieved from /home/airflow/.local/lib/python3.8/site-packages/airflow/example_dags/example_skip_dag.py
[2024-01-30T22:06:02.581+0000] {logging_mixin.py:188} INFO - [2024-01-30T22:06:02.581+0000] {dag.py:3036} INFO - Sync 1 DAGs
[2024-01-30T22:06:02.615+0000] {logging_mixin.py:188} INFO - [2024-01-30T22:06:02.614+0000] {dag.py:3823} INFO - Setting next_dagrun for example_skip_dag to 2024-01-29 00:00:00+00:00, run_after=2024-01-30 00:00:00+00:00
[2024-01-30T22:06:02.655+0000] {processor.py:183} INFO - Processing /home/airflow/.local/lib/python3.8/site-packages/airflow/example_dags/example_skip_dag.py took 0.123 seconds
[2024-01-30T22:06:33.856+0000] {processor.py:161} INFO - Started process (PID=1515) to work on /home/airflow/.local/lib/python3.8/site-packages/airflow/example_dags/example_skip_dag.py
[2024-01-30T22:06:33.857+0000] {processor.py:830} INFO - Processing file /home/airflow/.local/lib/python3.8/site-packages/airflow/example_dags/example_skip_dag.py for tasks to queue
[2024-01-30T22:06:33.859+0000] {logging_mixin.py:188} INFO - [2024-01-30T22:06:33.859+0000] {dagbag.py:538} INFO - Filling up the DagBag from /home/airflow/.local/lib/python3.8/site-packages/airflow/example_dags/example_skip_dag.py
[2024-01-30T22:06:33.867+0000] {processor.py:840} INFO - DAG(s) 'example_skip_dag' retrieved from /home/airflow/.local/lib/python3.8/site-packages/airflow/example_dags/example_skip_dag.py
[2024-01-30T22:06:33.893+0000] {logging_mixin.py:188} INFO - [2024-01-30T22:06:33.892+0000] {dag.py:3036} INFO - Sync 1 DAGs
[2024-01-30T22:06:33.918+0000] {logging_mixin.py:188} INFO - [2024-01-30T22:06:33.917+0000] {dag.py:3823} INFO - Setting next_dagrun for example_skip_dag to 2024-01-29 00:00:00+00:00, run_after=2024-01-30 00:00:00+00:00
[2024-01-30T22:06:33.944+0000] {processor.py:183} INFO - Processing /home/airflow/.local/lib/python3.8/site-packages/airflow/example_dags/example_skip_dag.py took 0.092 seconds
[2024-01-30T22:07:04.898+0000] {processor.py:161} INFO - Started process (PID=1572) to work on /home/airflow/.local/lib/python3.8/site-packages/airflow/example_dags/example_skip_dag.py
[2024-01-30T22:07:04.900+0000] {processor.py:830} INFO - Processing file /home/airflow/.local/lib/python3.8/site-packages/airflow/example_dags/example_skip_dag.py for tasks to queue
[2024-01-30T22:07:04.904+0000] {logging_mixin.py:188} INFO - [2024-01-30T22:07:04.902+0000] {dagbag.py:538} INFO - Filling up the DagBag from /home/airflow/.local/lib/python3.8/site-packages/airflow/example_dags/example_skip_dag.py
[2024-01-30T22:07:04.913+0000] {processor.py:840} INFO - DAG(s) 'example_skip_dag' retrieved from /home/airflow/.local/lib/python3.8/site-packages/airflow/example_dags/example_skip_dag.py
[2024-01-30T22:07:04.949+0000] {logging_mixin.py:188} INFO - [2024-01-30T22:07:04.949+0000] {dag.py:3036} INFO - Sync 1 DAGs
[2024-01-30T22:07:04.987+0000] {logging_mixin.py:188} INFO - [2024-01-30T22:07:04.987+0000] {dag.py:3823} INFO - Setting next_dagrun for example_skip_dag to 2024-01-29 00:00:00+00:00, run_after=2024-01-30 00:00:00+00:00
[2024-01-30T22:07:05.019+0000] {processor.py:183} INFO - Processing /home/airflow/.local/lib/python3.8/site-packages/airflow/example_dags/example_skip_dag.py took 0.124 seconds
[2024-01-30T22:07:35.169+0000] {processor.py:161} INFO - Started process (PID=1629) to work on /home/airflow/.local/lib/python3.8/site-packages/airflow/example_dags/example_skip_dag.py
[2024-01-30T22:07:35.171+0000] {processor.py:830} INFO - Processing file /home/airflow/.local/lib/python3.8/site-packages/airflow/example_dags/example_skip_dag.py for tasks to queue
[2024-01-30T22:07:35.172+0000] {logging_mixin.py:188} INFO - [2024-01-30T22:07:35.172+0000] {dagbag.py:538} INFO - Filling up the DagBag from /home/airflow/.local/lib/python3.8/site-packages/airflow/example_dags/example_skip_dag.py
[2024-01-30T22:07:35.179+0000] {processor.py:840} INFO - DAG(s) 'example_skip_dag' retrieved from /home/airflow/.local/lib/python3.8/site-packages/airflow/example_dags/example_skip_dag.py
[2024-01-30T22:07:35.206+0000] {logging_mixin.py:188} INFO - [2024-01-30T22:07:35.206+0000] {dag.py:3036} INFO - Sync 1 DAGs
[2024-01-30T22:07:35.233+0000] {logging_mixin.py:188} INFO - [2024-01-30T22:07:35.233+0000] {dag.py:3823} INFO - Setting next_dagrun for example_skip_dag to 2024-01-29 00:00:00+00:00, run_after=2024-01-30 00:00:00+00:00
[2024-01-30T22:07:35.272+0000] {processor.py:183} INFO - Processing /home/airflow/.local/lib/python3.8/site-packages/airflow/example_dags/example_skip_dag.py took 0.106 seconds
[2024-01-30T22:08:05.473+0000] {processor.py:161} INFO - Started process (PID=1685) to work on /home/airflow/.local/lib/python3.8/site-packages/airflow/example_dags/example_skip_dag.py
[2024-01-30T22:08:05.475+0000] {processor.py:830} INFO - Processing file /home/airflow/.local/lib/python3.8/site-packages/airflow/example_dags/example_skip_dag.py for tasks to queue
[2024-01-30T22:08:05.477+0000] {logging_mixin.py:188} INFO - [2024-01-30T22:08:05.476+0000] {dagbag.py:538} INFO - Filling up the DagBag from /home/airflow/.local/lib/python3.8/site-packages/airflow/example_dags/example_skip_dag.py
[2024-01-30T22:08:05.486+0000] {processor.py:840} INFO - DAG(s) 'example_skip_dag' retrieved from /home/airflow/.local/lib/python3.8/site-packages/airflow/example_dags/example_skip_dag.py
[2024-01-30T22:08:05.516+0000] {logging_mixin.py:188} INFO - [2024-01-30T22:08:05.515+0000] {dag.py:3036} INFO - Sync 1 DAGs
[2024-01-30T22:08:05.555+0000] {logging_mixin.py:188} INFO - [2024-01-30T22:08:05.553+0000] {dag.py:3823} INFO - Setting next_dagrun for example_skip_dag to 2024-01-29 00:00:00+00:00, run_after=2024-01-30 00:00:00+00:00
[2024-01-30T22:08:05.590+0000] {processor.py:183} INFO - Processing /home/airflow/.local/lib/python3.8/site-packages/airflow/example_dags/example_skip_dag.py took 0.121 seconds
[2024-01-30T22:08:35.844+0000] {processor.py:161} INFO - Started process (PID=1742) to work on /home/airflow/.local/lib/python3.8/site-packages/airflow/example_dags/example_skip_dag.py
[2024-01-30T22:08:35.845+0000] {processor.py:830} INFO - Processing file /home/airflow/.local/lib/python3.8/site-packages/airflow/example_dags/example_skip_dag.py for tasks to queue
[2024-01-30T22:08:35.848+0000] {logging_mixin.py:188} INFO - [2024-01-30T22:08:35.847+0000] {dagbag.py:538} INFO - Filling up the DagBag from /home/airflow/.local/lib/python3.8/site-packages/airflow/example_dags/example_skip_dag.py
[2024-01-30T22:08:35.856+0000] {processor.py:840} INFO - DAG(s) 'example_skip_dag' retrieved from /home/airflow/.local/lib/python3.8/site-packages/airflow/example_dags/example_skip_dag.py
[2024-01-30T22:08:35.887+0000] {logging_mixin.py:188} INFO - [2024-01-30T22:08:35.887+0000] {dag.py:3036} INFO - Sync 1 DAGs
[2024-01-30T22:08:35.919+0000] {logging_mixin.py:188} INFO - [2024-01-30T22:08:35.919+0000] {dag.py:3823} INFO - Setting next_dagrun for example_skip_dag to 2024-01-29 00:00:00+00:00, run_after=2024-01-30 00:00:00+00:00
[2024-01-30T22:08:35.950+0000] {processor.py:183} INFO - Processing /home/airflow/.local/lib/python3.8/site-packages/airflow/example_dags/example_skip_dag.py took 0.110 seconds
[2024-01-30T22:09:06.133+0000] {processor.py:161} INFO - Started process (PID=1799) to work on /home/airflow/.local/lib/python3.8/site-packages/airflow/example_dags/example_skip_dag.py
[2024-01-30T22:09:06.134+0000] {processor.py:830} INFO - Processing file /home/airflow/.local/lib/python3.8/site-packages/airflow/example_dags/example_skip_dag.py for tasks to queue
[2024-01-30T22:09:06.136+0000] {logging_mixin.py:188} INFO - [2024-01-30T22:09:06.135+0000] {dagbag.py:538} INFO - Filling up the DagBag from /home/airflow/.local/lib/python3.8/site-packages/airflow/example_dags/example_skip_dag.py
[2024-01-30T22:09:06.144+0000] {processor.py:840} INFO - DAG(s) 'example_skip_dag' retrieved from /home/airflow/.local/lib/python3.8/site-packages/airflow/example_dags/example_skip_dag.py
[2024-01-30T22:09:06.159+0000] {logging_mixin.py:188} INFO - [2024-01-30T22:09:06.159+0000] {dag.py:3036} INFO - Sync 1 DAGs
[2024-01-30T22:09:06.186+0000] {logging_mixin.py:188} INFO - [2024-01-30T22:09:06.185+0000] {dag.py:3823} INFO - Setting next_dagrun for example_skip_dag to 2024-01-29 00:00:00+00:00, run_after=2024-01-30 00:00:00+00:00
[2024-01-30T22:09:06.218+0000] {processor.py:183} INFO - Processing /home/airflow/.local/lib/python3.8/site-packages/airflow/example_dags/example_skip_dag.py took 0.089 seconds
[2024-01-30T22:09:36.378+0000] {processor.py:161} INFO - Started process (PID=1856) to work on /home/airflow/.local/lib/python3.8/site-packages/airflow/example_dags/example_skip_dag.py
[2024-01-30T22:09:36.379+0000] {processor.py:830} INFO - Processing file /home/airflow/.local/lib/python3.8/site-packages/airflow/example_dags/example_skip_dag.py for tasks to queue
[2024-01-30T22:09:36.380+0000] {logging_mixin.py:188} INFO - [2024-01-30T22:09:36.380+0000] {dagbag.py:538} INFO - Filling up the DagBag from /home/airflow/.local/lib/python3.8/site-packages/airflow/example_dags/example_skip_dag.py
[2024-01-30T22:09:36.388+0000] {processor.py:840} INFO - DAG(s) 'example_skip_dag' retrieved from /home/airflow/.local/lib/python3.8/site-packages/airflow/example_dags/example_skip_dag.py
[2024-01-30T22:09:36.505+0000] {logging_mixin.py:188} INFO - [2024-01-30T22:09:36.504+0000] {dag.py:3036} INFO - Sync 1 DAGs
[2024-01-30T22:09:36.529+0000] {logging_mixin.py:188} INFO - [2024-01-30T22:09:36.529+0000] {dag.py:3823} INFO - Setting next_dagrun for example_skip_dag to 2024-01-29 00:00:00+00:00, run_after=2024-01-30 00:00:00+00:00
[2024-01-30T22:09:36.561+0000] {processor.py:183} INFO - Processing /home/airflow/.local/lib/python3.8/site-packages/airflow/example_dags/example_skip_dag.py took 0.186 seconds
[2024-01-30T22:10:07.079+0000] {processor.py:161} INFO - Started process (PID=1913) to work on /home/airflow/.local/lib/python3.8/site-packages/airflow/example_dags/example_skip_dag.py
[2024-01-30T22:10:07.080+0000] {processor.py:830} INFO - Processing file /home/airflow/.local/lib/python3.8/site-packages/airflow/example_dags/example_skip_dag.py for tasks to queue
[2024-01-30T22:10:07.082+0000] {logging_mixin.py:188} INFO - [2024-01-30T22:10:07.081+0000] {dagbag.py:538} INFO - Filling up the DagBag from /home/airflow/.local/lib/python3.8/site-packages/airflow/example_dags/example_skip_dag.py
[2024-01-30T22:10:07.088+0000] {processor.py:840} INFO - DAG(s) 'example_skip_dag' retrieved from /home/airflow/.local/lib/python3.8/site-packages/airflow/example_dags/example_skip_dag.py
[2024-01-30T22:10:07.113+0000] {logging_mixin.py:188} INFO - [2024-01-30T22:10:07.113+0000] {dag.py:3036} INFO - Sync 1 DAGs
[2024-01-30T22:10:07.146+0000] {logging_mixin.py:188} INFO - [2024-01-30T22:10:07.145+0000] {dag.py:3823} INFO - Setting next_dagrun for example_skip_dag to 2024-01-29 00:00:00+00:00, run_after=2024-01-30 00:00:00+00:00
[2024-01-30T22:10:07.182+0000] {processor.py:183} INFO - Processing /home/airflow/.local/lib/python3.8/site-packages/airflow/example_dags/example_skip_dag.py took 0.105 seconds
[2024-01-30T22:10:38.743+0000] {processor.py:161} INFO - Started process (PID=1970) to work on /home/airflow/.local/lib/python3.8/site-packages/airflow/example_dags/example_skip_dag.py
[2024-01-30T22:10:38.745+0000] {processor.py:830} INFO - Processing file /home/airflow/.local/lib/python3.8/site-packages/airflow/example_dags/example_skip_dag.py for tasks to queue
[2024-01-30T22:10:38.747+0000] {logging_mixin.py:188} INFO - [2024-01-30T22:10:38.746+0000] {dagbag.py:538} INFO - Filling up the DagBag from /home/airflow/.local/lib/python3.8/site-packages/airflow/example_dags/example_skip_dag.py
[2024-01-30T22:10:38.756+0000] {processor.py:840} INFO - DAG(s) 'example_skip_dag' retrieved from /home/airflow/.local/lib/python3.8/site-packages/airflow/example_dags/example_skip_dag.py
[2024-01-30T22:10:38.785+0000] {logging_mixin.py:188} INFO - [2024-01-30T22:10:38.784+0000] {dag.py:3036} INFO - Sync 1 DAGs
[2024-01-30T22:10:38.816+0000] {logging_mixin.py:188} INFO - [2024-01-30T22:10:38.815+0000] {dag.py:3823} INFO - Setting next_dagrun for example_skip_dag to 2024-01-29 00:00:00+00:00, run_after=2024-01-30 00:00:00+00:00
[2024-01-30T22:10:38.848+0000] {processor.py:183} INFO - Processing /home/airflow/.local/lib/python3.8/site-packages/airflow/example_dags/example_skip_dag.py took 0.108 seconds
[2024-01-30T22:11:09.061+0000] {processor.py:161} INFO - Started process (PID=2027) to work on /home/airflow/.local/lib/python3.8/site-packages/airflow/example_dags/example_skip_dag.py
[2024-01-30T22:11:09.062+0000] {processor.py:830} INFO - Processing file /home/airflow/.local/lib/python3.8/site-packages/airflow/example_dags/example_skip_dag.py for tasks to queue
[2024-01-30T22:11:09.064+0000] {logging_mixin.py:188} INFO - [2024-01-30T22:11:09.063+0000] {dagbag.py:538} INFO - Filling up the DagBag from /home/airflow/.local/lib/python3.8/site-packages/airflow/example_dags/example_skip_dag.py
[2024-01-30T22:11:09.070+0000] {processor.py:840} INFO - DAG(s) 'example_skip_dag' retrieved from /home/airflow/.local/lib/python3.8/site-packages/airflow/example_dags/example_skip_dag.py
[2024-01-30T22:11:09.097+0000] {logging_mixin.py:188} INFO - [2024-01-30T22:11:09.096+0000] {dag.py:3036} INFO - Sync 1 DAGs
[2024-01-30T22:11:09.124+0000] {logging_mixin.py:188} INFO - [2024-01-30T22:11:09.123+0000] {dag.py:3823} INFO - Setting next_dagrun for example_skip_dag to 2024-01-29 00:00:00+00:00, run_after=2024-01-30 00:00:00+00:00
[2024-01-30T22:11:09.152+0000] {processor.py:183} INFO - Processing /home/airflow/.local/lib/python3.8/site-packages/airflow/example_dags/example_skip_dag.py took 0.095 seconds
[2024-01-30T22:11:40.393+0000] {processor.py:161} INFO - Started process (PID=2084) to work on /home/airflow/.local/lib/python3.8/site-packages/airflow/example_dags/example_skip_dag.py
[2024-01-30T22:11:40.395+0000] {processor.py:830} INFO - Processing file /home/airflow/.local/lib/python3.8/site-packages/airflow/example_dags/example_skip_dag.py for tasks to queue
[2024-01-30T22:11:40.397+0000] {logging_mixin.py:188} INFO - [2024-01-30T22:11:40.396+0000] {dagbag.py:538} INFO - Filling up the DagBag from /home/airflow/.local/lib/python3.8/site-packages/airflow/example_dags/example_skip_dag.py
[2024-01-30T22:11:40.406+0000] {processor.py:840} INFO - DAG(s) 'example_skip_dag' retrieved from /home/airflow/.local/lib/python3.8/site-packages/airflow/example_dags/example_skip_dag.py
[2024-01-30T22:11:40.445+0000] {logging_mixin.py:188} INFO - [2024-01-30T22:11:40.445+0000] {dag.py:3036} INFO - Sync 1 DAGs
[2024-01-30T22:11:40.479+0000] {logging_mixin.py:188} INFO - [2024-01-30T22:11:40.478+0000] {dag.py:3823} INFO - Setting next_dagrun for example_skip_dag to 2024-01-29 00:00:00+00:00, run_after=2024-01-30 00:00:00+00:00
[2024-01-30T22:11:40.518+0000] {processor.py:183} INFO - Processing /home/airflow/.local/lib/python3.8/site-packages/airflow/example_dags/example_skip_dag.py took 0.130 seconds
[2024-01-30T22:12:11.528+0000] {processor.py:161} INFO - Started process (PID=2141) to work on /home/airflow/.local/lib/python3.8/site-packages/airflow/example_dags/example_skip_dag.py
[2024-01-30T22:12:11.530+0000] {processor.py:830} INFO - Processing file /home/airflow/.local/lib/python3.8/site-packages/airflow/example_dags/example_skip_dag.py for tasks to queue
[2024-01-30T22:12:11.532+0000] {logging_mixin.py:188} INFO - [2024-01-30T22:12:11.531+0000] {dagbag.py:538} INFO - Filling up the DagBag from /home/airflow/.local/lib/python3.8/site-packages/airflow/example_dags/example_skip_dag.py
[2024-01-30T22:12:11.540+0000] {processor.py:840} INFO - DAG(s) 'example_skip_dag' retrieved from /home/airflow/.local/lib/python3.8/site-packages/airflow/example_dags/example_skip_dag.py
[2024-01-30T22:12:11.570+0000] {logging_mixin.py:188} INFO - [2024-01-30T22:12:11.569+0000] {dag.py:3036} INFO - Sync 1 DAGs
[2024-01-30T22:12:11.598+0000] {logging_mixin.py:188} INFO - [2024-01-30T22:12:11.598+0000] {dag.py:3823} INFO - Setting next_dagrun for example_skip_dag to 2024-01-29 00:00:00+00:00, run_after=2024-01-30 00:00:00+00:00
[2024-01-30T22:12:11.635+0000] {processor.py:183} INFO - Processing /home/airflow/.local/lib/python3.8/site-packages/airflow/example_dags/example_skip_dag.py took 0.110 seconds
[2024-01-30T22:12:42.474+0000] {processor.py:161} INFO - Started process (PID=2198) to work on /home/airflow/.local/lib/python3.8/site-packages/airflow/example_dags/example_skip_dag.py
[2024-01-30T22:12:42.476+0000] {processor.py:830} INFO - Processing file /home/airflow/.local/lib/python3.8/site-packages/airflow/example_dags/example_skip_dag.py for tasks to queue
[2024-01-30T22:12:42.477+0000] {logging_mixin.py:188} INFO - [2024-01-30T22:12:42.477+0000] {dagbag.py:538} INFO - Filling up the DagBag from /home/airflow/.local/lib/python3.8/site-packages/airflow/example_dags/example_skip_dag.py
[2024-01-30T22:12:42.484+0000] {processor.py:840} INFO - DAG(s) 'example_skip_dag' retrieved from /home/airflow/.local/lib/python3.8/site-packages/airflow/example_dags/example_skip_dag.py
[2024-01-30T22:12:42.507+0000] {logging_mixin.py:188} INFO - [2024-01-30T22:12:42.507+0000] {dag.py:3036} INFO - Sync 1 DAGs
[2024-01-30T22:12:42.534+0000] {logging_mixin.py:188} INFO - [2024-01-30T22:12:42.534+0000] {dag.py:3823} INFO - Setting next_dagrun for example_skip_dag to 2024-01-29 00:00:00+00:00, run_after=2024-01-30 00:00:00+00:00
[2024-01-30T22:12:42.561+0000] {processor.py:183} INFO - Processing /home/airflow/.local/lib/python3.8/site-packages/airflow/example_dags/example_skip_dag.py took 0.089 seconds
[2024-01-30T22:13:12.630+0000] {processor.py:161} INFO - Started process (PID=2253) to work on /home/airflow/.local/lib/python3.8/site-packages/airflow/example_dags/example_skip_dag.py
[2024-01-30T22:13:12.632+0000] {processor.py:830} INFO - Processing file /home/airflow/.local/lib/python3.8/site-packages/airflow/example_dags/example_skip_dag.py for tasks to queue
[2024-01-30T22:13:12.633+0000] {logging_mixin.py:188} INFO - [2024-01-30T22:13:12.633+0000] {dagbag.py:538} INFO - Filling up the DagBag from /home/airflow/.local/lib/python3.8/site-packages/airflow/example_dags/example_skip_dag.py
[2024-01-30T22:13:12.639+0000] {processor.py:840} INFO - DAG(s) 'example_skip_dag' retrieved from /home/airflow/.local/lib/python3.8/site-packages/airflow/example_dags/example_skip_dag.py
[2024-01-30T22:13:12.670+0000] {logging_mixin.py:188} INFO - [2024-01-30T22:13:12.670+0000] {dag.py:3036} INFO - Sync 1 DAGs
[2024-01-30T22:13:12.702+0000] {logging_mixin.py:188} INFO - [2024-01-30T22:13:12.702+0000] {dag.py:3823} INFO - Setting next_dagrun for example_skip_dag to 2024-01-29 00:00:00+00:00, run_after=2024-01-30 00:00:00+00:00
[2024-01-30T22:13:12.734+0000] {processor.py:183} INFO - Processing /home/airflow/.local/lib/python3.8/site-packages/airflow/example_dags/example_skip_dag.py took 0.108 seconds
[2024-01-30T22:13:42.909+0000] {processor.py:161} INFO - Started process (PID=2310) to work on /home/airflow/.local/lib/python3.8/site-packages/airflow/example_dags/example_skip_dag.py
[2024-01-30T22:13:42.910+0000] {processor.py:830} INFO - Processing file /home/airflow/.local/lib/python3.8/site-packages/airflow/example_dags/example_skip_dag.py for tasks to queue
[2024-01-30T22:13:42.912+0000] {logging_mixin.py:188} INFO - [2024-01-30T22:13:42.912+0000] {dagbag.py:538} INFO - Filling up the DagBag from /home/airflow/.local/lib/python3.8/site-packages/airflow/example_dags/example_skip_dag.py
[2024-01-30T22:13:42.918+0000] {processor.py:840} INFO - DAG(s) 'example_skip_dag' retrieved from /home/airflow/.local/lib/python3.8/site-packages/airflow/example_dags/example_skip_dag.py
[2024-01-30T22:13:42.942+0000] {logging_mixin.py:188} INFO - [2024-01-30T22:13:42.941+0000] {dag.py:3036} INFO - Sync 1 DAGs
[2024-01-30T22:13:42.966+0000] {logging_mixin.py:188} INFO - [2024-01-30T22:13:42.966+0000] {dag.py:3823} INFO - Setting next_dagrun for example_skip_dag to 2024-01-29 00:00:00+00:00, run_after=2024-01-30 00:00:00+00:00
[2024-01-30T22:13:42.995+0000] {processor.py:183} INFO - Processing /home/airflow/.local/lib/python3.8/site-packages/airflow/example_dags/example_skip_dag.py took 0.089 seconds
[2024-01-30T22:14:19.063+0000] {processor.py:161} INFO - Started process (PID=2365) to work on /home/airflow/.local/lib/python3.8/site-packages/airflow/example_dags/example_skip_dag.py
[2024-01-30T22:14:19.064+0000] {processor.py:830} INFO - Processing file /home/airflow/.local/lib/python3.8/site-packages/airflow/example_dags/example_skip_dag.py for tasks to queue
[2024-01-30T22:14:19.066+0000] {logging_mixin.py:188} INFO - [2024-01-30T22:14:19.065+0000] {dagbag.py:538} INFO - Filling up the DagBag from /home/airflow/.local/lib/python3.8/site-packages/airflow/example_dags/example_skip_dag.py
[2024-01-30T22:14:19.072+0000] {processor.py:840} INFO - DAG(s) 'example_skip_dag' retrieved from /home/airflow/.local/lib/python3.8/site-packages/airflow/example_dags/example_skip_dag.py
[2024-01-30T22:14:19.097+0000] {logging_mixin.py:188} INFO - [2024-01-30T22:14:19.097+0000] {dag.py:3036} INFO - Sync 1 DAGs
[2024-01-30T22:14:19.128+0000] {logging_mixin.py:188} INFO - [2024-01-30T22:14:19.128+0000] {dag.py:3823} INFO - Setting next_dagrun for example_skip_dag to 2024-01-29 00:00:00+00:00, run_after=2024-01-30 00:00:00+00:00
[2024-01-30T22:14:19.154+0000] {processor.py:183} INFO - Processing /home/airflow/.local/lib/python3.8/site-packages/airflow/example_dags/example_skip_dag.py took 0.094 seconds
[2024-01-30T22:14:49.307+0000] {processor.py:161} INFO - Started process (PID=2423) to work on /home/airflow/.local/lib/python3.8/site-packages/airflow/example_dags/example_skip_dag.py
[2024-01-30T22:14:49.308+0000] {processor.py:830} INFO - Processing file /home/airflow/.local/lib/python3.8/site-packages/airflow/example_dags/example_skip_dag.py for tasks to queue
[2024-01-30T22:14:49.310+0000] {logging_mixin.py:188} INFO - [2024-01-30T22:14:49.309+0000] {dagbag.py:538} INFO - Filling up the DagBag from /home/airflow/.local/lib/python3.8/site-packages/airflow/example_dags/example_skip_dag.py
[2024-01-30T22:14:49.317+0000] {processor.py:840} INFO - DAG(s) 'example_skip_dag' retrieved from /home/airflow/.local/lib/python3.8/site-packages/airflow/example_dags/example_skip_dag.py
[2024-01-30T22:14:49.347+0000] {logging_mixin.py:188} INFO - [2024-01-30T22:14:49.347+0000] {dag.py:3036} INFO - Sync 1 DAGs
[2024-01-30T22:14:49.374+0000] {logging_mixin.py:188} INFO - [2024-01-30T22:14:49.374+0000] {dag.py:3823} INFO - Setting next_dagrun for example_skip_dag to 2024-01-29 00:00:00+00:00, run_after=2024-01-30 00:00:00+00:00
[2024-01-30T22:14:49.406+0000] {processor.py:183} INFO - Processing /home/airflow/.local/lib/python3.8/site-packages/airflow/example_dags/example_skip_dag.py took 0.102 seconds
[2024-01-30T22:15:19.928+0000] {processor.py:161} INFO - Started process (PID=2479) to work on /home/airflow/.local/lib/python3.8/site-packages/airflow/example_dags/example_skip_dag.py
[2024-01-30T22:15:19.929+0000] {processor.py:830} INFO - Processing file /home/airflow/.local/lib/python3.8/site-packages/airflow/example_dags/example_skip_dag.py for tasks to queue
[2024-01-30T22:15:19.931+0000] {logging_mixin.py:188} INFO - [2024-01-30T22:15:19.930+0000] {dagbag.py:538} INFO - Filling up the DagBag from /home/airflow/.local/lib/python3.8/site-packages/airflow/example_dags/example_skip_dag.py
[2024-01-30T22:15:19.940+0000] {processor.py:840} INFO - DAG(s) 'example_skip_dag' retrieved from /home/airflow/.local/lib/python3.8/site-packages/airflow/example_dags/example_skip_dag.py
[2024-01-30T22:15:19.972+0000] {logging_mixin.py:188} INFO - [2024-01-30T22:15:19.972+0000] {dag.py:3036} INFO - Sync 1 DAGs
[2024-01-30T22:15:20.002+0000] {logging_mixin.py:188} INFO - [2024-01-30T22:15:20.002+0000] {dag.py:3823} INFO - Setting next_dagrun for example_skip_dag to 2024-01-29 00:00:00+00:00, run_after=2024-01-30 00:00:00+00:00
[2024-01-30T22:15:20.039+0000] {processor.py:183} INFO - Processing /home/airflow/.local/lib/python3.8/site-packages/airflow/example_dags/example_skip_dag.py took 0.114 seconds
[2024-01-30T22:15:50.768+0000] {processor.py:161} INFO - Started process (PID=2544) to work on /home/airflow/.local/lib/python3.8/site-packages/airflow/example_dags/example_skip_dag.py
[2024-01-30T22:15:50.769+0000] {processor.py:830} INFO - Processing file /home/airflow/.local/lib/python3.8/site-packages/airflow/example_dags/example_skip_dag.py for tasks to queue
[2024-01-30T22:15:50.771+0000] {logging_mixin.py:188} INFO - [2024-01-30T22:15:50.770+0000] {dagbag.py:538} INFO - Filling up the DagBag from /home/airflow/.local/lib/python3.8/site-packages/airflow/example_dags/example_skip_dag.py
[2024-01-30T22:15:50.779+0000] {processor.py:840} INFO - DAG(s) 'example_skip_dag' retrieved from /home/airflow/.local/lib/python3.8/site-packages/airflow/example_dags/example_skip_dag.py
[2024-01-30T22:15:50.810+0000] {logging_mixin.py:188} INFO - [2024-01-30T22:15:50.809+0000] {dag.py:3036} INFO - Sync 1 DAGs
[2024-01-30T22:15:50.846+0000] {logging_mixin.py:188} INFO - [2024-01-30T22:15:50.846+0000] {dag.py:3823} INFO - Setting next_dagrun for example_skip_dag to 2024-01-29 00:00:00+00:00, run_after=2024-01-30 00:00:00+00:00
[2024-01-30T22:15:50.878+0000] {processor.py:183} INFO - Processing /home/airflow/.local/lib/python3.8/site-packages/airflow/example_dags/example_skip_dag.py took 0.113 seconds
[2024-01-30T22:16:21.217+0000] {processor.py:161} INFO - Started process (PID=2605) to work on /home/airflow/.local/lib/python3.8/site-packages/airflow/example_dags/example_skip_dag.py
[2024-01-30T22:16:21.218+0000] {processor.py:830} INFO - Processing file /home/airflow/.local/lib/python3.8/site-packages/airflow/example_dags/example_skip_dag.py for tasks to queue
[2024-01-30T22:16:21.219+0000] {logging_mixin.py:188} INFO - [2024-01-30T22:16:21.219+0000] {dagbag.py:538} INFO - Filling up the DagBag from /home/airflow/.local/lib/python3.8/site-packages/airflow/example_dags/example_skip_dag.py
[2024-01-30T22:16:21.226+0000] {processor.py:840} INFO - DAG(s) 'example_skip_dag' retrieved from /home/airflow/.local/lib/python3.8/site-packages/airflow/example_dags/example_skip_dag.py
[2024-01-30T22:16:21.249+0000] {logging_mixin.py:188} INFO - [2024-01-30T22:16:21.249+0000] {dag.py:3036} INFO - Sync 1 DAGs
[2024-01-30T22:16:21.272+0000] {logging_mixin.py:188} INFO - [2024-01-30T22:16:21.271+0000] {dag.py:3823} INFO - Setting next_dagrun for example_skip_dag to 2024-01-29 00:00:00+00:00, run_after=2024-01-30 00:00:00+00:00
[2024-01-30T22:16:21.300+0000] {processor.py:183} INFO - Processing /home/airflow/.local/lib/python3.8/site-packages/airflow/example_dags/example_skip_dag.py took 0.086 seconds
[2024-01-30T22:16:52.235+0000] {processor.py:161} INFO - Started process (PID=2663) to work on /home/airflow/.local/lib/python3.8/site-packages/airflow/example_dags/example_skip_dag.py
[2024-01-30T22:16:52.236+0000] {processor.py:830} INFO - Processing file /home/airflow/.local/lib/python3.8/site-packages/airflow/example_dags/example_skip_dag.py for tasks to queue
[2024-01-30T22:16:52.237+0000] {logging_mixin.py:188} INFO - [2024-01-30T22:16:52.237+0000] {dagbag.py:538} INFO - Filling up the DagBag from /home/airflow/.local/lib/python3.8/site-packages/airflow/example_dags/example_skip_dag.py
[2024-01-30T22:16:52.245+0000] {processor.py:840} INFO - DAG(s) 'example_skip_dag' retrieved from /home/airflow/.local/lib/python3.8/site-packages/airflow/example_dags/example_skip_dag.py
[2024-01-30T22:16:52.270+0000] {logging_mixin.py:188} INFO - [2024-01-30T22:16:52.270+0000] {dag.py:3036} INFO - Sync 1 DAGs
[2024-01-30T22:16:52.296+0000] {logging_mixin.py:188} INFO - [2024-01-30T22:16:52.296+0000] {dag.py:3823} INFO - Setting next_dagrun for example_skip_dag to 2024-01-29 00:00:00+00:00, run_after=2024-01-30 00:00:00+00:00
[2024-01-30T22:16:52.320+0000] {processor.py:183} INFO - Processing /home/airflow/.local/lib/python3.8/site-packages/airflow/example_dags/example_skip_dag.py took 0.089 seconds
[2024-01-30T22:17:24.176+0000] {processor.py:161} INFO - Started process (PID=2718) to work on /home/airflow/.local/lib/python3.8/site-packages/airflow/example_dags/example_skip_dag.py
[2024-01-30T22:17:24.178+0000] {processor.py:830} INFO - Processing file /home/airflow/.local/lib/python3.8/site-packages/airflow/example_dags/example_skip_dag.py for tasks to queue
[2024-01-30T22:17:24.180+0000] {logging_mixin.py:188} INFO - [2024-01-30T22:17:24.179+0000] {dagbag.py:538} INFO - Filling up the DagBag from /home/airflow/.local/lib/python3.8/site-packages/airflow/example_dags/example_skip_dag.py
[2024-01-30T22:17:24.188+0000] {processor.py:840} INFO - DAG(s) 'example_skip_dag' retrieved from /home/airflow/.local/lib/python3.8/site-packages/airflow/example_dags/example_skip_dag.py
[2024-01-30T22:17:24.217+0000] {logging_mixin.py:188} INFO - [2024-01-30T22:17:24.217+0000] {dag.py:3036} INFO - Sync 1 DAGs
[2024-01-30T22:17:24.252+0000] {logging_mixin.py:188} INFO - [2024-01-30T22:17:24.252+0000] {dag.py:3823} INFO - Setting next_dagrun for example_skip_dag to 2024-01-29 00:00:00+00:00, run_after=2024-01-30 00:00:00+00:00
[2024-01-30T22:17:24.285+0000] {processor.py:183} INFO - Processing /home/airflow/.local/lib/python3.8/site-packages/airflow/example_dags/example_skip_dag.py took 0.112 seconds
[2024-01-30T22:17:54.846+0000] {processor.py:161} INFO - Started process (PID=2782) to work on /home/airflow/.local/lib/python3.8/site-packages/airflow/example_dags/example_skip_dag.py
[2024-01-30T22:17:54.848+0000] {processor.py:830} INFO - Processing file /home/airflow/.local/lib/python3.8/site-packages/airflow/example_dags/example_skip_dag.py for tasks to queue
[2024-01-30T22:17:54.850+0000] {logging_mixin.py:188} INFO - [2024-01-30T22:17:54.849+0000] {dagbag.py:538} INFO - Filling up the DagBag from /home/airflow/.local/lib/python3.8/site-packages/airflow/example_dags/example_skip_dag.py
[2024-01-30T22:17:54.860+0000] {processor.py:840} INFO - DAG(s) 'example_skip_dag' retrieved from /home/airflow/.local/lib/python3.8/site-packages/airflow/example_dags/example_skip_dag.py
[2024-01-30T22:17:54.892+0000] {logging_mixin.py:188} INFO - [2024-01-30T22:17:54.891+0000] {dag.py:3036} INFO - Sync 1 DAGs
[2024-01-30T22:17:54.923+0000] {logging_mixin.py:188} INFO - [2024-01-30T22:17:54.923+0000] {dag.py:3823} INFO - Setting next_dagrun for example_skip_dag to 2024-01-29 00:00:00+00:00, run_after=2024-01-30 00:00:00+00:00
[2024-01-30T22:17:54.958+0000] {processor.py:183} INFO - Processing /home/airflow/.local/lib/python3.8/site-packages/airflow/example_dags/example_skip_dag.py took 0.116 seconds
[2024-01-30T22:18:25.157+0000] {processor.py:161} INFO - Started process (PID=2840) to work on /home/airflow/.local/lib/python3.8/site-packages/airflow/example_dags/example_skip_dag.py
[2024-01-30T22:18:25.158+0000] {processor.py:830} INFO - Processing file /home/airflow/.local/lib/python3.8/site-packages/airflow/example_dags/example_skip_dag.py for tasks to queue
[2024-01-30T22:18:25.160+0000] {logging_mixin.py:188} INFO - [2024-01-30T22:18:25.159+0000] {dagbag.py:538} INFO - Filling up the DagBag from /home/airflow/.local/lib/python3.8/site-packages/airflow/example_dags/example_skip_dag.py
[2024-01-30T22:18:25.168+0000] {processor.py:840} INFO - DAG(s) 'example_skip_dag' retrieved from /home/airflow/.local/lib/python3.8/site-packages/airflow/example_dags/example_skip_dag.py
[2024-01-30T22:18:25.194+0000] {logging_mixin.py:188} INFO - [2024-01-30T22:18:25.193+0000] {dag.py:3036} INFO - Sync 1 DAGs
[2024-01-30T22:18:25.222+0000] {logging_mixin.py:188} INFO - [2024-01-30T22:18:25.222+0000] {dag.py:3823} INFO - Setting next_dagrun for example_skip_dag to 2024-01-29 00:00:00+00:00, run_after=2024-01-30 00:00:00+00:00
[2024-01-30T22:18:25.252+0000] {processor.py:183} INFO - Processing /home/airflow/.local/lib/python3.8/site-packages/airflow/example_dags/example_skip_dag.py took 0.098 seconds
[2024-01-30T22:18:56.459+0000] {processor.py:161} INFO - Started process (PID=2897) to work on /home/airflow/.local/lib/python3.8/site-packages/airflow/example_dags/example_skip_dag.py
[2024-01-30T22:18:56.461+0000] {processor.py:830} INFO - Processing file /home/airflow/.local/lib/python3.8/site-packages/airflow/example_dags/example_skip_dag.py for tasks to queue
[2024-01-30T22:18:56.462+0000] {logging_mixin.py:188} INFO - [2024-01-30T22:18:56.462+0000] {dagbag.py:538} INFO - Filling up the DagBag from /home/airflow/.local/lib/python3.8/site-packages/airflow/example_dags/example_skip_dag.py
[2024-01-30T22:18:56.469+0000] {processor.py:840} INFO - DAG(s) 'example_skip_dag' retrieved from /home/airflow/.local/lib/python3.8/site-packages/airflow/example_dags/example_skip_dag.py
[2024-01-30T22:18:56.629+0000] {logging_mixin.py:188} INFO - [2024-01-30T22:18:56.629+0000] {dag.py:3036} INFO - Sync 1 DAGs
[2024-01-30T22:18:56.654+0000] {logging_mixin.py:188} INFO - [2024-01-30T22:18:56.654+0000] {dag.py:3823} INFO - Setting next_dagrun for example_skip_dag to 2024-01-29 00:00:00+00:00, run_after=2024-01-30 00:00:00+00:00
[2024-01-30T22:18:56.695+0000] {processor.py:183} INFO - Processing /home/airflow/.local/lib/python3.8/site-packages/airflow/example_dags/example_skip_dag.py took 0.238 seconds
[2024-01-30T22:19:27.647+0000] {processor.py:161} INFO - Started process (PID=2954) to work on /home/airflow/.local/lib/python3.8/site-packages/airflow/example_dags/example_skip_dag.py
[2024-01-30T22:19:27.649+0000] {processor.py:830} INFO - Processing file /home/airflow/.local/lib/python3.8/site-packages/airflow/example_dags/example_skip_dag.py for tasks to queue
[2024-01-30T22:19:27.657+0000] {logging_mixin.py:188} INFO - [2024-01-30T22:19:27.656+0000] {dagbag.py:538} INFO - Filling up the DagBag from /home/airflow/.local/lib/python3.8/site-packages/airflow/example_dags/example_skip_dag.py
[2024-01-30T22:19:27.686+0000] {processor.py:840} INFO - DAG(s) 'example_skip_dag' retrieved from /home/airflow/.local/lib/python3.8/site-packages/airflow/example_dags/example_skip_dag.py
[2024-01-30T22:19:27.747+0000] {logging_mixin.py:188} INFO - [2024-01-30T22:19:27.746+0000] {dag.py:3036} INFO - Sync 1 DAGs
[2024-01-30T22:19:28.059+0000] {logging_mixin.py:188} INFO - [2024-01-30T22:19:28.059+0000] {dag.py:3823} INFO - Setting next_dagrun for example_skip_dag to 2024-01-29 00:00:00+00:00, run_after=2024-01-30 00:00:00+00:00
[2024-01-30T22:19:28.093+0000] {processor.py:183} INFO - Processing /home/airflow/.local/lib/python3.8/site-packages/airflow/example_dags/example_skip_dag.py took 0.451 seconds
[2024-01-30T22:19:58.854+0000] {processor.py:161} INFO - Started process (PID=3011) to work on /home/airflow/.local/lib/python3.8/site-packages/airflow/example_dags/example_skip_dag.py
[2024-01-30T22:19:58.855+0000] {processor.py:830} INFO - Processing file /home/airflow/.local/lib/python3.8/site-packages/airflow/example_dags/example_skip_dag.py for tasks to queue
[2024-01-30T22:19:58.857+0000] {logging_mixin.py:188} INFO - [2024-01-30T22:19:58.856+0000] {dagbag.py:538} INFO - Filling up the DagBag from /home/airflow/.local/lib/python3.8/site-packages/airflow/example_dags/example_skip_dag.py
[2024-01-30T22:19:58.865+0000] {processor.py:840} INFO - DAG(s) 'example_skip_dag' retrieved from /home/airflow/.local/lib/python3.8/site-packages/airflow/example_dags/example_skip_dag.py
[2024-01-30T22:19:58.894+0000] {logging_mixin.py:188} INFO - [2024-01-30T22:19:58.894+0000] {dag.py:3036} INFO - Sync 1 DAGs
[2024-01-30T22:19:58.920+0000] {logging_mixin.py:188} INFO - [2024-01-30T22:19:58.920+0000] {dag.py:3823} INFO - Setting next_dagrun for example_skip_dag to 2024-01-29 00:00:00+00:00, run_after=2024-01-30 00:00:00+00:00
[2024-01-30T22:19:58.949+0000] {processor.py:183} INFO - Processing /home/airflow/.local/lib/python3.8/site-packages/airflow/example_dags/example_skip_dag.py took 0.098 seconds
[2024-01-30T22:20:29.628+0000] {processor.py:161} INFO - Started process (PID=3068) to work on /home/airflow/.local/lib/python3.8/site-packages/airflow/example_dags/example_skip_dag.py
[2024-01-30T22:20:29.662+0000] {processor.py:830} INFO - Processing file /home/airflow/.local/lib/python3.8/site-packages/airflow/example_dags/example_skip_dag.py for tasks to queue
[2024-01-30T22:20:29.664+0000] {logging_mixin.py:188} INFO - [2024-01-30T22:20:29.663+0000] {dagbag.py:538} INFO - Filling up the DagBag from /home/airflow/.local/lib/python3.8/site-packages/airflow/example_dags/example_skip_dag.py
[2024-01-30T22:20:29.671+0000] {processor.py:840} INFO - DAG(s) 'example_skip_dag' retrieved from /home/airflow/.local/lib/python3.8/site-packages/airflow/example_dags/example_skip_dag.py
[2024-01-30T22:20:29.693+0000] {logging_mixin.py:188} INFO - [2024-01-30T22:20:29.693+0000] {dag.py:3036} INFO - Sync 1 DAGs
[2024-01-30T22:20:29.716+0000] {logging_mixin.py:188} INFO - [2024-01-30T22:20:29.715+0000] {dag.py:3823} INFO - Setting next_dagrun for example_skip_dag to 2024-01-29 00:00:00+00:00, run_after=2024-01-30 00:00:00+00:00
[2024-01-30T22:20:29.742+0000] {processor.py:183} INFO - Processing /home/airflow/.local/lib/python3.8/site-packages/airflow/example_dags/example_skip_dag.py took 0.117 seconds
[2024-01-30T22:20:59.862+0000] {processor.py:161} INFO - Started process (PID=3125) to work on /home/airflow/.local/lib/python3.8/site-packages/airflow/example_dags/example_skip_dag.py
[2024-01-30T22:20:59.864+0000] {processor.py:830} INFO - Processing file /home/airflow/.local/lib/python3.8/site-packages/airflow/example_dags/example_skip_dag.py for tasks to queue
[2024-01-30T22:20:59.866+0000] {logging_mixin.py:188} INFO - [2024-01-30T22:20:59.865+0000] {dagbag.py:538} INFO - Filling up the DagBag from /home/airflow/.local/lib/python3.8/site-packages/airflow/example_dags/example_skip_dag.py
[2024-01-30T22:20:59.872+0000] {processor.py:840} INFO - DAG(s) 'example_skip_dag' retrieved from /home/airflow/.local/lib/python3.8/site-packages/airflow/example_dags/example_skip_dag.py
[2024-01-30T22:20:59.894+0000] {logging_mixin.py:188} INFO - [2024-01-30T22:20:59.894+0000] {dag.py:3036} INFO - Sync 1 DAGs
[2024-01-30T22:20:59.918+0000] {logging_mixin.py:188} INFO - [2024-01-30T22:20:59.918+0000] {dag.py:3823} INFO - Setting next_dagrun for example_skip_dag to 2024-01-29 00:00:00+00:00, run_after=2024-01-30 00:00:00+00:00
[2024-01-30T22:20:59.992+0000] {processor.py:183} INFO - Processing /home/airflow/.local/lib/python3.8/site-packages/airflow/example_dags/example_skip_dag.py took 0.133 seconds
[2024-01-30T22:21:30.551+0000] {processor.py:161} INFO - Started process (PID=3182) to work on /home/airflow/.local/lib/python3.8/site-packages/airflow/example_dags/example_skip_dag.py
[2024-01-30T22:21:30.553+0000] {processor.py:830} INFO - Processing file /home/airflow/.local/lib/python3.8/site-packages/airflow/example_dags/example_skip_dag.py for tasks to queue
[2024-01-30T22:21:30.554+0000] {logging_mixin.py:188} INFO - [2024-01-30T22:21:30.554+0000] {dagbag.py:538} INFO - Filling up the DagBag from /home/airflow/.local/lib/python3.8/site-packages/airflow/example_dags/example_skip_dag.py
[2024-01-30T22:21:30.560+0000] {processor.py:840} INFO - DAG(s) 'example_skip_dag' retrieved from /home/airflow/.local/lib/python3.8/site-packages/airflow/example_dags/example_skip_dag.py
[2024-01-30T22:21:30.583+0000] {logging_mixin.py:188} INFO - [2024-01-30T22:21:30.583+0000] {dag.py:3036} INFO - Sync 1 DAGs
[2024-01-30T22:21:30.607+0000] {logging_mixin.py:188} INFO - [2024-01-30T22:21:30.607+0000] {dag.py:3823} INFO - Setting next_dagrun for example_skip_dag to 2024-01-29 00:00:00+00:00, run_after=2024-01-30 00:00:00+00:00
[2024-01-30T22:21:30.676+0000] {processor.py:183} INFO - Processing /home/airflow/.local/lib/python3.8/site-packages/airflow/example_dags/example_skip_dag.py took 0.127 seconds
[2024-01-30T22:22:01.082+0000] {processor.py:161} INFO - Started process (PID=3239) to work on /home/airflow/.local/lib/python3.8/site-packages/airflow/example_dags/example_skip_dag.py
[2024-01-30T22:22:01.084+0000] {processor.py:830} INFO - Processing file /home/airflow/.local/lib/python3.8/site-packages/airflow/example_dags/example_skip_dag.py for tasks to queue
[2024-01-30T22:22:01.085+0000] {logging_mixin.py:188} INFO - [2024-01-30T22:22:01.085+0000] {dagbag.py:538} INFO - Filling up the DagBag from /home/airflow/.local/lib/python3.8/site-packages/airflow/example_dags/example_skip_dag.py
[2024-01-30T22:22:01.095+0000] {processor.py:840} INFO - DAG(s) 'example_skip_dag' retrieved from /home/airflow/.local/lib/python3.8/site-packages/airflow/example_dags/example_skip_dag.py
[2024-01-30T22:22:01.129+0000] {logging_mixin.py:188} INFO - [2024-01-30T22:22:01.129+0000] {dag.py:3036} INFO - Sync 1 DAGs
[2024-01-30T22:22:01.158+0000] {logging_mixin.py:188} INFO - [2024-01-30T22:22:01.157+0000] {dag.py:3823} INFO - Setting next_dagrun for example_skip_dag to 2024-01-29 00:00:00+00:00, run_after=2024-01-30 00:00:00+00:00
[2024-01-30T22:22:01.195+0000] {processor.py:183} INFO - Processing /home/airflow/.local/lib/python3.8/site-packages/airflow/example_dags/example_skip_dag.py took 0.116 seconds
[2024-01-30T22:22:31.531+0000] {processor.py:161} INFO - Started process (PID=3296) to work on /home/airflow/.local/lib/python3.8/site-packages/airflow/example_dags/example_skip_dag.py
[2024-01-30T22:22:31.532+0000] {processor.py:830} INFO - Processing file /home/airflow/.local/lib/python3.8/site-packages/airflow/example_dags/example_skip_dag.py for tasks to queue
[2024-01-30T22:22:31.533+0000] {logging_mixin.py:188} INFO - [2024-01-30T22:22:31.533+0000] {dagbag.py:538} INFO - Filling up the DagBag from /home/airflow/.local/lib/python3.8/site-packages/airflow/example_dags/example_skip_dag.py
[2024-01-30T22:22:31.539+0000] {processor.py:840} INFO - DAG(s) 'example_skip_dag' retrieved from /home/airflow/.local/lib/python3.8/site-packages/airflow/example_dags/example_skip_dag.py
[2024-01-30T22:22:31.561+0000] {logging_mixin.py:188} INFO - [2024-01-30T22:22:31.561+0000] {dag.py:3036} INFO - Sync 1 DAGs
[2024-01-30T22:22:31.584+0000] {logging_mixin.py:188} INFO - [2024-01-30T22:22:31.584+0000] {dag.py:3823} INFO - Setting next_dagrun for example_skip_dag to 2024-01-29 00:00:00+00:00, run_after=2024-01-30 00:00:00+00:00
[2024-01-30T22:22:31.631+0000] {processor.py:183} INFO - Processing /home/airflow/.local/lib/python3.8/site-packages/airflow/example_dags/example_skip_dag.py took 0.103 seconds
[2024-01-30T22:23:01.961+0000] {processor.py:161} INFO - Started process (PID=3353) to work on /home/airflow/.local/lib/python3.8/site-packages/airflow/example_dags/example_skip_dag.py
[2024-01-30T22:23:01.963+0000] {processor.py:830} INFO - Processing file /home/airflow/.local/lib/python3.8/site-packages/airflow/example_dags/example_skip_dag.py for tasks to queue
[2024-01-30T22:23:01.964+0000] {logging_mixin.py:188} INFO - [2024-01-30T22:23:01.964+0000] {dagbag.py:538} INFO - Filling up the DagBag from /home/airflow/.local/lib/python3.8/site-packages/airflow/example_dags/example_skip_dag.py
[2024-01-30T22:23:01.972+0000] {processor.py:840} INFO - DAG(s) 'example_skip_dag' retrieved from /home/airflow/.local/lib/python3.8/site-packages/airflow/example_dags/example_skip_dag.py
[2024-01-30T22:23:01.994+0000] {logging_mixin.py:188} INFO - [2024-01-30T22:23:01.993+0000] {dag.py:3036} INFO - Sync 1 DAGs
[2024-01-30T22:23:02.017+0000] {logging_mixin.py:188} INFO - [2024-01-30T22:23:02.016+0000] {dag.py:3823} INFO - Setting next_dagrun for example_skip_dag to 2024-01-29 00:00:00+00:00, run_after=2024-01-30 00:00:00+00:00
[2024-01-30T22:23:02.085+0000] {processor.py:183} INFO - Processing /home/airflow/.local/lib/python3.8/site-packages/airflow/example_dags/example_skip_dag.py took 0.126 seconds
