[2024-01-30T21:53:07.643+0000] {processor.py:161} INFO - Started process (PID=47) to work on /home/airflow/.local/lib/python3.8/site-packages/airflow/example_dags/example_complex.py
[2024-01-30T21:53:07.644+0000] {processor.py:830} INFO - Processing file /home/airflow/.local/lib/python3.8/site-packages/airflow/example_dags/example_complex.py for tasks to queue
[2024-01-30T21:53:07.647+0000] {logging_mixin.py:188} INFO - [2024-01-30T21:53:07.647+0000] {dagbag.py:538} INFO - Filling up the DagBag from /home/airflow/.local/lib/python3.8/site-packages/airflow/example_dags/example_complex.py
[2024-01-30T21:53:07.680+0000] {processor.py:840} INFO - DAG(s) 'example_complex' retrieved from /home/airflow/.local/lib/python3.8/site-packages/airflow/example_dags/example_complex.py
[2024-01-30T21:53:07.896+0000] {logging_mixin.py:188} INFO - [2024-01-30T21:53:07.896+0000] {dag.py:3036} INFO - Sync 1 DAGs
[2024-01-30T21:53:07.918+0000] {logging_mixin.py:188} INFO - [2024-01-30T21:53:07.917+0000] {dag.py:3823} INFO - Setting next_dagrun for example_complex to None, run_after=None
[2024-01-30T21:53:07.963+0000] {processor.py:183} INFO - Processing /home/airflow/.local/lib/python3.8/site-packages/airflow/example_dags/example_complex.py took 0.324 seconds
[2024-01-30T21:53:38.093+0000] {processor.py:161} INFO - Started process (PID=102) to work on /home/airflow/.local/lib/python3.8/site-packages/airflow/example_dags/example_complex.py
[2024-01-30T21:53:38.095+0000] {processor.py:830} INFO - Processing file /home/airflow/.local/lib/python3.8/site-packages/airflow/example_dags/example_complex.py for tasks to queue
[2024-01-30T21:53:38.097+0000] {logging_mixin.py:188} INFO - [2024-01-30T21:53:38.096+0000] {dagbag.py:538} INFO - Filling up the DagBag from /home/airflow/.local/lib/python3.8/site-packages/airflow/example_dags/example_complex.py
[2024-01-30T21:53:38.111+0000] {processor.py:840} INFO - DAG(s) 'example_complex' retrieved from /home/airflow/.local/lib/python3.8/site-packages/airflow/example_dags/example_complex.py
[2024-01-30T21:53:38.153+0000] {logging_mixin.py:188} INFO - [2024-01-30T21:53:38.152+0000] {dag.py:3036} INFO - Sync 1 DAGs
[2024-01-30T21:53:38.168+0000] {logging_mixin.py:188} INFO - [2024-01-30T21:53:38.168+0000] {dag.py:3823} INFO - Setting next_dagrun for example_complex to None, run_after=None
[2024-01-30T21:53:38.202+0000] {processor.py:183} INFO - Processing /home/airflow/.local/lib/python3.8/site-packages/airflow/example_dags/example_complex.py took 0.113 seconds
[2024-01-30T21:54:09.107+0000] {processor.py:161} INFO - Started process (PID=157) to work on /home/airflow/.local/lib/python3.8/site-packages/airflow/example_dags/example_complex.py
[2024-01-30T21:54:09.109+0000] {processor.py:830} INFO - Processing file /home/airflow/.local/lib/python3.8/site-packages/airflow/example_dags/example_complex.py for tasks to queue
[2024-01-30T21:54:09.111+0000] {logging_mixin.py:188} INFO - [2024-01-30T21:54:09.111+0000] {dagbag.py:538} INFO - Filling up the DagBag from /home/airflow/.local/lib/python3.8/site-packages/airflow/example_dags/example_complex.py
[2024-01-30T21:54:09.123+0000] {processor.py:840} INFO - DAG(s) 'example_complex' retrieved from /home/airflow/.local/lib/python3.8/site-packages/airflow/example_dags/example_complex.py
[2024-01-30T21:54:09.161+0000] {logging_mixin.py:188} INFO - [2024-01-30T21:54:09.160+0000] {dag.py:3036} INFO - Sync 1 DAGs
[2024-01-30T21:54:09.177+0000] {logging_mixin.py:188} INFO - [2024-01-30T21:54:09.177+0000] {dag.py:3823} INFO - Setting next_dagrun for example_complex to None, run_after=None
[2024-01-30T21:54:09.211+0000] {processor.py:183} INFO - Processing /home/airflow/.local/lib/python3.8/site-packages/airflow/example_dags/example_complex.py took 0.107 seconds
[2024-01-30T21:54:40.075+0000] {processor.py:161} INFO - Started process (PID=212) to work on /home/airflow/.local/lib/python3.8/site-packages/airflow/example_dags/example_complex.py
[2024-01-30T21:54:40.076+0000] {processor.py:830} INFO - Processing file /home/airflow/.local/lib/python3.8/site-packages/airflow/example_dags/example_complex.py for tasks to queue
[2024-01-30T21:54:40.080+0000] {logging_mixin.py:188} INFO - [2024-01-30T21:54:40.080+0000] {dagbag.py:538} INFO - Filling up the DagBag from /home/airflow/.local/lib/python3.8/site-packages/airflow/example_dags/example_complex.py
[2024-01-30T21:54:40.098+0000] {processor.py:840} INFO - DAG(s) 'example_complex' retrieved from /home/airflow/.local/lib/python3.8/site-packages/airflow/example_dags/example_complex.py
[2024-01-30T21:54:40.151+0000] {logging_mixin.py:188} INFO - [2024-01-30T21:54:40.151+0000] {dag.py:3036} INFO - Sync 1 DAGs
[2024-01-30T21:54:40.173+0000] {logging_mixin.py:188} INFO - [2024-01-30T21:54:40.172+0000] {dag.py:3823} INFO - Setting next_dagrun for example_complex to None, run_after=None
[2024-01-30T21:54:40.208+0000] {processor.py:183} INFO - Processing /home/airflow/.local/lib/python3.8/site-packages/airflow/example_dags/example_complex.py took 0.137 seconds
[2024-01-30T21:55:10.299+0000] {processor.py:161} INFO - Started process (PID=267) to work on /home/airflow/.local/lib/python3.8/site-packages/airflow/example_dags/example_complex.py
[2024-01-30T21:55:10.301+0000] {processor.py:830} INFO - Processing file /home/airflow/.local/lib/python3.8/site-packages/airflow/example_dags/example_complex.py for tasks to queue
[2024-01-30T21:55:10.303+0000] {logging_mixin.py:188} INFO - [2024-01-30T21:55:10.302+0000] {dagbag.py:538} INFO - Filling up the DagBag from /home/airflow/.local/lib/python3.8/site-packages/airflow/example_dags/example_complex.py
[2024-01-30T21:55:10.313+0000] {processor.py:840} INFO - DAG(s) 'example_complex' retrieved from /home/airflow/.local/lib/python3.8/site-packages/airflow/example_dags/example_complex.py
[2024-01-30T21:55:10.343+0000] {logging_mixin.py:188} INFO - [2024-01-30T21:55:10.343+0000] {dag.py:3036} INFO - Sync 1 DAGs
[2024-01-30T21:55:10.356+0000] {logging_mixin.py:188} INFO - [2024-01-30T21:55:10.355+0000] {dag.py:3823} INFO - Setting next_dagrun for example_complex to None, run_after=None
[2024-01-30T21:55:10.382+0000] {processor.py:183} INFO - Processing /home/airflow/.local/lib/python3.8/site-packages/airflow/example_dags/example_complex.py took 0.085 seconds
[2024-01-30T21:55:40.413+0000] {processor.py:161} INFO - Started process (PID=321) to work on /home/airflow/.local/lib/python3.8/site-packages/airflow/example_dags/example_complex.py
[2024-01-30T21:55:40.414+0000] {processor.py:830} INFO - Processing file /home/airflow/.local/lib/python3.8/site-packages/airflow/example_dags/example_complex.py for tasks to queue
[2024-01-30T21:55:40.417+0000] {logging_mixin.py:188} INFO - [2024-01-30T21:55:40.416+0000] {dagbag.py:538} INFO - Filling up the DagBag from /home/airflow/.local/lib/python3.8/site-packages/airflow/example_dags/example_complex.py
[2024-01-30T21:55:40.429+0000] {processor.py:840} INFO - DAG(s) 'example_complex' retrieved from /home/airflow/.local/lib/python3.8/site-packages/airflow/example_dags/example_complex.py
[2024-01-30T21:55:40.467+0000] {logging_mixin.py:188} INFO - [2024-01-30T21:55:40.466+0000] {dag.py:3036} INFO - Sync 1 DAGs
[2024-01-30T21:55:40.483+0000] {logging_mixin.py:188} INFO - [2024-01-30T21:55:40.483+0000] {dag.py:3823} INFO - Setting next_dagrun for example_complex to None, run_after=None
[2024-01-30T21:55:40.514+0000] {processor.py:183} INFO - Processing /home/airflow/.local/lib/python3.8/site-packages/airflow/example_dags/example_complex.py took 0.104 seconds
[2024-01-30T21:56:11.235+0000] {processor.py:161} INFO - Started process (PID=374) to work on /home/airflow/.local/lib/python3.8/site-packages/airflow/example_dags/example_complex.py
[2024-01-30T21:56:11.237+0000] {processor.py:830} INFO - Processing file /home/airflow/.local/lib/python3.8/site-packages/airflow/example_dags/example_complex.py for tasks to queue
[2024-01-30T21:56:11.239+0000] {logging_mixin.py:188} INFO - [2024-01-30T21:56:11.239+0000] {dagbag.py:538} INFO - Filling up the DagBag from /home/airflow/.local/lib/python3.8/site-packages/airflow/example_dags/example_complex.py
[2024-01-30T21:56:11.252+0000] {processor.py:840} INFO - DAG(s) 'example_complex' retrieved from /home/airflow/.local/lib/python3.8/site-packages/airflow/example_dags/example_complex.py
[2024-01-30T21:56:11.290+0000] {logging_mixin.py:188} INFO - [2024-01-30T21:56:11.290+0000] {dag.py:3036} INFO - Sync 1 DAGs
[2024-01-30T21:56:11.305+0000] {logging_mixin.py:188} INFO - [2024-01-30T21:56:11.305+0000] {dag.py:3823} INFO - Setting next_dagrun for example_complex to None, run_after=None
[2024-01-30T21:56:11.338+0000] {processor.py:183} INFO - Processing /home/airflow/.local/lib/python3.8/site-packages/airflow/example_dags/example_complex.py took 0.106 seconds
[2024-01-30T21:56:41.584+0000] {processor.py:161} INFO - Started process (PID=429) to work on /home/airflow/.local/lib/python3.8/site-packages/airflow/example_dags/example_complex.py
[2024-01-30T21:56:41.586+0000] {processor.py:830} INFO - Processing file /home/airflow/.local/lib/python3.8/site-packages/airflow/example_dags/example_complex.py for tasks to queue
[2024-01-30T21:56:41.588+0000] {logging_mixin.py:188} INFO - [2024-01-30T21:56:41.588+0000] {dagbag.py:538} INFO - Filling up the DagBag from /home/airflow/.local/lib/python3.8/site-packages/airflow/example_dags/example_complex.py
[2024-01-30T21:56:41.600+0000] {processor.py:840} INFO - DAG(s) 'example_complex' retrieved from /home/airflow/.local/lib/python3.8/site-packages/airflow/example_dags/example_complex.py
[2024-01-30T21:56:41.638+0000] {logging_mixin.py:188} INFO - [2024-01-30T21:56:41.638+0000] {dag.py:3036} INFO - Sync 1 DAGs
[2024-01-30T21:56:41.654+0000] {logging_mixin.py:188} INFO - [2024-01-30T21:56:41.653+0000] {dag.py:3823} INFO - Setting next_dagrun for example_complex to None, run_after=None
[2024-01-30T21:56:41.687+0000] {processor.py:183} INFO - Processing /home/airflow/.local/lib/python3.8/site-packages/airflow/example_dags/example_complex.py took 0.106 seconds
[2024-01-30T21:57:12.440+0000] {processor.py:161} INFO - Started process (PID=484) to work on /home/airflow/.local/lib/python3.8/site-packages/airflow/example_dags/example_complex.py
[2024-01-30T21:57:12.441+0000] {processor.py:830} INFO - Processing file /home/airflow/.local/lib/python3.8/site-packages/airflow/example_dags/example_complex.py for tasks to queue
[2024-01-30T21:57:12.443+0000] {logging_mixin.py:188} INFO - [2024-01-30T21:57:12.443+0000] {dagbag.py:538} INFO - Filling up the DagBag from /home/airflow/.local/lib/python3.8/site-packages/airflow/example_dags/example_complex.py
[2024-01-30T21:57:12.455+0000] {processor.py:840} INFO - DAG(s) 'example_complex' retrieved from /home/airflow/.local/lib/python3.8/site-packages/airflow/example_dags/example_complex.py
[2024-01-30T21:57:12.485+0000] {logging_mixin.py:188} INFO - [2024-01-30T21:57:12.485+0000] {dag.py:3036} INFO - Sync 1 DAGs
[2024-01-30T21:57:12.498+0000] {logging_mixin.py:188} INFO - [2024-01-30T21:57:12.497+0000] {dag.py:3823} INFO - Setting next_dagrun for example_complex to None, run_after=None
[2024-01-30T21:57:12.522+0000] {processor.py:183} INFO - Processing /home/airflow/.local/lib/python3.8/site-packages/airflow/example_dags/example_complex.py took 0.084 seconds
[2024-01-30T21:57:42.775+0000] {processor.py:161} INFO - Started process (PID=538) to work on /home/airflow/.local/lib/python3.8/site-packages/airflow/example_dags/example_complex.py
[2024-01-30T21:57:42.776+0000] {processor.py:830} INFO - Processing file /home/airflow/.local/lib/python3.8/site-packages/airflow/example_dags/example_complex.py for tasks to queue
[2024-01-30T21:57:42.778+0000] {logging_mixin.py:188} INFO - [2024-01-30T21:57:42.778+0000] {dagbag.py:538} INFO - Filling up the DagBag from /home/airflow/.local/lib/python3.8/site-packages/airflow/example_dags/example_complex.py
[2024-01-30T21:57:42.790+0000] {processor.py:840} INFO - DAG(s) 'example_complex' retrieved from /home/airflow/.local/lib/python3.8/site-packages/airflow/example_dags/example_complex.py
[2024-01-30T21:57:42.823+0000] {logging_mixin.py:188} INFO - [2024-01-30T21:57:42.823+0000] {dag.py:3036} INFO - Sync 1 DAGs
[2024-01-30T21:57:42.836+0000] {logging_mixin.py:188} INFO - [2024-01-30T21:57:42.836+0000] {dag.py:3823} INFO - Setting next_dagrun for example_complex to None, run_after=None
[2024-01-30T21:57:42.862+0000] {processor.py:183} INFO - Processing /home/airflow/.local/lib/python3.8/site-packages/airflow/example_dags/example_complex.py took 0.089 seconds
[2024-01-30T21:58:13.707+0000] {processor.py:161} INFO - Started process (PID=595) to work on /home/airflow/.local/lib/python3.8/site-packages/airflow/example_dags/example_complex.py
[2024-01-30T21:58:13.709+0000] {processor.py:830} INFO - Processing file /home/airflow/.local/lib/python3.8/site-packages/airflow/example_dags/example_complex.py for tasks to queue
[2024-01-30T21:58:13.710+0000] {logging_mixin.py:188} INFO - [2024-01-30T21:58:13.710+0000] {dagbag.py:538} INFO - Filling up the DagBag from /home/airflow/.local/lib/python3.8/site-packages/airflow/example_dags/example_complex.py
[2024-01-30T21:58:13.721+0000] {processor.py:840} INFO - DAG(s) 'example_complex' retrieved from /home/airflow/.local/lib/python3.8/site-packages/airflow/example_dags/example_complex.py
[2024-01-30T21:58:13.757+0000] {logging_mixin.py:188} INFO - [2024-01-30T21:58:13.756+0000] {dag.py:3036} INFO - Sync 1 DAGs
[2024-01-30T21:58:13.773+0000] {logging_mixin.py:188} INFO - [2024-01-30T21:58:13.772+0000] {dag.py:3823} INFO - Setting next_dagrun for example_complex to None, run_after=None
[2024-01-30T21:58:13.803+0000] {processor.py:183} INFO - Processing /home/airflow/.local/lib/python3.8/site-packages/airflow/example_dags/example_complex.py took 0.098 seconds
[2024-01-30T21:58:44.678+0000] {processor.py:161} INFO - Started process (PID=658) to work on /home/airflow/.local/lib/python3.8/site-packages/airflow/example_dags/example_complex.py
[2024-01-30T21:58:44.679+0000] {processor.py:830} INFO - Processing file /home/airflow/.local/lib/python3.8/site-packages/airflow/example_dags/example_complex.py for tasks to queue
[2024-01-30T21:58:44.680+0000] {logging_mixin.py:188} INFO - [2024-01-30T21:58:44.680+0000] {dagbag.py:538} INFO - Filling up the DagBag from /home/airflow/.local/lib/python3.8/site-packages/airflow/example_dags/example_complex.py
[2024-01-30T21:58:44.693+0000] {processor.py:840} INFO - DAG(s) 'example_complex' retrieved from /home/airflow/.local/lib/python3.8/site-packages/airflow/example_dags/example_complex.py
[2024-01-30T21:58:44.736+0000] {logging_mixin.py:188} INFO - [2024-01-30T21:58:44.735+0000] {dag.py:3036} INFO - Sync 1 DAGs
[2024-01-30T21:58:44.751+0000] {logging_mixin.py:188} INFO - [2024-01-30T21:58:44.751+0000] {dag.py:3823} INFO - Setting next_dagrun for example_complex to None, run_after=None
[2024-01-30T21:58:44.789+0000] {processor.py:183} INFO - Processing /home/airflow/.local/lib/python3.8/site-packages/airflow/example_dags/example_complex.py took 0.114 seconds
[2024-01-30T21:59:15.641+0000] {processor.py:161} INFO - Started process (PID=714) to work on /home/airflow/.local/lib/python3.8/site-packages/airflow/example_dags/example_complex.py
[2024-01-30T21:59:15.643+0000] {processor.py:830} INFO - Processing file /home/airflow/.local/lib/python3.8/site-packages/airflow/example_dags/example_complex.py for tasks to queue
[2024-01-30T21:59:15.645+0000] {logging_mixin.py:188} INFO - [2024-01-30T21:59:15.645+0000] {dagbag.py:538} INFO - Filling up the DagBag from /home/airflow/.local/lib/python3.8/site-packages/airflow/example_dags/example_complex.py
[2024-01-30T21:59:15.668+0000] {processor.py:840} INFO - DAG(s) 'example_complex' retrieved from /home/airflow/.local/lib/python3.8/site-packages/airflow/example_dags/example_complex.py
[2024-01-30T21:59:15.721+0000] {logging_mixin.py:188} INFO - [2024-01-30T21:59:15.721+0000] {dag.py:3036} INFO - Sync 1 DAGs
[2024-01-30T21:59:15.738+0000] {logging_mixin.py:188} INFO - [2024-01-30T21:59:15.737+0000] {dag.py:3823} INFO - Setting next_dagrun for example_complex to None, run_after=None
[2024-01-30T21:59:15.769+0000] {processor.py:183} INFO - Processing /home/airflow/.local/lib/python3.8/site-packages/airflow/example_dags/example_complex.py took 0.131 seconds
[2024-01-30T21:59:45.898+0000] {processor.py:161} INFO - Started process (PID=773) to work on /home/airflow/.local/lib/python3.8/site-packages/airflow/example_dags/example_complex.py
[2024-01-30T21:59:45.899+0000] {processor.py:830} INFO - Processing file /home/airflow/.local/lib/python3.8/site-packages/airflow/example_dags/example_complex.py for tasks to queue
[2024-01-30T21:59:45.900+0000] {logging_mixin.py:188} INFO - [2024-01-30T21:59:45.900+0000] {dagbag.py:538} INFO - Filling up the DagBag from /home/airflow/.local/lib/python3.8/site-packages/airflow/example_dags/example_complex.py
[2024-01-30T21:59:45.911+0000] {processor.py:840} INFO - DAG(s) 'example_complex' retrieved from /home/airflow/.local/lib/python3.8/site-packages/airflow/example_dags/example_complex.py
[2024-01-30T21:59:45.942+0000] {logging_mixin.py:188} INFO - [2024-01-30T21:59:45.942+0000] {dag.py:3036} INFO - Sync 1 DAGs
[2024-01-30T21:59:45.956+0000] {logging_mixin.py:188} INFO - [2024-01-30T21:59:45.955+0000] {dag.py:3823} INFO - Setting next_dagrun for example_complex to None, run_after=None
[2024-01-30T21:59:45.987+0000] {processor.py:183} INFO - Processing /home/airflow/.local/lib/python3.8/site-packages/airflow/example_dags/example_complex.py took 0.092 seconds
[2024-01-30T22:00:16.439+0000] {processor.py:161} INFO - Started process (PID=837) to work on /home/airflow/.local/lib/python3.8/site-packages/airflow/example_dags/example_complex.py
[2024-01-30T22:00:16.440+0000] {processor.py:830} INFO - Processing file /home/airflow/.local/lib/python3.8/site-packages/airflow/example_dags/example_complex.py for tasks to queue
[2024-01-30T22:00:16.441+0000] {logging_mixin.py:188} INFO - [2024-01-30T22:00:16.441+0000] {dagbag.py:538} INFO - Filling up the DagBag from /home/airflow/.local/lib/python3.8/site-packages/airflow/example_dags/example_complex.py
[2024-01-30T22:00:16.451+0000] {processor.py:840} INFO - DAG(s) 'example_complex' retrieved from /home/airflow/.local/lib/python3.8/site-packages/airflow/example_dags/example_complex.py
[2024-01-30T22:00:16.484+0000] {logging_mixin.py:188} INFO - [2024-01-30T22:00:16.484+0000] {dag.py:3036} INFO - Sync 1 DAGs
[2024-01-30T22:00:16.497+0000] {logging_mixin.py:188} INFO - [2024-01-30T22:00:16.497+0000] {dag.py:3823} INFO - Setting next_dagrun for example_complex to None, run_after=None
[2024-01-30T22:00:16.525+0000] {processor.py:183} INFO - Processing /home/airflow/.local/lib/python3.8/site-packages/airflow/example_dags/example_complex.py took 0.088 seconds
[2024-01-30T22:00:47.211+0000] {processor.py:161} INFO - Started process (PID=894) to work on /home/airflow/.local/lib/python3.8/site-packages/airflow/example_dags/example_complex.py
[2024-01-30T22:00:47.212+0000] {processor.py:830} INFO - Processing file /home/airflow/.local/lib/python3.8/site-packages/airflow/example_dags/example_complex.py for tasks to queue
[2024-01-30T22:00:47.214+0000] {logging_mixin.py:188} INFO - [2024-01-30T22:00:47.214+0000] {dagbag.py:538} INFO - Filling up the DagBag from /home/airflow/.local/lib/python3.8/site-packages/airflow/example_dags/example_complex.py
[2024-01-30T22:00:47.229+0000] {processor.py:840} INFO - DAG(s) 'example_complex' retrieved from /home/airflow/.local/lib/python3.8/site-packages/airflow/example_dags/example_complex.py
[2024-01-30T22:00:47.271+0000] {logging_mixin.py:188} INFO - [2024-01-30T22:00:47.271+0000] {dag.py:3036} INFO - Sync 1 DAGs
[2024-01-30T22:00:47.290+0000] {logging_mixin.py:188} INFO - [2024-01-30T22:00:47.290+0000] {dag.py:3823} INFO - Setting next_dagrun for example_complex to None, run_after=None
[2024-01-30T22:00:47.334+0000] {processor.py:183} INFO - Processing /home/airflow/.local/lib/python3.8/site-packages/airflow/example_dags/example_complex.py took 0.126 seconds
[2024-01-30T22:01:17.524+0000] {processor.py:161} INFO - Started process (PID=951) to work on /home/airflow/.local/lib/python3.8/site-packages/airflow/example_dags/example_complex.py
[2024-01-30T22:01:17.525+0000] {processor.py:830} INFO - Processing file /home/airflow/.local/lib/python3.8/site-packages/airflow/example_dags/example_complex.py for tasks to queue
[2024-01-30T22:01:17.527+0000] {logging_mixin.py:188} INFO - [2024-01-30T22:01:17.527+0000] {dagbag.py:538} INFO - Filling up the DagBag from /home/airflow/.local/lib/python3.8/site-packages/airflow/example_dags/example_complex.py
[2024-01-30T22:01:17.540+0000] {processor.py:840} INFO - DAG(s) 'example_complex' retrieved from /home/airflow/.local/lib/python3.8/site-packages/airflow/example_dags/example_complex.py
[2024-01-30T22:01:17.577+0000] {logging_mixin.py:188} INFO - [2024-01-30T22:01:17.576+0000] {dag.py:3036} INFO - Sync 1 DAGs
[2024-01-30T22:01:17.593+0000] {logging_mixin.py:188} INFO - [2024-01-30T22:01:17.593+0000] {dag.py:3823} INFO - Setting next_dagrun for example_complex to None, run_after=None
[2024-01-30T22:01:17.622+0000] {processor.py:183} INFO - Processing /home/airflow/.local/lib/python3.8/site-packages/airflow/example_dags/example_complex.py took 0.102 seconds
[2024-01-30T22:01:47.713+0000] {processor.py:161} INFO - Started process (PID=1008) to work on /home/airflow/.local/lib/python3.8/site-packages/airflow/example_dags/example_complex.py
[2024-01-30T22:01:47.715+0000] {processor.py:830} INFO - Processing file /home/airflow/.local/lib/python3.8/site-packages/airflow/example_dags/example_complex.py for tasks to queue
[2024-01-30T22:01:47.716+0000] {logging_mixin.py:188} INFO - [2024-01-30T22:01:47.716+0000] {dagbag.py:538} INFO - Filling up the DagBag from /home/airflow/.local/lib/python3.8/site-packages/airflow/example_dags/example_complex.py
[2024-01-30T22:01:47.729+0000] {processor.py:840} INFO - DAG(s) 'example_complex' retrieved from /home/airflow/.local/lib/python3.8/site-packages/airflow/example_dags/example_complex.py
[2024-01-30T22:01:47.764+0000] {logging_mixin.py:188} INFO - [2024-01-30T22:01:47.763+0000] {dag.py:3036} INFO - Sync 1 DAGs
[2024-01-30T22:01:47.780+0000] {logging_mixin.py:188} INFO - [2024-01-30T22:01:47.779+0000] {dag.py:3823} INFO - Setting next_dagrun for example_complex to None, run_after=None
[2024-01-30T22:01:47.811+0000] {processor.py:183} INFO - Processing /home/airflow/.local/lib/python3.8/site-packages/airflow/example_dags/example_complex.py took 0.101 seconds
[2024-01-30T22:02:18.215+0000] {processor.py:161} INFO - Started process (PID=1064) to work on /home/airflow/.local/lib/python3.8/site-packages/airflow/example_dags/example_complex.py
[2024-01-30T22:02:18.217+0000] {processor.py:830} INFO - Processing file /home/airflow/.local/lib/python3.8/site-packages/airflow/example_dags/example_complex.py for tasks to queue
[2024-01-30T22:02:18.219+0000] {logging_mixin.py:188} INFO - [2024-01-30T22:02:18.219+0000] {dagbag.py:538} INFO - Filling up the DagBag from /home/airflow/.local/lib/python3.8/site-packages/airflow/example_dags/example_complex.py
[2024-01-30T22:02:18.236+0000] {processor.py:840} INFO - DAG(s) 'example_complex' retrieved from /home/airflow/.local/lib/python3.8/site-packages/airflow/example_dags/example_complex.py
[2024-01-30T22:02:18.285+0000] {logging_mixin.py:188} INFO - [2024-01-30T22:02:18.285+0000] {dag.py:3036} INFO - Sync 1 DAGs
[2024-01-30T22:02:18.301+0000] {logging_mixin.py:188} INFO - [2024-01-30T22:02:18.301+0000] {dag.py:3823} INFO - Setting next_dagrun for example_complex to None, run_after=None
[2024-01-30T22:02:18.341+0000] {processor.py:183} INFO - Processing /home/airflow/.local/lib/python3.8/site-packages/airflow/example_dags/example_complex.py took 0.130 seconds
[2024-01-30T22:02:51.055+0000] {processor.py:161} INFO - Started process (PID=1117) to work on /home/airflow/.local/lib/python3.8/site-packages/airflow/example_dags/example_complex.py
[2024-01-30T22:02:51.057+0000] {processor.py:830} INFO - Processing file /home/airflow/.local/lib/python3.8/site-packages/airflow/example_dags/example_complex.py for tasks to queue
[2024-01-30T22:02:51.058+0000] {logging_mixin.py:188} INFO - [2024-01-30T22:02:51.057+0000] {dagbag.py:538} INFO - Filling up the DagBag from /home/airflow/.local/lib/python3.8/site-packages/airflow/example_dags/example_complex.py
[2024-01-30T22:02:51.071+0000] {processor.py:840} INFO - DAG(s) 'example_complex' retrieved from /home/airflow/.local/lib/python3.8/site-packages/airflow/example_dags/example_complex.py
[2024-01-30T22:02:51.109+0000] {logging_mixin.py:188} INFO - [2024-01-30T22:02:51.109+0000] {dag.py:3036} INFO - Sync 1 DAGs
[2024-01-30T22:02:51.128+0000] {logging_mixin.py:188} INFO - [2024-01-30T22:02:51.128+0000] {dag.py:3823} INFO - Setting next_dagrun for example_complex to None, run_after=None
[2024-01-30T22:02:51.159+0000] {processor.py:183} INFO - Processing /home/airflow/.local/lib/python3.8/site-packages/airflow/example_dags/example_complex.py took 0.107 seconds
[2024-01-30T22:03:22.224+0000] {processor.py:161} INFO - Started process (PID=1169) to work on /home/airflow/.local/lib/python3.8/site-packages/airflow/example_dags/example_complex.py
[2024-01-30T22:03:22.225+0000] {processor.py:830} INFO - Processing file /home/airflow/.local/lib/python3.8/site-packages/airflow/example_dags/example_complex.py for tasks to queue
[2024-01-30T22:03:22.228+0000] {logging_mixin.py:188} INFO - [2024-01-30T22:03:22.227+0000] {dagbag.py:538} INFO - Filling up the DagBag from /home/airflow/.local/lib/python3.8/site-packages/airflow/example_dags/example_complex.py
[2024-01-30T22:03:22.243+0000] {processor.py:840} INFO - DAG(s) 'example_complex' retrieved from /home/airflow/.local/lib/python3.8/site-packages/airflow/example_dags/example_complex.py
[2024-01-30T22:03:22.289+0000] {logging_mixin.py:188} INFO - [2024-01-30T22:03:22.288+0000] {dag.py:3036} INFO - Sync 1 DAGs
[2024-01-30T22:03:22.309+0000] {logging_mixin.py:188} INFO - [2024-01-30T22:03:22.309+0000] {dag.py:3823} INFO - Setting next_dagrun for example_complex to None, run_after=None
[2024-01-30T22:03:22.350+0000] {processor.py:183} INFO - Processing /home/airflow/.local/lib/python3.8/site-packages/airflow/example_dags/example_complex.py took 0.130 seconds
[2024-01-30T22:03:52.479+0000] {processor.py:161} INFO - Started process (PID=1230) to work on /home/airflow/.local/lib/python3.8/site-packages/airflow/example_dags/example_complex.py
[2024-01-30T22:03:52.480+0000] {processor.py:830} INFO - Processing file /home/airflow/.local/lib/python3.8/site-packages/airflow/example_dags/example_complex.py for tasks to queue
[2024-01-30T22:03:52.481+0000] {logging_mixin.py:188} INFO - [2024-01-30T22:03:52.481+0000] {dagbag.py:538} INFO - Filling up the DagBag from /home/airflow/.local/lib/python3.8/site-packages/airflow/example_dags/example_complex.py
[2024-01-30T22:03:52.493+0000] {processor.py:840} INFO - DAG(s) 'example_complex' retrieved from /home/airflow/.local/lib/python3.8/site-packages/airflow/example_dags/example_complex.py
[2024-01-30T22:03:52.529+0000] {logging_mixin.py:188} INFO - [2024-01-30T22:03:52.529+0000] {dag.py:3036} INFO - Sync 1 DAGs
[2024-01-30T22:03:52.543+0000] {logging_mixin.py:188} INFO - [2024-01-30T22:03:52.543+0000] {dag.py:3823} INFO - Setting next_dagrun for example_complex to None, run_after=None
[2024-01-30T22:03:52.575+0000] {processor.py:183} INFO - Processing /home/airflow/.local/lib/python3.8/site-packages/airflow/example_dags/example_complex.py took 0.099 seconds
[2024-01-30T22:04:22.659+0000] {processor.py:161} INFO - Started process (PID=1286) to work on /home/airflow/.local/lib/python3.8/site-packages/airflow/example_dags/example_complex.py
[2024-01-30T22:04:22.660+0000] {processor.py:830} INFO - Processing file /home/airflow/.local/lib/python3.8/site-packages/airflow/example_dags/example_complex.py for tasks to queue
[2024-01-30T22:04:22.662+0000] {logging_mixin.py:188} INFO - [2024-01-30T22:04:22.661+0000] {dagbag.py:538} INFO - Filling up the DagBag from /home/airflow/.local/lib/python3.8/site-packages/airflow/example_dags/example_complex.py
[2024-01-30T22:04:22.674+0000] {processor.py:840} INFO - DAG(s) 'example_complex' retrieved from /home/airflow/.local/lib/python3.8/site-packages/airflow/example_dags/example_complex.py
[2024-01-30T22:04:22.709+0000] {logging_mixin.py:188} INFO - [2024-01-30T22:04:22.709+0000] {dag.py:3036} INFO - Sync 1 DAGs
[2024-01-30T22:04:22.723+0000] {logging_mixin.py:188} INFO - [2024-01-30T22:04:22.722+0000] {dag.py:3823} INFO - Setting next_dagrun for example_complex to None, run_after=None
[2024-01-30T22:04:22.748+0000] {processor.py:183} INFO - Processing /home/airflow/.local/lib/python3.8/site-packages/airflow/example_dags/example_complex.py took 0.093 seconds
[2024-01-30T22:04:53.713+0000] {processor.py:161} INFO - Started process (PID=1344) to work on /home/airflow/.local/lib/python3.8/site-packages/airflow/example_dags/example_complex.py
[2024-01-30T22:04:53.715+0000] {processor.py:830} INFO - Processing file /home/airflow/.local/lib/python3.8/site-packages/airflow/example_dags/example_complex.py for tasks to queue
[2024-01-30T22:04:53.716+0000] {logging_mixin.py:188} INFO - [2024-01-30T22:04:53.715+0000] {dagbag.py:538} INFO - Filling up the DagBag from /home/airflow/.local/lib/python3.8/site-packages/airflow/example_dags/example_complex.py
[2024-01-30T22:04:53.726+0000] {processor.py:840} INFO - DAG(s) 'example_complex' retrieved from /home/airflow/.local/lib/python3.8/site-packages/airflow/example_dags/example_complex.py
[2024-01-30T22:04:53.764+0000] {logging_mixin.py:188} INFO - [2024-01-30T22:04:53.764+0000] {dag.py:3036} INFO - Sync 1 DAGs
[2024-01-30T22:04:53.781+0000] {logging_mixin.py:188} INFO - [2024-01-30T22:04:53.780+0000] {dag.py:3823} INFO - Setting next_dagrun for example_complex to None, run_after=None
[2024-01-30T22:04:53.833+0000] {processor.py:183} INFO - Processing /home/airflow/.local/lib/python3.8/site-packages/airflow/example_dags/example_complex.py took 0.122 seconds
[2024-01-30T22:05:24.417+0000] {processor.py:161} INFO - Started process (PID=1401) to work on /home/airflow/.local/lib/python3.8/site-packages/airflow/example_dags/example_complex.py
[2024-01-30T22:05:24.418+0000] {processor.py:830} INFO - Processing file /home/airflow/.local/lib/python3.8/site-packages/airflow/example_dags/example_complex.py for tasks to queue
[2024-01-30T22:05:24.419+0000] {logging_mixin.py:188} INFO - [2024-01-30T22:05:24.419+0000] {dagbag.py:538} INFO - Filling up the DagBag from /home/airflow/.local/lib/python3.8/site-packages/airflow/example_dags/example_complex.py
[2024-01-30T22:05:24.430+0000] {processor.py:840} INFO - DAG(s) 'example_complex' retrieved from /home/airflow/.local/lib/python3.8/site-packages/airflow/example_dags/example_complex.py
[2024-01-30T22:05:24.465+0000] {logging_mixin.py:188} INFO - [2024-01-30T22:05:24.465+0000] {dag.py:3036} INFO - Sync 1 DAGs
[2024-01-30T22:05:24.482+0000] {logging_mixin.py:188} INFO - [2024-01-30T22:05:24.482+0000] {dag.py:3823} INFO - Setting next_dagrun for example_complex to None, run_after=None
[2024-01-30T22:05:24.512+0000] {processor.py:183} INFO - Processing /home/airflow/.local/lib/python3.8/site-packages/airflow/example_dags/example_complex.py took 0.098 seconds
[2024-01-30T22:06:02.502+0000] {processor.py:161} INFO - Started process (PID=1457) to work on /home/airflow/.local/lib/python3.8/site-packages/airflow/example_dags/example_complex.py
[2024-01-30T22:06:02.504+0000] {processor.py:830} INFO - Processing file /home/airflow/.local/lib/python3.8/site-packages/airflow/example_dags/example_complex.py for tasks to queue
[2024-01-30T22:06:02.506+0000] {logging_mixin.py:188} INFO - [2024-01-30T22:06:02.505+0000] {dagbag.py:538} INFO - Filling up the DagBag from /home/airflow/.local/lib/python3.8/site-packages/airflow/example_dags/example_complex.py
[2024-01-30T22:06:02.520+0000] {processor.py:840} INFO - DAG(s) 'example_complex' retrieved from /home/airflow/.local/lib/python3.8/site-packages/airflow/example_dags/example_complex.py
[2024-01-30T22:06:02.568+0000] {logging_mixin.py:188} INFO - [2024-01-30T22:06:02.567+0000] {dag.py:3036} INFO - Sync 1 DAGs
[2024-01-30T22:06:02.585+0000] {logging_mixin.py:188} INFO - [2024-01-30T22:06:02.584+0000] {dag.py:3823} INFO - Setting next_dagrun for example_complex to None, run_after=None
[2024-01-30T22:06:02.619+0000] {processor.py:183} INFO - Processing /home/airflow/.local/lib/python3.8/site-packages/airflow/example_dags/example_complex.py took 0.121 seconds
[2024-01-30T22:06:33.639+0000] {processor.py:161} INFO - Started process (PID=1514) to work on /home/airflow/.local/lib/python3.8/site-packages/airflow/example_dags/example_complex.py
[2024-01-30T22:06:33.647+0000] {processor.py:830} INFO - Processing file /home/airflow/.local/lib/python3.8/site-packages/airflow/example_dags/example_complex.py for tasks to queue
[2024-01-30T22:06:33.650+0000] {logging_mixin.py:188} INFO - [2024-01-30T22:06:33.649+0000] {dagbag.py:538} INFO - Filling up the DagBag from /home/airflow/.local/lib/python3.8/site-packages/airflow/example_dags/example_complex.py
[2024-01-30T22:06:33.668+0000] {processor.py:840} INFO - DAG(s) 'example_complex' retrieved from /home/airflow/.local/lib/python3.8/site-packages/airflow/example_dags/example_complex.py
[2024-01-30T22:06:33.711+0000] {logging_mixin.py:188} INFO - [2024-01-30T22:06:33.711+0000] {dag.py:3036} INFO - Sync 1 DAGs
[2024-01-30T22:06:33.727+0000] {logging_mixin.py:188} INFO - [2024-01-30T22:06:33.726+0000] {dag.py:3823} INFO - Setting next_dagrun for example_complex to None, run_after=None
[2024-01-30T22:06:33.764+0000] {processor.py:183} INFO - Processing /home/airflow/.local/lib/python3.8/site-packages/airflow/example_dags/example_complex.py took 0.129 seconds
[2024-01-30T22:07:04.704+0000] {processor.py:161} INFO - Started process (PID=1571) to work on /home/airflow/.local/lib/python3.8/site-packages/airflow/example_dags/example_complex.py
[2024-01-30T22:07:04.705+0000] {processor.py:830} INFO - Processing file /home/airflow/.local/lib/python3.8/site-packages/airflow/example_dags/example_complex.py for tasks to queue
[2024-01-30T22:07:04.707+0000] {logging_mixin.py:188} INFO - [2024-01-30T22:07:04.707+0000] {dagbag.py:538} INFO - Filling up the DagBag from /home/airflow/.local/lib/python3.8/site-packages/airflow/example_dags/example_complex.py
[2024-01-30T22:07:04.720+0000] {processor.py:840} INFO - DAG(s) 'example_complex' retrieved from /home/airflow/.local/lib/python3.8/site-packages/airflow/example_dags/example_complex.py
[2024-01-30T22:07:04.760+0000] {logging_mixin.py:188} INFO - [2024-01-30T22:07:04.760+0000] {dag.py:3036} INFO - Sync 1 DAGs
[2024-01-30T22:07:04.782+0000] {logging_mixin.py:188} INFO - [2024-01-30T22:07:04.781+0000] {dag.py:3823} INFO - Setting next_dagrun for example_complex to None, run_after=None
[2024-01-30T22:07:04.820+0000] {processor.py:183} INFO - Processing /home/airflow/.local/lib/python3.8/site-packages/airflow/example_dags/example_complex.py took 0.120 seconds
[2024-01-30T22:07:35.030+0000] {processor.py:161} INFO - Started process (PID=1627) to work on /home/airflow/.local/lib/python3.8/site-packages/airflow/example_dags/example_complex.py
[2024-01-30T22:07:35.032+0000] {processor.py:830} INFO - Processing file /home/airflow/.local/lib/python3.8/site-packages/airflow/example_dags/example_complex.py for tasks to queue
[2024-01-30T22:07:35.034+0000] {logging_mixin.py:188} INFO - [2024-01-30T22:07:35.033+0000] {dagbag.py:538} INFO - Filling up the DagBag from /home/airflow/.local/lib/python3.8/site-packages/airflow/example_dags/example_complex.py
[2024-01-30T22:07:35.044+0000] {processor.py:840} INFO - DAG(s) 'example_complex' retrieved from /home/airflow/.local/lib/python3.8/site-packages/airflow/example_dags/example_complex.py
[2024-01-30T22:07:35.079+0000] {logging_mixin.py:188} INFO - [2024-01-30T22:07:35.079+0000] {dag.py:3036} INFO - Sync 1 DAGs
[2024-01-30T22:07:35.093+0000] {logging_mixin.py:188} INFO - [2024-01-30T22:07:35.093+0000] {dag.py:3823} INFO - Setting next_dagrun for example_complex to None, run_after=None
[2024-01-30T22:07:35.123+0000] {processor.py:183} INFO - Processing /home/airflow/.local/lib/python3.8/site-packages/airflow/example_dags/example_complex.py took 0.095 seconds
[2024-01-30T22:08:05.309+0000] {processor.py:161} INFO - Started process (PID=1684) to work on /home/airflow/.local/lib/python3.8/site-packages/airflow/example_dags/example_complex.py
[2024-01-30T22:08:05.311+0000] {processor.py:830} INFO - Processing file /home/airflow/.local/lib/python3.8/site-packages/airflow/example_dags/example_complex.py for tasks to queue
[2024-01-30T22:08:05.313+0000] {logging_mixin.py:188} INFO - [2024-01-30T22:08:05.313+0000] {dagbag.py:538} INFO - Filling up the DagBag from /home/airflow/.local/lib/python3.8/site-packages/airflow/example_dags/example_complex.py
[2024-01-30T22:08:05.327+0000] {processor.py:840} INFO - DAG(s) 'example_complex' retrieved from /home/airflow/.local/lib/python3.8/site-packages/airflow/example_dags/example_complex.py
[2024-01-30T22:08:05.377+0000] {logging_mixin.py:188} INFO - [2024-01-30T22:08:05.377+0000] {dag.py:3036} INFO - Sync 1 DAGs
[2024-01-30T22:08:05.395+0000] {logging_mixin.py:188} INFO - [2024-01-30T22:08:05.394+0000] {dag.py:3823} INFO - Setting next_dagrun for example_complex to None, run_after=None
[2024-01-30T22:08:05.430+0000] {processor.py:183} INFO - Processing /home/airflow/.local/lib/python3.8/site-packages/airflow/example_dags/example_complex.py took 0.124 seconds
[2024-01-30T22:08:35.669+0000] {processor.py:161} INFO - Started process (PID=1741) to work on /home/airflow/.local/lib/python3.8/site-packages/airflow/example_dags/example_complex.py
[2024-01-30T22:08:35.670+0000] {processor.py:830} INFO - Processing file /home/airflow/.local/lib/python3.8/site-packages/airflow/example_dags/example_complex.py for tasks to queue
[2024-01-30T22:08:35.671+0000] {logging_mixin.py:188} INFO - [2024-01-30T22:08:35.671+0000] {dagbag.py:538} INFO - Filling up the DagBag from /home/airflow/.local/lib/python3.8/site-packages/airflow/example_dags/example_complex.py
[2024-01-30T22:08:35.682+0000] {processor.py:840} INFO - DAG(s) 'example_complex' retrieved from /home/airflow/.local/lib/python3.8/site-packages/airflow/example_dags/example_complex.py
[2024-01-30T22:08:35.722+0000] {logging_mixin.py:188} INFO - [2024-01-30T22:08:35.721+0000] {dag.py:3036} INFO - Sync 1 DAGs
[2024-01-30T22:08:35.737+0000] {logging_mixin.py:188} INFO - [2024-01-30T22:08:35.737+0000] {dag.py:3823} INFO - Setting next_dagrun for example_complex to None, run_after=None
[2024-01-30T22:08:35.802+0000] {processor.py:183} INFO - Processing /home/airflow/.local/lib/python3.8/site-packages/airflow/example_dags/example_complex.py took 0.136 seconds
[2024-01-30T22:09:05.840+0000] {processor.py:161} INFO - Started process (PID=1797) to work on /home/airflow/.local/lib/python3.8/site-packages/airflow/example_dags/example_complex.py
[2024-01-30T22:09:05.841+0000] {processor.py:830} INFO - Processing file /home/airflow/.local/lib/python3.8/site-packages/airflow/example_dags/example_complex.py for tasks to queue
[2024-01-30T22:09:05.842+0000] {logging_mixin.py:188} INFO - [2024-01-30T22:09:05.842+0000] {dagbag.py:538} INFO - Filling up the DagBag from /home/airflow/.local/lib/python3.8/site-packages/airflow/example_dags/example_complex.py
[2024-01-30T22:09:05.852+0000] {processor.py:840} INFO - DAG(s) 'example_complex' retrieved from /home/airflow/.local/lib/python3.8/site-packages/airflow/example_dags/example_complex.py
[2024-01-30T22:09:05.866+0000] {logging_mixin.py:188} INFO - [2024-01-30T22:09:05.865+0000] {dag.py:3036} INFO - Sync 1 DAGs
[2024-01-30T22:09:05.880+0000] {logging_mixin.py:188} INFO - [2024-01-30T22:09:05.879+0000] {dag.py:3823} INFO - Setting next_dagrun for example_complex to None, run_after=None
[2024-01-30T22:09:05.910+0000] {processor.py:183} INFO - Processing /home/airflow/.local/lib/python3.8/site-packages/airflow/example_dags/example_complex.py took 0.073 seconds
[2024-01-30T22:09:36.135+0000] {processor.py:161} INFO - Started process (PID=1855) to work on /home/airflow/.local/lib/python3.8/site-packages/airflow/example_dags/example_complex.py
[2024-01-30T22:09:36.136+0000] {processor.py:830} INFO - Processing file /home/airflow/.local/lib/python3.8/site-packages/airflow/example_dags/example_complex.py for tasks to queue
[2024-01-30T22:09:36.138+0000] {logging_mixin.py:188} INFO - [2024-01-30T22:09:36.138+0000] {dagbag.py:538} INFO - Filling up the DagBag from /home/airflow/.local/lib/python3.8/site-packages/airflow/example_dags/example_complex.py
[2024-01-30T22:09:36.149+0000] {processor.py:840} INFO - DAG(s) 'example_complex' retrieved from /home/airflow/.local/lib/python3.8/site-packages/airflow/example_dags/example_complex.py
[2024-01-30T22:09:36.260+0000] {logging_mixin.py:188} INFO - [2024-01-30T22:09:36.260+0000] {dag.py:3036} INFO - Sync 1 DAGs
[2024-01-30T22:09:36.272+0000] {logging_mixin.py:188} INFO - [2024-01-30T22:09:36.272+0000] {dag.py:3823} INFO - Setting next_dagrun for example_complex to None, run_after=None
[2024-01-30T22:09:36.346+0000] {processor.py:183} INFO - Processing /home/airflow/.local/lib/python3.8/site-packages/airflow/example_dags/example_complex.py took 0.214 seconds
[2024-01-30T22:10:06.922+0000] {processor.py:161} INFO - Started process (PID=1912) to work on /home/airflow/.local/lib/python3.8/site-packages/airflow/example_dags/example_complex.py
[2024-01-30T22:10:06.923+0000] {processor.py:830} INFO - Processing file /home/airflow/.local/lib/python3.8/site-packages/airflow/example_dags/example_complex.py for tasks to queue
[2024-01-30T22:10:06.924+0000] {logging_mixin.py:188} INFO - [2024-01-30T22:10:06.924+0000] {dagbag.py:538} INFO - Filling up the DagBag from /home/airflow/.local/lib/python3.8/site-packages/airflow/example_dags/example_complex.py
[2024-01-30T22:10:06.934+0000] {processor.py:840} INFO - DAG(s) 'example_complex' retrieved from /home/airflow/.local/lib/python3.8/site-packages/airflow/example_dags/example_complex.py
[2024-01-30T22:10:06.963+0000] {logging_mixin.py:188} INFO - [2024-01-30T22:10:06.963+0000] {dag.py:3036} INFO - Sync 1 DAGs
[2024-01-30T22:10:06.976+0000] {logging_mixin.py:188} INFO - [2024-01-30T22:10:06.976+0000] {dag.py:3823} INFO - Setting next_dagrun for example_complex to None, run_after=None
[2024-01-30T22:10:07.049+0000] {processor.py:183} INFO - Processing /home/airflow/.local/lib/python3.8/site-packages/airflow/example_dags/example_complex.py took 0.129 seconds
[2024-01-30T22:10:38.589+0000] {processor.py:161} INFO - Started process (PID=1969) to work on /home/airflow/.local/lib/python3.8/site-packages/airflow/example_dags/example_complex.py
[2024-01-30T22:10:38.590+0000] {processor.py:830} INFO - Processing file /home/airflow/.local/lib/python3.8/site-packages/airflow/example_dags/example_complex.py for tasks to queue
[2024-01-30T22:10:38.592+0000] {logging_mixin.py:188} INFO - [2024-01-30T22:10:38.591+0000] {dagbag.py:538} INFO - Filling up the DagBag from /home/airflow/.local/lib/python3.8/site-packages/airflow/example_dags/example_complex.py
[2024-01-30T22:10:38.607+0000] {processor.py:840} INFO - DAG(s) 'example_complex' retrieved from /home/airflow/.local/lib/python3.8/site-packages/airflow/example_dags/example_complex.py
[2024-01-30T22:10:38.648+0000] {logging_mixin.py:188} INFO - [2024-01-30T22:10:38.648+0000] {dag.py:3036} INFO - Sync 1 DAGs
[2024-01-30T22:10:38.669+0000] {logging_mixin.py:188} INFO - [2024-01-30T22:10:38.669+0000] {dag.py:3823} INFO - Setting next_dagrun for example_complex to None, run_after=None
[2024-01-30T22:10:38.707+0000] {processor.py:183} INFO - Processing /home/airflow/.local/lib/python3.8/site-packages/airflow/example_dags/example_complex.py took 0.122 seconds
[2024-01-30T22:11:08.750+0000] {processor.py:161} INFO - Started process (PID=2025) to work on /home/airflow/.local/lib/python3.8/site-packages/airflow/example_dags/example_complex.py
[2024-01-30T22:11:08.752+0000] {processor.py:830} INFO - Processing file /home/airflow/.local/lib/python3.8/site-packages/airflow/example_dags/example_complex.py for tasks to queue
[2024-01-30T22:11:08.753+0000] {logging_mixin.py:188} INFO - [2024-01-30T22:11:08.753+0000] {dagbag.py:538} INFO - Filling up the DagBag from /home/airflow/.local/lib/python3.8/site-packages/airflow/example_dags/example_complex.py
[2024-01-30T22:11:08.764+0000] {processor.py:840} INFO - DAG(s) 'example_complex' retrieved from /home/airflow/.local/lib/python3.8/site-packages/airflow/example_dags/example_complex.py
[2024-01-30T22:11:08.794+0000] {logging_mixin.py:188} INFO - [2024-01-30T22:11:08.794+0000] {dag.py:3036} INFO - Sync 1 DAGs
[2024-01-30T22:11:08.807+0000] {logging_mixin.py:188} INFO - [2024-01-30T22:11:08.806+0000] {dag.py:3823} INFO - Setting next_dagrun for example_complex to None, run_after=None
[2024-01-30T22:11:08.834+0000] {processor.py:183} INFO - Processing /home/airflow/.local/lib/python3.8/site-packages/airflow/example_dags/example_complex.py took 0.087 seconds
[2024-01-30T22:11:40.225+0000] {processor.py:161} INFO - Started process (PID=2083) to work on /home/airflow/.local/lib/python3.8/site-packages/airflow/example_dags/example_complex.py
[2024-01-30T22:11:40.226+0000] {processor.py:830} INFO - Processing file /home/airflow/.local/lib/python3.8/site-packages/airflow/example_dags/example_complex.py for tasks to queue
[2024-01-30T22:11:40.228+0000] {logging_mixin.py:188} INFO - [2024-01-30T22:11:40.227+0000] {dagbag.py:538} INFO - Filling up the DagBag from /home/airflow/.local/lib/python3.8/site-packages/airflow/example_dags/example_complex.py
[2024-01-30T22:11:40.240+0000] {processor.py:840} INFO - DAG(s) 'example_complex' retrieved from /home/airflow/.local/lib/python3.8/site-packages/airflow/example_dags/example_complex.py
[2024-01-30T22:11:40.279+0000] {logging_mixin.py:188} INFO - [2024-01-30T22:11:40.278+0000] {dag.py:3036} INFO - Sync 1 DAGs
[2024-01-30T22:11:40.296+0000] {logging_mixin.py:188} INFO - [2024-01-30T22:11:40.296+0000] {dag.py:3823} INFO - Setting next_dagrun for example_complex to None, run_after=None
[2024-01-30T22:11:40.332+0000] {processor.py:183} INFO - Processing /home/airflow/.local/lib/python3.8/site-packages/airflow/example_dags/example_complex.py took 0.111 seconds
[2024-01-30T22:12:11.509+0000] {processor.py:161} INFO - Started process (PID=2140) to work on /home/airflow/.local/lib/python3.8/site-packages/airflow/example_dags/example_complex.py
[2024-01-30T22:12:11.511+0000] {processor.py:830} INFO - Processing file /home/airflow/.local/lib/python3.8/site-packages/airflow/example_dags/example_complex.py for tasks to queue
[2024-01-30T22:12:11.512+0000] {logging_mixin.py:188} INFO - [2024-01-30T22:12:11.512+0000] {dagbag.py:538} INFO - Filling up the DagBag from /home/airflow/.local/lib/python3.8/site-packages/airflow/example_dags/example_complex.py
[2024-01-30T22:12:11.527+0000] {processor.py:840} INFO - DAG(s) 'example_complex' retrieved from /home/airflow/.local/lib/python3.8/site-packages/airflow/example_dags/example_complex.py
[2024-01-30T22:12:11.567+0000] {logging_mixin.py:188} INFO - [2024-01-30T22:12:11.567+0000] {dag.py:3036} INFO - Sync 1 DAGs
[2024-01-30T22:12:11.584+0000] {logging_mixin.py:188} INFO - [2024-01-30T22:12:11.583+0000] {dag.py:3823} INFO - Setting next_dagrun for example_complex to None, run_after=None
[2024-01-30T22:12:11.620+0000] {processor.py:183} INFO - Processing /home/airflow/.local/lib/python3.8/site-packages/airflow/example_dags/example_complex.py took 0.113 seconds
[2024-01-30T22:12:42.338+0000] {processor.py:161} INFO - Started process (PID=2197) to work on /home/airflow/.local/lib/python3.8/site-packages/airflow/example_dags/example_complex.py
[2024-01-30T22:12:42.339+0000] {processor.py:830} INFO - Processing file /home/airflow/.local/lib/python3.8/site-packages/airflow/example_dags/example_complex.py for tasks to queue
[2024-01-30T22:12:42.341+0000] {logging_mixin.py:188} INFO - [2024-01-30T22:12:42.340+0000] {dagbag.py:538} INFO - Filling up the DagBag from /home/airflow/.local/lib/python3.8/site-packages/airflow/example_dags/example_complex.py
[2024-01-30T22:12:42.354+0000] {processor.py:840} INFO - DAG(s) 'example_complex' retrieved from /home/airflow/.local/lib/python3.8/site-packages/airflow/example_dags/example_complex.py
[2024-01-30T22:12:42.392+0000] {logging_mixin.py:188} INFO - [2024-01-30T22:12:42.391+0000] {dag.py:3036} INFO - Sync 1 DAGs
[2024-01-30T22:12:42.407+0000] {logging_mixin.py:188} INFO - [2024-01-30T22:12:42.407+0000] {dag.py:3823} INFO - Setting next_dagrun for example_complex to None, run_after=None
[2024-01-30T22:12:42.438+0000] {processor.py:183} INFO - Processing /home/airflow/.local/lib/python3.8/site-packages/airflow/example_dags/example_complex.py took 0.104 seconds
[2024-01-30T22:13:12.630+0000] {processor.py:161} INFO - Started process (PID=2252) to work on /home/airflow/.local/lib/python3.8/site-packages/airflow/example_dags/example_complex.py
[2024-01-30T22:13:12.632+0000] {processor.py:830} INFO - Processing file /home/airflow/.local/lib/python3.8/site-packages/airflow/example_dags/example_complex.py for tasks to queue
[2024-01-30T22:13:12.633+0000] {logging_mixin.py:188} INFO - [2024-01-30T22:13:12.633+0000] {dagbag.py:538} INFO - Filling up the DagBag from /home/airflow/.local/lib/python3.8/site-packages/airflow/example_dags/example_complex.py
[2024-01-30T22:13:12.644+0000] {processor.py:840} INFO - DAG(s) 'example_complex' retrieved from /home/airflow/.local/lib/python3.8/site-packages/airflow/example_dags/example_complex.py
[2024-01-30T22:13:12.691+0000] {logging_mixin.py:188} INFO - [2024-01-30T22:13:12.690+0000] {dag.py:3036} INFO - Sync 1 DAGs
[2024-01-30T22:13:12.707+0000] {logging_mixin.py:188} INFO - [2024-01-30T22:13:12.707+0000] {dag.py:3823} INFO - Setting next_dagrun for example_complex to None, run_after=None
[2024-01-30T22:13:12.741+0000] {processor.py:183} INFO - Processing /home/airflow/.local/lib/python3.8/site-packages/airflow/example_dags/example_complex.py took 0.114 seconds
[2024-01-30T22:13:42.908+0000] {processor.py:161} INFO - Started process (PID=2309) to work on /home/airflow/.local/lib/python3.8/site-packages/airflow/example_dags/example_complex.py
[2024-01-30T22:13:42.909+0000] {processor.py:830} INFO - Processing file /home/airflow/.local/lib/python3.8/site-packages/airflow/example_dags/example_complex.py for tasks to queue
[2024-01-30T22:13:42.911+0000] {logging_mixin.py:188} INFO - [2024-01-30T22:13:42.911+0000] {dagbag.py:538} INFO - Filling up the DagBag from /home/airflow/.local/lib/python3.8/site-packages/airflow/example_dags/example_complex.py
[2024-01-30T22:13:42.921+0000] {processor.py:840} INFO - DAG(s) 'example_complex' retrieved from /home/airflow/.local/lib/python3.8/site-packages/airflow/example_dags/example_complex.py
[2024-01-30T22:13:42.953+0000] {logging_mixin.py:188} INFO - [2024-01-30T22:13:42.953+0000] {dag.py:3036} INFO - Sync 1 DAGs
[2024-01-30T22:13:42.968+0000] {logging_mixin.py:188} INFO - [2024-01-30T22:13:42.968+0000] {dag.py:3823} INFO - Setting next_dagrun for example_complex to None, run_after=None
[2024-01-30T22:13:42.998+0000] {processor.py:183} INFO - Processing /home/airflow/.local/lib/python3.8/site-packages/airflow/example_dags/example_complex.py took 0.093 seconds
[2024-01-30T22:14:18.982+0000] {processor.py:161} INFO - Started process (PID=2364) to work on /home/airflow/.local/lib/python3.8/site-packages/airflow/example_dags/example_complex.py
[2024-01-30T22:14:18.984+0000] {processor.py:830} INFO - Processing file /home/airflow/.local/lib/python3.8/site-packages/airflow/example_dags/example_complex.py for tasks to queue
[2024-01-30T22:14:18.985+0000] {logging_mixin.py:188} INFO - [2024-01-30T22:14:18.985+0000] {dagbag.py:538} INFO - Filling up the DagBag from /home/airflow/.local/lib/python3.8/site-packages/airflow/example_dags/example_complex.py
[2024-01-30T22:14:18.999+0000] {processor.py:840} INFO - DAG(s) 'example_complex' retrieved from /home/airflow/.local/lib/python3.8/site-packages/airflow/example_dags/example_complex.py
[2024-01-30T22:14:19.034+0000] {logging_mixin.py:188} INFO - [2024-01-30T22:14:19.034+0000] {dag.py:3036} INFO - Sync 1 DAGs
[2024-01-30T22:14:19.051+0000] {logging_mixin.py:188} INFO - [2024-01-30T22:14:19.050+0000] {dag.py:3823} INFO - Setting next_dagrun for example_complex to None, run_after=None
[2024-01-30T22:14:19.082+0000] {processor.py:183} INFO - Processing /home/airflow/.local/lib/python3.8/site-packages/airflow/example_dags/example_complex.py took 0.103 seconds
[2024-01-30T22:14:49.173+0000] {processor.py:161} INFO - Started process (PID=2422) to work on /home/airflow/.local/lib/python3.8/site-packages/airflow/example_dags/example_complex.py
[2024-01-30T22:14:49.174+0000] {processor.py:830} INFO - Processing file /home/airflow/.local/lib/python3.8/site-packages/airflow/example_dags/example_complex.py for tasks to queue
[2024-01-30T22:14:49.175+0000] {logging_mixin.py:188} INFO - [2024-01-30T22:14:49.175+0000] {dagbag.py:538} INFO - Filling up the DagBag from /home/airflow/.local/lib/python3.8/site-packages/airflow/example_dags/example_complex.py
[2024-01-30T22:14:49.186+0000] {processor.py:840} INFO - DAG(s) 'example_complex' retrieved from /home/airflow/.local/lib/python3.8/site-packages/airflow/example_dags/example_complex.py
[2024-01-30T22:14:49.224+0000] {logging_mixin.py:188} INFO - [2024-01-30T22:14:49.223+0000] {dag.py:3036} INFO - Sync 1 DAGs
[2024-01-30T22:14:49.238+0000] {logging_mixin.py:188} INFO - [2024-01-30T22:14:49.237+0000] {dag.py:3823} INFO - Setting next_dagrun for example_complex to None, run_after=None
[2024-01-30T22:14:49.270+0000] {processor.py:183} INFO - Processing /home/airflow/.local/lib/python3.8/site-packages/airflow/example_dags/example_complex.py took 0.099 seconds
[2024-01-30T22:15:19.857+0000] {processor.py:161} INFO - Started process (PID=2478) to work on /home/airflow/.local/lib/python3.8/site-packages/airflow/example_dags/example_complex.py
[2024-01-30T22:15:19.858+0000] {processor.py:830} INFO - Processing file /home/airflow/.local/lib/python3.8/site-packages/airflow/example_dags/example_complex.py for tasks to queue
[2024-01-30T22:15:19.860+0000] {logging_mixin.py:188} INFO - [2024-01-30T22:15:19.860+0000] {dagbag.py:538} INFO - Filling up the DagBag from /home/airflow/.local/lib/python3.8/site-packages/airflow/example_dags/example_complex.py
[2024-01-30T22:15:19.872+0000] {processor.py:840} INFO - DAG(s) 'example_complex' retrieved from /home/airflow/.local/lib/python3.8/site-packages/airflow/example_dags/example_complex.py
[2024-01-30T22:15:19.911+0000] {logging_mixin.py:188} INFO - [2024-01-30T22:15:19.911+0000] {dag.py:3036} INFO - Sync 1 DAGs
[2024-01-30T22:15:19.927+0000] {logging_mixin.py:188} INFO - [2024-01-30T22:15:19.926+0000] {dag.py:3823} INFO - Setting next_dagrun for example_complex to None, run_after=None
[2024-01-30T22:15:19.962+0000] {processor.py:183} INFO - Processing /home/airflow/.local/lib/python3.8/site-packages/airflow/example_dags/example_complex.py took 0.108 seconds
[2024-01-30T22:15:50.670+0000] {processor.py:161} INFO - Started process (PID=2543) to work on /home/airflow/.local/lib/python3.8/site-packages/airflow/example_dags/example_complex.py
[2024-01-30T22:15:50.672+0000] {processor.py:830} INFO - Processing file /home/airflow/.local/lib/python3.8/site-packages/airflow/example_dags/example_complex.py for tasks to queue
[2024-01-30T22:15:50.673+0000] {logging_mixin.py:188} INFO - [2024-01-30T22:15:50.673+0000] {dagbag.py:538} INFO - Filling up the DagBag from /home/airflow/.local/lib/python3.8/site-packages/airflow/example_dags/example_complex.py
[2024-01-30T22:15:50.686+0000] {processor.py:840} INFO - DAG(s) 'example_complex' retrieved from /home/airflow/.local/lib/python3.8/site-packages/airflow/example_dags/example_complex.py
[2024-01-30T22:15:50.729+0000] {logging_mixin.py:188} INFO - [2024-01-30T22:15:50.728+0000] {dag.py:3036} INFO - Sync 1 DAGs
[2024-01-30T22:15:50.746+0000] {logging_mixin.py:188} INFO - [2024-01-30T22:15:50.746+0000] {dag.py:3823} INFO - Setting next_dagrun for example_complex to None, run_after=None
[2024-01-30T22:15:50.781+0000] {processor.py:183} INFO - Processing /home/airflow/.local/lib/python3.8/site-packages/airflow/example_dags/example_complex.py took 0.114 seconds
[2024-01-30T22:16:21.089+0000] {processor.py:161} INFO - Started process (PID=2604) to work on /home/airflow/.local/lib/python3.8/site-packages/airflow/example_dags/example_complex.py
[2024-01-30T22:16:21.090+0000] {processor.py:830} INFO - Processing file /home/airflow/.local/lib/python3.8/site-packages/airflow/example_dags/example_complex.py for tasks to queue
[2024-01-30T22:16:21.091+0000] {logging_mixin.py:188} INFO - [2024-01-30T22:16:21.091+0000] {dagbag.py:538} INFO - Filling up the DagBag from /home/airflow/.local/lib/python3.8/site-packages/airflow/example_dags/example_complex.py
[2024-01-30T22:16:21.103+0000] {processor.py:840} INFO - DAG(s) 'example_complex' retrieved from /home/airflow/.local/lib/python3.8/site-packages/airflow/example_dags/example_complex.py
[2024-01-30T22:16:21.139+0000] {logging_mixin.py:188} INFO - [2024-01-30T22:16:21.139+0000] {dag.py:3036} INFO - Sync 1 DAGs
[2024-01-30T22:16:21.154+0000] {logging_mixin.py:188} INFO - [2024-01-30T22:16:21.154+0000] {dag.py:3823} INFO - Setting next_dagrun for example_complex to None, run_after=None
[2024-01-30T22:16:21.181+0000] {processor.py:183} INFO - Processing /home/airflow/.local/lib/python3.8/site-packages/airflow/example_dags/example_complex.py took 0.095 seconds
[2024-01-30T22:16:52.097+0000] {processor.py:161} INFO - Started process (PID=2662) to work on /home/airflow/.local/lib/python3.8/site-packages/airflow/example_dags/example_complex.py
[2024-01-30T22:16:52.099+0000] {processor.py:830} INFO - Processing file /home/airflow/.local/lib/python3.8/site-packages/airflow/example_dags/example_complex.py for tasks to queue
[2024-01-30T22:16:52.100+0000] {logging_mixin.py:188} INFO - [2024-01-30T22:16:52.100+0000] {dagbag.py:538} INFO - Filling up the DagBag from /home/airflow/.local/lib/python3.8/site-packages/airflow/example_dags/example_complex.py
[2024-01-30T22:16:52.111+0000] {processor.py:840} INFO - DAG(s) 'example_complex' retrieved from /home/airflow/.local/lib/python3.8/site-packages/airflow/example_dags/example_complex.py
[2024-01-30T22:16:52.148+0000] {logging_mixin.py:188} INFO - [2024-01-30T22:16:52.148+0000] {dag.py:3036} INFO - Sync 1 DAGs
[2024-01-30T22:16:52.166+0000] {logging_mixin.py:188} INFO - [2024-01-30T22:16:52.166+0000] {dag.py:3823} INFO - Setting next_dagrun for example_complex to None, run_after=None
[2024-01-30T22:16:52.197+0000] {processor.py:183} INFO - Processing /home/airflow/.local/lib/python3.8/site-packages/airflow/example_dags/example_complex.py took 0.103 seconds
[2024-01-30T22:17:24.034+0000] {processor.py:161} INFO - Started process (PID=2717) to work on /home/airflow/.local/lib/python3.8/site-packages/airflow/example_dags/example_complex.py
[2024-01-30T22:17:24.035+0000] {processor.py:830} INFO - Processing file /home/airflow/.local/lib/python3.8/site-packages/airflow/example_dags/example_complex.py for tasks to queue
[2024-01-30T22:17:24.036+0000] {logging_mixin.py:188} INFO - [2024-01-30T22:17:24.036+0000] {dagbag.py:538} INFO - Filling up the DagBag from /home/airflow/.local/lib/python3.8/site-packages/airflow/example_dags/example_complex.py
[2024-01-30T22:17:24.049+0000] {processor.py:840} INFO - DAG(s) 'example_complex' retrieved from /home/airflow/.local/lib/python3.8/site-packages/airflow/example_dags/example_complex.py
[2024-01-30T22:17:24.087+0000] {logging_mixin.py:188} INFO - [2024-01-30T22:17:24.087+0000] {dag.py:3036} INFO - Sync 1 DAGs
[2024-01-30T22:17:24.104+0000] {logging_mixin.py:188} INFO - [2024-01-30T22:17:24.103+0000] {dag.py:3823} INFO - Setting next_dagrun for example_complex to None, run_after=None
[2024-01-30T22:17:24.139+0000] {processor.py:183} INFO - Processing /home/airflow/.local/lib/python3.8/site-packages/airflow/example_dags/example_complex.py took 0.109 seconds
[2024-01-30T22:17:54.693+0000] {processor.py:161} INFO - Started process (PID=2780) to work on /home/airflow/.local/lib/python3.8/site-packages/airflow/example_dags/example_complex.py
[2024-01-30T22:17:54.694+0000] {processor.py:830} INFO - Processing file /home/airflow/.local/lib/python3.8/site-packages/airflow/example_dags/example_complex.py for tasks to queue
[2024-01-30T22:17:54.696+0000] {logging_mixin.py:188} INFO - [2024-01-30T22:17:54.695+0000] {dagbag.py:538} INFO - Filling up the DagBag from /home/airflow/.local/lib/python3.8/site-packages/airflow/example_dags/example_complex.py
[2024-01-30T22:17:54.711+0000] {processor.py:840} INFO - DAG(s) 'example_complex' retrieved from /home/airflow/.local/lib/python3.8/site-packages/airflow/example_dags/example_complex.py
[2024-01-30T22:17:54.756+0000] {logging_mixin.py:188} INFO - [2024-01-30T22:17:54.755+0000] {dag.py:3036} INFO - Sync 1 DAGs
[2024-01-30T22:17:54.773+0000] {logging_mixin.py:188} INFO - [2024-01-30T22:17:54.772+0000] {dag.py:3823} INFO - Setting next_dagrun for example_complex to None, run_after=None
[2024-01-30T22:17:54.807+0000] {processor.py:183} INFO - Processing /home/airflow/.local/lib/python3.8/site-packages/airflow/example_dags/example_complex.py took 0.117 seconds
[2024-01-30T22:18:25.011+0000] {processor.py:161} INFO - Started process (PID=2838) to work on /home/airflow/.local/lib/python3.8/site-packages/airflow/example_dags/example_complex.py
[2024-01-30T22:18:25.012+0000] {processor.py:830} INFO - Processing file /home/airflow/.local/lib/python3.8/site-packages/airflow/example_dags/example_complex.py for tasks to queue
[2024-01-30T22:18:25.014+0000] {logging_mixin.py:188} INFO - [2024-01-30T22:18:25.013+0000] {dagbag.py:538} INFO - Filling up the DagBag from /home/airflow/.local/lib/python3.8/site-packages/airflow/example_dags/example_complex.py
[2024-01-30T22:18:25.026+0000] {processor.py:840} INFO - DAG(s) 'example_complex' retrieved from /home/airflow/.local/lib/python3.8/site-packages/airflow/example_dags/example_complex.py
[2024-01-30T22:18:25.066+0000] {logging_mixin.py:188} INFO - [2024-01-30T22:18:25.066+0000] {dag.py:3036} INFO - Sync 1 DAGs
[2024-01-30T22:18:25.081+0000] {logging_mixin.py:188} INFO - [2024-01-30T22:18:25.080+0000] {dag.py:3823} INFO - Setting next_dagrun for example_complex to None, run_after=None
[2024-01-30T22:18:25.109+0000] {processor.py:183} INFO - Processing /home/airflow/.local/lib/python3.8/site-packages/airflow/example_dags/example_complex.py took 0.102 seconds
[2024-01-30T22:18:56.210+0000] {processor.py:161} INFO - Started process (PID=2895) to work on /home/airflow/.local/lib/python3.8/site-packages/airflow/example_dags/example_complex.py
[2024-01-30T22:18:56.211+0000] {processor.py:830} INFO - Processing file /home/airflow/.local/lib/python3.8/site-packages/airflow/example_dags/example_complex.py for tasks to queue
[2024-01-30T22:18:56.212+0000] {logging_mixin.py:188} INFO - [2024-01-30T22:18:56.212+0000] {dagbag.py:538} INFO - Filling up the DagBag from /home/airflow/.local/lib/python3.8/site-packages/airflow/example_dags/example_complex.py
[2024-01-30T22:18:56.224+0000] {processor.py:840} INFO - DAG(s) 'example_complex' retrieved from /home/airflow/.local/lib/python3.8/site-packages/airflow/example_dags/example_complex.py
[2024-01-30T22:18:56.380+0000] {logging_mixin.py:188} INFO - [2024-01-30T22:18:56.380+0000] {dag.py:3036} INFO - Sync 1 DAGs
[2024-01-30T22:18:56.391+0000] {logging_mixin.py:188} INFO - [2024-01-30T22:18:56.391+0000] {dag.py:3823} INFO - Setting next_dagrun for example_complex to None, run_after=None
[2024-01-30T22:18:56.417+0000] {processor.py:183} INFO - Processing /home/airflow/.local/lib/python3.8/site-packages/airflow/example_dags/example_complex.py took 0.210 seconds
[2024-01-30T22:19:27.240+0000] {processor.py:161} INFO - Started process (PID=2952) to work on /home/airflow/.local/lib/python3.8/site-packages/airflow/example_dags/example_complex.py
[2024-01-30T22:19:27.241+0000] {processor.py:830} INFO - Processing file /home/airflow/.local/lib/python3.8/site-packages/airflow/example_dags/example_complex.py for tasks to queue
[2024-01-30T22:19:27.242+0000] {logging_mixin.py:188} INFO - [2024-01-30T22:19:27.242+0000] {dagbag.py:538} INFO - Filling up the DagBag from /home/airflow/.local/lib/python3.8/site-packages/airflow/example_dags/example_complex.py
[2024-01-30T22:19:27.252+0000] {processor.py:840} INFO - DAG(s) 'example_complex' retrieved from /home/airflow/.local/lib/python3.8/site-packages/airflow/example_dags/example_complex.py
[2024-01-30T22:19:27.285+0000] {logging_mixin.py:188} INFO - [2024-01-30T22:19:27.284+0000] {dag.py:3036} INFO - Sync 1 DAGs
[2024-01-30T22:19:27.529+0000] {logging_mixin.py:188} INFO - [2024-01-30T22:19:27.529+0000] {dag.py:3823} INFO - Setting next_dagrun for example_complex to None, run_after=None
[2024-01-30T22:19:27.579+0000] {processor.py:183} INFO - Processing /home/airflow/.local/lib/python3.8/site-packages/airflow/example_dags/example_complex.py took 0.341 seconds
[2024-01-30T22:19:57.730+0000] {processor.py:161} INFO - Started process (PID=3009) to work on /home/airflow/.local/lib/python3.8/site-packages/airflow/example_dags/example_complex.py
[2024-01-30T22:19:57.731+0000] {processor.py:830} INFO - Processing file /home/airflow/.local/lib/python3.8/site-packages/airflow/example_dags/example_complex.py for tasks to queue
[2024-01-30T22:19:57.733+0000] {logging_mixin.py:188} INFO - [2024-01-30T22:19:57.732+0000] {dagbag.py:538} INFO - Filling up the DagBag from /home/airflow/.local/lib/python3.8/site-packages/airflow/example_dags/example_complex.py
[2024-01-30T22:19:57.744+0000] {processor.py:840} INFO - DAG(s) 'example_complex' retrieved from /home/airflow/.local/lib/python3.8/site-packages/airflow/example_dags/example_complex.py
[2024-01-30T22:19:57.775+0000] {logging_mixin.py:188} INFO - [2024-01-30T22:19:57.775+0000] {dag.py:3036} INFO - Sync 1 DAGs
[2024-01-30T22:19:57.788+0000] {logging_mixin.py:188} INFO - [2024-01-30T22:19:57.788+0000] {dag.py:3823} INFO - Setting next_dagrun for example_complex to None, run_after=None
[2024-01-30T22:19:57.814+0000] {processor.py:183} INFO - Processing /home/airflow/.local/lib/python3.8/site-packages/airflow/example_dags/example_complex.py took 0.086 seconds
[2024-01-30T22:20:28.611+0000] {processor.py:161} INFO - Started process (PID=3066) to work on /home/airflow/.local/lib/python3.8/site-packages/airflow/example_dags/example_complex.py
[2024-01-30T22:20:28.612+0000] {processor.py:830} INFO - Processing file /home/airflow/.local/lib/python3.8/site-packages/airflow/example_dags/example_complex.py for tasks to queue
[2024-01-30T22:20:28.613+0000] {logging_mixin.py:188} INFO - [2024-01-30T22:20:28.613+0000] {dagbag.py:538} INFO - Filling up the DagBag from /home/airflow/.local/lib/python3.8/site-packages/airflow/example_dags/example_complex.py
[2024-01-30T22:20:28.623+0000] {processor.py:840} INFO - DAG(s) 'example_complex' retrieved from /home/airflow/.local/lib/python3.8/site-packages/airflow/example_dags/example_complex.py
[2024-01-30T22:20:28.658+0000] {logging_mixin.py:188} INFO - [2024-01-30T22:20:28.657+0000] {dag.py:3036} INFO - Sync 1 DAGs
[2024-01-30T22:20:28.670+0000] {logging_mixin.py:188} INFO - [2024-01-30T22:20:28.669+0000] {dag.py:3823} INFO - Setting next_dagrun for example_complex to None, run_after=None
[2024-01-30T22:20:28.698+0000] {processor.py:183} INFO - Processing /home/airflow/.local/lib/python3.8/site-packages/airflow/example_dags/example_complex.py took 0.089 seconds
[2024-01-30T22:20:58.749+0000] {processor.py:161} INFO - Started process (PID=3123) to work on /home/airflow/.local/lib/python3.8/site-packages/airflow/example_dags/example_complex.py
[2024-01-30T22:20:58.751+0000] {processor.py:830} INFO - Processing file /home/airflow/.local/lib/python3.8/site-packages/airflow/example_dags/example_complex.py for tasks to queue
[2024-01-30T22:20:58.752+0000] {logging_mixin.py:188} INFO - [2024-01-30T22:20:58.752+0000] {dagbag.py:538} INFO - Filling up the DagBag from /home/airflow/.local/lib/python3.8/site-packages/airflow/example_dags/example_complex.py
[2024-01-30T22:20:58.763+0000] {processor.py:840} INFO - DAG(s) 'example_complex' retrieved from /home/airflow/.local/lib/python3.8/site-packages/airflow/example_dags/example_complex.py
[2024-01-30T22:20:58.794+0000] {logging_mixin.py:188} INFO - [2024-01-30T22:20:58.794+0000] {dag.py:3036} INFO - Sync 1 DAGs
[2024-01-30T22:20:58.807+0000] {logging_mixin.py:188} INFO - [2024-01-30T22:20:58.807+0000] {dag.py:3823} INFO - Setting next_dagrun for example_complex to None, run_after=None
[2024-01-30T22:20:58.831+0000] {processor.py:183} INFO - Processing /home/airflow/.local/lib/python3.8/site-packages/airflow/example_dags/example_complex.py took 0.084 seconds
[2024-01-30T22:21:29.541+0000] {processor.py:161} INFO - Started process (PID=3180) to work on /home/airflow/.local/lib/python3.8/site-packages/airflow/example_dags/example_complex.py
[2024-01-30T22:21:29.542+0000] {processor.py:830} INFO - Processing file /home/airflow/.local/lib/python3.8/site-packages/airflow/example_dags/example_complex.py for tasks to queue
[2024-01-30T22:21:29.543+0000] {logging_mixin.py:188} INFO - [2024-01-30T22:21:29.543+0000] {dagbag.py:538} INFO - Filling up the DagBag from /home/airflow/.local/lib/python3.8/site-packages/airflow/example_dags/example_complex.py
[2024-01-30T22:21:29.553+0000] {processor.py:840} INFO - DAG(s) 'example_complex' retrieved from /home/airflow/.local/lib/python3.8/site-packages/airflow/example_dags/example_complex.py
[2024-01-30T22:21:29.586+0000] {logging_mixin.py:188} INFO - [2024-01-30T22:21:29.585+0000] {dag.py:3036} INFO - Sync 1 DAGs
[2024-01-30T22:21:29.598+0000] {logging_mixin.py:188} INFO - [2024-01-30T22:21:29.598+0000] {dag.py:3823} INFO - Setting next_dagrun for example_complex to None, run_after=None
[2024-01-30T22:21:29.624+0000] {processor.py:183} INFO - Processing /home/airflow/.local/lib/python3.8/site-packages/airflow/example_dags/example_complex.py took 0.086 seconds
[2024-01-30T22:21:59.950+0000] {processor.py:161} INFO - Started process (PID=3237) to work on /home/airflow/.local/lib/python3.8/site-packages/airflow/example_dags/example_complex.py
[2024-01-30T22:21:59.952+0000] {processor.py:830} INFO - Processing file /home/airflow/.local/lib/python3.8/site-packages/airflow/example_dags/example_complex.py for tasks to queue
[2024-01-30T22:21:59.954+0000] {logging_mixin.py:188} INFO - [2024-01-30T22:21:59.953+0000] {dagbag.py:538} INFO - Filling up the DagBag from /home/airflow/.local/lib/python3.8/site-packages/airflow/example_dags/example_complex.py
[2024-01-30T22:21:59.970+0000] {processor.py:840} INFO - DAG(s) 'example_complex' retrieved from /home/airflow/.local/lib/python3.8/site-packages/airflow/example_dags/example_complex.py
[2024-01-30T22:22:00.022+0000] {logging_mixin.py:188} INFO - [2024-01-30T22:22:00.022+0000] {dag.py:3036} INFO - Sync 1 DAGs
[2024-01-30T22:22:00.042+0000] {logging_mixin.py:188} INFO - [2024-01-30T22:22:00.041+0000] {dag.py:3823} INFO - Setting next_dagrun for example_complex to None, run_after=None
[2024-01-30T22:22:00.075+0000] {processor.py:183} INFO - Processing /home/airflow/.local/lib/python3.8/site-packages/airflow/example_dags/example_complex.py took 0.128 seconds
[2024-01-30T22:22:30.412+0000] {processor.py:161} INFO - Started process (PID=3294) to work on /home/airflow/.local/lib/python3.8/site-packages/airflow/example_dags/example_complex.py
[2024-01-30T22:22:30.413+0000] {processor.py:830} INFO - Processing file /home/airflow/.local/lib/python3.8/site-packages/airflow/example_dags/example_complex.py for tasks to queue
[2024-01-30T22:22:30.415+0000] {logging_mixin.py:188} INFO - [2024-01-30T22:22:30.414+0000] {dagbag.py:538} INFO - Filling up the DagBag from /home/airflow/.local/lib/python3.8/site-packages/airflow/example_dags/example_complex.py
[2024-01-30T22:22:30.425+0000] {processor.py:840} INFO - DAG(s) 'example_complex' retrieved from /home/airflow/.local/lib/python3.8/site-packages/airflow/example_dags/example_complex.py
[2024-01-30T22:22:30.456+0000] {logging_mixin.py:188} INFO - [2024-01-30T22:22:30.455+0000] {dag.py:3036} INFO - Sync 1 DAGs
[2024-01-30T22:22:30.468+0000] {logging_mixin.py:188} INFO - [2024-01-30T22:22:30.468+0000] {dag.py:3823} INFO - Setting next_dagrun for example_complex to None, run_after=None
[2024-01-30T22:22:30.494+0000] {processor.py:183} INFO - Processing /home/airflow/.local/lib/python3.8/site-packages/airflow/example_dags/example_complex.py took 0.084 seconds
[2024-01-30T22:23:00.945+0000] {processor.py:161} INFO - Started process (PID=3351) to work on /home/airflow/.local/lib/python3.8/site-packages/airflow/example_dags/example_complex.py
[2024-01-30T22:23:00.946+0000] {processor.py:830} INFO - Processing file /home/airflow/.local/lib/python3.8/site-packages/airflow/example_dags/example_complex.py for tasks to queue
[2024-01-30T22:23:00.948+0000] {logging_mixin.py:188} INFO - [2024-01-30T22:23:00.947+0000] {dagbag.py:538} INFO - Filling up the DagBag from /home/airflow/.local/lib/python3.8/site-packages/airflow/example_dags/example_complex.py
[2024-01-30T22:23:00.957+0000] {processor.py:840} INFO - DAG(s) 'example_complex' retrieved from /home/airflow/.local/lib/python3.8/site-packages/airflow/example_dags/example_complex.py
[2024-01-30T22:23:00.988+0000] {logging_mixin.py:188} INFO - [2024-01-30T22:23:00.987+0000] {dag.py:3036} INFO - Sync 1 DAGs
[2024-01-30T22:23:01.001+0000] {logging_mixin.py:188} INFO - [2024-01-30T22:23:01.000+0000] {dag.py:3823} INFO - Setting next_dagrun for example_complex to None, run_after=None
[2024-01-30T22:23:01.026+0000] {processor.py:183} INFO - Processing /home/airflow/.local/lib/python3.8/site-packages/airflow/example_dags/example_complex.py took 0.083 seconds
