[2024-01-30T21:53:11.310+0000] {processor.py:161} INFO - Started process (PID=65) to work on /home/airflow/.local/lib/python3.8/site-packages/airflow/example_dags/example_latest_only.py
[2024-01-30T21:53:11.311+0000] {processor.py:830} INFO - Processing file /home/airflow/.local/lib/python3.8/site-packages/airflow/example_dags/example_latest_only.py for tasks to queue
[2024-01-30T21:53:11.315+0000] {logging_mixin.py:188} INFO - [2024-01-30T21:53:11.314+0000] {dagbag.py:538} INFO - Filling up the DagBag from /home/airflow/.local/lib/python3.8/site-packages/airflow/example_dags/example_latest_only.py
[2024-01-30T21:53:11.345+0000] {processor.py:840} INFO - DAG(s) 'latest_only' retrieved from /home/airflow/.local/lib/python3.8/site-packages/airflow/example_dags/example_latest_only.py
[2024-01-30T21:53:11.535+0000] {logging_mixin.py:188} INFO - [2024-01-30T21:53:11.535+0000] {dag.py:3036} INFO - Sync 1 DAGs
[2024-01-30T21:53:11.579+0000] {logging_mixin.py:188} INFO - [2024-01-30T21:53:11.578+0000] {dag.py:3823} INFO - Setting next_dagrun for latest_only to 2024-01-30 16:00:00+00:00, run_after=2024-01-30 20:00:00+00:00
[2024-01-30T21:53:11.708+0000] {processor.py:183} INFO - Processing /home/airflow/.local/lib/python3.8/site-packages/airflow/example_dags/example_latest_only.py took 0.403 seconds
[2024-01-30T21:53:50.128+0000] {processor.py:161} INFO - Started process (PID=120) to work on /home/airflow/.local/lib/python3.8/site-packages/airflow/example_dags/example_latest_only.py
[2024-01-30T21:53:50.130+0000] {processor.py:830} INFO - Processing file /home/airflow/.local/lib/python3.8/site-packages/airflow/example_dags/example_latest_only.py for tasks to queue
[2024-01-30T21:53:50.257+0000] {logging_mixin.py:188} INFO - [2024-01-30T21:53:50.242+0000] {dagbag.py:538} INFO - Filling up the DagBag from /home/airflow/.local/lib/python3.8/site-packages/airflow/example_dags/example_latest_only.py
[2024-01-30T21:53:51.277+0000] {processor.py:840} INFO - DAG(s) 'latest_only' retrieved from /home/airflow/.local/lib/python3.8/site-packages/airflow/example_dags/example_latest_only.py
[2024-01-30T21:53:51.875+0000] {logging_mixin.py:188} INFO - [2024-01-30T21:53:51.875+0000] {dag.py:3036} INFO - Sync 1 DAGs
[2024-01-30T21:53:52.051+0000] {logging_mixin.py:188} INFO - [2024-01-30T21:53:52.051+0000] {dag.py:3823} INFO - Setting next_dagrun for latest_only to 2024-01-30 16:00:00+00:00, run_after=2024-01-30 20:00:00+00:00
[2024-01-30T21:53:52.196+0000] {processor.py:183} INFO - Processing /home/airflow/.local/lib/python3.8/site-packages/airflow/example_dags/example_latest_only.py took 2.071 seconds
[2024-01-30T21:54:22.768+0000] {processor.py:161} INFO - Started process (PID=175) to work on /home/airflow/.local/lib/python3.8/site-packages/airflow/example_dags/example_latest_only.py
[2024-01-30T21:54:22.769+0000] {processor.py:830} INFO - Processing file /home/airflow/.local/lib/python3.8/site-packages/airflow/example_dags/example_latest_only.py for tasks to queue
[2024-01-30T21:54:22.772+0000] {logging_mixin.py:188} INFO - [2024-01-30T21:54:22.771+0000] {dagbag.py:538} INFO - Filling up the DagBag from /home/airflow/.local/lib/python3.8/site-packages/airflow/example_dags/example_latest_only.py
[2024-01-30T21:54:22.776+0000] {processor.py:840} INFO - DAG(s) 'latest_only' retrieved from /home/airflow/.local/lib/python3.8/site-packages/airflow/example_dags/example_latest_only.py
[2024-01-30T21:54:22.798+0000] {logging_mixin.py:188} INFO - [2024-01-30T21:54:22.798+0000] {dag.py:3036} INFO - Sync 1 DAGs
[2024-01-30T21:54:22.819+0000] {logging_mixin.py:188} INFO - [2024-01-30T21:54:22.819+0000] {dag.py:3823} INFO - Setting next_dagrun for latest_only to 2024-01-30 16:00:00+00:00, run_after=2024-01-30 20:00:00+00:00
[2024-01-30T21:54:22.844+0000] {processor.py:183} INFO - Processing /home/airflow/.local/lib/python3.8/site-packages/airflow/example_dags/example_latest_only.py took 0.079 seconds
[2024-01-30T21:54:53.033+0000] {processor.py:161} INFO - Started process (PID=230) to work on /home/airflow/.local/lib/python3.8/site-packages/airflow/example_dags/example_latest_only.py
[2024-01-30T21:54:53.034+0000] {processor.py:830} INFO - Processing file /home/airflow/.local/lib/python3.8/site-packages/airflow/example_dags/example_latest_only.py for tasks to queue
[2024-01-30T21:54:53.036+0000] {logging_mixin.py:188} INFO - [2024-01-30T21:54:53.036+0000] {dagbag.py:538} INFO - Filling up the DagBag from /home/airflow/.local/lib/python3.8/site-packages/airflow/example_dags/example_latest_only.py
[2024-01-30T21:54:53.041+0000] {processor.py:840} INFO - DAG(s) 'latest_only' retrieved from /home/airflow/.local/lib/python3.8/site-packages/airflow/example_dags/example_latest_only.py
[2024-01-30T21:54:53.061+0000] {logging_mixin.py:188} INFO - [2024-01-30T21:54:53.061+0000] {dag.py:3036} INFO - Sync 1 DAGs
[2024-01-30T21:54:53.084+0000] {logging_mixin.py:188} INFO - [2024-01-30T21:54:53.084+0000] {dag.py:3823} INFO - Setting next_dagrun for latest_only to 2024-01-30 16:00:00+00:00, run_after=2024-01-30 20:00:00+00:00
[2024-01-30T21:54:53.133+0000] {processor.py:183} INFO - Processing /home/airflow/.local/lib/python3.8/site-packages/airflow/example_dags/example_latest_only.py took 0.102 seconds
[2024-01-30T21:55:23.396+0000] {processor.py:161} INFO - Started process (PID=285) to work on /home/airflow/.local/lib/python3.8/site-packages/airflow/example_dags/example_latest_only.py
[2024-01-30T21:55:23.397+0000] {processor.py:830} INFO - Processing file /home/airflow/.local/lib/python3.8/site-packages/airflow/example_dags/example_latest_only.py for tasks to queue
[2024-01-30T21:55:23.399+0000] {logging_mixin.py:188} INFO - [2024-01-30T21:55:23.399+0000] {dagbag.py:538} INFO - Filling up the DagBag from /home/airflow/.local/lib/python3.8/site-packages/airflow/example_dags/example_latest_only.py
[2024-01-30T21:55:23.405+0000] {processor.py:840} INFO - DAG(s) 'latest_only' retrieved from /home/airflow/.local/lib/python3.8/site-packages/airflow/example_dags/example_latest_only.py
[2024-01-30T21:55:23.437+0000] {logging_mixin.py:188} INFO - [2024-01-30T21:55:23.437+0000] {dag.py:3036} INFO - Sync 1 DAGs
[2024-01-30T21:55:23.471+0000] {logging_mixin.py:188} INFO - [2024-01-30T21:55:23.471+0000] {dag.py:3823} INFO - Setting next_dagrun for latest_only to 2024-01-30 16:00:00+00:00, run_after=2024-01-30 20:00:00+00:00
[2024-01-30T21:55:23.509+0000] {processor.py:183} INFO - Processing /home/airflow/.local/lib/python3.8/site-packages/airflow/example_dags/example_latest_only.py took 0.116 seconds
[2024-01-30T21:55:53.549+0000] {processor.py:161} INFO - Started process (PID=340) to work on /home/airflow/.local/lib/python3.8/site-packages/airflow/example_dags/example_latest_only.py
[2024-01-30T21:55:53.550+0000] {processor.py:830} INFO - Processing file /home/airflow/.local/lib/python3.8/site-packages/airflow/example_dags/example_latest_only.py for tasks to queue
[2024-01-30T21:55:53.552+0000] {logging_mixin.py:188} INFO - [2024-01-30T21:55:53.551+0000] {dagbag.py:538} INFO - Filling up the DagBag from /home/airflow/.local/lib/python3.8/site-packages/airflow/example_dags/example_latest_only.py
[2024-01-30T21:55:53.556+0000] {processor.py:840} INFO - DAG(s) 'latest_only' retrieved from /home/airflow/.local/lib/python3.8/site-packages/airflow/example_dags/example_latest_only.py
[2024-01-30T21:55:53.576+0000] {logging_mixin.py:188} INFO - [2024-01-30T21:55:53.576+0000] {dag.py:3036} INFO - Sync 1 DAGs
[2024-01-30T21:55:53.600+0000] {logging_mixin.py:188} INFO - [2024-01-30T21:55:53.599+0000] {dag.py:3823} INFO - Setting next_dagrun for latest_only to 2024-01-30 16:00:00+00:00, run_after=2024-01-30 20:00:00+00:00
[2024-01-30T21:55:53.654+0000] {processor.py:183} INFO - Processing /home/airflow/.local/lib/python3.8/site-packages/airflow/example_dags/example_latest_only.py took 0.108 seconds
[2024-01-30T21:56:23.818+0000] {processor.py:161} INFO - Started process (PID=395) to work on /home/airflow/.local/lib/python3.8/site-packages/airflow/example_dags/example_latest_only.py
[2024-01-30T21:56:23.820+0000] {processor.py:830} INFO - Processing file /home/airflow/.local/lib/python3.8/site-packages/airflow/example_dags/example_latest_only.py for tasks to queue
[2024-01-30T21:56:23.830+0000] {logging_mixin.py:188} INFO - [2024-01-30T21:56:23.828+0000] {dagbag.py:538} INFO - Filling up the DagBag from /home/airflow/.local/lib/python3.8/site-packages/airflow/example_dags/example_latest_only.py
[2024-01-30T21:56:23.837+0000] {processor.py:840} INFO - DAG(s) 'latest_only' retrieved from /home/airflow/.local/lib/python3.8/site-packages/airflow/example_dags/example_latest_only.py
[2024-01-30T21:56:23.878+0000] {logging_mixin.py:188} INFO - [2024-01-30T21:56:23.878+0000] {dag.py:3036} INFO - Sync 1 DAGs
[2024-01-30T21:56:23.917+0000] {logging_mixin.py:188} INFO - [2024-01-30T21:56:23.916+0000] {dag.py:3823} INFO - Setting next_dagrun for latest_only to 2024-01-30 16:00:00+00:00, run_after=2024-01-30 20:00:00+00:00
[2024-01-30T21:56:23.969+0000] {processor.py:183} INFO - Processing /home/airflow/.local/lib/python3.8/site-packages/airflow/example_dags/example_latest_only.py took 0.156 seconds
[2024-01-30T21:56:54.084+0000] {processor.py:161} INFO - Started process (PID=450) to work on /home/airflow/.local/lib/python3.8/site-packages/airflow/example_dags/example_latest_only.py
[2024-01-30T21:56:54.085+0000] {processor.py:830} INFO - Processing file /home/airflow/.local/lib/python3.8/site-packages/airflow/example_dags/example_latest_only.py for tasks to queue
[2024-01-30T21:56:54.087+0000] {logging_mixin.py:188} INFO - [2024-01-30T21:56:54.087+0000] {dagbag.py:538} INFO - Filling up the DagBag from /home/airflow/.local/lib/python3.8/site-packages/airflow/example_dags/example_latest_only.py
[2024-01-30T21:56:54.093+0000] {processor.py:840} INFO - DAG(s) 'latest_only' retrieved from /home/airflow/.local/lib/python3.8/site-packages/airflow/example_dags/example_latest_only.py
[2024-01-30T21:56:54.120+0000] {logging_mixin.py:188} INFO - [2024-01-30T21:56:54.119+0000] {dag.py:3036} INFO - Sync 1 DAGs
[2024-01-30T21:56:54.146+0000] {logging_mixin.py:188} INFO - [2024-01-30T21:56:54.145+0000] {dag.py:3823} INFO - Setting next_dagrun for latest_only to 2024-01-30 16:00:00+00:00, run_after=2024-01-30 20:00:00+00:00
[2024-01-30T21:56:54.177+0000] {processor.py:183} INFO - Processing /home/airflow/.local/lib/python3.8/site-packages/airflow/example_dags/example_latest_only.py took 0.096 seconds
[2024-01-30T21:57:24.739+0000] {processor.py:161} INFO - Started process (PID=505) to work on /home/airflow/.local/lib/python3.8/site-packages/airflow/example_dags/example_latest_only.py
[2024-01-30T21:57:24.756+0000] {processor.py:830} INFO - Processing file /home/airflow/.local/lib/python3.8/site-packages/airflow/example_dags/example_latest_only.py for tasks to queue
[2024-01-30T21:57:24.827+0000] {logging_mixin.py:188} INFO - [2024-01-30T21:57:24.824+0000] {dagbag.py:538} INFO - Filling up the DagBag from /home/airflow/.local/lib/python3.8/site-packages/airflow/example_dags/example_latest_only.py
[2024-01-30T21:57:24.958+0000] {processor.py:840} INFO - DAG(s) 'latest_only' retrieved from /home/airflow/.local/lib/python3.8/site-packages/airflow/example_dags/example_latest_only.py
[2024-01-30T21:57:25.369+0000] {logging_mixin.py:188} INFO - [2024-01-30T21:57:25.359+0000] {dag.py:3036} INFO - Sync 1 DAGs
[2024-01-30T21:57:25.893+0000] {logging_mixin.py:188} INFO - [2024-01-30T21:57:25.891+0000] {dag.py:3823} INFO - Setting next_dagrun for latest_only to 2024-01-30 16:00:00+00:00, run_after=2024-01-30 20:00:00+00:00
[2024-01-30T21:57:26.506+0000] {processor.py:183} INFO - Processing /home/airflow/.local/lib/python3.8/site-packages/airflow/example_dags/example_latest_only.py took 1.818 seconds
[2024-01-30T21:57:57.009+0000] {processor.py:161} INFO - Started process (PID=560) to work on /home/airflow/.local/lib/python3.8/site-packages/airflow/example_dags/example_latest_only.py
[2024-01-30T21:57:57.010+0000] {processor.py:830} INFO - Processing file /home/airflow/.local/lib/python3.8/site-packages/airflow/example_dags/example_latest_only.py for tasks to queue
[2024-01-30T21:57:57.013+0000] {logging_mixin.py:188} INFO - [2024-01-30T21:57:57.012+0000] {dagbag.py:538} INFO - Filling up the DagBag from /home/airflow/.local/lib/python3.8/site-packages/airflow/example_dags/example_latest_only.py
[2024-01-30T21:57:57.019+0000] {processor.py:840} INFO - DAG(s) 'latest_only' retrieved from /home/airflow/.local/lib/python3.8/site-packages/airflow/example_dags/example_latest_only.py
[2024-01-30T21:57:57.050+0000] {logging_mixin.py:188} INFO - [2024-01-30T21:57:57.050+0000] {dag.py:3036} INFO - Sync 1 DAGs
[2024-01-30T21:57:57.082+0000] {logging_mixin.py:188} INFO - [2024-01-30T21:57:57.082+0000] {dag.py:3823} INFO - Setting next_dagrun for latest_only to 2024-01-30 16:00:00+00:00, run_after=2024-01-30 20:00:00+00:00
[2024-01-30T21:57:57.113+0000] {processor.py:183} INFO - Processing /home/airflow/.local/lib/python3.8/site-packages/airflow/example_dags/example_latest_only.py took 0.108 seconds
[2024-01-30T21:58:27.376+0000] {processor.py:161} INFO - Started process (PID=618) to work on /home/airflow/.local/lib/python3.8/site-packages/airflow/example_dags/example_latest_only.py
[2024-01-30T21:58:27.394+0000] {processor.py:830} INFO - Processing file /home/airflow/.local/lib/python3.8/site-packages/airflow/example_dags/example_latest_only.py for tasks to queue
[2024-01-30T21:58:27.406+0000] {logging_mixin.py:188} INFO - [2024-01-30T21:58:27.400+0000] {dagbag.py:538} INFO - Filling up the DagBag from /home/airflow/.local/lib/python3.8/site-packages/airflow/example_dags/example_latest_only.py
[2024-01-30T21:58:27.451+0000] {processor.py:840} INFO - DAG(s) 'latest_only' retrieved from /home/airflow/.local/lib/python3.8/site-packages/airflow/example_dags/example_latest_only.py
[2024-01-30T21:58:27.754+0000] {logging_mixin.py:188} INFO - [2024-01-30T21:58:27.744+0000] {dag.py:3036} INFO - Sync 1 DAGs
[2024-01-30T21:58:28.065+0000] {logging_mixin.py:188} INFO - [2024-01-30T21:58:28.061+0000] {dag.py:3823} INFO - Setting next_dagrun for latest_only to 2024-01-30 16:00:00+00:00, run_after=2024-01-30 20:00:00+00:00
[2024-01-30T21:58:28.286+0000] {processor.py:183} INFO - Processing /home/airflow/.local/lib/python3.8/site-packages/airflow/example_dags/example_latest_only.py took 0.935 seconds
[2024-01-30T21:58:59.005+0000] {processor.py:161} INFO - Started process (PID=677) to work on /home/airflow/.local/lib/python3.8/site-packages/airflow/example_dags/example_latest_only.py
[2024-01-30T21:58:59.007+0000] {processor.py:830} INFO - Processing file /home/airflow/.local/lib/python3.8/site-packages/airflow/example_dags/example_latest_only.py for tasks to queue
[2024-01-30T21:58:59.008+0000] {logging_mixin.py:188} INFO - [2024-01-30T21:58:59.007+0000] {dagbag.py:538} INFO - Filling up the DagBag from /home/airflow/.local/lib/python3.8/site-packages/airflow/example_dags/example_latest_only.py
[2024-01-30T21:58:59.012+0000] {processor.py:840} INFO - DAG(s) 'latest_only' retrieved from /home/airflow/.local/lib/python3.8/site-packages/airflow/example_dags/example_latest_only.py
[2024-01-30T21:58:59.035+0000] {logging_mixin.py:188} INFO - [2024-01-30T21:58:59.034+0000] {dag.py:3036} INFO - Sync 1 DAGs
[2024-01-30T21:58:59.057+0000] {logging_mixin.py:188} INFO - [2024-01-30T21:58:59.057+0000] {dag.py:3823} INFO - Setting next_dagrun for latest_only to 2024-01-30 16:00:00+00:00, run_after=2024-01-30 20:00:00+00:00
[2024-01-30T21:58:59.086+0000] {processor.py:183} INFO - Processing /home/airflow/.local/lib/python3.8/site-packages/airflow/example_dags/example_latest_only.py took 0.083 seconds
[2024-01-30T21:59:29.580+0000] {processor.py:161} INFO - Started process (PID=736) to work on /home/airflow/.local/lib/python3.8/site-packages/airflow/example_dags/example_latest_only.py
[2024-01-30T21:59:29.582+0000] {processor.py:830} INFO - Processing file /home/airflow/.local/lib/python3.8/site-packages/airflow/example_dags/example_latest_only.py for tasks to queue
[2024-01-30T21:59:29.583+0000] {logging_mixin.py:188} INFO - [2024-01-30T21:59:29.583+0000] {dagbag.py:538} INFO - Filling up the DagBag from /home/airflow/.local/lib/python3.8/site-packages/airflow/example_dags/example_latest_only.py
[2024-01-30T21:59:29.589+0000] {processor.py:840} INFO - DAG(s) 'latest_only' retrieved from /home/airflow/.local/lib/python3.8/site-packages/airflow/example_dags/example_latest_only.py
[2024-01-30T21:59:29.609+0000] {logging_mixin.py:188} INFO - [2024-01-30T21:59:29.608+0000] {dag.py:3036} INFO - Sync 1 DAGs
[2024-01-30T21:59:29.634+0000] {logging_mixin.py:188} INFO - [2024-01-30T21:59:29.634+0000] {dag.py:3823} INFO - Setting next_dagrun for latest_only to 2024-01-30 16:00:00+00:00, run_after=2024-01-30 20:00:00+00:00
[2024-01-30T21:59:29.658+0000] {processor.py:183} INFO - Processing /home/airflow/.local/lib/python3.8/site-packages/airflow/example_dags/example_latest_only.py took 0.081 seconds
[2024-01-30T21:59:59.888+0000] {processor.py:161} INFO - Started process (PID=793) to work on /home/airflow/.local/lib/python3.8/site-packages/airflow/example_dags/example_latest_only.py
[2024-01-30T21:59:59.889+0000] {processor.py:830} INFO - Processing file /home/airflow/.local/lib/python3.8/site-packages/airflow/example_dags/example_latest_only.py for tasks to queue
[2024-01-30T21:59:59.891+0000] {logging_mixin.py:188} INFO - [2024-01-30T21:59:59.891+0000] {dagbag.py:538} INFO - Filling up the DagBag from /home/airflow/.local/lib/python3.8/site-packages/airflow/example_dags/example_latest_only.py
[2024-01-30T21:59:59.897+0000] {processor.py:840} INFO - DAG(s) 'latest_only' retrieved from /home/airflow/.local/lib/python3.8/site-packages/airflow/example_dags/example_latest_only.py
[2024-01-30T21:59:59.917+0000] {logging_mixin.py:188} INFO - [2024-01-30T21:59:59.916+0000] {dag.py:3036} INFO - Sync 1 DAGs
[2024-01-30T21:59:59.938+0000] {logging_mixin.py:188} INFO - [2024-01-30T21:59:59.937+0000] {dag.py:3823} INFO - Setting next_dagrun for latest_only to 2024-01-30 16:00:00+00:00, run_after=2024-01-30 20:00:00+00:00
[2024-01-30T21:59:59.962+0000] {processor.py:183} INFO - Processing /home/airflow/.local/lib/python3.8/site-packages/airflow/example_dags/example_latest_only.py took 0.076 seconds
[2024-01-30T22:00:30.404+0000] {processor.py:161} INFO - Started process (PID=855) to work on /home/airflow/.local/lib/python3.8/site-packages/airflow/example_dags/example_latest_only.py
[2024-01-30T22:00:30.405+0000] {processor.py:830} INFO - Processing file /home/airflow/.local/lib/python3.8/site-packages/airflow/example_dags/example_latest_only.py for tasks to queue
[2024-01-30T22:00:30.407+0000] {logging_mixin.py:188} INFO - [2024-01-30T22:00:30.406+0000] {dagbag.py:538} INFO - Filling up the DagBag from /home/airflow/.local/lib/python3.8/site-packages/airflow/example_dags/example_latest_only.py
[2024-01-30T22:00:30.412+0000] {processor.py:840} INFO - DAG(s) 'latest_only' retrieved from /home/airflow/.local/lib/python3.8/site-packages/airflow/example_dags/example_latest_only.py
[2024-01-30T22:00:30.434+0000] {logging_mixin.py:188} INFO - [2024-01-30T22:00:30.434+0000] {dag.py:3036} INFO - Sync 1 DAGs
[2024-01-30T22:00:30.460+0000] {logging_mixin.py:188} INFO - [2024-01-30T22:00:30.459+0000] {dag.py:3823} INFO - Setting next_dagrun for latest_only to 2024-01-30 16:00:00+00:00, run_after=2024-01-30 20:00:00+00:00
[2024-01-30T22:00:30.488+0000] {processor.py:183} INFO - Processing /home/airflow/.local/lib/python3.8/site-packages/airflow/example_dags/example_latest_only.py took 0.087 seconds
[2024-01-30T22:01:00.857+0000] {processor.py:161} INFO - Started process (PID=912) to work on /home/airflow/.local/lib/python3.8/site-packages/airflow/example_dags/example_latest_only.py
[2024-01-30T22:01:00.859+0000] {processor.py:830} INFO - Processing file /home/airflow/.local/lib/python3.8/site-packages/airflow/example_dags/example_latest_only.py for tasks to queue
[2024-01-30T22:01:00.860+0000] {logging_mixin.py:188} INFO - [2024-01-30T22:01:00.860+0000] {dagbag.py:538} INFO - Filling up the DagBag from /home/airflow/.local/lib/python3.8/site-packages/airflow/example_dags/example_latest_only.py
[2024-01-30T22:01:00.867+0000] {processor.py:840} INFO - DAG(s) 'latest_only' retrieved from /home/airflow/.local/lib/python3.8/site-packages/airflow/example_dags/example_latest_only.py
[2024-01-30T22:01:00.893+0000] {logging_mixin.py:188} INFO - [2024-01-30T22:01:00.892+0000] {dag.py:3036} INFO - Sync 1 DAGs
[2024-01-30T22:01:00.921+0000] {logging_mixin.py:188} INFO - [2024-01-30T22:01:00.920+0000] {dag.py:3823} INFO - Setting next_dagrun for latest_only to 2024-01-30 16:00:00+00:00, run_after=2024-01-30 20:00:00+00:00
[2024-01-30T22:01:00.951+0000] {processor.py:183} INFO - Processing /home/airflow/.local/lib/python3.8/site-packages/airflow/example_dags/example_latest_only.py took 0.098 seconds
[2024-01-30T22:01:31.098+0000] {processor.py:161} INFO - Started process (PID=969) to work on /home/airflow/.local/lib/python3.8/site-packages/airflow/example_dags/example_latest_only.py
[2024-01-30T22:01:31.099+0000] {processor.py:830} INFO - Processing file /home/airflow/.local/lib/python3.8/site-packages/airflow/example_dags/example_latest_only.py for tasks to queue
[2024-01-30T22:01:31.100+0000] {logging_mixin.py:188} INFO - [2024-01-30T22:01:31.100+0000] {dagbag.py:538} INFO - Filling up the DagBag from /home/airflow/.local/lib/python3.8/site-packages/airflow/example_dags/example_latest_only.py
[2024-01-30T22:01:31.106+0000] {processor.py:840} INFO - DAG(s) 'latest_only' retrieved from /home/airflow/.local/lib/python3.8/site-packages/airflow/example_dags/example_latest_only.py
[2024-01-30T22:01:31.127+0000] {logging_mixin.py:188} INFO - [2024-01-30T22:01:31.127+0000] {dag.py:3036} INFO - Sync 1 DAGs
[2024-01-30T22:01:31.150+0000] {logging_mixin.py:188} INFO - [2024-01-30T22:01:31.150+0000] {dag.py:3823} INFO - Setting next_dagrun for latest_only to 2024-01-30 16:00:00+00:00, run_after=2024-01-30 20:00:00+00:00
[2024-01-30T22:01:31.224+0000] {processor.py:183} INFO - Processing /home/airflow/.local/lib/python3.8/site-packages/airflow/example_dags/example_latest_only.py took 0.129 seconds
[2024-01-30T22:02:01.630+0000] {processor.py:161} INFO - Started process (PID=1026) to work on /home/airflow/.local/lib/python3.8/site-packages/airflow/example_dags/example_latest_only.py
[2024-01-30T22:02:01.631+0000] {processor.py:830} INFO - Processing file /home/airflow/.local/lib/python3.8/site-packages/airflow/example_dags/example_latest_only.py for tasks to queue
[2024-01-30T22:02:01.634+0000] {logging_mixin.py:188} INFO - [2024-01-30T22:02:01.633+0000] {dagbag.py:538} INFO - Filling up the DagBag from /home/airflow/.local/lib/python3.8/site-packages/airflow/example_dags/example_latest_only.py
[2024-01-30T22:02:01.639+0000] {processor.py:840} INFO - DAG(s) 'latest_only' retrieved from /home/airflow/.local/lib/python3.8/site-packages/airflow/example_dags/example_latest_only.py
[2024-01-30T22:02:01.660+0000] {logging_mixin.py:188} INFO - [2024-01-30T22:02:01.660+0000] {dag.py:3036} INFO - Sync 1 DAGs
[2024-01-30T22:02:01.687+0000] {logging_mixin.py:188} INFO - [2024-01-30T22:02:01.687+0000] {dag.py:3823} INFO - Setting next_dagrun for latest_only to 2024-01-30 16:00:00+00:00, run_after=2024-01-30 20:00:00+00:00
[2024-01-30T22:02:01.721+0000] {processor.py:183} INFO - Processing /home/airflow/.local/lib/python3.8/site-packages/airflow/example_dags/example_latest_only.py took 0.094 seconds
[2024-01-30T22:02:32.048+0000] {processor.py:161} INFO - Started process (PID=1083) to work on /home/airflow/.local/lib/python3.8/site-packages/airflow/example_dags/example_latest_only.py
[2024-01-30T22:02:32.049+0000] {processor.py:830} INFO - Processing file /home/airflow/.local/lib/python3.8/site-packages/airflow/example_dags/example_latest_only.py for tasks to queue
[2024-01-30T22:02:32.051+0000] {logging_mixin.py:188} INFO - [2024-01-30T22:02:32.050+0000] {dagbag.py:538} INFO - Filling up the DagBag from /home/airflow/.local/lib/python3.8/site-packages/airflow/example_dags/example_latest_only.py
[2024-01-30T22:02:32.056+0000] {processor.py:840} INFO - DAG(s) 'latest_only' retrieved from /home/airflow/.local/lib/python3.8/site-packages/airflow/example_dags/example_latest_only.py
[2024-01-30T22:02:32.079+0000] {logging_mixin.py:188} INFO - [2024-01-30T22:02:32.079+0000] {dag.py:3036} INFO - Sync 1 DAGs
[2024-01-30T22:02:32.104+0000] {logging_mixin.py:188} INFO - [2024-01-30T22:02:32.104+0000] {dag.py:3823} INFO - Setting next_dagrun for latest_only to 2024-01-30 16:00:00+00:00, run_after=2024-01-30 20:00:00+00:00
[2024-01-30T22:02:32.156+0000] {processor.py:183} INFO - Processing /home/airflow/.local/lib/python3.8/site-packages/airflow/example_dags/example_latest_only.py took 0.112 seconds
[2024-01-30T22:03:02.289+0000] {processor.py:161} INFO - Started process (PID=1140) to work on /home/airflow/.local/lib/python3.8/site-packages/airflow/example_dags/example_latest_only.py
[2024-01-30T22:03:02.291+0000] {processor.py:830} INFO - Processing file /home/airflow/.local/lib/python3.8/site-packages/airflow/example_dags/example_latest_only.py for tasks to queue
[2024-01-30T22:03:02.293+0000] {logging_mixin.py:188} INFO - [2024-01-30T22:03:02.292+0000] {dagbag.py:538} INFO - Filling up the DagBag from /home/airflow/.local/lib/python3.8/site-packages/airflow/example_dags/example_latest_only.py
[2024-01-30T22:03:02.298+0000] {processor.py:840} INFO - DAG(s) 'latest_only' retrieved from /home/airflow/.local/lib/python3.8/site-packages/airflow/example_dags/example_latest_only.py
[2024-01-30T22:03:02.320+0000] {logging_mixin.py:188} INFO - [2024-01-30T22:03:02.320+0000] {dag.py:3036} INFO - Sync 1 DAGs
[2024-01-30T22:03:02.345+0000] {logging_mixin.py:188} INFO - [2024-01-30T22:03:02.345+0000] {dag.py:3823} INFO - Setting next_dagrun for latest_only to 2024-01-30 16:00:00+00:00, run_after=2024-01-30 20:00:00+00:00
[2024-01-30T22:03:02.420+0000] {processor.py:183} INFO - Processing /home/airflow/.local/lib/python3.8/site-packages/airflow/example_dags/example_latest_only.py took 0.133 seconds
[2024-01-30T22:03:33.142+0000] {processor.py:161} INFO - Started process (PID=1199) to work on /home/airflow/.local/lib/python3.8/site-packages/airflow/example_dags/example_latest_only.py
[2024-01-30T22:03:33.143+0000] {processor.py:830} INFO - Processing file /home/airflow/.local/lib/python3.8/site-packages/airflow/example_dags/example_latest_only.py for tasks to queue
[2024-01-30T22:03:33.144+0000] {logging_mixin.py:188} INFO - [2024-01-30T22:03:33.144+0000] {dagbag.py:538} INFO - Filling up the DagBag from /home/airflow/.local/lib/python3.8/site-packages/airflow/example_dags/example_latest_only.py
[2024-01-30T22:03:33.149+0000] {processor.py:840} INFO - DAG(s) 'latest_only' retrieved from /home/airflow/.local/lib/python3.8/site-packages/airflow/example_dags/example_latest_only.py
[2024-01-30T22:03:33.171+0000] {logging_mixin.py:188} INFO - [2024-01-30T22:03:33.171+0000] {dag.py:3036} INFO - Sync 1 DAGs
[2024-01-30T22:03:33.197+0000] {logging_mixin.py:188} INFO - [2024-01-30T22:03:33.196+0000] {dag.py:3823} INFO - Setting next_dagrun for latest_only to 2024-01-30 16:00:00+00:00, run_after=2024-01-30 20:00:00+00:00
[2024-01-30T22:03:33.252+0000] {processor.py:183} INFO - Processing /home/airflow/.local/lib/python3.8/site-packages/airflow/example_dags/example_latest_only.py took 0.113 seconds
[2024-01-30T22:04:05.811+0000] {processor.py:161} INFO - Started process (PID=1258) to work on /home/airflow/.local/lib/python3.8/site-packages/airflow/example_dags/example_latest_only.py
[2024-01-30T22:04:05.814+0000] {processor.py:830} INFO - Processing file /home/airflow/.local/lib/python3.8/site-packages/airflow/example_dags/example_latest_only.py for tasks to queue
[2024-01-30T22:04:05.816+0000] {logging_mixin.py:188} INFO - [2024-01-30T22:04:05.815+0000] {dagbag.py:538} INFO - Filling up the DagBag from /home/airflow/.local/lib/python3.8/site-packages/airflow/example_dags/example_latest_only.py
[2024-01-30T22:04:05.833+0000] {processor.py:840} INFO - DAG(s) 'latest_only' retrieved from /home/airflow/.local/lib/python3.8/site-packages/airflow/example_dags/example_latest_only.py
[2024-01-30T22:04:05.891+0000] {logging_mixin.py:188} INFO - [2024-01-30T22:04:05.891+0000] {dag.py:3036} INFO - Sync 1 DAGs
[2024-01-30T22:04:05.935+0000] {logging_mixin.py:188} INFO - [2024-01-30T22:04:05.935+0000] {dag.py:3823} INFO - Setting next_dagrun for latest_only to 2024-01-30 16:00:00+00:00, run_after=2024-01-30 20:00:00+00:00
[2024-01-30T22:04:06.000+0000] {processor.py:183} INFO - Processing /home/airflow/.local/lib/python3.8/site-packages/airflow/example_dags/example_latest_only.py took 0.192 seconds
[2024-01-30T22:04:36.179+0000] {processor.py:161} INFO - Started process (PID=1313) to work on /home/airflow/.local/lib/python3.8/site-packages/airflow/example_dags/example_latest_only.py
[2024-01-30T22:04:36.180+0000] {processor.py:830} INFO - Processing file /home/airflow/.local/lib/python3.8/site-packages/airflow/example_dags/example_latest_only.py for tasks to queue
[2024-01-30T22:04:36.182+0000] {logging_mixin.py:188} INFO - [2024-01-30T22:04:36.181+0000] {dagbag.py:538} INFO - Filling up the DagBag from /home/airflow/.local/lib/python3.8/site-packages/airflow/example_dags/example_latest_only.py
[2024-01-30T22:04:36.187+0000] {processor.py:840} INFO - DAG(s) 'latest_only' retrieved from /home/airflow/.local/lib/python3.8/site-packages/airflow/example_dags/example_latest_only.py
[2024-01-30T22:04:36.209+0000] {logging_mixin.py:188} INFO - [2024-01-30T22:04:36.209+0000] {dag.py:3036} INFO - Sync 1 DAGs
[2024-01-30T22:04:36.233+0000] {logging_mixin.py:188} INFO - [2024-01-30T22:04:36.233+0000] {dag.py:3823} INFO - Setting next_dagrun for latest_only to 2024-01-30 16:00:00+00:00, run_after=2024-01-30 20:00:00+00:00
[2024-01-30T22:04:36.259+0000] {processor.py:183} INFO - Processing /home/airflow/.local/lib/python3.8/site-packages/airflow/example_dags/example_latest_only.py took 0.082 seconds
[2024-01-30T22:05:07.127+0000] {processor.py:161} INFO - Started process (PID=1370) to work on /home/airflow/.local/lib/python3.8/site-packages/airflow/example_dags/example_latest_only.py
[2024-01-30T22:05:07.141+0000] {processor.py:830} INFO - Processing file /home/airflow/.local/lib/python3.8/site-packages/airflow/example_dags/example_latest_only.py for tasks to queue
[2024-01-30T22:05:07.152+0000] {logging_mixin.py:188} INFO - [2024-01-30T22:05:07.149+0000] {dagbag.py:538} INFO - Filling up the DagBag from /home/airflow/.local/lib/python3.8/site-packages/airflow/example_dags/example_latest_only.py
[2024-01-30T22:05:07.222+0000] {processor.py:840} INFO - DAG(s) 'latest_only' retrieved from /home/airflow/.local/lib/python3.8/site-packages/airflow/example_dags/example_latest_only.py
[2024-01-30T22:05:07.506+0000] {logging_mixin.py:188} INFO - [2024-01-30T22:05:07.503+0000] {dag.py:3036} INFO - Sync 1 DAGs
[2024-01-30T22:05:07.759+0000] {logging_mixin.py:188} INFO - [2024-01-30T22:05:07.756+0000] {dag.py:3823} INFO - Setting next_dagrun for latest_only to 2024-01-30 16:00:00+00:00, run_after=2024-01-30 20:00:00+00:00
[2024-01-30T22:05:08.043+0000] {processor.py:183} INFO - Processing /home/airflow/.local/lib/python3.8/site-packages/airflow/example_dags/example_latest_only.py took 0.941 seconds
[2024-01-30T22:05:39.123+0000] {processor.py:161} INFO - Started process (PID=1427) to work on /home/airflow/.local/lib/python3.8/site-packages/airflow/example_dags/example_latest_only.py
[2024-01-30T22:05:39.125+0000] {processor.py:830} INFO - Processing file /home/airflow/.local/lib/python3.8/site-packages/airflow/example_dags/example_latest_only.py for tasks to queue
[2024-01-30T22:05:39.126+0000] {logging_mixin.py:188} INFO - [2024-01-30T22:05:39.126+0000] {dagbag.py:538} INFO - Filling up the DagBag from /home/airflow/.local/lib/python3.8/site-packages/airflow/example_dags/example_latest_only.py
[2024-01-30T22:05:39.132+0000] {processor.py:840} INFO - DAG(s) 'latest_only' retrieved from /home/airflow/.local/lib/python3.8/site-packages/airflow/example_dags/example_latest_only.py
[2024-01-30T22:05:39.156+0000] {logging_mixin.py:188} INFO - [2024-01-30T22:05:39.155+0000] {dag.py:3036} INFO - Sync 1 DAGs
[2024-01-30T22:05:39.178+0000] {logging_mixin.py:188} INFO - [2024-01-30T22:05:39.178+0000] {dag.py:3823} INFO - Setting next_dagrun for latest_only to 2024-01-30 16:00:00+00:00, run_after=2024-01-30 20:00:00+00:00
[2024-01-30T22:05:39.202+0000] {processor.py:183} INFO - Processing /home/airflow/.local/lib/python3.8/site-packages/airflow/example_dags/example_latest_only.py took 0.081 seconds
[2024-01-30T22:06:09.642+0000] {processor.py:161} INFO - Started process (PID=1484) to work on /home/airflow/.local/lib/python3.8/site-packages/airflow/example_dags/example_latest_only.py
[2024-01-30T22:06:09.643+0000] {processor.py:830} INFO - Processing file /home/airflow/.local/lib/python3.8/site-packages/airflow/example_dags/example_latest_only.py for tasks to queue
[2024-01-30T22:06:09.645+0000] {logging_mixin.py:188} INFO - [2024-01-30T22:06:09.644+0000] {dagbag.py:538} INFO - Filling up the DagBag from /home/airflow/.local/lib/python3.8/site-packages/airflow/example_dags/example_latest_only.py
[2024-01-30T22:06:09.650+0000] {processor.py:840} INFO - DAG(s) 'latest_only' retrieved from /home/airflow/.local/lib/python3.8/site-packages/airflow/example_dags/example_latest_only.py
[2024-01-30T22:06:09.672+0000] {logging_mixin.py:188} INFO - [2024-01-30T22:06:09.672+0000] {dag.py:3036} INFO - Sync 1 DAGs
[2024-01-30T22:06:09.698+0000] {logging_mixin.py:188} INFO - [2024-01-30T22:06:09.698+0000] {dag.py:3823} INFO - Setting next_dagrun for latest_only to 2024-01-30 16:00:00+00:00, run_after=2024-01-30 20:00:00+00:00
[2024-01-30T22:06:09.725+0000] {processor.py:183} INFO - Processing /home/airflow/.local/lib/python3.8/site-packages/airflow/example_dags/example_latest_only.py took 0.087 seconds
[2024-01-30T22:06:39.825+0000] {processor.py:161} INFO - Started process (PID=1541) to work on /home/airflow/.local/lib/python3.8/site-packages/airflow/example_dags/example_latest_only.py
[2024-01-30T22:06:39.827+0000] {processor.py:830} INFO - Processing file /home/airflow/.local/lib/python3.8/site-packages/airflow/example_dags/example_latest_only.py for tasks to queue
[2024-01-30T22:06:39.828+0000] {logging_mixin.py:188} INFO - [2024-01-30T22:06:39.828+0000] {dagbag.py:538} INFO - Filling up the DagBag from /home/airflow/.local/lib/python3.8/site-packages/airflow/example_dags/example_latest_only.py
[2024-01-30T22:06:39.835+0000] {processor.py:840} INFO - DAG(s) 'latest_only' retrieved from /home/airflow/.local/lib/python3.8/site-packages/airflow/example_dags/example_latest_only.py
[2024-01-30T22:06:39.863+0000] {logging_mixin.py:188} INFO - [2024-01-30T22:06:39.863+0000] {dag.py:3036} INFO - Sync 1 DAGs
[2024-01-30T22:06:39.894+0000] {logging_mixin.py:188} INFO - [2024-01-30T22:06:39.894+0000] {dag.py:3823} INFO - Setting next_dagrun for latest_only to 2024-01-30 16:00:00+00:00, run_after=2024-01-30 20:00:00+00:00
[2024-01-30T22:06:39.928+0000] {processor.py:183} INFO - Processing /home/airflow/.local/lib/python3.8/site-packages/airflow/example_dags/example_latest_only.py took 0.107 seconds
[2024-01-30T22:07:10.011+0000] {processor.py:161} INFO - Started process (PID=1598) to work on /home/airflow/.local/lib/python3.8/site-packages/airflow/example_dags/example_latest_only.py
[2024-01-30T22:07:10.012+0000] {processor.py:830} INFO - Processing file /home/airflow/.local/lib/python3.8/site-packages/airflow/example_dags/example_latest_only.py for tasks to queue
[2024-01-30T22:07:10.013+0000] {logging_mixin.py:188} INFO - [2024-01-30T22:07:10.013+0000] {dagbag.py:538} INFO - Filling up the DagBag from /home/airflow/.local/lib/python3.8/site-packages/airflow/example_dags/example_latest_only.py
[2024-01-30T22:07:10.020+0000] {processor.py:840} INFO - DAG(s) 'latest_only' retrieved from /home/airflow/.local/lib/python3.8/site-packages/airflow/example_dags/example_latest_only.py
[2024-01-30T22:07:10.042+0000] {logging_mixin.py:188} INFO - [2024-01-30T22:07:10.042+0000] {dag.py:3036} INFO - Sync 1 DAGs
[2024-01-30T22:07:10.067+0000] {logging_mixin.py:188} INFO - [2024-01-30T22:07:10.066+0000] {dag.py:3823} INFO - Setting next_dagrun for latest_only to 2024-01-30 16:00:00+00:00, run_after=2024-01-30 20:00:00+00:00
[2024-01-30T22:07:10.093+0000] {processor.py:183} INFO - Processing /home/airflow/.local/lib/python3.8/site-packages/airflow/example_dags/example_latest_only.py took 0.085 seconds
[2024-01-30T22:07:40.500+0000] {processor.py:161} INFO - Started process (PID=1655) to work on /home/airflow/.local/lib/python3.8/site-packages/airflow/example_dags/example_latest_only.py
[2024-01-30T22:07:40.502+0000] {processor.py:830} INFO - Processing file /home/airflow/.local/lib/python3.8/site-packages/airflow/example_dags/example_latest_only.py for tasks to queue
[2024-01-30T22:07:40.507+0000] {logging_mixin.py:188} INFO - [2024-01-30T22:07:40.506+0000] {dagbag.py:538} INFO - Filling up the DagBag from /home/airflow/.local/lib/python3.8/site-packages/airflow/example_dags/example_latest_only.py
[2024-01-30T22:07:40.528+0000] {processor.py:840} INFO - DAG(s) 'latest_only' retrieved from /home/airflow/.local/lib/python3.8/site-packages/airflow/example_dags/example_latest_only.py
[2024-01-30T22:07:40.570+0000] {logging_mixin.py:188} INFO - [2024-01-30T22:07:40.570+0000] {dag.py:3036} INFO - Sync 1 DAGs
[2024-01-30T22:07:40.601+0000] {logging_mixin.py:188} INFO - [2024-01-30T22:07:40.601+0000] {dag.py:3823} INFO - Setting next_dagrun for latest_only to 2024-01-30 16:00:00+00:00, run_after=2024-01-30 20:00:00+00:00
[2024-01-30T22:07:40.628+0000] {processor.py:183} INFO - Processing /home/airflow/.local/lib/python3.8/site-packages/airflow/example_dags/example_latest_only.py took 0.134 seconds
[2024-01-30T22:08:11.291+0000] {processor.py:161} INFO - Started process (PID=1712) to work on /home/airflow/.local/lib/python3.8/site-packages/airflow/example_dags/example_latest_only.py
[2024-01-30T22:08:11.293+0000] {processor.py:830} INFO - Processing file /home/airflow/.local/lib/python3.8/site-packages/airflow/example_dags/example_latest_only.py for tasks to queue
[2024-01-30T22:08:11.295+0000] {logging_mixin.py:188} INFO - [2024-01-30T22:08:11.294+0000] {dagbag.py:538} INFO - Filling up the DagBag from /home/airflow/.local/lib/python3.8/site-packages/airflow/example_dags/example_latest_only.py
[2024-01-30T22:08:11.302+0000] {processor.py:840} INFO - DAG(s) 'latest_only' retrieved from /home/airflow/.local/lib/python3.8/site-packages/airflow/example_dags/example_latest_only.py
[2024-01-30T22:08:11.334+0000] {logging_mixin.py:188} INFO - [2024-01-30T22:08:11.333+0000] {dag.py:3036} INFO - Sync 1 DAGs
[2024-01-30T22:08:11.366+0000] {logging_mixin.py:188} INFO - [2024-01-30T22:08:11.365+0000] {dag.py:3823} INFO - Setting next_dagrun for latest_only to 2024-01-30 16:00:00+00:00, run_after=2024-01-30 20:00:00+00:00
[2024-01-30T22:08:11.402+0000] {processor.py:183} INFO - Processing /home/airflow/.local/lib/python3.8/site-packages/airflow/example_dags/example_latest_only.py took 0.114 seconds
[2024-01-30T22:08:41.815+0000] {processor.py:161} INFO - Started process (PID=1769) to work on /home/airflow/.local/lib/python3.8/site-packages/airflow/example_dags/example_latest_only.py
[2024-01-30T22:08:41.825+0000] {processor.py:830} INFO - Processing file /home/airflow/.local/lib/python3.8/site-packages/airflow/example_dags/example_latest_only.py for tasks to queue
[2024-01-30T22:08:41.842+0000] {logging_mixin.py:188} INFO - [2024-01-30T22:08:41.833+0000] {dagbag.py:538} INFO - Filling up the DagBag from /home/airflow/.local/lib/python3.8/site-packages/airflow/example_dags/example_latest_only.py
[2024-01-30T22:08:41.903+0000] {processor.py:840} INFO - DAG(s) 'latest_only' retrieved from /home/airflow/.local/lib/python3.8/site-packages/airflow/example_dags/example_latest_only.py
[2024-01-30T22:08:42.129+0000] {logging_mixin.py:188} INFO - [2024-01-30T22:08:42.126+0000] {dag.py:3036} INFO - Sync 1 DAGs
[2024-01-30T22:08:42.433+0000] {logging_mixin.py:188} INFO - [2024-01-30T22:08:42.431+0000] {dag.py:3823} INFO - Setting next_dagrun for latest_only to 2024-01-30 16:00:00+00:00, run_after=2024-01-30 20:00:00+00:00
[2024-01-30T22:08:42.730+0000] {processor.py:183} INFO - Processing /home/airflow/.local/lib/python3.8/site-packages/airflow/example_dags/example_latest_only.py took 0.940 seconds
[2024-01-30T22:09:13.620+0000] {processor.py:161} INFO - Started process (PID=1826) to work on /home/airflow/.local/lib/python3.8/site-packages/airflow/example_dags/example_latest_only.py
[2024-01-30T22:09:13.647+0000] {processor.py:830} INFO - Processing file /home/airflow/.local/lib/python3.8/site-packages/airflow/example_dags/example_latest_only.py for tasks to queue
[2024-01-30T22:09:13.668+0000] {logging_mixin.py:188} INFO - [2024-01-30T22:09:13.663+0000] {dagbag.py:538} INFO - Filling up the DagBag from /home/airflow/.local/lib/python3.8/site-packages/airflow/example_dags/example_latest_only.py
[2024-01-30T22:09:13.736+0000] {processor.py:840} INFO - DAG(s) 'latest_only' retrieved from /home/airflow/.local/lib/python3.8/site-packages/airflow/example_dags/example_latest_only.py
[2024-01-30T22:09:13.859+0000] {logging_mixin.py:188} INFO - [2024-01-30T22:09:13.857+0000] {dag.py:3036} INFO - Sync 1 DAGs
[2024-01-30T22:09:14.219+0000] {logging_mixin.py:188} INFO - [2024-01-30T22:09:14.218+0000] {dag.py:3823} INFO - Setting next_dagrun for latest_only to 2024-01-30 16:00:00+00:00, run_after=2024-01-30 20:00:00+00:00
[2024-01-30T22:09:14.526+0000] {processor.py:183} INFO - Processing /home/airflow/.local/lib/python3.8/site-packages/airflow/example_dags/example_latest_only.py took 1.004 seconds
[2024-01-30T22:09:44.700+0000] {processor.py:161} INFO - Started process (PID=1883) to work on /home/airflow/.local/lib/python3.8/site-packages/airflow/example_dags/example_latest_only.py
[2024-01-30T22:09:44.702+0000] {processor.py:830} INFO - Processing file /home/airflow/.local/lib/python3.8/site-packages/airflow/example_dags/example_latest_only.py for tasks to queue
[2024-01-30T22:09:44.703+0000] {logging_mixin.py:188} INFO - [2024-01-30T22:09:44.703+0000] {dagbag.py:538} INFO - Filling up the DagBag from /home/airflow/.local/lib/python3.8/site-packages/airflow/example_dags/example_latest_only.py
[2024-01-30T22:09:44.708+0000] {processor.py:840} INFO - DAG(s) 'latest_only' retrieved from /home/airflow/.local/lib/python3.8/site-packages/airflow/example_dags/example_latest_only.py
[2024-01-30T22:09:44.813+0000] {logging_mixin.py:188} INFO - [2024-01-30T22:09:44.813+0000] {dag.py:3036} INFO - Sync 1 DAGs
[2024-01-30T22:09:44.837+0000] {logging_mixin.py:188} INFO - [2024-01-30T22:09:44.837+0000] {dag.py:3823} INFO - Setting next_dagrun for latest_only to 2024-01-30 16:00:00+00:00, run_after=2024-01-30 20:00:00+00:00
[2024-01-30T22:09:44.910+0000] {processor.py:183} INFO - Processing /home/airflow/.local/lib/python3.8/site-packages/airflow/example_dags/example_latest_only.py took 0.212 seconds
[2024-01-30T22:10:15.102+0000] {processor.py:161} INFO - Started process (PID=1940) to work on /home/airflow/.local/lib/python3.8/site-packages/airflow/example_dags/example_latest_only.py
[2024-01-30T22:10:15.104+0000] {processor.py:830} INFO - Processing file /home/airflow/.local/lib/python3.8/site-packages/airflow/example_dags/example_latest_only.py for tasks to queue
[2024-01-30T22:10:15.106+0000] {logging_mixin.py:188} INFO - [2024-01-30T22:10:15.105+0000] {dagbag.py:538} INFO - Filling up the DagBag from /home/airflow/.local/lib/python3.8/site-packages/airflow/example_dags/example_latest_only.py
[2024-01-30T22:10:15.112+0000] {processor.py:840} INFO - DAG(s) 'latest_only' retrieved from /home/airflow/.local/lib/python3.8/site-packages/airflow/example_dags/example_latest_only.py
[2024-01-30T22:10:15.138+0000] {logging_mixin.py:188} INFO - [2024-01-30T22:10:15.138+0000] {dag.py:3036} INFO - Sync 1 DAGs
[2024-01-30T22:10:15.168+0000] {logging_mixin.py:188} INFO - [2024-01-30T22:10:15.168+0000] {dag.py:3823} INFO - Setting next_dagrun for latest_only to 2024-01-30 16:00:00+00:00, run_after=2024-01-30 20:00:00+00:00
[2024-01-30T22:10:15.200+0000] {processor.py:183} INFO - Processing /home/airflow/.local/lib/python3.8/site-packages/airflow/example_dags/example_latest_only.py took 0.102 seconds
[2024-01-30T22:10:45.894+0000] {processor.py:161} INFO - Started process (PID=1997) to work on /home/airflow/.local/lib/python3.8/site-packages/airflow/example_dags/example_latest_only.py
[2024-01-30T22:10:45.897+0000] {processor.py:830} INFO - Processing file /home/airflow/.local/lib/python3.8/site-packages/airflow/example_dags/example_latest_only.py for tasks to queue
[2024-01-30T22:10:45.900+0000] {logging_mixin.py:188} INFO - [2024-01-30T22:10:45.899+0000] {dagbag.py:538} INFO - Filling up the DagBag from /home/airflow/.local/lib/python3.8/site-packages/airflow/example_dags/example_latest_only.py
[2024-01-30T22:10:45.914+0000] {processor.py:840} INFO - DAG(s) 'latest_only' retrieved from /home/airflow/.local/lib/python3.8/site-packages/airflow/example_dags/example_latest_only.py
[2024-01-30T22:10:45.937+0000] {logging_mixin.py:188} INFO - [2024-01-30T22:10:45.937+0000] {dag.py:3036} INFO - Sync 1 DAGs
[2024-01-30T22:10:45.962+0000] {logging_mixin.py:188} INFO - [2024-01-30T22:10:45.962+0000] {dag.py:3823} INFO - Setting next_dagrun for latest_only to 2024-01-30 16:00:00+00:00, run_after=2024-01-30 20:00:00+00:00
[2024-01-30T22:10:45.988+0000] {processor.py:183} INFO - Processing /home/airflow/.local/lib/python3.8/site-packages/airflow/example_dags/example_latest_only.py took 0.101 seconds
[2024-01-30T22:11:16.769+0000] {processor.py:161} INFO - Started process (PID=2054) to work on /home/airflow/.local/lib/python3.8/site-packages/airflow/example_dags/example_latest_only.py
[2024-01-30T22:11:16.770+0000] {processor.py:830} INFO - Processing file /home/airflow/.local/lib/python3.8/site-packages/airflow/example_dags/example_latest_only.py for tasks to queue
[2024-01-30T22:11:16.772+0000] {logging_mixin.py:188} INFO - [2024-01-30T22:11:16.771+0000] {dagbag.py:538} INFO - Filling up the DagBag from /home/airflow/.local/lib/python3.8/site-packages/airflow/example_dags/example_latest_only.py
[2024-01-30T22:11:16.779+0000] {processor.py:840} INFO - DAG(s) 'latest_only' retrieved from /home/airflow/.local/lib/python3.8/site-packages/airflow/example_dags/example_latest_only.py
[2024-01-30T22:11:16.803+0000] {logging_mixin.py:188} INFO - [2024-01-30T22:11:16.802+0000] {dag.py:3036} INFO - Sync 1 DAGs
[2024-01-30T22:11:16.831+0000] {logging_mixin.py:188} INFO - [2024-01-30T22:11:16.831+0000] {dag.py:3823} INFO - Setting next_dagrun for latest_only to 2024-01-30 16:00:00+00:00, run_after=2024-01-30 20:00:00+00:00
[2024-01-30T22:11:16.863+0000] {processor.py:183} INFO - Processing /home/airflow/.local/lib/python3.8/site-packages/airflow/example_dags/example_latest_only.py took 0.097 seconds
[2024-01-30T22:11:47.292+0000] {processor.py:161} INFO - Started process (PID=2111) to work on /home/airflow/.local/lib/python3.8/site-packages/airflow/example_dags/example_latest_only.py
[2024-01-30T22:11:47.294+0000] {processor.py:830} INFO - Processing file /home/airflow/.local/lib/python3.8/site-packages/airflow/example_dags/example_latest_only.py for tasks to queue
[2024-01-30T22:11:47.295+0000] {logging_mixin.py:188} INFO - [2024-01-30T22:11:47.295+0000] {dagbag.py:538} INFO - Filling up the DagBag from /home/airflow/.local/lib/python3.8/site-packages/airflow/example_dags/example_latest_only.py
[2024-01-30T22:11:47.300+0000] {processor.py:840} INFO - DAG(s) 'latest_only' retrieved from /home/airflow/.local/lib/python3.8/site-packages/airflow/example_dags/example_latest_only.py
[2024-01-30T22:11:47.324+0000] {logging_mixin.py:188} INFO - [2024-01-30T22:11:47.323+0000] {dag.py:3036} INFO - Sync 1 DAGs
[2024-01-30T22:11:47.346+0000] {logging_mixin.py:188} INFO - [2024-01-30T22:11:47.346+0000] {dag.py:3823} INFO - Setting next_dagrun for latest_only to 2024-01-30 16:00:00+00:00, run_after=2024-01-30 20:00:00+00:00
[2024-01-30T22:11:47.402+0000] {processor.py:183} INFO - Processing /home/airflow/.local/lib/python3.8/site-packages/airflow/example_dags/example_latest_only.py took 0.113 seconds
[2024-01-30T22:12:18.123+0000] {processor.py:161} INFO - Started process (PID=2168) to work on /home/airflow/.local/lib/python3.8/site-packages/airflow/example_dags/example_latest_only.py
[2024-01-30T22:12:18.125+0000] {processor.py:830} INFO - Processing file /home/airflow/.local/lib/python3.8/site-packages/airflow/example_dags/example_latest_only.py for tasks to queue
[2024-01-30T22:12:18.126+0000] {logging_mixin.py:188} INFO - [2024-01-30T22:12:18.126+0000] {dagbag.py:538} INFO - Filling up the DagBag from /home/airflow/.local/lib/python3.8/site-packages/airflow/example_dags/example_latest_only.py
[2024-01-30T22:12:18.132+0000] {processor.py:840} INFO - DAG(s) 'latest_only' retrieved from /home/airflow/.local/lib/python3.8/site-packages/airflow/example_dags/example_latest_only.py
[2024-01-30T22:12:18.160+0000] {logging_mixin.py:188} INFO - [2024-01-30T22:12:18.159+0000] {dag.py:3036} INFO - Sync 1 DAGs
[2024-01-30T22:12:18.199+0000] {logging_mixin.py:188} INFO - [2024-01-30T22:12:18.199+0000] {dag.py:3823} INFO - Setting next_dagrun for latest_only to 2024-01-30 16:00:00+00:00, run_after=2024-01-30 20:00:00+00:00
[2024-01-30T22:12:18.232+0000] {processor.py:183} INFO - Processing /home/airflow/.local/lib/python3.8/site-packages/airflow/example_dags/example_latest_only.py took 0.112 seconds
[2024-01-30T22:12:48.489+0000] {processor.py:161} INFO - Started process (PID=2225) to work on /home/airflow/.local/lib/python3.8/site-packages/airflow/example_dags/example_latest_only.py
[2024-01-30T22:12:48.490+0000] {processor.py:830} INFO - Processing file /home/airflow/.local/lib/python3.8/site-packages/airflow/example_dags/example_latest_only.py for tasks to queue
[2024-01-30T22:12:48.492+0000] {logging_mixin.py:188} INFO - [2024-01-30T22:12:48.491+0000] {dagbag.py:538} INFO - Filling up the DagBag from /home/airflow/.local/lib/python3.8/site-packages/airflow/example_dags/example_latest_only.py
[2024-01-30T22:12:48.497+0000] {processor.py:840} INFO - DAG(s) 'latest_only' retrieved from /home/airflow/.local/lib/python3.8/site-packages/airflow/example_dags/example_latest_only.py
[2024-01-30T22:12:48.523+0000] {logging_mixin.py:188} INFO - [2024-01-30T22:12:48.522+0000] {dag.py:3036} INFO - Sync 1 DAGs
[2024-01-30T22:12:48.552+0000] {logging_mixin.py:188} INFO - [2024-01-30T22:12:48.551+0000] {dag.py:3823} INFO - Setting next_dagrun for latest_only to 2024-01-30 16:00:00+00:00, run_after=2024-01-30 20:00:00+00:00
[2024-01-30T22:12:48.579+0000] {processor.py:183} INFO - Processing /home/airflow/.local/lib/python3.8/site-packages/airflow/example_dags/example_latest_only.py took 0.092 seconds
[2024-01-30T22:13:19.408+0000] {processor.py:161} INFO - Started process (PID=2282) to work on /home/airflow/.local/lib/python3.8/site-packages/airflow/example_dags/example_latest_only.py
[2024-01-30T22:13:19.409+0000] {processor.py:830} INFO - Processing file /home/airflow/.local/lib/python3.8/site-packages/airflow/example_dags/example_latest_only.py for tasks to queue
[2024-01-30T22:13:19.410+0000] {logging_mixin.py:188} INFO - [2024-01-30T22:13:19.410+0000] {dagbag.py:538} INFO - Filling up the DagBag from /home/airflow/.local/lib/python3.8/site-packages/airflow/example_dags/example_latest_only.py
[2024-01-30T22:13:19.417+0000] {processor.py:840} INFO - DAG(s) 'latest_only' retrieved from /home/airflow/.local/lib/python3.8/site-packages/airflow/example_dags/example_latest_only.py
[2024-01-30T22:13:19.448+0000] {logging_mixin.py:188} INFO - [2024-01-30T22:13:19.447+0000] {dag.py:3036} INFO - Sync 1 DAGs
[2024-01-30T22:13:19.478+0000] {logging_mixin.py:188} INFO - [2024-01-30T22:13:19.478+0000] {dag.py:3823} INFO - Setting next_dagrun for latest_only to 2024-01-30 16:00:00+00:00, run_after=2024-01-30 20:00:00+00:00
[2024-01-30T22:13:19.517+0000] {processor.py:183} INFO - Processing /home/airflow/.local/lib/python3.8/site-packages/airflow/example_dags/example_latest_only.py took 0.112 seconds
[2024-01-30T22:13:50.315+0000] {processor.py:161} INFO - Started process (PID=2339) to work on /home/airflow/.local/lib/python3.8/site-packages/airflow/example_dags/example_latest_only.py
[2024-01-30T22:13:50.317+0000] {processor.py:830} INFO - Processing file /home/airflow/.local/lib/python3.8/site-packages/airflow/example_dags/example_latest_only.py for tasks to queue
[2024-01-30T22:13:50.319+0000] {logging_mixin.py:188} INFO - [2024-01-30T22:13:50.318+0000] {dagbag.py:538} INFO - Filling up the DagBag from /home/airflow/.local/lib/python3.8/site-packages/airflow/example_dags/example_latest_only.py
[2024-01-30T22:13:50.327+0000] {processor.py:840} INFO - DAG(s) 'latest_only' retrieved from /home/airflow/.local/lib/python3.8/site-packages/airflow/example_dags/example_latest_only.py
[2024-01-30T22:13:50.359+0000] {logging_mixin.py:188} INFO - [2024-01-30T22:13:50.359+0000] {dag.py:3036} INFO - Sync 1 DAGs
[2024-01-30T22:13:50.401+0000] {logging_mixin.py:188} INFO - [2024-01-30T22:13:50.400+0000] {dag.py:3823} INFO - Setting next_dagrun for latest_only to 2024-01-30 16:00:00+00:00, run_after=2024-01-30 20:00:00+00:00
[2024-01-30T22:13:50.481+0000] {processor.py:183} INFO - Processing /home/airflow/.local/lib/python3.8/site-packages/airflow/example_dags/example_latest_only.py took 0.170 seconds
[2024-01-30T22:14:21.630+0000] {processor.py:161} INFO - Started process (PID=2396) to work on /home/airflow/.local/lib/python3.8/site-packages/airflow/example_dags/example_latest_only.py
[2024-01-30T22:14:21.632+0000] {processor.py:830} INFO - Processing file /home/airflow/.local/lib/python3.8/site-packages/airflow/example_dags/example_latest_only.py for tasks to queue
[2024-01-30T22:14:21.634+0000] {logging_mixin.py:188} INFO - [2024-01-30T22:14:21.633+0000] {dagbag.py:538} INFO - Filling up the DagBag from /home/airflow/.local/lib/python3.8/site-packages/airflow/example_dags/example_latest_only.py
[2024-01-30T22:14:21.640+0000] {processor.py:840} INFO - DAG(s) 'latest_only' retrieved from /home/airflow/.local/lib/python3.8/site-packages/airflow/example_dags/example_latest_only.py
[2024-01-30T22:14:21.664+0000] {logging_mixin.py:188} INFO - [2024-01-30T22:14:21.664+0000] {dag.py:3036} INFO - Sync 1 DAGs
[2024-01-30T22:14:21.689+0000] {logging_mixin.py:188} INFO - [2024-01-30T22:14:21.688+0000] {dag.py:3823} INFO - Setting next_dagrun for latest_only to 2024-01-30 16:00:00+00:00, run_after=2024-01-30 20:00:00+00:00
[2024-01-30T22:14:21.717+0000] {processor.py:183} INFO - Processing /home/airflow/.local/lib/python3.8/site-packages/airflow/example_dags/example_latest_only.py took 0.089 seconds
[2024-01-30T22:14:52.427+0000] {processor.py:161} INFO - Started process (PID=2446) to work on /home/airflow/.local/lib/python3.8/site-packages/airflow/example_dags/example_latest_only.py
[2024-01-30T22:14:52.429+0000] {processor.py:830} INFO - Processing file /home/airflow/.local/lib/python3.8/site-packages/airflow/example_dags/example_latest_only.py for tasks to queue
[2024-01-30T22:14:52.431+0000] {logging_mixin.py:188} INFO - [2024-01-30T22:14:52.430+0000] {dagbag.py:538} INFO - Filling up the DagBag from /home/airflow/.local/lib/python3.8/site-packages/airflow/example_dags/example_latest_only.py
[2024-01-30T22:14:52.438+0000] {processor.py:840} INFO - DAG(s) 'latest_only' retrieved from /home/airflow/.local/lib/python3.8/site-packages/airflow/example_dags/example_latest_only.py
[2024-01-30T22:14:52.466+0000] {logging_mixin.py:188} INFO - [2024-01-30T22:14:52.466+0000] {dag.py:3036} INFO - Sync 1 DAGs
[2024-01-30T22:14:52.494+0000] {logging_mixin.py:188} INFO - [2024-01-30T22:14:52.494+0000] {dag.py:3823} INFO - Setting next_dagrun for latest_only to 2024-01-30 16:00:00+00:00, run_after=2024-01-30 20:00:00+00:00
[2024-01-30T22:14:52.523+0000] {processor.py:183} INFO - Processing /home/airflow/.local/lib/python3.8/site-packages/airflow/example_dags/example_latest_only.py took 0.098 seconds
[2024-01-30T22:15:22.707+0000] {processor.py:161} INFO - Started process (PID=2498) to work on /home/airflow/.local/lib/python3.8/site-packages/airflow/example_dags/example_latest_only.py
[2024-01-30T22:15:22.709+0000] {processor.py:830} INFO - Processing file /home/airflow/.local/lib/python3.8/site-packages/airflow/example_dags/example_latest_only.py for tasks to queue
[2024-01-30T22:15:22.710+0000] {logging_mixin.py:188} INFO - [2024-01-30T22:15:22.710+0000] {dagbag.py:538} INFO - Filling up the DagBag from /home/airflow/.local/lib/python3.8/site-packages/airflow/example_dags/example_latest_only.py
[2024-01-30T22:15:22.717+0000] {processor.py:840} INFO - DAG(s) 'latest_only' retrieved from /home/airflow/.local/lib/python3.8/site-packages/airflow/example_dags/example_latest_only.py
[2024-01-30T22:15:22.744+0000] {logging_mixin.py:188} INFO - [2024-01-30T22:15:22.743+0000] {dag.py:3036} INFO - Sync 1 DAGs
[2024-01-30T22:15:22.771+0000] {logging_mixin.py:188} INFO - [2024-01-30T22:15:22.771+0000] {dag.py:3823} INFO - Setting next_dagrun for latest_only to 2024-01-30 16:00:00+00:00, run_after=2024-01-30 20:00:00+00:00
[2024-01-30T22:15:22.801+0000] {processor.py:183} INFO - Processing /home/airflow/.local/lib/python3.8/site-packages/airflow/example_dags/example_latest_only.py took 0.096 seconds
[2024-01-30T22:15:52.867+0000] {processor.py:161} INFO - Started process (PID=2557) to work on /home/airflow/.local/lib/python3.8/site-packages/airflow/example_dags/example_latest_only.py
[2024-01-30T22:15:52.868+0000] {processor.py:830} INFO - Processing file /home/airflow/.local/lib/python3.8/site-packages/airflow/example_dags/example_latest_only.py for tasks to queue
[2024-01-30T22:15:52.870+0000] {logging_mixin.py:188} INFO - [2024-01-30T22:15:52.869+0000] {dagbag.py:538} INFO - Filling up the DagBag from /home/airflow/.local/lib/python3.8/site-packages/airflow/example_dags/example_latest_only.py
[2024-01-30T22:15:52.875+0000] {processor.py:840} INFO - DAG(s) 'latest_only' retrieved from /home/airflow/.local/lib/python3.8/site-packages/airflow/example_dags/example_latest_only.py
[2024-01-30T22:15:52.902+0000] {logging_mixin.py:188} INFO - [2024-01-30T22:15:52.902+0000] {dag.py:3036} INFO - Sync 1 DAGs
[2024-01-30T22:15:52.930+0000] {logging_mixin.py:188} INFO - [2024-01-30T22:15:52.930+0000] {dag.py:3823} INFO - Setting next_dagrun for latest_only to 2024-01-30 16:00:00+00:00, run_after=2024-01-30 20:00:00+00:00
[2024-01-30T22:15:52.990+0000] {processor.py:183} INFO - Processing /home/airflow/.local/lib/python3.8/site-packages/airflow/example_dags/example_latest_only.py took 0.126 seconds
[2024-01-30T22:16:23.386+0000] {processor.py:161} INFO - Started process (PID=2618) to work on /home/airflow/.local/lib/python3.8/site-packages/airflow/example_dags/example_latest_only.py
[2024-01-30T22:16:23.387+0000] {processor.py:830} INFO - Processing file /home/airflow/.local/lib/python3.8/site-packages/airflow/example_dags/example_latest_only.py for tasks to queue
[2024-01-30T22:16:23.390+0000] {logging_mixin.py:188} INFO - [2024-01-30T22:16:23.389+0000] {dagbag.py:538} INFO - Filling up the DagBag from /home/airflow/.local/lib/python3.8/site-packages/airflow/example_dags/example_latest_only.py
[2024-01-30T22:16:23.398+0000] {processor.py:840} INFO - DAG(s) 'latest_only' retrieved from /home/airflow/.local/lib/python3.8/site-packages/airflow/example_dags/example_latest_only.py
[2024-01-30T22:16:23.435+0000] {logging_mixin.py:188} INFO - [2024-01-30T22:16:23.434+0000] {dag.py:3036} INFO - Sync 1 DAGs
[2024-01-30T22:16:23.479+0000] {logging_mixin.py:188} INFO - [2024-01-30T22:16:23.478+0000] {dag.py:3823} INFO - Setting next_dagrun for latest_only to 2024-01-30 16:00:00+00:00, run_after=2024-01-30 20:00:00+00:00
[2024-01-30T22:16:23.523+0000] {processor.py:183} INFO - Processing /home/airflow/.local/lib/python3.8/site-packages/airflow/example_dags/example_latest_only.py took 0.141 seconds
[2024-01-30T22:16:54.293+0000] {processor.py:161} INFO - Started process (PID=2681) to work on /home/airflow/.local/lib/python3.8/site-packages/airflow/example_dags/example_latest_only.py
[2024-01-30T22:16:54.294+0000] {processor.py:830} INFO - Processing file /home/airflow/.local/lib/python3.8/site-packages/airflow/example_dags/example_latest_only.py for tasks to queue
[2024-01-30T22:16:54.296+0000] {logging_mixin.py:188} INFO - [2024-01-30T22:16:54.296+0000] {dagbag.py:538} INFO - Filling up the DagBag from /home/airflow/.local/lib/python3.8/site-packages/airflow/example_dags/example_latest_only.py
[2024-01-30T22:16:54.303+0000] {processor.py:840} INFO - DAG(s) 'latest_only' retrieved from /home/airflow/.local/lib/python3.8/site-packages/airflow/example_dags/example_latest_only.py
[2024-01-30T22:16:54.333+0000] {logging_mixin.py:188} INFO - [2024-01-30T22:16:54.332+0000] {dag.py:3036} INFO - Sync 1 DAGs
[2024-01-30T22:16:54.362+0000] {logging_mixin.py:188} INFO - [2024-01-30T22:16:54.362+0000] {dag.py:3823} INFO - Setting next_dagrun for latest_only to 2024-01-30 16:00:00+00:00, run_after=2024-01-30 20:00:00+00:00
[2024-01-30T22:16:54.393+0000] {processor.py:183} INFO - Processing /home/airflow/.local/lib/python3.8/site-packages/airflow/example_dags/example_latest_only.py took 0.104 seconds
[2024-01-30T22:17:26.186+0000] {processor.py:161} INFO - Started process (PID=2739) to work on /home/airflow/.local/lib/python3.8/site-packages/airflow/example_dags/example_latest_only.py
[2024-01-30T22:17:26.188+0000] {processor.py:830} INFO - Processing file /home/airflow/.local/lib/python3.8/site-packages/airflow/example_dags/example_latest_only.py for tasks to queue
[2024-01-30T22:17:26.190+0000] {logging_mixin.py:188} INFO - [2024-01-30T22:17:26.189+0000] {dagbag.py:538} INFO - Filling up the DagBag from /home/airflow/.local/lib/python3.8/site-packages/airflow/example_dags/example_latest_only.py
[2024-01-30T22:17:26.196+0000] {processor.py:840} INFO - DAG(s) 'latest_only' retrieved from /home/airflow/.local/lib/python3.8/site-packages/airflow/example_dags/example_latest_only.py
[2024-01-30T22:17:26.222+0000] {logging_mixin.py:188} INFO - [2024-01-30T22:17:26.222+0000] {dag.py:3036} INFO - Sync 1 DAGs
[2024-01-30T22:17:26.249+0000] {logging_mixin.py:188} INFO - [2024-01-30T22:17:26.249+0000] {dag.py:3823} INFO - Setting next_dagrun for latest_only to 2024-01-30 16:00:00+00:00, run_after=2024-01-30 20:00:00+00:00
[2024-01-30T22:17:26.428+0000] {processor.py:183} INFO - Processing /home/airflow/.local/lib/python3.8/site-packages/airflow/example_dags/example_latest_only.py took 0.244 seconds
[2024-01-30T22:17:56.951+0000] {processor.py:161} INFO - Started process (PID=2796) to work on /home/airflow/.local/lib/python3.8/site-packages/airflow/example_dags/example_latest_only.py
[2024-01-30T22:17:56.953+0000] {processor.py:830} INFO - Processing file /home/airflow/.local/lib/python3.8/site-packages/airflow/example_dags/example_latest_only.py for tasks to queue
[2024-01-30T22:17:56.954+0000] {logging_mixin.py:188} INFO - [2024-01-30T22:17:56.954+0000] {dagbag.py:538} INFO - Filling up the DagBag from /home/airflow/.local/lib/python3.8/site-packages/airflow/example_dags/example_latest_only.py
[2024-01-30T22:17:56.963+0000] {processor.py:840} INFO - DAG(s) 'latest_only' retrieved from /home/airflow/.local/lib/python3.8/site-packages/airflow/example_dags/example_latest_only.py
[2024-01-30T22:17:56.992+0000] {logging_mixin.py:188} INFO - [2024-01-30T22:17:56.991+0000] {dag.py:3036} INFO - Sync 1 DAGs
[2024-01-30T22:17:57.024+0000] {logging_mixin.py:188} INFO - [2024-01-30T22:17:57.024+0000] {dag.py:3823} INFO - Setting next_dagrun for latest_only to 2024-01-30 16:00:00+00:00, run_after=2024-01-30 20:00:00+00:00
[2024-01-30T22:17:57.064+0000] {processor.py:183} INFO - Processing /home/airflow/.local/lib/python3.8/site-packages/airflow/example_dags/example_latest_only.py took 0.117 seconds
[2024-01-30T22:18:27.435+0000] {processor.py:161} INFO - Started process (PID=2854) to work on /home/airflow/.local/lib/python3.8/site-packages/airflow/example_dags/example_latest_only.py
[2024-01-30T22:18:27.437+0000] {processor.py:830} INFO - Processing file /home/airflow/.local/lib/python3.8/site-packages/airflow/example_dags/example_latest_only.py for tasks to queue
[2024-01-30T22:18:27.439+0000] {logging_mixin.py:188} INFO - [2024-01-30T22:18:27.438+0000] {dagbag.py:538} INFO - Filling up the DagBag from /home/airflow/.local/lib/python3.8/site-packages/airflow/example_dags/example_latest_only.py
[2024-01-30T22:18:27.445+0000] {processor.py:840} INFO - DAG(s) 'latest_only' retrieved from /home/airflow/.local/lib/python3.8/site-packages/airflow/example_dags/example_latest_only.py
[2024-01-30T22:18:27.472+0000] {logging_mixin.py:188} INFO - [2024-01-30T22:18:27.471+0000] {dag.py:3036} INFO - Sync 1 DAGs
[2024-01-30T22:18:27.501+0000] {logging_mixin.py:188} INFO - [2024-01-30T22:18:27.501+0000] {dag.py:3823} INFO - Setting next_dagrun for latest_only to 2024-01-30 16:00:00+00:00, run_after=2024-01-30 20:00:00+00:00
[2024-01-30T22:18:27.534+0000] {processor.py:183} INFO - Processing /home/airflow/.local/lib/python3.8/site-packages/airflow/example_dags/example_latest_only.py took 0.103 seconds
[2024-01-30T22:18:57.852+0000] {processor.py:161} INFO - Started process (PID=2911) to work on /home/airflow/.local/lib/python3.8/site-packages/airflow/example_dags/example_latest_only.py
[2024-01-30T22:18:57.853+0000] {processor.py:830} INFO - Processing file /home/airflow/.local/lib/python3.8/site-packages/airflow/example_dags/example_latest_only.py for tasks to queue
[2024-01-30T22:18:57.855+0000] {logging_mixin.py:188} INFO - [2024-01-30T22:18:57.855+0000] {dagbag.py:538} INFO - Filling up the DagBag from /home/airflow/.local/lib/python3.8/site-packages/airflow/example_dags/example_latest_only.py
[2024-01-30T22:18:57.861+0000] {processor.py:840} INFO - DAG(s) 'latest_only' retrieved from /home/airflow/.local/lib/python3.8/site-packages/airflow/example_dags/example_latest_only.py
[2024-01-30T22:18:57.883+0000] {logging_mixin.py:188} INFO - [2024-01-30T22:18:57.882+0000] {dag.py:3036} INFO - Sync 1 DAGs
[2024-01-30T22:18:57.908+0000] {logging_mixin.py:188} INFO - [2024-01-30T22:18:57.908+0000] {dag.py:3823} INFO - Setting next_dagrun for latest_only to 2024-01-30 16:00:00+00:00, run_after=2024-01-30 20:00:00+00:00
[2024-01-30T22:18:57.939+0000] {processor.py:183} INFO - Processing /home/airflow/.local/lib/python3.8/site-packages/airflow/example_dags/example_latest_only.py took 0.089 seconds
[2024-01-30T22:19:30.676+0000] {processor.py:161} INFO - Started process (PID=2968) to work on /home/airflow/.local/lib/python3.8/site-packages/airflow/example_dags/example_latest_only.py
[2024-01-30T22:19:30.677+0000] {processor.py:830} INFO - Processing file /home/airflow/.local/lib/python3.8/site-packages/airflow/example_dags/example_latest_only.py for tasks to queue
[2024-01-30T22:19:30.680+0000] {logging_mixin.py:188} INFO - [2024-01-30T22:19:30.679+0000] {dagbag.py:538} INFO - Filling up the DagBag from /home/airflow/.local/lib/python3.8/site-packages/airflow/example_dags/example_latest_only.py
[2024-01-30T22:19:30.697+0000] {processor.py:840} INFO - DAG(s) 'latest_only' retrieved from /home/airflow/.local/lib/python3.8/site-packages/airflow/example_dags/example_latest_only.py
[2024-01-30T22:19:30.736+0000] {logging_mixin.py:188} INFO - [2024-01-30T22:19:30.735+0000] {dag.py:3036} INFO - Sync 1 DAGs
[2024-01-30T22:19:30.918+0000] {logging_mixin.py:188} INFO - [2024-01-30T22:19:30.918+0000] {dag.py:3823} INFO - Setting next_dagrun for latest_only to 2024-01-30 16:00:00+00:00, run_after=2024-01-30 20:00:00+00:00
[2024-01-30T22:19:30.961+0000] {processor.py:183} INFO - Processing /home/airflow/.local/lib/python3.8/site-packages/airflow/example_dags/example_latest_only.py took 0.289 seconds
[2024-01-30T22:20:01.020+0000] {processor.py:161} INFO - Started process (PID=3025) to work on /home/airflow/.local/lib/python3.8/site-packages/airflow/example_dags/example_latest_only.py
[2024-01-30T22:20:01.021+0000] {processor.py:830} INFO - Processing file /home/airflow/.local/lib/python3.8/site-packages/airflow/example_dags/example_latest_only.py for tasks to queue
[2024-01-30T22:20:01.023+0000] {logging_mixin.py:188} INFO - [2024-01-30T22:20:01.022+0000] {dagbag.py:538} INFO - Filling up the DagBag from /home/airflow/.local/lib/python3.8/site-packages/airflow/example_dags/example_latest_only.py
[2024-01-30T22:20:01.029+0000] {processor.py:840} INFO - DAG(s) 'latest_only' retrieved from /home/airflow/.local/lib/python3.8/site-packages/airflow/example_dags/example_latest_only.py
[2024-01-30T22:20:01.053+0000] {logging_mixin.py:188} INFO - [2024-01-30T22:20:01.053+0000] {dag.py:3036} INFO - Sync 1 DAGs
[2024-01-30T22:20:01.081+0000] {logging_mixin.py:188} INFO - [2024-01-30T22:20:01.081+0000] {dag.py:3823} INFO - Setting next_dagrun for latest_only to 2024-01-30 16:00:00+00:00, run_after=2024-01-30 20:00:00+00:00
[2024-01-30T22:20:01.111+0000] {processor.py:183} INFO - Processing /home/airflow/.local/lib/python3.8/site-packages/airflow/example_dags/example_latest_only.py took 0.094 seconds
[2024-01-30T22:20:31.494+0000] {processor.py:161} INFO - Started process (PID=3080) to work on /home/airflow/.local/lib/python3.8/site-packages/airflow/example_dags/example_latest_only.py
[2024-01-30T22:20:31.495+0000] {processor.py:830} INFO - Processing file /home/airflow/.local/lib/python3.8/site-packages/airflow/example_dags/example_latest_only.py for tasks to queue
[2024-01-30T22:20:31.496+0000] {logging_mixin.py:188} INFO - [2024-01-30T22:20:31.496+0000] {dagbag.py:538} INFO - Filling up the DagBag from /home/airflow/.local/lib/python3.8/site-packages/airflow/example_dags/example_latest_only.py
[2024-01-30T22:20:31.502+0000] {processor.py:840} INFO - DAG(s) 'latest_only' retrieved from /home/airflow/.local/lib/python3.8/site-packages/airflow/example_dags/example_latest_only.py
[2024-01-30T22:20:31.522+0000] {logging_mixin.py:188} INFO - [2024-01-30T22:20:31.522+0000] {dag.py:3036} INFO - Sync 1 DAGs
[2024-01-30T22:20:31.545+0000] {logging_mixin.py:188} INFO - [2024-01-30T22:20:31.545+0000] {dag.py:3823} INFO - Setting next_dagrun for latest_only to 2024-01-30 16:00:00+00:00, run_after=2024-01-30 20:00:00+00:00
[2024-01-30T22:20:31.574+0000] {processor.py:183} INFO - Processing /home/airflow/.local/lib/python3.8/site-packages/airflow/example_dags/example_latest_only.py took 0.082 seconds
[2024-01-30T22:21:02.798+0000] {processor.py:161} INFO - Started process (PID=3137) to work on /home/airflow/.local/lib/python3.8/site-packages/airflow/example_dags/example_latest_only.py
[2024-01-30T22:21:02.804+0000] {processor.py:830} INFO - Processing file /home/airflow/.local/lib/python3.8/site-packages/airflow/example_dags/example_latest_only.py for tasks to queue
[2024-01-30T22:21:02.814+0000] {logging_mixin.py:188} INFO - [2024-01-30T22:21:02.809+0000] {dagbag.py:538} INFO - Filling up the DagBag from /home/airflow/.local/lib/python3.8/site-packages/airflow/example_dags/example_latest_only.py
[2024-01-30T22:21:02.856+0000] {processor.py:840} INFO - DAG(s) 'latest_only' retrieved from /home/airflow/.local/lib/python3.8/site-packages/airflow/example_dags/example_latest_only.py
[2024-01-30T22:21:03.034+0000] {logging_mixin.py:188} INFO - [2024-01-30T22:21:03.031+0000] {dag.py:3036} INFO - Sync 1 DAGs
[2024-01-30T22:21:03.242+0000] {logging_mixin.py:188} INFO - [2024-01-30T22:21:03.240+0000] {dag.py:3823} INFO - Setting next_dagrun for latest_only to 2024-01-30 16:00:00+00:00, run_after=2024-01-30 20:00:00+00:00
[2024-01-30T22:21:03.443+0000] {processor.py:183} INFO - Processing /home/airflow/.local/lib/python3.8/site-packages/airflow/example_dags/example_latest_only.py took 0.663 seconds
[2024-01-30T22:21:33.600+0000] {processor.py:161} INFO - Started process (PID=3194) to work on /home/airflow/.local/lib/python3.8/site-packages/airflow/example_dags/example_latest_only.py
[2024-01-30T22:21:33.601+0000] {processor.py:830} INFO - Processing file /home/airflow/.local/lib/python3.8/site-packages/airflow/example_dags/example_latest_only.py for tasks to queue
[2024-01-30T22:21:33.603+0000] {logging_mixin.py:188} INFO - [2024-01-30T22:21:33.602+0000] {dagbag.py:538} INFO - Filling up the DagBag from /home/airflow/.local/lib/python3.8/site-packages/airflow/example_dags/example_latest_only.py
[2024-01-30T22:21:33.607+0000] {processor.py:840} INFO - DAG(s) 'latest_only' retrieved from /home/airflow/.local/lib/python3.8/site-packages/airflow/example_dags/example_latest_only.py
[2024-01-30T22:21:33.627+0000] {logging_mixin.py:188} INFO - [2024-01-30T22:21:33.626+0000] {dag.py:3036} INFO - Sync 1 DAGs
[2024-01-30T22:21:33.648+0000] {logging_mixin.py:188} INFO - [2024-01-30T22:21:33.648+0000] {dag.py:3823} INFO - Setting next_dagrun for latest_only to 2024-01-30 16:00:00+00:00, run_after=2024-01-30 20:00:00+00:00
[2024-01-30T22:21:33.675+0000] {processor.py:183} INFO - Processing /home/airflow/.local/lib/python3.8/site-packages/airflow/example_dags/example_latest_only.py took 0.077 seconds
[2024-01-30T22:22:04.084+0000] {processor.py:161} INFO - Started process (PID=3251) to work on /home/airflow/.local/lib/python3.8/site-packages/airflow/example_dags/example_latest_only.py
[2024-01-30T22:22:04.085+0000] {processor.py:830} INFO - Processing file /home/airflow/.local/lib/python3.8/site-packages/airflow/example_dags/example_latest_only.py for tasks to queue
[2024-01-30T22:22:04.086+0000] {logging_mixin.py:188} INFO - [2024-01-30T22:22:04.086+0000] {dagbag.py:538} INFO - Filling up the DagBag from /home/airflow/.local/lib/python3.8/site-packages/airflow/example_dags/example_latest_only.py
[2024-01-30T22:22:04.093+0000] {processor.py:840} INFO - DAG(s) 'latest_only' retrieved from /home/airflow/.local/lib/python3.8/site-packages/airflow/example_dags/example_latest_only.py
[2024-01-30T22:22:04.117+0000] {logging_mixin.py:188} INFO - [2024-01-30T22:22:04.117+0000] {dag.py:3036} INFO - Sync 1 DAGs
[2024-01-30T22:22:04.148+0000] {logging_mixin.py:188} INFO - [2024-01-30T22:22:04.148+0000] {dag.py:3823} INFO - Setting next_dagrun for latest_only to 2024-01-30 16:00:00+00:00, run_after=2024-01-30 20:00:00+00:00
[2024-01-30T22:22:04.178+0000] {processor.py:183} INFO - Processing /home/airflow/.local/lib/python3.8/site-packages/airflow/example_dags/example_latest_only.py took 0.097 seconds
[2024-01-30T22:22:34.318+0000] {processor.py:161} INFO - Started process (PID=3308) to work on /home/airflow/.local/lib/python3.8/site-packages/airflow/example_dags/example_latest_only.py
[2024-01-30T22:22:34.320+0000] {processor.py:830} INFO - Processing file /home/airflow/.local/lib/python3.8/site-packages/airflow/example_dags/example_latest_only.py for tasks to queue
[2024-01-30T22:22:34.321+0000] {logging_mixin.py:188} INFO - [2024-01-30T22:22:34.321+0000] {dagbag.py:538} INFO - Filling up the DagBag from /home/airflow/.local/lib/python3.8/site-packages/airflow/example_dags/example_latest_only.py
[2024-01-30T22:22:34.327+0000] {processor.py:840} INFO - DAG(s) 'latest_only' retrieved from /home/airflow/.local/lib/python3.8/site-packages/airflow/example_dags/example_latest_only.py
[2024-01-30T22:22:34.352+0000] {logging_mixin.py:188} INFO - [2024-01-30T22:22:34.352+0000] {dag.py:3036} INFO - Sync 1 DAGs
[2024-01-30T22:22:34.379+0000] {logging_mixin.py:188} INFO - [2024-01-30T22:22:34.379+0000] {dag.py:3823} INFO - Setting next_dagrun for latest_only to 2024-01-30 16:00:00+00:00, run_after=2024-01-30 20:00:00+00:00
[2024-01-30T22:22:34.409+0000] {processor.py:183} INFO - Processing /home/airflow/.local/lib/python3.8/site-packages/airflow/example_dags/example_latest_only.py took 0.095 seconds
[2024-01-30T22:23:04.804+0000] {processor.py:161} INFO - Started process (PID=3365) to work on /home/airflow/.local/lib/python3.8/site-packages/airflow/example_dags/example_latest_only.py
[2024-01-30T22:23:04.805+0000] {processor.py:830} INFO - Processing file /home/airflow/.local/lib/python3.8/site-packages/airflow/example_dags/example_latest_only.py for tasks to queue
[2024-01-30T22:23:04.808+0000] {logging_mixin.py:188} INFO - [2024-01-30T22:23:04.807+0000] {dagbag.py:538} INFO - Filling up the DagBag from /home/airflow/.local/lib/python3.8/site-packages/airflow/example_dags/example_latest_only.py
[2024-01-30T22:23:04.815+0000] {processor.py:840} INFO - DAG(s) 'latest_only' retrieved from /home/airflow/.local/lib/python3.8/site-packages/airflow/example_dags/example_latest_only.py
[2024-01-30T22:23:04.839+0000] {logging_mixin.py:188} INFO - [2024-01-30T22:23:04.839+0000] {dag.py:3036} INFO - Sync 1 DAGs
[2024-01-30T22:23:04.868+0000] {logging_mixin.py:188} INFO - [2024-01-30T22:23:04.868+0000] {dag.py:3823} INFO - Setting next_dagrun for latest_only to 2024-01-30 16:00:00+00:00, run_after=2024-01-30 20:00:00+00:00
[2024-01-30T22:23:04.897+0000] {processor.py:183} INFO - Processing /home/airflow/.local/lib/python3.8/site-packages/airflow/example_dags/example_latest_only.py took 0.096 seconds
