[2024-01-30T21:53:11.763+0000] {processor.py:161} INFO - Started process (PID=68) to work on /home/airflow/.local/lib/python3.8/site-packages/airflow/example_dags/example_branch_operator.py
[2024-01-30T21:53:11.764+0000] {processor.py:830} INFO - Processing file /home/airflow/.local/lib/python3.8/site-packages/airflow/example_dags/example_branch_operator.py for tasks to queue
[2024-01-30T21:53:11.767+0000] {logging_mixin.py:188} INFO - [2024-01-30T21:53:11.767+0000] {dagbag.py:538} INFO - Filling up the DagBag from /home/airflow/.local/lib/python3.8/site-packages/airflow/example_dags/example_branch_operator.py
[2024-01-30T21:53:11.803+0000] {processor.py:840} INFO - DAG(s) 'example_branch_operator' retrieved from /home/airflow/.local/lib/python3.8/site-packages/airflow/example_dags/example_branch_operator.py
[2024-01-30T21:53:12.025+0000] {logging_mixin.py:188} INFO - [2024-01-30T21:53:12.025+0000] {dag.py:3036} INFO - Sync 1 DAGs
[2024-01-30T21:53:12.066+0000] {logging_mixin.py:188} INFO - [2024-01-30T21:53:12.066+0000] {dag.py:3823} INFO - Setting next_dagrun for example_branch_operator to 2024-01-29 00:00:00+00:00, run_after=2024-01-30 00:00:00+00:00
[2024-01-30T21:53:12.123+0000] {processor.py:183} INFO - Processing /home/airflow/.local/lib/python3.8/site-packages/airflow/example_dags/example_branch_operator.py took 0.364 seconds
[2024-01-30T21:53:52.425+0000] {processor.py:161} INFO - Started process (PID=123) to work on /home/airflow/.local/lib/python3.8/site-packages/airflow/example_dags/example_branch_operator.py
[2024-01-30T21:53:52.428+0000] {processor.py:830} INFO - Processing file /home/airflow/.local/lib/python3.8/site-packages/airflow/example_dags/example_branch_operator.py for tasks to queue
[2024-01-30T21:53:52.431+0000] {logging_mixin.py:188} INFO - [2024-01-30T21:53:52.430+0000] {dagbag.py:538} INFO - Filling up the DagBag from /home/airflow/.local/lib/python3.8/site-packages/airflow/example_dags/example_branch_operator.py
[2024-01-30T21:53:52.570+0000] {processor.py:840} INFO - DAG(s) 'example_branch_operator' retrieved from /home/airflow/.local/lib/python3.8/site-packages/airflow/example_dags/example_branch_operator.py
[2024-01-30T21:53:52.708+0000] {logging_mixin.py:188} INFO - [2024-01-30T21:53:52.708+0000] {dag.py:3036} INFO - Sync 1 DAGs
[2024-01-30T21:53:52.770+0000] {logging_mixin.py:188} INFO - [2024-01-30T21:53:52.769+0000] {dag.py:3823} INFO - Setting next_dagrun for example_branch_operator to 2024-01-29 00:00:00+00:00, run_after=2024-01-30 00:00:00+00:00
[2024-01-30T21:53:52.819+0000] {processor.py:183} INFO - Processing /home/airflow/.local/lib/python3.8/site-packages/airflow/example_dags/example_branch_operator.py took 0.413 seconds
[2024-01-30T21:54:23.009+0000] {processor.py:161} INFO - Started process (PID=178) to work on /home/airflow/.local/lib/python3.8/site-packages/airflow/example_dags/example_branch_operator.py
[2024-01-30T21:54:23.010+0000] {processor.py:830} INFO - Processing file /home/airflow/.local/lib/python3.8/site-packages/airflow/example_dags/example_branch_operator.py for tasks to queue
[2024-01-30T21:54:23.012+0000] {logging_mixin.py:188} INFO - [2024-01-30T21:54:23.012+0000] {dagbag.py:538} INFO - Filling up the DagBag from /home/airflow/.local/lib/python3.8/site-packages/airflow/example_dags/example_branch_operator.py
[2024-01-30T21:54:23.028+0000] {processor.py:840} INFO - DAG(s) 'example_branch_operator' retrieved from /home/airflow/.local/lib/python3.8/site-packages/airflow/example_dags/example_branch_operator.py
[2024-01-30T21:54:23.172+0000] {logging_mixin.py:188} INFO - [2024-01-30T21:54:23.171+0000] {dag.py:3036} INFO - Sync 1 DAGs
[2024-01-30T21:54:23.197+0000] {logging_mixin.py:188} INFO - [2024-01-30T21:54:23.197+0000] {dag.py:3823} INFO - Setting next_dagrun for example_branch_operator to 2024-01-29 00:00:00+00:00, run_after=2024-01-30 00:00:00+00:00
[2024-01-30T21:54:23.224+0000] {processor.py:183} INFO - Processing /home/airflow/.local/lib/python3.8/site-packages/airflow/example_dags/example_branch_operator.py took 0.218 seconds
[2024-01-30T21:54:53.301+0000] {processor.py:161} INFO - Started process (PID=233) to work on /home/airflow/.local/lib/python3.8/site-packages/airflow/example_dags/example_branch_operator.py
[2024-01-30T21:54:53.303+0000] {processor.py:830} INFO - Processing file /home/airflow/.local/lib/python3.8/site-packages/airflow/example_dags/example_branch_operator.py for tasks to queue
[2024-01-30T21:54:53.305+0000] {logging_mixin.py:188} INFO - [2024-01-30T21:54:53.304+0000] {dagbag.py:538} INFO - Filling up the DagBag from /home/airflow/.local/lib/python3.8/site-packages/airflow/example_dags/example_branch_operator.py
[2024-01-30T21:54:53.323+0000] {processor.py:840} INFO - DAG(s) 'example_branch_operator' retrieved from /home/airflow/.local/lib/python3.8/site-packages/airflow/example_dags/example_branch_operator.py
[2024-01-30T21:54:53.356+0000] {logging_mixin.py:188} INFO - [2024-01-30T21:54:53.356+0000] {dag.py:3036} INFO - Sync 1 DAGs
[2024-01-30T21:54:53.383+0000] {logging_mixin.py:188} INFO - [2024-01-30T21:54:53.383+0000] {dag.py:3823} INFO - Setting next_dagrun for example_branch_operator to 2024-01-29 00:00:00+00:00, run_after=2024-01-30 00:00:00+00:00
[2024-01-30T21:54:53.417+0000] {processor.py:183} INFO - Processing /home/airflow/.local/lib/python3.8/site-packages/airflow/example_dags/example_branch_operator.py took 0.119 seconds
[2024-01-30T21:55:23.694+0000] {processor.py:161} INFO - Started process (PID=288) to work on /home/airflow/.local/lib/python3.8/site-packages/airflow/example_dags/example_branch_operator.py
[2024-01-30T21:55:23.695+0000] {processor.py:830} INFO - Processing file /home/airflow/.local/lib/python3.8/site-packages/airflow/example_dags/example_branch_operator.py for tasks to queue
[2024-01-30T21:55:23.697+0000] {logging_mixin.py:188} INFO - [2024-01-30T21:55:23.697+0000] {dagbag.py:538} INFO - Filling up the DagBag from /home/airflow/.local/lib/python3.8/site-packages/airflow/example_dags/example_branch_operator.py
[2024-01-30T21:55:23.719+0000] {processor.py:840} INFO - DAG(s) 'example_branch_operator' retrieved from /home/airflow/.local/lib/python3.8/site-packages/airflow/example_dags/example_branch_operator.py
[2024-01-30T21:55:23.752+0000] {logging_mixin.py:188} INFO - [2024-01-30T21:55:23.752+0000] {dag.py:3036} INFO - Sync 1 DAGs
[2024-01-30T21:55:23.778+0000] {logging_mixin.py:188} INFO - [2024-01-30T21:55:23.778+0000] {dag.py:3823} INFO - Setting next_dagrun for example_branch_operator to 2024-01-29 00:00:00+00:00, run_after=2024-01-30 00:00:00+00:00
[2024-01-30T21:55:23.803+0000] {processor.py:183} INFO - Processing /home/airflow/.local/lib/python3.8/site-packages/airflow/example_dags/example_branch_operator.py took 0.112 seconds
[2024-01-30T21:55:54.748+0000] {processor.py:161} INFO - Started process (PID=343) to work on /home/airflow/.local/lib/python3.8/site-packages/airflow/example_dags/example_branch_operator.py
[2024-01-30T21:55:54.749+0000] {processor.py:830} INFO - Processing file /home/airflow/.local/lib/python3.8/site-packages/airflow/example_dags/example_branch_operator.py for tasks to queue
[2024-01-30T21:55:54.751+0000] {logging_mixin.py:188} INFO - [2024-01-30T21:55:54.750+0000] {dagbag.py:538} INFO - Filling up the DagBag from /home/airflow/.local/lib/python3.8/site-packages/airflow/example_dags/example_branch_operator.py
[2024-01-30T21:55:54.766+0000] {processor.py:840} INFO - DAG(s) 'example_branch_operator' retrieved from /home/airflow/.local/lib/python3.8/site-packages/airflow/example_dags/example_branch_operator.py
[2024-01-30T21:55:54.794+0000] {logging_mixin.py:188} INFO - [2024-01-30T21:55:54.793+0000] {dag.py:3036} INFO - Sync 1 DAGs
[2024-01-30T21:55:54.816+0000] {logging_mixin.py:188} INFO - [2024-01-30T21:55:54.816+0000] {dag.py:3823} INFO - Setting next_dagrun for example_branch_operator to 2024-01-29 00:00:00+00:00, run_after=2024-01-30 00:00:00+00:00
[2024-01-30T21:55:54.877+0000] {processor.py:183} INFO - Processing /home/airflow/.local/lib/python3.8/site-packages/airflow/example_dags/example_branch_operator.py took 0.132 seconds
[2024-01-30T21:56:25.032+0000] {processor.py:161} INFO - Started process (PID=398) to work on /home/airflow/.local/lib/python3.8/site-packages/airflow/example_dags/example_branch_operator.py
[2024-01-30T21:56:25.034+0000] {processor.py:830} INFO - Processing file /home/airflow/.local/lib/python3.8/site-packages/airflow/example_dags/example_branch_operator.py for tasks to queue
[2024-01-30T21:56:25.036+0000] {logging_mixin.py:188} INFO - [2024-01-30T21:56:25.036+0000] {dagbag.py:538} INFO - Filling up the DagBag from /home/airflow/.local/lib/python3.8/site-packages/airflow/example_dags/example_branch_operator.py
[2024-01-30T21:56:25.051+0000] {processor.py:840} INFO - DAG(s) 'example_branch_operator' retrieved from /home/airflow/.local/lib/python3.8/site-packages/airflow/example_dags/example_branch_operator.py
[2024-01-30T21:56:25.078+0000] {logging_mixin.py:188} INFO - [2024-01-30T21:56:25.077+0000] {dag.py:3036} INFO - Sync 1 DAGs
[2024-01-30T21:56:25.100+0000] {logging_mixin.py:188} INFO - [2024-01-30T21:56:25.100+0000] {dag.py:3823} INFO - Setting next_dagrun for example_branch_operator to 2024-01-29 00:00:00+00:00, run_after=2024-01-30 00:00:00+00:00
[2024-01-30T21:56:25.152+0000] {processor.py:183} INFO - Processing /home/airflow/.local/lib/python3.8/site-packages/airflow/example_dags/example_branch_operator.py took 0.123 seconds
[2024-01-30T21:56:55.226+0000] {processor.py:161} INFO - Started process (PID=453) to work on /home/airflow/.local/lib/python3.8/site-packages/airflow/example_dags/example_branch_operator.py
[2024-01-30T21:56:55.227+0000] {processor.py:830} INFO - Processing file /home/airflow/.local/lib/python3.8/site-packages/airflow/example_dags/example_branch_operator.py for tasks to queue
[2024-01-30T21:56:55.229+0000] {logging_mixin.py:188} INFO - [2024-01-30T21:56:55.229+0000] {dagbag.py:538} INFO - Filling up the DagBag from /home/airflow/.local/lib/python3.8/site-packages/airflow/example_dags/example_branch_operator.py
[2024-01-30T21:56:55.246+0000] {processor.py:840} INFO - DAG(s) 'example_branch_operator' retrieved from /home/airflow/.local/lib/python3.8/site-packages/airflow/example_dags/example_branch_operator.py
[2024-01-30T21:56:55.277+0000] {logging_mixin.py:188} INFO - [2024-01-30T21:56:55.277+0000] {dag.py:3036} INFO - Sync 1 DAGs
[2024-01-30T21:56:55.303+0000] {logging_mixin.py:188} INFO - [2024-01-30T21:56:55.302+0000] {dag.py:3823} INFO - Setting next_dagrun for example_branch_operator to 2024-01-29 00:00:00+00:00, run_after=2024-01-30 00:00:00+00:00
[2024-01-30T21:56:55.376+0000] {processor.py:183} INFO - Processing /home/airflow/.local/lib/python3.8/site-packages/airflow/example_dags/example_branch_operator.py took 0.153 seconds
[2024-01-30T21:57:28.361+0000] {processor.py:161} INFO - Started process (PID=508) to work on /home/airflow/.local/lib/python3.8/site-packages/airflow/example_dags/example_branch_operator.py
[2024-01-30T21:57:28.381+0000] {processor.py:830} INFO - Processing file /home/airflow/.local/lib/python3.8/site-packages/airflow/example_dags/example_branch_operator.py for tasks to queue
[2024-01-30T21:57:28.413+0000] {logging_mixin.py:188} INFO - [2024-01-30T21:57:28.411+0000] {dagbag.py:538} INFO - Filling up the DagBag from /home/airflow/.local/lib/python3.8/site-packages/airflow/example_dags/example_branch_operator.py
[2024-01-30T21:57:28.701+0000] {processor.py:840} INFO - DAG(s) 'example_branch_operator' retrieved from /home/airflow/.local/lib/python3.8/site-packages/airflow/example_dags/example_branch_operator.py
[2024-01-30T21:57:28.764+0000] {logging_mixin.py:188} INFO - [2024-01-30T21:57:28.763+0000] {dag.py:3036} INFO - Sync 1 DAGs
[2024-01-30T21:57:28.795+0000] {logging_mixin.py:188} INFO - [2024-01-30T21:57:28.794+0000] {dag.py:3823} INFO - Setting next_dagrun for example_branch_operator to 2024-01-29 00:00:00+00:00, run_after=2024-01-30 00:00:00+00:00
[2024-01-30T21:57:28.833+0000] {processor.py:183} INFO - Processing /home/airflow/.local/lib/python3.8/site-packages/airflow/example_dags/example_branch_operator.py took 0.529 seconds
[2024-01-30T21:57:59.449+0000] {processor.py:161} INFO - Started process (PID=563) to work on /home/airflow/.local/lib/python3.8/site-packages/airflow/example_dags/example_branch_operator.py
[2024-01-30T21:57:59.469+0000] {processor.py:830} INFO - Processing file /home/airflow/.local/lib/python3.8/site-packages/airflow/example_dags/example_branch_operator.py for tasks to queue
[2024-01-30T21:57:59.526+0000] {logging_mixin.py:188} INFO - [2024-01-30T21:57:59.512+0000] {dagbag.py:538} INFO - Filling up the DagBag from /home/airflow/.local/lib/python3.8/site-packages/airflow/example_dags/example_branch_operator.py
[2024-01-30T21:58:00.046+0000] {processor.py:840} INFO - DAG(s) 'example_branch_operator' retrieved from /home/airflow/.local/lib/python3.8/site-packages/airflow/example_dags/example_branch_operator.py
[2024-01-30T21:58:00.947+0000] {logging_mixin.py:188} INFO - [2024-01-30T21:58:00.933+0000] {dag.py:3036} INFO - Sync 1 DAGs
[2024-01-30T21:58:01.497+0000] {logging_mixin.py:188} INFO - [2024-01-30T21:58:01.494+0000] {dag.py:3823} INFO - Setting next_dagrun for example_branch_operator to 2024-01-29 00:00:00+00:00, run_after=2024-01-30 00:00:00+00:00
[2024-01-30T21:58:02.051+0000] {processor.py:183} INFO - Processing /home/airflow/.local/lib/python3.8/site-packages/airflow/example_dags/example_branch_operator.py took 2.664 seconds
[2024-01-30T21:58:32.711+0000] {processor.py:161} INFO - Started process (PID=621) to work on /home/airflow/.local/lib/python3.8/site-packages/airflow/example_dags/example_branch_operator.py
[2024-01-30T21:58:32.722+0000] {processor.py:830} INFO - Processing file /home/airflow/.local/lib/python3.8/site-packages/airflow/example_dags/example_branch_operator.py for tasks to queue
[2024-01-30T21:58:32.738+0000] {logging_mixin.py:188} INFO - [2024-01-30T21:58:32.733+0000] {dagbag.py:538} INFO - Filling up the DagBag from /home/airflow/.local/lib/python3.8/site-packages/airflow/example_dags/example_branch_operator.py
[2024-01-30T21:58:32.928+0000] {processor.py:840} INFO - DAG(s) 'example_branch_operator' retrieved from /home/airflow/.local/lib/python3.8/site-packages/airflow/example_dags/example_branch_operator.py
[2024-01-30T21:58:33.487+0000] {logging_mixin.py:188} INFO - [2024-01-30T21:58:33.473+0000] {dag.py:3036} INFO - Sync 1 DAGs
[2024-01-30T21:58:33.983+0000] {logging_mixin.py:188} INFO - [2024-01-30T21:58:33.981+0000] {dag.py:3823} INFO - Setting next_dagrun for example_branch_operator to 2024-01-29 00:00:00+00:00, run_after=2024-01-30 00:00:00+00:00
[2024-01-30T21:58:34.399+0000] {processor.py:183} INFO - Processing /home/airflow/.local/lib/python3.8/site-packages/airflow/example_dags/example_branch_operator.py took 1.718 seconds
[2024-01-30T21:59:05.189+0000] {processor.py:161} INFO - Started process (PID=680) to work on /home/airflow/.local/lib/python3.8/site-packages/airflow/example_dags/example_branch_operator.py
[2024-01-30T21:59:05.190+0000] {processor.py:830} INFO - Processing file /home/airflow/.local/lib/python3.8/site-packages/airflow/example_dags/example_branch_operator.py for tasks to queue
[2024-01-30T21:59:05.191+0000] {logging_mixin.py:188} INFO - [2024-01-30T21:59:05.191+0000] {dagbag.py:538} INFO - Filling up the DagBag from /home/airflow/.local/lib/python3.8/site-packages/airflow/example_dags/example_branch_operator.py
[2024-01-30T21:59:05.206+0000] {processor.py:840} INFO - DAG(s) 'example_branch_operator' retrieved from /home/airflow/.local/lib/python3.8/site-packages/airflow/example_dags/example_branch_operator.py
[2024-01-30T21:59:05.235+0000] {logging_mixin.py:188} INFO - [2024-01-30T21:59:05.235+0000] {dag.py:3036} INFO - Sync 1 DAGs
[2024-01-30T21:59:05.262+0000] {logging_mixin.py:188} INFO - [2024-01-30T21:59:05.262+0000] {dag.py:3823} INFO - Setting next_dagrun for example_branch_operator to 2024-01-29 00:00:00+00:00, run_after=2024-01-30 00:00:00+00:00
[2024-01-30T21:59:05.293+0000] {processor.py:183} INFO - Processing /home/airflow/.local/lib/python3.8/site-packages/airflow/example_dags/example_branch_operator.py took 0.106 seconds
[2024-01-30T21:59:35.734+0000] {processor.py:161} INFO - Started process (PID=739) to work on /home/airflow/.local/lib/python3.8/site-packages/airflow/example_dags/example_branch_operator.py
[2024-01-30T21:59:35.735+0000] {processor.py:830} INFO - Processing file /home/airflow/.local/lib/python3.8/site-packages/airflow/example_dags/example_branch_operator.py for tasks to queue
[2024-01-30T21:59:35.737+0000] {logging_mixin.py:188} INFO - [2024-01-30T21:59:35.736+0000] {dagbag.py:538} INFO - Filling up the DagBag from /home/airflow/.local/lib/python3.8/site-packages/airflow/example_dags/example_branch_operator.py
[2024-01-30T21:59:35.754+0000] {processor.py:840} INFO - DAG(s) 'example_branch_operator' retrieved from /home/airflow/.local/lib/python3.8/site-packages/airflow/example_dags/example_branch_operator.py
[2024-01-30T21:59:35.782+0000] {logging_mixin.py:188} INFO - [2024-01-30T21:59:35.782+0000] {dag.py:3036} INFO - Sync 1 DAGs
[2024-01-30T21:59:35.807+0000] {logging_mixin.py:188} INFO - [2024-01-30T21:59:35.807+0000] {dag.py:3823} INFO - Setting next_dagrun for example_branch_operator to 2024-01-29 00:00:00+00:00, run_after=2024-01-30 00:00:00+00:00
[2024-01-30T21:59:35.836+0000] {processor.py:183} INFO - Processing /home/airflow/.local/lib/python3.8/site-packages/airflow/example_dags/example_branch_operator.py took 0.104 seconds
[2024-01-30T22:00:06.220+0000] {processor.py:161} INFO - Started process (PID=797) to work on /home/airflow/.local/lib/python3.8/site-packages/airflow/example_dags/example_branch_operator.py
[2024-01-30T22:00:06.221+0000] {processor.py:830} INFO - Processing file /home/airflow/.local/lib/python3.8/site-packages/airflow/example_dags/example_branch_operator.py for tasks to queue
[2024-01-30T22:00:06.223+0000] {logging_mixin.py:188} INFO - [2024-01-30T22:00:06.222+0000] {dagbag.py:538} INFO - Filling up the DagBag from /home/airflow/.local/lib/python3.8/site-packages/airflow/example_dags/example_branch_operator.py
[2024-01-30T22:00:06.245+0000] {processor.py:840} INFO - DAG(s) 'example_branch_operator' retrieved from /home/airflow/.local/lib/python3.8/site-packages/airflow/example_dags/example_branch_operator.py
[2024-01-30T22:00:06.284+0000] {logging_mixin.py:188} INFO - [2024-01-30T22:00:06.283+0000] {dag.py:3036} INFO - Sync 1 DAGs
[2024-01-30T22:00:06.320+0000] {logging_mixin.py:188} INFO - [2024-01-30T22:00:06.319+0000] {dag.py:3823} INFO - Setting next_dagrun for example_branch_operator to 2024-01-29 00:00:00+00:00, run_after=2024-01-30 00:00:00+00:00
[2024-01-30T22:00:06.355+0000] {processor.py:183} INFO - Processing /home/airflow/.local/lib/python3.8/site-packages/airflow/example_dags/example_branch_operator.py took 0.139 seconds
[2024-01-30T22:00:36.639+0000] {processor.py:161} INFO - Started process (PID=858) to work on /home/airflow/.local/lib/python3.8/site-packages/airflow/example_dags/example_branch_operator.py
[2024-01-30T22:00:36.641+0000] {processor.py:830} INFO - Processing file /home/airflow/.local/lib/python3.8/site-packages/airflow/example_dags/example_branch_operator.py for tasks to queue
[2024-01-30T22:00:36.643+0000] {logging_mixin.py:188} INFO - [2024-01-30T22:00:36.642+0000] {dagbag.py:538} INFO - Filling up the DagBag from /home/airflow/.local/lib/python3.8/site-packages/airflow/example_dags/example_branch_operator.py
[2024-01-30T22:00:36.663+0000] {processor.py:840} INFO - DAG(s) 'example_branch_operator' retrieved from /home/airflow/.local/lib/python3.8/site-packages/airflow/example_dags/example_branch_operator.py
[2024-01-30T22:00:36.695+0000] {logging_mixin.py:188} INFO - [2024-01-30T22:00:36.695+0000] {dag.py:3036} INFO - Sync 1 DAGs
[2024-01-30T22:00:36.723+0000] {logging_mixin.py:188} INFO - [2024-01-30T22:00:36.723+0000] {dag.py:3823} INFO - Setting next_dagrun for example_branch_operator to 2024-01-29 00:00:00+00:00, run_after=2024-01-30 00:00:00+00:00
[2024-01-30T22:00:36.798+0000] {processor.py:183} INFO - Processing /home/airflow/.local/lib/python3.8/site-packages/airflow/example_dags/example_branch_operator.py took 0.162 seconds
[2024-01-30T22:01:07.067+0000] {processor.py:161} INFO - Started process (PID=915) to work on /home/airflow/.local/lib/python3.8/site-packages/airflow/example_dags/example_branch_operator.py
[2024-01-30T22:01:07.068+0000] {processor.py:830} INFO - Processing file /home/airflow/.local/lib/python3.8/site-packages/airflow/example_dags/example_branch_operator.py for tasks to queue
[2024-01-30T22:01:07.070+0000] {logging_mixin.py:188} INFO - [2024-01-30T22:01:07.069+0000] {dagbag.py:538} INFO - Filling up the DagBag from /home/airflow/.local/lib/python3.8/site-packages/airflow/example_dags/example_branch_operator.py
[2024-01-30T22:01:07.088+0000] {processor.py:840} INFO - DAG(s) 'example_branch_operator' retrieved from /home/airflow/.local/lib/python3.8/site-packages/airflow/example_dags/example_branch_operator.py
[2024-01-30T22:01:07.117+0000] {logging_mixin.py:188} INFO - [2024-01-30T22:01:07.116+0000] {dag.py:3036} INFO - Sync 1 DAGs
[2024-01-30T22:01:07.144+0000] {logging_mixin.py:188} INFO - [2024-01-30T22:01:07.143+0000] {dag.py:3823} INFO - Setting next_dagrun for example_branch_operator to 2024-01-29 00:00:00+00:00, run_after=2024-01-30 00:00:00+00:00
[2024-01-30T22:01:07.170+0000] {processor.py:183} INFO - Processing /home/airflow/.local/lib/python3.8/site-packages/airflow/example_dags/example_branch_operator.py took 0.105 seconds
[2024-01-30T22:01:37.396+0000] {processor.py:161} INFO - Started process (PID=972) to work on /home/airflow/.local/lib/python3.8/site-packages/airflow/example_dags/example_branch_operator.py
[2024-01-30T22:01:37.398+0000] {processor.py:830} INFO - Processing file /home/airflow/.local/lib/python3.8/site-packages/airflow/example_dags/example_branch_operator.py for tasks to queue
[2024-01-30T22:01:37.400+0000] {logging_mixin.py:188} INFO - [2024-01-30T22:01:37.399+0000] {dagbag.py:538} INFO - Filling up the DagBag from /home/airflow/.local/lib/python3.8/site-packages/airflow/example_dags/example_branch_operator.py
[2024-01-30T22:01:37.429+0000] {processor.py:840} INFO - DAG(s) 'example_branch_operator' retrieved from /home/airflow/.local/lib/python3.8/site-packages/airflow/example_dags/example_branch_operator.py
[2024-01-30T22:01:37.473+0000] {logging_mixin.py:188} INFO - [2024-01-30T22:01:37.473+0000] {dag.py:3036} INFO - Sync 1 DAGs
[2024-01-30T22:01:37.535+0000] {logging_mixin.py:188} INFO - [2024-01-30T22:01:37.535+0000] {dag.py:3823} INFO - Setting next_dagrun for example_branch_operator to 2024-01-29 00:00:00+00:00, run_after=2024-01-30 00:00:00+00:00
[2024-01-30T22:01:37.616+0000] {processor.py:183} INFO - Processing /home/airflow/.local/lib/python3.8/site-packages/airflow/example_dags/example_branch_operator.py took 0.226 seconds
[2024-01-30T22:02:07.835+0000] {processor.py:161} INFO - Started process (PID=1029) to work on /home/airflow/.local/lib/python3.8/site-packages/airflow/example_dags/example_branch_operator.py
[2024-01-30T22:02:07.837+0000] {processor.py:830} INFO - Processing file /home/airflow/.local/lib/python3.8/site-packages/airflow/example_dags/example_branch_operator.py for tasks to queue
[2024-01-30T22:02:07.838+0000] {logging_mixin.py:188} INFO - [2024-01-30T22:02:07.837+0000] {dagbag.py:538} INFO - Filling up the DagBag from /home/airflow/.local/lib/python3.8/site-packages/airflow/example_dags/example_branch_operator.py
[2024-01-30T22:02:07.854+0000] {processor.py:840} INFO - DAG(s) 'example_branch_operator' retrieved from /home/airflow/.local/lib/python3.8/site-packages/airflow/example_dags/example_branch_operator.py
[2024-01-30T22:02:07.887+0000] {logging_mixin.py:188} INFO - [2024-01-30T22:02:07.886+0000] {dag.py:3036} INFO - Sync 1 DAGs
[2024-01-30T22:02:07.911+0000] {logging_mixin.py:188} INFO - [2024-01-30T22:02:07.911+0000] {dag.py:3823} INFO - Setting next_dagrun for example_branch_operator to 2024-01-29 00:00:00+00:00, run_after=2024-01-30 00:00:00+00:00
[2024-01-30T22:02:07.938+0000] {processor.py:183} INFO - Processing /home/airflow/.local/lib/python3.8/site-packages/airflow/example_dags/example_branch_operator.py took 0.105 seconds
[2024-01-30T22:02:38.308+0000] {processor.py:161} INFO - Started process (PID=1086) to work on /home/airflow/.local/lib/python3.8/site-packages/airflow/example_dags/example_branch_operator.py
[2024-01-30T22:02:38.310+0000] {processor.py:830} INFO - Processing file /home/airflow/.local/lib/python3.8/site-packages/airflow/example_dags/example_branch_operator.py for tasks to queue
[2024-01-30T22:02:38.311+0000] {logging_mixin.py:188} INFO - [2024-01-30T22:02:38.310+0000] {dagbag.py:538} INFO - Filling up the DagBag from /home/airflow/.local/lib/python3.8/site-packages/airflow/example_dags/example_branch_operator.py
[2024-01-30T22:02:38.331+0000] {processor.py:840} INFO - DAG(s) 'example_branch_operator' retrieved from /home/airflow/.local/lib/python3.8/site-packages/airflow/example_dags/example_branch_operator.py
[2024-01-30T22:02:38.363+0000] {logging_mixin.py:188} INFO - [2024-01-30T22:02:38.362+0000] {dag.py:3036} INFO - Sync 1 DAGs
[2024-01-30T22:02:38.392+0000] {logging_mixin.py:188} INFO - [2024-01-30T22:02:38.391+0000] {dag.py:3823} INFO - Setting next_dagrun for example_branch_operator to 2024-01-29 00:00:00+00:00, run_after=2024-01-30 00:00:00+00:00
[2024-01-30T22:02:38.441+0000] {processor.py:183} INFO - Processing /home/airflow/.local/lib/python3.8/site-packages/airflow/example_dags/example_branch_operator.py took 0.135 seconds
[2024-01-30T22:03:08.600+0000] {processor.py:161} INFO - Started process (PID=1143) to work on /home/airflow/.local/lib/python3.8/site-packages/airflow/example_dags/example_branch_operator.py
[2024-01-30T22:03:08.601+0000] {processor.py:830} INFO - Processing file /home/airflow/.local/lib/python3.8/site-packages/airflow/example_dags/example_branch_operator.py for tasks to queue
[2024-01-30T22:03:08.603+0000] {logging_mixin.py:188} INFO - [2024-01-30T22:03:08.602+0000] {dagbag.py:538} INFO - Filling up the DagBag from /home/airflow/.local/lib/python3.8/site-packages/airflow/example_dags/example_branch_operator.py
[2024-01-30T22:03:08.620+0000] {processor.py:840} INFO - DAG(s) 'example_branch_operator' retrieved from /home/airflow/.local/lib/python3.8/site-packages/airflow/example_dags/example_branch_operator.py
[2024-01-30T22:03:08.650+0000] {logging_mixin.py:188} INFO - [2024-01-30T22:03:08.650+0000] {dag.py:3036} INFO - Sync 1 DAGs
[2024-01-30T22:03:08.675+0000] {logging_mixin.py:188} INFO - [2024-01-30T22:03:08.675+0000] {dag.py:3823} INFO - Setting next_dagrun for example_branch_operator to 2024-01-29 00:00:00+00:00, run_after=2024-01-30 00:00:00+00:00
[2024-01-30T22:03:08.705+0000] {processor.py:183} INFO - Processing /home/airflow/.local/lib/python3.8/site-packages/airflow/example_dags/example_branch_operator.py took 0.108 seconds
[2024-01-30T22:03:39.127+0000] {processor.py:161} INFO - Started process (PID=1204) to work on /home/airflow/.local/lib/python3.8/site-packages/airflow/example_dags/example_branch_operator.py
[2024-01-30T22:03:39.129+0000] {processor.py:830} INFO - Processing file /home/airflow/.local/lib/python3.8/site-packages/airflow/example_dags/example_branch_operator.py for tasks to queue
[2024-01-30T22:03:39.131+0000] {logging_mixin.py:188} INFO - [2024-01-30T22:03:39.130+0000] {dagbag.py:538} INFO - Filling up the DagBag from /home/airflow/.local/lib/python3.8/site-packages/airflow/example_dags/example_branch_operator.py
[2024-01-30T22:03:39.151+0000] {processor.py:840} INFO - DAG(s) 'example_branch_operator' retrieved from /home/airflow/.local/lib/python3.8/site-packages/airflow/example_dags/example_branch_operator.py
[2024-01-30T22:03:39.186+0000] {logging_mixin.py:188} INFO - [2024-01-30T22:03:39.186+0000] {dag.py:3036} INFO - Sync 1 DAGs
[2024-01-30T22:03:39.218+0000] {logging_mixin.py:188} INFO - [2024-01-30T22:03:39.218+0000] {dag.py:3823} INFO - Setting next_dagrun for example_branch_operator to 2024-01-29 00:00:00+00:00, run_after=2024-01-30 00:00:00+00:00
[2024-01-30T22:03:39.249+0000] {processor.py:183} INFO - Processing /home/airflow/.local/lib/python3.8/site-packages/airflow/example_dags/example_branch_operator.py took 0.127 seconds
[2024-01-30T22:04:09.300+0000] {processor.py:161} INFO - Started process (PID=1261) to work on /home/airflow/.local/lib/python3.8/site-packages/airflow/example_dags/example_branch_operator.py
[2024-01-30T22:04:09.302+0000] {processor.py:830} INFO - Processing file /home/airflow/.local/lib/python3.8/site-packages/airflow/example_dags/example_branch_operator.py for tasks to queue
[2024-01-30T22:04:09.304+0000] {logging_mixin.py:188} INFO - [2024-01-30T22:04:09.303+0000] {dagbag.py:538} INFO - Filling up the DagBag from /home/airflow/.local/lib/python3.8/site-packages/airflow/example_dags/example_branch_operator.py
[2024-01-30T22:04:09.319+0000] {processor.py:840} INFO - DAG(s) 'example_branch_operator' retrieved from /home/airflow/.local/lib/python3.8/site-packages/airflow/example_dags/example_branch_operator.py
[2024-01-30T22:04:09.348+0000] {logging_mixin.py:188} INFO - [2024-01-30T22:04:09.347+0000] {dag.py:3036} INFO - Sync 1 DAGs
[2024-01-30T22:04:09.372+0000] {logging_mixin.py:188} INFO - [2024-01-30T22:04:09.371+0000] {dag.py:3823} INFO - Setting next_dagrun for example_branch_operator to 2024-01-29 00:00:00+00:00, run_after=2024-01-30 00:00:00+00:00
[2024-01-30T22:04:09.398+0000] {processor.py:183} INFO - Processing /home/airflow/.local/lib/python3.8/site-packages/airflow/example_dags/example_branch_operator.py took 0.101 seconds
[2024-01-30T22:04:39.913+0000] {processor.py:161} INFO - Started process (PID=1318) to work on /home/airflow/.local/lib/python3.8/site-packages/airflow/example_dags/example_branch_operator.py
[2024-01-30T22:04:39.914+0000] {processor.py:830} INFO - Processing file /home/airflow/.local/lib/python3.8/site-packages/airflow/example_dags/example_branch_operator.py for tasks to queue
[2024-01-30T22:04:39.915+0000] {logging_mixin.py:188} INFO - [2024-01-30T22:04:39.915+0000] {dagbag.py:538} INFO - Filling up the DagBag from /home/airflow/.local/lib/python3.8/site-packages/airflow/example_dags/example_branch_operator.py
[2024-01-30T22:04:39.933+0000] {processor.py:840} INFO - DAG(s) 'example_branch_operator' retrieved from /home/airflow/.local/lib/python3.8/site-packages/airflow/example_dags/example_branch_operator.py
[2024-01-30T22:04:40.003+0000] {logging_mixin.py:188} INFO - [2024-01-30T22:04:40.003+0000] {dag.py:3036} INFO - Sync 1 DAGs
[2024-01-30T22:04:40.032+0000] {logging_mixin.py:188} INFO - [2024-01-30T22:04:40.031+0000] {dag.py:3823} INFO - Setting next_dagrun for example_branch_operator to 2024-01-29 00:00:00+00:00, run_after=2024-01-30 00:00:00+00:00
[2024-01-30T22:04:40.061+0000] {processor.py:183} INFO - Processing /home/airflow/.local/lib/python3.8/site-packages/airflow/example_dags/example_branch_operator.py took 0.151 seconds
[2024-01-30T22:05:10.491+0000] {processor.py:161} INFO - Started process (PID=1375) to work on /home/airflow/.local/lib/python3.8/site-packages/airflow/example_dags/example_branch_operator.py
[2024-01-30T22:05:10.493+0000] {processor.py:830} INFO - Processing file /home/airflow/.local/lib/python3.8/site-packages/airflow/example_dags/example_branch_operator.py for tasks to queue
[2024-01-30T22:05:10.494+0000] {logging_mixin.py:188} INFO - [2024-01-30T22:05:10.494+0000] {dagbag.py:538} INFO - Filling up the DagBag from /home/airflow/.local/lib/python3.8/site-packages/airflow/example_dags/example_branch_operator.py
[2024-01-30T22:05:10.509+0000] {processor.py:840} INFO - DAG(s) 'example_branch_operator' retrieved from /home/airflow/.local/lib/python3.8/site-packages/airflow/example_dags/example_branch_operator.py
[2024-01-30T22:05:10.537+0000] {logging_mixin.py:188} INFO - [2024-01-30T22:05:10.536+0000] {dag.py:3036} INFO - Sync 1 DAGs
[2024-01-30T22:05:10.558+0000] {logging_mixin.py:188} INFO - [2024-01-30T22:05:10.558+0000] {dag.py:3823} INFO - Setting next_dagrun for example_branch_operator to 2024-01-29 00:00:00+00:00, run_after=2024-01-30 00:00:00+00:00
[2024-01-30T22:05:10.584+0000] {processor.py:183} INFO - Processing /home/airflow/.local/lib/python3.8/site-packages/airflow/example_dags/example_branch_operator.py took 0.095 seconds
[2024-01-30T22:05:41.554+0000] {processor.py:161} INFO - Started process (PID=1432) to work on /home/airflow/.local/lib/python3.8/site-packages/airflow/example_dags/example_branch_operator.py
[2024-01-30T22:05:41.564+0000] {processor.py:830} INFO - Processing file /home/airflow/.local/lib/python3.8/site-packages/airflow/example_dags/example_branch_operator.py for tasks to queue
[2024-01-30T22:05:41.588+0000] {logging_mixin.py:188} INFO - [2024-01-30T22:05:41.585+0000] {dagbag.py:538} INFO - Filling up the DagBag from /home/airflow/.local/lib/python3.8/site-packages/airflow/example_dags/example_branch_operator.py
[2024-01-30T22:05:41.804+0000] {processor.py:840} INFO - DAG(s) 'example_branch_operator' retrieved from /home/airflow/.local/lib/python3.8/site-packages/airflow/example_dags/example_branch_operator.py
[2024-01-30T22:05:42.305+0000] {logging_mixin.py:188} INFO - [2024-01-30T22:05:42.303+0000] {dag.py:3036} INFO - Sync 1 DAGs
[2024-01-30T22:05:42.534+0000] {logging_mixin.py:188} INFO - [2024-01-30T22:05:42.533+0000] {dag.py:3823} INFO - Setting next_dagrun for example_branch_operator to 2024-01-29 00:00:00+00:00, run_after=2024-01-30 00:00:00+00:00
[2024-01-30T22:05:42.718+0000] {processor.py:183} INFO - Processing /home/airflow/.local/lib/python3.8/site-packages/airflow/example_dags/example_branch_operator.py took 1.184 seconds
[2024-01-30T22:06:13.008+0000] {processor.py:161} INFO - Started process (PID=1489) to work on /home/airflow/.local/lib/python3.8/site-packages/airflow/example_dags/example_branch_operator.py
[2024-01-30T22:06:13.010+0000] {processor.py:830} INFO - Processing file /home/airflow/.local/lib/python3.8/site-packages/airflow/example_dags/example_branch_operator.py for tasks to queue
[2024-01-30T22:06:13.011+0000] {logging_mixin.py:188} INFO - [2024-01-30T22:06:13.011+0000] {dagbag.py:538} INFO - Filling up the DagBag from /home/airflow/.local/lib/python3.8/site-packages/airflow/example_dags/example_branch_operator.py
[2024-01-30T22:06:13.027+0000] {processor.py:840} INFO - DAG(s) 'example_branch_operator' retrieved from /home/airflow/.local/lib/python3.8/site-packages/airflow/example_dags/example_branch_operator.py
[2024-01-30T22:06:13.055+0000] {logging_mixin.py:188} INFO - [2024-01-30T22:06:13.055+0000] {dag.py:3036} INFO - Sync 1 DAGs
[2024-01-30T22:06:13.082+0000] {logging_mixin.py:188} INFO - [2024-01-30T22:06:13.082+0000] {dag.py:3823} INFO - Setting next_dagrun for example_branch_operator to 2024-01-29 00:00:00+00:00, run_after=2024-01-30 00:00:00+00:00
[2024-01-30T22:06:13.111+0000] {processor.py:183} INFO - Processing /home/airflow/.local/lib/python3.8/site-packages/airflow/example_dags/example_branch_operator.py took 0.106 seconds
[2024-01-30T22:06:43.331+0000] {processor.py:161} INFO - Started process (PID=1546) to work on /home/airflow/.local/lib/python3.8/site-packages/airflow/example_dags/example_branch_operator.py
[2024-01-30T22:06:43.332+0000] {processor.py:830} INFO - Processing file /home/airflow/.local/lib/python3.8/site-packages/airflow/example_dags/example_branch_operator.py for tasks to queue
[2024-01-30T22:06:43.333+0000] {logging_mixin.py:188} INFO - [2024-01-30T22:06:43.333+0000] {dagbag.py:538} INFO - Filling up the DagBag from /home/airflow/.local/lib/python3.8/site-packages/airflow/example_dags/example_branch_operator.py
[2024-01-30T22:06:43.352+0000] {processor.py:840} INFO - DAG(s) 'example_branch_operator' retrieved from /home/airflow/.local/lib/python3.8/site-packages/airflow/example_dags/example_branch_operator.py
[2024-01-30T22:06:43.385+0000] {logging_mixin.py:188} INFO - [2024-01-30T22:06:43.385+0000] {dag.py:3036} INFO - Sync 1 DAGs
[2024-01-30T22:06:43.417+0000] {logging_mixin.py:188} INFO - [2024-01-30T22:06:43.417+0000] {dag.py:3823} INFO - Setting next_dagrun for example_branch_operator to 2024-01-29 00:00:00+00:00, run_after=2024-01-30 00:00:00+00:00
[2024-01-30T22:06:43.489+0000] {processor.py:183} INFO - Processing /home/airflow/.local/lib/python3.8/site-packages/airflow/example_dags/example_branch_operator.py took 0.161 seconds
[2024-01-30T22:07:13.685+0000] {processor.py:161} INFO - Started process (PID=1603) to work on /home/airflow/.local/lib/python3.8/site-packages/airflow/example_dags/example_branch_operator.py
[2024-01-30T22:07:13.687+0000] {processor.py:830} INFO - Processing file /home/airflow/.local/lib/python3.8/site-packages/airflow/example_dags/example_branch_operator.py for tasks to queue
[2024-01-30T22:07:13.689+0000] {logging_mixin.py:188} INFO - [2024-01-30T22:07:13.688+0000] {dagbag.py:538} INFO - Filling up the DagBag from /home/airflow/.local/lib/python3.8/site-packages/airflow/example_dags/example_branch_operator.py
[2024-01-30T22:07:13.708+0000] {processor.py:840} INFO - DAG(s) 'example_branch_operator' retrieved from /home/airflow/.local/lib/python3.8/site-packages/airflow/example_dags/example_branch_operator.py
[2024-01-30T22:07:13.742+0000] {logging_mixin.py:188} INFO - [2024-01-30T22:07:13.741+0000] {dag.py:3036} INFO - Sync 1 DAGs
[2024-01-30T22:07:13.774+0000] {logging_mixin.py:188} INFO - [2024-01-30T22:07:13.774+0000] {dag.py:3823} INFO - Setting next_dagrun for example_branch_operator to 2024-01-29 00:00:00+00:00, run_after=2024-01-30 00:00:00+00:00
[2024-01-30T22:07:13.806+0000] {processor.py:183} INFO - Processing /home/airflow/.local/lib/python3.8/site-packages/airflow/example_dags/example_branch_operator.py took 0.124 seconds
[2024-01-30T22:07:44.200+0000] {processor.py:161} INFO - Started process (PID=1660) to work on /home/airflow/.local/lib/python3.8/site-packages/airflow/example_dags/example_branch_operator.py
[2024-01-30T22:07:44.202+0000] {processor.py:830} INFO - Processing file /home/airflow/.local/lib/python3.8/site-packages/airflow/example_dags/example_branch_operator.py for tasks to queue
[2024-01-30T22:07:44.204+0000] {logging_mixin.py:188} INFO - [2024-01-30T22:07:44.203+0000] {dagbag.py:538} INFO - Filling up the DagBag from /home/airflow/.local/lib/python3.8/site-packages/airflow/example_dags/example_branch_operator.py
[2024-01-30T22:07:44.225+0000] {processor.py:840} INFO - DAG(s) 'example_branch_operator' retrieved from /home/airflow/.local/lib/python3.8/site-packages/airflow/example_dags/example_branch_operator.py
[2024-01-30T22:07:44.259+0000] {logging_mixin.py:188} INFO - [2024-01-30T22:07:44.258+0000] {dag.py:3036} INFO - Sync 1 DAGs
[2024-01-30T22:07:44.287+0000] {logging_mixin.py:188} INFO - [2024-01-30T22:07:44.287+0000] {dag.py:3823} INFO - Setting next_dagrun for example_branch_operator to 2024-01-29 00:00:00+00:00, run_after=2024-01-30 00:00:00+00:00
[2024-01-30T22:07:44.311+0000] {processor.py:183} INFO - Processing /home/airflow/.local/lib/python3.8/site-packages/airflow/example_dags/example_branch_operator.py took 0.117 seconds
[2024-01-30T22:08:14.480+0000] {processor.py:161} INFO - Started process (PID=1715) to work on /home/airflow/.local/lib/python3.8/site-packages/airflow/example_dags/example_branch_operator.py
[2024-01-30T22:08:14.482+0000] {processor.py:830} INFO - Processing file /home/airflow/.local/lib/python3.8/site-packages/airflow/example_dags/example_branch_operator.py for tasks to queue
[2024-01-30T22:08:14.485+0000] {logging_mixin.py:188} INFO - [2024-01-30T22:08:14.484+0000] {dagbag.py:538} INFO - Filling up the DagBag from /home/airflow/.local/lib/python3.8/site-packages/airflow/example_dags/example_branch_operator.py
[2024-01-30T22:08:14.513+0000] {processor.py:840} INFO - DAG(s) 'example_branch_operator' retrieved from /home/airflow/.local/lib/python3.8/site-packages/airflow/example_dags/example_branch_operator.py
[2024-01-30T22:08:14.616+0000] {logging_mixin.py:188} INFO - [2024-01-30T22:08:14.611+0000] {dag.py:3036} INFO - Sync 1 DAGs
[2024-01-30T22:08:14.656+0000] {logging_mixin.py:188} INFO - [2024-01-30T22:08:14.656+0000] {dag.py:3823} INFO - Setting next_dagrun for example_branch_operator to 2024-01-29 00:00:00+00:00, run_after=2024-01-30 00:00:00+00:00
[2024-01-30T22:08:14.699+0000] {processor.py:183} INFO - Processing /home/airflow/.local/lib/python3.8/site-packages/airflow/example_dags/example_branch_operator.py took 0.222 seconds
[2024-01-30T22:08:45.466+0000] {processor.py:161} INFO - Started process (PID=1772) to work on /home/airflow/.local/lib/python3.8/site-packages/airflow/example_dags/example_branch_operator.py
[2024-01-30T22:08:45.492+0000] {processor.py:830} INFO - Processing file /home/airflow/.local/lib/python3.8/site-packages/airflow/example_dags/example_branch_operator.py for tasks to queue
[2024-01-30T22:08:45.516+0000] {logging_mixin.py:188} INFO - [2024-01-30T22:08:45.513+0000] {dagbag.py:538} INFO - Filling up the DagBag from /home/airflow/.local/lib/python3.8/site-packages/airflow/example_dags/example_branch_operator.py
[2024-01-30T22:08:46.062+0000] {processor.py:840} INFO - DAG(s) 'example_branch_operator' retrieved from /home/airflow/.local/lib/python3.8/site-packages/airflow/example_dags/example_branch_operator.py
[2024-01-30T22:08:46.630+0000] {logging_mixin.py:188} INFO - [2024-01-30T22:08:46.628+0000] {dag.py:3036} INFO - Sync 1 DAGs
[2024-01-30T22:08:47.147+0000] {logging_mixin.py:188} INFO - [2024-01-30T22:08:47.133+0000] {dag.py:3823} INFO - Setting next_dagrun for example_branch_operator to 2024-01-29 00:00:00+00:00, run_after=2024-01-30 00:00:00+00:00
[2024-01-30T22:08:47.863+0000] {processor.py:183} INFO - Processing /home/airflow/.local/lib/python3.8/site-packages/airflow/example_dags/example_branch_operator.py took 2.460 seconds
[2024-01-30T22:09:19.179+0000] {processor.py:161} INFO - Started process (PID=1829) to work on /home/airflow/.local/lib/python3.8/site-packages/airflow/example_dags/example_branch_operator.py
[2024-01-30T22:09:19.193+0000] {processor.py:830} INFO - Processing file /home/airflow/.local/lib/python3.8/site-packages/airflow/example_dags/example_branch_operator.py for tasks to queue
[2024-01-30T22:09:19.210+0000] {logging_mixin.py:188} INFO - [2024-01-30T22:09:19.201+0000] {dagbag.py:538} INFO - Filling up the DagBag from /home/airflow/.local/lib/python3.8/site-packages/airflow/example_dags/example_branch_operator.py
[2024-01-30T22:09:19.446+0000] {processor.py:840} INFO - DAG(s) 'example_branch_operator' retrieved from /home/airflow/.local/lib/python3.8/site-packages/airflow/example_dags/example_branch_operator.py
[2024-01-30T22:09:19.566+0000] {logging_mixin.py:188} INFO - [2024-01-30T22:09:19.563+0000] {dag.py:3036} INFO - Sync 1 DAGs
[2024-01-30T22:09:19.853+0000] {logging_mixin.py:188} INFO - [2024-01-30T22:09:19.852+0000] {dag.py:3823} INFO - Setting next_dagrun for example_branch_operator to 2024-01-29 00:00:00+00:00, run_after=2024-01-30 00:00:00+00:00
[2024-01-30T22:09:20.160+0000] {processor.py:183} INFO - Processing /home/airflow/.local/lib/python3.8/site-packages/airflow/example_dags/example_branch_operator.py took 1.027 seconds
[2024-01-30T22:09:50.995+0000] {processor.py:161} INFO - Started process (PID=1886) to work on /home/airflow/.local/lib/python3.8/site-packages/airflow/example_dags/example_branch_operator.py
[2024-01-30T22:09:50.996+0000] {processor.py:830} INFO - Processing file /home/airflow/.local/lib/python3.8/site-packages/airflow/example_dags/example_branch_operator.py for tasks to queue
[2024-01-30T22:09:50.996+0000] {logging_mixin.py:188} INFO - [2024-01-30T22:09:50.996+0000] {dagbag.py:538} INFO - Filling up the DagBag from /home/airflow/.local/lib/python3.8/site-packages/airflow/example_dags/example_branch_operator.py
[2024-01-30T22:09:51.011+0000] {processor.py:840} INFO - DAG(s) 'example_branch_operator' retrieved from /home/airflow/.local/lib/python3.8/site-packages/airflow/example_dags/example_branch_operator.py
[2024-01-30T22:09:51.126+0000] {logging_mixin.py:188} INFO - [2024-01-30T22:09:51.125+0000] {dag.py:3036} INFO - Sync 1 DAGs
[2024-01-30T22:09:51.286+0000] {logging_mixin.py:188} INFO - [2024-01-30T22:09:51.286+0000] {dag.py:3823} INFO - Setting next_dagrun for example_branch_operator to 2024-01-29 00:00:00+00:00, run_after=2024-01-30 00:00:00+00:00
[2024-01-30T22:09:51.317+0000] {processor.py:183} INFO - Processing /home/airflow/.local/lib/python3.8/site-packages/airflow/example_dags/example_branch_operator.py took 0.324 seconds
[2024-01-30T22:10:21.375+0000] {processor.py:161} INFO - Started process (PID=1943) to work on /home/airflow/.local/lib/python3.8/site-packages/airflow/example_dags/example_branch_operator.py
[2024-01-30T22:10:21.376+0000] {processor.py:830} INFO - Processing file /home/airflow/.local/lib/python3.8/site-packages/airflow/example_dags/example_branch_operator.py for tasks to queue
[2024-01-30T22:10:21.377+0000] {logging_mixin.py:188} INFO - [2024-01-30T22:10:21.377+0000] {dagbag.py:538} INFO - Filling up the DagBag from /home/airflow/.local/lib/python3.8/site-packages/airflow/example_dags/example_branch_operator.py
[2024-01-30T22:10:21.399+0000] {processor.py:840} INFO - DAG(s) 'example_branch_operator' retrieved from /home/airflow/.local/lib/python3.8/site-packages/airflow/example_dags/example_branch_operator.py
[2024-01-30T22:10:21.431+0000] {logging_mixin.py:188} INFO - [2024-01-30T22:10:21.430+0000] {dag.py:3036} INFO - Sync 1 DAGs
[2024-01-30T22:10:21.460+0000] {logging_mixin.py:188} INFO - [2024-01-30T22:10:21.460+0000] {dag.py:3823} INFO - Setting next_dagrun for example_branch_operator to 2024-01-29 00:00:00+00:00, run_after=2024-01-30 00:00:00+00:00
[2024-01-30T22:10:21.493+0000] {processor.py:183} INFO - Processing /home/airflow/.local/lib/python3.8/site-packages/airflow/example_dags/example_branch_operator.py took 0.121 seconds
[2024-01-30T22:10:52.074+0000] {processor.py:161} INFO - Started process (PID=2000) to work on /home/airflow/.local/lib/python3.8/site-packages/airflow/example_dags/example_branch_operator.py
[2024-01-30T22:10:52.075+0000] {processor.py:830} INFO - Processing file /home/airflow/.local/lib/python3.8/site-packages/airflow/example_dags/example_branch_operator.py for tasks to queue
[2024-01-30T22:10:52.076+0000] {logging_mixin.py:188} INFO - [2024-01-30T22:10:52.076+0000] {dagbag.py:538} INFO - Filling up the DagBag from /home/airflow/.local/lib/python3.8/site-packages/airflow/example_dags/example_branch_operator.py
[2024-01-30T22:10:52.091+0000] {processor.py:840} INFO - DAG(s) 'example_branch_operator' retrieved from /home/airflow/.local/lib/python3.8/site-packages/airflow/example_dags/example_branch_operator.py
[2024-01-30T22:10:52.121+0000] {logging_mixin.py:188} INFO - [2024-01-30T22:10:52.121+0000] {dag.py:3036} INFO - Sync 1 DAGs
[2024-01-30T22:10:52.146+0000] {logging_mixin.py:188} INFO - [2024-01-30T22:10:52.146+0000] {dag.py:3823} INFO - Setting next_dagrun for example_branch_operator to 2024-01-29 00:00:00+00:00, run_after=2024-01-30 00:00:00+00:00
[2024-01-30T22:10:52.172+0000] {processor.py:183} INFO - Processing /home/airflow/.local/lib/python3.8/site-packages/airflow/example_dags/example_branch_operator.py took 0.101 seconds
[2024-01-30T22:11:22.965+0000] {processor.py:161} INFO - Started process (PID=2063) to work on /home/airflow/.local/lib/python3.8/site-packages/airflow/example_dags/example_branch_operator.py
[2024-01-30T22:11:22.966+0000] {processor.py:830} INFO - Processing file /home/airflow/.local/lib/python3.8/site-packages/airflow/example_dags/example_branch_operator.py for tasks to queue
[2024-01-30T22:11:22.967+0000] {logging_mixin.py:188} INFO - [2024-01-30T22:11:22.967+0000] {dagbag.py:538} INFO - Filling up the DagBag from /home/airflow/.local/lib/python3.8/site-packages/airflow/example_dags/example_branch_operator.py
[2024-01-30T22:11:22.986+0000] {processor.py:840} INFO - DAG(s) 'example_branch_operator' retrieved from /home/airflow/.local/lib/python3.8/site-packages/airflow/example_dags/example_branch_operator.py
[2024-01-30T22:11:23.022+0000] {logging_mixin.py:188} INFO - [2024-01-30T22:11:23.022+0000] {dag.py:3036} INFO - Sync 1 DAGs
[2024-01-30T22:11:23.056+0000] {logging_mixin.py:188} INFO - [2024-01-30T22:11:23.055+0000] {dag.py:3823} INFO - Setting next_dagrun for example_branch_operator to 2024-01-29 00:00:00+00:00, run_after=2024-01-30 00:00:00+00:00
[2024-01-30T22:11:23.111+0000] {processor.py:183} INFO - Processing /home/airflow/.local/lib/python3.8/site-packages/airflow/example_dags/example_branch_operator.py took 0.149 seconds
[2024-01-30T22:11:53.500+0000] {processor.py:161} INFO - Started process (PID=2120) to work on /home/airflow/.local/lib/python3.8/site-packages/airflow/example_dags/example_branch_operator.py
[2024-01-30T22:11:53.501+0000] {processor.py:830} INFO - Processing file /home/airflow/.local/lib/python3.8/site-packages/airflow/example_dags/example_branch_operator.py for tasks to queue
[2024-01-30T22:11:53.503+0000] {logging_mixin.py:188} INFO - [2024-01-30T22:11:53.502+0000] {dagbag.py:538} INFO - Filling up the DagBag from /home/airflow/.local/lib/python3.8/site-packages/airflow/example_dags/example_branch_operator.py
[2024-01-30T22:11:53.522+0000] {processor.py:840} INFO - DAG(s) 'example_branch_operator' retrieved from /home/airflow/.local/lib/python3.8/site-packages/airflow/example_dags/example_branch_operator.py
[2024-01-30T22:11:53.559+0000] {logging_mixin.py:188} INFO - [2024-01-30T22:11:53.559+0000] {dag.py:3036} INFO - Sync 1 DAGs
[2024-01-30T22:11:53.593+0000] {logging_mixin.py:188} INFO - [2024-01-30T22:11:53.592+0000] {dag.py:3823} INFO - Setting next_dagrun for example_branch_operator to 2024-01-29 00:00:00+00:00, run_after=2024-01-30 00:00:00+00:00
[2024-01-30T22:11:53.676+0000] {processor.py:183} INFO - Processing /home/airflow/.local/lib/python3.8/site-packages/airflow/example_dags/example_branch_operator.py took 0.180 seconds
[2024-01-30T22:12:24.336+0000] {processor.py:161} INFO - Started process (PID=2177) to work on /home/airflow/.local/lib/python3.8/site-packages/airflow/example_dags/example_branch_operator.py
[2024-01-30T22:12:24.337+0000] {processor.py:830} INFO - Processing file /home/airflow/.local/lib/python3.8/site-packages/airflow/example_dags/example_branch_operator.py for tasks to queue
[2024-01-30T22:12:24.339+0000] {logging_mixin.py:188} INFO - [2024-01-30T22:12:24.338+0000] {dagbag.py:538} INFO - Filling up the DagBag from /home/airflow/.local/lib/python3.8/site-packages/airflow/example_dags/example_branch_operator.py
[2024-01-30T22:12:24.354+0000] {processor.py:840} INFO - DAG(s) 'example_branch_operator' retrieved from /home/airflow/.local/lib/python3.8/site-packages/airflow/example_dags/example_branch_operator.py
[2024-01-30T22:12:24.383+0000] {logging_mixin.py:188} INFO - [2024-01-30T22:12:24.382+0000] {dag.py:3036} INFO - Sync 1 DAGs
[2024-01-30T22:12:24.409+0000] {logging_mixin.py:188} INFO - [2024-01-30T22:12:24.408+0000] {dag.py:3823} INFO - Setting next_dagrun for example_branch_operator to 2024-01-29 00:00:00+00:00, run_after=2024-01-30 00:00:00+00:00
[2024-01-30T22:12:24.435+0000] {processor.py:183} INFO - Processing /home/airflow/.local/lib/python3.8/site-packages/airflow/example_dags/example_branch_operator.py took 0.103 seconds
[2024-01-30T22:12:54.670+0000] {processor.py:161} INFO - Started process (PID=2234) to work on /home/airflow/.local/lib/python3.8/site-packages/airflow/example_dags/example_branch_operator.py
[2024-01-30T22:12:54.671+0000] {processor.py:830} INFO - Processing file /home/airflow/.local/lib/python3.8/site-packages/airflow/example_dags/example_branch_operator.py for tasks to queue
[2024-01-30T22:12:54.672+0000] {logging_mixin.py:188} INFO - [2024-01-30T22:12:54.672+0000] {dagbag.py:538} INFO - Filling up the DagBag from /home/airflow/.local/lib/python3.8/site-packages/airflow/example_dags/example_branch_operator.py
[2024-01-30T22:12:54.690+0000] {processor.py:840} INFO - DAG(s) 'example_branch_operator' retrieved from /home/airflow/.local/lib/python3.8/site-packages/airflow/example_dags/example_branch_operator.py
[2024-01-30T22:12:54.722+0000] {logging_mixin.py:188} INFO - [2024-01-30T22:12:54.721+0000] {dag.py:3036} INFO - Sync 1 DAGs
[2024-01-30T22:12:54.746+0000] {logging_mixin.py:188} INFO - [2024-01-30T22:12:54.746+0000] {dag.py:3823} INFO - Setting next_dagrun for example_branch_operator to 2024-01-29 00:00:00+00:00, run_after=2024-01-30 00:00:00+00:00
[2024-01-30T22:12:54.772+0000] {processor.py:183} INFO - Processing /home/airflow/.local/lib/python3.8/site-packages/airflow/example_dags/example_branch_operator.py took 0.105 seconds
[2024-01-30T22:13:25.615+0000] {processor.py:161} INFO - Started process (PID=2291) to work on /home/airflow/.local/lib/python3.8/site-packages/airflow/example_dags/example_branch_operator.py
[2024-01-30T22:13:25.617+0000] {processor.py:830} INFO - Processing file /home/airflow/.local/lib/python3.8/site-packages/airflow/example_dags/example_branch_operator.py for tasks to queue
[2024-01-30T22:13:25.618+0000] {logging_mixin.py:188} INFO - [2024-01-30T22:13:25.618+0000] {dagbag.py:538} INFO - Filling up the DagBag from /home/airflow/.local/lib/python3.8/site-packages/airflow/example_dags/example_branch_operator.py
[2024-01-30T22:13:25.635+0000] {processor.py:840} INFO - DAG(s) 'example_branch_operator' retrieved from /home/airflow/.local/lib/python3.8/site-packages/airflow/example_dags/example_branch_operator.py
[2024-01-30T22:13:25.666+0000] {logging_mixin.py:188} INFO - [2024-01-30T22:13:25.666+0000] {dag.py:3036} INFO - Sync 1 DAGs
[2024-01-30T22:13:25.691+0000] {logging_mixin.py:188} INFO - [2024-01-30T22:13:25.691+0000] {dag.py:3823} INFO - Setting next_dagrun for example_branch_operator to 2024-01-29 00:00:00+00:00, run_after=2024-01-30 00:00:00+00:00
[2024-01-30T22:13:25.719+0000] {processor.py:183} INFO - Processing /home/airflow/.local/lib/python3.8/site-packages/airflow/example_dags/example_branch_operator.py took 0.107 seconds
[2024-01-30T22:13:56.582+0000] {processor.py:161} INFO - Started process (PID=2348) to work on /home/airflow/.local/lib/python3.8/site-packages/airflow/example_dags/example_branch_operator.py
[2024-01-30T22:13:56.584+0000] {processor.py:830} INFO - Processing file /home/airflow/.local/lib/python3.8/site-packages/airflow/example_dags/example_branch_operator.py for tasks to queue
[2024-01-30T22:13:56.585+0000] {logging_mixin.py:188} INFO - [2024-01-30T22:13:56.585+0000] {dagbag.py:538} INFO - Filling up the DagBag from /home/airflow/.local/lib/python3.8/site-packages/airflow/example_dags/example_branch_operator.py
[2024-01-30T22:13:56.604+0000] {processor.py:840} INFO - DAG(s) 'example_branch_operator' retrieved from /home/airflow/.local/lib/python3.8/site-packages/airflow/example_dags/example_branch_operator.py
[2024-01-30T22:13:56.640+0000] {logging_mixin.py:188} INFO - [2024-01-30T22:13:56.639+0000] {dag.py:3036} INFO - Sync 1 DAGs
[2024-01-30T22:13:56.666+0000] {logging_mixin.py:188} INFO - [2024-01-30T22:13:56.666+0000] {dag.py:3823} INFO - Setting next_dagrun for example_branch_operator to 2024-01-29 00:00:00+00:00, run_after=2024-01-30 00:00:00+00:00
[2024-01-30T22:13:56.700+0000] {processor.py:183} INFO - Processing /home/airflow/.local/lib/python3.8/site-packages/airflow/example_dags/example_branch_operator.py took 0.120 seconds
[2024-01-30T22:14:26.828+0000] {processor.py:161} INFO - Started process (PID=2406) to work on /home/airflow/.local/lib/python3.8/site-packages/airflow/example_dags/example_branch_operator.py
[2024-01-30T22:14:26.830+0000] {processor.py:830} INFO - Processing file /home/airflow/.local/lib/python3.8/site-packages/airflow/example_dags/example_branch_operator.py for tasks to queue
[2024-01-30T22:14:26.831+0000] {logging_mixin.py:188} INFO - [2024-01-30T22:14:26.830+0000] {dagbag.py:538} INFO - Filling up the DagBag from /home/airflow/.local/lib/python3.8/site-packages/airflow/example_dags/example_branch_operator.py
[2024-01-30T22:14:26.846+0000] {processor.py:840} INFO - DAG(s) 'example_branch_operator' retrieved from /home/airflow/.local/lib/python3.8/site-packages/airflow/example_dags/example_branch_operator.py
[2024-01-30T22:14:26.877+0000] {logging_mixin.py:188} INFO - [2024-01-30T22:14:26.876+0000] {dag.py:3036} INFO - Sync 1 DAGs
[2024-01-30T22:14:26.912+0000] {logging_mixin.py:188} INFO - [2024-01-30T22:14:26.912+0000] {dag.py:3823} INFO - Setting next_dagrun for example_branch_operator to 2024-01-29 00:00:00+00:00, run_after=2024-01-30 00:00:00+00:00
[2024-01-30T22:14:26.980+0000] {processor.py:183} INFO - Processing /home/airflow/.local/lib/python3.8/site-packages/airflow/example_dags/example_branch_operator.py took 0.154 seconds
[2024-01-30T22:14:57.357+0000] {processor.py:161} INFO - Started process (PID=2463) to work on /home/airflow/.local/lib/python3.8/site-packages/airflow/example_dags/example_branch_operator.py
[2024-01-30T22:14:57.374+0000] {processor.py:830} INFO - Processing file /home/airflow/.local/lib/python3.8/site-packages/airflow/example_dags/example_branch_operator.py for tasks to queue
[2024-01-30T22:14:57.385+0000] {logging_mixin.py:188} INFO - [2024-01-30T22:14:57.382+0000] {dagbag.py:538} INFO - Filling up the DagBag from /home/airflow/.local/lib/python3.8/site-packages/airflow/example_dags/example_branch_operator.py
[2024-01-30T22:14:57.660+0000] {processor.py:840} INFO - DAG(s) 'example_branch_operator' retrieved from /home/airflow/.local/lib/python3.8/site-packages/airflow/example_dags/example_branch_operator.py
[2024-01-30T22:14:58.262+0000] {logging_mixin.py:188} INFO - [2024-01-30T22:14:58.257+0000] {dag.py:3036} INFO - Sync 1 DAGs
[2024-01-30T22:14:58.638+0000] {logging_mixin.py:188} INFO - [2024-01-30T22:14:58.634+0000] {dag.py:3823} INFO - Setting next_dagrun for example_branch_operator to 2024-01-29 00:00:00+00:00, run_after=2024-01-30 00:00:00+00:00
[2024-01-30T22:14:58.978+0000] {processor.py:183} INFO - Processing /home/airflow/.local/lib/python3.8/site-packages/airflow/example_dags/example_branch_operator.py took 1.654 seconds
[2024-01-30T22:15:29.440+0000] {processor.py:161} INFO - Started process (PID=2520) to work on /home/airflow/.local/lib/python3.8/site-packages/airflow/example_dags/example_branch_operator.py
[2024-01-30T22:15:29.442+0000] {processor.py:830} INFO - Processing file /home/airflow/.local/lib/python3.8/site-packages/airflow/example_dags/example_branch_operator.py for tasks to queue
[2024-01-30T22:15:29.443+0000] {logging_mixin.py:188} INFO - [2024-01-30T22:15:29.443+0000] {dagbag.py:538} INFO - Filling up the DagBag from /home/airflow/.local/lib/python3.8/site-packages/airflow/example_dags/example_branch_operator.py
[2024-01-30T22:15:29.461+0000] {processor.py:840} INFO - DAG(s) 'example_branch_operator' retrieved from /home/airflow/.local/lib/python3.8/site-packages/airflow/example_dags/example_branch_operator.py
[2024-01-30T22:15:29.496+0000] {logging_mixin.py:188} INFO - [2024-01-30T22:15:29.495+0000] {dag.py:3036} INFO - Sync 1 DAGs
[2024-01-30T22:15:29.526+0000] {logging_mixin.py:188} INFO - [2024-01-30T22:15:29.526+0000] {dag.py:3823} INFO - Setting next_dagrun for example_branch_operator to 2024-01-29 00:00:00+00:00, run_after=2024-01-30 00:00:00+00:00
[2024-01-30T22:15:29.558+0000] {processor.py:183} INFO - Processing /home/airflow/.local/lib/python3.8/site-packages/airflow/example_dags/example_branch_operator.py took 0.120 seconds
[2024-01-30T22:15:59.625+0000] {processor.py:161} INFO - Started process (PID=2589) to work on /home/airflow/.local/lib/python3.8/site-packages/airflow/example_dags/example_branch_operator.py
[2024-01-30T22:15:59.626+0000] {processor.py:830} INFO - Processing file /home/airflow/.local/lib/python3.8/site-packages/airflow/example_dags/example_branch_operator.py for tasks to queue
[2024-01-30T22:15:59.628+0000] {logging_mixin.py:188} INFO - [2024-01-30T22:15:59.627+0000] {dagbag.py:538} INFO - Filling up the DagBag from /home/airflow/.local/lib/python3.8/site-packages/airflow/example_dags/example_branch_operator.py
[2024-01-30T22:15:59.650+0000] {processor.py:840} INFO - DAG(s) 'example_branch_operator' retrieved from /home/airflow/.local/lib/python3.8/site-packages/airflow/example_dags/example_branch_operator.py
[2024-01-30T22:15:59.685+0000] {logging_mixin.py:188} INFO - [2024-01-30T22:15:59.685+0000] {dag.py:3036} INFO - Sync 1 DAGs
[2024-01-30T22:15:59.840+0000] {logging_mixin.py:188} INFO - [2024-01-30T22:15:59.840+0000] {dag.py:3823} INFO - Setting next_dagrun for example_branch_operator to 2024-01-29 00:00:00+00:00, run_after=2024-01-30 00:00:00+00:00
[2024-01-30T22:15:59.898+0000] {processor.py:183} INFO - Processing /home/airflow/.local/lib/python3.8/site-packages/airflow/example_dags/example_branch_operator.py took 0.277 seconds
[2024-01-30T22:16:30.320+0000] {processor.py:161} INFO - Started process (PID=2646) to work on /home/airflow/.local/lib/python3.8/site-packages/airflow/example_dags/example_branch_operator.py
[2024-01-30T22:16:30.321+0000] {processor.py:830} INFO - Processing file /home/airflow/.local/lib/python3.8/site-packages/airflow/example_dags/example_branch_operator.py for tasks to queue
[2024-01-30T22:16:30.322+0000] {logging_mixin.py:188} INFO - [2024-01-30T22:16:30.322+0000] {dagbag.py:538} INFO - Filling up the DagBag from /home/airflow/.local/lib/python3.8/site-packages/airflow/example_dags/example_branch_operator.py
[2024-01-30T22:16:30.347+0000] {processor.py:840} INFO - DAG(s) 'example_branch_operator' retrieved from /home/airflow/.local/lib/python3.8/site-packages/airflow/example_dags/example_branch_operator.py
[2024-01-30T22:16:30.385+0000] {logging_mixin.py:188} INFO - [2024-01-30T22:16:30.384+0000] {dag.py:3036} INFO - Sync 1 DAGs
[2024-01-30T22:16:30.411+0000] {logging_mixin.py:188} INFO - [2024-01-30T22:16:30.411+0000] {dag.py:3823} INFO - Setting next_dagrun for example_branch_operator to 2024-01-29 00:00:00+00:00, run_after=2024-01-30 00:00:00+00:00
[2024-01-30T22:16:30.439+0000] {processor.py:183} INFO - Processing /home/airflow/.local/lib/python3.8/site-packages/airflow/example_dags/example_branch_operator.py took 0.123 seconds
[2024-01-30T22:17:00.933+0000] {processor.py:161} INFO - Started process (PID=2702) to work on /home/airflow/.local/lib/python3.8/site-packages/airflow/example_dags/example_branch_operator.py
[2024-01-30T22:17:00.934+0000] {processor.py:830} INFO - Processing file /home/airflow/.local/lib/python3.8/site-packages/airflow/example_dags/example_branch_operator.py for tasks to queue
[2024-01-30T22:17:00.936+0000] {logging_mixin.py:188} INFO - [2024-01-30T22:17:00.935+0000] {dagbag.py:538} INFO - Filling up the DagBag from /home/airflow/.local/lib/python3.8/site-packages/airflow/example_dags/example_branch_operator.py
[2024-01-30T22:17:00.952+0000] {processor.py:840} INFO - DAG(s) 'example_branch_operator' retrieved from /home/airflow/.local/lib/python3.8/site-packages/airflow/example_dags/example_branch_operator.py
[2024-01-30T22:17:00.981+0000] {logging_mixin.py:188} INFO - [2024-01-30T22:17:00.981+0000] {dag.py:3036} INFO - Sync 1 DAGs
[2024-01-30T22:17:01.007+0000] {logging_mixin.py:188} INFO - [2024-01-30T22:17:01.006+0000] {dag.py:3823} INFO - Setting next_dagrun for example_branch_operator to 2024-01-29 00:00:00+00:00, run_after=2024-01-30 00:00:00+00:00
[2024-01-30T22:17:01.036+0000] {processor.py:183} INFO - Processing /home/airflow/.local/lib/python3.8/site-packages/airflow/example_dags/example_branch_operator.py took 0.106 seconds
[2024-01-30T22:17:31.699+0000] {processor.py:161} INFO - Started process (PID=2760) to work on /home/airflow/.local/lib/python3.8/site-packages/airflow/example_dags/example_branch_operator.py
[2024-01-30T22:17:31.701+0000] {processor.py:830} INFO - Processing file /home/airflow/.local/lib/python3.8/site-packages/airflow/example_dags/example_branch_operator.py for tasks to queue
[2024-01-30T22:17:31.704+0000] {logging_mixin.py:188} INFO - [2024-01-30T22:17:31.703+0000] {dagbag.py:538} INFO - Filling up the DagBag from /home/airflow/.local/lib/python3.8/site-packages/airflow/example_dags/example_branch_operator.py
[2024-01-30T22:17:31.724+0000] {processor.py:840} INFO - DAG(s) 'example_branch_operator' retrieved from /home/airflow/.local/lib/python3.8/site-packages/airflow/example_dags/example_branch_operator.py
[2024-01-30T22:17:31.763+0000] {logging_mixin.py:188} INFO - [2024-01-30T22:17:31.762+0000] {dag.py:3036} INFO - Sync 1 DAGs
[2024-01-30T22:17:31.797+0000] {logging_mixin.py:188} INFO - [2024-01-30T22:17:31.796+0000] {dag.py:3823} INFO - Setting next_dagrun for example_branch_operator to 2024-01-29 00:00:00+00:00, run_after=2024-01-30 00:00:00+00:00
[2024-01-30T22:17:31.829+0000] {processor.py:183} INFO - Processing /home/airflow/.local/lib/python3.8/site-packages/airflow/example_dags/example_branch_operator.py took 0.135 seconds
[2024-01-30T22:18:01.938+0000] {processor.py:161} INFO - Started process (PID=2816) to work on /home/airflow/.local/lib/python3.8/site-packages/airflow/example_dags/example_branch_operator.py
[2024-01-30T22:18:01.940+0000] {processor.py:830} INFO - Processing file /home/airflow/.local/lib/python3.8/site-packages/airflow/example_dags/example_branch_operator.py for tasks to queue
[2024-01-30T22:18:01.942+0000] {logging_mixin.py:188} INFO - [2024-01-30T22:18:01.942+0000] {dagbag.py:538} INFO - Filling up the DagBag from /home/airflow/.local/lib/python3.8/site-packages/airflow/example_dags/example_branch_operator.py
[2024-01-30T22:18:01.961+0000] {processor.py:840} INFO - DAG(s) 'example_branch_operator' retrieved from /home/airflow/.local/lib/python3.8/site-packages/airflow/example_dags/example_branch_operator.py
[2024-01-30T22:18:01.993+0000] {logging_mixin.py:188} INFO - [2024-01-30T22:18:01.993+0000] {dag.py:3036} INFO - Sync 1 DAGs
[2024-01-30T22:18:02.197+0000] {logging_mixin.py:188} INFO - [2024-01-30T22:18:02.197+0000] {dag.py:3823} INFO - Setting next_dagrun for example_branch_operator to 2024-01-29 00:00:00+00:00, run_after=2024-01-30 00:00:00+00:00
[2024-01-30T22:18:02.226+0000] {processor.py:183} INFO - Processing /home/airflow/.local/lib/python3.8/site-packages/airflow/example_dags/example_branch_operator.py took 0.291 seconds
[2024-01-30T22:18:32.773+0000] {processor.py:161} INFO - Started process (PID=2874) to work on /home/airflow/.local/lib/python3.8/site-packages/airflow/example_dags/example_branch_operator.py
[2024-01-30T22:18:32.774+0000] {processor.py:830} INFO - Processing file /home/airflow/.local/lib/python3.8/site-packages/airflow/example_dags/example_branch_operator.py for tasks to queue
[2024-01-30T22:18:32.775+0000] {logging_mixin.py:188} INFO - [2024-01-30T22:18:32.775+0000] {dagbag.py:538} INFO - Filling up the DagBag from /home/airflow/.local/lib/python3.8/site-packages/airflow/example_dags/example_branch_operator.py
[2024-01-30T22:18:32.789+0000] {processor.py:840} INFO - DAG(s) 'example_branch_operator' retrieved from /home/airflow/.local/lib/python3.8/site-packages/airflow/example_dags/example_branch_operator.py
[2024-01-30T22:18:32.816+0000] {logging_mixin.py:188} INFO - [2024-01-30T22:18:32.816+0000] {dag.py:3036} INFO - Sync 1 DAGs
[2024-01-30T22:18:32.954+0000] {logging_mixin.py:188} INFO - [2024-01-30T22:18:32.954+0000] {dag.py:3823} INFO - Setting next_dagrun for example_branch_operator to 2024-01-29 00:00:00+00:00, run_after=2024-01-30 00:00:00+00:00
[2024-01-30T22:18:32.981+0000] {processor.py:183} INFO - Processing /home/airflow/.local/lib/python3.8/site-packages/airflow/example_dags/example_branch_operator.py took 0.210 seconds
[2024-01-30T22:19:03.276+0000] {processor.py:161} INFO - Started process (PID=2931) to work on /home/airflow/.local/lib/python3.8/site-packages/airflow/example_dags/example_branch_operator.py
[2024-01-30T22:19:03.277+0000] {processor.py:830} INFO - Processing file /home/airflow/.local/lib/python3.8/site-packages/airflow/example_dags/example_branch_operator.py for tasks to queue
[2024-01-30T22:19:03.278+0000] {logging_mixin.py:188} INFO - [2024-01-30T22:19:03.278+0000] {dagbag.py:538} INFO - Filling up the DagBag from /home/airflow/.local/lib/python3.8/site-packages/airflow/example_dags/example_branch_operator.py
[2024-01-30T22:19:03.292+0000] {processor.py:840} INFO - DAG(s) 'example_branch_operator' retrieved from /home/airflow/.local/lib/python3.8/site-packages/airflow/example_dags/example_branch_operator.py
[2024-01-30T22:19:03.320+0000] {logging_mixin.py:188} INFO - [2024-01-30T22:19:03.320+0000] {dag.py:3036} INFO - Sync 1 DAGs
[2024-01-30T22:19:03.345+0000] {logging_mixin.py:188} INFO - [2024-01-30T22:19:03.345+0000] {dag.py:3823} INFO - Setting next_dagrun for example_branch_operator to 2024-01-29 00:00:00+00:00, run_after=2024-01-30 00:00:00+00:00
[2024-01-30T22:19:03.423+0000] {processor.py:183} INFO - Processing /home/airflow/.local/lib/python3.8/site-packages/airflow/example_dags/example_branch_operator.py took 0.149 seconds
[2024-01-30T22:19:33.688+0000] {processor.py:161} INFO - Started process (PID=2988) to work on /home/airflow/.local/lib/python3.8/site-packages/airflow/example_dags/example_branch_operator.py
[2024-01-30T22:19:33.689+0000] {processor.py:830} INFO - Processing file /home/airflow/.local/lib/python3.8/site-packages/airflow/example_dags/example_branch_operator.py for tasks to queue
[2024-01-30T22:19:33.691+0000] {logging_mixin.py:188} INFO - [2024-01-30T22:19:33.691+0000] {dagbag.py:538} INFO - Filling up the DagBag from /home/airflow/.local/lib/python3.8/site-packages/airflow/example_dags/example_branch_operator.py
[2024-01-30T22:19:33.710+0000] {processor.py:840} INFO - DAG(s) 'example_branch_operator' retrieved from /home/airflow/.local/lib/python3.8/site-packages/airflow/example_dags/example_branch_operator.py
[2024-01-30T22:19:33.748+0000] {logging_mixin.py:188} INFO - [2024-01-30T22:19:33.748+0000] {dag.py:3036} INFO - Sync 1 DAGs
[2024-01-30T22:19:33.777+0000] {logging_mixin.py:188} INFO - [2024-01-30T22:19:33.777+0000] {dag.py:3823} INFO - Setting next_dagrun for example_branch_operator to 2024-01-29 00:00:00+00:00, run_after=2024-01-30 00:00:00+00:00
[2024-01-30T22:19:33.838+0000] {processor.py:183} INFO - Processing /home/airflow/.local/lib/python3.8/site-packages/airflow/example_dags/example_branch_operator.py took 0.152 seconds
[2024-01-30T22:20:04.331+0000] {processor.py:161} INFO - Started process (PID=3043) to work on /home/airflow/.local/lib/python3.8/site-packages/airflow/example_dags/example_branch_operator.py
[2024-01-30T22:20:04.332+0000] {processor.py:830} INFO - Processing file /home/airflow/.local/lib/python3.8/site-packages/airflow/example_dags/example_branch_operator.py for tasks to queue
[2024-01-30T22:20:04.333+0000] {logging_mixin.py:188} INFO - [2024-01-30T22:20:04.333+0000] {dagbag.py:538} INFO - Filling up the DagBag from /home/airflow/.local/lib/python3.8/site-packages/airflow/example_dags/example_branch_operator.py
[2024-01-30T22:20:04.348+0000] {processor.py:840} INFO - DAG(s) 'example_branch_operator' retrieved from /home/airflow/.local/lib/python3.8/site-packages/airflow/example_dags/example_branch_operator.py
[2024-01-30T22:20:04.376+0000] {logging_mixin.py:188} INFO - [2024-01-30T22:20:04.375+0000] {dag.py:3036} INFO - Sync 1 DAGs
[2024-01-30T22:20:04.401+0000] {logging_mixin.py:188} INFO - [2024-01-30T22:20:04.401+0000] {dag.py:3823} INFO - Setting next_dagrun for example_branch_operator to 2024-01-29 00:00:00+00:00, run_after=2024-01-30 00:00:00+00:00
[2024-01-30T22:20:04.428+0000] {processor.py:183} INFO - Processing /home/airflow/.local/lib/python3.8/site-packages/airflow/example_dags/example_branch_operator.py took 0.100 seconds
[2024-01-30T22:20:35.047+0000] {processor.py:161} INFO - Started process (PID=3100) to work on /home/airflow/.local/lib/python3.8/site-packages/airflow/example_dags/example_branch_operator.py
[2024-01-30T22:20:35.048+0000] {processor.py:830} INFO - Processing file /home/airflow/.local/lib/python3.8/site-packages/airflow/example_dags/example_branch_operator.py for tasks to queue
[2024-01-30T22:20:35.049+0000] {logging_mixin.py:188} INFO - [2024-01-30T22:20:35.049+0000] {dagbag.py:538} INFO - Filling up the DagBag from /home/airflow/.local/lib/python3.8/site-packages/airflow/example_dags/example_branch_operator.py
[2024-01-30T22:20:35.065+0000] {processor.py:840} INFO - DAG(s) 'example_branch_operator' retrieved from /home/airflow/.local/lib/python3.8/site-packages/airflow/example_dags/example_branch_operator.py
[2024-01-30T22:20:35.094+0000] {logging_mixin.py:188} INFO - [2024-01-30T22:20:35.094+0000] {dag.py:3036} INFO - Sync 1 DAGs
[2024-01-30T22:20:35.117+0000] {logging_mixin.py:188} INFO - [2024-01-30T22:20:35.117+0000] {dag.py:3823} INFO - Setting next_dagrun for example_branch_operator to 2024-01-29 00:00:00+00:00, run_after=2024-01-30 00:00:00+00:00
[2024-01-30T22:20:35.141+0000] {processor.py:183} INFO - Processing /home/airflow/.local/lib/python3.8/site-packages/airflow/example_dags/example_branch_operator.py took 0.097 seconds
[2024-01-30T22:21:14.113+0000] {processor.py:161} INFO - Started process (PID=3158) to work on /home/airflow/.local/lib/python3.8/site-packages/airflow/example_dags/example_branch_operator.py
[2024-01-30T22:21:14.114+0000] {processor.py:830} INFO - Processing file /home/airflow/.local/lib/python3.8/site-packages/airflow/example_dags/example_branch_operator.py for tasks to queue
[2024-01-30T22:21:14.115+0000] {logging_mixin.py:188} INFO - [2024-01-30T22:21:14.115+0000] {dagbag.py:538} INFO - Filling up the DagBag from /home/airflow/.local/lib/python3.8/site-packages/airflow/example_dags/example_branch_operator.py
[2024-01-30T22:21:14.133+0000] {processor.py:840} INFO - DAG(s) 'example_branch_operator' retrieved from /home/airflow/.local/lib/python3.8/site-packages/airflow/example_dags/example_branch_operator.py
[2024-01-30T22:21:14.161+0000] {logging_mixin.py:188} INFO - [2024-01-30T22:21:14.161+0000] {dag.py:3036} INFO - Sync 1 DAGs
[2024-01-30T22:21:14.186+0000] {logging_mixin.py:188} INFO - [2024-01-30T22:21:14.186+0000] {dag.py:3823} INFO - Setting next_dagrun for example_branch_operator to 2024-01-29 00:00:00+00:00, run_after=2024-01-30 00:00:00+00:00
[2024-01-30T22:21:14.212+0000] {processor.py:183} INFO - Processing /home/airflow/.local/lib/python3.8/site-packages/airflow/example_dags/example_branch_operator.py took 0.102 seconds
[2024-01-30T22:21:44.516+0000] {processor.py:161} INFO - Started process (PID=3210) to work on /home/airflow/.local/lib/python3.8/site-packages/airflow/example_dags/example_branch_operator.py
[2024-01-30T22:21:44.518+0000] {processor.py:830} INFO - Processing file /home/airflow/.local/lib/python3.8/site-packages/airflow/example_dags/example_branch_operator.py for tasks to queue
[2024-01-30T22:21:44.519+0000] {logging_mixin.py:188} INFO - [2024-01-30T22:21:44.519+0000] {dagbag.py:538} INFO - Filling up the DagBag from /home/airflow/.local/lib/python3.8/site-packages/airflow/example_dags/example_branch_operator.py
[2024-01-30T22:21:44.536+0000] {processor.py:840} INFO - DAG(s) 'example_branch_operator' retrieved from /home/airflow/.local/lib/python3.8/site-packages/airflow/example_dags/example_branch_operator.py
[2024-01-30T22:21:44.571+0000] {logging_mixin.py:188} INFO - [2024-01-30T22:21:44.571+0000] {dag.py:3036} INFO - Sync 1 DAGs
[2024-01-30T22:21:44.600+0000] {logging_mixin.py:188} INFO - [2024-01-30T22:21:44.600+0000] {dag.py:3823} INFO - Setting next_dagrun for example_branch_operator to 2024-01-29 00:00:00+00:00, run_after=2024-01-30 00:00:00+00:00
[2024-01-30T22:21:44.628+0000] {processor.py:183} INFO - Processing /home/airflow/.local/lib/python3.8/site-packages/airflow/example_dags/example_branch_operator.py took 0.115 seconds
[2024-01-30T22:22:14.967+0000] {processor.py:161} INFO - Started process (PID=3267) to work on /home/airflow/.local/lib/python3.8/site-packages/airflow/example_dags/example_branch_operator.py
[2024-01-30T22:22:14.968+0000] {processor.py:830} INFO - Processing file /home/airflow/.local/lib/python3.8/site-packages/airflow/example_dags/example_branch_operator.py for tasks to queue
[2024-01-30T22:22:14.969+0000] {logging_mixin.py:188} INFO - [2024-01-30T22:22:14.969+0000] {dagbag.py:538} INFO - Filling up the DagBag from /home/airflow/.local/lib/python3.8/site-packages/airflow/example_dags/example_branch_operator.py
[2024-01-30T22:22:15.025+0000] {processor.py:840} INFO - DAG(s) 'example_branch_operator' retrieved from /home/airflow/.local/lib/python3.8/site-packages/airflow/example_dags/example_branch_operator.py
[2024-01-30T22:22:15.055+0000] {logging_mixin.py:188} INFO - [2024-01-30T22:22:15.054+0000] {dag.py:3036} INFO - Sync 1 DAGs
[2024-01-30T22:22:15.080+0000] {logging_mixin.py:188} INFO - [2024-01-30T22:22:15.079+0000] {dag.py:3823} INFO - Setting next_dagrun for example_branch_operator to 2024-01-29 00:00:00+00:00, run_after=2024-01-30 00:00:00+00:00
[2024-01-30T22:22:15.103+0000] {processor.py:183} INFO - Processing /home/airflow/.local/lib/python3.8/site-packages/airflow/example_dags/example_branch_operator.py took 0.139 seconds
[2024-01-30T22:22:45.242+0000] {processor.py:161} INFO - Started process (PID=3324) to work on /home/airflow/.local/lib/python3.8/site-packages/airflow/example_dags/example_branch_operator.py
[2024-01-30T22:22:45.244+0000] {processor.py:830} INFO - Processing file /home/airflow/.local/lib/python3.8/site-packages/airflow/example_dags/example_branch_operator.py for tasks to queue
[2024-01-30T22:22:45.245+0000] {logging_mixin.py:188} INFO - [2024-01-30T22:22:45.245+0000] {dagbag.py:538} INFO - Filling up the DagBag from /home/airflow/.local/lib/python3.8/site-packages/airflow/example_dags/example_branch_operator.py
[2024-01-30T22:22:45.312+0000] {processor.py:840} INFO - DAG(s) 'example_branch_operator' retrieved from /home/airflow/.local/lib/python3.8/site-packages/airflow/example_dags/example_branch_operator.py
[2024-01-30T22:22:45.340+0000] {logging_mixin.py:188} INFO - [2024-01-30T22:22:45.339+0000] {dag.py:3036} INFO - Sync 1 DAGs
[2024-01-30T22:22:45.368+0000] {logging_mixin.py:188} INFO - [2024-01-30T22:22:45.368+0000] {dag.py:3823} INFO - Setting next_dagrun for example_branch_operator to 2024-01-29 00:00:00+00:00, run_after=2024-01-30 00:00:00+00:00
[2024-01-30T22:22:45.395+0000] {processor.py:183} INFO - Processing /home/airflow/.local/lib/python3.8/site-packages/airflow/example_dags/example_branch_operator.py took 0.156 seconds
