[2024-01-30T21:53:12.907+0000] {processor.py:161} INFO - Started process (PID=73) to work on /home/airflow/.local/lib/python3.8/site-packages/airflow/example_dags/example_task_group_decorator.py
[2024-01-30T21:53:12.909+0000] {processor.py:830} INFO - Processing file /home/airflow/.local/lib/python3.8/site-packages/airflow/example_dags/example_task_group_decorator.py for tasks to queue
[2024-01-30T21:53:12.912+0000] {logging_mixin.py:188} INFO - [2024-01-30T21:53:12.912+0000] {dagbag.py:538} INFO - Filling up the DagBag from /home/airflow/.local/lib/python3.8/site-packages/airflow/example_dags/example_task_group_decorator.py
[2024-01-30T21:53:12.941+0000] {processor.py:840} INFO - DAG(s) 'example_task_group_decorator' retrieved from /home/airflow/.local/lib/python3.8/site-packages/airflow/example_dags/example_task_group_decorator.py
[2024-01-30T21:53:13.098+0000] {logging_mixin.py:188} INFO - [2024-01-30T21:53:13.097+0000] {dag.py:3036} INFO - Sync 1 DAGs
[2024-01-30T21:53:13.126+0000] {logging_mixin.py:188} INFO - [2024-01-30T21:53:13.126+0000] {dag.py:3823} INFO - Setting next_dagrun for example_task_group_decorator to 2024-01-29 00:00:00+00:00, run_after=2024-01-30 00:00:00+00:00
[2024-01-30T21:53:13.160+0000] {processor.py:183} INFO - Processing /home/airflow/.local/lib/python3.8/site-packages/airflow/example_dags/example_task_group_decorator.py took 0.258 seconds
[2024-01-30T21:53:53.965+0000] {processor.py:161} INFO - Started process (PID=128) to work on /home/airflow/.local/lib/python3.8/site-packages/airflow/example_dags/example_task_group_decorator.py
[2024-01-30T21:53:53.968+0000] {processor.py:830} INFO - Processing file /home/airflow/.local/lib/python3.8/site-packages/airflow/example_dags/example_task_group_decorator.py for tasks to queue
[2024-01-30T21:53:53.971+0000] {logging_mixin.py:188} INFO - [2024-01-30T21:53:53.970+0000] {dagbag.py:538} INFO - Filling up the DagBag from /home/airflow/.local/lib/python3.8/site-packages/airflow/example_dags/example_task_group_decorator.py
[2024-01-30T21:53:53.994+0000] {processor.py:840} INFO - DAG(s) 'example_task_group_decorator' retrieved from /home/airflow/.local/lib/python3.8/site-packages/airflow/example_dags/example_task_group_decorator.py
[2024-01-30T21:53:54.168+0000] {logging_mixin.py:188} INFO - [2024-01-30T21:53:54.167+0000] {dag.py:3036} INFO - Sync 1 DAGs
[2024-01-30T21:53:54.208+0000] {logging_mixin.py:188} INFO - [2024-01-30T21:53:54.207+0000] {dag.py:3823} INFO - Setting next_dagrun for example_task_group_decorator to 2024-01-29 00:00:00+00:00, run_after=2024-01-30 00:00:00+00:00
[2024-01-30T21:53:54.285+0000] {processor.py:183} INFO - Processing /home/airflow/.local/lib/python3.8/site-packages/airflow/example_dags/example_task_group_decorator.py took 0.324 seconds
[2024-01-30T21:54:29.142+0000] {processor.py:161} INFO - Started process (PID=183) to work on /home/airflow/.local/lib/python3.8/site-packages/airflow/example_dags/example_task_group_decorator.py
[2024-01-30T21:54:29.227+0000] {processor.py:830} INFO - Processing file /home/airflow/.local/lib/python3.8/site-packages/airflow/example_dags/example_task_group_decorator.py for tasks to queue
[2024-01-30T21:54:29.292+0000] {logging_mixin.py:188} INFO - [2024-01-30T21:54:29.277+0000] {dagbag.py:538} INFO - Filling up the DagBag from /home/airflow/.local/lib/python3.8/site-packages/airflow/example_dags/example_task_group_decorator.py
[2024-01-30T21:54:29.882+0000] {processor.py:840} INFO - DAG(s) 'example_task_group_decorator' retrieved from /home/airflow/.local/lib/python3.8/site-packages/airflow/example_dags/example_task_group_decorator.py
[2024-01-30T21:54:30.688+0000] {logging_mixin.py:188} INFO - [2024-01-30T21:54:30.675+0000] {dag.py:3036} INFO - Sync 1 DAGs
[2024-01-30T21:54:31.373+0000] {logging_mixin.py:188} INFO - [2024-01-30T21:54:31.370+0000] {dag.py:3823} INFO - Setting next_dagrun for example_task_group_decorator to 2024-01-29 00:00:00+00:00, run_after=2024-01-30 00:00:00+00:00
[2024-01-30T21:54:31.814+0000] {processor.py:183} INFO - Processing /home/airflow/.local/lib/python3.8/site-packages/airflow/example_dags/example_task_group_decorator.py took 2.754 seconds
[2024-01-30T21:55:02.686+0000] {processor.py:161} INFO - Started process (PID=238) to work on /home/airflow/.local/lib/python3.8/site-packages/airflow/example_dags/example_task_group_decorator.py
[2024-01-30T21:55:02.687+0000] {processor.py:830} INFO - Processing file /home/airflow/.local/lib/python3.8/site-packages/airflow/example_dags/example_task_group_decorator.py for tasks to queue
[2024-01-30T21:55:02.689+0000] {logging_mixin.py:188} INFO - [2024-01-30T21:55:02.689+0000] {dagbag.py:538} INFO - Filling up the DagBag from /home/airflow/.local/lib/python3.8/site-packages/airflow/example_dags/example_task_group_decorator.py
[2024-01-30T21:55:02.703+0000] {processor.py:840} INFO - DAG(s) 'example_task_group_decorator' retrieved from /home/airflow/.local/lib/python3.8/site-packages/airflow/example_dags/example_task_group_decorator.py
[2024-01-30T21:55:02.730+0000] {logging_mixin.py:188} INFO - [2024-01-30T21:55:02.730+0000] {dag.py:3036} INFO - Sync 1 DAGs
[2024-01-30T21:55:02.755+0000] {logging_mixin.py:188} INFO - [2024-01-30T21:55:02.754+0000] {dag.py:3823} INFO - Setting next_dagrun for example_task_group_decorator to 2024-01-29 00:00:00+00:00, run_after=2024-01-30 00:00:00+00:00
[2024-01-30T21:55:02.781+0000] {processor.py:183} INFO - Processing /home/airflow/.local/lib/python3.8/site-packages/airflow/example_dags/example_task_group_decorator.py took 0.097 seconds
[2024-01-30T21:55:33.067+0000] {processor.py:161} INFO - Started process (PID=293) to work on /home/airflow/.local/lib/python3.8/site-packages/airflow/example_dags/example_task_group_decorator.py
[2024-01-30T21:55:33.068+0000] {processor.py:830} INFO - Processing file /home/airflow/.local/lib/python3.8/site-packages/airflow/example_dags/example_task_group_decorator.py for tasks to queue
[2024-01-30T21:55:33.071+0000] {logging_mixin.py:188} INFO - [2024-01-30T21:55:33.070+0000] {dagbag.py:538} INFO - Filling up the DagBag from /home/airflow/.local/lib/python3.8/site-packages/airflow/example_dags/example_task_group_decorator.py
[2024-01-30T21:55:33.084+0000] {processor.py:840} INFO - DAG(s) 'example_task_group_decorator' retrieved from /home/airflow/.local/lib/python3.8/site-packages/airflow/example_dags/example_task_group_decorator.py
[2024-01-30T21:55:33.109+0000] {logging_mixin.py:188} INFO - [2024-01-30T21:55:33.109+0000] {dag.py:3036} INFO - Sync 1 DAGs
[2024-01-30T21:55:33.131+0000] {logging_mixin.py:188} INFO - [2024-01-30T21:55:33.131+0000] {dag.py:3823} INFO - Setting next_dagrun for example_task_group_decorator to 2024-01-29 00:00:00+00:00, run_after=2024-01-30 00:00:00+00:00
[2024-01-30T21:55:33.155+0000] {processor.py:183} INFO - Processing /home/airflow/.local/lib/python3.8/site-packages/airflow/example_dags/example_task_group_decorator.py took 0.091 seconds
[2024-01-30T21:56:03.250+0000] {processor.py:161} INFO - Started process (PID=348) to work on /home/airflow/.local/lib/python3.8/site-packages/airflow/example_dags/example_task_group_decorator.py
[2024-01-30T21:56:03.251+0000] {processor.py:830} INFO - Processing file /home/airflow/.local/lib/python3.8/site-packages/airflow/example_dags/example_task_group_decorator.py for tasks to queue
[2024-01-30T21:56:03.253+0000] {logging_mixin.py:188} INFO - [2024-01-30T21:56:03.252+0000] {dagbag.py:538} INFO - Filling up the DagBag from /home/airflow/.local/lib/python3.8/site-packages/airflow/example_dags/example_task_group_decorator.py
[2024-01-30T21:56:03.266+0000] {processor.py:840} INFO - DAG(s) 'example_task_group_decorator' retrieved from /home/airflow/.local/lib/python3.8/site-packages/airflow/example_dags/example_task_group_decorator.py
[2024-01-30T21:56:03.291+0000] {logging_mixin.py:188} INFO - [2024-01-30T21:56:03.290+0000] {dag.py:3036} INFO - Sync 1 DAGs
[2024-01-30T21:56:03.315+0000] {logging_mixin.py:188} INFO - [2024-01-30T21:56:03.314+0000] {dag.py:3823} INFO - Setting next_dagrun for example_task_group_decorator to 2024-01-29 00:00:00+00:00, run_after=2024-01-30 00:00:00+00:00
[2024-01-30T21:56:03.344+0000] {processor.py:183} INFO - Processing /home/airflow/.local/lib/python3.8/site-packages/airflow/example_dags/example_task_group_decorator.py took 0.097 seconds
[2024-01-30T21:56:33.533+0000] {processor.py:161} INFO - Started process (PID=403) to work on /home/airflow/.local/lib/python3.8/site-packages/airflow/example_dags/example_task_group_decorator.py
[2024-01-30T21:56:33.534+0000] {processor.py:830} INFO - Processing file /home/airflow/.local/lib/python3.8/site-packages/airflow/example_dags/example_task_group_decorator.py for tasks to queue
[2024-01-30T21:56:33.536+0000] {logging_mixin.py:188} INFO - [2024-01-30T21:56:33.536+0000] {dagbag.py:538} INFO - Filling up the DagBag from /home/airflow/.local/lib/python3.8/site-packages/airflow/example_dags/example_task_group_decorator.py
[2024-01-30T21:56:33.549+0000] {processor.py:840} INFO - DAG(s) 'example_task_group_decorator' retrieved from /home/airflow/.local/lib/python3.8/site-packages/airflow/example_dags/example_task_group_decorator.py
[2024-01-30T21:56:33.574+0000] {logging_mixin.py:188} INFO - [2024-01-30T21:56:33.574+0000] {dag.py:3036} INFO - Sync 1 DAGs
[2024-01-30T21:56:33.597+0000] {logging_mixin.py:188} INFO - [2024-01-30T21:56:33.597+0000] {dag.py:3823} INFO - Setting next_dagrun for example_task_group_decorator to 2024-01-29 00:00:00+00:00, run_after=2024-01-30 00:00:00+00:00
[2024-01-30T21:56:33.637+0000] {processor.py:183} INFO - Processing /home/airflow/.local/lib/python3.8/site-packages/airflow/example_dags/example_task_group_decorator.py took 0.106 seconds
[2024-01-30T21:57:03.750+0000] {processor.py:161} INFO - Started process (PID=458) to work on /home/airflow/.local/lib/python3.8/site-packages/airflow/example_dags/example_task_group_decorator.py
[2024-01-30T21:57:03.751+0000] {processor.py:830} INFO - Processing file /home/airflow/.local/lib/python3.8/site-packages/airflow/example_dags/example_task_group_decorator.py for tasks to queue
[2024-01-30T21:57:03.753+0000] {logging_mixin.py:188} INFO - [2024-01-30T21:57:03.753+0000] {dagbag.py:538} INFO - Filling up the DagBag from /home/airflow/.local/lib/python3.8/site-packages/airflow/example_dags/example_task_group_decorator.py
[2024-01-30T21:57:03.765+0000] {processor.py:840} INFO - DAG(s) 'example_task_group_decorator' retrieved from /home/airflow/.local/lib/python3.8/site-packages/airflow/example_dags/example_task_group_decorator.py
[2024-01-30T21:57:03.789+0000] {logging_mixin.py:188} INFO - [2024-01-30T21:57:03.788+0000] {dag.py:3036} INFO - Sync 1 DAGs
[2024-01-30T21:57:03.811+0000] {logging_mixin.py:188} INFO - [2024-01-30T21:57:03.810+0000] {dag.py:3823} INFO - Setting next_dagrun for example_task_group_decorator to 2024-01-29 00:00:00+00:00, run_after=2024-01-30 00:00:00+00:00
[2024-01-30T21:57:03.837+0000] {processor.py:183} INFO - Processing /home/airflow/.local/lib/python3.8/site-packages/airflow/example_dags/example_task_group_decorator.py took 0.089 seconds
[2024-01-30T21:57:34.108+0000] {processor.py:161} INFO - Started process (PID=513) to work on /home/airflow/.local/lib/python3.8/site-packages/airflow/example_dags/example_task_group_decorator.py
[2024-01-30T21:57:34.109+0000] {processor.py:830} INFO - Processing file /home/airflow/.local/lib/python3.8/site-packages/airflow/example_dags/example_task_group_decorator.py for tasks to queue
[2024-01-30T21:57:34.112+0000] {logging_mixin.py:188} INFO - [2024-01-30T21:57:34.111+0000] {dagbag.py:538} INFO - Filling up the DagBag from /home/airflow/.local/lib/python3.8/site-packages/airflow/example_dags/example_task_group_decorator.py
[2024-01-30T21:57:34.125+0000] {processor.py:840} INFO - DAG(s) 'example_task_group_decorator' retrieved from /home/airflow/.local/lib/python3.8/site-packages/airflow/example_dags/example_task_group_decorator.py
[2024-01-30T21:57:34.153+0000] {logging_mixin.py:188} INFO - [2024-01-30T21:57:34.153+0000] {dag.py:3036} INFO - Sync 1 DAGs
[2024-01-30T21:57:34.179+0000] {logging_mixin.py:188} INFO - [2024-01-30T21:57:34.179+0000] {dag.py:3823} INFO - Setting next_dagrun for example_task_group_decorator to 2024-01-29 00:00:00+00:00, run_after=2024-01-30 00:00:00+00:00
[2024-01-30T21:57:34.203+0000] {processor.py:183} INFO - Processing /home/airflow/.local/lib/python3.8/site-packages/airflow/example_dags/example_task_group_decorator.py took 0.097 seconds
[2024-01-30T21:58:10.818+0000] {processor.py:161} INFO - Started process (PID=573) to work on /home/airflow/.local/lib/python3.8/site-packages/airflow/example_dags/example_task_group_decorator.py
[2024-01-30T21:58:10.819+0000] {processor.py:830} INFO - Processing file /home/airflow/.local/lib/python3.8/site-packages/airflow/example_dags/example_task_group_decorator.py for tasks to queue
[2024-01-30T21:58:10.821+0000] {logging_mixin.py:188} INFO - [2024-01-30T21:58:10.821+0000] {dagbag.py:538} INFO - Filling up the DagBag from /home/airflow/.local/lib/python3.8/site-packages/airflow/example_dags/example_task_group_decorator.py
[2024-01-30T21:58:10.854+0000] {processor.py:840} INFO - DAG(s) 'example_task_group_decorator' retrieved from /home/airflow/.local/lib/python3.8/site-packages/airflow/example_dags/example_task_group_decorator.py
[2024-01-30T21:58:10.898+0000] {logging_mixin.py:188} INFO - [2024-01-30T21:58:10.898+0000] {dag.py:3036} INFO - Sync 1 DAGs
[2024-01-30T21:58:10.938+0000] {logging_mixin.py:188} INFO - [2024-01-30T21:58:10.937+0000] {dag.py:3823} INFO - Setting next_dagrun for example_task_group_decorator to 2024-01-29 00:00:00+00:00, run_after=2024-01-30 00:00:00+00:00
[2024-01-30T21:58:10.979+0000] {processor.py:183} INFO - Processing /home/airflow/.local/lib/python3.8/site-packages/airflow/example_dags/example_task_group_decorator.py took 0.165 seconds
[2024-01-30T21:58:41.595+0000] {processor.py:161} INFO - Started process (PID=630) to work on /home/airflow/.local/lib/python3.8/site-packages/airflow/example_dags/example_task_group_decorator.py
[2024-01-30T21:58:41.596+0000] {processor.py:830} INFO - Processing file /home/airflow/.local/lib/python3.8/site-packages/airflow/example_dags/example_task_group_decorator.py for tasks to queue
[2024-01-30T21:58:41.598+0000] {logging_mixin.py:188} INFO - [2024-01-30T21:58:41.597+0000] {dagbag.py:538} INFO - Filling up the DagBag from /home/airflow/.local/lib/python3.8/site-packages/airflow/example_dags/example_task_group_decorator.py
[2024-01-30T21:58:41.614+0000] {processor.py:840} INFO - DAG(s) 'example_task_group_decorator' retrieved from /home/airflow/.local/lib/python3.8/site-packages/airflow/example_dags/example_task_group_decorator.py
[2024-01-30T21:58:41.644+0000] {logging_mixin.py:188} INFO - [2024-01-30T21:58:41.643+0000] {dag.py:3036} INFO - Sync 1 DAGs
[2024-01-30T21:58:41.672+0000] {logging_mixin.py:188} INFO - [2024-01-30T21:58:41.671+0000] {dag.py:3823} INFO - Setting next_dagrun for example_task_group_decorator to 2024-01-29 00:00:00+00:00, run_after=2024-01-30 00:00:00+00:00
[2024-01-30T21:58:41.701+0000] {processor.py:183} INFO - Processing /home/airflow/.local/lib/python3.8/site-packages/airflow/example_dags/example_task_group_decorator.py took 0.109 seconds
[2024-01-30T21:59:11.875+0000] {processor.py:161} INFO - Started process (PID=689) to work on /home/airflow/.local/lib/python3.8/site-packages/airflow/example_dags/example_task_group_decorator.py
[2024-01-30T21:59:11.876+0000] {processor.py:830} INFO - Processing file /home/airflow/.local/lib/python3.8/site-packages/airflow/example_dags/example_task_group_decorator.py for tasks to queue
[2024-01-30T21:59:11.877+0000] {logging_mixin.py:188} INFO - [2024-01-30T21:59:11.877+0000] {dagbag.py:538} INFO - Filling up the DagBag from /home/airflow/.local/lib/python3.8/site-packages/airflow/example_dags/example_task_group_decorator.py
[2024-01-30T21:59:11.889+0000] {processor.py:840} INFO - DAG(s) 'example_task_group_decorator' retrieved from /home/airflow/.local/lib/python3.8/site-packages/airflow/example_dags/example_task_group_decorator.py
[2024-01-30T21:59:11.915+0000] {logging_mixin.py:188} INFO - [2024-01-30T21:59:11.914+0000] {dag.py:3036} INFO - Sync 1 DAGs
[2024-01-30T21:59:11.938+0000] {logging_mixin.py:188} INFO - [2024-01-30T21:59:11.938+0000] {dag.py:3823} INFO - Setting next_dagrun for example_task_group_decorator to 2024-01-29 00:00:00+00:00, run_after=2024-01-30 00:00:00+00:00
[2024-01-30T21:59:11.963+0000] {processor.py:183} INFO - Processing /home/airflow/.local/lib/python3.8/site-packages/airflow/example_dags/example_task_group_decorator.py took 0.091 seconds
[2024-01-30T21:59:42.293+0000] {processor.py:161} INFO - Started process (PID=748) to work on /home/airflow/.local/lib/python3.8/site-packages/airflow/example_dags/example_task_group_decorator.py
[2024-01-30T21:59:42.294+0000] {processor.py:830} INFO - Processing file /home/airflow/.local/lib/python3.8/site-packages/airflow/example_dags/example_task_group_decorator.py for tasks to queue
[2024-01-30T21:59:42.295+0000] {logging_mixin.py:188} INFO - [2024-01-30T21:59:42.295+0000] {dagbag.py:538} INFO - Filling up the DagBag from /home/airflow/.local/lib/python3.8/site-packages/airflow/example_dags/example_task_group_decorator.py
[2024-01-30T21:59:42.309+0000] {processor.py:840} INFO - DAG(s) 'example_task_group_decorator' retrieved from /home/airflow/.local/lib/python3.8/site-packages/airflow/example_dags/example_task_group_decorator.py
[2024-01-30T21:59:42.336+0000] {logging_mixin.py:188} INFO - [2024-01-30T21:59:42.335+0000] {dag.py:3036} INFO - Sync 1 DAGs
[2024-01-30T21:59:42.361+0000] {logging_mixin.py:188} INFO - [2024-01-30T21:59:42.361+0000] {dag.py:3823} INFO - Setting next_dagrun for example_task_group_decorator to 2024-01-29 00:00:00+00:00, run_after=2024-01-30 00:00:00+00:00
[2024-01-30T21:59:42.395+0000] {processor.py:183} INFO - Processing /home/airflow/.local/lib/python3.8/site-packages/airflow/example_dags/example_task_group_decorator.py took 0.105 seconds
[2024-01-30T22:00:12.551+0000] {processor.py:161} INFO - Started process (PID=810) to work on /home/airflow/.local/lib/python3.8/site-packages/airflow/example_dags/example_task_group_decorator.py
[2024-01-30T22:00:12.552+0000] {processor.py:830} INFO - Processing file /home/airflow/.local/lib/python3.8/site-packages/airflow/example_dags/example_task_group_decorator.py for tasks to queue
[2024-01-30T22:00:12.554+0000] {logging_mixin.py:188} INFO - [2024-01-30T22:00:12.553+0000] {dagbag.py:538} INFO - Filling up the DagBag from /home/airflow/.local/lib/python3.8/site-packages/airflow/example_dags/example_task_group_decorator.py
[2024-01-30T22:00:12.571+0000] {processor.py:840} INFO - DAG(s) 'example_task_group_decorator' retrieved from /home/airflow/.local/lib/python3.8/site-packages/airflow/example_dags/example_task_group_decorator.py
[2024-01-30T22:00:12.605+0000] {logging_mixin.py:188} INFO - [2024-01-30T22:00:12.604+0000] {dag.py:3036} INFO - Sync 1 DAGs
[2024-01-30T22:00:12.633+0000] {logging_mixin.py:188} INFO - [2024-01-30T22:00:12.633+0000] {dag.py:3823} INFO - Setting next_dagrun for example_task_group_decorator to 2024-01-29 00:00:00+00:00, run_after=2024-01-30 00:00:00+00:00
[2024-01-30T22:00:12.667+0000] {processor.py:183} INFO - Processing /home/airflow/.local/lib/python3.8/site-packages/airflow/example_dags/example_task_group_decorator.py took 0.119 seconds
[2024-01-30T22:00:42.887+0000] {processor.py:161} INFO - Started process (PID=869) to work on /home/airflow/.local/lib/python3.8/site-packages/airflow/example_dags/example_task_group_decorator.py
[2024-01-30T22:00:42.889+0000] {processor.py:830} INFO - Processing file /home/airflow/.local/lib/python3.8/site-packages/airflow/example_dags/example_task_group_decorator.py for tasks to queue
[2024-01-30T22:00:42.890+0000] {logging_mixin.py:188} INFO - [2024-01-30T22:00:42.890+0000] {dagbag.py:538} INFO - Filling up the DagBag from /home/airflow/.local/lib/python3.8/site-packages/airflow/example_dags/example_task_group_decorator.py
[2024-01-30T22:00:42.903+0000] {processor.py:840} INFO - DAG(s) 'example_task_group_decorator' retrieved from /home/airflow/.local/lib/python3.8/site-packages/airflow/example_dags/example_task_group_decorator.py
[2024-01-30T22:00:42.928+0000] {logging_mixin.py:188} INFO - [2024-01-30T22:00:42.927+0000] {dag.py:3036} INFO - Sync 1 DAGs
[2024-01-30T22:00:42.952+0000] {logging_mixin.py:188} INFO - [2024-01-30T22:00:42.952+0000] {dag.py:3823} INFO - Setting next_dagrun for example_task_group_decorator to 2024-01-29 00:00:00+00:00, run_after=2024-01-30 00:00:00+00:00
[2024-01-30T22:00:42.980+0000] {processor.py:183} INFO - Processing /home/airflow/.local/lib/python3.8/site-packages/airflow/example_dags/example_task_group_decorator.py took 0.096 seconds
[2024-01-30T22:01:13.054+0000] {processor.py:161} INFO - Started process (PID=926) to work on /home/airflow/.local/lib/python3.8/site-packages/airflow/example_dags/example_task_group_decorator.py
[2024-01-30T22:01:13.056+0000] {processor.py:830} INFO - Processing file /home/airflow/.local/lib/python3.8/site-packages/airflow/example_dags/example_task_group_decorator.py for tasks to queue
[2024-01-30T22:01:13.058+0000] {logging_mixin.py:188} INFO - [2024-01-30T22:01:13.057+0000] {dagbag.py:538} INFO - Filling up the DagBag from /home/airflow/.local/lib/python3.8/site-packages/airflow/example_dags/example_task_group_decorator.py
[2024-01-30T22:01:13.075+0000] {processor.py:840} INFO - DAG(s) 'example_task_group_decorator' retrieved from /home/airflow/.local/lib/python3.8/site-packages/airflow/example_dags/example_task_group_decorator.py
[2024-01-30T22:01:13.108+0000] {logging_mixin.py:188} INFO - [2024-01-30T22:01:13.108+0000] {dag.py:3036} INFO - Sync 1 DAGs
[2024-01-30T22:01:13.136+0000] {logging_mixin.py:188} INFO - [2024-01-30T22:01:13.136+0000] {dag.py:3823} INFO - Setting next_dagrun for example_task_group_decorator to 2024-01-29 00:00:00+00:00, run_after=2024-01-30 00:00:00+00:00
[2024-01-30T22:01:13.166+0000] {processor.py:183} INFO - Processing /home/airflow/.local/lib/python3.8/site-packages/airflow/example_dags/example_task_group_decorator.py took 0.115 seconds
[2024-01-30T22:01:44.078+0000] {processor.py:161} INFO - Started process (PID=983) to work on /home/airflow/.local/lib/python3.8/site-packages/airflow/example_dags/example_task_group_decorator.py
[2024-01-30T22:01:44.079+0000] {processor.py:830} INFO - Processing file /home/airflow/.local/lib/python3.8/site-packages/airflow/example_dags/example_task_group_decorator.py for tasks to queue
[2024-01-30T22:01:44.081+0000] {logging_mixin.py:188} INFO - [2024-01-30T22:01:44.080+0000] {dagbag.py:538} INFO - Filling up the DagBag from /home/airflow/.local/lib/python3.8/site-packages/airflow/example_dags/example_task_group_decorator.py
[2024-01-30T22:01:44.098+0000] {processor.py:840} INFO - DAG(s) 'example_task_group_decorator' retrieved from /home/airflow/.local/lib/python3.8/site-packages/airflow/example_dags/example_task_group_decorator.py
[2024-01-30T22:01:44.127+0000] {logging_mixin.py:188} INFO - [2024-01-30T22:01:44.127+0000] {dag.py:3036} INFO - Sync 1 DAGs
[2024-01-30T22:01:44.156+0000] {logging_mixin.py:188} INFO - [2024-01-30T22:01:44.156+0000] {dag.py:3823} INFO - Setting next_dagrun for example_task_group_decorator to 2024-01-29 00:00:00+00:00, run_after=2024-01-30 00:00:00+00:00
[2024-01-30T22:01:44.192+0000] {processor.py:183} INFO - Processing /home/airflow/.local/lib/python3.8/site-packages/airflow/example_dags/example_task_group_decorator.py took 0.117 seconds
[2024-01-30T22:02:14.888+0000] {processor.py:161} INFO - Started process (PID=1040) to work on /home/airflow/.local/lib/python3.8/site-packages/airflow/example_dags/example_task_group_decorator.py
[2024-01-30T22:02:14.889+0000] {processor.py:830} INFO - Processing file /home/airflow/.local/lib/python3.8/site-packages/airflow/example_dags/example_task_group_decorator.py for tasks to queue
[2024-01-30T22:02:14.890+0000] {logging_mixin.py:188} INFO - [2024-01-30T22:02:14.890+0000] {dagbag.py:538} INFO - Filling up the DagBag from /home/airflow/.local/lib/python3.8/site-packages/airflow/example_dags/example_task_group_decorator.py
[2024-01-30T22:02:14.905+0000] {processor.py:840} INFO - DAG(s) 'example_task_group_decorator' retrieved from /home/airflow/.local/lib/python3.8/site-packages/airflow/example_dags/example_task_group_decorator.py
[2024-01-30T22:02:14.935+0000] {logging_mixin.py:188} INFO - [2024-01-30T22:02:14.935+0000] {dag.py:3036} INFO - Sync 1 DAGs
[2024-01-30T22:02:14.962+0000] {logging_mixin.py:188} INFO - [2024-01-30T22:02:14.962+0000] {dag.py:3823} INFO - Setting next_dagrun for example_task_group_decorator to 2024-01-29 00:00:00+00:00, run_after=2024-01-30 00:00:00+00:00
[2024-01-30T22:02:14.996+0000] {processor.py:183} INFO - Processing /home/airflow/.local/lib/python3.8/site-packages/airflow/example_dags/example_task_group_decorator.py took 0.111 seconds
[2024-01-30T22:02:49.770+0000] {processor.py:161} INFO - Started process (PID=1105) to work on /home/airflow/.local/lib/python3.8/site-packages/airflow/example_dags/example_task_group_decorator.py
[2024-01-30T22:02:49.771+0000] {processor.py:830} INFO - Processing file /home/airflow/.local/lib/python3.8/site-packages/airflow/example_dags/example_task_group_decorator.py for tasks to queue
[2024-01-30T22:02:49.773+0000] {logging_mixin.py:188} INFO - [2024-01-30T22:02:49.772+0000] {dagbag.py:538} INFO - Filling up the DagBag from /home/airflow/.local/lib/python3.8/site-packages/airflow/example_dags/example_task_group_decorator.py
[2024-01-30T22:02:49.789+0000] {processor.py:840} INFO - DAG(s) 'example_task_group_decorator' retrieved from /home/airflow/.local/lib/python3.8/site-packages/airflow/example_dags/example_task_group_decorator.py
[2024-01-30T22:02:49.819+0000] {logging_mixin.py:188} INFO - [2024-01-30T22:02:49.819+0000] {dag.py:3036} INFO - Sync 1 DAGs
[2024-01-30T22:02:49.848+0000] {logging_mixin.py:188} INFO - [2024-01-30T22:02:49.848+0000] {dag.py:3823} INFO - Setting next_dagrun for example_task_group_decorator to 2024-01-29 00:00:00+00:00, run_after=2024-01-30 00:00:00+00:00
[2024-01-30T22:02:49.876+0000] {processor.py:183} INFO - Processing /home/airflow/.local/lib/python3.8/site-packages/airflow/example_dags/example_task_group_decorator.py took 0.110 seconds
[2024-01-30T22:03:21.344+0000] {processor.py:161} INFO - Started process (PID=1162) to work on /home/airflow/.local/lib/python3.8/site-packages/airflow/example_dags/example_task_group_decorator.py
[2024-01-30T22:03:21.346+0000] {processor.py:830} INFO - Processing file /home/airflow/.local/lib/python3.8/site-packages/airflow/example_dags/example_task_group_decorator.py for tasks to queue
[2024-01-30T22:03:21.348+0000] {logging_mixin.py:188} INFO - [2024-01-30T22:03:21.347+0000] {dagbag.py:538} INFO - Filling up the DagBag from /home/airflow/.local/lib/python3.8/site-packages/airflow/example_dags/example_task_group_decorator.py
[2024-01-30T22:03:21.370+0000] {processor.py:840} INFO - DAG(s) 'example_task_group_decorator' retrieved from /home/airflow/.local/lib/python3.8/site-packages/airflow/example_dags/example_task_group_decorator.py
[2024-01-30T22:03:21.406+0000] {logging_mixin.py:188} INFO - [2024-01-30T22:03:21.405+0000] {dag.py:3036} INFO - Sync 1 DAGs
[2024-01-30T22:03:21.448+0000] {logging_mixin.py:188} INFO - [2024-01-30T22:03:21.447+0000] {dag.py:3823} INFO - Setting next_dagrun for example_task_group_decorator to 2024-01-29 00:00:00+00:00, run_after=2024-01-30 00:00:00+00:00
[2024-01-30T22:03:21.505+0000] {processor.py:183} INFO - Processing /home/airflow/.local/lib/python3.8/site-packages/airflow/example_dags/example_task_group_decorator.py took 0.167 seconds
[2024-01-30T22:03:52.046+0000] {processor.py:161} INFO - Started process (PID=1225) to work on /home/airflow/.local/lib/python3.8/site-packages/airflow/example_dags/example_task_group_decorator.py
[2024-01-30T22:03:52.048+0000] {processor.py:830} INFO - Processing file /home/airflow/.local/lib/python3.8/site-packages/airflow/example_dags/example_task_group_decorator.py for tasks to queue
[2024-01-30T22:03:52.049+0000] {logging_mixin.py:188} INFO - [2024-01-30T22:03:52.049+0000] {dagbag.py:538} INFO - Filling up the DagBag from /home/airflow/.local/lib/python3.8/site-packages/airflow/example_dags/example_task_group_decorator.py
[2024-01-30T22:03:52.068+0000] {processor.py:840} INFO - DAG(s) 'example_task_group_decorator' retrieved from /home/airflow/.local/lib/python3.8/site-packages/airflow/example_dags/example_task_group_decorator.py
[2024-01-30T22:03:52.097+0000] {logging_mixin.py:188} INFO - [2024-01-30T22:03:52.097+0000] {dag.py:3036} INFO - Sync 1 DAGs
[2024-01-30T22:03:52.123+0000] {logging_mixin.py:188} INFO - [2024-01-30T22:03:52.122+0000] {dag.py:3823} INFO - Setting next_dagrun for example_task_group_decorator to 2024-01-29 00:00:00+00:00, run_after=2024-01-30 00:00:00+00:00
[2024-01-30T22:03:52.150+0000] {processor.py:183} INFO - Processing /home/airflow/.local/lib/python3.8/site-packages/airflow/example_dags/example_task_group_decorator.py took 0.106 seconds
[2024-01-30T22:04:22.192+0000] {processor.py:161} INFO - Started process (PID=1282) to work on /home/airflow/.local/lib/python3.8/site-packages/airflow/example_dags/example_task_group_decorator.py
[2024-01-30T22:04:22.194+0000] {processor.py:830} INFO - Processing file /home/airflow/.local/lib/python3.8/site-packages/airflow/example_dags/example_task_group_decorator.py for tasks to queue
[2024-01-30T22:04:22.195+0000] {logging_mixin.py:188} INFO - [2024-01-30T22:04:22.195+0000] {dagbag.py:538} INFO - Filling up the DagBag from /home/airflow/.local/lib/python3.8/site-packages/airflow/example_dags/example_task_group_decorator.py
[2024-01-30T22:04:22.214+0000] {processor.py:840} INFO - DAG(s) 'example_task_group_decorator' retrieved from /home/airflow/.local/lib/python3.8/site-packages/airflow/example_dags/example_task_group_decorator.py
[2024-01-30T22:04:22.246+0000] {logging_mixin.py:188} INFO - [2024-01-30T22:04:22.246+0000] {dag.py:3036} INFO - Sync 1 DAGs
[2024-01-30T22:04:22.279+0000] {logging_mixin.py:188} INFO - [2024-01-30T22:04:22.278+0000] {dag.py:3823} INFO - Setting next_dagrun for example_task_group_decorator to 2024-01-29 00:00:00+00:00, run_after=2024-01-30 00:00:00+00:00
[2024-01-30T22:04:22.310+0000] {processor.py:183} INFO - Processing /home/airflow/.local/lib/python3.8/site-packages/airflow/example_dags/example_task_group_decorator.py took 0.121 seconds
[2024-01-30T22:04:52.417+0000] {processor.py:161} INFO - Started process (PID=1339) to work on /home/airflow/.local/lib/python3.8/site-packages/airflow/example_dags/example_task_group_decorator.py
[2024-01-30T22:04:52.418+0000] {processor.py:830} INFO - Processing file /home/airflow/.local/lib/python3.8/site-packages/airflow/example_dags/example_task_group_decorator.py for tasks to queue
[2024-01-30T22:04:52.420+0000] {logging_mixin.py:188} INFO - [2024-01-30T22:04:52.419+0000] {dagbag.py:538} INFO - Filling up the DagBag from /home/airflow/.local/lib/python3.8/site-packages/airflow/example_dags/example_task_group_decorator.py
[2024-01-30T22:04:52.433+0000] {processor.py:840} INFO - DAG(s) 'example_task_group_decorator' retrieved from /home/airflow/.local/lib/python3.8/site-packages/airflow/example_dags/example_task_group_decorator.py
[2024-01-30T22:04:52.459+0000] {logging_mixin.py:188} INFO - [2024-01-30T22:04:52.459+0000] {dag.py:3036} INFO - Sync 1 DAGs
[2024-01-30T22:04:52.483+0000] {logging_mixin.py:188} INFO - [2024-01-30T22:04:52.482+0000] {dag.py:3823} INFO - Setting next_dagrun for example_task_group_decorator to 2024-01-29 00:00:00+00:00, run_after=2024-01-30 00:00:00+00:00
[2024-01-30T22:04:52.510+0000] {processor.py:183} INFO - Processing /home/airflow/.local/lib/python3.8/site-packages/airflow/example_dags/example_task_group_decorator.py took 0.096 seconds
[2024-01-30T22:05:23.087+0000] {processor.py:161} INFO - Started process (PID=1396) to work on /home/airflow/.local/lib/python3.8/site-packages/airflow/example_dags/example_task_group_decorator.py
[2024-01-30T22:05:23.089+0000] {processor.py:830} INFO - Processing file /home/airflow/.local/lib/python3.8/site-packages/airflow/example_dags/example_task_group_decorator.py for tasks to queue
[2024-01-30T22:05:23.091+0000] {logging_mixin.py:188} INFO - [2024-01-30T22:05:23.090+0000] {dagbag.py:538} INFO - Filling up the DagBag from /home/airflow/.local/lib/python3.8/site-packages/airflow/example_dags/example_task_group_decorator.py
[2024-01-30T22:05:23.107+0000] {processor.py:840} INFO - DAG(s) 'example_task_group_decorator' retrieved from /home/airflow/.local/lib/python3.8/site-packages/airflow/example_dags/example_task_group_decorator.py
[2024-01-30T22:05:23.131+0000] {logging_mixin.py:188} INFO - [2024-01-30T22:05:23.131+0000] {dag.py:3036} INFO - Sync 1 DAGs
[2024-01-30T22:05:23.155+0000] {logging_mixin.py:188} INFO - [2024-01-30T22:05:23.155+0000] {dag.py:3823} INFO - Setting next_dagrun for example_task_group_decorator to 2024-01-29 00:00:00+00:00, run_after=2024-01-30 00:00:00+00:00
[2024-01-30T22:05:23.180+0000] {processor.py:183} INFO - Processing /home/airflow/.local/lib/python3.8/site-packages/airflow/example_dags/example_task_group_decorator.py took 0.096 seconds
[2024-01-30T22:06:03.244+0000] {processor.py:161} INFO - Started process (PID=1465) to work on /home/airflow/.local/lib/python3.8/site-packages/airflow/example_dags/example_task_group_decorator.py
[2024-01-30T22:06:03.246+0000] {processor.py:830} INFO - Processing file /home/airflow/.local/lib/python3.8/site-packages/airflow/example_dags/example_task_group_decorator.py for tasks to queue
[2024-01-30T22:06:03.248+0000] {logging_mixin.py:188} INFO - [2024-01-30T22:06:03.247+0000] {dagbag.py:538} INFO - Filling up the DagBag from /home/airflow/.local/lib/python3.8/site-packages/airflow/example_dags/example_task_group_decorator.py
[2024-01-30T22:06:03.268+0000] {processor.py:840} INFO - DAG(s) 'example_task_group_decorator' retrieved from /home/airflow/.local/lib/python3.8/site-packages/airflow/example_dags/example_task_group_decorator.py
[2024-01-30T22:06:03.306+0000] {logging_mixin.py:188} INFO - [2024-01-30T22:06:03.305+0000] {dag.py:3036} INFO - Sync 1 DAGs
[2024-01-30T22:06:03.349+0000] {logging_mixin.py:188} INFO - [2024-01-30T22:06:03.348+0000] {dag.py:3823} INFO - Setting next_dagrun for example_task_group_decorator to 2024-01-29 00:00:00+00:00, run_after=2024-01-30 00:00:00+00:00
[2024-01-30T22:06:03.397+0000] {processor.py:183} INFO - Processing /home/airflow/.local/lib/python3.8/site-packages/airflow/example_dags/example_task_group_decorator.py took 0.158 seconds
[2024-01-30T22:06:34.674+0000] {processor.py:161} INFO - Started process (PID=1525) to work on /home/airflow/.local/lib/python3.8/site-packages/airflow/example_dags/example_task_group_decorator.py
[2024-01-30T22:06:34.676+0000] {processor.py:830} INFO - Processing file /home/airflow/.local/lib/python3.8/site-packages/airflow/example_dags/example_task_group_decorator.py for tasks to queue
[2024-01-30T22:06:34.678+0000] {logging_mixin.py:188} INFO - [2024-01-30T22:06:34.677+0000] {dagbag.py:538} INFO - Filling up the DagBag from /home/airflow/.local/lib/python3.8/site-packages/airflow/example_dags/example_task_group_decorator.py
[2024-01-30T22:06:34.702+0000] {processor.py:840} INFO - DAG(s) 'example_task_group_decorator' retrieved from /home/airflow/.local/lib/python3.8/site-packages/airflow/example_dags/example_task_group_decorator.py
[2024-01-30T22:06:34.744+0000] {logging_mixin.py:188} INFO - [2024-01-30T22:06:34.743+0000] {dag.py:3036} INFO - Sync 1 DAGs
[2024-01-30T22:06:34.773+0000] {logging_mixin.py:188} INFO - [2024-01-30T22:06:34.773+0000] {dag.py:3823} INFO - Setting next_dagrun for example_task_group_decorator to 2024-01-29 00:00:00+00:00, run_after=2024-01-30 00:00:00+00:00
[2024-01-30T22:06:34.799+0000] {processor.py:183} INFO - Processing /home/airflow/.local/lib/python3.8/site-packages/airflow/example_dags/example_task_group_decorator.py took 0.129 seconds
[2024-01-30T22:07:05.795+0000] {processor.py:161} INFO - Started process (PID=1582) to work on /home/airflow/.local/lib/python3.8/site-packages/airflow/example_dags/example_task_group_decorator.py
[2024-01-30T22:07:05.796+0000] {processor.py:830} INFO - Processing file /home/airflow/.local/lib/python3.8/site-packages/airflow/example_dags/example_task_group_decorator.py for tasks to queue
[2024-01-30T22:07:05.797+0000] {logging_mixin.py:188} INFO - [2024-01-30T22:07:05.797+0000] {dagbag.py:538} INFO - Filling up the DagBag from /home/airflow/.local/lib/python3.8/site-packages/airflow/example_dags/example_task_group_decorator.py
[2024-01-30T22:07:05.820+0000] {processor.py:840} INFO - DAG(s) 'example_task_group_decorator' retrieved from /home/airflow/.local/lib/python3.8/site-packages/airflow/example_dags/example_task_group_decorator.py
[2024-01-30T22:07:05.855+0000] {logging_mixin.py:188} INFO - [2024-01-30T22:07:05.855+0000] {dag.py:3036} INFO - Sync 1 DAGs
[2024-01-30T22:07:05.891+0000] {logging_mixin.py:188} INFO - [2024-01-30T22:07:05.891+0000] {dag.py:3823} INFO - Setting next_dagrun for example_task_group_decorator to 2024-01-29 00:00:00+00:00, run_after=2024-01-30 00:00:00+00:00
[2024-01-30T22:07:05.931+0000] {processor.py:183} INFO - Processing /home/airflow/.local/lib/python3.8/site-packages/airflow/example_dags/example_task_group_decorator.py took 0.140 seconds
[2024-01-30T22:07:36.177+0000] {processor.py:161} INFO - Started process (PID=1639) to work on /home/airflow/.local/lib/python3.8/site-packages/airflow/example_dags/example_task_group_decorator.py
[2024-01-30T22:07:36.179+0000] {processor.py:830} INFO - Processing file /home/airflow/.local/lib/python3.8/site-packages/airflow/example_dags/example_task_group_decorator.py for tasks to queue
[2024-01-30T22:07:36.180+0000] {logging_mixin.py:188} INFO - [2024-01-30T22:07:36.180+0000] {dagbag.py:538} INFO - Filling up the DagBag from /home/airflow/.local/lib/python3.8/site-packages/airflow/example_dags/example_task_group_decorator.py
[2024-01-30T22:07:36.196+0000] {processor.py:840} INFO - DAG(s) 'example_task_group_decorator' retrieved from /home/airflow/.local/lib/python3.8/site-packages/airflow/example_dags/example_task_group_decorator.py
[2024-01-30T22:07:36.223+0000] {logging_mixin.py:188} INFO - [2024-01-30T22:07:36.223+0000] {dag.py:3036} INFO - Sync 1 DAGs
[2024-01-30T22:07:36.251+0000] {logging_mixin.py:188} INFO - [2024-01-30T22:07:36.251+0000] {dag.py:3823} INFO - Setting next_dagrun for example_task_group_decorator to 2024-01-29 00:00:00+00:00, run_after=2024-01-30 00:00:00+00:00
[2024-01-30T22:07:36.280+0000] {processor.py:183} INFO - Processing /home/airflow/.local/lib/python3.8/site-packages/airflow/example_dags/example_task_group_decorator.py took 0.106 seconds
[2024-01-30T22:08:06.920+0000] {processor.py:161} INFO - Started process (PID=1696) to work on /home/airflow/.local/lib/python3.8/site-packages/airflow/example_dags/example_task_group_decorator.py
[2024-01-30T22:08:06.921+0000] {processor.py:830} INFO - Processing file /home/airflow/.local/lib/python3.8/site-packages/airflow/example_dags/example_task_group_decorator.py for tasks to queue
[2024-01-30T22:08:06.922+0000] {logging_mixin.py:188} INFO - [2024-01-30T22:08:06.922+0000] {dagbag.py:538} INFO - Filling up the DagBag from /home/airflow/.local/lib/python3.8/site-packages/airflow/example_dags/example_task_group_decorator.py
[2024-01-30T22:08:06.943+0000] {processor.py:840} INFO - DAG(s) 'example_task_group_decorator' retrieved from /home/airflow/.local/lib/python3.8/site-packages/airflow/example_dags/example_task_group_decorator.py
[2024-01-30T22:08:06.981+0000] {logging_mixin.py:188} INFO - [2024-01-30T22:08:06.981+0000] {dag.py:3036} INFO - Sync 1 DAGs
[2024-01-30T22:08:07.018+0000] {logging_mixin.py:188} INFO - [2024-01-30T22:08:07.018+0000] {dag.py:3823} INFO - Setting next_dagrun for example_task_group_decorator to 2024-01-29 00:00:00+00:00, run_after=2024-01-30 00:00:00+00:00
[2024-01-30T22:08:07.053+0000] {processor.py:183} INFO - Processing /home/airflow/.local/lib/python3.8/site-packages/airflow/example_dags/example_task_group_decorator.py took 0.137 seconds
[2024-01-30T22:08:37.127+0000] {processor.py:161} INFO - Started process (PID=1753) to work on /home/airflow/.local/lib/python3.8/site-packages/airflow/example_dags/example_task_group_decorator.py
[2024-01-30T22:08:37.129+0000] {processor.py:830} INFO - Processing file /home/airflow/.local/lib/python3.8/site-packages/airflow/example_dags/example_task_group_decorator.py for tasks to queue
[2024-01-30T22:08:37.131+0000] {logging_mixin.py:188} INFO - [2024-01-30T22:08:37.130+0000] {dagbag.py:538} INFO - Filling up the DagBag from /home/airflow/.local/lib/python3.8/site-packages/airflow/example_dags/example_task_group_decorator.py
[2024-01-30T22:08:37.154+0000] {processor.py:840} INFO - DAG(s) 'example_task_group_decorator' retrieved from /home/airflow/.local/lib/python3.8/site-packages/airflow/example_dags/example_task_group_decorator.py
[2024-01-30T22:08:37.195+0000] {logging_mixin.py:188} INFO - [2024-01-30T22:08:37.194+0000] {dag.py:3036} INFO - Sync 1 DAGs
[2024-01-30T22:08:37.226+0000] {logging_mixin.py:188} INFO - [2024-01-30T22:08:37.225+0000] {dag.py:3823} INFO - Setting next_dagrun for example_task_group_decorator to 2024-01-29 00:00:00+00:00, run_after=2024-01-30 00:00:00+00:00
[2024-01-30T22:08:37.273+0000] {processor.py:183} INFO - Processing /home/airflow/.local/lib/python3.8/site-packages/airflow/example_dags/example_task_group_decorator.py took 0.150 seconds
[2024-01-30T22:09:08.142+0000] {processor.py:161} INFO - Started process (PID=1811) to work on /home/airflow/.local/lib/python3.8/site-packages/airflow/example_dags/example_task_group_decorator.py
[2024-01-30T22:09:08.143+0000] {processor.py:830} INFO - Processing file /home/airflow/.local/lib/python3.8/site-packages/airflow/example_dags/example_task_group_decorator.py for tasks to queue
[2024-01-30T22:09:08.145+0000] {logging_mixin.py:188} INFO - [2024-01-30T22:09:08.144+0000] {dagbag.py:538} INFO - Filling up the DagBag from /home/airflow/.local/lib/python3.8/site-packages/airflow/example_dags/example_task_group_decorator.py
[2024-01-30T22:09:08.164+0000] {processor.py:840} INFO - DAG(s) 'example_task_group_decorator' retrieved from /home/airflow/.local/lib/python3.8/site-packages/airflow/example_dags/example_task_group_decorator.py
[2024-01-30T22:09:08.182+0000] {logging_mixin.py:188} INFO - [2024-01-30T22:09:08.182+0000] {dag.py:3036} INFO - Sync 1 DAGs
[2024-01-30T22:09:08.214+0000] {logging_mixin.py:188} INFO - [2024-01-30T22:09:08.214+0000] {dag.py:3823} INFO - Setting next_dagrun for example_task_group_decorator to 2024-01-29 00:00:00+00:00, run_after=2024-01-30 00:00:00+00:00
[2024-01-30T22:09:08.288+0000] {processor.py:183} INFO - Processing /home/airflow/.local/lib/python3.8/site-packages/airflow/example_dags/example_task_group_decorator.py took 0.151 seconds
[2024-01-30T22:09:38.838+0000] {processor.py:161} INFO - Started process (PID=1868) to work on /home/airflow/.local/lib/python3.8/site-packages/airflow/example_dags/example_task_group_decorator.py
[2024-01-30T22:09:38.839+0000] {processor.py:830} INFO - Processing file /home/airflow/.local/lib/python3.8/site-packages/airflow/example_dags/example_task_group_decorator.py for tasks to queue
[2024-01-30T22:09:38.841+0000] {logging_mixin.py:188} INFO - [2024-01-30T22:09:38.840+0000] {dagbag.py:538} INFO - Filling up the DagBag from /home/airflow/.local/lib/python3.8/site-packages/airflow/example_dags/example_task_group_decorator.py
[2024-01-30T22:09:38.862+0000] {processor.py:840} INFO - DAG(s) 'example_task_group_decorator' retrieved from /home/airflow/.local/lib/python3.8/site-packages/airflow/example_dags/example_task_group_decorator.py
[2024-01-30T22:09:38.996+0000] {logging_mixin.py:188} INFO - [2024-01-30T22:09:38.996+0000] {dag.py:3036} INFO - Sync 1 DAGs
[2024-01-30T22:09:39.022+0000] {logging_mixin.py:188} INFO - [2024-01-30T22:09:39.021+0000] {dag.py:3823} INFO - Setting next_dagrun for example_task_group_decorator to 2024-01-29 00:00:00+00:00, run_after=2024-01-30 00:00:00+00:00
[2024-01-30T22:09:39.055+0000] {processor.py:183} INFO - Processing /home/airflow/.local/lib/python3.8/site-packages/airflow/example_dags/example_task_group_decorator.py took 0.221 seconds
[2024-01-30T22:10:09.985+0000] {processor.py:161} INFO - Started process (PID=1925) to work on /home/airflow/.local/lib/python3.8/site-packages/airflow/example_dags/example_task_group_decorator.py
[2024-01-30T22:10:09.986+0000] {processor.py:830} INFO - Processing file /home/airflow/.local/lib/python3.8/site-packages/airflow/example_dags/example_task_group_decorator.py for tasks to queue
[2024-01-30T22:10:09.987+0000] {logging_mixin.py:188} INFO - [2024-01-30T22:10:09.987+0000] {dagbag.py:538} INFO - Filling up the DagBag from /home/airflow/.local/lib/python3.8/site-packages/airflow/example_dags/example_task_group_decorator.py
[2024-01-30T22:10:10.002+0000] {processor.py:840} INFO - DAG(s) 'example_task_group_decorator' retrieved from /home/airflow/.local/lib/python3.8/site-packages/airflow/example_dags/example_task_group_decorator.py
[2024-01-30T22:10:10.028+0000] {logging_mixin.py:188} INFO - [2024-01-30T22:10:10.027+0000] {dag.py:3036} INFO - Sync 1 DAGs
[2024-01-30T22:10:10.052+0000] {logging_mixin.py:188} INFO - [2024-01-30T22:10:10.051+0000] {dag.py:3823} INFO - Setting next_dagrun for example_task_group_decorator to 2024-01-29 00:00:00+00:00, run_after=2024-01-30 00:00:00+00:00
[2024-01-30T22:10:10.080+0000] {processor.py:183} INFO - Processing /home/airflow/.local/lib/python3.8/site-packages/airflow/example_dags/example_task_group_decorator.py took 0.098 seconds
[2024-01-30T22:10:40.845+0000] {processor.py:161} INFO - Started process (PID=1982) to work on /home/airflow/.local/lib/python3.8/site-packages/airflow/example_dags/example_task_group_decorator.py
[2024-01-30T22:10:40.847+0000] {processor.py:830} INFO - Processing file /home/airflow/.local/lib/python3.8/site-packages/airflow/example_dags/example_task_group_decorator.py for tasks to queue
[2024-01-30T22:10:40.848+0000] {logging_mixin.py:188} INFO - [2024-01-30T22:10:40.848+0000] {dagbag.py:538} INFO - Filling up the DagBag from /home/airflow/.local/lib/python3.8/site-packages/airflow/example_dags/example_task_group_decorator.py
[2024-01-30T22:10:40.862+0000] {processor.py:840} INFO - DAG(s) 'example_task_group_decorator' retrieved from /home/airflow/.local/lib/python3.8/site-packages/airflow/example_dags/example_task_group_decorator.py
[2024-01-30T22:10:40.930+0000] {logging_mixin.py:188} INFO - [2024-01-30T22:10:40.930+0000] {dag.py:3036} INFO - Sync 1 DAGs
[2024-01-30T22:10:40.956+0000] {logging_mixin.py:188} INFO - [2024-01-30T22:10:40.955+0000] {dag.py:3823} INFO - Setting next_dagrun for example_task_group_decorator to 2024-01-29 00:00:00+00:00, run_after=2024-01-30 00:00:00+00:00
[2024-01-30T22:10:40.987+0000] {processor.py:183} INFO - Processing /home/airflow/.local/lib/python3.8/site-packages/airflow/example_dags/example_task_group_decorator.py took 0.145 seconds
[2024-01-30T22:11:11.442+0000] {processor.py:161} INFO - Started process (PID=2039) to work on /home/airflow/.local/lib/python3.8/site-packages/airflow/example_dags/example_task_group_decorator.py
[2024-01-30T22:11:11.444+0000] {processor.py:830} INFO - Processing file /home/airflow/.local/lib/python3.8/site-packages/airflow/example_dags/example_task_group_decorator.py for tasks to queue
[2024-01-30T22:11:11.446+0000] {logging_mixin.py:188} INFO - [2024-01-30T22:11:11.445+0000] {dagbag.py:538} INFO - Filling up the DagBag from /home/airflow/.local/lib/python3.8/site-packages/airflow/example_dags/example_task_group_decorator.py
[2024-01-30T22:11:11.467+0000] {processor.py:840} INFO - DAG(s) 'example_task_group_decorator' retrieved from /home/airflow/.local/lib/python3.8/site-packages/airflow/example_dags/example_task_group_decorator.py
[2024-01-30T22:11:11.510+0000] {logging_mixin.py:188} INFO - [2024-01-30T22:11:11.509+0000] {dag.py:3036} INFO - Sync 1 DAGs
[2024-01-30T22:11:11.546+0000] {logging_mixin.py:188} INFO - [2024-01-30T22:11:11.546+0000] {dag.py:3823} INFO - Setting next_dagrun for example_task_group_decorator to 2024-01-29 00:00:00+00:00, run_after=2024-01-30 00:00:00+00:00
[2024-01-30T22:11:11.595+0000] {processor.py:183} INFO - Processing /home/airflow/.local/lib/python3.8/site-packages/airflow/example_dags/example_task_group_decorator.py took 0.157 seconds
[2024-01-30T22:11:41.963+0000] {processor.py:161} INFO - Started process (PID=2096) to work on /home/airflow/.local/lib/python3.8/site-packages/airflow/example_dags/example_task_group_decorator.py
[2024-01-30T22:11:41.965+0000] {processor.py:830} INFO - Processing file /home/airflow/.local/lib/python3.8/site-packages/airflow/example_dags/example_task_group_decorator.py for tasks to queue
[2024-01-30T22:11:41.966+0000] {logging_mixin.py:188} INFO - [2024-01-30T22:11:41.966+0000] {dagbag.py:538} INFO - Filling up the DagBag from /home/airflow/.local/lib/python3.8/site-packages/airflow/example_dags/example_task_group_decorator.py
[2024-01-30T22:11:41.986+0000] {processor.py:840} INFO - DAG(s) 'example_task_group_decorator' retrieved from /home/airflow/.local/lib/python3.8/site-packages/airflow/example_dags/example_task_group_decorator.py
[2024-01-30T22:11:42.027+0000] {logging_mixin.py:188} INFO - [2024-01-30T22:11:42.027+0000] {dag.py:3036} INFO - Sync 1 DAGs
[2024-01-30T22:11:42.072+0000] {logging_mixin.py:188} INFO - [2024-01-30T22:11:42.072+0000] {dag.py:3823} INFO - Setting next_dagrun for example_task_group_decorator to 2024-01-29 00:00:00+00:00, run_after=2024-01-30 00:00:00+00:00
[2024-01-30T22:11:42.136+0000] {processor.py:183} INFO - Processing /home/airflow/.local/lib/python3.8/site-packages/airflow/example_dags/example_task_group_decorator.py took 0.178 seconds
[2024-01-30T22:12:12.901+0000] {processor.py:161} INFO - Started process (PID=2153) to work on /home/airflow/.local/lib/python3.8/site-packages/airflow/example_dags/example_task_group_decorator.py
[2024-01-30T22:12:12.906+0000] {processor.py:830} INFO - Processing file /home/airflow/.local/lib/python3.8/site-packages/airflow/example_dags/example_task_group_decorator.py for tasks to queue
[2024-01-30T22:12:12.907+0000] {logging_mixin.py:188} INFO - [2024-01-30T22:12:12.907+0000] {dagbag.py:538} INFO - Filling up the DagBag from /home/airflow/.local/lib/python3.8/site-packages/airflow/example_dags/example_task_group_decorator.py
[2024-01-30T22:12:12.930+0000] {processor.py:840} INFO - DAG(s) 'example_task_group_decorator' retrieved from /home/airflow/.local/lib/python3.8/site-packages/airflow/example_dags/example_task_group_decorator.py
[2024-01-30T22:12:12.964+0000] {logging_mixin.py:188} INFO - [2024-01-30T22:12:12.963+0000] {dag.py:3036} INFO - Sync 1 DAGs
[2024-01-30T22:12:13.006+0000] {logging_mixin.py:188} INFO - [2024-01-30T22:12:13.006+0000] {dag.py:3823} INFO - Setting next_dagrun for example_task_group_decorator to 2024-01-29 00:00:00+00:00, run_after=2024-01-30 00:00:00+00:00
[2024-01-30T22:12:13.042+0000] {processor.py:183} INFO - Processing /home/airflow/.local/lib/python3.8/site-packages/airflow/example_dags/example_task_group_decorator.py took 0.144 seconds
[2024-01-30T22:12:43.497+0000] {processor.py:161} INFO - Started process (PID=2210) to work on /home/airflow/.local/lib/python3.8/site-packages/airflow/example_dags/example_task_group_decorator.py
[2024-01-30T22:12:43.499+0000] {processor.py:830} INFO - Processing file /home/airflow/.local/lib/python3.8/site-packages/airflow/example_dags/example_task_group_decorator.py for tasks to queue
[2024-01-30T22:12:43.501+0000] {logging_mixin.py:188} INFO - [2024-01-30T22:12:43.501+0000] {dagbag.py:538} INFO - Filling up the DagBag from /home/airflow/.local/lib/python3.8/site-packages/airflow/example_dags/example_task_group_decorator.py
[2024-01-30T22:12:43.522+0000] {processor.py:840} INFO - DAG(s) 'example_task_group_decorator' retrieved from /home/airflow/.local/lib/python3.8/site-packages/airflow/example_dags/example_task_group_decorator.py
[2024-01-30T22:12:43.557+0000] {logging_mixin.py:188} INFO - [2024-01-30T22:12:43.557+0000] {dag.py:3036} INFO - Sync 1 DAGs
[2024-01-30T22:12:43.588+0000] {logging_mixin.py:188} INFO - [2024-01-30T22:12:43.587+0000] {dag.py:3823} INFO - Setting next_dagrun for example_task_group_decorator to 2024-01-29 00:00:00+00:00, run_after=2024-01-30 00:00:00+00:00
[2024-01-30T22:12:43.623+0000] {processor.py:183} INFO - Processing /home/airflow/.local/lib/python3.8/site-packages/airflow/example_dags/example_task_group_decorator.py took 0.130 seconds
[2024-01-30T22:13:14.451+0000] {processor.py:161} INFO - Started process (PID=2267) to work on /home/airflow/.local/lib/python3.8/site-packages/airflow/example_dags/example_task_group_decorator.py
[2024-01-30T22:13:14.453+0000] {processor.py:830} INFO - Processing file /home/airflow/.local/lib/python3.8/site-packages/airflow/example_dags/example_task_group_decorator.py for tasks to queue
[2024-01-30T22:13:14.454+0000] {logging_mixin.py:188} INFO - [2024-01-30T22:13:14.454+0000] {dagbag.py:538} INFO - Filling up the DagBag from /home/airflow/.local/lib/python3.8/site-packages/airflow/example_dags/example_task_group_decorator.py
[2024-01-30T22:13:14.471+0000] {processor.py:840} INFO - DAG(s) 'example_task_group_decorator' retrieved from /home/airflow/.local/lib/python3.8/site-packages/airflow/example_dags/example_task_group_decorator.py
[2024-01-30T22:13:14.501+0000] {logging_mixin.py:188} INFO - [2024-01-30T22:13:14.500+0000] {dag.py:3036} INFO - Sync 1 DAGs
[2024-01-30T22:13:14.529+0000] {logging_mixin.py:188} INFO - [2024-01-30T22:13:14.528+0000] {dag.py:3823} INFO - Setting next_dagrun for example_task_group_decorator to 2024-01-29 00:00:00+00:00, run_after=2024-01-30 00:00:00+00:00
[2024-01-30T22:13:14.562+0000] {processor.py:183} INFO - Processing /home/airflow/.local/lib/python3.8/site-packages/airflow/example_dags/example_task_group_decorator.py took 0.114 seconds
[2024-01-30T22:13:45.234+0000] {processor.py:161} INFO - Started process (PID=2324) to work on /home/airflow/.local/lib/python3.8/site-packages/airflow/example_dags/example_task_group_decorator.py
[2024-01-30T22:13:45.235+0000] {processor.py:830} INFO - Processing file /home/airflow/.local/lib/python3.8/site-packages/airflow/example_dags/example_task_group_decorator.py for tasks to queue
[2024-01-30T22:13:45.237+0000] {logging_mixin.py:188} INFO - [2024-01-30T22:13:45.236+0000] {dagbag.py:538} INFO - Filling up the DagBag from /home/airflow/.local/lib/python3.8/site-packages/airflow/example_dags/example_task_group_decorator.py
[2024-01-30T22:13:45.258+0000] {processor.py:840} INFO - DAG(s) 'example_task_group_decorator' retrieved from /home/airflow/.local/lib/python3.8/site-packages/airflow/example_dags/example_task_group_decorator.py
[2024-01-30T22:13:45.298+0000] {logging_mixin.py:188} INFO - [2024-01-30T22:13:45.297+0000] {dag.py:3036} INFO - Sync 1 DAGs
[2024-01-30T22:13:45.336+0000] {logging_mixin.py:188} INFO - [2024-01-30T22:13:45.335+0000] {dag.py:3823} INFO - Setting next_dagrun for example_task_group_decorator to 2024-01-29 00:00:00+00:00, run_after=2024-01-30 00:00:00+00:00
[2024-01-30T22:13:45.371+0000] {processor.py:183} INFO - Processing /home/airflow/.local/lib/python3.8/site-packages/airflow/example_dags/example_task_group_decorator.py took 0.141 seconds
[2024-01-30T22:14:20.733+0000] {processor.py:161} INFO - Started process (PID=2382) to work on /home/airflow/.local/lib/python3.8/site-packages/airflow/example_dags/example_task_group_decorator.py
[2024-01-30T22:14:20.734+0000] {processor.py:830} INFO - Processing file /home/airflow/.local/lib/python3.8/site-packages/airflow/example_dags/example_task_group_decorator.py for tasks to queue
[2024-01-30T22:14:20.735+0000] {logging_mixin.py:188} INFO - [2024-01-30T22:14:20.735+0000] {dagbag.py:538} INFO - Filling up the DagBag from /home/airflow/.local/lib/python3.8/site-packages/airflow/example_dags/example_task_group_decorator.py
[2024-01-30T22:14:20.750+0000] {processor.py:840} INFO - DAG(s) 'example_task_group_decorator' retrieved from /home/airflow/.local/lib/python3.8/site-packages/airflow/example_dags/example_task_group_decorator.py
[2024-01-30T22:14:20.782+0000] {logging_mixin.py:188} INFO - [2024-01-30T22:14:20.781+0000] {dag.py:3036} INFO - Sync 1 DAGs
[2024-01-30T22:14:20.808+0000] {logging_mixin.py:188} INFO - [2024-01-30T22:14:20.808+0000] {dag.py:3823} INFO - Setting next_dagrun for example_task_group_decorator to 2024-01-29 00:00:00+00:00, run_after=2024-01-30 00:00:00+00:00
[2024-01-30T22:14:20.837+0000] {processor.py:183} INFO - Processing /home/airflow/.local/lib/python3.8/site-packages/airflow/example_dags/example_task_group_decorator.py took 0.107 seconds
[2024-01-30T22:14:51.904+0000] {processor.py:161} INFO - Started process (PID=2440) to work on /home/airflow/.local/lib/python3.8/site-packages/airflow/example_dags/example_task_group_decorator.py
[2024-01-30T22:14:51.905+0000] {processor.py:830} INFO - Processing file /home/airflow/.local/lib/python3.8/site-packages/airflow/example_dags/example_task_group_decorator.py for tasks to queue
[2024-01-30T22:14:51.907+0000] {logging_mixin.py:188} INFO - [2024-01-30T22:14:51.906+0000] {dagbag.py:538} INFO - Filling up the DagBag from /home/airflow/.local/lib/python3.8/site-packages/airflow/example_dags/example_task_group_decorator.py
[2024-01-30T22:14:51.923+0000] {processor.py:840} INFO - DAG(s) 'example_task_group_decorator' retrieved from /home/airflow/.local/lib/python3.8/site-packages/airflow/example_dags/example_task_group_decorator.py
[2024-01-30T22:14:51.951+0000] {logging_mixin.py:188} INFO - [2024-01-30T22:14:51.950+0000] {dag.py:3036} INFO - Sync 1 DAGs
[2024-01-30T22:14:51.976+0000] {logging_mixin.py:188} INFO - [2024-01-30T22:14:51.975+0000] {dag.py:3823} INFO - Setting next_dagrun for example_task_group_decorator to 2024-01-29 00:00:00+00:00, run_after=2024-01-30 00:00:00+00:00
[2024-01-30T22:14:52.005+0000] {processor.py:183} INFO - Processing /home/airflow/.local/lib/python3.8/site-packages/airflow/example_dags/example_task_group_decorator.py took 0.105 seconds
[2024-01-30T22:15:22.414+0000] {processor.py:161} INFO - Started process (PID=2495) to work on /home/airflow/.local/lib/python3.8/site-packages/airflow/example_dags/example_task_group_decorator.py
[2024-01-30T22:15:22.416+0000] {processor.py:830} INFO - Processing file /home/airflow/.local/lib/python3.8/site-packages/airflow/example_dags/example_task_group_decorator.py for tasks to queue
[2024-01-30T22:15:22.418+0000] {logging_mixin.py:188} INFO - [2024-01-30T22:15:22.418+0000] {dagbag.py:538} INFO - Filling up the DagBag from /home/airflow/.local/lib/python3.8/site-packages/airflow/example_dags/example_task_group_decorator.py
[2024-01-30T22:15:22.433+0000] {processor.py:840} INFO - DAG(s) 'example_task_group_decorator' retrieved from /home/airflow/.local/lib/python3.8/site-packages/airflow/example_dags/example_task_group_decorator.py
[2024-01-30T22:15:22.460+0000] {logging_mixin.py:188} INFO - [2024-01-30T22:15:22.460+0000] {dag.py:3036} INFO - Sync 1 DAGs
[2024-01-30T22:15:22.488+0000] {logging_mixin.py:188} INFO - [2024-01-30T22:15:22.488+0000] {dag.py:3823} INFO - Setting next_dagrun for example_task_group_decorator to 2024-01-29 00:00:00+00:00, run_after=2024-01-30 00:00:00+00:00
[2024-01-30T22:15:22.664+0000] {processor.py:183} INFO - Processing /home/airflow/.local/lib/python3.8/site-packages/airflow/example_dags/example_task_group_decorator.py took 0.253 seconds
[2024-01-30T22:15:53.025+0000] {processor.py:161} INFO - Started process (PID=2559) to work on /home/airflow/.local/lib/python3.8/site-packages/airflow/example_dags/example_task_group_decorator.py
[2024-01-30T22:15:53.027+0000] {processor.py:830} INFO - Processing file /home/airflow/.local/lib/python3.8/site-packages/airflow/example_dags/example_task_group_decorator.py for tasks to queue
[2024-01-30T22:15:53.028+0000] {logging_mixin.py:188} INFO - [2024-01-30T22:15:53.027+0000] {dagbag.py:538} INFO - Filling up the DagBag from /home/airflow/.local/lib/python3.8/site-packages/airflow/example_dags/example_task_group_decorator.py
[2024-01-30T22:15:53.045+0000] {processor.py:840} INFO - DAG(s) 'example_task_group_decorator' retrieved from /home/airflow/.local/lib/python3.8/site-packages/airflow/example_dags/example_task_group_decorator.py
[2024-01-30T22:15:53.075+0000] {logging_mixin.py:188} INFO - [2024-01-30T22:15:53.074+0000] {dag.py:3036} INFO - Sync 1 DAGs
[2024-01-30T22:15:53.107+0000] {logging_mixin.py:188} INFO - [2024-01-30T22:15:53.106+0000] {dag.py:3823} INFO - Setting next_dagrun for example_task_group_decorator to 2024-01-29 00:00:00+00:00, run_after=2024-01-30 00:00:00+00:00
[2024-01-30T22:15:53.142+0000] {processor.py:183} INFO - Processing /home/airflow/.local/lib/python3.8/site-packages/airflow/example_dags/example_task_group_decorator.py took 0.119 seconds
[2024-01-30T22:16:23.594+0000] {processor.py:161} INFO - Started process (PID=2621) to work on /home/airflow/.local/lib/python3.8/site-packages/airflow/example_dags/example_task_group_decorator.py
[2024-01-30T22:16:23.596+0000] {processor.py:830} INFO - Processing file /home/airflow/.local/lib/python3.8/site-packages/airflow/example_dags/example_task_group_decorator.py for tasks to queue
[2024-01-30T22:16:23.597+0000] {logging_mixin.py:188} INFO - [2024-01-30T22:16:23.597+0000] {dagbag.py:538} INFO - Filling up the DagBag from /home/airflow/.local/lib/python3.8/site-packages/airflow/example_dags/example_task_group_decorator.py
[2024-01-30T22:16:23.615+0000] {processor.py:840} INFO - DAG(s) 'example_task_group_decorator' retrieved from /home/airflow/.local/lib/python3.8/site-packages/airflow/example_dags/example_task_group_decorator.py
[2024-01-30T22:16:23.647+0000] {logging_mixin.py:188} INFO - [2024-01-30T22:16:23.646+0000] {dag.py:3036} INFO - Sync 1 DAGs
[2024-01-30T22:16:23.676+0000] {logging_mixin.py:188} INFO - [2024-01-30T22:16:23.676+0000] {dag.py:3823} INFO - Setting next_dagrun for example_task_group_decorator to 2024-01-29 00:00:00+00:00, run_after=2024-01-30 00:00:00+00:00
[2024-01-30T22:16:23.707+0000] {processor.py:183} INFO - Processing /home/airflow/.local/lib/python3.8/site-packages/airflow/example_dags/example_task_group_decorator.py took 0.117 seconds
[2024-01-30T22:16:54.472+0000] {processor.py:161} INFO - Started process (PID=2684) to work on /home/airflow/.local/lib/python3.8/site-packages/airflow/example_dags/example_task_group_decorator.py
[2024-01-30T22:16:54.474+0000] {processor.py:830} INFO - Processing file /home/airflow/.local/lib/python3.8/site-packages/airflow/example_dags/example_task_group_decorator.py for tasks to queue
[2024-01-30T22:16:54.476+0000] {logging_mixin.py:188} INFO - [2024-01-30T22:16:54.476+0000] {dagbag.py:538} INFO - Filling up the DagBag from /home/airflow/.local/lib/python3.8/site-packages/airflow/example_dags/example_task_group_decorator.py
[2024-01-30T22:16:54.494+0000] {processor.py:840} INFO - DAG(s) 'example_task_group_decorator' retrieved from /home/airflow/.local/lib/python3.8/site-packages/airflow/example_dags/example_task_group_decorator.py
[2024-01-30T22:16:54.527+0000] {logging_mixin.py:188} INFO - [2024-01-30T22:16:54.527+0000] {dag.py:3036} INFO - Sync 1 DAGs
[2024-01-30T22:16:54.559+0000] {logging_mixin.py:188} INFO - [2024-01-30T22:16:54.559+0000] {dag.py:3823} INFO - Setting next_dagrun for example_task_group_decorator to 2024-01-29 00:00:00+00:00, run_after=2024-01-30 00:00:00+00:00
[2024-01-30T22:16:54.600+0000] {processor.py:183} INFO - Processing /home/airflow/.local/lib/python3.8/site-packages/airflow/example_dags/example_task_group_decorator.py took 0.130 seconds
[2024-01-30T22:17:26.558+0000] {processor.py:161} INFO - Started process (PID=2742) to work on /home/airflow/.local/lib/python3.8/site-packages/airflow/example_dags/example_task_group_decorator.py
[2024-01-30T22:17:26.560+0000] {processor.py:830} INFO - Processing file /home/airflow/.local/lib/python3.8/site-packages/airflow/example_dags/example_task_group_decorator.py for tasks to queue
[2024-01-30T22:17:26.561+0000] {logging_mixin.py:188} INFO - [2024-01-30T22:17:26.561+0000] {dagbag.py:538} INFO - Filling up the DagBag from /home/airflow/.local/lib/python3.8/site-packages/airflow/example_dags/example_task_group_decorator.py
[2024-01-30T22:17:26.580+0000] {processor.py:840} INFO - DAG(s) 'example_task_group_decorator' retrieved from /home/airflow/.local/lib/python3.8/site-packages/airflow/example_dags/example_task_group_decorator.py
[2024-01-30T22:17:26.612+0000] {logging_mixin.py:188} INFO - [2024-01-30T22:17:26.611+0000] {dag.py:3036} INFO - Sync 1 DAGs
[2024-01-30T22:17:26.774+0000] {logging_mixin.py:188} INFO - [2024-01-30T22:17:26.774+0000] {dag.py:3823} INFO - Setting next_dagrun for example_task_group_decorator to 2024-01-29 00:00:00+00:00, run_after=2024-01-30 00:00:00+00:00
[2024-01-30T22:17:26.804+0000] {processor.py:183} INFO - Processing /home/airflow/.local/lib/python3.8/site-packages/airflow/example_dags/example_task_group_decorator.py took 0.248 seconds
[2024-01-30T22:17:57.162+0000] {processor.py:161} INFO - Started process (PID=2799) to work on /home/airflow/.local/lib/python3.8/site-packages/airflow/example_dags/example_task_group_decorator.py
[2024-01-30T22:17:57.164+0000] {processor.py:830} INFO - Processing file /home/airflow/.local/lib/python3.8/site-packages/airflow/example_dags/example_task_group_decorator.py for tasks to queue
[2024-01-30T22:17:57.167+0000] {logging_mixin.py:188} INFO - [2024-01-30T22:17:57.166+0000] {dagbag.py:538} INFO - Filling up the DagBag from /home/airflow/.local/lib/python3.8/site-packages/airflow/example_dags/example_task_group_decorator.py
[2024-01-30T22:17:57.191+0000] {processor.py:840} INFO - DAG(s) 'example_task_group_decorator' retrieved from /home/airflow/.local/lib/python3.8/site-packages/airflow/example_dags/example_task_group_decorator.py
[2024-01-30T22:17:57.232+0000] {logging_mixin.py:188} INFO - [2024-01-30T22:17:57.231+0000] {dag.py:3036} INFO - Sync 1 DAGs
[2024-01-30T22:17:57.280+0000] {logging_mixin.py:188} INFO - [2024-01-30T22:17:57.280+0000] {dag.py:3823} INFO - Setting next_dagrun for example_task_group_decorator to 2024-01-29 00:00:00+00:00, run_after=2024-01-30 00:00:00+00:00
[2024-01-30T22:17:57.321+0000] {processor.py:183} INFO - Processing /home/airflow/.local/lib/python3.8/site-packages/airflow/example_dags/example_task_group_decorator.py took 0.164 seconds
[2024-01-30T22:18:27.723+0000] {processor.py:161} INFO - Started process (PID=2858) to work on /home/airflow/.local/lib/python3.8/site-packages/airflow/example_dags/example_task_group_decorator.py
[2024-01-30T22:18:27.725+0000] {processor.py:830} INFO - Processing file /home/airflow/.local/lib/python3.8/site-packages/airflow/example_dags/example_task_group_decorator.py for tasks to queue
[2024-01-30T22:18:27.726+0000] {logging_mixin.py:188} INFO - [2024-01-30T22:18:27.726+0000] {dagbag.py:538} INFO - Filling up the DagBag from /home/airflow/.local/lib/python3.8/site-packages/airflow/example_dags/example_task_group_decorator.py
[2024-01-30T22:18:27.743+0000] {processor.py:840} INFO - DAG(s) 'example_task_group_decorator' retrieved from /home/airflow/.local/lib/python3.8/site-packages/airflow/example_dags/example_task_group_decorator.py
[2024-01-30T22:18:27.771+0000] {logging_mixin.py:188} INFO - [2024-01-30T22:18:27.771+0000] {dag.py:3036} INFO - Sync 1 DAGs
[2024-01-30T22:18:27.799+0000] {logging_mixin.py:188} INFO - [2024-01-30T22:18:27.799+0000] {dag.py:3823} INFO - Setting next_dagrun for example_task_group_decorator to 2024-01-29 00:00:00+00:00, run_after=2024-01-30 00:00:00+00:00
[2024-01-30T22:18:27.830+0000] {processor.py:183} INFO - Processing /home/airflow/.local/lib/python3.8/site-packages/airflow/example_dags/example_task_group_decorator.py took 0.110 seconds
[2024-01-30T22:18:58.105+0000] {processor.py:161} INFO - Started process (PID=2915) to work on /home/airflow/.local/lib/python3.8/site-packages/airflow/example_dags/example_task_group_decorator.py
[2024-01-30T22:18:58.106+0000] {processor.py:830} INFO - Processing file /home/airflow/.local/lib/python3.8/site-packages/airflow/example_dags/example_task_group_decorator.py for tasks to queue
[2024-01-30T22:18:58.107+0000] {logging_mixin.py:188} INFO - [2024-01-30T22:18:58.107+0000] {dagbag.py:538} INFO - Filling up the DagBag from /home/airflow/.local/lib/python3.8/site-packages/airflow/example_dags/example_task_group_decorator.py
[2024-01-30T22:18:58.126+0000] {processor.py:840} INFO - DAG(s) 'example_task_group_decorator' retrieved from /home/airflow/.local/lib/python3.8/site-packages/airflow/example_dags/example_task_group_decorator.py
[2024-01-30T22:18:58.159+0000] {logging_mixin.py:188} INFO - [2024-01-30T22:18:58.159+0000] {dag.py:3036} INFO - Sync 1 DAGs
[2024-01-30T22:18:58.188+0000] {logging_mixin.py:188} INFO - [2024-01-30T22:18:58.188+0000] {dag.py:3823} INFO - Setting next_dagrun for example_task_group_decorator to 2024-01-29 00:00:00+00:00, run_after=2024-01-30 00:00:00+00:00
[2024-01-30T22:18:58.231+0000] {processor.py:183} INFO - Processing /home/airflow/.local/lib/python3.8/site-packages/airflow/example_dags/example_task_group_decorator.py took 0.130 seconds
[2024-01-30T22:19:31.339+0000] {processor.py:161} INFO - Started process (PID=2972) to work on /home/airflow/.local/lib/python3.8/site-packages/airflow/example_dags/example_task_group_decorator.py
[2024-01-30T22:19:31.340+0000] {processor.py:830} INFO - Processing file /home/airflow/.local/lib/python3.8/site-packages/airflow/example_dags/example_task_group_decorator.py for tasks to queue
[2024-01-30T22:19:31.342+0000] {logging_mixin.py:188} INFO - [2024-01-30T22:19:31.342+0000] {dagbag.py:538} INFO - Filling up the DagBag from /home/airflow/.local/lib/python3.8/site-packages/airflow/example_dags/example_task_group_decorator.py
[2024-01-30T22:19:31.358+0000] {processor.py:840} INFO - DAG(s) 'example_task_group_decorator' retrieved from /home/airflow/.local/lib/python3.8/site-packages/airflow/example_dags/example_task_group_decorator.py
[2024-01-30T22:19:31.564+0000] {logging_mixin.py:188} INFO - [2024-01-30T22:19:31.563+0000] {dag.py:3036} INFO - Sync 1 DAGs
[2024-01-30T22:19:31.591+0000] {logging_mixin.py:188} INFO - [2024-01-30T22:19:31.591+0000] {dag.py:3823} INFO - Setting next_dagrun for example_task_group_decorator to 2024-01-29 00:00:00+00:00, run_after=2024-01-30 00:00:00+00:00
[2024-01-30T22:19:31.623+0000] {processor.py:183} INFO - Processing /home/airflow/.local/lib/python3.8/site-packages/airflow/example_dags/example_task_group_decorator.py took 0.287 seconds
[2024-01-30T22:20:02.216+0000] {processor.py:161} INFO - Started process (PID=3029) to work on /home/airflow/.local/lib/python3.8/site-packages/airflow/example_dags/example_task_group_decorator.py
[2024-01-30T22:20:02.217+0000] {processor.py:830} INFO - Processing file /home/airflow/.local/lib/python3.8/site-packages/airflow/example_dags/example_task_group_decorator.py for tasks to queue
[2024-01-30T22:20:02.218+0000] {logging_mixin.py:188} INFO - [2024-01-30T22:20:02.218+0000] {dagbag.py:538} INFO - Filling up the DagBag from /home/airflow/.local/lib/python3.8/site-packages/airflow/example_dags/example_task_group_decorator.py
[2024-01-30T22:20:02.232+0000] {processor.py:840} INFO - DAG(s) 'example_task_group_decorator' retrieved from /home/airflow/.local/lib/python3.8/site-packages/airflow/example_dags/example_task_group_decorator.py
[2024-01-30T22:20:02.259+0000] {logging_mixin.py:188} INFO - [2024-01-30T22:20:02.259+0000] {dag.py:3036} INFO - Sync 1 DAGs
[2024-01-30T22:20:02.282+0000] {logging_mixin.py:188} INFO - [2024-01-30T22:20:02.282+0000] {dag.py:3823} INFO - Setting next_dagrun for example_task_group_decorator to 2024-01-29 00:00:00+00:00, run_after=2024-01-30 00:00:00+00:00
[2024-01-30T22:20:02.308+0000] {processor.py:183} INFO - Processing /home/airflow/.local/lib/python3.8/site-packages/airflow/example_dags/example_task_group_decorator.py took 0.095 seconds
[2024-01-30T22:20:32.817+0000] {processor.py:161} INFO - Started process (PID=3086) to work on /home/airflow/.local/lib/python3.8/site-packages/airflow/example_dags/example_task_group_decorator.py
[2024-01-30T22:20:32.818+0000] {processor.py:830} INFO - Processing file /home/airflow/.local/lib/python3.8/site-packages/airflow/example_dags/example_task_group_decorator.py for tasks to queue
[2024-01-30T22:20:32.820+0000] {logging_mixin.py:188} INFO - [2024-01-30T22:20:32.819+0000] {dagbag.py:538} INFO - Filling up the DagBag from /home/airflow/.local/lib/python3.8/site-packages/airflow/example_dags/example_task_group_decorator.py
[2024-01-30T22:20:32.834+0000] {processor.py:840} INFO - DAG(s) 'example_task_group_decorator' retrieved from /home/airflow/.local/lib/python3.8/site-packages/airflow/example_dags/example_task_group_decorator.py
[2024-01-30T22:20:32.862+0000] {logging_mixin.py:188} INFO - [2024-01-30T22:20:32.862+0000] {dag.py:3036} INFO - Sync 1 DAGs
[2024-01-30T22:20:32.888+0000] {logging_mixin.py:188} INFO - [2024-01-30T22:20:32.888+0000] {dag.py:3823} INFO - Setting next_dagrun for example_task_group_decorator to 2024-01-29 00:00:00+00:00, run_after=2024-01-30 00:00:00+00:00
[2024-01-30T22:20:32.918+0000] {processor.py:183} INFO - Processing /home/airflow/.local/lib/python3.8/site-packages/airflow/example_dags/example_task_group_decorator.py took 0.104 seconds
[2024-01-30T22:21:06.110+0000] {processor.py:161} INFO - Started process (PID=3143) to work on /home/airflow/.local/lib/python3.8/site-packages/airflow/example_dags/example_task_group_decorator.py
[2024-01-30T22:21:06.125+0000] {processor.py:830} INFO - Processing file /home/airflow/.local/lib/python3.8/site-packages/airflow/example_dags/example_task_group_decorator.py for tasks to queue
[2024-01-30T22:21:06.143+0000] {logging_mixin.py:188} INFO - [2024-01-30T22:21:06.140+0000] {dagbag.py:538} INFO - Filling up the DagBag from /home/airflow/.local/lib/python3.8/site-packages/airflow/example_dags/example_task_group_decorator.py
[2024-01-30T22:21:06.415+0000] {processor.py:840} INFO - DAG(s) 'example_task_group_decorator' retrieved from /home/airflow/.local/lib/python3.8/site-packages/airflow/example_dags/example_task_group_decorator.py
[2024-01-30T22:21:06.730+0000] {logging_mixin.py:188} INFO - [2024-01-30T22:21:06.728+0000] {dag.py:3036} INFO - Sync 1 DAGs
[2024-01-30T22:21:07.008+0000] {logging_mixin.py:188} INFO - [2024-01-30T22:21:07.005+0000] {dag.py:3823} INFO - Setting next_dagrun for example_task_group_decorator to 2024-01-29 00:00:00+00:00, run_after=2024-01-30 00:00:00+00:00
[2024-01-30T22:21:07.325+0000] {processor.py:183} INFO - Processing /home/airflow/.local/lib/python3.8/site-packages/airflow/example_dags/example_task_group_decorator.py took 1.242 seconds
[2024-01-30T22:21:38.040+0000] {processor.py:161} INFO - Started process (PID=3200) to work on /home/airflow/.local/lib/python3.8/site-packages/airflow/example_dags/example_task_group_decorator.py
[2024-01-30T22:21:38.041+0000] {processor.py:830} INFO - Processing file /home/airflow/.local/lib/python3.8/site-packages/airflow/example_dags/example_task_group_decorator.py for tasks to queue
[2024-01-30T22:21:38.042+0000] {logging_mixin.py:188} INFO - [2024-01-30T22:21:38.042+0000] {dagbag.py:538} INFO - Filling up the DagBag from /home/airflow/.local/lib/python3.8/site-packages/airflow/example_dags/example_task_group_decorator.py
[2024-01-30T22:21:38.055+0000] {processor.py:840} INFO - DAG(s) 'example_task_group_decorator' retrieved from /home/airflow/.local/lib/python3.8/site-packages/airflow/example_dags/example_task_group_decorator.py
[2024-01-30T22:21:38.078+0000] {logging_mixin.py:188} INFO - [2024-01-30T22:21:38.078+0000] {dag.py:3036} INFO - Sync 1 DAGs
[2024-01-30T22:21:38.099+0000] {logging_mixin.py:188} INFO - [2024-01-30T22:21:38.099+0000] {dag.py:3823} INFO - Setting next_dagrun for example_task_group_decorator to 2024-01-29 00:00:00+00:00, run_after=2024-01-30 00:00:00+00:00
[2024-01-30T22:21:38.124+0000] {processor.py:183} INFO - Processing /home/airflow/.local/lib/python3.8/site-packages/airflow/example_dags/example_task_group_decorator.py took 0.086 seconds
[2024-01-30T22:22:08.443+0000] {processor.py:161} INFO - Started process (PID=3257) to work on /home/airflow/.local/lib/python3.8/site-packages/airflow/example_dags/example_task_group_decorator.py
[2024-01-30T22:22:08.445+0000] {processor.py:830} INFO - Processing file /home/airflow/.local/lib/python3.8/site-packages/airflow/example_dags/example_task_group_decorator.py for tasks to queue
[2024-01-30T22:22:08.447+0000] {logging_mixin.py:188} INFO - [2024-01-30T22:22:08.446+0000] {dagbag.py:538} INFO - Filling up the DagBag from /home/airflow/.local/lib/python3.8/site-packages/airflow/example_dags/example_task_group_decorator.py
[2024-01-30T22:22:08.465+0000] {processor.py:840} INFO - DAG(s) 'example_task_group_decorator' retrieved from /home/airflow/.local/lib/python3.8/site-packages/airflow/example_dags/example_task_group_decorator.py
[2024-01-30T22:22:08.501+0000] {logging_mixin.py:188} INFO - [2024-01-30T22:22:08.501+0000] {dag.py:3036} INFO - Sync 1 DAGs
[2024-01-30T22:22:08.530+0000] {logging_mixin.py:188} INFO - [2024-01-30T22:22:08.530+0000] {dag.py:3823} INFO - Setting next_dagrun for example_task_group_decorator to 2024-01-29 00:00:00+00:00, run_after=2024-01-30 00:00:00+00:00
[2024-01-30T22:22:08.558+0000] {processor.py:183} INFO - Processing /home/airflow/.local/lib/python3.8/site-packages/airflow/example_dags/example_task_group_decorator.py took 0.119 seconds
[2024-01-30T22:22:38.690+0000] {processor.py:161} INFO - Started process (PID=3314) to work on /home/airflow/.local/lib/python3.8/site-packages/airflow/example_dags/example_task_group_decorator.py
[2024-01-30T22:22:38.691+0000] {processor.py:830} INFO - Processing file /home/airflow/.local/lib/python3.8/site-packages/airflow/example_dags/example_task_group_decorator.py for tasks to queue
[2024-01-30T22:22:38.692+0000] {logging_mixin.py:188} INFO - [2024-01-30T22:22:38.692+0000] {dagbag.py:538} INFO - Filling up the DagBag from /home/airflow/.local/lib/python3.8/site-packages/airflow/example_dags/example_task_group_decorator.py
[2024-01-30T22:22:38.706+0000] {processor.py:840} INFO - DAG(s) 'example_task_group_decorator' retrieved from /home/airflow/.local/lib/python3.8/site-packages/airflow/example_dags/example_task_group_decorator.py
[2024-01-30T22:22:38.734+0000] {logging_mixin.py:188} INFO - [2024-01-30T22:22:38.733+0000] {dag.py:3036} INFO - Sync 1 DAGs
[2024-01-30T22:22:38.758+0000] {logging_mixin.py:188} INFO - [2024-01-30T22:22:38.758+0000] {dag.py:3823} INFO - Setting next_dagrun for example_task_group_decorator to 2024-01-29 00:00:00+00:00, run_after=2024-01-30 00:00:00+00:00
[2024-01-30T22:22:38.784+0000] {processor.py:183} INFO - Processing /home/airflow/.local/lib/python3.8/site-packages/airflow/example_dags/example_task_group_decorator.py took 0.096 seconds
