[2024-01-30T21:53:06.748+0000] {processor.py:161} INFO - Started process (PID=45) to work on /home/airflow/.local/lib/python3.8/site-packages/airflow/example_dags/example_task_group.py
[2024-01-30T21:53:06.749+0000] {processor.py:830} INFO - Processing file /home/airflow/.local/lib/python3.8/site-packages/airflow/example_dags/example_task_group.py for tasks to queue
[2024-01-30T21:53:06.752+0000] {logging_mixin.py:188} INFO - [2024-01-30T21:53:06.752+0000] {dagbag.py:538} INFO - Filling up the DagBag from /home/airflow/.local/lib/python3.8/site-packages/airflow/example_dags/example_task_group.py
[2024-01-30T21:53:06.790+0000] {processor.py:840} INFO - DAG(s) 'example_task_group' retrieved from /home/airflow/.local/lib/python3.8/site-packages/airflow/example_dags/example_task_group.py
[2024-01-30T21:53:07.011+0000] {logging_mixin.py:188} INFO - [2024-01-30T21:53:07.011+0000] {dag.py:3036} INFO - Sync 1 DAGs
[2024-01-30T21:53:07.045+0000] {logging_mixin.py:188} INFO - [2024-01-30T21:53:07.044+0000] {dag.py:3823} INFO - Setting next_dagrun for example_task_group to 2024-01-29 00:00:00+00:00, run_after=2024-01-30 00:00:00+00:00
[2024-01-30T21:53:07.097+0000] {processor.py:183} INFO - Processing /home/airflow/.local/lib/python3.8/site-packages/airflow/example_dags/example_task_group.py took 0.352 seconds
[2024-01-30T21:53:37.621+0000] {processor.py:161} INFO - Started process (PID=99) to work on /home/airflow/.local/lib/python3.8/site-packages/airflow/example_dags/example_task_group.py
[2024-01-30T21:53:37.623+0000] {processor.py:830} INFO - Processing file /home/airflow/.local/lib/python3.8/site-packages/airflow/example_dags/example_task_group.py for tasks to queue
[2024-01-30T21:53:37.626+0000] {logging_mixin.py:188} INFO - [2024-01-30T21:53:37.626+0000] {dagbag.py:538} INFO - Filling up the DagBag from /home/airflow/.local/lib/python3.8/site-packages/airflow/example_dags/example_task_group.py
[2024-01-30T21:53:37.641+0000] {processor.py:840} INFO - DAG(s) 'example_task_group' retrieved from /home/airflow/.local/lib/python3.8/site-packages/airflow/example_dags/example_task_group.py
[2024-01-30T21:53:37.675+0000] {logging_mixin.py:188} INFO - [2024-01-30T21:53:37.674+0000] {dag.py:3036} INFO - Sync 1 DAGs
[2024-01-30T21:53:37.705+0000] {logging_mixin.py:188} INFO - [2024-01-30T21:53:37.705+0000] {dag.py:3823} INFO - Setting next_dagrun for example_task_group to 2024-01-29 00:00:00+00:00, run_after=2024-01-30 00:00:00+00:00
[2024-01-30T21:53:37.826+0000] {processor.py:183} INFO - Processing /home/airflow/.local/lib/python3.8/site-packages/airflow/example_dags/example_task_group.py took 0.209 seconds
[2024-01-30T21:54:07.914+0000] {processor.py:161} INFO - Started process (PID=154) to work on /home/airflow/.local/lib/python3.8/site-packages/airflow/example_dags/example_task_group.py
[2024-01-30T21:54:07.916+0000] {processor.py:830} INFO - Processing file /home/airflow/.local/lib/python3.8/site-packages/airflow/example_dags/example_task_group.py for tasks to queue
[2024-01-30T21:54:07.918+0000] {logging_mixin.py:188} INFO - [2024-01-30T21:54:07.917+0000] {dagbag.py:538} INFO - Filling up the DagBag from /home/airflow/.local/lib/python3.8/site-packages/airflow/example_dags/example_task_group.py
[2024-01-30T21:54:07.924+0000] {processor.py:840} INFO - DAG(s) 'example_task_group' retrieved from /home/airflow/.local/lib/python3.8/site-packages/airflow/example_dags/example_task_group.py
[2024-01-30T21:54:07.948+0000] {logging_mixin.py:188} INFO - [2024-01-30T21:54:07.948+0000] {dag.py:3036} INFO - Sync 1 DAGs
[2024-01-30T21:54:07.975+0000] {logging_mixin.py:188} INFO - [2024-01-30T21:54:07.975+0000] {dag.py:3823} INFO - Setting next_dagrun for example_task_group to 2024-01-29 00:00:00+00:00, run_after=2024-01-30 00:00:00+00:00
[2024-01-30T21:54:08.004+0000] {processor.py:183} INFO - Processing /home/airflow/.local/lib/python3.8/site-packages/airflow/example_dags/example_task_group.py took 0.093 seconds
[2024-01-30T21:54:38.620+0000] {processor.py:161} INFO - Started process (PID=209) to work on /home/airflow/.local/lib/python3.8/site-packages/airflow/example_dags/example_task_group.py
[2024-01-30T21:54:38.621+0000] {processor.py:830} INFO - Processing file /home/airflow/.local/lib/python3.8/site-packages/airflow/example_dags/example_task_group.py for tasks to queue
[2024-01-30T21:54:38.623+0000] {logging_mixin.py:188} INFO - [2024-01-30T21:54:38.623+0000] {dagbag.py:538} INFO - Filling up the DagBag from /home/airflow/.local/lib/python3.8/site-packages/airflow/example_dags/example_task_group.py
[2024-01-30T21:54:38.631+0000] {processor.py:840} INFO - DAG(s) 'example_task_group' retrieved from /home/airflow/.local/lib/python3.8/site-packages/airflow/example_dags/example_task_group.py
[2024-01-30T21:54:38.655+0000] {logging_mixin.py:188} INFO - [2024-01-30T21:54:38.655+0000] {dag.py:3036} INFO - Sync 1 DAGs
[2024-01-30T21:54:38.681+0000] {logging_mixin.py:188} INFO - [2024-01-30T21:54:38.681+0000] {dag.py:3823} INFO - Setting next_dagrun for example_task_group to 2024-01-29 00:00:00+00:00, run_after=2024-01-30 00:00:00+00:00
[2024-01-30T21:54:38.706+0000] {processor.py:183} INFO - Processing /home/airflow/.local/lib/python3.8/site-packages/airflow/example_dags/example_task_group.py took 0.089 seconds
[2024-01-30T21:55:08.959+0000] {processor.py:161} INFO - Started process (PID=264) to work on /home/airflow/.local/lib/python3.8/site-packages/airflow/example_dags/example_task_group.py
[2024-01-30T21:55:08.960+0000] {processor.py:830} INFO - Processing file /home/airflow/.local/lib/python3.8/site-packages/airflow/example_dags/example_task_group.py for tasks to queue
[2024-01-30T21:55:08.962+0000] {logging_mixin.py:188} INFO - [2024-01-30T21:55:08.962+0000] {dagbag.py:538} INFO - Filling up the DagBag from /home/airflow/.local/lib/python3.8/site-packages/airflow/example_dags/example_task_group.py
[2024-01-30T21:55:08.969+0000] {processor.py:840} INFO - DAG(s) 'example_task_group' retrieved from /home/airflow/.local/lib/python3.8/site-packages/airflow/example_dags/example_task_group.py
[2024-01-30T21:55:08.994+0000] {logging_mixin.py:188} INFO - [2024-01-30T21:55:08.994+0000] {dag.py:3036} INFO - Sync 1 DAGs
[2024-01-30T21:55:09.021+0000] {logging_mixin.py:188} INFO - [2024-01-30T21:55:09.021+0000] {dag.py:3823} INFO - Setting next_dagrun for example_task_group to 2024-01-29 00:00:00+00:00, run_after=2024-01-30 00:00:00+00:00
[2024-01-30T21:55:09.051+0000] {processor.py:183} INFO - Processing /home/airflow/.local/lib/python3.8/site-packages/airflow/example_dags/example_task_group.py took 0.095 seconds
[2024-01-30T21:55:40.275+0000] {processor.py:161} INFO - Started process (PID=319) to work on /home/airflow/.local/lib/python3.8/site-packages/airflow/example_dags/example_task_group.py
[2024-01-30T21:55:40.277+0000] {processor.py:830} INFO - Processing file /home/airflow/.local/lib/python3.8/site-packages/airflow/example_dags/example_task_group.py for tasks to queue
[2024-01-30T21:55:40.279+0000] {logging_mixin.py:188} INFO - [2024-01-30T21:55:40.279+0000] {dagbag.py:538} INFO - Filling up the DagBag from /home/airflow/.local/lib/python3.8/site-packages/airflow/example_dags/example_task_group.py
[2024-01-30T21:55:40.288+0000] {processor.py:840} INFO - DAG(s) 'example_task_group' retrieved from /home/airflow/.local/lib/python3.8/site-packages/airflow/example_dags/example_task_group.py
[2024-01-30T21:55:40.317+0000] {logging_mixin.py:188} INFO - [2024-01-30T21:55:40.316+0000] {dag.py:3036} INFO - Sync 1 DAGs
[2024-01-30T21:55:40.345+0000] {logging_mixin.py:188} INFO - [2024-01-30T21:55:40.345+0000] {dag.py:3823} INFO - Setting next_dagrun for example_task_group to 2024-01-29 00:00:00+00:00, run_after=2024-01-30 00:00:00+00:00
[2024-01-30T21:55:40.377+0000] {processor.py:183} INFO - Processing /home/airflow/.local/lib/python3.8/site-packages/airflow/example_dags/example_task_group.py took 0.105 seconds
[2024-01-30T21:56:11.099+0000] {processor.py:161} INFO - Started process (PID=372) to work on /home/airflow/.local/lib/python3.8/site-packages/airflow/example_dags/example_task_group.py
[2024-01-30T21:56:11.101+0000] {processor.py:830} INFO - Processing file /home/airflow/.local/lib/python3.8/site-packages/airflow/example_dags/example_task_group.py for tasks to queue
[2024-01-30T21:56:11.103+0000] {logging_mixin.py:188} INFO - [2024-01-30T21:56:11.103+0000] {dagbag.py:538} INFO - Filling up the DagBag from /home/airflow/.local/lib/python3.8/site-packages/airflow/example_dags/example_task_group.py
[2024-01-30T21:56:11.112+0000] {processor.py:840} INFO - DAG(s) 'example_task_group' retrieved from /home/airflow/.local/lib/python3.8/site-packages/airflow/example_dags/example_task_group.py
[2024-01-30T21:56:11.142+0000] {logging_mixin.py:188} INFO - [2024-01-30T21:56:11.141+0000] {dag.py:3036} INFO - Sync 1 DAGs
[2024-01-30T21:56:11.168+0000] {logging_mixin.py:188} INFO - [2024-01-30T21:56:11.168+0000] {dag.py:3823} INFO - Setting next_dagrun for example_task_group to 2024-01-29 00:00:00+00:00, run_after=2024-01-30 00:00:00+00:00
[2024-01-30T21:56:11.197+0000] {processor.py:183} INFO - Processing /home/airflow/.local/lib/python3.8/site-packages/airflow/example_dags/example_task_group.py took 0.100 seconds
[2024-01-30T21:56:41.459+0000] {processor.py:161} INFO - Started process (PID=427) to work on /home/airflow/.local/lib/python3.8/site-packages/airflow/example_dags/example_task_group.py
[2024-01-30T21:56:41.461+0000] {processor.py:830} INFO - Processing file /home/airflow/.local/lib/python3.8/site-packages/airflow/example_dags/example_task_group.py for tasks to queue
[2024-01-30T21:56:41.463+0000] {logging_mixin.py:188} INFO - [2024-01-30T21:56:41.463+0000] {dagbag.py:538} INFO - Filling up the DagBag from /home/airflow/.local/lib/python3.8/site-packages/airflow/example_dags/example_task_group.py
[2024-01-30T21:56:41.470+0000] {processor.py:840} INFO - DAG(s) 'example_task_group' retrieved from /home/airflow/.local/lib/python3.8/site-packages/airflow/example_dags/example_task_group.py
[2024-01-30T21:56:41.495+0000] {logging_mixin.py:188} INFO - [2024-01-30T21:56:41.495+0000] {dag.py:3036} INFO - Sync 1 DAGs
[2024-01-30T21:56:41.521+0000] {logging_mixin.py:188} INFO - [2024-01-30T21:56:41.521+0000] {dag.py:3823} INFO - Setting next_dagrun for example_task_group to 2024-01-29 00:00:00+00:00, run_after=2024-01-30 00:00:00+00:00
[2024-01-30T21:56:41.550+0000] {processor.py:183} INFO - Processing /home/airflow/.local/lib/python3.8/site-packages/airflow/example_dags/example_task_group.py took 0.093 seconds
[2024-01-30T21:57:12.313+0000] {processor.py:161} INFO - Started process (PID=482) to work on /home/airflow/.local/lib/python3.8/site-packages/airflow/example_dags/example_task_group.py
[2024-01-30T21:57:12.314+0000] {processor.py:830} INFO - Processing file /home/airflow/.local/lib/python3.8/site-packages/airflow/example_dags/example_task_group.py for tasks to queue
[2024-01-30T21:57:12.316+0000] {logging_mixin.py:188} INFO - [2024-01-30T21:57:12.316+0000] {dagbag.py:538} INFO - Filling up the DagBag from /home/airflow/.local/lib/python3.8/site-packages/airflow/example_dags/example_task_group.py
[2024-01-30T21:57:12.323+0000] {processor.py:840} INFO - DAG(s) 'example_task_group' retrieved from /home/airflow/.local/lib/python3.8/site-packages/airflow/example_dags/example_task_group.py
[2024-01-30T21:57:12.350+0000] {logging_mixin.py:188} INFO - [2024-01-30T21:57:12.349+0000] {dag.py:3036} INFO - Sync 1 DAGs
[2024-01-30T21:57:12.377+0000] {logging_mixin.py:188} INFO - [2024-01-30T21:57:12.377+0000] {dag.py:3823} INFO - Setting next_dagrun for example_task_group to 2024-01-29 00:00:00+00:00, run_after=2024-01-30 00:00:00+00:00
[2024-01-30T21:57:12.408+0000] {processor.py:183} INFO - Processing /home/airflow/.local/lib/python3.8/site-packages/airflow/example_dags/example_task_group.py took 0.098 seconds
[2024-01-30T21:57:42.699+0000] {processor.py:161} INFO - Started process (PID=537) to work on /home/airflow/.local/lib/python3.8/site-packages/airflow/example_dags/example_task_group.py
[2024-01-30T21:57:42.700+0000] {processor.py:830} INFO - Processing file /home/airflow/.local/lib/python3.8/site-packages/airflow/example_dags/example_task_group.py for tasks to queue
[2024-01-30T21:57:42.702+0000] {logging_mixin.py:188} INFO - [2024-01-30T21:57:42.701+0000] {dagbag.py:538} INFO - Filling up the DagBag from /home/airflow/.local/lib/python3.8/site-packages/airflow/example_dags/example_task_group.py
[2024-01-30T21:57:42.708+0000] {processor.py:840} INFO - DAG(s) 'example_task_group' retrieved from /home/airflow/.local/lib/python3.8/site-packages/airflow/example_dags/example_task_group.py
[2024-01-30T21:57:42.731+0000] {logging_mixin.py:188} INFO - [2024-01-30T21:57:42.730+0000] {dag.py:3036} INFO - Sync 1 DAGs
[2024-01-30T21:57:42.755+0000] {logging_mixin.py:188} INFO - [2024-01-30T21:57:42.754+0000] {dag.py:3823} INFO - Setting next_dagrun for example_task_group to 2024-01-29 00:00:00+00:00, run_after=2024-01-30 00:00:00+00:00
[2024-01-30T21:57:42.778+0000] {processor.py:183} INFO - Processing /home/airflow/.local/lib/python3.8/site-packages/airflow/example_dags/example_task_group.py took 0.081 seconds
[2024-01-30T21:58:13.567+0000] {processor.py:161} INFO - Started process (PID=593) to work on /home/airflow/.local/lib/python3.8/site-packages/airflow/example_dags/example_task_group.py
[2024-01-30T21:58:13.569+0000] {processor.py:830} INFO - Processing file /home/airflow/.local/lib/python3.8/site-packages/airflow/example_dags/example_task_group.py for tasks to queue
[2024-01-30T21:58:13.571+0000] {logging_mixin.py:188} INFO - [2024-01-30T21:58:13.571+0000] {dagbag.py:538} INFO - Filling up the DagBag from /home/airflow/.local/lib/python3.8/site-packages/airflow/example_dags/example_task_group.py
[2024-01-30T21:58:13.581+0000] {processor.py:840} INFO - DAG(s) 'example_task_group' retrieved from /home/airflow/.local/lib/python3.8/site-packages/airflow/example_dags/example_task_group.py
[2024-01-30T21:58:13.611+0000] {logging_mixin.py:188} INFO - [2024-01-30T21:58:13.610+0000] {dag.py:3036} INFO - Sync 1 DAGs
[2024-01-30T21:58:13.642+0000] {logging_mixin.py:188} INFO - [2024-01-30T21:58:13.642+0000] {dag.py:3823} INFO - Setting next_dagrun for example_task_group to 2024-01-29 00:00:00+00:00, run_after=2024-01-30 00:00:00+00:00
[2024-01-30T21:58:13.675+0000] {processor.py:183} INFO - Processing /home/airflow/.local/lib/python3.8/site-packages/airflow/example_dags/example_task_group.py took 0.112 seconds
[2024-01-30T21:58:44.546+0000] {processor.py:161} INFO - Started process (PID=656) to work on /home/airflow/.local/lib/python3.8/site-packages/airflow/example_dags/example_task_group.py
[2024-01-30T21:58:44.548+0000] {processor.py:830} INFO - Processing file /home/airflow/.local/lib/python3.8/site-packages/airflow/example_dags/example_task_group.py for tasks to queue
[2024-01-30T21:58:44.550+0000] {logging_mixin.py:188} INFO - [2024-01-30T21:58:44.549+0000] {dagbag.py:538} INFO - Filling up the DagBag from /home/airflow/.local/lib/python3.8/site-packages/airflow/example_dags/example_task_group.py
[2024-01-30T21:58:44.560+0000] {processor.py:840} INFO - DAG(s) 'example_task_group' retrieved from /home/airflow/.local/lib/python3.8/site-packages/airflow/example_dags/example_task_group.py
[2024-01-30T21:58:44.590+0000] {logging_mixin.py:188} INFO - [2024-01-30T21:58:44.589+0000] {dag.py:3036} INFO - Sync 1 DAGs
[2024-01-30T21:58:44.615+0000] {logging_mixin.py:188} INFO - [2024-01-30T21:58:44.615+0000] {dag.py:3823} INFO - Setting next_dagrun for example_task_group to 2024-01-29 00:00:00+00:00, run_after=2024-01-30 00:00:00+00:00
[2024-01-30T21:58:44.645+0000] {processor.py:183} INFO - Processing /home/airflow/.local/lib/python3.8/site-packages/airflow/example_dags/example_task_group.py took 0.102 seconds
[2024-01-30T21:59:15.250+0000] {processor.py:161} INFO - Started process (PID=712) to work on /home/airflow/.local/lib/python3.8/site-packages/airflow/example_dags/example_task_group.py
[2024-01-30T21:59:15.252+0000] {processor.py:830} INFO - Processing file /home/airflow/.local/lib/python3.8/site-packages/airflow/example_dags/example_task_group.py for tasks to queue
[2024-01-30T21:59:15.253+0000] {logging_mixin.py:188} INFO - [2024-01-30T21:59:15.253+0000] {dagbag.py:538} INFO - Filling up the DagBag from /home/airflow/.local/lib/python3.8/site-packages/airflow/example_dags/example_task_group.py
[2024-01-30T21:59:15.260+0000] {processor.py:840} INFO - DAG(s) 'example_task_group' retrieved from /home/airflow/.local/lib/python3.8/site-packages/airflow/example_dags/example_task_group.py
[2024-01-30T21:59:15.287+0000] {logging_mixin.py:188} INFO - [2024-01-30T21:59:15.287+0000] {dag.py:3036} INFO - Sync 1 DAGs
[2024-01-30T21:59:15.315+0000] {logging_mixin.py:188} INFO - [2024-01-30T21:59:15.315+0000] {dag.py:3823} INFO - Setting next_dagrun for example_task_group to 2024-01-29 00:00:00+00:00, run_after=2024-01-30 00:00:00+00:00
[2024-01-30T21:59:15.353+0000] {processor.py:183} INFO - Processing /home/airflow/.local/lib/python3.8/site-packages/airflow/example_dags/example_task_group.py took 0.106 seconds
[2024-01-30T21:59:45.574+0000] {processor.py:161} INFO - Started process (PID=771) to work on /home/airflow/.local/lib/python3.8/site-packages/airflow/example_dags/example_task_group.py
[2024-01-30T21:59:45.575+0000] {processor.py:830} INFO - Processing file /home/airflow/.local/lib/python3.8/site-packages/airflow/example_dags/example_task_group.py for tasks to queue
[2024-01-30T21:59:45.576+0000] {logging_mixin.py:188} INFO - [2024-01-30T21:59:45.576+0000] {dagbag.py:538} INFO - Filling up the DagBag from /home/airflow/.local/lib/python3.8/site-packages/airflow/example_dags/example_task_group.py
[2024-01-30T21:59:45.583+0000] {processor.py:840} INFO - DAG(s) 'example_task_group' retrieved from /home/airflow/.local/lib/python3.8/site-packages/airflow/example_dags/example_task_group.py
[2024-01-30T21:59:45.604+0000] {logging_mixin.py:188} INFO - [2024-01-30T21:59:45.603+0000] {dag.py:3036} INFO - Sync 1 DAGs
[2024-01-30T21:59:45.625+0000] {logging_mixin.py:188} INFO - [2024-01-30T21:59:45.625+0000] {dag.py:3823} INFO - Setting next_dagrun for example_task_group to 2024-01-29 00:00:00+00:00, run_after=2024-01-30 00:00:00+00:00
[2024-01-30T21:59:45.650+0000] {processor.py:183} INFO - Processing /home/airflow/.local/lib/python3.8/site-packages/airflow/example_dags/example_task_group.py took 0.079 seconds
[2024-01-30T22:00:16.147+0000] {processor.py:161} INFO - Started process (PID=835) to work on /home/airflow/.local/lib/python3.8/site-packages/airflow/example_dags/example_task_group.py
[2024-01-30T22:00:16.148+0000] {processor.py:830} INFO - Processing file /home/airflow/.local/lib/python3.8/site-packages/airflow/example_dags/example_task_group.py for tasks to queue
[2024-01-30T22:00:16.150+0000] {logging_mixin.py:188} INFO - [2024-01-30T22:00:16.149+0000] {dagbag.py:538} INFO - Filling up the DagBag from /home/airflow/.local/lib/python3.8/site-packages/airflow/example_dags/example_task_group.py
[2024-01-30T22:00:16.156+0000] {processor.py:840} INFO - DAG(s) 'example_task_group' retrieved from /home/airflow/.local/lib/python3.8/site-packages/airflow/example_dags/example_task_group.py
[2024-01-30T22:00:16.179+0000] {logging_mixin.py:188} INFO - [2024-01-30T22:00:16.179+0000] {dag.py:3036} INFO - Sync 1 DAGs
[2024-01-30T22:00:16.202+0000] {logging_mixin.py:188} INFO - [2024-01-30T22:00:16.202+0000] {dag.py:3823} INFO - Setting next_dagrun for example_task_group to 2024-01-29 00:00:00+00:00, run_after=2024-01-30 00:00:00+00:00
[2024-01-30T22:00:16.228+0000] {processor.py:183} INFO - Processing /home/airflow/.local/lib/python3.8/site-packages/airflow/example_dags/example_task_group.py took 0.084 seconds
[2024-01-30T22:00:47.062+0000] {processor.py:161} INFO - Started process (PID=892) to work on /home/airflow/.local/lib/python3.8/site-packages/airflow/example_dags/example_task_group.py
[2024-01-30T22:00:47.066+0000] {processor.py:830} INFO - Processing file /home/airflow/.local/lib/python3.8/site-packages/airflow/example_dags/example_task_group.py for tasks to queue
[2024-01-30T22:00:47.068+0000] {logging_mixin.py:188} INFO - [2024-01-30T22:00:47.067+0000] {dagbag.py:538} INFO - Filling up the DagBag from /home/airflow/.local/lib/python3.8/site-packages/airflow/example_dags/example_task_group.py
[2024-01-30T22:00:47.079+0000] {processor.py:840} INFO - DAG(s) 'example_task_group' retrieved from /home/airflow/.local/lib/python3.8/site-packages/airflow/example_dags/example_task_group.py
[2024-01-30T22:00:47.112+0000] {logging_mixin.py:188} INFO - [2024-01-30T22:00:47.112+0000] {dag.py:3036} INFO - Sync 1 DAGs
[2024-01-30T22:00:47.142+0000] {logging_mixin.py:188} INFO - [2024-01-30T22:00:47.141+0000] {dag.py:3823} INFO - Setting next_dagrun for example_task_group to 2024-01-29 00:00:00+00:00, run_after=2024-01-30 00:00:00+00:00
[2024-01-30T22:00:47.172+0000] {processor.py:183} INFO - Processing /home/airflow/.local/lib/python3.8/site-packages/airflow/example_dags/example_task_group.py took 0.116 seconds
[2024-01-30T22:01:17.396+0000] {processor.py:161} INFO - Started process (PID=949) to work on /home/airflow/.local/lib/python3.8/site-packages/airflow/example_dags/example_task_group.py
[2024-01-30T22:01:17.397+0000] {processor.py:830} INFO - Processing file /home/airflow/.local/lib/python3.8/site-packages/airflow/example_dags/example_task_group.py for tasks to queue
[2024-01-30T22:01:17.399+0000] {logging_mixin.py:188} INFO - [2024-01-30T22:01:17.398+0000] {dagbag.py:538} INFO - Filling up the DagBag from /home/airflow/.local/lib/python3.8/site-packages/airflow/example_dags/example_task_group.py
[2024-01-30T22:01:17.406+0000] {processor.py:840} INFO - DAG(s) 'example_task_group' retrieved from /home/airflow/.local/lib/python3.8/site-packages/airflow/example_dags/example_task_group.py
[2024-01-30T22:01:17.430+0000] {logging_mixin.py:188} INFO - [2024-01-30T22:01:17.430+0000] {dag.py:3036} INFO - Sync 1 DAGs
[2024-01-30T22:01:17.459+0000] {logging_mixin.py:188} INFO - [2024-01-30T22:01:17.459+0000] {dag.py:3823} INFO - Setting next_dagrun for example_task_group to 2024-01-29 00:00:00+00:00, run_after=2024-01-30 00:00:00+00:00
[2024-01-30T22:01:17.489+0000] {processor.py:183} INFO - Processing /home/airflow/.local/lib/python3.8/site-packages/airflow/example_dags/example_task_group.py took 0.096 seconds
[2024-01-30T22:01:47.580+0000] {processor.py:161} INFO - Started process (PID=1006) to work on /home/airflow/.local/lib/python3.8/site-packages/airflow/example_dags/example_task_group.py
[2024-01-30T22:01:47.582+0000] {processor.py:830} INFO - Processing file /home/airflow/.local/lib/python3.8/site-packages/airflow/example_dags/example_task_group.py for tasks to queue
[2024-01-30T22:01:47.583+0000] {logging_mixin.py:188} INFO - [2024-01-30T22:01:47.583+0000] {dagbag.py:538} INFO - Filling up the DagBag from /home/airflow/.local/lib/python3.8/site-packages/airflow/example_dags/example_task_group.py
[2024-01-30T22:01:47.590+0000] {processor.py:840} INFO - DAG(s) 'example_task_group' retrieved from /home/airflow/.local/lib/python3.8/site-packages/airflow/example_dags/example_task_group.py
[2024-01-30T22:01:47.614+0000] {logging_mixin.py:188} INFO - [2024-01-30T22:01:47.614+0000] {dag.py:3036} INFO - Sync 1 DAGs
[2024-01-30T22:01:47.638+0000] {logging_mixin.py:188} INFO - [2024-01-30T22:01:47.638+0000] {dag.py:3823} INFO - Setting next_dagrun for example_task_group to 2024-01-29 00:00:00+00:00, run_after=2024-01-30 00:00:00+00:00
[2024-01-30T22:01:47.664+0000] {processor.py:183} INFO - Processing /home/airflow/.local/lib/python3.8/site-packages/airflow/example_dags/example_task_group.py took 0.086 seconds
[2024-01-30T22:02:18.068+0000] {processor.py:161} INFO - Started process (PID=1063) to work on /home/airflow/.local/lib/python3.8/site-packages/airflow/example_dags/example_task_group.py
[2024-01-30T22:02:18.069+0000] {processor.py:830} INFO - Processing file /home/airflow/.local/lib/python3.8/site-packages/airflow/example_dags/example_task_group.py for tasks to queue
[2024-01-30T22:02:18.070+0000] {logging_mixin.py:188} INFO - [2024-01-30T22:02:18.070+0000] {dagbag.py:538} INFO - Filling up the DagBag from /home/airflow/.local/lib/python3.8/site-packages/airflow/example_dags/example_task_group.py
[2024-01-30T22:02:18.077+0000] {processor.py:840} INFO - DAG(s) 'example_task_group' retrieved from /home/airflow/.local/lib/python3.8/site-packages/airflow/example_dags/example_task_group.py
[2024-01-30T22:02:18.099+0000] {logging_mixin.py:188} INFO - [2024-01-30T22:02:18.099+0000] {dag.py:3036} INFO - Sync 1 DAGs
[2024-01-30T22:02:18.124+0000] {logging_mixin.py:188} INFO - [2024-01-30T22:02:18.124+0000] {dag.py:3823} INFO - Setting next_dagrun for example_task_group to 2024-01-29 00:00:00+00:00, run_after=2024-01-30 00:00:00+00:00
[2024-01-30T22:02:18.159+0000] {processor.py:183} INFO - Processing /home/airflow/.local/lib/python3.8/site-packages/airflow/example_dags/example_task_group.py took 0.095 seconds
[2024-01-30T22:02:50.909+0000] {processor.py:161} INFO - Started process (PID=1115) to work on /home/airflow/.local/lib/python3.8/site-packages/airflow/example_dags/example_task_group.py
[2024-01-30T22:02:50.911+0000] {processor.py:830} INFO - Processing file /home/airflow/.local/lib/python3.8/site-packages/airflow/example_dags/example_task_group.py for tasks to queue
[2024-01-30T22:02:50.913+0000] {logging_mixin.py:188} INFO - [2024-01-30T22:02:50.912+0000] {dagbag.py:538} INFO - Filling up the DagBag from /home/airflow/.local/lib/python3.8/site-packages/airflow/example_dags/example_task_group.py
[2024-01-30T22:02:50.923+0000] {processor.py:840} INFO - DAG(s) 'example_task_group' retrieved from /home/airflow/.local/lib/python3.8/site-packages/airflow/example_dags/example_task_group.py
[2024-01-30T22:02:50.952+0000] {logging_mixin.py:188} INFO - [2024-01-30T22:02:50.952+0000] {dag.py:3036} INFO - Sync 1 DAGs
[2024-01-30T22:02:50.982+0000] {logging_mixin.py:188} INFO - [2024-01-30T22:02:50.982+0000] {dag.py:3823} INFO - Setting next_dagrun for example_task_group to 2024-01-29 00:00:00+00:00, run_after=2024-01-30 00:00:00+00:00
[2024-01-30T22:02:51.016+0000] {processor.py:183} INFO - Processing /home/airflow/.local/lib/python3.8/site-packages/airflow/example_dags/example_task_group.py took 0.110 seconds
[2024-01-30T22:03:22.050+0000] {processor.py:161} INFO - Started process (PID=1167) to work on /home/airflow/.local/lib/python3.8/site-packages/airflow/example_dags/example_task_group.py
[2024-01-30T22:03:22.052+0000] {processor.py:830} INFO - Processing file /home/airflow/.local/lib/python3.8/site-packages/airflow/example_dags/example_task_group.py for tasks to queue
[2024-01-30T22:03:22.053+0000] {logging_mixin.py:188} INFO - [2024-01-30T22:03:22.053+0000] {dagbag.py:538} INFO - Filling up the DagBag from /home/airflow/.local/lib/python3.8/site-packages/airflow/example_dags/example_task_group.py
[2024-01-30T22:03:22.065+0000] {processor.py:840} INFO - DAG(s) 'example_task_group' retrieved from /home/airflow/.local/lib/python3.8/site-packages/airflow/example_dags/example_task_group.py
[2024-01-30T22:03:22.100+0000] {logging_mixin.py:188} INFO - [2024-01-30T22:03:22.100+0000] {dag.py:3036} INFO - Sync 1 DAGs
[2024-01-30T22:03:22.132+0000] {logging_mixin.py:188} INFO - [2024-01-30T22:03:22.131+0000] {dag.py:3823} INFO - Setting next_dagrun for example_task_group to 2024-01-29 00:00:00+00:00, run_after=2024-01-30 00:00:00+00:00
[2024-01-30T22:03:22.171+0000] {processor.py:183} INFO - Processing /home/airflow/.local/lib/python3.8/site-packages/airflow/example_dags/example_task_group.py took 0.124 seconds
[2024-01-30T22:03:52.338+0000] {processor.py:161} INFO - Started process (PID=1228) to work on /home/airflow/.local/lib/python3.8/site-packages/airflow/example_dags/example_task_group.py
[2024-01-30T22:03:52.339+0000] {processor.py:830} INFO - Processing file /home/airflow/.local/lib/python3.8/site-packages/airflow/example_dags/example_task_group.py for tasks to queue
[2024-01-30T22:03:52.341+0000] {logging_mixin.py:188} INFO - [2024-01-30T22:03:52.340+0000] {dagbag.py:538} INFO - Filling up the DagBag from /home/airflow/.local/lib/python3.8/site-packages/airflow/example_dags/example_task_group.py
[2024-01-30T22:03:52.347+0000] {processor.py:840} INFO - DAG(s) 'example_task_group' retrieved from /home/airflow/.local/lib/python3.8/site-packages/airflow/example_dags/example_task_group.py
[2024-01-30T22:03:52.371+0000] {logging_mixin.py:188} INFO - [2024-01-30T22:03:52.370+0000] {dag.py:3036} INFO - Sync 1 DAGs
[2024-01-30T22:03:52.396+0000] {logging_mixin.py:188} INFO - [2024-01-30T22:03:52.396+0000] {dag.py:3823} INFO - Setting next_dagrun for example_task_group to 2024-01-29 00:00:00+00:00, run_after=2024-01-30 00:00:00+00:00
[2024-01-30T22:03:52.429+0000] {processor.py:183} INFO - Processing /home/airflow/.local/lib/python3.8/site-packages/airflow/example_dags/example_task_group.py took 0.094 seconds
[2024-01-30T22:04:22.529+0000] {processor.py:161} INFO - Started process (PID=1285) to work on /home/airflow/.local/lib/python3.8/site-packages/airflow/example_dags/example_task_group.py
[2024-01-30T22:04:22.530+0000] {processor.py:830} INFO - Processing file /home/airflow/.local/lib/python3.8/site-packages/airflow/example_dags/example_task_group.py for tasks to queue
[2024-01-30T22:04:22.531+0000] {logging_mixin.py:188} INFO - [2024-01-30T22:04:22.531+0000] {dagbag.py:538} INFO - Filling up the DagBag from /home/airflow/.local/lib/python3.8/site-packages/airflow/example_dags/example_task_group.py
[2024-01-30T22:04:22.540+0000] {processor.py:840} INFO - DAG(s) 'example_task_group' retrieved from /home/airflow/.local/lib/python3.8/site-packages/airflow/example_dags/example_task_group.py
[2024-01-30T22:04:22.563+0000] {logging_mixin.py:188} INFO - [2024-01-30T22:04:22.563+0000] {dag.py:3036} INFO - Sync 1 DAGs
[2024-01-30T22:04:22.587+0000] {logging_mixin.py:188} INFO - [2024-01-30T22:04:22.587+0000] {dag.py:3823} INFO - Setting next_dagrun for example_task_group to 2024-01-29 00:00:00+00:00, run_after=2024-01-30 00:00:00+00:00
[2024-01-30T22:04:22.613+0000] {processor.py:183} INFO - Processing /home/airflow/.local/lib/python3.8/site-packages/airflow/example_dags/example_task_group.py took 0.087 seconds
[2024-01-30T22:04:52.665+0000] {processor.py:161} INFO - Started process (PID=1342) to work on /home/airflow/.local/lib/python3.8/site-packages/airflow/example_dags/example_task_group.py
[2024-01-30T22:04:52.666+0000] {processor.py:830} INFO - Processing file /home/airflow/.local/lib/python3.8/site-packages/airflow/example_dags/example_task_group.py for tasks to queue
[2024-01-30T22:04:52.667+0000] {logging_mixin.py:188} INFO - [2024-01-30T22:04:52.667+0000] {dagbag.py:538} INFO - Filling up the DagBag from /home/airflow/.local/lib/python3.8/site-packages/airflow/example_dags/example_task_group.py
[2024-01-30T22:04:52.676+0000] {processor.py:840} INFO - DAG(s) 'example_task_group' retrieved from /home/airflow/.local/lib/python3.8/site-packages/airflow/example_dags/example_task_group.py
[2024-01-30T22:04:52.697+0000] {logging_mixin.py:188} INFO - [2024-01-30T22:04:52.696+0000] {dag.py:3036} INFO - Sync 1 DAGs
[2024-01-30T22:04:52.719+0000] {logging_mixin.py:188} INFO - [2024-01-30T22:04:52.719+0000] {dag.py:3823} INFO - Setting next_dagrun for example_task_group to 2024-01-29 00:00:00+00:00, run_after=2024-01-30 00:00:00+00:00
[2024-01-30T22:04:52.744+0000] {processor.py:183} INFO - Processing /home/airflow/.local/lib/python3.8/site-packages/airflow/example_dags/example_task_group.py took 0.082 seconds
[2024-01-30T22:05:23.397+0000] {processor.py:161} INFO - Started process (PID=1399) to work on /home/airflow/.local/lib/python3.8/site-packages/airflow/example_dags/example_task_group.py
[2024-01-30T22:05:23.399+0000] {processor.py:830} INFO - Processing file /home/airflow/.local/lib/python3.8/site-packages/airflow/example_dags/example_task_group.py for tasks to queue
[2024-01-30T22:05:23.401+0000] {logging_mixin.py:188} INFO - [2024-01-30T22:05:23.400+0000] {dagbag.py:538} INFO - Filling up the DagBag from /home/airflow/.local/lib/python3.8/site-packages/airflow/example_dags/example_task_group.py
[2024-01-30T22:05:23.410+0000] {processor.py:840} INFO - DAG(s) 'example_task_group' retrieved from /home/airflow/.local/lib/python3.8/site-packages/airflow/example_dags/example_task_group.py
[2024-01-30T22:05:23.438+0000] {logging_mixin.py:188} INFO - [2024-01-30T22:05:23.437+0000] {dag.py:3036} INFO - Sync 1 DAGs
[2024-01-30T22:05:23.467+0000] {logging_mixin.py:188} INFO - [2024-01-30T22:05:23.467+0000] {dag.py:3823} INFO - Setting next_dagrun for example_task_group to 2024-01-29 00:00:00+00:00, run_after=2024-01-30 00:00:00+00:00
[2024-01-30T22:05:23.498+0000] {processor.py:183} INFO - Processing /home/airflow/.local/lib/python3.8/site-packages/airflow/example_dags/example_task_group.py took 0.104 seconds
[2024-01-30T22:06:02.060+0000] {processor.py:161} INFO - Started process (PID=1455) to work on /home/airflow/.local/lib/python3.8/site-packages/airflow/example_dags/example_task_group.py
[2024-01-30T22:06:02.062+0000] {processor.py:830} INFO - Processing file /home/airflow/.local/lib/python3.8/site-packages/airflow/example_dags/example_task_group.py for tasks to queue
[2024-01-30T22:06:02.064+0000] {logging_mixin.py:188} INFO - [2024-01-30T22:06:02.063+0000] {dagbag.py:538} INFO - Filling up the DagBag from /home/airflow/.local/lib/python3.8/site-packages/airflow/example_dags/example_task_group.py
[2024-01-30T22:06:02.083+0000] {processor.py:840} INFO - DAG(s) 'example_task_group' retrieved from /home/airflow/.local/lib/python3.8/site-packages/airflow/example_dags/example_task_group.py
[2024-01-30T22:06:02.130+0000] {logging_mixin.py:188} INFO - [2024-01-30T22:06:02.129+0000] {dag.py:3036} INFO - Sync 1 DAGs
[2024-01-30T22:06:02.165+0000] {logging_mixin.py:188} INFO - [2024-01-30T22:06:02.165+0000] {dag.py:3823} INFO - Setting next_dagrun for example_task_group to 2024-01-29 00:00:00+00:00, run_after=2024-01-30 00:00:00+00:00
[2024-01-30T22:06:02.209+0000] {processor.py:183} INFO - Processing /home/airflow/.local/lib/python3.8/site-packages/airflow/example_dags/example_task_group.py took 0.160 seconds
[2024-01-30T22:06:33.105+0000] {processor.py:161} INFO - Started process (PID=1512) to work on /home/airflow/.local/lib/python3.8/site-packages/airflow/example_dags/example_task_group.py
[2024-01-30T22:06:33.107+0000] {processor.py:830} INFO - Processing file /home/airflow/.local/lib/python3.8/site-packages/airflow/example_dags/example_task_group.py for tasks to queue
[2024-01-30T22:06:33.109+0000] {logging_mixin.py:188} INFO - [2024-01-30T22:06:33.109+0000] {dagbag.py:538} INFO - Filling up the DagBag from /home/airflow/.local/lib/python3.8/site-packages/airflow/example_dags/example_task_group.py
[2024-01-30T22:06:33.118+0000] {processor.py:840} INFO - DAG(s) 'example_task_group' retrieved from /home/airflow/.local/lib/python3.8/site-packages/airflow/example_dags/example_task_group.py
[2024-01-30T22:06:33.155+0000] {logging_mixin.py:188} INFO - [2024-01-30T22:06:33.155+0000] {dag.py:3036} INFO - Sync 1 DAGs
[2024-01-30T22:06:33.228+0000] {logging_mixin.py:188} INFO - [2024-01-30T22:06:33.228+0000] {dag.py:3823} INFO - Setting next_dagrun for example_task_group to 2024-01-29 00:00:00+00:00, run_after=2024-01-30 00:00:00+00:00
[2024-01-30T22:06:33.288+0000] {processor.py:183} INFO - Processing /home/airflow/.local/lib/python3.8/site-packages/airflow/example_dags/example_task_group.py took 0.187 seconds
[2024-01-30T22:07:03.452+0000] {processor.py:161} INFO - Started process (PID=1568) to work on /home/airflow/.local/lib/python3.8/site-packages/airflow/example_dags/example_task_group.py
[2024-01-30T22:07:03.455+0000] {processor.py:830} INFO - Processing file /home/airflow/.local/lib/python3.8/site-packages/airflow/example_dags/example_task_group.py for tasks to queue
[2024-01-30T22:07:03.457+0000] {logging_mixin.py:188} INFO - [2024-01-30T22:07:03.456+0000] {dagbag.py:538} INFO - Filling up the DagBag from /home/airflow/.local/lib/python3.8/site-packages/airflow/example_dags/example_task_group.py
[2024-01-30T22:07:03.467+0000] {processor.py:840} INFO - DAG(s) 'example_task_group' retrieved from /home/airflow/.local/lib/python3.8/site-packages/airflow/example_dags/example_task_group.py
[2024-01-30T22:07:03.496+0000] {logging_mixin.py:188} INFO - [2024-01-30T22:07:03.496+0000] {dag.py:3036} INFO - Sync 1 DAGs
[2024-01-30T22:07:03.526+0000] {logging_mixin.py:188} INFO - [2024-01-30T22:07:03.526+0000] {dag.py:3823} INFO - Setting next_dagrun for example_task_group to 2024-01-29 00:00:00+00:00, run_after=2024-01-30 00:00:00+00:00
[2024-01-30T22:07:03.557+0000] {processor.py:183} INFO - Processing /home/airflow/.local/lib/python3.8/site-packages/airflow/example_dags/example_task_group.py took 0.109 seconds
[2024-01-30T22:07:33.597+0000] {processor.py:161} INFO - Started process (PID=1625) to work on /home/airflow/.local/lib/python3.8/site-packages/airflow/example_dags/example_task_group.py
[2024-01-30T22:07:33.599+0000] {processor.py:830} INFO - Processing file /home/airflow/.local/lib/python3.8/site-packages/airflow/example_dags/example_task_group.py for tasks to queue
[2024-01-30T22:07:33.600+0000] {logging_mixin.py:188} INFO - [2024-01-30T22:07:33.600+0000] {dagbag.py:538} INFO - Filling up the DagBag from /home/airflow/.local/lib/python3.8/site-packages/airflow/example_dags/example_task_group.py
[2024-01-30T22:07:33.610+0000] {processor.py:840} INFO - DAG(s) 'example_task_group' retrieved from /home/airflow/.local/lib/python3.8/site-packages/airflow/example_dags/example_task_group.py
[2024-01-30T22:07:33.635+0000] {logging_mixin.py:188} INFO - [2024-01-30T22:07:33.635+0000] {dag.py:3036} INFO - Sync 1 DAGs
[2024-01-30T22:07:33.660+0000] {logging_mixin.py:188} INFO - [2024-01-30T22:07:33.660+0000] {dag.py:3823} INFO - Setting next_dagrun for example_task_group to 2024-01-29 00:00:00+00:00, run_after=2024-01-30 00:00:00+00:00
[2024-01-30T22:07:33.732+0000] {processor.py:183} INFO - Processing /home/airflow/.local/lib/python3.8/site-packages/airflow/example_dags/example_task_group.py took 0.138 seconds
[2024-01-30T22:08:04.268+0000] {processor.py:161} INFO - Started process (PID=1682) to work on /home/airflow/.local/lib/python3.8/site-packages/airflow/example_dags/example_task_group.py
[2024-01-30T22:08:04.270+0000] {processor.py:830} INFO - Processing file /home/airflow/.local/lib/python3.8/site-packages/airflow/example_dags/example_task_group.py for tasks to queue
[2024-01-30T22:08:04.272+0000] {logging_mixin.py:188} INFO - [2024-01-30T22:08:04.271+0000] {dagbag.py:538} INFO - Filling up the DagBag from /home/airflow/.local/lib/python3.8/site-packages/airflow/example_dags/example_task_group.py
[2024-01-30T22:08:04.286+0000] {processor.py:840} INFO - DAG(s) 'example_task_group' retrieved from /home/airflow/.local/lib/python3.8/site-packages/airflow/example_dags/example_task_group.py
[2024-01-30T22:08:04.322+0000] {logging_mixin.py:188} INFO - [2024-01-30T22:08:04.322+0000] {dag.py:3036} INFO - Sync 1 DAGs
[2024-01-30T22:08:04.370+0000] {logging_mixin.py:188} INFO - [2024-01-30T22:08:04.370+0000] {dag.py:3823} INFO - Setting next_dagrun for example_task_group to 2024-01-29 00:00:00+00:00, run_after=2024-01-30 00:00:00+00:00
[2024-01-30T22:08:04.457+0000] {processor.py:183} INFO - Processing /home/airflow/.local/lib/python3.8/site-packages/airflow/example_dags/example_task_group.py took 0.193 seconds
[2024-01-30T22:08:34.627+0000] {processor.py:161} INFO - Started process (PID=1739) to work on /home/airflow/.local/lib/python3.8/site-packages/airflow/example_dags/example_task_group.py
[2024-01-30T22:08:34.629+0000] {processor.py:830} INFO - Processing file /home/airflow/.local/lib/python3.8/site-packages/airflow/example_dags/example_task_group.py for tasks to queue
[2024-01-30T22:08:34.631+0000] {logging_mixin.py:188} INFO - [2024-01-30T22:08:34.630+0000] {dagbag.py:538} INFO - Filling up the DagBag from /home/airflow/.local/lib/python3.8/site-packages/airflow/example_dags/example_task_group.py
[2024-01-30T22:08:34.641+0000] {processor.py:840} INFO - DAG(s) 'example_task_group' retrieved from /home/airflow/.local/lib/python3.8/site-packages/airflow/example_dags/example_task_group.py
[2024-01-30T22:08:34.671+0000] {logging_mixin.py:188} INFO - [2024-01-30T22:08:34.671+0000] {dag.py:3036} INFO - Sync 1 DAGs
[2024-01-30T22:08:34.698+0000] {logging_mixin.py:188} INFO - [2024-01-30T22:08:34.698+0000] {dag.py:3823} INFO - Setting next_dagrun for example_task_group to 2024-01-29 00:00:00+00:00, run_after=2024-01-30 00:00:00+00:00
[2024-01-30T22:08:34.723+0000] {processor.py:183} INFO - Processing /home/airflow/.local/lib/python3.8/site-packages/airflow/example_dags/example_task_group.py took 0.100 seconds
[2024-01-30T22:09:04.813+0000] {processor.py:161} INFO - Started process (PID=1796) to work on /home/airflow/.local/lib/python3.8/site-packages/airflow/example_dags/example_task_group.py
[2024-01-30T22:09:04.814+0000] {processor.py:830} INFO - Processing file /home/airflow/.local/lib/python3.8/site-packages/airflow/example_dags/example_task_group.py for tasks to queue
[2024-01-30T22:09:04.815+0000] {logging_mixin.py:188} INFO - [2024-01-30T22:09:04.815+0000] {dagbag.py:538} INFO - Filling up the DagBag from /home/airflow/.local/lib/python3.8/site-packages/airflow/example_dags/example_task_group.py
[2024-01-30T22:09:04.823+0000] {processor.py:840} INFO - DAG(s) 'example_task_group' retrieved from /home/airflow/.local/lib/python3.8/site-packages/airflow/example_dags/example_task_group.py
[2024-01-30T22:09:04.838+0000] {logging_mixin.py:188} INFO - [2024-01-30T22:09:04.838+0000] {dag.py:3036} INFO - Sync 1 DAGs
[2024-01-30T22:09:04.864+0000] {logging_mixin.py:188} INFO - [2024-01-30T22:09:04.863+0000] {dag.py:3823} INFO - Setting next_dagrun for example_task_group to 2024-01-29 00:00:00+00:00, run_after=2024-01-30 00:00:00+00:00
[2024-01-30T22:09:04.895+0000] {processor.py:183} INFO - Processing /home/airflow/.local/lib/python3.8/site-packages/airflow/example_dags/example_task_group.py took 0.085 seconds
[2024-01-30T22:09:35.101+0000] {processor.py:161} INFO - Started process (PID=1853) to work on /home/airflow/.local/lib/python3.8/site-packages/airflow/example_dags/example_task_group.py
[2024-01-30T22:09:35.102+0000] {processor.py:830} INFO - Processing file /home/airflow/.local/lib/python3.8/site-packages/airflow/example_dags/example_task_group.py for tasks to queue
[2024-01-30T22:09:35.104+0000] {logging_mixin.py:188} INFO - [2024-01-30T22:09:35.103+0000] {dagbag.py:538} INFO - Filling up the DagBag from /home/airflow/.local/lib/python3.8/site-packages/airflow/example_dags/example_task_group.py
[2024-01-30T22:09:35.110+0000] {processor.py:840} INFO - DAG(s) 'example_task_group' retrieved from /home/airflow/.local/lib/python3.8/site-packages/airflow/example_dags/example_task_group.py
[2024-01-30T22:09:35.216+0000] {logging_mixin.py:188} INFO - [2024-01-30T22:09:35.216+0000] {dag.py:3036} INFO - Sync 1 DAGs
[2024-01-30T22:09:35.240+0000] {logging_mixin.py:188} INFO - [2024-01-30T22:09:35.239+0000] {dag.py:3823} INFO - Setting next_dagrun for example_task_group to 2024-01-29 00:00:00+00:00, run_after=2024-01-30 00:00:00+00:00
[2024-01-30T22:09:35.320+0000] {processor.py:183} INFO - Processing /home/airflow/.local/lib/python3.8/site-packages/airflow/example_dags/example_task_group.py took 0.222 seconds
[2024-01-30T22:10:05.877+0000] {processor.py:161} INFO - Started process (PID=1910) to work on /home/airflow/.local/lib/python3.8/site-packages/airflow/example_dags/example_task_group.py
[2024-01-30T22:10:05.879+0000] {processor.py:830} INFO - Processing file /home/airflow/.local/lib/python3.8/site-packages/airflow/example_dags/example_task_group.py for tasks to queue
[2024-01-30T22:10:05.880+0000] {logging_mixin.py:188} INFO - [2024-01-30T22:10:05.880+0000] {dagbag.py:538} INFO - Filling up the DagBag from /home/airflow/.local/lib/python3.8/site-packages/airflow/example_dags/example_task_group.py
[2024-01-30T22:10:05.888+0000] {processor.py:840} INFO - DAG(s) 'example_task_group' retrieved from /home/airflow/.local/lib/python3.8/site-packages/airflow/example_dags/example_task_group.py
[2024-01-30T22:10:05.917+0000] {logging_mixin.py:188} INFO - [2024-01-30T22:10:05.916+0000] {dag.py:3036} INFO - Sync 1 DAGs
[2024-01-30T22:10:05.965+0000] {logging_mixin.py:188} INFO - [2024-01-30T22:10:05.964+0000] {dag.py:3823} INFO - Setting next_dagrun for example_task_group to 2024-01-29 00:00:00+00:00, run_after=2024-01-30 00:00:00+00:00
[2024-01-30T22:10:05.993+0000] {processor.py:183} INFO - Processing /home/airflow/.local/lib/python3.8/site-packages/airflow/example_dags/example_task_group.py took 0.118 seconds
[2024-01-30T22:10:38.399+0000] {processor.py:161} INFO - Started process (PID=1967) to work on /home/airflow/.local/lib/python3.8/site-packages/airflow/example_dags/example_task_group.py
[2024-01-30T22:10:38.400+0000] {processor.py:830} INFO - Processing file /home/airflow/.local/lib/python3.8/site-packages/airflow/example_dags/example_task_group.py for tasks to queue
[2024-01-30T22:10:38.402+0000] {logging_mixin.py:188} INFO - [2024-01-30T22:10:38.402+0000] {dagbag.py:538} INFO - Filling up the DagBag from /home/airflow/.local/lib/python3.8/site-packages/airflow/example_dags/example_task_group.py
[2024-01-30T22:10:38.414+0000] {processor.py:840} INFO - DAG(s) 'example_task_group' retrieved from /home/airflow/.local/lib/python3.8/site-packages/airflow/example_dags/example_task_group.py
[2024-01-30T22:10:38.451+0000] {logging_mixin.py:188} INFO - [2024-01-30T22:10:38.451+0000] {dag.py:3036} INFO - Sync 1 DAGs
[2024-01-30T22:10:38.498+0000] {logging_mixin.py:188} INFO - [2024-01-30T22:10:38.498+0000] {dag.py:3823} INFO - Setting next_dagrun for example_task_group to 2024-01-29 00:00:00+00:00, run_after=2024-01-30 00:00:00+00:00
[2024-01-30T22:10:38.534+0000] {processor.py:183} INFO - Processing /home/airflow/.local/lib/python3.8/site-packages/airflow/example_dags/example_task_group.py took 0.140 seconds
[2024-01-30T22:11:08.629+0000] {processor.py:161} INFO - Started process (PID=2024) to work on /home/airflow/.local/lib/python3.8/site-packages/airflow/example_dags/example_task_group.py
[2024-01-30T22:11:08.630+0000] {processor.py:830} INFO - Processing file /home/airflow/.local/lib/python3.8/site-packages/airflow/example_dags/example_task_group.py for tasks to queue
[2024-01-30T22:11:08.632+0000] {logging_mixin.py:188} INFO - [2024-01-30T22:11:08.631+0000] {dagbag.py:538} INFO - Filling up the DagBag from /home/airflow/.local/lib/python3.8/site-packages/airflow/example_dags/example_task_group.py
[2024-01-30T22:11:08.639+0000] {processor.py:840} INFO - DAG(s) 'example_task_group' retrieved from /home/airflow/.local/lib/python3.8/site-packages/airflow/example_dags/example_task_group.py
[2024-01-30T22:11:08.662+0000] {logging_mixin.py:188} INFO - [2024-01-30T22:11:08.661+0000] {dag.py:3036} INFO - Sync 1 DAGs
[2024-01-30T22:11:08.685+0000] {logging_mixin.py:188} INFO - [2024-01-30T22:11:08.684+0000] {dag.py:3823} INFO - Setting next_dagrun for example_task_group to 2024-01-29 00:00:00+00:00, run_after=2024-01-30 00:00:00+00:00
[2024-01-30T22:11:08.711+0000] {processor.py:183} INFO - Processing /home/airflow/.local/lib/python3.8/site-packages/airflow/example_dags/example_task_group.py took 0.087 seconds
[2024-01-30T22:11:39.874+0000] {processor.py:161} INFO - Started process (PID=2081) to work on /home/airflow/.local/lib/python3.8/site-packages/airflow/example_dags/example_task_group.py
[2024-01-30T22:11:39.876+0000] {processor.py:830} INFO - Processing file /home/airflow/.local/lib/python3.8/site-packages/airflow/example_dags/example_task_group.py for tasks to queue
[2024-01-30T22:11:39.877+0000] {logging_mixin.py:188} INFO - [2024-01-30T22:11:39.877+0000] {dagbag.py:538} INFO - Filling up the DagBag from /home/airflow/.local/lib/python3.8/site-packages/airflow/example_dags/example_task_group.py
[2024-01-30T22:11:39.889+0000] {processor.py:840} INFO - DAG(s) 'example_task_group' retrieved from /home/airflow/.local/lib/python3.8/site-packages/airflow/example_dags/example_task_group.py
[2024-01-30T22:11:39.918+0000] {logging_mixin.py:188} INFO - [2024-01-30T22:11:39.918+0000] {dag.py:3036} INFO - Sync 1 DAGs
[2024-01-30T22:11:39.949+0000] {logging_mixin.py:188} INFO - [2024-01-30T22:11:39.949+0000] {dag.py:3823} INFO - Setting next_dagrun for example_task_group to 2024-01-29 00:00:00+00:00, run_after=2024-01-30 00:00:00+00:00
[2024-01-30T22:11:39.988+0000] {processor.py:183} INFO - Processing /home/airflow/.local/lib/python3.8/site-packages/airflow/example_dags/example_task_group.py took 0.118 seconds
[2024-01-30T22:12:11.102+0000] {processor.py:161} INFO - Started process (PID=2137) to work on /home/airflow/.local/lib/python3.8/site-packages/airflow/example_dags/example_task_group.py
[2024-01-30T22:12:11.105+0000] {processor.py:830} INFO - Processing file /home/airflow/.local/lib/python3.8/site-packages/airflow/example_dags/example_task_group.py for tasks to queue
[2024-01-30T22:12:11.107+0000] {logging_mixin.py:188} INFO - [2024-01-30T22:12:11.106+0000] {dagbag.py:538} INFO - Filling up the DagBag from /home/airflow/.local/lib/python3.8/site-packages/airflow/example_dags/example_task_group.py
[2024-01-30T22:12:11.122+0000] {processor.py:840} INFO - DAG(s) 'example_task_group' retrieved from /home/airflow/.local/lib/python3.8/site-packages/airflow/example_dags/example_task_group.py
[2024-01-30T22:12:11.156+0000] {logging_mixin.py:188} INFO - [2024-01-30T22:12:11.156+0000] {dag.py:3036} INFO - Sync 1 DAGs
[2024-01-30T22:12:11.192+0000] {logging_mixin.py:188} INFO - [2024-01-30T22:12:11.192+0000] {dag.py:3823} INFO - Setting next_dagrun for example_task_group to 2024-01-29 00:00:00+00:00, run_after=2024-01-30 00:00:00+00:00
[2024-01-30T22:12:11.230+0000] {processor.py:183} INFO - Processing /home/airflow/.local/lib/python3.8/site-packages/airflow/example_dags/example_task_group.py took 0.133 seconds
[2024-01-30T22:12:41.995+0000] {processor.py:161} INFO - Started process (PID=2194) to work on /home/airflow/.local/lib/python3.8/site-packages/airflow/example_dags/example_task_group.py
[2024-01-30T22:12:41.995+0000] {processor.py:830} INFO - Processing file /home/airflow/.local/lib/python3.8/site-packages/airflow/example_dags/example_task_group.py for tasks to queue
[2024-01-30T22:12:41.996+0000] {logging_mixin.py:188} INFO - [2024-01-30T22:12:41.996+0000] {dagbag.py:538} INFO - Filling up the DagBag from /home/airflow/.local/lib/python3.8/site-packages/airflow/example_dags/example_task_group.py
[2024-01-30T22:12:42.004+0000] {processor.py:840} INFO - DAG(s) 'example_task_group' retrieved from /home/airflow/.local/lib/python3.8/site-packages/airflow/example_dags/example_task_group.py
[2024-01-30T22:12:42.027+0000] {logging_mixin.py:188} INFO - [2024-01-30T22:12:42.027+0000] {dag.py:3036} INFO - Sync 1 DAGs
[2024-01-30T22:12:42.055+0000] {logging_mixin.py:188} INFO - [2024-01-30T22:12:42.055+0000] {dag.py:3823} INFO - Setting next_dagrun for example_task_group to 2024-01-29 00:00:00+00:00, run_after=2024-01-30 00:00:00+00:00
[2024-01-30T22:12:42.108+0000] {processor.py:183} INFO - Processing /home/airflow/.local/lib/python3.8/site-packages/airflow/example_dags/example_task_group.py took 0.116 seconds
[2024-01-30T22:13:12.266+0000] {processor.py:161} INFO - Started process (PID=2250) to work on /home/airflow/.local/lib/python3.8/site-packages/airflow/example_dags/example_task_group.py
[2024-01-30T22:13:12.267+0000] {processor.py:830} INFO - Processing file /home/airflow/.local/lib/python3.8/site-packages/airflow/example_dags/example_task_group.py for tasks to queue
[2024-01-30T22:13:12.268+0000] {logging_mixin.py:188} INFO - [2024-01-30T22:13:12.268+0000] {dagbag.py:538} INFO - Filling up the DagBag from /home/airflow/.local/lib/python3.8/site-packages/airflow/example_dags/example_task_group.py
[2024-01-30T22:13:12.274+0000] {processor.py:840} INFO - DAG(s) 'example_task_group' retrieved from /home/airflow/.local/lib/python3.8/site-packages/airflow/example_dags/example_task_group.py
[2024-01-30T22:13:12.302+0000] {logging_mixin.py:188} INFO - [2024-01-30T22:13:12.302+0000] {dag.py:3036} INFO - Sync 1 DAGs
[2024-01-30T22:13:12.329+0000] {logging_mixin.py:188} INFO - [2024-01-30T22:13:12.328+0000] {dag.py:3823} INFO - Setting next_dagrun for example_task_group to 2024-01-29 00:00:00+00:00, run_after=2024-01-30 00:00:00+00:00
[2024-01-30T22:13:12.392+0000] {processor.py:183} INFO - Processing /home/airflow/.local/lib/python3.8/site-packages/airflow/example_dags/example_task_group.py took 0.129 seconds
[2024-01-30T22:13:42.601+0000] {processor.py:161} INFO - Started process (PID=2307) to work on /home/airflow/.local/lib/python3.8/site-packages/airflow/example_dags/example_task_group.py
[2024-01-30T22:13:42.602+0000] {processor.py:830} INFO - Processing file /home/airflow/.local/lib/python3.8/site-packages/airflow/example_dags/example_task_group.py for tasks to queue
[2024-01-30T22:13:42.603+0000] {logging_mixin.py:188} INFO - [2024-01-30T22:13:42.603+0000] {dagbag.py:538} INFO - Filling up the DagBag from /home/airflow/.local/lib/python3.8/site-packages/airflow/example_dags/example_task_group.py
[2024-01-30T22:13:42.611+0000] {processor.py:840} INFO - DAG(s) 'example_task_group' retrieved from /home/airflow/.local/lib/python3.8/site-packages/airflow/example_dags/example_task_group.py
[2024-01-30T22:13:42.635+0000] {logging_mixin.py:188} INFO - [2024-01-30T22:13:42.635+0000] {dag.py:3036} INFO - Sync 1 DAGs
[2024-01-30T22:13:42.659+0000] {logging_mixin.py:188} INFO - [2024-01-30T22:13:42.659+0000] {dag.py:3823} INFO - Setting next_dagrun for example_task_group to 2024-01-29 00:00:00+00:00, run_after=2024-01-30 00:00:00+00:00
[2024-01-30T22:13:42.688+0000] {processor.py:183} INFO - Processing /home/airflow/.local/lib/python3.8/site-packages/airflow/example_dags/example_task_group.py took 0.090 seconds
[2024-01-30T22:14:18.778+0000] {processor.py:161} INFO - Started process (PID=2362) to work on /home/airflow/.local/lib/python3.8/site-packages/airflow/example_dags/example_task_group.py
[2024-01-30T22:14:18.799+0000] {processor.py:830} INFO - Processing file /home/airflow/.local/lib/python3.8/site-packages/airflow/example_dags/example_task_group.py for tasks to queue
[2024-01-30T22:14:18.814+0000] {logging_mixin.py:188} INFO - [2024-01-30T22:14:18.813+0000] {dagbag.py:538} INFO - Filling up the DagBag from /home/airflow/.local/lib/python3.8/site-packages/airflow/example_dags/example_task_group.py
[2024-01-30T22:14:18.842+0000] {processor.py:840} INFO - DAG(s) 'example_task_group' retrieved from /home/airflow/.local/lib/python3.8/site-packages/airflow/example_dags/example_task_group.py
[2024-01-30T22:14:18.869+0000] {logging_mixin.py:188} INFO - [2024-01-30T22:14:18.869+0000] {dag.py:3036} INFO - Sync 1 DAGs
[2024-01-30T22:14:18.903+0000] {logging_mixin.py:188} INFO - [2024-01-30T22:14:18.903+0000] {dag.py:3823} INFO - Setting next_dagrun for example_task_group to 2024-01-29 00:00:00+00:00, run_after=2024-01-30 00:00:00+00:00
[2024-01-30T22:14:18.941+0000] {processor.py:183} INFO - Processing /home/airflow/.local/lib/python3.8/site-packages/airflow/example_dags/example_task_group.py took 0.235 seconds
[2024-01-30T22:14:49.045+0000] {processor.py:161} INFO - Started process (PID=2420) to work on /home/airflow/.local/lib/python3.8/site-packages/airflow/example_dags/example_task_group.py
[2024-01-30T22:14:49.046+0000] {processor.py:830} INFO - Processing file /home/airflow/.local/lib/python3.8/site-packages/airflow/example_dags/example_task_group.py for tasks to queue
[2024-01-30T22:14:49.047+0000] {logging_mixin.py:188} INFO - [2024-01-30T22:14:49.047+0000] {dagbag.py:538} INFO - Filling up the DagBag from /home/airflow/.local/lib/python3.8/site-packages/airflow/example_dags/example_task_group.py
[2024-01-30T22:14:49.055+0000] {processor.py:840} INFO - DAG(s) 'example_task_group' retrieved from /home/airflow/.local/lib/python3.8/site-packages/airflow/example_dags/example_task_group.py
[2024-01-30T22:14:49.077+0000] {logging_mixin.py:188} INFO - [2024-01-30T22:14:49.077+0000] {dag.py:3036} INFO - Sync 1 DAGs
[2024-01-30T22:14:49.100+0000] {logging_mixin.py:188} INFO - [2024-01-30T22:14:49.100+0000] {dag.py:3823} INFO - Setting next_dagrun for example_task_group to 2024-01-29 00:00:00+00:00, run_after=2024-01-30 00:00:00+00:00
[2024-01-30T22:14:49.128+0000] {processor.py:183} INFO - Processing /home/airflow/.local/lib/python3.8/site-packages/airflow/example_dags/example_task_group.py took 0.086 seconds
[2024-01-30T22:15:19.799+0000] {processor.py:161} INFO - Started process (PID=2477) to work on /home/airflow/.local/lib/python3.8/site-packages/airflow/example_dags/example_task_group.py
[2024-01-30T22:15:19.801+0000] {processor.py:830} INFO - Processing file /home/airflow/.local/lib/python3.8/site-packages/airflow/example_dags/example_task_group.py for tasks to queue
[2024-01-30T22:15:19.803+0000] {logging_mixin.py:188} INFO - [2024-01-30T22:15:19.802+0000] {dagbag.py:538} INFO - Filling up the DagBag from /home/airflow/.local/lib/python3.8/site-packages/airflow/example_dags/example_task_group.py
[2024-01-30T22:15:19.810+0000] {processor.py:840} INFO - DAG(s) 'example_task_group' retrieved from /home/airflow/.local/lib/python3.8/site-packages/airflow/example_dags/example_task_group.py
[2024-01-30T22:15:19.835+0000] {logging_mixin.py:188} INFO - [2024-01-30T22:15:19.835+0000] {dag.py:3036} INFO - Sync 1 DAGs
[2024-01-30T22:15:19.862+0000] {logging_mixin.py:188} INFO - [2024-01-30T22:15:19.861+0000] {dag.py:3823} INFO - Setting next_dagrun for example_task_group to 2024-01-29 00:00:00+00:00, run_after=2024-01-30 00:00:00+00:00
[2024-01-30T22:15:19.894+0000] {processor.py:183} INFO - Processing /home/airflow/.local/lib/python3.8/site-packages/airflow/example_dags/example_task_group.py took 0.097 seconds
[2024-01-30T22:15:50.620+0000] {processor.py:161} INFO - Started process (PID=2542) to work on /home/airflow/.local/lib/python3.8/site-packages/airflow/example_dags/example_task_group.py
[2024-01-30T22:15:50.622+0000] {processor.py:830} INFO - Processing file /home/airflow/.local/lib/python3.8/site-packages/airflow/example_dags/example_task_group.py for tasks to queue
[2024-01-30T22:15:50.624+0000] {logging_mixin.py:188} INFO - [2024-01-30T22:15:50.623+0000] {dagbag.py:538} INFO - Filling up the DagBag from /home/airflow/.local/lib/python3.8/site-packages/airflow/example_dags/example_task_group.py
[2024-01-30T22:15:50.637+0000] {processor.py:840} INFO - DAG(s) 'example_task_group' retrieved from /home/airflow/.local/lib/python3.8/site-packages/airflow/example_dags/example_task_group.py
[2024-01-30T22:15:50.669+0000] {logging_mixin.py:188} INFO - [2024-01-30T22:15:50.669+0000] {dag.py:3036} INFO - Sync 1 DAGs
[2024-01-30T22:15:50.698+0000] {logging_mixin.py:188} INFO - [2024-01-30T22:15:50.698+0000] {dag.py:3823} INFO - Setting next_dagrun for example_task_group to 2024-01-29 00:00:00+00:00, run_after=2024-01-30 00:00:00+00:00
[2024-01-30T22:15:50.729+0000] {processor.py:183} INFO - Processing /home/airflow/.local/lib/python3.8/site-packages/airflow/example_dags/example_task_group.py took 0.113 seconds
[2024-01-30T22:16:21.078+0000] {processor.py:161} INFO - Started process (PID=2603) to work on /home/airflow/.local/lib/python3.8/site-packages/airflow/example_dags/example_task_group.py
[2024-01-30T22:16:21.080+0000] {processor.py:830} INFO - Processing file /home/airflow/.local/lib/python3.8/site-packages/airflow/example_dags/example_task_group.py for tasks to queue
[2024-01-30T22:16:21.081+0000] {logging_mixin.py:188} INFO - [2024-01-30T22:16:21.081+0000] {dagbag.py:538} INFO - Filling up the DagBag from /home/airflow/.local/lib/python3.8/site-packages/airflow/example_dags/example_task_group.py
[2024-01-30T22:16:21.090+0000] {processor.py:840} INFO - DAG(s) 'example_task_group' retrieved from /home/airflow/.local/lib/python3.8/site-packages/airflow/example_dags/example_task_group.py
[2024-01-30T22:16:21.116+0000] {logging_mixin.py:188} INFO - [2024-01-30T22:16:21.116+0000] {dag.py:3036} INFO - Sync 1 DAGs
[2024-01-30T22:16:21.144+0000] {logging_mixin.py:188} INFO - [2024-01-30T22:16:21.144+0000] {dag.py:3823} INFO - Setting next_dagrun for example_task_group to 2024-01-29 00:00:00+00:00, run_after=2024-01-30 00:00:00+00:00
[2024-01-30T22:16:21.173+0000] {processor.py:183} INFO - Processing /home/airflow/.local/lib/python3.8/site-packages/airflow/example_dags/example_task_group.py took 0.098 seconds
[2024-01-30T22:16:51.828+0000] {processor.py:161} INFO - Started process (PID=2660) to work on /home/airflow/.local/lib/python3.8/site-packages/airflow/example_dags/example_task_group.py
[2024-01-30T22:16:51.829+0000] {processor.py:830} INFO - Processing file /home/airflow/.local/lib/python3.8/site-packages/airflow/example_dags/example_task_group.py for tasks to queue
[2024-01-30T22:16:51.831+0000] {logging_mixin.py:188} INFO - [2024-01-30T22:16:51.831+0000] {dagbag.py:538} INFO - Filling up the DagBag from /home/airflow/.local/lib/python3.8/site-packages/airflow/example_dags/example_task_group.py
[2024-01-30T22:16:51.839+0000] {processor.py:840} INFO - DAG(s) 'example_task_group' retrieved from /home/airflow/.local/lib/python3.8/site-packages/airflow/example_dags/example_task_group.py
[2024-01-30T22:16:51.867+0000] {logging_mixin.py:188} INFO - [2024-01-30T22:16:51.867+0000] {dag.py:3036} INFO - Sync 1 DAGs
[2024-01-30T22:16:52.025+0000] {logging_mixin.py:188} INFO - [2024-01-30T22:16:52.025+0000] {dag.py:3823} INFO - Setting next_dagrun for example_task_group to 2024-01-29 00:00:00+00:00, run_after=2024-01-30 00:00:00+00:00
[2024-01-30T22:16:52.055+0000] {processor.py:183} INFO - Processing /home/airflow/.local/lib/python3.8/site-packages/airflow/example_dags/example_task_group.py took 0.230 seconds
[2024-01-30T22:17:23.897+0000] {processor.py:161} INFO - Started process (PID=2715) to work on /home/airflow/.local/lib/python3.8/site-packages/airflow/example_dags/example_task_group.py
[2024-01-30T22:17:23.899+0000] {processor.py:830} INFO - Processing file /home/airflow/.local/lib/python3.8/site-packages/airflow/example_dags/example_task_group.py for tasks to queue
[2024-01-30T22:17:23.901+0000] {logging_mixin.py:188} INFO - [2024-01-30T22:17:23.901+0000] {dagbag.py:538} INFO - Filling up the DagBag from /home/airflow/.local/lib/python3.8/site-packages/airflow/example_dags/example_task_group.py
[2024-01-30T22:17:23.909+0000] {processor.py:840} INFO - DAG(s) 'example_task_group' retrieved from /home/airflow/.local/lib/python3.8/site-packages/airflow/example_dags/example_task_group.py
[2024-01-30T22:17:23.934+0000] {logging_mixin.py:188} INFO - [2024-01-30T22:17:23.934+0000] {dag.py:3036} INFO - Sync 1 DAGs
[2024-01-30T22:17:23.966+0000] {logging_mixin.py:188} INFO - [2024-01-30T22:17:23.966+0000] {dag.py:3823} INFO - Setting next_dagrun for example_task_group to 2024-01-29 00:00:00+00:00, run_after=2024-01-30 00:00:00+00:00
[2024-01-30T22:17:23.997+0000] {processor.py:183} INFO - Processing /home/airflow/.local/lib/python3.8/site-packages/airflow/example_dags/example_task_group.py took 0.104 seconds
[2024-01-30T22:17:54.534+0000] {processor.py:161} INFO - Started process (PID=2779) to work on /home/airflow/.local/lib/python3.8/site-packages/airflow/example_dags/example_task_group.py
[2024-01-30T22:17:54.537+0000] {processor.py:830} INFO - Processing file /home/airflow/.local/lib/python3.8/site-packages/airflow/example_dags/example_task_group.py for tasks to queue
[2024-01-30T22:17:54.539+0000] {logging_mixin.py:188} INFO - [2024-01-30T22:17:54.539+0000] {dagbag.py:538} INFO - Filling up the DagBag from /home/airflow/.local/lib/python3.8/site-packages/airflow/example_dags/example_task_group.py
[2024-01-30T22:17:54.548+0000] {processor.py:840} INFO - DAG(s) 'example_task_group' retrieved from /home/airflow/.local/lib/python3.8/site-packages/airflow/example_dags/example_task_group.py
[2024-01-30T22:17:54.583+0000] {logging_mixin.py:188} INFO - [2024-01-30T22:17:54.583+0000] {dag.py:3036} INFO - Sync 1 DAGs
[2024-01-30T22:17:54.622+0000] {logging_mixin.py:188} INFO - [2024-01-30T22:17:54.622+0000] {dag.py:3823} INFO - Setting next_dagrun for example_task_group to 2024-01-29 00:00:00+00:00, run_after=2024-01-30 00:00:00+00:00
[2024-01-30T22:17:54.660+0000] {processor.py:183} INFO - Processing /home/airflow/.local/lib/python3.8/site-packages/airflow/example_dags/example_task_group.py took 0.132 seconds
[2024-01-30T22:18:24.888+0000] {processor.py:161} INFO - Started process (PID=2837) to work on /home/airflow/.local/lib/python3.8/site-packages/airflow/example_dags/example_task_group.py
[2024-01-30T22:18:24.889+0000] {processor.py:830} INFO - Processing file /home/airflow/.local/lib/python3.8/site-packages/airflow/example_dags/example_task_group.py for tasks to queue
[2024-01-30T22:18:24.890+0000] {logging_mixin.py:188} INFO - [2024-01-30T22:18:24.890+0000] {dagbag.py:538} INFO - Filling up the DagBag from /home/airflow/.local/lib/python3.8/site-packages/airflow/example_dags/example_task_group.py
[2024-01-30T22:18:24.898+0000] {processor.py:840} INFO - DAG(s) 'example_task_group' retrieved from /home/airflow/.local/lib/python3.8/site-packages/airflow/example_dags/example_task_group.py
[2024-01-30T22:18:24.920+0000] {logging_mixin.py:188} INFO - [2024-01-30T22:18:24.919+0000] {dag.py:3036} INFO - Sync 1 DAGs
[2024-01-30T22:18:24.941+0000] {logging_mixin.py:188} INFO - [2024-01-30T22:18:24.941+0000] {dag.py:3823} INFO - Setting next_dagrun for example_task_group to 2024-01-29 00:00:00+00:00, run_after=2024-01-30 00:00:00+00:00
[2024-01-30T22:18:24.970+0000] {processor.py:183} INFO - Processing /home/airflow/.local/lib/python3.8/site-packages/airflow/example_dags/example_task_group.py took 0.085 seconds
[2024-01-30T22:18:55.916+0000] {processor.py:161} INFO - Started process (PID=2894) to work on /home/airflow/.local/lib/python3.8/site-packages/airflow/example_dags/example_task_group.py
[2024-01-30T22:18:55.918+0000] {processor.py:830} INFO - Processing file /home/airflow/.local/lib/python3.8/site-packages/airflow/example_dags/example_task_group.py for tasks to queue
[2024-01-30T22:18:55.919+0000] {logging_mixin.py:188} INFO - [2024-01-30T22:18:55.919+0000] {dagbag.py:538} INFO - Filling up the DagBag from /home/airflow/.local/lib/python3.8/site-packages/airflow/example_dags/example_task_group.py
[2024-01-30T22:18:55.927+0000] {processor.py:840} INFO - DAG(s) 'example_task_group' retrieved from /home/airflow/.local/lib/python3.8/site-packages/airflow/example_dags/example_task_group.py
[2024-01-30T22:18:55.951+0000] {logging_mixin.py:188} INFO - [2024-01-30T22:18:55.950+0000] {dag.py:3036} INFO - Sync 1 DAGs
[2024-01-30T22:18:56.139+0000] {logging_mixin.py:188} INFO - [2024-01-30T22:18:56.139+0000] {dag.py:3823} INFO - Setting next_dagrun for example_task_group to 2024-01-29 00:00:00+00:00, run_after=2024-01-30 00:00:00+00:00
[2024-01-30T22:18:56.170+0000] {processor.py:183} INFO - Processing /home/airflow/.local/lib/python3.8/site-packages/airflow/example_dags/example_task_group.py took 0.256 seconds
[2024-01-30T22:19:26.997+0000] {processor.py:161} INFO - Started process (PID=2951) to work on /home/airflow/.local/lib/python3.8/site-packages/airflow/example_dags/example_task_group.py
[2024-01-30T22:19:26.998+0000] {processor.py:830} INFO - Processing file /home/airflow/.local/lib/python3.8/site-packages/airflow/example_dags/example_task_group.py for tasks to queue
[2024-01-30T22:19:27.000+0000] {logging_mixin.py:188} INFO - [2024-01-30T22:19:26.999+0000] {dagbag.py:538} INFO - Filling up the DagBag from /home/airflow/.local/lib/python3.8/site-packages/airflow/example_dags/example_task_group.py
[2024-01-30T22:19:27.006+0000] {processor.py:840} INFO - DAG(s) 'example_task_group' retrieved from /home/airflow/.local/lib/python3.8/site-packages/airflow/example_dags/example_task_group.py
[2024-01-30T22:19:27.028+0000] {logging_mixin.py:188} INFO - [2024-01-30T22:19:27.028+0000] {dag.py:3036} INFO - Sync 1 DAGs
[2024-01-30T22:19:27.178+0000] {logging_mixin.py:188} INFO - [2024-01-30T22:19:27.178+0000] {dag.py:3823} INFO - Setting next_dagrun for example_task_group to 2024-01-29 00:00:00+00:00, run_after=2024-01-30 00:00:00+00:00
[2024-01-30T22:19:27.201+0000] {processor.py:183} INFO - Processing /home/airflow/.local/lib/python3.8/site-packages/airflow/example_dags/example_task_group.py took 0.206 seconds
[2024-01-30T22:19:57.705+0000] {processor.py:161} INFO - Started process (PID=3008) to work on /home/airflow/.local/lib/python3.8/site-packages/airflow/example_dags/example_task_group.py
[2024-01-30T22:19:57.706+0000] {processor.py:830} INFO - Processing file /home/airflow/.local/lib/python3.8/site-packages/airflow/example_dags/example_task_group.py for tasks to queue
[2024-01-30T22:19:57.708+0000] {logging_mixin.py:188} INFO - [2024-01-30T22:19:57.707+0000] {dagbag.py:538} INFO - Filling up the DagBag from /home/airflow/.local/lib/python3.8/site-packages/airflow/example_dags/example_task_group.py
[2024-01-30T22:19:57.716+0000] {processor.py:840} INFO - DAG(s) 'example_task_group' retrieved from /home/airflow/.local/lib/python3.8/site-packages/airflow/example_dags/example_task_group.py
[2024-01-30T22:19:57.743+0000] {logging_mixin.py:188} INFO - [2024-01-30T22:19:57.742+0000] {dag.py:3036} INFO - Sync 1 DAGs
[2024-01-30T22:19:57.768+0000] {logging_mixin.py:188} INFO - [2024-01-30T22:19:57.768+0000] {dag.py:3823} INFO - Setting next_dagrun for example_task_group to 2024-01-29 00:00:00+00:00, run_after=2024-01-30 00:00:00+00:00
[2024-01-30T22:19:57.795+0000] {processor.py:183} INFO - Processing /home/airflow/.local/lib/python3.8/site-packages/airflow/example_dags/example_task_group.py took 0.093 seconds
[2024-01-30T22:20:28.498+0000] {processor.py:161} INFO - Started process (PID=3065) to work on /home/airflow/.local/lib/python3.8/site-packages/airflow/example_dags/example_task_group.py
[2024-01-30T22:20:28.499+0000] {processor.py:830} INFO - Processing file /home/airflow/.local/lib/python3.8/site-packages/airflow/example_dags/example_task_group.py for tasks to queue
[2024-01-30T22:20:28.500+0000] {logging_mixin.py:188} INFO - [2024-01-30T22:20:28.500+0000] {dagbag.py:538} INFO - Filling up the DagBag from /home/airflow/.local/lib/python3.8/site-packages/airflow/example_dags/example_task_group.py
[2024-01-30T22:20:28.507+0000] {processor.py:840} INFO - DAG(s) 'example_task_group' retrieved from /home/airflow/.local/lib/python3.8/site-packages/airflow/example_dags/example_task_group.py
[2024-01-30T22:20:28.529+0000] {logging_mixin.py:188} INFO - [2024-01-30T22:20:28.529+0000] {dag.py:3036} INFO - Sync 1 DAGs
[2024-01-30T22:20:28.551+0000] {logging_mixin.py:188} INFO - [2024-01-30T22:20:28.550+0000] {dag.py:3823} INFO - Setting next_dagrun for example_task_group to 2024-01-29 00:00:00+00:00, run_after=2024-01-30 00:00:00+00:00
[2024-01-30T22:20:28.574+0000] {processor.py:183} INFO - Processing /home/airflow/.local/lib/python3.8/site-packages/airflow/example_dags/example_task_group.py took 0.079 seconds
[2024-01-30T22:20:58.721+0000] {processor.py:161} INFO - Started process (PID=3122) to work on /home/airflow/.local/lib/python3.8/site-packages/airflow/example_dags/example_task_group.py
[2024-01-30T22:20:58.723+0000] {processor.py:830} INFO - Processing file /home/airflow/.local/lib/python3.8/site-packages/airflow/example_dags/example_task_group.py for tasks to queue
[2024-01-30T22:20:58.724+0000] {logging_mixin.py:188} INFO - [2024-01-30T22:20:58.724+0000] {dagbag.py:538} INFO - Filling up the DagBag from /home/airflow/.local/lib/python3.8/site-packages/airflow/example_dags/example_task_group.py
[2024-01-30T22:20:58.732+0000] {processor.py:840} INFO - DAG(s) 'example_task_group' retrieved from /home/airflow/.local/lib/python3.8/site-packages/airflow/example_dags/example_task_group.py
[2024-01-30T22:20:58.757+0000] {logging_mixin.py:188} INFO - [2024-01-30T22:20:58.756+0000] {dag.py:3036} INFO - Sync 1 DAGs
[2024-01-30T22:20:58.782+0000] {logging_mixin.py:188} INFO - [2024-01-30T22:20:58.782+0000] {dag.py:3823} INFO - Setting next_dagrun for example_task_group to 2024-01-29 00:00:00+00:00, run_after=2024-01-30 00:00:00+00:00
[2024-01-30T22:20:58.808+0000] {processor.py:183} INFO - Processing /home/airflow/.local/lib/python3.8/site-packages/airflow/example_dags/example_task_group.py took 0.089 seconds
[2024-01-30T22:21:29.420+0000] {processor.py:161} INFO - Started process (PID=3179) to work on /home/airflow/.local/lib/python3.8/site-packages/airflow/example_dags/example_task_group.py
[2024-01-30T22:21:29.421+0000] {processor.py:830} INFO - Processing file /home/airflow/.local/lib/python3.8/site-packages/airflow/example_dags/example_task_group.py for tasks to queue
[2024-01-30T22:21:29.422+0000] {logging_mixin.py:188} INFO - [2024-01-30T22:21:29.422+0000] {dagbag.py:538} INFO - Filling up the DagBag from /home/airflow/.local/lib/python3.8/site-packages/airflow/example_dags/example_task_group.py
[2024-01-30T22:21:29.429+0000] {processor.py:840} INFO - DAG(s) 'example_task_group' retrieved from /home/airflow/.local/lib/python3.8/site-packages/airflow/example_dags/example_task_group.py
[2024-01-30T22:21:29.450+0000] {logging_mixin.py:188} INFO - [2024-01-30T22:21:29.450+0000] {dag.py:3036} INFO - Sync 1 DAGs
[2024-01-30T22:21:29.471+0000] {logging_mixin.py:188} INFO - [2024-01-30T22:21:29.471+0000] {dag.py:3823} INFO - Setting next_dagrun for example_task_group to 2024-01-29 00:00:00+00:00, run_after=2024-01-30 00:00:00+00:00
[2024-01-30T22:21:29.498+0000] {processor.py:183} INFO - Processing /home/airflow/.local/lib/python3.8/site-packages/airflow/example_dags/example_task_group.py took 0.081 seconds
[2024-01-30T22:21:59.885+0000] {processor.py:161} INFO - Started process (PID=3236) to work on /home/airflow/.local/lib/python3.8/site-packages/airflow/example_dags/example_task_group.py
[2024-01-30T22:21:59.887+0000] {processor.py:830} INFO - Processing file /home/airflow/.local/lib/python3.8/site-packages/airflow/example_dags/example_task_group.py for tasks to queue
[2024-01-30T22:21:59.889+0000] {logging_mixin.py:188} INFO - [2024-01-30T22:21:59.888+0000] {dagbag.py:538} INFO - Filling up the DagBag from /home/airflow/.local/lib/python3.8/site-packages/airflow/example_dags/example_task_group.py
[2024-01-30T22:21:59.900+0000] {processor.py:840} INFO - DAG(s) 'example_task_group' retrieved from /home/airflow/.local/lib/python3.8/site-packages/airflow/example_dags/example_task_group.py
[2024-01-30T22:21:59.948+0000] {logging_mixin.py:188} INFO - [2024-01-30T22:21:59.947+0000] {dag.py:3036} INFO - Sync 1 DAGs
[2024-01-30T22:21:59.984+0000] {logging_mixin.py:188} INFO - [2024-01-30T22:21:59.984+0000] {dag.py:3823} INFO - Setting next_dagrun for example_task_group to 2024-01-29 00:00:00+00:00, run_after=2024-01-30 00:00:00+00:00
[2024-01-30T22:22:00.021+0000] {processor.py:183} INFO - Processing /home/airflow/.local/lib/python3.8/site-packages/airflow/example_dags/example_task_group.py took 0.139 seconds
[2024-01-30T22:22:30.406+0000] {processor.py:161} INFO - Started process (PID=3293) to work on /home/airflow/.local/lib/python3.8/site-packages/airflow/example_dags/example_task_group.py
[2024-01-30T22:22:30.407+0000] {processor.py:830} INFO - Processing file /home/airflow/.local/lib/python3.8/site-packages/airflow/example_dags/example_task_group.py for tasks to queue
[2024-01-30T22:22:30.409+0000] {logging_mixin.py:188} INFO - [2024-01-30T22:22:30.408+0000] {dagbag.py:538} INFO - Filling up the DagBag from /home/airflow/.local/lib/python3.8/site-packages/airflow/example_dags/example_task_group.py
[2024-01-30T22:22:30.415+0000] {processor.py:840} INFO - DAG(s) 'example_task_group' retrieved from /home/airflow/.local/lib/python3.8/site-packages/airflow/example_dags/example_task_group.py
[2024-01-30T22:22:30.436+0000] {logging_mixin.py:188} INFO - [2024-01-30T22:22:30.435+0000] {dag.py:3036} INFO - Sync 1 DAGs
[2024-01-30T22:22:30.459+0000] {logging_mixin.py:188} INFO - [2024-01-30T22:22:30.458+0000] {dag.py:3823} INFO - Setting next_dagrun for example_task_group to 2024-01-29 00:00:00+00:00, run_after=2024-01-30 00:00:00+00:00
[2024-01-30T22:22:30.485+0000] {processor.py:183} INFO - Processing /home/airflow/.local/lib/python3.8/site-packages/airflow/example_dags/example_task_group.py took 0.081 seconds
[2024-01-30T22:23:00.831+0000] {processor.py:161} INFO - Started process (PID=3350) to work on /home/airflow/.local/lib/python3.8/site-packages/airflow/example_dags/example_task_group.py
[2024-01-30T22:23:00.832+0000] {processor.py:830} INFO - Processing file /home/airflow/.local/lib/python3.8/site-packages/airflow/example_dags/example_task_group.py for tasks to queue
[2024-01-30T22:23:00.833+0000] {logging_mixin.py:188} INFO - [2024-01-30T22:23:00.833+0000] {dagbag.py:538} INFO - Filling up the DagBag from /home/airflow/.local/lib/python3.8/site-packages/airflow/example_dags/example_task_group.py
[2024-01-30T22:23:00.841+0000] {processor.py:840} INFO - DAG(s) 'example_task_group' retrieved from /home/airflow/.local/lib/python3.8/site-packages/airflow/example_dags/example_task_group.py
[2024-01-30T22:23:00.864+0000] {logging_mixin.py:188} INFO - [2024-01-30T22:23:00.863+0000] {dag.py:3036} INFO - Sync 1 DAGs
[2024-01-30T22:23:00.886+0000] {logging_mixin.py:188} INFO - [2024-01-30T22:23:00.886+0000] {dag.py:3823} INFO - Setting next_dagrun for example_task_group to 2024-01-29 00:00:00+00:00, run_after=2024-01-30 00:00:00+00:00
[2024-01-30T22:23:00.909+0000] {processor.py:183} INFO - Processing /home/airflow/.local/lib/python3.8/site-packages/airflow/example_dags/example_task_group.py took 0.081 seconds
