[2024-01-30T21:53:13.955+0000] {processor.py:161} INFO - Started process (PID=78) to work on /home/airflow/.local/lib/python3.8/site-packages/airflow/example_dags/example_latest_only_with_trigger.py
[2024-01-30T21:53:13.957+0000] {processor.py:830} INFO - Processing file /home/airflow/.local/lib/python3.8/site-packages/airflow/example_dags/example_latest_only_with_trigger.py for tasks to queue
[2024-01-30T21:53:13.961+0000] {logging_mixin.py:188} INFO - [2024-01-30T21:53:13.960+0000] {dagbag.py:538} INFO - Filling up the DagBag from /home/airflow/.local/lib/python3.8/site-packages/airflow/example_dags/example_latest_only_with_trigger.py
[2024-01-30T21:53:13.975+0000] {processor.py:840} INFO - DAG(s) 'latest_only_with_trigger' retrieved from /home/airflow/.local/lib/python3.8/site-packages/airflow/example_dags/example_latest_only_with_trigger.py
[2024-01-30T21:53:14.146+0000] {logging_mixin.py:188} INFO - [2024-01-30T21:53:14.145+0000] {dag.py:3036} INFO - Sync 1 DAGs
[2024-01-30T21:53:14.179+0000] {logging_mixin.py:188} INFO - [2024-01-30T21:53:14.178+0000] {dag.py:3823} INFO - Setting next_dagrun for latest_only_with_trigger to 2024-01-30 16:00:00+00:00, run_after=2024-01-30 20:00:00+00:00
[2024-01-30T21:53:14.357+0000] {processor.py:183} INFO - Processing /home/airflow/.local/lib/python3.8/site-packages/airflow/example_dags/example_latest_only_with_trigger.py took 0.406 seconds
[2024-01-30T21:53:54.872+0000] {processor.py:161} INFO - Started process (PID=133) to work on /home/airflow/.local/lib/python3.8/site-packages/airflow/example_dags/example_latest_only_with_trigger.py
[2024-01-30T21:53:54.874+0000] {processor.py:830} INFO - Processing file /home/airflow/.local/lib/python3.8/site-packages/airflow/example_dags/example_latest_only_with_trigger.py for tasks to queue
[2024-01-30T21:53:54.876+0000] {logging_mixin.py:188} INFO - [2024-01-30T21:53:54.875+0000] {dagbag.py:538} INFO - Filling up the DagBag from /home/airflow/.local/lib/python3.8/site-packages/airflow/example_dags/example_latest_only_with_trigger.py
[2024-01-30T21:53:54.883+0000] {processor.py:840} INFO - DAG(s) 'latest_only_with_trigger' retrieved from /home/airflow/.local/lib/python3.8/site-packages/airflow/example_dags/example_latest_only_with_trigger.py
[2024-01-30T21:53:54.916+0000] {logging_mixin.py:188} INFO - [2024-01-30T21:53:54.916+0000] {dag.py:3036} INFO - Sync 1 DAGs
[2024-01-30T21:53:54.951+0000] {logging_mixin.py:188} INFO - [2024-01-30T21:53:54.950+0000] {dag.py:3823} INFO - Setting next_dagrun for latest_only_with_trigger to 2024-01-30 16:00:00+00:00, run_after=2024-01-30 20:00:00+00:00
[2024-01-30T21:53:54.998+0000] {processor.py:183} INFO - Processing /home/airflow/.local/lib/python3.8/site-packages/airflow/example_dags/example_latest_only_with_trigger.py took 0.130 seconds
[2024-01-30T21:54:34.077+0000] {processor.py:161} INFO - Started process (PID=188) to work on /home/airflow/.local/lib/python3.8/site-packages/airflow/example_dags/example_latest_only_with_trigger.py
[2024-01-30T21:54:34.079+0000] {processor.py:830} INFO - Processing file /home/airflow/.local/lib/python3.8/site-packages/airflow/example_dags/example_latest_only_with_trigger.py for tasks to queue
[2024-01-30T21:54:34.081+0000] {logging_mixin.py:188} INFO - [2024-01-30T21:54:34.081+0000] {dagbag.py:538} INFO - Filling up the DagBag from /home/airflow/.local/lib/python3.8/site-packages/airflow/example_dags/example_latest_only_with_trigger.py
[2024-01-30T21:54:34.090+0000] {processor.py:840} INFO - DAG(s) 'latest_only_with_trigger' retrieved from /home/airflow/.local/lib/python3.8/site-packages/airflow/example_dags/example_latest_only_with_trigger.py
[2024-01-30T21:54:34.126+0000] {logging_mixin.py:188} INFO - [2024-01-30T21:54:34.125+0000] {dag.py:3036} INFO - Sync 1 DAGs
[2024-01-30T21:54:34.156+0000] {logging_mixin.py:188} INFO - [2024-01-30T21:54:34.155+0000] {dag.py:3823} INFO - Setting next_dagrun for latest_only_with_trigger to 2024-01-30 16:00:00+00:00, run_after=2024-01-30 20:00:00+00:00
[2024-01-30T21:54:34.186+0000] {processor.py:183} INFO - Processing /home/airflow/.local/lib/python3.8/site-packages/airflow/example_dags/example_latest_only_with_trigger.py took 0.113 seconds
[2024-01-30T21:55:05.069+0000] {processor.py:161} INFO - Started process (PID=243) to work on /home/airflow/.local/lib/python3.8/site-packages/airflow/example_dags/example_latest_only_with_trigger.py
[2024-01-30T21:55:05.071+0000] {processor.py:830} INFO - Processing file /home/airflow/.local/lib/python3.8/site-packages/airflow/example_dags/example_latest_only_with_trigger.py for tasks to queue
[2024-01-30T21:55:05.074+0000] {logging_mixin.py:188} INFO - [2024-01-30T21:55:05.073+0000] {dagbag.py:538} INFO - Filling up the DagBag from /home/airflow/.local/lib/python3.8/site-packages/airflow/example_dags/example_latest_only_with_trigger.py
[2024-01-30T21:55:05.080+0000] {processor.py:840} INFO - DAG(s) 'latest_only_with_trigger' retrieved from /home/airflow/.local/lib/python3.8/site-packages/airflow/example_dags/example_latest_only_with_trigger.py
[2024-01-30T21:55:05.110+0000] {logging_mixin.py:188} INFO - [2024-01-30T21:55:05.109+0000] {dag.py:3036} INFO - Sync 1 DAGs
[2024-01-30T21:55:05.145+0000] {logging_mixin.py:188} INFO - [2024-01-30T21:55:05.145+0000] {dag.py:3823} INFO - Setting next_dagrun for latest_only_with_trigger to 2024-01-30 16:00:00+00:00, run_after=2024-01-30 20:00:00+00:00
[2024-01-30T21:55:05.175+0000] {processor.py:183} INFO - Processing /home/airflow/.local/lib/python3.8/site-packages/airflow/example_dags/example_latest_only_with_trigger.py took 0.109 seconds
[2024-01-30T21:55:35.443+0000] {processor.py:161} INFO - Started process (PID=298) to work on /home/airflow/.local/lib/python3.8/site-packages/airflow/example_dags/example_latest_only_with_trigger.py
[2024-01-30T21:55:35.444+0000] {processor.py:830} INFO - Processing file /home/airflow/.local/lib/python3.8/site-packages/airflow/example_dags/example_latest_only_with_trigger.py for tasks to queue
[2024-01-30T21:55:35.446+0000] {logging_mixin.py:188} INFO - [2024-01-30T21:55:35.446+0000] {dagbag.py:538} INFO - Filling up the DagBag from /home/airflow/.local/lib/python3.8/site-packages/airflow/example_dags/example_latest_only_with_trigger.py
[2024-01-30T21:55:35.451+0000] {processor.py:840} INFO - DAG(s) 'latest_only_with_trigger' retrieved from /home/airflow/.local/lib/python3.8/site-packages/airflow/example_dags/example_latest_only_with_trigger.py
[2024-01-30T21:55:35.472+0000] {logging_mixin.py:188} INFO - [2024-01-30T21:55:35.471+0000] {dag.py:3036} INFO - Sync 1 DAGs
[2024-01-30T21:55:35.494+0000] {logging_mixin.py:188} INFO - [2024-01-30T21:55:35.494+0000] {dag.py:3823} INFO - Setting next_dagrun for latest_only_with_trigger to 2024-01-30 16:00:00+00:00, run_after=2024-01-30 20:00:00+00:00
[2024-01-30T21:55:35.518+0000] {processor.py:183} INFO - Processing /home/airflow/.local/lib/python3.8/site-packages/airflow/example_dags/example_latest_only_with_trigger.py took 0.078 seconds
[2024-01-30T21:56:05.636+0000] {processor.py:161} INFO - Started process (PID=353) to work on /home/airflow/.local/lib/python3.8/site-packages/airflow/example_dags/example_latest_only_with_trigger.py
[2024-01-30T21:56:05.637+0000] {processor.py:830} INFO - Processing file /home/airflow/.local/lib/python3.8/site-packages/airflow/example_dags/example_latest_only_with_trigger.py for tasks to queue
[2024-01-30T21:56:05.639+0000] {logging_mixin.py:188} INFO - [2024-01-30T21:56:05.639+0000] {dagbag.py:538} INFO - Filling up the DagBag from /home/airflow/.local/lib/python3.8/site-packages/airflow/example_dags/example_latest_only_with_trigger.py
[2024-01-30T21:56:05.644+0000] {processor.py:840} INFO - DAG(s) 'latest_only_with_trigger' retrieved from /home/airflow/.local/lib/python3.8/site-packages/airflow/example_dags/example_latest_only_with_trigger.py
[2024-01-30T21:56:05.667+0000] {logging_mixin.py:188} INFO - [2024-01-30T21:56:05.667+0000] {dag.py:3036} INFO - Sync 1 DAGs
[2024-01-30T21:56:05.690+0000] {logging_mixin.py:188} INFO - [2024-01-30T21:56:05.689+0000] {dag.py:3823} INFO - Setting next_dagrun for latest_only_with_trigger to 2024-01-30 16:00:00+00:00, run_after=2024-01-30 20:00:00+00:00
[2024-01-30T21:56:05.716+0000] {processor.py:183} INFO - Processing /home/airflow/.local/lib/python3.8/site-packages/airflow/example_dags/example_latest_only_with_trigger.py took 0.084 seconds
[2024-01-30T21:56:35.831+0000] {processor.py:161} INFO - Started process (PID=408) to work on /home/airflow/.local/lib/python3.8/site-packages/airflow/example_dags/example_latest_only_with_trigger.py
[2024-01-30T21:56:35.832+0000] {processor.py:830} INFO - Processing file /home/airflow/.local/lib/python3.8/site-packages/airflow/example_dags/example_latest_only_with_trigger.py for tasks to queue
[2024-01-30T21:56:35.835+0000] {logging_mixin.py:188} INFO - [2024-01-30T21:56:35.834+0000] {dagbag.py:538} INFO - Filling up the DagBag from /home/airflow/.local/lib/python3.8/site-packages/airflow/example_dags/example_latest_only_with_trigger.py
[2024-01-30T21:56:35.841+0000] {processor.py:840} INFO - DAG(s) 'latest_only_with_trigger' retrieved from /home/airflow/.local/lib/python3.8/site-packages/airflow/example_dags/example_latest_only_with_trigger.py
[2024-01-30T21:56:35.866+0000] {logging_mixin.py:188} INFO - [2024-01-30T21:56:35.866+0000] {dag.py:3036} INFO - Sync 1 DAGs
[2024-01-30T21:56:35.892+0000] {logging_mixin.py:188} INFO - [2024-01-30T21:56:35.892+0000] {dag.py:3823} INFO - Setting next_dagrun for latest_only_with_trigger to 2024-01-30 16:00:00+00:00, run_after=2024-01-30 20:00:00+00:00
[2024-01-30T21:56:35.920+0000] {processor.py:183} INFO - Processing /home/airflow/.local/lib/python3.8/site-packages/airflow/example_dags/example_latest_only_with_trigger.py took 0.091 seconds
[2024-01-30T21:57:06.026+0000] {processor.py:161} INFO - Started process (PID=463) to work on /home/airflow/.local/lib/python3.8/site-packages/airflow/example_dags/example_latest_only_with_trigger.py
[2024-01-30T21:57:06.028+0000] {processor.py:830} INFO - Processing file /home/airflow/.local/lib/python3.8/site-packages/airflow/example_dags/example_latest_only_with_trigger.py for tasks to queue
[2024-01-30T21:57:06.031+0000] {logging_mixin.py:188} INFO - [2024-01-30T21:57:06.031+0000] {dagbag.py:538} INFO - Filling up the DagBag from /home/airflow/.local/lib/python3.8/site-packages/airflow/example_dags/example_latest_only_with_trigger.py
[2024-01-30T21:57:06.037+0000] {processor.py:840} INFO - DAG(s) 'latest_only_with_trigger' retrieved from /home/airflow/.local/lib/python3.8/site-packages/airflow/example_dags/example_latest_only_with_trigger.py
[2024-01-30T21:57:06.062+0000] {logging_mixin.py:188} INFO - [2024-01-30T21:57:06.062+0000] {dag.py:3036} INFO - Sync 1 DAGs
[2024-01-30T21:57:06.090+0000] {logging_mixin.py:188} INFO - [2024-01-30T21:57:06.090+0000] {dag.py:3823} INFO - Setting next_dagrun for latest_only_with_trigger to 2024-01-30 16:00:00+00:00, run_after=2024-01-30 20:00:00+00:00
[2024-01-30T21:57:06.124+0000] {processor.py:183} INFO - Processing /home/airflow/.local/lib/python3.8/site-packages/airflow/example_dags/example_latest_only_with_trigger.py took 0.101 seconds
[2024-01-30T21:57:36.489+0000] {processor.py:161} INFO - Started process (PID=518) to work on /home/airflow/.local/lib/python3.8/site-packages/airflow/example_dags/example_latest_only_with_trigger.py
[2024-01-30T21:57:36.490+0000] {processor.py:830} INFO - Processing file /home/airflow/.local/lib/python3.8/site-packages/airflow/example_dags/example_latest_only_with_trigger.py for tasks to queue
[2024-01-30T21:57:36.492+0000] {logging_mixin.py:188} INFO - [2024-01-30T21:57:36.492+0000] {dagbag.py:538} INFO - Filling up the DagBag from /home/airflow/.local/lib/python3.8/site-packages/airflow/example_dags/example_latest_only_with_trigger.py
[2024-01-30T21:57:36.499+0000] {processor.py:840} INFO - DAG(s) 'latest_only_with_trigger' retrieved from /home/airflow/.local/lib/python3.8/site-packages/airflow/example_dags/example_latest_only_with_trigger.py
[2024-01-30T21:57:36.525+0000] {logging_mixin.py:188} INFO - [2024-01-30T21:57:36.524+0000] {dag.py:3036} INFO - Sync 1 DAGs
[2024-01-30T21:57:36.552+0000] {logging_mixin.py:188} INFO - [2024-01-30T21:57:36.551+0000] {dag.py:3823} INFO - Setting next_dagrun for latest_only_with_trigger to 2024-01-30 16:00:00+00:00, run_after=2024-01-30 20:00:00+00:00
[2024-01-30T21:57:36.582+0000] {processor.py:183} INFO - Processing /home/airflow/.local/lib/python3.8/site-packages/airflow/example_dags/example_latest_only_with_trigger.py took 0.096 seconds
[2024-01-30T21:58:11.402+0000] {processor.py:161} INFO - Started process (PID=578) to work on /home/airflow/.local/lib/python3.8/site-packages/airflow/example_dags/example_latest_only_with_trigger.py
[2024-01-30T21:58:11.404+0000] {processor.py:830} INFO - Processing file /home/airflow/.local/lib/python3.8/site-packages/airflow/example_dags/example_latest_only_with_trigger.py for tasks to queue
[2024-01-30T21:58:11.406+0000] {logging_mixin.py:188} INFO - [2024-01-30T21:58:11.405+0000] {dagbag.py:538} INFO - Filling up the DagBag from /home/airflow/.local/lib/python3.8/site-packages/airflow/example_dags/example_latest_only_with_trigger.py
[2024-01-30T21:58:11.414+0000] {processor.py:840} INFO - DAG(s) 'latest_only_with_trigger' retrieved from /home/airflow/.local/lib/python3.8/site-packages/airflow/example_dags/example_latest_only_with_trigger.py
[2024-01-30T21:58:11.453+0000] {logging_mixin.py:188} INFO - [2024-01-30T21:58:11.453+0000] {dag.py:3036} INFO - Sync 1 DAGs
[2024-01-30T21:58:11.489+0000] {logging_mixin.py:188} INFO - [2024-01-30T21:58:11.489+0000] {dag.py:3823} INFO - Setting next_dagrun for latest_only_with_trigger to 2024-01-30 16:00:00+00:00, run_after=2024-01-30 20:00:00+00:00
[2024-01-30T21:58:11.526+0000] {processor.py:183} INFO - Processing /home/airflow/.local/lib/python3.8/site-packages/airflow/example_dags/example_latest_only_with_trigger.py took 0.129 seconds
[2024-01-30T21:58:42.650+0000] {processor.py:161} INFO - Started process (PID=635) to work on /home/airflow/.local/lib/python3.8/site-packages/airflow/example_dags/example_latest_only_with_trigger.py
[2024-01-30T21:58:42.658+0000] {processor.py:830} INFO - Processing file /home/airflow/.local/lib/python3.8/site-packages/airflow/example_dags/example_latest_only_with_trigger.py for tasks to queue
[2024-01-30T21:58:42.665+0000] {logging_mixin.py:188} INFO - [2024-01-30T21:58:42.664+0000] {dagbag.py:538} INFO - Filling up the DagBag from /home/airflow/.local/lib/python3.8/site-packages/airflow/example_dags/example_latest_only_with_trigger.py
[2024-01-30T21:58:42.694+0000] {processor.py:840} INFO - DAG(s) 'latest_only_with_trigger' retrieved from /home/airflow/.local/lib/python3.8/site-packages/airflow/example_dags/example_latest_only_with_trigger.py
[2024-01-30T21:58:42.746+0000] {logging_mixin.py:188} INFO - [2024-01-30T21:58:42.745+0000] {dag.py:3036} INFO - Sync 1 DAGs
[2024-01-30T21:58:42.800+0000] {logging_mixin.py:188} INFO - [2024-01-30T21:58:42.800+0000] {dag.py:3823} INFO - Setting next_dagrun for latest_only_with_trigger to 2024-01-30 16:00:00+00:00, run_after=2024-01-30 20:00:00+00:00
[2024-01-30T21:58:42.841+0000] {processor.py:183} INFO - Processing /home/airflow/.local/lib/python3.8/site-packages/airflow/example_dags/example_latest_only_with_trigger.py took 0.194 seconds
[2024-01-30T21:59:13.261+0000] {processor.py:161} INFO - Started process (PID=694) to work on /home/airflow/.local/lib/python3.8/site-packages/airflow/example_dags/example_latest_only_with_trigger.py
[2024-01-30T21:59:13.263+0000] {processor.py:830} INFO - Processing file /home/airflow/.local/lib/python3.8/site-packages/airflow/example_dags/example_latest_only_with_trigger.py for tasks to queue
[2024-01-30T21:59:13.264+0000] {logging_mixin.py:188} INFO - [2024-01-30T21:59:13.263+0000] {dagbag.py:538} INFO - Filling up the DagBag from /home/airflow/.local/lib/python3.8/site-packages/airflow/example_dags/example_latest_only_with_trigger.py
[2024-01-30T21:59:13.270+0000] {processor.py:840} INFO - DAG(s) 'latest_only_with_trigger' retrieved from /home/airflow/.local/lib/python3.8/site-packages/airflow/example_dags/example_latest_only_with_trigger.py
[2024-01-30T21:59:13.292+0000] {logging_mixin.py:188} INFO - [2024-01-30T21:59:13.291+0000] {dag.py:3036} INFO - Sync 1 DAGs
[2024-01-30T21:59:13.317+0000] {logging_mixin.py:188} INFO - [2024-01-30T21:59:13.317+0000] {dag.py:3823} INFO - Setting next_dagrun for latest_only_with_trigger to 2024-01-30 16:00:00+00:00, run_after=2024-01-30 20:00:00+00:00
[2024-01-30T21:59:13.355+0000] {processor.py:183} INFO - Processing /home/airflow/.local/lib/python3.8/site-packages/airflow/example_dags/example_latest_only_with_trigger.py took 0.096 seconds
[2024-01-30T21:59:43.705+0000] {processor.py:161} INFO - Started process (PID=753) to work on /home/airflow/.local/lib/python3.8/site-packages/airflow/example_dags/example_latest_only_with_trigger.py
[2024-01-30T21:59:43.706+0000] {processor.py:830} INFO - Processing file /home/airflow/.local/lib/python3.8/site-packages/airflow/example_dags/example_latest_only_with_trigger.py for tasks to queue
[2024-01-30T21:59:43.708+0000] {logging_mixin.py:188} INFO - [2024-01-30T21:59:43.707+0000] {dagbag.py:538} INFO - Filling up the DagBag from /home/airflow/.local/lib/python3.8/site-packages/airflow/example_dags/example_latest_only_with_trigger.py
[2024-01-30T21:59:43.713+0000] {processor.py:840} INFO - DAG(s) 'latest_only_with_trigger' retrieved from /home/airflow/.local/lib/python3.8/site-packages/airflow/example_dags/example_latest_only_with_trigger.py
[2024-01-30T21:59:43.736+0000] {logging_mixin.py:188} INFO - [2024-01-30T21:59:43.735+0000] {dag.py:3036} INFO - Sync 1 DAGs
[2024-01-30T21:59:43.759+0000] {logging_mixin.py:188} INFO - [2024-01-30T21:59:43.759+0000] {dag.py:3823} INFO - Setting next_dagrun for latest_only_with_trigger to 2024-01-30 16:00:00+00:00, run_after=2024-01-30 20:00:00+00:00
[2024-01-30T21:59:43.790+0000] {processor.py:183} INFO - Processing /home/airflow/.local/lib/python3.8/site-packages/airflow/example_dags/example_latest_only_with_trigger.py took 0.087 seconds
[2024-01-30T22:00:14.049+0000] {processor.py:161} INFO - Started process (PID=815) to work on /home/airflow/.local/lib/python3.8/site-packages/airflow/example_dags/example_latest_only_with_trigger.py
[2024-01-30T22:00:14.050+0000] {processor.py:830} INFO - Processing file /home/airflow/.local/lib/python3.8/site-packages/airflow/example_dags/example_latest_only_with_trigger.py for tasks to queue
[2024-01-30T22:00:14.052+0000] {logging_mixin.py:188} INFO - [2024-01-30T22:00:14.051+0000] {dagbag.py:538} INFO - Filling up the DagBag from /home/airflow/.local/lib/python3.8/site-packages/airflow/example_dags/example_latest_only_with_trigger.py
[2024-01-30T22:00:14.060+0000] {processor.py:840} INFO - DAG(s) 'latest_only_with_trigger' retrieved from /home/airflow/.local/lib/python3.8/site-packages/airflow/example_dags/example_latest_only_with_trigger.py
[2024-01-30T22:00:14.086+0000] {logging_mixin.py:188} INFO - [2024-01-30T22:00:14.085+0000] {dag.py:3036} INFO - Sync 1 DAGs
[2024-01-30T22:00:14.117+0000] {logging_mixin.py:188} INFO - [2024-01-30T22:00:14.117+0000] {dag.py:3823} INFO - Setting next_dagrun for latest_only_with_trigger to 2024-01-30 16:00:00+00:00, run_after=2024-01-30 20:00:00+00:00
[2024-01-30T22:00:14.162+0000] {processor.py:183} INFO - Processing /home/airflow/.local/lib/python3.8/site-packages/airflow/example_dags/example_latest_only_with_trigger.py took 0.117 seconds
[2024-01-30T22:00:44.253+0000] {processor.py:161} INFO - Started process (PID=874) to work on /home/airflow/.local/lib/python3.8/site-packages/airflow/example_dags/example_latest_only_with_trigger.py
[2024-01-30T22:00:44.254+0000] {processor.py:830} INFO - Processing file /home/airflow/.local/lib/python3.8/site-packages/airflow/example_dags/example_latest_only_with_trigger.py for tasks to queue
[2024-01-30T22:00:44.255+0000] {logging_mixin.py:188} INFO - [2024-01-30T22:00:44.255+0000] {dagbag.py:538} INFO - Filling up the DagBag from /home/airflow/.local/lib/python3.8/site-packages/airflow/example_dags/example_latest_only_with_trigger.py
[2024-01-30T22:00:44.261+0000] {processor.py:840} INFO - DAG(s) 'latest_only_with_trigger' retrieved from /home/airflow/.local/lib/python3.8/site-packages/airflow/example_dags/example_latest_only_with_trigger.py
[2024-01-30T22:00:44.280+0000] {logging_mixin.py:188} INFO - [2024-01-30T22:00:44.280+0000] {dag.py:3036} INFO - Sync 1 DAGs
[2024-01-30T22:00:44.301+0000] {logging_mixin.py:188} INFO - [2024-01-30T22:00:44.301+0000] {dag.py:3823} INFO - Setting next_dagrun for latest_only_with_trigger to 2024-01-30 16:00:00+00:00, run_after=2024-01-30 20:00:00+00:00
[2024-01-30T22:00:44.326+0000] {processor.py:183} INFO - Processing /home/airflow/.local/lib/python3.8/site-packages/airflow/example_dags/example_latest_only_with_trigger.py took 0.076 seconds
[2024-01-30T22:01:14.513+0000] {processor.py:161} INFO - Started process (PID=931) to work on /home/airflow/.local/lib/python3.8/site-packages/airflow/example_dags/example_latest_only_with_trigger.py
[2024-01-30T22:01:14.514+0000] {processor.py:830} INFO - Processing file /home/airflow/.local/lib/python3.8/site-packages/airflow/example_dags/example_latest_only_with_trigger.py for tasks to queue
[2024-01-30T22:01:14.516+0000] {logging_mixin.py:188} INFO - [2024-01-30T22:01:14.516+0000] {dagbag.py:538} INFO - Filling up the DagBag from /home/airflow/.local/lib/python3.8/site-packages/airflow/example_dags/example_latest_only_with_trigger.py
[2024-01-30T22:01:14.523+0000] {processor.py:840} INFO - DAG(s) 'latest_only_with_trigger' retrieved from /home/airflow/.local/lib/python3.8/site-packages/airflow/example_dags/example_latest_only_with_trigger.py
[2024-01-30T22:01:14.548+0000] {logging_mixin.py:188} INFO - [2024-01-30T22:01:14.548+0000] {dag.py:3036} INFO - Sync 1 DAGs
[2024-01-30T22:01:14.577+0000] {logging_mixin.py:188} INFO - [2024-01-30T22:01:14.576+0000] {dag.py:3823} INFO - Setting next_dagrun for latest_only_with_trigger to 2024-01-30 16:00:00+00:00, run_after=2024-01-30 20:00:00+00:00
[2024-01-30T22:01:14.610+0000] {processor.py:183} INFO - Processing /home/airflow/.local/lib/python3.8/site-packages/airflow/example_dags/example_latest_only_with_trigger.py took 0.100 seconds
[2024-01-30T22:01:45.510+0000] {processor.py:161} INFO - Started process (PID=994) to work on /home/airflow/.local/lib/python3.8/site-packages/airflow/example_dags/example_latest_only_with_trigger.py
[2024-01-30T22:01:45.512+0000] {processor.py:830} INFO - Processing file /home/airflow/.local/lib/python3.8/site-packages/airflow/example_dags/example_latest_only_with_trigger.py for tasks to queue
[2024-01-30T22:01:45.513+0000] {logging_mixin.py:188} INFO - [2024-01-30T22:01:45.513+0000] {dagbag.py:538} INFO - Filling up the DagBag from /home/airflow/.local/lib/python3.8/site-packages/airflow/example_dags/example_latest_only_with_trigger.py
[2024-01-30T22:01:45.521+0000] {processor.py:840} INFO - DAG(s) 'latest_only_with_trigger' retrieved from /home/airflow/.local/lib/python3.8/site-packages/airflow/example_dags/example_latest_only_with_trigger.py
[2024-01-30T22:01:45.545+0000] {logging_mixin.py:188} INFO - [2024-01-30T22:01:45.544+0000] {dag.py:3036} INFO - Sync 1 DAGs
[2024-01-30T22:01:45.569+0000] {logging_mixin.py:188} INFO - [2024-01-30T22:01:45.569+0000] {dag.py:3823} INFO - Setting next_dagrun for latest_only_with_trigger to 2024-01-30 16:00:00+00:00, run_after=2024-01-30 20:00:00+00:00
[2024-01-30T22:01:45.601+0000] {processor.py:183} INFO - Processing /home/airflow/.local/lib/python3.8/site-packages/airflow/example_dags/example_latest_only_with_trigger.py took 0.094 seconds
[2024-01-30T22:02:16.344+0000] {processor.py:161} INFO - Started process (PID=1051) to work on /home/airflow/.local/lib/python3.8/site-packages/airflow/example_dags/example_latest_only_with_trigger.py
[2024-01-30T22:02:16.345+0000] {processor.py:830} INFO - Processing file /home/airflow/.local/lib/python3.8/site-packages/airflow/example_dags/example_latest_only_with_trigger.py for tasks to queue
[2024-01-30T22:02:16.347+0000] {logging_mixin.py:188} INFO - [2024-01-30T22:02:16.346+0000] {dagbag.py:538} INFO - Filling up the DagBag from /home/airflow/.local/lib/python3.8/site-packages/airflow/example_dags/example_latest_only_with_trigger.py
[2024-01-30T22:02:16.353+0000] {processor.py:840} INFO - DAG(s) 'latest_only_with_trigger' retrieved from /home/airflow/.local/lib/python3.8/site-packages/airflow/example_dags/example_latest_only_with_trigger.py
[2024-01-30T22:02:16.376+0000] {logging_mixin.py:188} INFO - [2024-01-30T22:02:16.376+0000] {dag.py:3036} INFO - Sync 1 DAGs
[2024-01-30T22:02:16.400+0000] {logging_mixin.py:188} INFO - [2024-01-30T22:02:16.399+0000] {dag.py:3823} INFO - Setting next_dagrun for latest_only_with_trigger to 2024-01-30 16:00:00+00:00, run_after=2024-01-30 20:00:00+00:00
[2024-01-30T22:02:16.427+0000] {processor.py:183} INFO - Processing /home/airflow/.local/lib/python3.8/site-packages/airflow/example_dags/example_latest_only_with_trigger.py took 0.086 seconds
[2024-01-30T22:02:50.271+0000] {processor.py:161} INFO - Started process (PID=1110) to work on /home/airflow/.local/lib/python3.8/site-packages/airflow/example_dags/example_latest_only_with_trigger.py
[2024-01-30T22:02:50.274+0000] {processor.py:830} INFO - Processing file /home/airflow/.local/lib/python3.8/site-packages/airflow/example_dags/example_latest_only_with_trigger.py for tasks to queue
[2024-01-30T22:02:50.277+0000] {logging_mixin.py:188} INFO - [2024-01-30T22:02:50.276+0000] {dagbag.py:538} INFO - Filling up the DagBag from /home/airflow/.local/lib/python3.8/site-packages/airflow/example_dags/example_latest_only_with_trigger.py
[2024-01-30T22:02:50.292+0000] {processor.py:840} INFO - DAG(s) 'latest_only_with_trigger' retrieved from /home/airflow/.local/lib/python3.8/site-packages/airflow/example_dags/example_latest_only_with_trigger.py
[2024-01-30T22:02:50.329+0000] {logging_mixin.py:188} INFO - [2024-01-30T22:02:50.328+0000] {dag.py:3036} INFO - Sync 1 DAGs
[2024-01-30T22:02:50.363+0000] {logging_mixin.py:188} INFO - [2024-01-30T22:02:50.363+0000] {dag.py:3823} INFO - Setting next_dagrun for latest_only_with_trigger to 2024-01-30 16:00:00+00:00, run_after=2024-01-30 20:00:00+00:00
[2024-01-30T22:02:50.406+0000] {processor.py:183} INFO - Processing /home/airflow/.local/lib/python3.8/site-packages/airflow/example_dags/example_latest_only_with_trigger.py took 0.140 seconds
[2024-01-30T22:03:22.788+0000] {processor.py:161} INFO - Started process (PID=1176) to work on /home/airflow/.local/lib/python3.8/site-packages/airflow/example_dags/example_latest_only_with_trigger.py
[2024-01-30T22:03:22.789+0000] {processor.py:830} INFO - Processing file /home/airflow/.local/lib/python3.8/site-packages/airflow/example_dags/example_latest_only_with_trigger.py for tasks to queue
[2024-01-30T22:03:22.792+0000] {logging_mixin.py:188} INFO - [2024-01-30T22:03:22.791+0000] {dagbag.py:538} INFO - Filling up the DagBag from /home/airflow/.local/lib/python3.8/site-packages/airflow/example_dags/example_latest_only_with_trigger.py
[2024-01-30T22:03:22.799+0000] {processor.py:840} INFO - DAG(s) 'latest_only_with_trigger' retrieved from /home/airflow/.local/lib/python3.8/site-packages/airflow/example_dags/example_latest_only_with_trigger.py
[2024-01-30T22:03:22.827+0000] {logging_mixin.py:188} INFO - [2024-01-30T22:03:22.827+0000] {dag.py:3036} INFO - Sync 1 DAGs
[2024-01-30T22:03:22.853+0000] {logging_mixin.py:188} INFO - [2024-01-30T22:03:22.852+0000] {dag.py:3823} INFO - Setting next_dagrun for latest_only_with_trigger to 2024-01-30 16:00:00+00:00, run_after=2024-01-30 20:00:00+00:00
[2024-01-30T22:03:22.881+0000] {processor.py:183} INFO - Processing /home/airflow/.local/lib/python3.8/site-packages/airflow/example_dags/example_latest_only_with_trigger.py took 0.096 seconds
[2024-01-30T22:03:53.025+0000] {processor.py:161} INFO - Started process (PID=1237) to work on /home/airflow/.local/lib/python3.8/site-packages/airflow/example_dags/example_latest_only_with_trigger.py
[2024-01-30T22:03:53.026+0000] {processor.py:830} INFO - Processing file /home/airflow/.local/lib/python3.8/site-packages/airflow/example_dags/example_latest_only_with_trigger.py for tasks to queue
[2024-01-30T22:03:53.028+0000] {logging_mixin.py:188} INFO - [2024-01-30T22:03:53.027+0000] {dagbag.py:538} INFO - Filling up the DagBag from /home/airflow/.local/lib/python3.8/site-packages/airflow/example_dags/example_latest_only_with_trigger.py
[2024-01-30T22:03:53.034+0000] {processor.py:840} INFO - DAG(s) 'latest_only_with_trigger' retrieved from /home/airflow/.local/lib/python3.8/site-packages/airflow/example_dags/example_latest_only_with_trigger.py
[2024-01-30T22:03:53.059+0000] {logging_mixin.py:188} INFO - [2024-01-30T22:03:53.059+0000] {dag.py:3036} INFO - Sync 1 DAGs
[2024-01-30T22:03:53.084+0000] {logging_mixin.py:188} INFO - [2024-01-30T22:03:53.084+0000] {dag.py:3823} INFO - Setting next_dagrun for latest_only_with_trigger to 2024-01-30 16:00:00+00:00, run_after=2024-01-30 20:00:00+00:00
[2024-01-30T22:03:53.121+0000] {processor.py:183} INFO - Processing /home/airflow/.local/lib/python3.8/site-packages/airflow/example_dags/example_latest_only_with_trigger.py took 0.100 seconds
[2024-01-30T22:04:23.392+0000] {processor.py:161} INFO - Started process (PID=1294) to work on /home/airflow/.local/lib/python3.8/site-packages/airflow/example_dags/example_latest_only_with_trigger.py
[2024-01-30T22:04:23.394+0000] {processor.py:830} INFO - Processing file /home/airflow/.local/lib/python3.8/site-packages/airflow/example_dags/example_latest_only_with_trigger.py for tasks to queue
[2024-01-30T22:04:23.396+0000] {logging_mixin.py:188} INFO - [2024-01-30T22:04:23.395+0000] {dagbag.py:538} INFO - Filling up the DagBag from /home/airflow/.local/lib/python3.8/site-packages/airflow/example_dags/example_latest_only_with_trigger.py
[2024-01-30T22:04:23.406+0000] {processor.py:840} INFO - DAG(s) 'latest_only_with_trigger' retrieved from /home/airflow/.local/lib/python3.8/site-packages/airflow/example_dags/example_latest_only_with_trigger.py
[2024-01-30T22:04:23.441+0000] {logging_mixin.py:188} INFO - [2024-01-30T22:04:23.441+0000] {dag.py:3036} INFO - Sync 1 DAGs
[2024-01-30T22:04:23.487+0000] {logging_mixin.py:188} INFO - [2024-01-30T22:04:23.486+0000] {dag.py:3823} INFO - Setting next_dagrun for latest_only_with_trigger to 2024-01-30 16:00:00+00:00, run_after=2024-01-30 20:00:00+00:00
[2024-01-30T22:04:23.545+0000] {processor.py:183} INFO - Processing /home/airflow/.local/lib/python3.8/site-packages/airflow/example_dags/example_latest_only_with_trigger.py took 0.156 seconds
[2024-01-30T22:04:54.215+0000] {processor.py:161} INFO - Started process (PID=1351) to work on /home/airflow/.local/lib/python3.8/site-packages/airflow/example_dags/example_latest_only_with_trigger.py
[2024-01-30T22:04:54.216+0000] {processor.py:830} INFO - Processing file /home/airflow/.local/lib/python3.8/site-packages/airflow/example_dags/example_latest_only_with_trigger.py for tasks to queue
[2024-01-30T22:04:54.217+0000] {logging_mixin.py:188} INFO - [2024-01-30T22:04:54.217+0000] {dagbag.py:538} INFO - Filling up the DagBag from /home/airflow/.local/lib/python3.8/site-packages/airflow/example_dags/example_latest_only_with_trigger.py
[2024-01-30T22:04:54.223+0000] {processor.py:840} INFO - DAG(s) 'latest_only_with_trigger' retrieved from /home/airflow/.local/lib/python3.8/site-packages/airflow/example_dags/example_latest_only_with_trigger.py
[2024-01-30T22:04:54.247+0000] {logging_mixin.py:188} INFO - [2024-01-30T22:04:54.246+0000] {dag.py:3036} INFO - Sync 1 DAGs
[2024-01-30T22:04:54.275+0000] {logging_mixin.py:188} INFO - [2024-01-30T22:04:54.275+0000] {dag.py:3823} INFO - Setting next_dagrun for latest_only_with_trigger to 2024-01-30 16:00:00+00:00, run_after=2024-01-30 20:00:00+00:00
[2024-01-30T22:04:54.308+0000] {processor.py:183} INFO - Processing /home/airflow/.local/lib/python3.8/site-packages/airflow/example_dags/example_latest_only_with_trigger.py took 0.095 seconds
[2024-01-30T22:05:24.922+0000] {processor.py:161} INFO - Started process (PID=1408) to work on /home/airflow/.local/lib/python3.8/site-packages/airflow/example_dags/example_latest_only_with_trigger.py
[2024-01-30T22:05:24.923+0000] {processor.py:830} INFO - Processing file /home/airflow/.local/lib/python3.8/site-packages/airflow/example_dags/example_latest_only_with_trigger.py for tasks to queue
[2024-01-30T22:05:24.925+0000] {logging_mixin.py:188} INFO - [2024-01-30T22:05:24.924+0000] {dagbag.py:538} INFO - Filling up the DagBag from /home/airflow/.local/lib/python3.8/site-packages/airflow/example_dags/example_latest_only_with_trigger.py
[2024-01-30T22:05:24.931+0000] {processor.py:840} INFO - DAG(s) 'latest_only_with_trigger' retrieved from /home/airflow/.local/lib/python3.8/site-packages/airflow/example_dags/example_latest_only_with_trigger.py
[2024-01-30T22:05:24.953+0000] {logging_mixin.py:188} INFO - [2024-01-30T22:05:24.952+0000] {dag.py:3036} INFO - Sync 1 DAGs
[2024-01-30T22:05:24.980+0000] {logging_mixin.py:188} INFO - [2024-01-30T22:05:24.979+0000] {dag.py:3823} INFO - Setting next_dagrun for latest_only_with_trigger to 2024-01-30 16:00:00+00:00, run_after=2024-01-30 20:00:00+00:00
[2024-01-30T22:05:25.009+0000] {processor.py:183} INFO - Processing /home/airflow/.local/lib/python3.8/site-packages/airflow/example_dags/example_latest_only_with_trigger.py took 0.090 seconds
[2024-01-30T22:06:03.671+0000] {processor.py:161} INFO - Started process (PID=1470) to work on /home/airflow/.local/lib/python3.8/site-packages/airflow/example_dags/example_latest_only_with_trigger.py
[2024-01-30T22:06:03.672+0000] {processor.py:830} INFO - Processing file /home/airflow/.local/lib/python3.8/site-packages/airflow/example_dags/example_latest_only_with_trigger.py for tasks to queue
[2024-01-30T22:06:03.674+0000] {logging_mixin.py:188} INFO - [2024-01-30T22:06:03.674+0000] {dagbag.py:538} INFO - Filling up the DagBag from /home/airflow/.local/lib/python3.8/site-packages/airflow/example_dags/example_latest_only_with_trigger.py
[2024-01-30T22:06:03.682+0000] {processor.py:840} INFO - DAG(s) 'latest_only_with_trigger' retrieved from /home/airflow/.local/lib/python3.8/site-packages/airflow/example_dags/example_latest_only_with_trigger.py
[2024-01-30T22:06:03.708+0000] {logging_mixin.py:188} INFO - [2024-01-30T22:06:03.708+0000] {dag.py:3036} INFO - Sync 1 DAGs
[2024-01-30T22:06:03.738+0000] {logging_mixin.py:188} INFO - [2024-01-30T22:06:03.738+0000] {dag.py:3823} INFO - Setting next_dagrun for latest_only_with_trigger to 2024-01-30 16:00:00+00:00, run_after=2024-01-30 20:00:00+00:00
[2024-01-30T22:06:03.774+0000] {processor.py:183} INFO - Processing /home/airflow/.local/lib/python3.8/site-packages/airflow/example_dags/example_latest_only_with_trigger.py took 0.106 seconds
[2024-01-30T22:06:35.091+0000] {processor.py:161} INFO - Started process (PID=1530) to work on /home/airflow/.local/lib/python3.8/site-packages/airflow/example_dags/example_latest_only_with_trigger.py
[2024-01-30T22:06:35.093+0000] {processor.py:830} INFO - Processing file /home/airflow/.local/lib/python3.8/site-packages/airflow/example_dags/example_latest_only_with_trigger.py for tasks to queue
[2024-01-30T22:06:35.094+0000] {logging_mixin.py:188} INFO - [2024-01-30T22:06:35.094+0000] {dagbag.py:538} INFO - Filling up the DagBag from /home/airflow/.local/lib/python3.8/site-packages/airflow/example_dags/example_latest_only_with_trigger.py
[2024-01-30T22:06:35.100+0000] {processor.py:840} INFO - DAG(s) 'latest_only_with_trigger' retrieved from /home/airflow/.local/lib/python3.8/site-packages/airflow/example_dags/example_latest_only_with_trigger.py
[2024-01-30T22:06:35.123+0000] {logging_mixin.py:188} INFO - [2024-01-30T22:06:35.123+0000] {dag.py:3036} INFO - Sync 1 DAGs
[2024-01-30T22:06:35.148+0000] {logging_mixin.py:188} INFO - [2024-01-30T22:06:35.148+0000] {dag.py:3823} INFO - Setting next_dagrun for latest_only_with_trigger to 2024-01-30 16:00:00+00:00, run_after=2024-01-30 20:00:00+00:00
[2024-01-30T22:06:35.179+0000] {processor.py:183} INFO - Processing /home/airflow/.local/lib/python3.8/site-packages/airflow/example_dags/example_latest_only_with_trigger.py took 0.091 seconds
[2024-01-30T22:07:06.228+0000] {processor.py:161} INFO - Started process (PID=1587) to work on /home/airflow/.local/lib/python3.8/site-packages/airflow/example_dags/example_latest_only_with_trigger.py
[2024-01-30T22:07:06.229+0000] {processor.py:830} INFO - Processing file /home/airflow/.local/lib/python3.8/site-packages/airflow/example_dags/example_latest_only_with_trigger.py for tasks to queue
[2024-01-30T22:07:06.231+0000] {logging_mixin.py:188} INFO - [2024-01-30T22:07:06.230+0000] {dagbag.py:538} INFO - Filling up the DagBag from /home/airflow/.local/lib/python3.8/site-packages/airflow/example_dags/example_latest_only_with_trigger.py
[2024-01-30T22:07:06.240+0000] {processor.py:840} INFO - DAG(s) 'latest_only_with_trigger' retrieved from /home/airflow/.local/lib/python3.8/site-packages/airflow/example_dags/example_latest_only_with_trigger.py
[2024-01-30T22:07:06.271+0000] {logging_mixin.py:188} INFO - [2024-01-30T22:07:06.271+0000] {dag.py:3036} INFO - Sync 1 DAGs
[2024-01-30T22:07:06.305+0000] {logging_mixin.py:188} INFO - [2024-01-30T22:07:06.305+0000] {dag.py:3823} INFO - Setting next_dagrun for latest_only_with_trigger to 2024-01-30 16:00:00+00:00, run_after=2024-01-30 20:00:00+00:00
[2024-01-30T22:07:06.341+0000] {processor.py:183} INFO - Processing /home/airflow/.local/lib/python3.8/site-packages/airflow/example_dags/example_latest_only_with_trigger.py took 0.116 seconds
[2024-01-30T22:07:36.727+0000] {processor.py:161} INFO - Started process (PID=1644) to work on /home/airflow/.local/lib/python3.8/site-packages/airflow/example_dags/example_latest_only_with_trigger.py
[2024-01-30T22:07:36.728+0000] {processor.py:830} INFO - Processing file /home/airflow/.local/lib/python3.8/site-packages/airflow/example_dags/example_latest_only_with_trigger.py for tasks to queue
[2024-01-30T22:07:36.730+0000] {logging_mixin.py:188} INFO - [2024-01-30T22:07:36.729+0000] {dagbag.py:538} INFO - Filling up the DagBag from /home/airflow/.local/lib/python3.8/site-packages/airflow/example_dags/example_latest_only_with_trigger.py
[2024-01-30T22:07:36.737+0000] {processor.py:840} INFO - DAG(s) 'latest_only_with_trigger' retrieved from /home/airflow/.local/lib/python3.8/site-packages/airflow/example_dags/example_latest_only_with_trigger.py
[2024-01-30T22:07:36.759+0000] {logging_mixin.py:188} INFO - [2024-01-30T22:07:36.759+0000] {dag.py:3036} INFO - Sync 1 DAGs
[2024-01-30T22:07:36.786+0000] {logging_mixin.py:188} INFO - [2024-01-30T22:07:36.785+0000] {dag.py:3823} INFO - Setting next_dagrun for latest_only_with_trigger to 2024-01-30 16:00:00+00:00, run_after=2024-01-30 20:00:00+00:00
[2024-01-30T22:07:36.816+0000] {processor.py:183} INFO - Processing /home/airflow/.local/lib/python3.8/site-packages/airflow/example_dags/example_latest_only_with_trigger.py took 0.092 seconds
[2024-01-30T22:08:07.614+0000] {processor.py:161} INFO - Started process (PID=1702) to work on /home/airflow/.local/lib/python3.8/site-packages/airflow/example_dags/example_latest_only_with_trigger.py
[2024-01-30T22:08:07.616+0000] {processor.py:830} INFO - Processing file /home/airflow/.local/lib/python3.8/site-packages/airflow/example_dags/example_latest_only_with_trigger.py for tasks to queue
[2024-01-30T22:08:07.618+0000] {logging_mixin.py:188} INFO - [2024-01-30T22:08:07.617+0000] {dagbag.py:538} INFO - Filling up the DagBag from /home/airflow/.local/lib/python3.8/site-packages/airflow/example_dags/example_latest_only_with_trigger.py
[2024-01-30T22:08:07.627+0000] {processor.py:840} INFO - DAG(s) 'latest_only_with_trigger' retrieved from /home/airflow/.local/lib/python3.8/site-packages/airflow/example_dags/example_latest_only_with_trigger.py
[2024-01-30T22:08:07.662+0000] {logging_mixin.py:188} INFO - [2024-01-30T22:08:07.662+0000] {dag.py:3036} INFO - Sync 1 DAGs
[2024-01-30T22:08:07.698+0000] {logging_mixin.py:188} INFO - [2024-01-30T22:08:07.698+0000] {dag.py:3823} INFO - Setting next_dagrun for latest_only_with_trigger to 2024-01-30 16:00:00+00:00, run_after=2024-01-30 20:00:00+00:00
[2024-01-30T22:08:07.734+0000] {processor.py:183} INFO - Processing /home/airflow/.local/lib/python3.8/site-packages/airflow/example_dags/example_latest_only_with_trigger.py took 0.126 seconds
[2024-01-30T22:08:37.866+0000] {processor.py:161} INFO - Started process (PID=1760) to work on /home/airflow/.local/lib/python3.8/site-packages/airflow/example_dags/example_latest_only_with_trigger.py
[2024-01-30T22:08:37.868+0000] {processor.py:830} INFO - Processing file /home/airflow/.local/lib/python3.8/site-packages/airflow/example_dags/example_latest_only_with_trigger.py for tasks to queue
[2024-01-30T22:08:37.869+0000] {logging_mixin.py:188} INFO - [2024-01-30T22:08:37.868+0000] {dagbag.py:538} INFO - Filling up the DagBag from /home/airflow/.local/lib/python3.8/site-packages/airflow/example_dags/example_latest_only_with_trigger.py
[2024-01-30T22:08:37.875+0000] {processor.py:840} INFO - DAG(s) 'latest_only_with_trigger' retrieved from /home/airflow/.local/lib/python3.8/site-packages/airflow/example_dags/example_latest_only_with_trigger.py
[2024-01-30T22:08:37.897+0000] {logging_mixin.py:188} INFO - [2024-01-30T22:08:37.897+0000] {dag.py:3036} INFO - Sync 1 DAGs
[2024-01-30T22:08:37.920+0000] {logging_mixin.py:188} INFO - [2024-01-30T22:08:37.920+0000] {dag.py:3823} INFO - Setting next_dagrun for latest_only_with_trigger to 2024-01-30 16:00:00+00:00, run_after=2024-01-30 20:00:00+00:00
[2024-01-30T22:08:37.947+0000] {processor.py:183} INFO - Processing /home/airflow/.local/lib/python3.8/site-packages/airflow/example_dags/example_latest_only_with_trigger.py took 0.083 seconds
[2024-01-30T22:09:08.640+0000] {processor.py:161} INFO - Started process (PID=1816) to work on /home/airflow/.local/lib/python3.8/site-packages/airflow/example_dags/example_latest_only_with_trigger.py
[2024-01-30T22:09:08.642+0000] {processor.py:830} INFO - Processing file /home/airflow/.local/lib/python3.8/site-packages/airflow/example_dags/example_latest_only_with_trigger.py for tasks to queue
[2024-01-30T22:09:08.643+0000] {logging_mixin.py:188} INFO - [2024-01-30T22:09:08.643+0000] {dagbag.py:538} INFO - Filling up the DagBag from /home/airflow/.local/lib/python3.8/site-packages/airflow/example_dags/example_latest_only_with_trigger.py
[2024-01-30T22:09:08.651+0000] {processor.py:840} INFO - DAG(s) 'latest_only_with_trigger' retrieved from /home/airflow/.local/lib/python3.8/site-packages/airflow/example_dags/example_latest_only_with_trigger.py
[2024-01-30T22:09:08.667+0000] {logging_mixin.py:188} INFO - [2024-01-30T22:09:08.667+0000] {dag.py:3036} INFO - Sync 1 DAGs
[2024-01-30T22:09:08.698+0000] {logging_mixin.py:188} INFO - [2024-01-30T22:09:08.698+0000] {dag.py:3823} INFO - Setting next_dagrun for latest_only_with_trigger to 2024-01-30 16:00:00+00:00, run_after=2024-01-30 20:00:00+00:00
[2024-01-30T22:09:08.729+0000] {processor.py:183} INFO - Processing /home/airflow/.local/lib/python3.8/site-packages/airflow/example_dags/example_latest_only_with_trigger.py took 0.092 seconds
[2024-01-30T22:09:39.564+0000] {processor.py:161} INFO - Started process (PID=1873) to work on /home/airflow/.local/lib/python3.8/site-packages/airflow/example_dags/example_latest_only_with_trigger.py
[2024-01-30T22:09:39.565+0000] {processor.py:830} INFO - Processing file /home/airflow/.local/lib/python3.8/site-packages/airflow/example_dags/example_latest_only_with_trigger.py for tasks to queue
[2024-01-30T22:09:39.567+0000] {logging_mixin.py:188} INFO - [2024-01-30T22:09:39.566+0000] {dagbag.py:538} INFO - Filling up the DagBag from /home/airflow/.local/lib/python3.8/site-packages/airflow/example_dags/example_latest_only_with_trigger.py
[2024-01-30T22:09:39.575+0000] {processor.py:840} INFO - DAG(s) 'latest_only_with_trigger' retrieved from /home/airflow/.local/lib/python3.8/site-packages/airflow/example_dags/example_latest_only_with_trigger.py
[2024-01-30T22:09:39.712+0000] {logging_mixin.py:188} INFO - [2024-01-30T22:09:39.712+0000] {dag.py:3036} INFO - Sync 1 DAGs
[2024-01-30T22:09:39.738+0000] {logging_mixin.py:188} INFO - [2024-01-30T22:09:39.738+0000] {dag.py:3823} INFO - Setting next_dagrun for latest_only_with_trigger to 2024-01-30 16:00:00+00:00, run_after=2024-01-30 20:00:00+00:00
[2024-01-30T22:09:39.814+0000] {processor.py:183} INFO - Processing /home/airflow/.local/lib/python3.8/site-packages/airflow/example_dags/example_latest_only_with_trigger.py took 0.253 seconds
[2024-01-30T22:10:10.388+0000] {processor.py:161} INFO - Started process (PID=1930) to work on /home/airflow/.local/lib/python3.8/site-packages/airflow/example_dags/example_latest_only_with_trigger.py
[2024-01-30T22:10:10.389+0000] {processor.py:830} INFO - Processing file /home/airflow/.local/lib/python3.8/site-packages/airflow/example_dags/example_latest_only_with_trigger.py for tasks to queue
[2024-01-30T22:10:10.390+0000] {logging_mixin.py:188} INFO - [2024-01-30T22:10:10.390+0000] {dagbag.py:538} INFO - Filling up the DagBag from /home/airflow/.local/lib/python3.8/site-packages/airflow/example_dags/example_latest_only_with_trigger.py
[2024-01-30T22:10:10.396+0000] {processor.py:840} INFO - DAG(s) 'latest_only_with_trigger' retrieved from /home/airflow/.local/lib/python3.8/site-packages/airflow/example_dags/example_latest_only_with_trigger.py
[2024-01-30T22:10:10.420+0000] {logging_mixin.py:188} INFO - [2024-01-30T22:10:10.419+0000] {dag.py:3036} INFO - Sync 1 DAGs
[2024-01-30T22:10:10.444+0000] {logging_mixin.py:188} INFO - [2024-01-30T22:10:10.444+0000] {dag.py:3823} INFO - Setting next_dagrun for latest_only_with_trigger to 2024-01-30 16:00:00+00:00, run_after=2024-01-30 20:00:00+00:00
[2024-01-30T22:10:10.475+0000] {processor.py:183} INFO - Processing /home/airflow/.local/lib/python3.8/site-packages/airflow/example_dags/example_latest_only_with_trigger.py took 0.091 seconds
[2024-01-30T22:10:41.277+0000] {processor.py:161} INFO - Started process (PID=1987) to work on /home/airflow/.local/lib/python3.8/site-packages/airflow/example_dags/example_latest_only_with_trigger.py
[2024-01-30T22:10:41.279+0000] {processor.py:830} INFO - Processing file /home/airflow/.local/lib/python3.8/site-packages/airflow/example_dags/example_latest_only_with_trigger.py for tasks to queue
[2024-01-30T22:10:41.281+0000] {logging_mixin.py:188} INFO - [2024-01-30T22:10:41.280+0000] {dagbag.py:538} INFO - Filling up the DagBag from /home/airflow/.local/lib/python3.8/site-packages/airflow/example_dags/example_latest_only_with_trigger.py
[2024-01-30T22:10:41.287+0000] {processor.py:840} INFO - DAG(s) 'latest_only_with_trigger' retrieved from /home/airflow/.local/lib/python3.8/site-packages/airflow/example_dags/example_latest_only_with_trigger.py
[2024-01-30T22:10:41.312+0000] {logging_mixin.py:188} INFO - [2024-01-30T22:10:41.312+0000] {dag.py:3036} INFO - Sync 1 DAGs
[2024-01-30T22:10:41.344+0000] {logging_mixin.py:188} INFO - [2024-01-30T22:10:41.343+0000] {dag.py:3823} INFO - Setting next_dagrun for latest_only_with_trigger to 2024-01-30 16:00:00+00:00, run_after=2024-01-30 20:00:00+00:00
[2024-01-30T22:10:41.376+0000] {processor.py:183} INFO - Processing /home/airflow/.local/lib/python3.8/site-packages/airflow/example_dags/example_latest_only_with_trigger.py took 0.101 seconds
[2024-01-30T22:11:12.096+0000] {processor.py:161} INFO - Started process (PID=2044) to work on /home/airflow/.local/lib/python3.8/site-packages/airflow/example_dags/example_latest_only_with_trigger.py
[2024-01-30T22:11:12.098+0000] {processor.py:830} INFO - Processing file /home/airflow/.local/lib/python3.8/site-packages/airflow/example_dags/example_latest_only_with_trigger.py for tasks to queue
[2024-01-30T22:11:12.100+0000] {logging_mixin.py:188} INFO - [2024-01-30T22:11:12.099+0000] {dagbag.py:538} INFO - Filling up the DagBag from /home/airflow/.local/lib/python3.8/site-packages/airflow/example_dags/example_latest_only_with_trigger.py
[2024-01-30T22:11:12.107+0000] {processor.py:840} INFO - DAG(s) 'latest_only_with_trigger' retrieved from /home/airflow/.local/lib/python3.8/site-packages/airflow/example_dags/example_latest_only_with_trigger.py
[2024-01-30T22:11:12.132+0000] {logging_mixin.py:188} INFO - [2024-01-30T22:11:12.132+0000] {dag.py:3036} INFO - Sync 1 DAGs
[2024-01-30T22:11:12.160+0000] {logging_mixin.py:188} INFO - [2024-01-30T22:11:12.160+0000] {dag.py:3823} INFO - Setting next_dagrun for latest_only_with_trigger to 2024-01-30 16:00:00+00:00, run_after=2024-01-30 20:00:00+00:00
[2024-01-30T22:11:12.190+0000] {processor.py:183} INFO - Processing /home/airflow/.local/lib/python3.8/site-packages/airflow/example_dags/example_latest_only_with_trigger.py took 0.097 seconds
[2024-01-30T22:11:42.538+0000] {processor.py:161} INFO - Started process (PID=2101) to work on /home/airflow/.local/lib/python3.8/site-packages/airflow/example_dags/example_latest_only_with_trigger.py
[2024-01-30T22:11:42.540+0000] {processor.py:830} INFO - Processing file /home/airflow/.local/lib/python3.8/site-packages/airflow/example_dags/example_latest_only_with_trigger.py for tasks to queue
[2024-01-30T22:11:42.542+0000] {logging_mixin.py:188} INFO - [2024-01-30T22:11:42.542+0000] {dagbag.py:538} INFO - Filling up the DagBag from /home/airflow/.local/lib/python3.8/site-packages/airflow/example_dags/example_latest_only_with_trigger.py
[2024-01-30T22:11:42.550+0000] {processor.py:840} INFO - DAG(s) 'latest_only_with_trigger' retrieved from /home/airflow/.local/lib/python3.8/site-packages/airflow/example_dags/example_latest_only_with_trigger.py
[2024-01-30T22:11:42.584+0000] {logging_mixin.py:188} INFO - [2024-01-30T22:11:42.583+0000] {dag.py:3036} INFO - Sync 1 DAGs
[2024-01-30T22:11:42.616+0000] {logging_mixin.py:188} INFO - [2024-01-30T22:11:42.615+0000] {dag.py:3823} INFO - Setting next_dagrun for latest_only_with_trigger to 2024-01-30 16:00:00+00:00, run_after=2024-01-30 20:00:00+00:00
[2024-01-30T22:11:42.651+0000] {processor.py:183} INFO - Processing /home/airflow/.local/lib/python3.8/site-packages/airflow/example_dags/example_latest_only_with_trigger.py took 0.117 seconds
[2024-01-30T22:12:13.300+0000] {processor.py:161} INFO - Started process (PID=2158) to work on /home/airflow/.local/lib/python3.8/site-packages/airflow/example_dags/example_latest_only_with_trigger.py
[2024-01-30T22:12:13.302+0000] {processor.py:830} INFO - Processing file /home/airflow/.local/lib/python3.8/site-packages/airflow/example_dags/example_latest_only_with_trigger.py for tasks to queue
[2024-01-30T22:12:13.304+0000] {logging_mixin.py:188} INFO - [2024-01-30T22:12:13.303+0000] {dagbag.py:538} INFO - Filling up the DagBag from /home/airflow/.local/lib/python3.8/site-packages/airflow/example_dags/example_latest_only_with_trigger.py
[2024-01-30T22:12:13.315+0000] {processor.py:840} INFO - DAG(s) 'latest_only_with_trigger' retrieved from /home/airflow/.local/lib/python3.8/site-packages/airflow/example_dags/example_latest_only_with_trigger.py
[2024-01-30T22:12:13.350+0000] {logging_mixin.py:188} INFO - [2024-01-30T22:12:13.350+0000] {dag.py:3036} INFO - Sync 1 DAGs
[2024-01-30T22:12:13.400+0000] {logging_mixin.py:188} INFO - [2024-01-30T22:12:13.400+0000] {dag.py:3823} INFO - Setting next_dagrun for latest_only_with_trigger to 2024-01-30 16:00:00+00:00, run_after=2024-01-30 20:00:00+00:00
[2024-01-30T22:12:13.449+0000] {processor.py:183} INFO - Processing /home/airflow/.local/lib/python3.8/site-packages/airflow/example_dags/example_latest_only_with_trigger.py took 0.152 seconds
[2024-01-30T22:12:43.891+0000] {processor.py:161} INFO - Started process (PID=2215) to work on /home/airflow/.local/lib/python3.8/site-packages/airflow/example_dags/example_latest_only_with_trigger.py
[2024-01-30T22:12:43.892+0000] {processor.py:830} INFO - Processing file /home/airflow/.local/lib/python3.8/site-packages/airflow/example_dags/example_latest_only_with_trigger.py for tasks to queue
[2024-01-30T22:12:43.894+0000] {logging_mixin.py:188} INFO - [2024-01-30T22:12:43.893+0000] {dagbag.py:538} INFO - Filling up the DagBag from /home/airflow/.local/lib/python3.8/site-packages/airflow/example_dags/example_latest_only_with_trigger.py
[2024-01-30T22:12:43.901+0000] {processor.py:840} INFO - DAG(s) 'latest_only_with_trigger' retrieved from /home/airflow/.local/lib/python3.8/site-packages/airflow/example_dags/example_latest_only_with_trigger.py
[2024-01-30T22:12:43.926+0000] {logging_mixin.py:188} INFO - [2024-01-30T22:12:43.926+0000] {dag.py:3036} INFO - Sync 1 DAGs
[2024-01-30T22:12:43.953+0000] {logging_mixin.py:188} INFO - [2024-01-30T22:12:43.953+0000] {dag.py:3823} INFO - Setting next_dagrun for latest_only_with_trigger to 2024-01-30 16:00:00+00:00, run_after=2024-01-30 20:00:00+00:00
[2024-01-30T22:12:43.983+0000] {processor.py:183} INFO - Processing /home/airflow/.local/lib/python3.8/site-packages/airflow/example_dags/example_latest_only_with_trigger.py took 0.095 seconds
[2024-01-30T22:13:14.814+0000] {processor.py:161} INFO - Started process (PID=2272) to work on /home/airflow/.local/lib/python3.8/site-packages/airflow/example_dags/example_latest_only_with_trigger.py
[2024-01-30T22:13:14.816+0000] {processor.py:830} INFO - Processing file /home/airflow/.local/lib/python3.8/site-packages/airflow/example_dags/example_latest_only_with_trigger.py for tasks to queue
[2024-01-30T22:13:14.818+0000] {logging_mixin.py:188} INFO - [2024-01-30T22:13:14.817+0000] {dagbag.py:538} INFO - Filling up the DagBag from /home/airflow/.local/lib/python3.8/site-packages/airflow/example_dags/example_latest_only_with_trigger.py
[2024-01-30T22:13:14.825+0000] {processor.py:840} INFO - DAG(s) 'latest_only_with_trigger' retrieved from /home/airflow/.local/lib/python3.8/site-packages/airflow/example_dags/example_latest_only_with_trigger.py
[2024-01-30T22:13:14.855+0000] {logging_mixin.py:188} INFO - [2024-01-30T22:13:14.855+0000] {dag.py:3036} INFO - Sync 1 DAGs
[2024-01-30T22:13:14.886+0000] {logging_mixin.py:188} INFO - [2024-01-30T22:13:14.885+0000] {dag.py:3823} INFO - Setting next_dagrun for latest_only_with_trigger to 2024-01-30 16:00:00+00:00, run_after=2024-01-30 20:00:00+00:00
[2024-01-30T22:13:14.915+0000] {processor.py:183} INFO - Processing /home/airflow/.local/lib/python3.8/site-packages/airflow/example_dags/example_latest_only_with_trigger.py took 0.105 seconds
[2024-01-30T22:13:45.610+0000] {processor.py:161} INFO - Started process (PID=2329) to work on /home/airflow/.local/lib/python3.8/site-packages/airflow/example_dags/example_latest_only_with_trigger.py
[2024-01-30T22:13:45.612+0000] {processor.py:830} INFO - Processing file /home/airflow/.local/lib/python3.8/site-packages/airflow/example_dags/example_latest_only_with_trigger.py for tasks to queue
[2024-01-30T22:13:45.613+0000] {logging_mixin.py:188} INFO - [2024-01-30T22:13:45.613+0000] {dagbag.py:538} INFO - Filling up the DagBag from /home/airflow/.local/lib/python3.8/site-packages/airflow/example_dags/example_latest_only_with_trigger.py
[2024-01-30T22:13:45.620+0000] {processor.py:840} INFO - DAG(s) 'latest_only_with_trigger' retrieved from /home/airflow/.local/lib/python3.8/site-packages/airflow/example_dags/example_latest_only_with_trigger.py
[2024-01-30T22:13:45.645+0000] {logging_mixin.py:188} INFO - [2024-01-30T22:13:45.644+0000] {dag.py:3036} INFO - Sync 1 DAGs
[2024-01-30T22:13:45.672+0000] {logging_mixin.py:188} INFO - [2024-01-30T22:13:45.672+0000] {dag.py:3823} INFO - Setting next_dagrun for latest_only_with_trigger to 2024-01-30 16:00:00+00:00, run_after=2024-01-30 20:00:00+00:00
[2024-01-30T22:13:45.705+0000] {processor.py:183} INFO - Processing /home/airflow/.local/lib/python3.8/site-packages/airflow/example_dags/example_latest_only_with_trigger.py took 0.099 seconds
[2024-01-30T22:14:21.114+0000] {processor.py:161} INFO - Started process (PID=2387) to work on /home/airflow/.local/lib/python3.8/site-packages/airflow/example_dags/example_latest_only_with_trigger.py
[2024-01-30T22:14:21.115+0000] {processor.py:830} INFO - Processing file /home/airflow/.local/lib/python3.8/site-packages/airflow/example_dags/example_latest_only_with_trigger.py for tasks to queue
[2024-01-30T22:14:21.117+0000] {logging_mixin.py:188} INFO - [2024-01-30T22:14:21.117+0000] {dagbag.py:538} INFO - Filling up the DagBag from /home/airflow/.local/lib/python3.8/site-packages/airflow/example_dags/example_latest_only_with_trigger.py
[2024-01-30T22:14:21.126+0000] {processor.py:840} INFO - DAG(s) 'latest_only_with_trigger' retrieved from /home/airflow/.local/lib/python3.8/site-packages/airflow/example_dags/example_latest_only_with_trigger.py
[2024-01-30T22:14:21.157+0000] {logging_mixin.py:188} INFO - [2024-01-30T22:14:21.157+0000] {dag.py:3036} INFO - Sync 1 DAGs
[2024-01-30T22:14:21.193+0000] {logging_mixin.py:188} INFO - [2024-01-30T22:14:21.192+0000] {dag.py:3823} INFO - Setting next_dagrun for latest_only_with_trigger to 2024-01-30 16:00:00+00:00, run_after=2024-01-30 20:00:00+00:00
[2024-01-30T22:14:21.229+0000] {processor.py:183} INFO - Processing /home/airflow/.local/lib/python3.8/site-packages/airflow/example_dags/example_latest_only_with_trigger.py took 0.118 seconds
[2024-01-30T22:14:52.317+0000] {processor.py:161} INFO - Started process (PID=2445) to work on /home/airflow/.local/lib/python3.8/site-packages/airflow/example_dags/example_latest_only_with_trigger.py
[2024-01-30T22:14:52.319+0000] {processor.py:830} INFO - Processing file /home/airflow/.local/lib/python3.8/site-packages/airflow/example_dags/example_latest_only_with_trigger.py for tasks to queue
[2024-01-30T22:14:52.321+0000] {logging_mixin.py:188} INFO - [2024-01-30T22:14:52.320+0000] {dagbag.py:538} INFO - Filling up the DagBag from /home/airflow/.local/lib/python3.8/site-packages/airflow/example_dags/example_latest_only_with_trigger.py
[2024-01-30T22:14:52.327+0000] {processor.py:840} INFO - DAG(s) 'latest_only_with_trigger' retrieved from /home/airflow/.local/lib/python3.8/site-packages/airflow/example_dags/example_latest_only_with_trigger.py
[2024-01-30T22:14:52.352+0000] {logging_mixin.py:188} INFO - [2024-01-30T22:14:52.351+0000] {dag.py:3036} INFO - Sync 1 DAGs
[2024-01-30T22:14:52.377+0000] {logging_mixin.py:188} INFO - [2024-01-30T22:14:52.377+0000] {dag.py:3823} INFO - Setting next_dagrun for latest_only_with_trigger to 2024-01-30 16:00:00+00:00, run_after=2024-01-30 20:00:00+00:00
[2024-01-30T22:14:52.412+0000] {processor.py:183} INFO - Processing /home/airflow/.local/lib/python3.8/site-packages/airflow/example_dags/example_latest_only_with_trigger.py took 0.098 seconds
[2024-01-30T22:15:23.360+0000] {processor.py:161} INFO - Started process (PID=2504) to work on /home/airflow/.local/lib/python3.8/site-packages/airflow/example_dags/example_latest_only_with_trigger.py
[2024-01-30T22:15:23.362+0000] {processor.py:830} INFO - Processing file /home/airflow/.local/lib/python3.8/site-packages/airflow/example_dags/example_latest_only_with_trigger.py for tasks to queue
[2024-01-30T22:15:23.366+0000] {logging_mixin.py:188} INFO - [2024-01-30T22:15:23.364+0000] {dagbag.py:538} INFO - Filling up the DagBag from /home/airflow/.local/lib/python3.8/site-packages/airflow/example_dags/example_latest_only_with_trigger.py
[2024-01-30T22:15:23.376+0000] {processor.py:840} INFO - DAG(s) 'latest_only_with_trigger' retrieved from /home/airflow/.local/lib/python3.8/site-packages/airflow/example_dags/example_latest_only_with_trigger.py
[2024-01-30T22:15:23.406+0000] {logging_mixin.py:188} INFO - [2024-01-30T22:15:23.406+0000] {dag.py:3036} INFO - Sync 1 DAGs
[2024-01-30T22:15:23.439+0000] {logging_mixin.py:188} INFO - [2024-01-30T22:15:23.439+0000] {dag.py:3823} INFO - Setting next_dagrun for latest_only_with_trigger to 2024-01-30 16:00:00+00:00, run_after=2024-01-30 20:00:00+00:00
[2024-01-30T22:15:23.648+0000] {processor.py:183} INFO - Processing /home/airflow/.local/lib/python3.8/site-packages/airflow/example_dags/example_latest_only_with_trigger.py took 0.292 seconds
[2024-01-30T22:15:53.862+0000] {processor.py:161} INFO - Started process (PID=2569) to work on /home/airflow/.local/lib/python3.8/site-packages/airflow/example_dags/example_latest_only_with_trigger.py
[2024-01-30T22:15:53.865+0000] {processor.py:830} INFO - Processing file /home/airflow/.local/lib/python3.8/site-packages/airflow/example_dags/example_latest_only_with_trigger.py for tasks to queue
[2024-01-30T22:15:53.867+0000] {logging_mixin.py:188} INFO - [2024-01-30T22:15:53.866+0000] {dagbag.py:538} INFO - Filling up the DagBag from /home/airflow/.local/lib/python3.8/site-packages/airflow/example_dags/example_latest_only_with_trigger.py
[2024-01-30T22:15:53.877+0000] {processor.py:840} INFO - DAG(s) 'latest_only_with_trigger' retrieved from /home/airflow/.local/lib/python3.8/site-packages/airflow/example_dags/example_latest_only_with_trigger.py
[2024-01-30T22:15:53.926+0000] {logging_mixin.py:188} INFO - [2024-01-30T22:15:53.925+0000] {dag.py:3036} INFO - Sync 1 DAGs
[2024-01-30T22:15:53.965+0000] {logging_mixin.py:188} INFO - [2024-01-30T22:15:53.964+0000] {dag.py:3823} INFO - Setting next_dagrun for latest_only_with_trigger to 2024-01-30 16:00:00+00:00, run_after=2024-01-30 20:00:00+00:00
[2024-01-30T22:15:54.010+0000] {processor.py:183} INFO - Processing /home/airflow/.local/lib/python3.8/site-packages/airflow/example_dags/example_latest_only_with_trigger.py took 0.151 seconds
[2024-01-30T22:16:24.190+0000] {processor.py:161} INFO - Started process (PID=2632) to work on /home/airflow/.local/lib/python3.8/site-packages/airflow/example_dags/example_latest_only_with_trigger.py
[2024-01-30T22:16:24.192+0000] {processor.py:830} INFO - Processing file /home/airflow/.local/lib/python3.8/site-packages/airflow/example_dags/example_latest_only_with_trigger.py for tasks to queue
[2024-01-30T22:16:24.194+0000] {logging_mixin.py:188} INFO - [2024-01-30T22:16:24.193+0000] {dagbag.py:538} INFO - Filling up the DagBag from /home/airflow/.local/lib/python3.8/site-packages/airflow/example_dags/example_latest_only_with_trigger.py
[2024-01-30T22:16:24.201+0000] {processor.py:840} INFO - DAG(s) 'latest_only_with_trigger' retrieved from /home/airflow/.local/lib/python3.8/site-packages/airflow/example_dags/example_latest_only_with_trigger.py
[2024-01-30T22:16:24.229+0000] {logging_mixin.py:188} INFO - [2024-01-30T22:16:24.229+0000] {dag.py:3036} INFO - Sync 1 DAGs
[2024-01-30T22:16:24.257+0000] {logging_mixin.py:188} INFO - [2024-01-30T22:16:24.257+0000] {dag.py:3823} INFO - Setting next_dagrun for latest_only_with_trigger to 2024-01-30 16:00:00+00:00, run_after=2024-01-30 20:00:00+00:00
[2024-01-30T22:16:24.291+0000] {processor.py:183} INFO - Processing /home/airflow/.local/lib/python3.8/site-packages/airflow/example_dags/example_latest_only_with_trigger.py took 0.103 seconds
[2024-01-30T22:16:54.971+0000] {processor.py:161} INFO - Started process (PID=2689) to work on /home/airflow/.local/lib/python3.8/site-packages/airflow/example_dags/example_latest_only_with_trigger.py
[2024-01-30T22:16:54.973+0000] {processor.py:830} INFO - Processing file /home/airflow/.local/lib/python3.8/site-packages/airflow/example_dags/example_latest_only_with_trigger.py for tasks to queue
[2024-01-30T22:16:54.974+0000] {logging_mixin.py:188} INFO - [2024-01-30T22:16:54.974+0000] {dagbag.py:538} INFO - Filling up the DagBag from /home/airflow/.local/lib/python3.8/site-packages/airflow/example_dags/example_latest_only_with_trigger.py
[2024-01-30T22:16:54.980+0000] {processor.py:840} INFO - DAG(s) 'latest_only_with_trigger' retrieved from /home/airflow/.local/lib/python3.8/site-packages/airflow/example_dags/example_latest_only_with_trigger.py
[2024-01-30T22:16:55.004+0000] {logging_mixin.py:188} INFO - [2024-01-30T22:16:55.004+0000] {dag.py:3036} INFO - Sync 1 DAGs
[2024-01-30T22:16:55.028+0000] {logging_mixin.py:188} INFO - [2024-01-30T22:16:55.028+0000] {dag.py:3823} INFO - Setting next_dagrun for latest_only_with_trigger to 2024-01-30 16:00:00+00:00, run_after=2024-01-30 20:00:00+00:00
[2024-01-30T22:16:55.053+0000] {processor.py:183} INFO - Processing /home/airflow/.local/lib/python3.8/site-packages/airflow/example_dags/example_latest_only_with_trigger.py took 0.085 seconds
[2024-01-30T22:17:27.386+0000] {processor.py:161} INFO - Started process (PID=2748) to work on /home/airflow/.local/lib/python3.8/site-packages/airflow/example_dags/example_latest_only_with_trigger.py
[2024-01-30T22:17:27.387+0000] {processor.py:830} INFO - Processing file /home/airflow/.local/lib/python3.8/site-packages/airflow/example_dags/example_latest_only_with_trigger.py for tasks to queue
[2024-01-30T22:17:27.389+0000] {logging_mixin.py:188} INFO - [2024-01-30T22:17:27.389+0000] {dagbag.py:538} INFO - Filling up the DagBag from /home/airflow/.local/lib/python3.8/site-packages/airflow/example_dags/example_latest_only_with_trigger.py
[2024-01-30T22:17:27.396+0000] {processor.py:840} INFO - DAG(s) 'latest_only_with_trigger' retrieved from /home/airflow/.local/lib/python3.8/site-packages/airflow/example_dags/example_latest_only_with_trigger.py
[2024-01-30T22:17:27.423+0000] {logging_mixin.py:188} INFO - [2024-01-30T22:17:27.422+0000] {dag.py:3036} INFO - Sync 1 DAGs
[2024-01-30T22:17:27.592+0000] {logging_mixin.py:188} INFO - [2024-01-30T22:17:27.591+0000] {dag.py:3823} INFO - Setting next_dagrun for latest_only_with_trigger to 2024-01-30 16:00:00+00:00, run_after=2024-01-30 20:00:00+00:00
[2024-01-30T22:17:27.623+0000] {processor.py:183} INFO - Processing /home/airflow/.local/lib/python3.8/site-packages/airflow/example_dags/example_latest_only_with_trigger.py took 0.240 seconds
[2024-01-30T22:17:57.672+0000] {processor.py:161} INFO - Started process (PID=2805) to work on /home/airflow/.local/lib/python3.8/site-packages/airflow/example_dags/example_latest_only_with_trigger.py
[2024-01-30T22:17:57.673+0000] {processor.py:830} INFO - Processing file /home/airflow/.local/lib/python3.8/site-packages/airflow/example_dags/example_latest_only_with_trigger.py for tasks to queue
[2024-01-30T22:17:57.674+0000] {logging_mixin.py:188} INFO - [2024-01-30T22:17:57.674+0000] {dagbag.py:538} INFO - Filling up the DagBag from /home/airflow/.local/lib/python3.8/site-packages/airflow/example_dags/example_latest_only_with_trigger.py
[2024-01-30T22:17:57.680+0000] {processor.py:840} INFO - DAG(s) 'latest_only_with_trigger' retrieved from /home/airflow/.local/lib/python3.8/site-packages/airflow/example_dags/example_latest_only_with_trigger.py
[2024-01-30T22:17:57.705+0000] {logging_mixin.py:188} INFO - [2024-01-30T22:17:57.704+0000] {dag.py:3036} INFO - Sync 1 DAGs
[2024-01-30T22:17:57.729+0000] {logging_mixin.py:188} INFO - [2024-01-30T22:17:57.729+0000] {dag.py:3823} INFO - Setting next_dagrun for latest_only_with_trigger to 2024-01-30 16:00:00+00:00, run_after=2024-01-30 20:00:00+00:00
[2024-01-30T22:17:57.760+0000] {processor.py:183} INFO - Processing /home/airflow/.local/lib/python3.8/site-packages/airflow/example_dags/example_latest_only_with_trigger.py took 0.091 seconds
[2024-01-30T22:18:28.099+0000] {processor.py:161} INFO - Started process (PID=2863) to work on /home/airflow/.local/lib/python3.8/site-packages/airflow/example_dags/example_latest_only_with_trigger.py
[2024-01-30T22:18:28.101+0000] {processor.py:830} INFO - Processing file /home/airflow/.local/lib/python3.8/site-packages/airflow/example_dags/example_latest_only_with_trigger.py for tasks to queue
[2024-01-30T22:18:28.102+0000] {logging_mixin.py:188} INFO - [2024-01-30T22:18:28.102+0000] {dagbag.py:538} INFO - Filling up the DagBag from /home/airflow/.local/lib/python3.8/site-packages/airflow/example_dags/example_latest_only_with_trigger.py
[2024-01-30T22:18:28.110+0000] {processor.py:840} INFO - DAG(s) 'latest_only_with_trigger' retrieved from /home/airflow/.local/lib/python3.8/site-packages/airflow/example_dags/example_latest_only_with_trigger.py
[2024-01-30T22:18:28.136+0000] {logging_mixin.py:188} INFO - [2024-01-30T22:18:28.136+0000] {dag.py:3036} INFO - Sync 1 DAGs
[2024-01-30T22:18:28.165+0000] {logging_mixin.py:188} INFO - [2024-01-30T22:18:28.164+0000] {dag.py:3823} INFO - Setting next_dagrun for latest_only_with_trigger to 2024-01-30 16:00:00+00:00, run_after=2024-01-30 20:00:00+00:00
[2024-01-30T22:18:28.193+0000] {processor.py:183} INFO - Processing /home/airflow/.local/lib/python3.8/site-packages/airflow/example_dags/example_latest_only_with_trigger.py took 0.098 seconds
[2024-01-30T22:18:58.490+0000] {processor.py:161} INFO - Started process (PID=2920) to work on /home/airflow/.local/lib/python3.8/site-packages/airflow/example_dags/example_latest_only_with_trigger.py
[2024-01-30T22:18:58.492+0000] {processor.py:830} INFO - Processing file /home/airflow/.local/lib/python3.8/site-packages/airflow/example_dags/example_latest_only_with_trigger.py for tasks to queue
[2024-01-30T22:18:58.494+0000] {logging_mixin.py:188} INFO - [2024-01-30T22:18:58.493+0000] {dagbag.py:538} INFO - Filling up the DagBag from /home/airflow/.local/lib/python3.8/site-packages/airflow/example_dags/example_latest_only_with_trigger.py
[2024-01-30T22:18:58.501+0000] {processor.py:840} INFO - DAG(s) 'latest_only_with_trigger' retrieved from /home/airflow/.local/lib/python3.8/site-packages/airflow/example_dags/example_latest_only_with_trigger.py
[2024-01-30T22:18:58.532+0000] {logging_mixin.py:188} INFO - [2024-01-30T22:18:58.532+0000] {dag.py:3036} INFO - Sync 1 DAGs
[2024-01-30T22:18:58.565+0000] {logging_mixin.py:188} INFO - [2024-01-30T22:18:58.564+0000] {dag.py:3823} INFO - Setting next_dagrun for latest_only_with_trigger to 2024-01-30 16:00:00+00:00, run_after=2024-01-30 20:00:00+00:00
[2024-01-30T22:18:58.591+0000] {processor.py:183} INFO - Processing /home/airflow/.local/lib/python3.8/site-packages/airflow/example_dags/example_latest_only_with_trigger.py took 0.104 seconds
[2024-01-30T22:19:32.114+0000] {processor.py:161} INFO - Started process (PID=2977) to work on /home/airflow/.local/lib/python3.8/site-packages/airflow/example_dags/example_latest_only_with_trigger.py
[2024-01-30T22:19:32.115+0000] {processor.py:830} INFO - Processing file /home/airflow/.local/lib/python3.8/site-packages/airflow/example_dags/example_latest_only_with_trigger.py for tasks to queue
[2024-01-30T22:19:32.116+0000] {logging_mixin.py:188} INFO - [2024-01-30T22:19:32.116+0000] {dagbag.py:538} INFO - Filling up the DagBag from /home/airflow/.local/lib/python3.8/site-packages/airflow/example_dags/example_latest_only_with_trigger.py
[2024-01-30T22:19:32.123+0000] {processor.py:840} INFO - DAG(s) 'latest_only_with_trigger' retrieved from /home/airflow/.local/lib/python3.8/site-packages/airflow/example_dags/example_latest_only_with_trigger.py
[2024-01-30T22:19:32.305+0000] {logging_mixin.py:188} INFO - [2024-01-30T22:19:32.304+0000] {dag.py:3036} INFO - Sync 1 DAGs
[2024-01-30T22:19:32.331+0000] {logging_mixin.py:188} INFO - [2024-01-30T22:19:32.331+0000] {dag.py:3823} INFO - Setting next_dagrun for latest_only_with_trigger to 2024-01-30 16:00:00+00:00, run_after=2024-01-30 20:00:00+00:00
[2024-01-30T22:19:32.360+0000] {processor.py:183} INFO - Processing /home/airflow/.local/lib/python3.8/site-packages/airflow/example_dags/example_latest_only_with_trigger.py took 0.249 seconds
[2024-01-30T22:20:02.682+0000] {processor.py:161} INFO - Started process (PID=3034) to work on /home/airflow/.local/lib/python3.8/site-packages/airflow/example_dags/example_latest_only_with_trigger.py
[2024-01-30T22:20:02.683+0000] {processor.py:830} INFO - Processing file /home/airflow/.local/lib/python3.8/site-packages/airflow/example_dags/example_latest_only_with_trigger.py for tasks to queue
[2024-01-30T22:20:02.683+0000] {logging_mixin.py:188} INFO - [2024-01-30T22:20:02.683+0000] {dagbag.py:538} INFO - Filling up the DagBag from /home/airflow/.local/lib/python3.8/site-packages/airflow/example_dags/example_latest_only_with_trigger.py
[2024-01-30T22:20:02.689+0000] {processor.py:840} INFO - DAG(s) 'latest_only_with_trigger' retrieved from /home/airflow/.local/lib/python3.8/site-packages/airflow/example_dags/example_latest_only_with_trigger.py
[2024-01-30T22:20:02.711+0000] {logging_mixin.py:188} INFO - [2024-01-30T22:20:02.710+0000] {dag.py:3036} INFO - Sync 1 DAGs
[2024-01-30T22:20:02.735+0000] {logging_mixin.py:188} INFO - [2024-01-30T22:20:02.734+0000] {dag.py:3823} INFO - Setting next_dagrun for latest_only_with_trigger to 2024-01-30 16:00:00+00:00, run_after=2024-01-30 20:00:00+00:00
[2024-01-30T22:20:02.760+0000] {processor.py:183} INFO - Processing /home/airflow/.local/lib/python3.8/site-packages/airflow/example_dags/example_latest_only_with_trigger.py took 0.081 seconds
[2024-01-30T22:20:33.406+0000] {processor.py:161} INFO - Started process (PID=3091) to work on /home/airflow/.local/lib/python3.8/site-packages/airflow/example_dags/example_latest_only_with_trigger.py
[2024-01-30T22:20:33.408+0000] {processor.py:830} INFO - Processing file /home/airflow/.local/lib/python3.8/site-packages/airflow/example_dags/example_latest_only_with_trigger.py for tasks to queue
[2024-01-30T22:20:33.409+0000] {logging_mixin.py:188} INFO - [2024-01-30T22:20:33.408+0000] {dagbag.py:538} INFO - Filling up the DagBag from /home/airflow/.local/lib/python3.8/site-packages/airflow/example_dags/example_latest_only_with_trigger.py
[2024-01-30T22:20:33.415+0000] {processor.py:840} INFO - DAG(s) 'latest_only_with_trigger' retrieved from /home/airflow/.local/lib/python3.8/site-packages/airflow/example_dags/example_latest_only_with_trigger.py
[2024-01-30T22:20:33.442+0000] {logging_mixin.py:188} INFO - [2024-01-30T22:20:33.442+0000] {dag.py:3036} INFO - Sync 1 DAGs
[2024-01-30T22:20:33.475+0000] {logging_mixin.py:188} INFO - [2024-01-30T22:20:33.475+0000] {dag.py:3823} INFO - Setting next_dagrun for latest_only_with_trigger to 2024-01-30 16:00:00+00:00, run_after=2024-01-30 20:00:00+00:00
[2024-01-30T22:20:33.506+0000] {processor.py:183} INFO - Processing /home/airflow/.local/lib/python3.8/site-packages/airflow/example_dags/example_latest_only_with_trigger.py took 0.103 seconds
[2024-01-30T22:21:09.950+0000] {processor.py:161} INFO - Started process (PID=3148) to work on /home/airflow/.local/lib/python3.8/site-packages/airflow/example_dags/example_latest_only_with_trigger.py
[2024-01-30T22:21:09.960+0000] {processor.py:830} INFO - Processing file /home/airflow/.local/lib/python3.8/site-packages/airflow/example_dags/example_latest_only_with_trigger.py for tasks to queue
[2024-01-30T22:21:09.991+0000] {logging_mixin.py:188} INFO - [2024-01-30T22:21:09.978+0000] {dagbag.py:538} INFO - Filling up the DagBag from /home/airflow/.local/lib/python3.8/site-packages/airflow/example_dags/example_latest_only_with_trigger.py
[2024-01-30T22:21:10.101+0000] {processor.py:840} INFO - DAG(s) 'latest_only_with_trigger' retrieved from /home/airflow/.local/lib/python3.8/site-packages/airflow/example_dags/example_latest_only_with_trigger.py
[2024-01-30T22:21:10.343+0000] {logging_mixin.py:188} INFO - [2024-01-30T22:21:10.341+0000] {dag.py:3036} INFO - Sync 1 DAGs
[2024-01-30T22:21:10.641+0000] {logging_mixin.py:188} INFO - [2024-01-30T22:21:10.640+0000] {dag.py:3823} INFO - Setting next_dagrun for latest_only_with_trigger to 2024-01-30 16:00:00+00:00, run_after=2024-01-30 20:00:00+00:00
[2024-01-30T22:21:11.000+0000] {processor.py:183} INFO - Processing /home/airflow/.local/lib/python3.8/site-packages/airflow/example_dags/example_latest_only_with_trigger.py took 1.094 seconds
[2024-01-30T22:21:41.238+0000] {processor.py:161} INFO - Started process (PID=3205) to work on /home/airflow/.local/lib/python3.8/site-packages/airflow/example_dags/example_latest_only_with_trigger.py
[2024-01-30T22:21:41.239+0000] {processor.py:830} INFO - Processing file /home/airflow/.local/lib/python3.8/site-packages/airflow/example_dags/example_latest_only_with_trigger.py for tasks to queue
[2024-01-30T22:21:41.240+0000] {logging_mixin.py:188} INFO - [2024-01-30T22:21:41.240+0000] {dagbag.py:538} INFO - Filling up the DagBag from /home/airflow/.local/lib/python3.8/site-packages/airflow/example_dags/example_latest_only_with_trigger.py
[2024-01-30T22:21:41.245+0000] {processor.py:840} INFO - DAG(s) 'latest_only_with_trigger' retrieved from /home/airflow/.local/lib/python3.8/site-packages/airflow/example_dags/example_latest_only_with_trigger.py
[2024-01-30T22:21:41.266+0000] {logging_mixin.py:188} INFO - [2024-01-30T22:21:41.266+0000] {dag.py:3036} INFO - Sync 1 DAGs
[2024-01-30T22:21:41.293+0000] {logging_mixin.py:188} INFO - [2024-01-30T22:21:41.292+0000] {dag.py:3823} INFO - Setting next_dagrun for latest_only_with_trigger to 2024-01-30 16:00:00+00:00, run_after=2024-01-30 20:00:00+00:00
[2024-01-30T22:21:41.320+0000] {processor.py:183} INFO - Processing /home/airflow/.local/lib/python3.8/site-packages/airflow/example_dags/example_latest_only_with_trigger.py took 0.084 seconds
[2024-01-30T22:22:11.687+0000] {processor.py:161} INFO - Started process (PID=3262) to work on /home/airflow/.local/lib/python3.8/site-packages/airflow/example_dags/example_latest_only_with_trigger.py
[2024-01-30T22:22:11.688+0000] {processor.py:830} INFO - Processing file /home/airflow/.local/lib/python3.8/site-packages/airflow/example_dags/example_latest_only_with_trigger.py for tasks to queue
[2024-01-30T22:22:11.689+0000] {logging_mixin.py:188} INFO - [2024-01-30T22:22:11.689+0000] {dagbag.py:538} INFO - Filling up the DagBag from /home/airflow/.local/lib/python3.8/site-packages/airflow/example_dags/example_latest_only_with_trigger.py
[2024-01-30T22:22:11.695+0000] {processor.py:840} INFO - DAG(s) 'latest_only_with_trigger' retrieved from /home/airflow/.local/lib/python3.8/site-packages/airflow/example_dags/example_latest_only_with_trigger.py
[2024-01-30T22:22:11.721+0000] {logging_mixin.py:188} INFO - [2024-01-30T22:22:11.721+0000] {dag.py:3036} INFO - Sync 1 DAGs
[2024-01-30T22:22:11.745+0000] {logging_mixin.py:188} INFO - [2024-01-30T22:22:11.745+0000] {dag.py:3823} INFO - Setting next_dagrun for latest_only_with_trigger to 2024-01-30 16:00:00+00:00, run_after=2024-01-30 20:00:00+00:00
[2024-01-30T22:22:11.769+0000] {processor.py:183} INFO - Processing /home/airflow/.local/lib/python3.8/site-packages/airflow/example_dags/example_latest_only_with_trigger.py took 0.086 seconds
[2024-01-30T22:22:41.929+0000] {processor.py:161} INFO - Started process (PID=3319) to work on /home/airflow/.local/lib/python3.8/site-packages/airflow/example_dags/example_latest_only_with_trigger.py
[2024-01-30T22:22:41.930+0000] {processor.py:830} INFO - Processing file /home/airflow/.local/lib/python3.8/site-packages/airflow/example_dags/example_latest_only_with_trigger.py for tasks to queue
[2024-01-30T22:22:41.932+0000] {logging_mixin.py:188} INFO - [2024-01-30T22:22:41.931+0000] {dagbag.py:538} INFO - Filling up the DagBag from /home/airflow/.local/lib/python3.8/site-packages/airflow/example_dags/example_latest_only_with_trigger.py
[2024-01-30T22:22:41.937+0000] {processor.py:840} INFO - DAG(s) 'latest_only_with_trigger' retrieved from /home/airflow/.local/lib/python3.8/site-packages/airflow/example_dags/example_latest_only_with_trigger.py
[2024-01-30T22:22:41.959+0000] {logging_mixin.py:188} INFO - [2024-01-30T22:22:41.958+0000] {dag.py:3036} INFO - Sync 1 DAGs
[2024-01-30T22:22:41.981+0000] {logging_mixin.py:188} INFO - [2024-01-30T22:22:41.981+0000] {dag.py:3823} INFO - Setting next_dagrun for latest_only_with_trigger to 2024-01-30 16:00:00+00:00, run_after=2024-01-30 20:00:00+00:00
[2024-01-30T22:22:42.034+0000] {processor.py:183} INFO - Processing /home/airflow/.local/lib/python3.8/site-packages/airflow/example_dags/example_latest_only_with_trigger.py took 0.108 seconds
