[2024-01-30T21:53:10.383+0000] {processor.py:161} INFO - Started process (PID=63) to work on /home/airflow/.local/lib/python3.8/site-packages/airflow/example_dags/example_branch_day_of_week_operator.py
[2024-01-30T21:53:10.384+0000] {processor.py:830} INFO - Processing file /home/airflow/.local/lib/python3.8/site-packages/airflow/example_dags/example_branch_day_of_week_operator.py for tasks to queue
[2024-01-30T21:53:10.387+0000] {logging_mixin.py:188} INFO - [2024-01-30T21:53:10.387+0000] {dagbag.py:538} INFO - Filling up the DagBag from /home/airflow/.local/lib/python3.8/site-packages/airflow/example_dags/example_branch_day_of_week_operator.py
[2024-01-30T21:53:10.417+0000] {processor.py:840} INFO - DAG(s) 'example_weekday_branch_operator' retrieved from /home/airflow/.local/lib/python3.8/site-packages/airflow/example_dags/example_branch_day_of_week_operator.py
[2024-01-30T21:53:10.680+0000] {logging_mixin.py:188} INFO - [2024-01-30T21:53:10.680+0000] {dag.py:3036} INFO - Sync 1 DAGs
[2024-01-30T21:53:10.727+0000] {logging_mixin.py:188} INFO - [2024-01-30T21:53:10.726+0000] {dag.py:3823} INFO - Setting next_dagrun for example_weekday_branch_operator to 2024-01-29 00:00:00+00:00, run_after=2024-01-30 00:00:00+00:00
[2024-01-30T21:53:10.796+0000] {processor.py:183} INFO - Processing /home/airflow/.local/lib/python3.8/site-packages/airflow/example_dags/example_branch_day_of_week_operator.py took 0.416 seconds
[2024-01-30T21:53:44.800+0000] {processor.py:161} INFO - Started process (PID=118) to work on /home/airflow/.local/lib/python3.8/site-packages/airflow/example_dags/example_branch_day_of_week_operator.py
[2024-01-30T21:53:44.803+0000] {processor.py:830} INFO - Processing file /home/airflow/.local/lib/python3.8/site-packages/airflow/example_dags/example_branch_day_of_week_operator.py for tasks to queue
[2024-01-30T21:53:44.807+0000] {logging_mixin.py:188} INFO - [2024-01-30T21:53:44.807+0000] {dagbag.py:538} INFO - Filling up the DagBag from /home/airflow/.local/lib/python3.8/site-packages/airflow/example_dags/example_branch_day_of_week_operator.py
[2024-01-30T21:53:44.874+0000] {processor.py:840} INFO - DAG(s) 'example_weekday_branch_operator' retrieved from /home/airflow/.local/lib/python3.8/site-packages/airflow/example_dags/example_branch_day_of_week_operator.py
[2024-01-30T21:53:45.054+0000] {logging_mixin.py:188} INFO - [2024-01-30T21:53:45.053+0000] {dag.py:3036} INFO - Sync 1 DAGs
[2024-01-30T21:53:45.897+0000] {logging_mixin.py:188} INFO - [2024-01-30T21:53:45.897+0000] {dag.py:3823} INFO - Setting next_dagrun for example_weekday_branch_operator to 2024-01-29 00:00:00+00:00, run_after=2024-01-30 00:00:00+00:00
[2024-01-30T21:53:47.330+0000] {processor.py:183} INFO - Processing /home/airflow/.local/lib/python3.8/site-packages/airflow/example_dags/example_branch_day_of_week_operator.py took 2.534 seconds
[2024-01-30T21:54:17.723+0000] {processor.py:161} INFO - Started process (PID=173) to work on /home/airflow/.local/lib/python3.8/site-packages/airflow/example_dags/example_branch_day_of_week_operator.py
[2024-01-30T21:54:17.724+0000] {processor.py:830} INFO - Processing file /home/airflow/.local/lib/python3.8/site-packages/airflow/example_dags/example_branch_day_of_week_operator.py for tasks to queue
[2024-01-30T21:54:17.726+0000] {logging_mixin.py:188} INFO - [2024-01-30T21:54:17.726+0000] {dagbag.py:538} INFO - Filling up the DagBag from /home/airflow/.local/lib/python3.8/site-packages/airflow/example_dags/example_branch_day_of_week_operator.py
[2024-01-30T21:54:17.733+0000] {processor.py:840} INFO - DAG(s) 'example_weekday_branch_operator' retrieved from /home/airflow/.local/lib/python3.8/site-packages/airflow/example_dags/example_branch_day_of_week_operator.py
[2024-01-30T21:54:17.753+0000] {logging_mixin.py:188} INFO - [2024-01-30T21:54:17.753+0000] {dag.py:3036} INFO - Sync 1 DAGs
[2024-01-30T21:54:17.778+0000] {logging_mixin.py:188} INFO - [2024-01-30T21:54:17.778+0000] {dag.py:3823} INFO - Setting next_dagrun for example_weekday_branch_operator to 2024-01-29 00:00:00+00:00, run_after=2024-01-30 00:00:00+00:00
[2024-01-30T21:54:17.827+0000] {processor.py:183} INFO - Processing /home/airflow/.local/lib/python3.8/site-packages/airflow/example_dags/example_branch_day_of_week_operator.py took 0.107 seconds
[2024-01-30T21:54:47.874+0000] {processor.py:161} INFO - Started process (PID=228) to work on /home/airflow/.local/lib/python3.8/site-packages/airflow/example_dags/example_branch_day_of_week_operator.py
[2024-01-30T21:54:47.875+0000] {processor.py:830} INFO - Processing file /home/airflow/.local/lib/python3.8/site-packages/airflow/example_dags/example_branch_day_of_week_operator.py for tasks to queue
[2024-01-30T21:54:47.878+0000] {logging_mixin.py:188} INFO - [2024-01-30T21:54:47.877+0000] {dagbag.py:538} INFO - Filling up the DagBag from /home/airflow/.local/lib/python3.8/site-packages/airflow/example_dags/example_branch_day_of_week_operator.py
[2024-01-30T21:54:47.885+0000] {processor.py:840} INFO - DAG(s) 'example_weekday_branch_operator' retrieved from /home/airflow/.local/lib/python3.8/site-packages/airflow/example_dags/example_branch_day_of_week_operator.py
[2024-01-30T21:54:47.911+0000] {logging_mixin.py:188} INFO - [2024-01-30T21:54:47.910+0000] {dag.py:3036} INFO - Sync 1 DAGs
[2024-01-30T21:54:47.937+0000] {logging_mixin.py:188} INFO - [2024-01-30T21:54:47.936+0000] {dag.py:3823} INFO - Setting next_dagrun for example_weekday_branch_operator to 2024-01-29 00:00:00+00:00, run_after=2024-01-30 00:00:00+00:00
[2024-01-30T21:54:47.967+0000] {processor.py:183} INFO - Processing /home/airflow/.local/lib/python3.8/site-packages/airflow/example_dags/example_branch_day_of_week_operator.py took 0.096 seconds
[2024-01-30T21:55:18.178+0000] {processor.py:161} INFO - Started process (PID=283) to work on /home/airflow/.local/lib/python3.8/site-packages/airflow/example_dags/example_branch_day_of_week_operator.py
[2024-01-30T21:55:18.179+0000] {processor.py:830} INFO - Processing file /home/airflow/.local/lib/python3.8/site-packages/airflow/example_dags/example_branch_day_of_week_operator.py for tasks to queue
[2024-01-30T21:55:18.182+0000] {logging_mixin.py:188} INFO - [2024-01-30T21:55:18.181+0000] {dagbag.py:538} INFO - Filling up the DagBag from /home/airflow/.local/lib/python3.8/site-packages/airflow/example_dags/example_branch_day_of_week_operator.py
[2024-01-30T21:55:18.192+0000] {processor.py:840} INFO - DAG(s) 'example_weekday_branch_operator' retrieved from /home/airflow/.local/lib/python3.8/site-packages/airflow/example_dags/example_branch_day_of_week_operator.py
[2024-01-30T21:55:18.221+0000] {logging_mixin.py:188} INFO - [2024-01-30T21:55:18.221+0000] {dag.py:3036} INFO - Sync 1 DAGs
[2024-01-30T21:55:18.252+0000] {logging_mixin.py:188} INFO - [2024-01-30T21:55:18.252+0000] {dag.py:3823} INFO - Setting next_dagrun for example_weekday_branch_operator to 2024-01-29 00:00:00+00:00, run_after=2024-01-30 00:00:00+00:00
[2024-01-30T21:55:18.310+0000] {processor.py:183} INFO - Processing /home/airflow/.local/lib/python3.8/site-packages/airflow/example_dags/example_branch_day_of_week_operator.py took 0.136 seconds
[2024-01-30T21:55:48.392+0000] {processor.py:161} INFO - Started process (PID=338) to work on /home/airflow/.local/lib/python3.8/site-packages/airflow/example_dags/example_branch_day_of_week_operator.py
[2024-01-30T21:55:48.394+0000] {processor.py:830} INFO - Processing file /home/airflow/.local/lib/python3.8/site-packages/airflow/example_dags/example_branch_day_of_week_operator.py for tasks to queue
[2024-01-30T21:55:48.396+0000] {logging_mixin.py:188} INFO - [2024-01-30T21:55:48.396+0000] {dagbag.py:538} INFO - Filling up the DagBag from /home/airflow/.local/lib/python3.8/site-packages/airflow/example_dags/example_branch_day_of_week_operator.py
[2024-01-30T21:55:48.405+0000] {processor.py:840} INFO - DAG(s) 'example_weekday_branch_operator' retrieved from /home/airflow/.local/lib/python3.8/site-packages/airflow/example_dags/example_branch_day_of_week_operator.py
[2024-01-30T21:55:48.429+0000] {logging_mixin.py:188} INFO - [2024-01-30T21:55:48.429+0000] {dag.py:3036} INFO - Sync 1 DAGs
[2024-01-30T21:55:48.457+0000] {logging_mixin.py:188} INFO - [2024-01-30T21:55:48.456+0000] {dag.py:3823} INFO - Setting next_dagrun for example_weekday_branch_operator to 2024-01-29 00:00:00+00:00, run_after=2024-01-30 00:00:00+00:00
[2024-01-30T21:55:48.488+0000] {processor.py:183} INFO - Processing /home/airflow/.local/lib/python3.8/site-packages/airflow/example_dags/example_branch_day_of_week_operator.py took 0.098 seconds
[2024-01-30T21:56:18.582+0000] {processor.py:161} INFO - Started process (PID=393) to work on /home/airflow/.local/lib/python3.8/site-packages/airflow/example_dags/example_branch_day_of_week_operator.py
[2024-01-30T21:56:18.586+0000] {processor.py:830} INFO - Processing file /home/airflow/.local/lib/python3.8/site-packages/airflow/example_dags/example_branch_day_of_week_operator.py for tasks to queue
[2024-01-30T21:56:18.589+0000] {logging_mixin.py:188} INFO - [2024-01-30T21:56:18.588+0000] {dagbag.py:538} INFO - Filling up the DagBag from /home/airflow/.local/lib/python3.8/site-packages/airflow/example_dags/example_branch_day_of_week_operator.py
[2024-01-30T21:56:18.602+0000] {processor.py:840} INFO - DAG(s) 'example_weekday_branch_operator' retrieved from /home/airflow/.local/lib/python3.8/site-packages/airflow/example_dags/example_branch_day_of_week_operator.py
[2024-01-30T21:56:18.634+0000] {logging_mixin.py:188} INFO - [2024-01-30T21:56:18.634+0000] {dag.py:3036} INFO - Sync 1 DAGs
[2024-01-30T21:56:18.683+0000] {logging_mixin.py:188} INFO - [2024-01-30T21:56:18.683+0000] {dag.py:3823} INFO - Setting next_dagrun for example_weekday_branch_operator to 2024-01-29 00:00:00+00:00, run_after=2024-01-30 00:00:00+00:00
[2024-01-30T21:56:18.733+0000] {processor.py:183} INFO - Processing /home/airflow/.local/lib/python3.8/site-packages/airflow/example_dags/example_branch_day_of_week_operator.py took 0.155 seconds
[2024-01-30T21:56:48.937+0000] {processor.py:161} INFO - Started process (PID=448) to work on /home/airflow/.local/lib/python3.8/site-packages/airflow/example_dags/example_branch_day_of_week_operator.py
[2024-01-30T21:56:48.938+0000] {processor.py:830} INFO - Processing file /home/airflow/.local/lib/python3.8/site-packages/airflow/example_dags/example_branch_day_of_week_operator.py for tasks to queue
[2024-01-30T21:56:48.941+0000] {logging_mixin.py:188} INFO - [2024-01-30T21:56:48.940+0000] {dagbag.py:538} INFO - Filling up the DagBag from /home/airflow/.local/lib/python3.8/site-packages/airflow/example_dags/example_branch_day_of_week_operator.py
[2024-01-30T21:56:48.947+0000] {processor.py:840} INFO - DAG(s) 'example_weekday_branch_operator' retrieved from /home/airflow/.local/lib/python3.8/site-packages/airflow/example_dags/example_branch_day_of_week_operator.py
[2024-01-30T21:56:48.968+0000] {logging_mixin.py:188} INFO - [2024-01-30T21:56:48.968+0000] {dag.py:3036} INFO - Sync 1 DAGs
[2024-01-30T21:56:48.992+0000] {logging_mixin.py:188} INFO - [2024-01-30T21:56:48.992+0000] {dag.py:3823} INFO - Setting next_dagrun for example_weekday_branch_operator to 2024-01-29 00:00:00+00:00, run_after=2024-01-30 00:00:00+00:00
[2024-01-30T21:56:49.018+0000] {processor.py:183} INFO - Processing /home/airflow/.local/lib/python3.8/site-packages/airflow/example_dags/example_branch_day_of_week_operator.py took 0.083 seconds
[2024-01-30T21:57:19.621+0000] {processor.py:161} INFO - Started process (PID=503) to work on /home/airflow/.local/lib/python3.8/site-packages/airflow/example_dags/example_branch_day_of_week_operator.py
[2024-01-30T21:57:19.636+0000] {processor.py:830} INFO - Processing file /home/airflow/.local/lib/python3.8/site-packages/airflow/example_dags/example_branch_day_of_week_operator.py for tasks to queue
[2024-01-30T21:57:19.663+0000] {logging_mixin.py:188} INFO - [2024-01-30T21:57:19.651+0000] {dagbag.py:538} INFO - Filling up the DagBag from /home/airflow/.local/lib/python3.8/site-packages/airflow/example_dags/example_branch_day_of_week_operator.py
[2024-01-30T21:57:19.750+0000] {processor.py:840} INFO - DAG(s) 'example_weekday_branch_operator' retrieved from /home/airflow/.local/lib/python3.8/site-packages/airflow/example_dags/example_branch_day_of_week_operator.py
[2024-01-30T21:57:20.012+0000] {logging_mixin.py:188} INFO - [2024-01-30T21:57:20.009+0000] {dag.py:3036} INFO - Sync 1 DAGs
[2024-01-30T21:57:20.348+0000] {logging_mixin.py:188} INFO - [2024-01-30T21:57:20.340+0000] {dag.py:3823} INFO - Setting next_dagrun for example_weekday_branch_operator to 2024-01-29 00:00:00+00:00, run_after=2024-01-30 00:00:00+00:00
[2024-01-30T21:57:20.838+0000] {processor.py:183} INFO - Processing /home/airflow/.local/lib/python3.8/site-packages/airflow/example_dags/example_branch_day_of_week_operator.py took 1.254 seconds
[2024-01-30T21:57:51.751+0000] {processor.py:161} INFO - Started process (PID=558) to work on /home/airflow/.local/lib/python3.8/site-packages/airflow/example_dags/example_branch_day_of_week_operator.py
[2024-01-30T21:57:51.790+0000] {processor.py:830} INFO - Processing file /home/airflow/.local/lib/python3.8/site-packages/airflow/example_dags/example_branch_day_of_week_operator.py for tasks to queue
[2024-01-30T21:57:51.831+0000] {logging_mixin.py:188} INFO - [2024-01-30T21:57:51.828+0000] {dagbag.py:538} INFO - Filling up the DagBag from /home/airflow/.local/lib/python3.8/site-packages/airflow/example_dags/example_branch_day_of_week_operator.py
[2024-01-30T21:57:51.960+0000] {processor.py:840} INFO - DAG(s) 'example_weekday_branch_operator' retrieved from /home/airflow/.local/lib/python3.8/site-packages/airflow/example_dags/example_branch_day_of_week_operator.py
[2024-01-30T21:57:52.398+0000] {logging_mixin.py:188} INFO - [2024-01-30T21:57:52.396+0000] {dag.py:3036} INFO - Sync 1 DAGs
[2024-01-30T21:57:52.886+0000] {logging_mixin.py:188} INFO - [2024-01-30T21:57:52.883+0000] {dag.py:3823} INFO - Setting next_dagrun for example_weekday_branch_operator to 2024-01-29 00:00:00+00:00, run_after=2024-01-30 00:00:00+00:00
[2024-01-30T21:57:53.609+0000] {processor.py:183} INFO - Processing /home/airflow/.local/lib/python3.8/site-packages/airflow/example_dags/example_branch_day_of_week_operator.py took 1.904 seconds
[2024-01-30T21:58:24.518+0000] {processor.py:161} INFO - Started process (PID=614) to work on /home/airflow/.local/lib/python3.8/site-packages/airflow/example_dags/example_branch_day_of_week_operator.py
[2024-01-30T21:58:24.520+0000] {processor.py:830} INFO - Processing file /home/airflow/.local/lib/python3.8/site-packages/airflow/example_dags/example_branch_day_of_week_operator.py for tasks to queue
[2024-01-30T21:58:24.521+0000] {logging_mixin.py:188} INFO - [2024-01-30T21:58:24.520+0000] {dagbag.py:538} INFO - Filling up the DagBag from /home/airflow/.local/lib/python3.8/site-packages/airflow/example_dags/example_branch_day_of_week_operator.py
[2024-01-30T21:58:24.527+0000] {processor.py:840} INFO - DAG(s) 'example_weekday_branch_operator' retrieved from /home/airflow/.local/lib/python3.8/site-packages/airflow/example_dags/example_branch_day_of_week_operator.py
[2024-01-30T21:58:24.551+0000] {logging_mixin.py:188} INFO - [2024-01-30T21:58:24.550+0000] {dag.py:3036} INFO - Sync 1 DAGs
[2024-01-30T21:58:24.576+0000] {logging_mixin.py:188} INFO - [2024-01-30T21:58:24.576+0000] {dag.py:3823} INFO - Setting next_dagrun for example_weekday_branch_operator to 2024-01-29 00:00:00+00:00, run_after=2024-01-30 00:00:00+00:00
[2024-01-30T21:58:24.638+0000] {processor.py:183} INFO - Processing /home/airflow/.local/lib/python3.8/site-packages/airflow/example_dags/example_branch_day_of_week_operator.py took 0.123 seconds
[2024-01-30T21:58:54.851+0000] {processor.py:161} INFO - Started process (PID=675) to work on /home/airflow/.local/lib/python3.8/site-packages/airflow/example_dags/example_branch_day_of_week_operator.py
[2024-01-30T21:58:54.853+0000] {processor.py:830} INFO - Processing file /home/airflow/.local/lib/python3.8/site-packages/airflow/example_dags/example_branch_day_of_week_operator.py for tasks to queue
[2024-01-30T21:58:54.854+0000] {logging_mixin.py:188} INFO - [2024-01-30T21:58:54.853+0000] {dagbag.py:538} INFO - Filling up the DagBag from /home/airflow/.local/lib/python3.8/site-packages/airflow/example_dags/example_branch_day_of_week_operator.py
[2024-01-30T21:58:54.860+0000] {processor.py:840} INFO - DAG(s) 'example_weekday_branch_operator' retrieved from /home/airflow/.local/lib/python3.8/site-packages/airflow/example_dags/example_branch_day_of_week_operator.py
[2024-01-30T21:58:54.886+0000] {logging_mixin.py:188} INFO - [2024-01-30T21:58:54.885+0000] {dag.py:3036} INFO - Sync 1 DAGs
[2024-01-30T21:58:54.911+0000] {logging_mixin.py:188} INFO - [2024-01-30T21:58:54.911+0000] {dag.py:3823} INFO - Setting next_dagrun for example_weekday_branch_operator to 2024-01-29 00:00:00+00:00, run_after=2024-01-30 00:00:00+00:00
[2024-01-30T21:58:54.936+0000] {processor.py:183} INFO - Processing /home/airflow/.local/lib/python3.8/site-packages/airflow/example_dags/example_branch_day_of_week_operator.py took 0.087 seconds
[2024-01-30T21:59:25.434+0000] {processor.py:161} INFO - Started process (PID=734) to work on /home/airflow/.local/lib/python3.8/site-packages/airflow/example_dags/example_branch_day_of_week_operator.py
[2024-01-30T21:59:25.436+0000] {processor.py:830} INFO - Processing file /home/airflow/.local/lib/python3.8/site-packages/airflow/example_dags/example_branch_day_of_week_operator.py for tasks to queue
[2024-01-30T21:59:25.437+0000] {logging_mixin.py:188} INFO - [2024-01-30T21:59:25.436+0000] {dagbag.py:538} INFO - Filling up the DagBag from /home/airflow/.local/lib/python3.8/site-packages/airflow/example_dags/example_branch_day_of_week_operator.py
[2024-01-30T21:59:25.443+0000] {processor.py:840} INFO - DAG(s) 'example_weekday_branch_operator' retrieved from /home/airflow/.local/lib/python3.8/site-packages/airflow/example_dags/example_branch_day_of_week_operator.py
[2024-01-30T21:59:25.466+0000] {logging_mixin.py:188} INFO - [2024-01-30T21:59:25.465+0000] {dag.py:3036} INFO - Sync 1 DAGs
[2024-01-30T21:59:25.489+0000] {logging_mixin.py:188} INFO - [2024-01-30T21:59:25.489+0000] {dag.py:3823} INFO - Setting next_dagrun for example_weekday_branch_operator to 2024-01-29 00:00:00+00:00, run_after=2024-01-30 00:00:00+00:00
[2024-01-30T21:59:25.514+0000] {processor.py:183} INFO - Processing /home/airflow/.local/lib/python3.8/site-packages/airflow/example_dags/example_branch_day_of_week_operator.py took 0.083 seconds
[2024-01-30T21:59:55.821+0000] {processor.py:161} INFO - Started process (PID=791) to work on /home/airflow/.local/lib/python3.8/site-packages/airflow/example_dags/example_branch_day_of_week_operator.py
[2024-01-30T21:59:55.822+0000] {processor.py:830} INFO - Processing file /home/airflow/.local/lib/python3.8/site-packages/airflow/example_dags/example_branch_day_of_week_operator.py for tasks to queue
[2024-01-30T21:59:55.823+0000] {logging_mixin.py:188} INFO - [2024-01-30T21:59:55.823+0000] {dagbag.py:538} INFO - Filling up the DagBag from /home/airflow/.local/lib/python3.8/site-packages/airflow/example_dags/example_branch_day_of_week_operator.py
[2024-01-30T21:59:55.830+0000] {processor.py:840} INFO - DAG(s) 'example_weekday_branch_operator' retrieved from /home/airflow/.local/lib/python3.8/site-packages/airflow/example_dags/example_branch_day_of_week_operator.py
[2024-01-30T21:59:55.852+0000] {logging_mixin.py:188} INFO - [2024-01-30T21:59:55.851+0000] {dag.py:3036} INFO - Sync 1 DAGs
[2024-01-30T21:59:55.874+0000] {logging_mixin.py:188} INFO - [2024-01-30T21:59:55.874+0000] {dag.py:3823} INFO - Setting next_dagrun for example_weekday_branch_operator to 2024-01-29 00:00:00+00:00, run_after=2024-01-30 00:00:00+00:00
[2024-01-30T21:59:55.941+0000] {processor.py:183} INFO - Processing /home/airflow/.local/lib/python3.8/site-packages/airflow/example_dags/example_branch_day_of_week_operator.py took 0.123 seconds
[2024-01-30T22:00:26.264+0000] {processor.py:161} INFO - Started process (PID=853) to work on /home/airflow/.local/lib/python3.8/site-packages/airflow/example_dags/example_branch_day_of_week_operator.py
[2024-01-30T22:00:26.265+0000] {processor.py:830} INFO - Processing file /home/airflow/.local/lib/python3.8/site-packages/airflow/example_dags/example_branch_day_of_week_operator.py for tasks to queue
[2024-01-30T22:00:26.266+0000] {logging_mixin.py:188} INFO - [2024-01-30T22:00:26.265+0000] {dagbag.py:538} INFO - Filling up the DagBag from /home/airflow/.local/lib/python3.8/site-packages/airflow/example_dags/example_branch_day_of_week_operator.py
[2024-01-30T22:00:26.273+0000] {processor.py:840} INFO - DAG(s) 'example_weekday_branch_operator' retrieved from /home/airflow/.local/lib/python3.8/site-packages/airflow/example_dags/example_branch_day_of_week_operator.py
[2024-01-30T22:00:26.297+0000] {logging_mixin.py:188} INFO - [2024-01-30T22:00:26.297+0000] {dag.py:3036} INFO - Sync 1 DAGs
[2024-01-30T22:00:26.320+0000] {logging_mixin.py:188} INFO - [2024-01-30T22:00:26.320+0000] {dag.py:3823} INFO - Setting next_dagrun for example_weekday_branch_operator to 2024-01-29 00:00:00+00:00, run_after=2024-01-30 00:00:00+00:00
[2024-01-30T22:00:26.347+0000] {processor.py:183} INFO - Processing /home/airflow/.local/lib/python3.8/site-packages/airflow/example_dags/example_branch_day_of_week_operator.py took 0.086 seconds
[2024-01-30T22:00:56.693+0000] {processor.py:161} INFO - Started process (PID=910) to work on /home/airflow/.local/lib/python3.8/site-packages/airflow/example_dags/example_branch_day_of_week_operator.py
[2024-01-30T22:00:56.694+0000] {processor.py:830} INFO - Processing file /home/airflow/.local/lib/python3.8/site-packages/airflow/example_dags/example_branch_day_of_week_operator.py for tasks to queue
[2024-01-30T22:00:56.695+0000] {logging_mixin.py:188} INFO - [2024-01-30T22:00:56.695+0000] {dagbag.py:538} INFO - Filling up the DagBag from /home/airflow/.local/lib/python3.8/site-packages/airflow/example_dags/example_branch_day_of_week_operator.py
[2024-01-30T22:00:56.703+0000] {processor.py:840} INFO - DAG(s) 'example_weekday_branch_operator' retrieved from /home/airflow/.local/lib/python3.8/site-packages/airflow/example_dags/example_branch_day_of_week_operator.py
[2024-01-30T22:00:56.728+0000] {logging_mixin.py:188} INFO - [2024-01-30T22:00:56.728+0000] {dag.py:3036} INFO - Sync 1 DAGs
[2024-01-30T22:00:56.753+0000] {logging_mixin.py:188} INFO - [2024-01-30T22:00:56.753+0000] {dag.py:3823} INFO - Setting next_dagrun for example_weekday_branch_operator to 2024-01-29 00:00:00+00:00, run_after=2024-01-30 00:00:00+00:00
[2024-01-30T22:00:56.786+0000] {processor.py:183} INFO - Processing /home/airflow/.local/lib/python3.8/site-packages/airflow/example_dags/example_branch_day_of_week_operator.py took 0.096 seconds
[2024-01-30T22:01:26.901+0000] {processor.py:161} INFO - Started process (PID=967) to work on /home/airflow/.local/lib/python3.8/site-packages/airflow/example_dags/example_branch_day_of_week_operator.py
[2024-01-30T22:01:26.903+0000] {processor.py:830} INFO - Processing file /home/airflow/.local/lib/python3.8/site-packages/airflow/example_dags/example_branch_day_of_week_operator.py for tasks to queue
[2024-01-30T22:01:26.905+0000] {logging_mixin.py:188} INFO - [2024-01-30T22:01:26.904+0000] {dagbag.py:538} INFO - Filling up the DagBag from /home/airflow/.local/lib/python3.8/site-packages/airflow/example_dags/example_branch_day_of_week_operator.py
[2024-01-30T22:01:26.913+0000] {processor.py:840} INFO - DAG(s) 'example_weekday_branch_operator' retrieved from /home/airflow/.local/lib/python3.8/site-packages/airflow/example_dags/example_branch_day_of_week_operator.py
[2024-01-30T22:01:26.937+0000] {logging_mixin.py:188} INFO - [2024-01-30T22:01:26.936+0000] {dag.py:3036} INFO - Sync 1 DAGs
[2024-01-30T22:01:26.962+0000] {logging_mixin.py:188} INFO - [2024-01-30T22:01:26.962+0000] {dag.py:3823} INFO - Setting next_dagrun for example_weekday_branch_operator to 2024-01-29 00:00:00+00:00, run_after=2024-01-30 00:00:00+00:00
[2024-01-30T22:01:27.032+0000] {processor.py:183} INFO - Processing /home/airflow/.local/lib/python3.8/site-packages/airflow/example_dags/example_branch_day_of_week_operator.py took 0.134 seconds
[2024-01-30T22:01:57.445+0000] {processor.py:161} INFO - Started process (PID=1024) to work on /home/airflow/.local/lib/python3.8/site-packages/airflow/example_dags/example_branch_day_of_week_operator.py
[2024-01-30T22:01:57.447+0000] {processor.py:830} INFO - Processing file /home/airflow/.local/lib/python3.8/site-packages/airflow/example_dags/example_branch_day_of_week_operator.py for tasks to queue
[2024-01-30T22:01:57.449+0000] {logging_mixin.py:188} INFO - [2024-01-30T22:01:57.448+0000] {dagbag.py:538} INFO - Filling up the DagBag from /home/airflow/.local/lib/python3.8/site-packages/airflow/example_dags/example_branch_day_of_week_operator.py
[2024-01-30T22:01:57.458+0000] {processor.py:840} INFO - DAG(s) 'example_weekday_branch_operator' retrieved from /home/airflow/.local/lib/python3.8/site-packages/airflow/example_dags/example_branch_day_of_week_operator.py
[2024-01-30T22:01:57.491+0000] {logging_mixin.py:188} INFO - [2024-01-30T22:01:57.491+0000] {dag.py:3036} INFO - Sync 1 DAGs
[2024-01-30T22:01:57.524+0000] {logging_mixin.py:188} INFO - [2024-01-30T22:01:57.524+0000] {dag.py:3823} INFO - Setting next_dagrun for example_weekday_branch_operator to 2024-01-29 00:00:00+00:00, run_after=2024-01-30 00:00:00+00:00
[2024-01-30T22:01:57.562+0000] {processor.py:183} INFO - Processing /home/airflow/.local/lib/python3.8/site-packages/airflow/example_dags/example_branch_day_of_week_operator.py took 0.121 seconds
[2024-01-30T22:02:28.011+0000] {processor.py:161} INFO - Started process (PID=1081) to work on /home/airflow/.local/lib/python3.8/site-packages/airflow/example_dags/example_branch_day_of_week_operator.py
[2024-01-30T22:02:28.012+0000] {processor.py:830} INFO - Processing file /home/airflow/.local/lib/python3.8/site-packages/airflow/example_dags/example_branch_day_of_week_operator.py for tasks to queue
[2024-01-30T22:02:28.015+0000] {logging_mixin.py:188} INFO - [2024-01-30T22:02:28.014+0000] {dagbag.py:538} INFO - Filling up the DagBag from /home/airflow/.local/lib/python3.8/site-packages/airflow/example_dags/example_branch_day_of_week_operator.py
[2024-01-30T22:02:28.022+0000] {processor.py:840} INFO - DAG(s) 'example_weekday_branch_operator' retrieved from /home/airflow/.local/lib/python3.8/site-packages/airflow/example_dags/example_branch_day_of_week_operator.py
[2024-01-30T22:02:28.045+0000] {logging_mixin.py:188} INFO - [2024-01-30T22:02:28.045+0000] {dag.py:3036} INFO - Sync 1 DAGs
[2024-01-30T22:02:28.072+0000] {logging_mixin.py:188} INFO - [2024-01-30T22:02:28.072+0000] {dag.py:3823} INFO - Setting next_dagrun for example_weekday_branch_operator to 2024-01-29 00:00:00+00:00, run_after=2024-01-30 00:00:00+00:00
[2024-01-30T22:02:28.137+0000] {processor.py:183} INFO - Processing /home/airflow/.local/lib/python3.8/site-packages/airflow/example_dags/example_branch_day_of_week_operator.py took 0.129 seconds
[2024-01-30T22:02:58.250+0000] {processor.py:161} INFO - Started process (PID=1138) to work on /home/airflow/.local/lib/python3.8/site-packages/airflow/example_dags/example_branch_day_of_week_operator.py
[2024-01-30T22:02:58.251+0000] {processor.py:830} INFO - Processing file /home/airflow/.local/lib/python3.8/site-packages/airflow/example_dags/example_branch_day_of_week_operator.py for tasks to queue
[2024-01-30T22:02:58.253+0000] {logging_mixin.py:188} INFO - [2024-01-30T22:02:58.252+0000] {dagbag.py:538} INFO - Filling up the DagBag from /home/airflow/.local/lib/python3.8/site-packages/airflow/example_dags/example_branch_day_of_week_operator.py
[2024-01-30T22:02:58.264+0000] {processor.py:840} INFO - DAG(s) 'example_weekday_branch_operator' retrieved from /home/airflow/.local/lib/python3.8/site-packages/airflow/example_dags/example_branch_day_of_week_operator.py
[2024-01-30T22:02:58.292+0000] {logging_mixin.py:188} INFO - [2024-01-30T22:02:58.292+0000] {dag.py:3036} INFO - Sync 1 DAGs
[2024-01-30T22:02:58.321+0000] {logging_mixin.py:188} INFO - [2024-01-30T22:02:58.321+0000] {dag.py:3823} INFO - Setting next_dagrun for example_weekday_branch_operator to 2024-01-29 00:00:00+00:00, run_after=2024-01-30 00:00:00+00:00
[2024-01-30T22:02:58.357+0000] {processor.py:183} INFO - Processing /home/airflow/.local/lib/python3.8/site-packages/airflow/example_dags/example_branch_day_of_week_operator.py took 0.110 seconds
[2024-01-30T22:03:28.967+0000] {processor.py:161} INFO - Started process (PID=1197) to work on /home/airflow/.local/lib/python3.8/site-packages/airflow/example_dags/example_branch_day_of_week_operator.py
[2024-01-30T22:03:28.969+0000] {processor.py:830} INFO - Processing file /home/airflow/.local/lib/python3.8/site-packages/airflow/example_dags/example_branch_day_of_week_operator.py for tasks to queue
[2024-01-30T22:03:28.970+0000] {logging_mixin.py:188} INFO - [2024-01-30T22:03:28.970+0000] {dagbag.py:538} INFO - Filling up the DagBag from /home/airflow/.local/lib/python3.8/site-packages/airflow/example_dags/example_branch_day_of_week_operator.py
[2024-01-30T22:03:28.979+0000] {processor.py:840} INFO - DAG(s) 'example_weekday_branch_operator' retrieved from /home/airflow/.local/lib/python3.8/site-packages/airflow/example_dags/example_branch_day_of_week_operator.py
[2024-01-30T22:03:29.005+0000] {logging_mixin.py:188} INFO - [2024-01-30T22:03:29.005+0000] {dag.py:3036} INFO - Sync 1 DAGs
[2024-01-30T22:03:29.035+0000] {logging_mixin.py:188} INFO - [2024-01-30T22:03:29.035+0000] {dag.py:3823} INFO - Setting next_dagrun for example_weekday_branch_operator to 2024-01-29 00:00:00+00:00, run_after=2024-01-30 00:00:00+00:00
[2024-01-30T22:03:29.067+0000] {processor.py:183} INFO - Processing /home/airflow/.local/lib/python3.8/site-packages/airflow/example_dags/example_branch_day_of_week_operator.py took 0.103 seconds
[2024-01-30T22:04:00.007+0000] {processor.py:161} INFO - Started process (PID=1255) to work on /home/airflow/.local/lib/python3.8/site-packages/airflow/example_dags/example_branch_day_of_week_operator.py
[2024-01-30T22:04:00.129+0000] {processor.py:830} INFO - Processing file /home/airflow/.local/lib/python3.8/site-packages/airflow/example_dags/example_branch_day_of_week_operator.py for tasks to queue
[2024-01-30T22:04:00.274+0000] {logging_mixin.py:188} INFO - [2024-01-30T22:04:00.271+0000] {dagbag.py:538} INFO - Filling up the DagBag from /home/airflow/.local/lib/python3.8/site-packages/airflow/example_dags/example_branch_day_of_week_operator.py
[2024-01-30T22:04:00.563+0000] {processor.py:840} INFO - DAG(s) 'example_weekday_branch_operator' retrieved from /home/airflow/.local/lib/python3.8/site-packages/airflow/example_dags/example_branch_day_of_week_operator.py
[2024-01-30T22:04:01.078+0000] {logging_mixin.py:188} INFO - [2024-01-30T22:04:01.065+0000] {dag.py:3036} INFO - Sync 1 DAGs
[2024-01-30T22:04:01.684+0000] {logging_mixin.py:188} INFO - [2024-01-30T22:04:01.682+0000] {dag.py:3823} INFO - Setting next_dagrun for example_weekday_branch_operator to 2024-01-29 00:00:00+00:00, run_after=2024-01-30 00:00:00+00:00
[2024-01-30T22:04:02.226+0000] {processor.py:183} INFO - Processing /home/airflow/.local/lib/python3.8/site-packages/airflow/example_dags/example_branch_day_of_week_operator.py took 2.259 seconds
[2024-01-30T22:04:33.150+0000] {processor.py:161} INFO - Started process (PID=1311) to work on /home/airflow/.local/lib/python3.8/site-packages/airflow/example_dags/example_branch_day_of_week_operator.py
[2024-01-30T22:04:33.152+0000] {processor.py:830} INFO - Processing file /home/airflow/.local/lib/python3.8/site-packages/airflow/example_dags/example_branch_day_of_week_operator.py for tasks to queue
[2024-01-30T22:04:33.153+0000] {logging_mixin.py:188} INFO - [2024-01-30T22:04:33.153+0000] {dagbag.py:538} INFO - Filling up the DagBag from /home/airflow/.local/lib/python3.8/site-packages/airflow/example_dags/example_branch_day_of_week_operator.py
[2024-01-30T22:04:33.160+0000] {processor.py:840} INFO - DAG(s) 'example_weekday_branch_operator' retrieved from /home/airflow/.local/lib/python3.8/site-packages/airflow/example_dags/example_branch_day_of_week_operator.py
[2024-01-30T22:04:33.183+0000] {logging_mixin.py:188} INFO - [2024-01-30T22:04:33.183+0000] {dag.py:3036} INFO - Sync 1 DAGs
[2024-01-30T22:04:33.210+0000] {logging_mixin.py:188} INFO - [2024-01-30T22:04:33.209+0000] {dag.py:3823} INFO - Setting next_dagrun for example_weekday_branch_operator to 2024-01-29 00:00:00+00:00, run_after=2024-01-30 00:00:00+00:00
[2024-01-30T22:04:33.236+0000] {processor.py:183} INFO - Processing /home/airflow/.local/lib/python3.8/site-packages/airflow/example_dags/example_branch_day_of_week_operator.py took 0.089 seconds
[2024-01-30T22:05:03.929+0000] {processor.py:161} INFO - Started process (PID=1368) to work on /home/airflow/.local/lib/python3.8/site-packages/airflow/example_dags/example_branch_day_of_week_operator.py
[2024-01-30T22:05:03.937+0000] {processor.py:830} INFO - Processing file /home/airflow/.local/lib/python3.8/site-packages/airflow/example_dags/example_branch_day_of_week_operator.py for tasks to queue
[2024-01-30T22:05:03.947+0000] {logging_mixin.py:188} INFO - [2024-01-30T22:05:03.944+0000] {dagbag.py:538} INFO - Filling up the DagBag from /home/airflow/.local/lib/python3.8/site-packages/airflow/example_dags/example_branch_day_of_week_operator.py
[2024-01-30T22:05:04.033+0000] {processor.py:840} INFO - DAG(s) 'example_weekday_branch_operator' retrieved from /home/airflow/.local/lib/python3.8/site-packages/airflow/example_dags/example_branch_day_of_week_operator.py
[2024-01-30T22:05:04.244+0000] {logging_mixin.py:188} INFO - [2024-01-30T22:05:04.242+0000] {dag.py:3036} INFO - Sync 1 DAGs
[2024-01-30T22:05:04.517+0000] {logging_mixin.py:188} INFO - [2024-01-30T22:05:04.515+0000] {dag.py:3823} INFO - Setting next_dagrun for example_weekday_branch_operator to 2024-01-29 00:00:00+00:00, run_after=2024-01-30 00:00:00+00:00
[2024-01-30T22:05:04.728+0000] {processor.py:183} INFO - Processing /home/airflow/.local/lib/python3.8/site-packages/airflow/example_dags/example_branch_day_of_week_operator.py took 0.818 seconds
[2024-01-30T22:05:34.935+0000] {processor.py:161} INFO - Started process (PID=1425) to work on /home/airflow/.local/lib/python3.8/site-packages/airflow/example_dags/example_branch_day_of_week_operator.py
[2024-01-30T22:05:34.936+0000] {processor.py:830} INFO - Processing file /home/airflow/.local/lib/python3.8/site-packages/airflow/example_dags/example_branch_day_of_week_operator.py for tasks to queue
[2024-01-30T22:05:34.937+0000] {logging_mixin.py:188} INFO - [2024-01-30T22:05:34.937+0000] {dagbag.py:538} INFO - Filling up the DagBag from /home/airflow/.local/lib/python3.8/site-packages/airflow/example_dags/example_branch_day_of_week_operator.py
[2024-01-30T22:05:34.944+0000] {processor.py:840} INFO - DAG(s) 'example_weekday_branch_operator' retrieved from /home/airflow/.local/lib/python3.8/site-packages/airflow/example_dags/example_branch_day_of_week_operator.py
[2024-01-30T22:05:34.964+0000] {logging_mixin.py:188} INFO - [2024-01-30T22:05:34.964+0000] {dag.py:3036} INFO - Sync 1 DAGs
[2024-01-30T22:05:34.988+0000] {logging_mixin.py:188} INFO - [2024-01-30T22:05:34.988+0000] {dag.py:3823} INFO - Setting next_dagrun for example_weekday_branch_operator to 2024-01-29 00:00:00+00:00, run_after=2024-01-30 00:00:00+00:00
[2024-01-30T22:05:35.056+0000] {processor.py:183} INFO - Processing /home/airflow/.local/lib/python3.8/site-packages/airflow/example_dags/example_branch_day_of_week_operator.py took 0.123 seconds
[2024-01-30T22:06:05.464+0000] {processor.py:161} INFO - Started process (PID=1482) to work on /home/airflow/.local/lib/python3.8/site-packages/airflow/example_dags/example_branch_day_of_week_operator.py
[2024-01-30T22:06:05.465+0000] {processor.py:830} INFO - Processing file /home/airflow/.local/lib/python3.8/site-packages/airflow/example_dags/example_branch_day_of_week_operator.py for tasks to queue
[2024-01-30T22:06:05.467+0000] {logging_mixin.py:188} INFO - [2024-01-30T22:06:05.467+0000] {dagbag.py:538} INFO - Filling up the DagBag from /home/airflow/.local/lib/python3.8/site-packages/airflow/example_dags/example_branch_day_of_week_operator.py
[2024-01-30T22:06:05.478+0000] {processor.py:840} INFO - DAG(s) 'example_weekday_branch_operator' retrieved from /home/airflow/.local/lib/python3.8/site-packages/airflow/example_dags/example_branch_day_of_week_operator.py
[2024-01-30T22:06:05.513+0000] {logging_mixin.py:188} INFO - [2024-01-30T22:06:05.512+0000] {dag.py:3036} INFO - Sync 1 DAGs
[2024-01-30T22:06:05.542+0000] {logging_mixin.py:188} INFO - [2024-01-30T22:06:05.541+0000] {dag.py:3823} INFO - Setting next_dagrun for example_weekday_branch_operator to 2024-01-29 00:00:00+00:00, run_after=2024-01-30 00:00:00+00:00
[2024-01-30T22:06:05.571+0000] {processor.py:183} INFO - Processing /home/airflow/.local/lib/python3.8/site-packages/airflow/example_dags/example_branch_day_of_week_operator.py took 0.110 seconds
[2024-01-30T22:06:35.633+0000] {processor.py:161} INFO - Started process (PID=1539) to work on /home/airflow/.local/lib/python3.8/site-packages/airflow/example_dags/example_branch_day_of_week_operator.py
[2024-01-30T22:06:35.634+0000] {processor.py:830} INFO - Processing file /home/airflow/.local/lib/python3.8/site-packages/airflow/example_dags/example_branch_day_of_week_operator.py for tasks to queue
[2024-01-30T22:06:35.635+0000] {logging_mixin.py:188} INFO - [2024-01-30T22:06:35.635+0000] {dagbag.py:538} INFO - Filling up the DagBag from /home/airflow/.local/lib/python3.8/site-packages/airflow/example_dags/example_branch_day_of_week_operator.py
[2024-01-30T22:06:35.643+0000] {processor.py:840} INFO - DAG(s) 'example_weekday_branch_operator' retrieved from /home/airflow/.local/lib/python3.8/site-packages/airflow/example_dags/example_branch_day_of_week_operator.py
[2024-01-30T22:06:35.676+0000] {logging_mixin.py:188} INFO - [2024-01-30T22:06:35.675+0000] {dag.py:3036} INFO - Sync 1 DAGs
[2024-01-30T22:06:35.702+0000] {logging_mixin.py:188} INFO - [2024-01-30T22:06:35.702+0000] {dag.py:3823} INFO - Setting next_dagrun for example_weekday_branch_operator to 2024-01-29 00:00:00+00:00, run_after=2024-01-30 00:00:00+00:00
[2024-01-30T22:06:35.743+0000] {processor.py:183} INFO - Processing /home/airflow/.local/lib/python3.8/site-packages/airflow/example_dags/example_branch_day_of_week_operator.py took 0.113 seconds
[2024-01-30T22:07:06.725+0000] {processor.py:161} INFO - Started process (PID=1594) to work on /home/airflow/.local/lib/python3.8/site-packages/airflow/example_dags/example_branch_day_of_week_operator.py
[2024-01-30T22:07:06.726+0000] {processor.py:830} INFO - Processing file /home/airflow/.local/lib/python3.8/site-packages/airflow/example_dags/example_branch_day_of_week_operator.py for tasks to queue
[2024-01-30T22:07:06.727+0000] {logging_mixin.py:188} INFO - [2024-01-30T22:07:06.727+0000] {dagbag.py:538} INFO - Filling up the DagBag from /home/airflow/.local/lib/python3.8/site-packages/airflow/example_dags/example_branch_day_of_week_operator.py
[2024-01-30T22:07:06.737+0000] {processor.py:840} INFO - DAG(s) 'example_weekday_branch_operator' retrieved from /home/airflow/.local/lib/python3.8/site-packages/airflow/example_dags/example_branch_day_of_week_operator.py
[2024-01-30T22:07:06.761+0000] {logging_mixin.py:188} INFO - [2024-01-30T22:07:06.761+0000] {dag.py:3036} INFO - Sync 1 DAGs
[2024-01-30T22:07:06.789+0000] {logging_mixin.py:188} INFO - [2024-01-30T22:07:06.789+0000] {dag.py:3823} INFO - Setting next_dagrun for example_weekday_branch_operator to 2024-01-29 00:00:00+00:00, run_after=2024-01-30 00:00:00+00:00
[2024-01-30T22:07:06.821+0000] {processor.py:183} INFO - Processing /home/airflow/.local/lib/python3.8/site-packages/airflow/example_dags/example_branch_day_of_week_operator.py took 0.099 seconds
[2024-01-30T22:07:36.991+0000] {processor.py:161} INFO - Started process (PID=1648) to work on /home/airflow/.local/lib/python3.8/site-packages/airflow/example_dags/example_branch_day_of_week_operator.py
[2024-01-30T22:07:36.992+0000] {processor.py:830} INFO - Processing file /home/airflow/.local/lib/python3.8/site-packages/airflow/example_dags/example_branch_day_of_week_operator.py for tasks to queue
[2024-01-30T22:07:36.994+0000] {logging_mixin.py:188} INFO - [2024-01-30T22:07:36.993+0000] {dagbag.py:538} INFO - Filling up the DagBag from /home/airflow/.local/lib/python3.8/site-packages/airflow/example_dags/example_branch_day_of_week_operator.py
[2024-01-30T22:07:37.003+0000] {processor.py:840} INFO - DAG(s) 'example_weekday_branch_operator' retrieved from /home/airflow/.local/lib/python3.8/site-packages/airflow/example_dags/example_branch_day_of_week_operator.py
[2024-01-30T22:07:37.034+0000] {logging_mixin.py:188} INFO - [2024-01-30T22:07:37.034+0000] {dag.py:3036} INFO - Sync 1 DAGs
[2024-01-30T22:07:37.063+0000] {logging_mixin.py:188} INFO - [2024-01-30T22:07:37.062+0000] {dag.py:3823} INFO - Setting next_dagrun for example_weekday_branch_operator to 2024-01-29 00:00:00+00:00, run_after=2024-01-30 00:00:00+00:00
[2024-01-30T22:07:37.093+0000] {processor.py:183} INFO - Processing /home/airflow/.local/lib/python3.8/site-packages/airflow/example_dags/example_branch_day_of_week_operator.py took 0.105 seconds
[2024-01-30T22:08:07.273+0000] {processor.py:161} INFO - Started process (PID=1699) to work on /home/airflow/.local/lib/python3.8/site-packages/airflow/example_dags/example_branch_day_of_week_operator.py
[2024-01-30T22:08:07.274+0000] {processor.py:830} INFO - Processing file /home/airflow/.local/lib/python3.8/site-packages/airflow/example_dags/example_branch_day_of_week_operator.py for tasks to queue
[2024-01-30T22:08:07.276+0000] {logging_mixin.py:188} INFO - [2024-01-30T22:08:07.275+0000] {dagbag.py:538} INFO - Filling up the DagBag from /home/airflow/.local/lib/python3.8/site-packages/airflow/example_dags/example_branch_day_of_week_operator.py
[2024-01-30T22:08:07.287+0000] {processor.py:840} INFO - DAG(s) 'example_weekday_branch_operator' retrieved from /home/airflow/.local/lib/python3.8/site-packages/airflow/example_dags/example_branch_day_of_week_operator.py
[2024-01-30T22:08:07.319+0000] {logging_mixin.py:188} INFO - [2024-01-30T22:08:07.318+0000] {dag.py:3036} INFO - Sync 1 DAGs
[2024-01-30T22:08:07.355+0000] {logging_mixin.py:188} INFO - [2024-01-30T22:08:07.354+0000] {dag.py:3823} INFO - Setting next_dagrun for example_weekday_branch_operator to 2024-01-29 00:00:00+00:00, run_after=2024-01-30 00:00:00+00:00
[2024-01-30T22:08:07.391+0000] {processor.py:183} INFO - Processing /home/airflow/.local/lib/python3.8/site-packages/airflow/example_dags/example_branch_day_of_week_operator.py took 0.122 seconds
[2024-01-30T22:08:37.500+0000] {processor.py:161} INFO - Started process (PID=1756) to work on /home/airflow/.local/lib/python3.8/site-packages/airflow/example_dags/example_branch_day_of_week_operator.py
[2024-01-30T22:08:37.501+0000] {processor.py:830} INFO - Processing file /home/airflow/.local/lib/python3.8/site-packages/airflow/example_dags/example_branch_day_of_week_operator.py for tasks to queue
[2024-01-30T22:08:37.503+0000] {logging_mixin.py:188} INFO - [2024-01-30T22:08:37.502+0000] {dagbag.py:538} INFO - Filling up the DagBag from /home/airflow/.local/lib/python3.8/site-packages/airflow/example_dags/example_branch_day_of_week_operator.py
[2024-01-30T22:08:37.512+0000] {processor.py:840} INFO - DAG(s) 'example_weekday_branch_operator' retrieved from /home/airflow/.local/lib/python3.8/site-packages/airflow/example_dags/example_branch_day_of_week_operator.py
[2024-01-30T22:08:37.538+0000] {logging_mixin.py:188} INFO - [2024-01-30T22:08:37.538+0000] {dag.py:3036} INFO - Sync 1 DAGs
[2024-01-30T22:08:37.568+0000] {logging_mixin.py:188} INFO - [2024-01-30T22:08:37.568+0000] {dag.py:3823} INFO - Setting next_dagrun for example_weekday_branch_operator to 2024-01-29 00:00:00+00:00, run_after=2024-01-30 00:00:00+00:00
[2024-01-30T22:08:37.599+0000] {processor.py:183} INFO - Processing /home/airflow/.local/lib/python3.8/site-packages/airflow/example_dags/example_branch_day_of_week_operator.py took 0.101 seconds
[2024-01-30T22:09:08.010+0000] {processor.py:161} INFO - Started process (PID=1809) to work on /home/airflow/.local/lib/python3.8/site-packages/airflow/example_dags/example_branch_day_of_week_operator.py
[2024-01-30T22:09:08.011+0000] {processor.py:830} INFO - Processing file /home/airflow/.local/lib/python3.8/site-packages/airflow/example_dags/example_branch_day_of_week_operator.py for tasks to queue
[2024-01-30T22:09:08.013+0000] {logging_mixin.py:188} INFO - [2024-01-30T22:09:08.013+0000] {dagbag.py:538} INFO - Filling up the DagBag from /home/airflow/.local/lib/python3.8/site-packages/airflow/example_dags/example_branch_day_of_week_operator.py
[2024-01-30T22:09:08.023+0000] {processor.py:840} INFO - DAG(s) 'example_weekday_branch_operator' retrieved from /home/airflow/.local/lib/python3.8/site-packages/airflow/example_dags/example_branch_day_of_week_operator.py
[2024-01-30T22:09:08.038+0000] {logging_mixin.py:188} INFO - [2024-01-30T22:09:08.038+0000] {dag.py:3036} INFO - Sync 1 DAGs
[2024-01-30T22:09:08.069+0000] {logging_mixin.py:188} INFO - [2024-01-30T22:09:08.069+0000] {dag.py:3823} INFO - Setting next_dagrun for example_weekday_branch_operator to 2024-01-29 00:00:00+00:00, run_after=2024-01-30 00:00:00+00:00
[2024-01-30T22:09:08.100+0000] {processor.py:183} INFO - Processing /home/airflow/.local/lib/python3.8/site-packages/airflow/example_dags/example_branch_day_of_week_operator.py took 0.094 seconds
[2024-01-30T22:09:38.569+0000] {processor.py:161} INFO - Started process (PID=1866) to work on /home/airflow/.local/lib/python3.8/site-packages/airflow/example_dags/example_branch_day_of_week_operator.py
[2024-01-30T22:09:38.571+0000] {processor.py:830} INFO - Processing file /home/airflow/.local/lib/python3.8/site-packages/airflow/example_dags/example_branch_day_of_week_operator.py for tasks to queue
[2024-01-30T22:09:38.572+0000] {logging_mixin.py:188} INFO - [2024-01-30T22:09:38.572+0000] {dagbag.py:538} INFO - Filling up the DagBag from /home/airflow/.local/lib/python3.8/site-packages/airflow/example_dags/example_branch_day_of_week_operator.py
[2024-01-30T22:09:38.581+0000] {processor.py:840} INFO - DAG(s) 'example_weekday_branch_operator' retrieved from /home/airflow/.local/lib/python3.8/site-packages/airflow/example_dags/example_branch_day_of_week_operator.py
[2024-01-30T22:09:38.732+0000] {logging_mixin.py:188} INFO - [2024-01-30T22:09:38.732+0000] {dag.py:3036} INFO - Sync 1 DAGs
[2024-01-30T22:09:38.762+0000] {logging_mixin.py:188} INFO - [2024-01-30T22:09:38.762+0000] {dag.py:3823} INFO - Setting next_dagrun for example_weekday_branch_operator to 2024-01-29 00:00:00+00:00, run_after=2024-01-30 00:00:00+00:00
[2024-01-30T22:09:38.795+0000] {processor.py:183} INFO - Processing /home/airflow/.local/lib/python3.8/site-packages/airflow/example_dags/example_branch_day_of_week_operator.py took 0.229 seconds
[2024-01-30T22:10:08.861+0000] {processor.py:161} INFO - Started process (PID=1923) to work on /home/airflow/.local/lib/python3.8/site-packages/airflow/example_dags/example_branch_day_of_week_operator.py
[2024-01-30T22:10:08.862+0000] {processor.py:830} INFO - Processing file /home/airflow/.local/lib/python3.8/site-packages/airflow/example_dags/example_branch_day_of_week_operator.py for tasks to queue
[2024-01-30T22:10:08.863+0000] {logging_mixin.py:188} INFO - [2024-01-30T22:10:08.863+0000] {dagbag.py:538} INFO - Filling up the DagBag from /home/airflow/.local/lib/python3.8/site-packages/airflow/example_dags/example_branch_day_of_week_operator.py
[2024-01-30T22:10:08.875+0000] {processor.py:840} INFO - DAG(s) 'example_weekday_branch_operator' retrieved from /home/airflow/.local/lib/python3.8/site-packages/airflow/example_dags/example_branch_day_of_week_operator.py
[2024-01-30T22:10:08.901+0000] {logging_mixin.py:188} INFO - [2024-01-30T22:10:08.901+0000] {dag.py:3036} INFO - Sync 1 DAGs
[2024-01-30T22:10:08.929+0000] {logging_mixin.py:188} INFO - [2024-01-30T22:10:08.929+0000] {dag.py:3823} INFO - Setting next_dagrun for example_weekday_branch_operator to 2024-01-29 00:00:00+00:00, run_after=2024-01-30 00:00:00+00:00
[2024-01-30T22:10:08.958+0000] {processor.py:183} INFO - Processing /home/airflow/.local/lib/python3.8/site-packages/airflow/example_dags/example_branch_day_of_week_operator.py took 0.100 seconds
[2024-01-30T22:10:39.741+0000] {processor.py:161} INFO - Started process (PID=1980) to work on /home/airflow/.local/lib/python3.8/site-packages/airflow/example_dags/example_branch_day_of_week_operator.py
[2024-01-30T22:10:39.743+0000] {processor.py:830} INFO - Processing file /home/airflow/.local/lib/python3.8/site-packages/airflow/example_dags/example_branch_day_of_week_operator.py for tasks to queue
[2024-01-30T22:10:39.745+0000] {logging_mixin.py:188} INFO - [2024-01-30T22:10:39.744+0000] {dagbag.py:538} INFO - Filling up the DagBag from /home/airflow/.local/lib/python3.8/site-packages/airflow/example_dags/example_branch_day_of_week_operator.py
[2024-01-30T22:10:39.755+0000] {processor.py:840} INFO - DAG(s) 'example_weekday_branch_operator' retrieved from /home/airflow/.local/lib/python3.8/site-packages/airflow/example_dags/example_branch_day_of_week_operator.py
[2024-01-30T22:10:39.789+0000] {logging_mixin.py:188} INFO - [2024-01-30T22:10:39.789+0000] {dag.py:3036} INFO - Sync 1 DAGs
[2024-01-30T22:10:39.822+0000] {logging_mixin.py:188} INFO - [2024-01-30T22:10:39.822+0000] {dag.py:3823} INFO - Setting next_dagrun for example_weekday_branch_operator to 2024-01-29 00:00:00+00:00, run_after=2024-01-30 00:00:00+00:00
[2024-01-30T22:10:39.859+0000] {processor.py:183} INFO - Processing /home/airflow/.local/lib/python3.8/site-packages/airflow/example_dags/example_branch_day_of_week_operator.py took 0.121 seconds
[2024-01-30T22:11:10.230+0000] {processor.py:161} INFO - Started process (PID=2037) to work on /home/airflow/.local/lib/python3.8/site-packages/airflow/example_dags/example_branch_day_of_week_operator.py
[2024-01-30T22:11:10.232+0000] {processor.py:830} INFO - Processing file /home/airflow/.local/lib/python3.8/site-packages/airflow/example_dags/example_branch_day_of_week_operator.py for tasks to queue
[2024-01-30T22:11:10.235+0000] {logging_mixin.py:188} INFO - [2024-01-30T22:11:10.234+0000] {dagbag.py:538} INFO - Filling up the DagBag from /home/airflow/.local/lib/python3.8/site-packages/airflow/example_dags/example_branch_day_of_week_operator.py
[2024-01-30T22:11:10.250+0000] {processor.py:840} INFO - DAG(s) 'example_weekday_branch_operator' retrieved from /home/airflow/.local/lib/python3.8/site-packages/airflow/example_dags/example_branch_day_of_week_operator.py
[2024-01-30T22:11:10.290+0000] {logging_mixin.py:188} INFO - [2024-01-30T22:11:10.289+0000] {dag.py:3036} INFO - Sync 1 DAGs
[2024-01-30T22:11:10.335+0000] {logging_mixin.py:188} INFO - [2024-01-30T22:11:10.334+0000] {dag.py:3823} INFO - Setting next_dagrun for example_weekday_branch_operator to 2024-01-29 00:00:00+00:00, run_after=2024-01-30 00:00:00+00:00
[2024-01-30T22:11:10.372+0000] {processor.py:183} INFO - Processing /home/airflow/.local/lib/python3.8/site-packages/airflow/example_dags/example_branch_day_of_week_operator.py took 0.150 seconds
[2024-01-30T22:11:41.386+0000] {processor.py:161} INFO - Started process (PID=2094) to work on /home/airflow/.local/lib/python3.8/site-packages/airflow/example_dags/example_branch_day_of_week_operator.py
[2024-01-30T22:11:41.387+0000] {processor.py:830} INFO - Processing file /home/airflow/.local/lib/python3.8/site-packages/airflow/example_dags/example_branch_day_of_week_operator.py for tasks to queue
[2024-01-30T22:11:41.389+0000] {logging_mixin.py:188} INFO - [2024-01-30T22:11:41.388+0000] {dagbag.py:538} INFO - Filling up the DagBag from /home/airflow/.local/lib/python3.8/site-packages/airflow/example_dags/example_branch_day_of_week_operator.py
[2024-01-30T22:11:41.397+0000] {processor.py:840} INFO - DAG(s) 'example_weekday_branch_operator' retrieved from /home/airflow/.local/lib/python3.8/site-packages/airflow/example_dags/example_branch_day_of_week_operator.py
[2024-01-30T22:11:41.427+0000] {logging_mixin.py:188} INFO - [2024-01-30T22:11:41.427+0000] {dag.py:3036} INFO - Sync 1 DAGs
[2024-01-30T22:11:41.457+0000] {logging_mixin.py:188} INFO - [2024-01-30T22:11:41.456+0000] {dag.py:3823} INFO - Setting next_dagrun for example_weekday_branch_operator to 2024-01-29 00:00:00+00:00, run_after=2024-01-30 00:00:00+00:00
[2024-01-30T22:11:41.500+0000] {processor.py:183} INFO - Processing /home/airflow/.local/lib/python3.8/site-packages/airflow/example_dags/example_branch_day_of_week_operator.py took 0.118 seconds
[2024-01-30T22:12:12.533+0000] {processor.py:161} INFO - Started process (PID=2151) to work on /home/airflow/.local/lib/python3.8/site-packages/airflow/example_dags/example_branch_day_of_week_operator.py
[2024-01-30T22:12:12.535+0000] {processor.py:830} INFO - Processing file /home/airflow/.local/lib/python3.8/site-packages/airflow/example_dags/example_branch_day_of_week_operator.py for tasks to queue
[2024-01-30T22:12:12.537+0000] {logging_mixin.py:188} INFO - [2024-01-30T22:12:12.536+0000] {dagbag.py:538} INFO - Filling up the DagBag from /home/airflow/.local/lib/python3.8/site-packages/airflow/example_dags/example_branch_day_of_week_operator.py
[2024-01-30T22:12:12.548+0000] {processor.py:840} INFO - DAG(s) 'example_weekday_branch_operator' retrieved from /home/airflow/.local/lib/python3.8/site-packages/airflow/example_dags/example_branch_day_of_week_operator.py
[2024-01-30T22:12:12.580+0000] {logging_mixin.py:188} INFO - [2024-01-30T22:12:12.580+0000] {dag.py:3036} INFO - Sync 1 DAGs
[2024-01-30T22:12:12.614+0000] {logging_mixin.py:188} INFO - [2024-01-30T22:12:12.613+0000] {dag.py:3823} INFO - Setting next_dagrun for example_weekday_branch_operator to 2024-01-29 00:00:00+00:00, run_after=2024-01-30 00:00:00+00:00
[2024-01-30T22:12:12.654+0000] {processor.py:183} INFO - Processing /home/airflow/.local/lib/python3.8/site-packages/airflow/example_dags/example_branch_day_of_week_operator.py took 0.125 seconds
[2024-01-30T22:12:43.176+0000] {processor.py:161} INFO - Started process (PID=2208) to work on /home/airflow/.local/lib/python3.8/site-packages/airflow/example_dags/example_branch_day_of_week_operator.py
[2024-01-30T22:12:43.177+0000] {processor.py:830} INFO - Processing file /home/airflow/.local/lib/python3.8/site-packages/airflow/example_dags/example_branch_day_of_week_operator.py for tasks to queue
[2024-01-30T22:12:43.179+0000] {logging_mixin.py:188} INFO - [2024-01-30T22:12:43.179+0000] {dagbag.py:538} INFO - Filling up the DagBag from /home/airflow/.local/lib/python3.8/site-packages/airflow/example_dags/example_branch_day_of_week_operator.py
[2024-01-30T22:12:43.188+0000] {processor.py:840} INFO - DAG(s) 'example_weekday_branch_operator' retrieved from /home/airflow/.local/lib/python3.8/site-packages/airflow/example_dags/example_branch_day_of_week_operator.py
[2024-01-30T22:12:43.214+0000] {logging_mixin.py:188} INFO - [2024-01-30T22:12:43.214+0000] {dag.py:3036} INFO - Sync 1 DAGs
[2024-01-30T22:12:43.242+0000] {logging_mixin.py:188} INFO - [2024-01-30T22:12:43.242+0000] {dag.py:3823} INFO - Setting next_dagrun for example_weekday_branch_operator to 2024-01-29 00:00:00+00:00, run_after=2024-01-30 00:00:00+00:00
[2024-01-30T22:12:43.270+0000] {processor.py:183} INFO - Processing /home/airflow/.local/lib/python3.8/site-packages/airflow/example_dags/example_branch_day_of_week_operator.py took 0.097 seconds
[2024-01-30T22:13:14.315+0000] {processor.py:161} INFO - Started process (PID=2265) to work on /home/airflow/.local/lib/python3.8/site-packages/airflow/example_dags/example_branch_day_of_week_operator.py
[2024-01-30T22:13:14.316+0000] {processor.py:830} INFO - Processing file /home/airflow/.local/lib/python3.8/site-packages/airflow/example_dags/example_branch_day_of_week_operator.py for tasks to queue
[2024-01-30T22:13:14.317+0000] {logging_mixin.py:188} INFO - [2024-01-30T22:13:14.317+0000] {dagbag.py:538} INFO - Filling up the DagBag from /home/airflow/.local/lib/python3.8/site-packages/airflow/example_dags/example_branch_day_of_week_operator.py
[2024-01-30T22:13:14.325+0000] {processor.py:840} INFO - DAG(s) 'example_weekday_branch_operator' retrieved from /home/airflow/.local/lib/python3.8/site-packages/airflow/example_dags/example_branch_day_of_week_operator.py
[2024-01-30T22:13:14.353+0000] {logging_mixin.py:188} INFO - [2024-01-30T22:13:14.353+0000] {dag.py:3036} INFO - Sync 1 DAGs
[2024-01-30T22:13:14.381+0000] {logging_mixin.py:188} INFO - [2024-01-30T22:13:14.381+0000] {dag.py:3823} INFO - Setting next_dagrun for example_weekday_branch_operator to 2024-01-29 00:00:00+00:00, run_after=2024-01-30 00:00:00+00:00
[2024-01-30T22:13:14.413+0000] {processor.py:183} INFO - Processing /home/airflow/.local/lib/python3.8/site-packages/airflow/example_dags/example_branch_day_of_week_operator.py took 0.101 seconds
[2024-01-30T22:13:45.099+0000] {processor.py:161} INFO - Started process (PID=2322) to work on /home/airflow/.local/lib/python3.8/site-packages/airflow/example_dags/example_branch_day_of_week_operator.py
[2024-01-30T22:13:45.100+0000] {processor.py:830} INFO - Processing file /home/airflow/.local/lib/python3.8/site-packages/airflow/example_dags/example_branch_day_of_week_operator.py for tasks to queue
[2024-01-30T22:13:45.101+0000] {logging_mixin.py:188} INFO - [2024-01-30T22:13:45.101+0000] {dagbag.py:538} INFO - Filling up the DagBag from /home/airflow/.local/lib/python3.8/site-packages/airflow/example_dags/example_branch_day_of_week_operator.py
[2024-01-30T22:13:45.110+0000] {processor.py:840} INFO - DAG(s) 'example_weekday_branch_operator' retrieved from /home/airflow/.local/lib/python3.8/site-packages/airflow/example_dags/example_branch_day_of_week_operator.py
[2024-01-30T22:13:45.136+0000] {logging_mixin.py:188} INFO - [2024-01-30T22:13:45.135+0000] {dag.py:3036} INFO - Sync 1 DAGs
[2024-01-30T22:13:45.165+0000] {logging_mixin.py:188} INFO - [2024-01-30T22:13:45.165+0000] {dag.py:3823} INFO - Setting next_dagrun for example_weekday_branch_operator to 2024-01-29 00:00:00+00:00, run_after=2024-01-30 00:00:00+00:00
[2024-01-30T22:13:45.195+0000] {processor.py:183} INFO - Processing /home/airflow/.local/lib/python3.8/site-packages/airflow/example_dags/example_branch_day_of_week_operator.py took 0.099 seconds
[2024-01-30T22:14:20.553+0000] {processor.py:161} INFO - Started process (PID=2379) to work on /home/airflow/.local/lib/python3.8/site-packages/airflow/example_dags/example_branch_day_of_week_operator.py
[2024-01-30T22:14:20.554+0000] {processor.py:830} INFO - Processing file /home/airflow/.local/lib/python3.8/site-packages/airflow/example_dags/example_branch_day_of_week_operator.py for tasks to queue
[2024-01-30T22:14:20.556+0000] {logging_mixin.py:188} INFO - [2024-01-30T22:14:20.556+0000] {dagbag.py:538} INFO - Filling up the DagBag from /home/airflow/.local/lib/python3.8/site-packages/airflow/example_dags/example_branch_day_of_week_operator.py
[2024-01-30T22:14:20.564+0000] {processor.py:840} INFO - DAG(s) 'example_weekday_branch_operator' retrieved from /home/airflow/.local/lib/python3.8/site-packages/airflow/example_dags/example_branch_day_of_week_operator.py
[2024-01-30T22:14:20.590+0000] {logging_mixin.py:188} INFO - [2024-01-30T22:14:20.590+0000] {dag.py:3036} INFO - Sync 1 DAGs
[2024-01-30T22:14:20.620+0000] {logging_mixin.py:188} INFO - [2024-01-30T22:14:20.619+0000] {dag.py:3823} INFO - Setting next_dagrun for example_weekday_branch_operator to 2024-01-29 00:00:00+00:00, run_after=2024-01-30 00:00:00+00:00
[2024-01-30T22:14:20.648+0000] {processor.py:183} INFO - Processing /home/airflow/.local/lib/python3.8/site-packages/airflow/example_dags/example_branch_day_of_week_operator.py took 0.098 seconds
[2024-01-30T22:14:51.643+0000] {processor.py:161} INFO - Started process (PID=2437) to work on /home/airflow/.local/lib/python3.8/site-packages/airflow/example_dags/example_branch_day_of_week_operator.py
[2024-01-30T22:14:51.645+0000] {processor.py:830} INFO - Processing file /home/airflow/.local/lib/python3.8/site-packages/airflow/example_dags/example_branch_day_of_week_operator.py for tasks to queue
[2024-01-30T22:14:51.646+0000] {logging_mixin.py:188} INFO - [2024-01-30T22:14:51.646+0000] {dagbag.py:538} INFO - Filling up the DagBag from /home/airflow/.local/lib/python3.8/site-packages/airflow/example_dags/example_branch_day_of_week_operator.py
[2024-01-30T22:14:51.656+0000] {processor.py:840} INFO - DAG(s) 'example_weekday_branch_operator' retrieved from /home/airflow/.local/lib/python3.8/site-packages/airflow/example_dags/example_branch_day_of_week_operator.py
[2024-01-30T22:14:51.682+0000] {logging_mixin.py:188} INFO - [2024-01-30T22:14:51.682+0000] {dag.py:3036} INFO - Sync 1 DAGs
[2024-01-30T22:14:51.710+0000] {logging_mixin.py:188} INFO - [2024-01-30T22:14:51.710+0000] {dag.py:3823} INFO - Setting next_dagrun for example_weekday_branch_operator to 2024-01-29 00:00:00+00:00, run_after=2024-01-30 00:00:00+00:00
[2024-01-30T22:14:51.742+0000] {processor.py:183} INFO - Processing /home/airflow/.local/lib/python3.8/site-packages/airflow/example_dags/example_branch_day_of_week_operator.py took 0.102 seconds
[2024-01-30T22:15:22.255+0000] {processor.py:161} INFO - Started process (PID=2492) to work on /home/airflow/.local/lib/python3.8/site-packages/airflow/example_dags/example_branch_day_of_week_operator.py
[2024-01-30T22:15:22.256+0000] {processor.py:830} INFO - Processing file /home/airflow/.local/lib/python3.8/site-packages/airflow/example_dags/example_branch_day_of_week_operator.py for tasks to queue
[2024-01-30T22:15:22.257+0000] {logging_mixin.py:188} INFO - [2024-01-30T22:15:22.257+0000] {dagbag.py:538} INFO - Filling up the DagBag from /home/airflow/.local/lib/python3.8/site-packages/airflow/example_dags/example_branch_day_of_week_operator.py
[2024-01-30T22:15:22.264+0000] {processor.py:840} INFO - DAG(s) 'example_weekday_branch_operator' retrieved from /home/airflow/.local/lib/python3.8/site-packages/airflow/example_dags/example_branch_day_of_week_operator.py
[2024-01-30T22:15:22.295+0000] {logging_mixin.py:188} INFO - [2024-01-30T22:15:22.294+0000] {dag.py:3036} INFO - Sync 1 DAGs
[2024-01-30T22:15:22.322+0000] {logging_mixin.py:188} INFO - [2024-01-30T22:15:22.322+0000] {dag.py:3823} INFO - Setting next_dagrun for example_weekday_branch_operator to 2024-01-29 00:00:00+00:00, run_after=2024-01-30 00:00:00+00:00
[2024-01-30T22:15:22.349+0000] {processor.py:183} INFO - Processing /home/airflow/.local/lib/python3.8/site-packages/airflow/example_dags/example_branch_day_of_week_operator.py took 0.097 seconds
[2024-01-30T22:15:52.740+0000] {processor.py:161} INFO - Started process (PID=2555) to work on /home/airflow/.local/lib/python3.8/site-packages/airflow/example_dags/example_branch_day_of_week_operator.py
[2024-01-30T22:15:52.741+0000] {processor.py:830} INFO - Processing file /home/airflow/.local/lib/python3.8/site-packages/airflow/example_dags/example_branch_day_of_week_operator.py for tasks to queue
[2024-01-30T22:15:52.742+0000] {logging_mixin.py:188} INFO - [2024-01-30T22:15:52.742+0000] {dagbag.py:538} INFO - Filling up the DagBag from /home/airflow/.local/lib/python3.8/site-packages/airflow/example_dags/example_branch_day_of_week_operator.py
[2024-01-30T22:15:52.751+0000] {processor.py:840} INFO - DAG(s) 'example_weekday_branch_operator' retrieved from /home/airflow/.local/lib/python3.8/site-packages/airflow/example_dags/example_branch_day_of_week_operator.py
[2024-01-30T22:15:52.775+0000] {logging_mixin.py:188} INFO - [2024-01-30T22:15:52.775+0000] {dag.py:3036} INFO - Sync 1 DAGs
[2024-01-30T22:15:52.802+0000] {logging_mixin.py:188} INFO - [2024-01-30T22:15:52.802+0000] {dag.py:3823} INFO - Setting next_dagrun for example_weekday_branch_operator to 2024-01-29 00:00:00+00:00, run_after=2024-01-30 00:00:00+00:00
[2024-01-30T22:15:52.832+0000] {processor.py:183} INFO - Processing /home/airflow/.local/lib/python3.8/site-packages/airflow/example_dags/example_branch_day_of_week_operator.py took 0.095 seconds
[2024-01-30T22:16:23.229+0000] {processor.py:161} INFO - Started process (PID=2616) to work on /home/airflow/.local/lib/python3.8/site-packages/airflow/example_dags/example_branch_day_of_week_operator.py
[2024-01-30T22:16:23.231+0000] {processor.py:830} INFO - Processing file /home/airflow/.local/lib/python3.8/site-packages/airflow/example_dags/example_branch_day_of_week_operator.py for tasks to queue
[2024-01-30T22:16:23.233+0000] {logging_mixin.py:188} INFO - [2024-01-30T22:16:23.232+0000] {dagbag.py:538} INFO - Filling up the DagBag from /home/airflow/.local/lib/python3.8/site-packages/airflow/example_dags/example_branch_day_of_week_operator.py
[2024-01-30T22:16:23.243+0000] {processor.py:840} INFO - DAG(s) 'example_weekday_branch_operator' retrieved from /home/airflow/.local/lib/python3.8/site-packages/airflow/example_dags/example_branch_day_of_week_operator.py
[2024-01-30T22:16:23.271+0000] {logging_mixin.py:188} INFO - [2024-01-30T22:16:23.271+0000] {dag.py:3036} INFO - Sync 1 DAGs
[2024-01-30T22:16:23.302+0000] {logging_mixin.py:188} INFO - [2024-01-30T22:16:23.301+0000] {dag.py:3823} INFO - Setting next_dagrun for example_weekday_branch_operator to 2024-01-29 00:00:00+00:00, run_after=2024-01-30 00:00:00+00:00
[2024-01-30T22:16:23.336+0000] {processor.py:183} INFO - Processing /home/airflow/.local/lib/python3.8/site-packages/airflow/example_dags/example_branch_day_of_week_operator.py took 0.110 seconds
[2024-01-30T22:16:54.063+0000] {processor.py:161} INFO - Started process (PID=2673) to work on /home/airflow/.local/lib/python3.8/site-packages/airflow/example_dags/example_branch_day_of_week_operator.py
[2024-01-30T22:16:54.064+0000] {processor.py:830} INFO - Processing file /home/airflow/.local/lib/python3.8/site-packages/airflow/example_dags/example_branch_day_of_week_operator.py for tasks to queue
[2024-01-30T22:16:54.066+0000] {logging_mixin.py:188} INFO - [2024-01-30T22:16:54.066+0000] {dagbag.py:538} INFO - Filling up the DagBag from /home/airflow/.local/lib/python3.8/site-packages/airflow/example_dags/example_branch_day_of_week_operator.py
[2024-01-30T22:16:54.077+0000] {processor.py:840} INFO - DAG(s) 'example_weekday_branch_operator' retrieved from /home/airflow/.local/lib/python3.8/site-packages/airflow/example_dags/example_branch_day_of_week_operator.py
[2024-01-30T22:16:54.188+0000] {logging_mixin.py:188} INFO - [2024-01-30T22:16:54.188+0000] {dag.py:3036} INFO - Sync 1 DAGs
[2024-01-30T22:16:54.223+0000] {logging_mixin.py:188} INFO - [2024-01-30T22:16:54.222+0000] {dag.py:3823} INFO - Setting next_dagrun for example_weekday_branch_operator to 2024-01-29 00:00:00+00:00, run_after=2024-01-30 00:00:00+00:00
[2024-01-30T22:16:54.253+0000] {processor.py:183} INFO - Processing /home/airflow/.local/lib/python3.8/site-packages/airflow/example_dags/example_branch_day_of_week_operator.py took 0.194 seconds
[2024-01-30T22:17:26.010+0000] {processor.py:161} INFO - Started process (PID=2737) to work on /home/airflow/.local/lib/python3.8/site-packages/airflow/example_dags/example_branch_day_of_week_operator.py
[2024-01-30T22:17:26.012+0000] {processor.py:830} INFO - Processing file /home/airflow/.local/lib/python3.8/site-packages/airflow/example_dags/example_branch_day_of_week_operator.py for tasks to queue
[2024-01-30T22:17:26.013+0000] {logging_mixin.py:188} INFO - [2024-01-30T22:17:26.013+0000] {dagbag.py:538} INFO - Filling up the DagBag from /home/airflow/.local/lib/python3.8/site-packages/airflow/example_dags/example_branch_day_of_week_operator.py
[2024-01-30T22:17:26.021+0000] {processor.py:840} INFO - DAG(s) 'example_weekday_branch_operator' retrieved from /home/airflow/.local/lib/python3.8/site-packages/airflow/example_dags/example_branch_day_of_week_operator.py
[2024-01-30T22:17:26.047+0000] {logging_mixin.py:188} INFO - [2024-01-30T22:17:26.047+0000] {dag.py:3036} INFO - Sync 1 DAGs
[2024-01-30T22:17:26.077+0000] {logging_mixin.py:188} INFO - [2024-01-30T22:17:26.077+0000] {dag.py:3823} INFO - Setting next_dagrun for example_weekday_branch_operator to 2024-01-29 00:00:00+00:00, run_after=2024-01-30 00:00:00+00:00
[2024-01-30T22:17:26.259+0000] {processor.py:183} INFO - Processing /home/airflow/.local/lib/python3.8/site-packages/airflow/example_dags/example_branch_day_of_week_operator.py took 0.251 seconds
[2024-01-30T22:17:56.869+0000] {processor.py:161} INFO - Started process (PID=2795) to work on /home/airflow/.local/lib/python3.8/site-packages/airflow/example_dags/example_branch_day_of_week_operator.py
[2024-01-30T22:17:56.871+0000] {processor.py:830} INFO - Processing file /home/airflow/.local/lib/python3.8/site-packages/airflow/example_dags/example_branch_day_of_week_operator.py for tasks to queue
[2024-01-30T22:17:56.873+0000] {logging_mixin.py:188} INFO - [2024-01-30T22:17:56.872+0000] {dagbag.py:538} INFO - Filling up the DagBag from /home/airflow/.local/lib/python3.8/site-packages/airflow/example_dags/example_branch_day_of_week_operator.py
[2024-01-30T22:17:56.880+0000] {processor.py:840} INFO - DAG(s) 'example_weekday_branch_operator' retrieved from /home/airflow/.local/lib/python3.8/site-packages/airflow/example_dags/example_branch_day_of_week_operator.py
[2024-01-30T22:17:56.908+0000] {logging_mixin.py:188} INFO - [2024-01-30T22:17:56.908+0000] {dag.py:3036} INFO - Sync 1 DAGs
[2024-01-30T22:17:56.938+0000] {logging_mixin.py:188} INFO - [2024-01-30T22:17:56.938+0000] {dag.py:3823} INFO - Setting next_dagrun for example_weekday_branch_operator to 2024-01-29 00:00:00+00:00, run_after=2024-01-30 00:00:00+00:00
[2024-01-30T22:17:56.974+0000] {processor.py:183} INFO - Processing /home/airflow/.local/lib/python3.8/site-packages/airflow/example_dags/example_branch_day_of_week_operator.py took 0.108 seconds
[2024-01-30T22:18:27.293+0000] {processor.py:161} INFO - Started process (PID=2852) to work on /home/airflow/.local/lib/python3.8/site-packages/airflow/example_dags/example_branch_day_of_week_operator.py
[2024-01-30T22:18:27.295+0000] {processor.py:830} INFO - Processing file /home/airflow/.local/lib/python3.8/site-packages/airflow/example_dags/example_branch_day_of_week_operator.py for tasks to queue
[2024-01-30T22:18:27.297+0000] {logging_mixin.py:188} INFO - [2024-01-30T22:18:27.296+0000] {dagbag.py:538} INFO - Filling up the DagBag from /home/airflow/.local/lib/python3.8/site-packages/airflow/example_dags/example_branch_day_of_week_operator.py
[2024-01-30T22:18:27.306+0000] {processor.py:840} INFO - DAG(s) 'example_weekday_branch_operator' retrieved from /home/airflow/.local/lib/python3.8/site-packages/airflow/example_dags/example_branch_day_of_week_operator.py
[2024-01-30T22:18:27.332+0000] {logging_mixin.py:188} INFO - [2024-01-30T22:18:27.332+0000] {dag.py:3036} INFO - Sync 1 DAGs
[2024-01-30T22:18:27.363+0000] {logging_mixin.py:188} INFO - [2024-01-30T22:18:27.363+0000] {dag.py:3823} INFO - Setting next_dagrun for example_weekday_branch_operator to 2024-01-29 00:00:00+00:00, run_after=2024-01-30 00:00:00+00:00
[2024-01-30T22:18:27.396+0000] {processor.py:183} INFO - Processing /home/airflow/.local/lib/python3.8/site-packages/airflow/example_dags/example_branch_day_of_week_operator.py took 0.106 seconds
[2024-01-30T22:18:57.721+0000] {processor.py:161} INFO - Started process (PID=2909) to work on /home/airflow/.local/lib/python3.8/site-packages/airflow/example_dags/example_branch_day_of_week_operator.py
[2024-01-30T22:18:57.722+0000] {processor.py:830} INFO - Processing file /home/airflow/.local/lib/python3.8/site-packages/airflow/example_dags/example_branch_day_of_week_operator.py for tasks to queue
[2024-01-30T22:18:57.724+0000] {logging_mixin.py:188} INFO - [2024-01-30T22:18:57.723+0000] {dagbag.py:538} INFO - Filling up the DagBag from /home/airflow/.local/lib/python3.8/site-packages/airflow/example_dags/example_branch_day_of_week_operator.py
[2024-01-30T22:18:57.732+0000] {processor.py:840} INFO - DAG(s) 'example_weekday_branch_operator' retrieved from /home/airflow/.local/lib/python3.8/site-packages/airflow/example_dags/example_branch_day_of_week_operator.py
[2024-01-30T22:18:57.756+0000] {logging_mixin.py:188} INFO - [2024-01-30T22:18:57.755+0000] {dag.py:3036} INFO - Sync 1 DAGs
[2024-01-30T22:18:57.782+0000] {logging_mixin.py:188} INFO - [2024-01-30T22:18:57.782+0000] {dag.py:3823} INFO - Setting next_dagrun for example_weekday_branch_operator to 2024-01-29 00:00:00+00:00, run_after=2024-01-30 00:00:00+00:00
[2024-01-30T22:18:57.805+0000] {processor.py:183} INFO - Processing /home/airflow/.local/lib/python3.8/site-packages/airflow/example_dags/example_branch_day_of_week_operator.py took 0.087 seconds
[2024-01-30T22:19:30.370+0000] {processor.py:161} INFO - Started process (PID=2966) to work on /home/airflow/.local/lib/python3.8/site-packages/airflow/example_dags/example_branch_day_of_week_operator.py
[2024-01-30T22:19:30.372+0000] {processor.py:830} INFO - Processing file /home/airflow/.local/lib/python3.8/site-packages/airflow/example_dags/example_branch_day_of_week_operator.py for tasks to queue
[2024-01-30T22:19:30.374+0000] {logging_mixin.py:188} INFO - [2024-01-30T22:19:30.373+0000] {dagbag.py:538} INFO - Filling up the DagBag from /home/airflow/.local/lib/python3.8/site-packages/airflow/example_dags/example_branch_day_of_week_operator.py
[2024-01-30T22:19:30.385+0000] {processor.py:840} INFO - DAG(s) 'example_weekday_branch_operator' retrieved from /home/airflow/.local/lib/python3.8/site-packages/airflow/example_dags/example_branch_day_of_week_operator.py
[2024-01-30T22:19:30.414+0000] {logging_mixin.py:188} INFO - [2024-01-30T22:19:30.414+0000] {dag.py:3036} INFO - Sync 1 DAGs
[2024-01-30T22:19:30.593+0000] {logging_mixin.py:188} INFO - [2024-01-30T22:19:30.592+0000] {dag.py:3823} INFO - Setting next_dagrun for example_weekday_branch_operator to 2024-01-29 00:00:00+00:00, run_after=2024-01-30 00:00:00+00:00
[2024-01-30T22:19:30.630+0000] {processor.py:183} INFO - Processing /home/airflow/.local/lib/python3.8/site-packages/airflow/example_dags/example_branch_day_of_week_operator.py took 0.263 seconds
[2024-01-30T22:20:00.868+0000] {processor.py:161} INFO - Started process (PID=3023) to work on /home/airflow/.local/lib/python3.8/site-packages/airflow/example_dags/example_branch_day_of_week_operator.py
[2024-01-30T22:20:00.870+0000] {processor.py:830} INFO - Processing file /home/airflow/.local/lib/python3.8/site-packages/airflow/example_dags/example_branch_day_of_week_operator.py for tasks to queue
[2024-01-30T22:20:00.871+0000] {logging_mixin.py:188} INFO - [2024-01-30T22:20:00.871+0000] {dagbag.py:538} INFO - Filling up the DagBag from /home/airflow/.local/lib/python3.8/site-packages/airflow/example_dags/example_branch_day_of_week_operator.py
[2024-01-30T22:20:00.881+0000] {processor.py:840} INFO - DAG(s) 'example_weekday_branch_operator' retrieved from /home/airflow/.local/lib/python3.8/site-packages/airflow/example_dags/example_branch_day_of_week_operator.py
[2024-01-30T22:20:00.911+0000] {logging_mixin.py:188} INFO - [2024-01-30T22:20:00.911+0000] {dag.py:3036} INFO - Sync 1 DAGs
[2024-01-30T22:20:00.949+0000] {logging_mixin.py:188} INFO - [2024-01-30T22:20:00.949+0000] {dag.py:3823} INFO - Setting next_dagrun for example_weekday_branch_operator to 2024-01-29 00:00:00+00:00, run_after=2024-01-30 00:00:00+00:00
[2024-01-30T22:20:00.984+0000] {processor.py:183} INFO - Processing /home/airflow/.local/lib/python3.8/site-packages/airflow/example_dags/example_branch_day_of_week_operator.py took 0.119 seconds
[2024-01-30T22:20:31.366+0000] {processor.py:161} INFO - Started process (PID=3078) to work on /home/airflow/.local/lib/python3.8/site-packages/airflow/example_dags/example_branch_day_of_week_operator.py
[2024-01-30T22:20:31.367+0000] {processor.py:830} INFO - Processing file /home/airflow/.local/lib/python3.8/site-packages/airflow/example_dags/example_branch_day_of_week_operator.py for tasks to queue
[2024-01-30T22:20:31.368+0000] {logging_mixin.py:188} INFO - [2024-01-30T22:20:31.368+0000] {dagbag.py:538} INFO - Filling up the DagBag from /home/airflow/.local/lib/python3.8/site-packages/airflow/example_dags/example_branch_day_of_week_operator.py
[2024-01-30T22:20:31.375+0000] {processor.py:840} INFO - DAG(s) 'example_weekday_branch_operator' retrieved from /home/airflow/.local/lib/python3.8/site-packages/airflow/example_dags/example_branch_day_of_week_operator.py
[2024-01-30T22:20:31.395+0000] {logging_mixin.py:188} INFO - [2024-01-30T22:20:31.395+0000] {dag.py:3036} INFO - Sync 1 DAGs
[2024-01-30T22:20:31.419+0000] {logging_mixin.py:188} INFO - [2024-01-30T22:20:31.419+0000] {dag.py:3823} INFO - Setting next_dagrun for example_weekday_branch_operator to 2024-01-29 00:00:00+00:00, run_after=2024-01-30 00:00:00+00:00
[2024-01-30T22:20:31.444+0000] {processor.py:183} INFO - Processing /home/airflow/.local/lib/python3.8/site-packages/airflow/example_dags/example_branch_day_of_week_operator.py took 0.081 seconds
[2024-01-30T22:21:01.482+0000] {processor.py:161} INFO - Started process (PID=3134) to work on /home/airflow/.local/lib/python3.8/site-packages/airflow/example_dags/example_branch_day_of_week_operator.py
[2024-01-30T22:21:01.483+0000] {processor.py:830} INFO - Processing file /home/airflow/.local/lib/python3.8/site-packages/airflow/example_dags/example_branch_day_of_week_operator.py for tasks to queue
[2024-01-30T22:21:01.484+0000] {logging_mixin.py:188} INFO - [2024-01-30T22:21:01.484+0000] {dagbag.py:538} INFO - Filling up the DagBag from /home/airflow/.local/lib/python3.8/site-packages/airflow/example_dags/example_branch_day_of_week_operator.py
[2024-01-30T22:21:01.492+0000] {processor.py:840} INFO - DAG(s) 'example_weekday_branch_operator' retrieved from /home/airflow/.local/lib/python3.8/site-packages/airflow/example_dags/example_branch_day_of_week_operator.py
[2024-01-30T22:21:01.515+0000] {logging_mixin.py:188} INFO - [2024-01-30T22:21:01.515+0000] {dag.py:3036} INFO - Sync 1 DAGs
[2024-01-30T22:21:01.540+0000] {logging_mixin.py:188} INFO - [2024-01-30T22:21:01.540+0000] {dag.py:3823} INFO - Setting next_dagrun for example_weekday_branch_operator to 2024-01-29 00:00:00+00:00, run_after=2024-01-30 00:00:00+00:00
[2024-01-30T22:21:01.599+0000] {processor.py:183} INFO - Processing /home/airflow/.local/lib/python3.8/site-packages/airflow/example_dags/example_branch_day_of_week_operator.py took 0.119 seconds
[2024-01-30T22:21:32.148+0000] {processor.py:161} INFO - Started process (PID=3191) to work on /home/airflow/.local/lib/python3.8/site-packages/airflow/example_dags/example_branch_day_of_week_operator.py
[2024-01-30T22:21:32.149+0000] {processor.py:830} INFO - Processing file /home/airflow/.local/lib/python3.8/site-packages/airflow/example_dags/example_branch_day_of_week_operator.py for tasks to queue
[2024-01-30T22:21:32.151+0000] {logging_mixin.py:188} INFO - [2024-01-30T22:21:32.150+0000] {dagbag.py:538} INFO - Filling up the DagBag from /home/airflow/.local/lib/python3.8/site-packages/airflow/example_dags/example_branch_day_of_week_operator.py
[2024-01-30T22:21:32.158+0000] {processor.py:840} INFO - DAG(s) 'example_weekday_branch_operator' retrieved from /home/airflow/.local/lib/python3.8/site-packages/airflow/example_dags/example_branch_day_of_week_operator.py
[2024-01-30T22:21:32.182+0000] {logging_mixin.py:188} INFO - [2024-01-30T22:21:32.181+0000] {dag.py:3036} INFO - Sync 1 DAGs
[2024-01-30T22:21:32.206+0000] {logging_mixin.py:188} INFO - [2024-01-30T22:21:32.206+0000] {dag.py:3823} INFO - Setting next_dagrun for example_weekday_branch_operator to 2024-01-29 00:00:00+00:00, run_after=2024-01-30 00:00:00+00:00
[2024-01-30T22:21:32.272+0000] {processor.py:183} INFO - Processing /home/airflow/.local/lib/python3.8/site-packages/airflow/example_dags/example_branch_day_of_week_operator.py took 0.126 seconds
[2024-01-30T22:22:02.902+0000] {processor.py:161} INFO - Started process (PID=3248) to work on /home/airflow/.local/lib/python3.8/site-packages/airflow/example_dags/example_branch_day_of_week_operator.py
[2024-01-30T22:22:02.903+0000] {processor.py:830} INFO - Processing file /home/airflow/.local/lib/python3.8/site-packages/airflow/example_dags/example_branch_day_of_week_operator.py for tasks to queue
[2024-01-30T22:22:02.904+0000] {logging_mixin.py:188} INFO - [2024-01-30T22:22:02.904+0000] {dagbag.py:538} INFO - Filling up the DagBag from /home/airflow/.local/lib/python3.8/site-packages/airflow/example_dags/example_branch_day_of_week_operator.py
[2024-01-30T22:22:02.911+0000] {processor.py:840} INFO - DAG(s) 'example_weekday_branch_operator' retrieved from /home/airflow/.local/lib/python3.8/site-packages/airflow/example_dags/example_branch_day_of_week_operator.py
[2024-01-30T22:22:02.934+0000] {logging_mixin.py:188} INFO - [2024-01-30T22:22:02.934+0000] {dag.py:3036} INFO - Sync 1 DAGs
[2024-01-30T22:22:02.960+0000] {logging_mixin.py:188} INFO - [2024-01-30T22:22:02.959+0000] {dag.py:3823} INFO - Setting next_dagrun for example_weekday_branch_operator to 2024-01-29 00:00:00+00:00, run_after=2024-01-30 00:00:00+00:00
[2024-01-30T22:22:02.985+0000] {processor.py:183} INFO - Processing /home/airflow/.local/lib/python3.8/site-packages/airflow/example_dags/example_branch_day_of_week_operator.py took 0.085 seconds
[2024-01-30T22:22:33.140+0000] {processor.py:161} INFO - Started process (PID=3305) to work on /home/airflow/.local/lib/python3.8/site-packages/airflow/example_dags/example_branch_day_of_week_operator.py
[2024-01-30T22:22:33.142+0000] {processor.py:830} INFO - Processing file /home/airflow/.local/lib/python3.8/site-packages/airflow/example_dags/example_branch_day_of_week_operator.py for tasks to queue
[2024-01-30T22:22:33.143+0000] {logging_mixin.py:188} INFO - [2024-01-30T22:22:33.143+0000] {dagbag.py:538} INFO - Filling up the DagBag from /home/airflow/.local/lib/python3.8/site-packages/airflow/example_dags/example_branch_day_of_week_operator.py
[2024-01-30T22:22:33.153+0000] {processor.py:840} INFO - DAG(s) 'example_weekday_branch_operator' retrieved from /home/airflow/.local/lib/python3.8/site-packages/airflow/example_dags/example_branch_day_of_week_operator.py
[2024-01-30T22:22:33.177+0000] {logging_mixin.py:188} INFO - [2024-01-30T22:22:33.176+0000] {dag.py:3036} INFO - Sync 1 DAGs
[2024-01-30T22:22:33.207+0000] {logging_mixin.py:188} INFO - [2024-01-30T22:22:33.207+0000] {dag.py:3823} INFO - Setting next_dagrun for example_weekday_branch_operator to 2024-01-29 00:00:00+00:00, run_after=2024-01-30 00:00:00+00:00
[2024-01-30T22:22:33.233+0000] {processor.py:183} INFO - Processing /home/airflow/.local/lib/python3.8/site-packages/airflow/example_dags/example_branch_day_of_week_operator.py took 0.096 seconds
[2024-01-30T22:23:03.544+0000] {processor.py:161} INFO - Started process (PID=3362) to work on /home/airflow/.local/lib/python3.8/site-packages/airflow/example_dags/example_branch_day_of_week_operator.py
[2024-01-30T22:23:03.545+0000] {processor.py:830} INFO - Processing file /home/airflow/.local/lib/python3.8/site-packages/airflow/example_dags/example_branch_day_of_week_operator.py for tasks to queue
[2024-01-30T22:23:03.546+0000] {logging_mixin.py:188} INFO - [2024-01-30T22:23:03.546+0000] {dagbag.py:538} INFO - Filling up the DagBag from /home/airflow/.local/lib/python3.8/site-packages/airflow/example_dags/example_branch_day_of_week_operator.py
[2024-01-30T22:23:03.554+0000] {processor.py:840} INFO - DAG(s) 'example_weekday_branch_operator' retrieved from /home/airflow/.local/lib/python3.8/site-packages/airflow/example_dags/example_branch_day_of_week_operator.py
[2024-01-30T22:23:03.576+0000] {logging_mixin.py:188} INFO - [2024-01-30T22:23:03.576+0000] {dag.py:3036} INFO - Sync 1 DAGs
[2024-01-30T22:23:03.606+0000] {logging_mixin.py:188} INFO - [2024-01-30T22:23:03.605+0000] {dag.py:3823} INFO - Setting next_dagrun for example_weekday_branch_operator to 2024-01-29 00:00:00+00:00, run_after=2024-01-30 00:00:00+00:00
[2024-01-30T22:23:03.633+0000] {processor.py:183} INFO - Processing /home/airflow/.local/lib/python3.8/site-packages/airflow/example_dags/example_branch_day_of_week_operator.py took 0.092 seconds
