[2024-01-30T21:53:09.882+0000] {processor.py:161} INFO - Started process (PID=55) to work on /home/airflow/.local/lib/python3.8/site-packages/airflow/example_dags/example_setup_teardown.py
[2024-01-30T21:53:09.884+0000] {processor.py:830} INFO - Processing file /home/airflow/.local/lib/python3.8/site-packages/airflow/example_dags/example_setup_teardown.py for tasks to queue
[2024-01-30T21:53:09.887+0000] {logging_mixin.py:188} INFO - [2024-01-30T21:53:09.886+0000] {dagbag.py:538} INFO - Filling up the DagBag from /home/airflow/.local/lib/python3.8/site-packages/airflow/example_dags/example_setup_teardown.py
[2024-01-30T21:53:09.946+0000] {processor.py:840} INFO - DAG(s) 'example_setup_teardown' retrieved from /home/airflow/.local/lib/python3.8/site-packages/airflow/example_dags/example_setup_teardown.py
[2024-01-30T21:53:10.119+0000] {logging_mixin.py:188} INFO - [2024-01-30T21:53:10.119+0000] {dag.py:3036} INFO - Sync 1 DAGs
[2024-01-30T21:53:10.159+0000] {logging_mixin.py:188} INFO - [2024-01-30T21:53:10.158+0000] {dag.py:3823} INFO - Setting next_dagrun for example_setup_teardown to 2024-01-29 00:00:00+00:00, run_after=2024-01-30 00:00:00+00:00
[2024-01-30T21:53:10.270+0000] {processor.py:183} INFO - Processing /home/airflow/.local/lib/python3.8/site-packages/airflow/example_dags/example_setup_teardown.py took 0.392 seconds
[2024-01-30T21:53:43.504+0000] {processor.py:161} INFO - Started process (PID=116) to work on /home/airflow/.local/lib/python3.8/site-packages/airflow/example_dags/example_setup_teardown.py
[2024-01-30T21:53:43.512+0000] {processor.py:830} INFO - Processing file /home/airflow/.local/lib/python3.8/site-packages/airflow/example_dags/example_setup_teardown.py for tasks to queue
[2024-01-30T21:53:43.547+0000] {logging_mixin.py:188} INFO - [2024-01-30T21:53:43.546+0000] {dagbag.py:538} INFO - Filling up the DagBag from /home/airflow/.local/lib/python3.8/site-packages/airflow/example_dags/example_setup_teardown.py
[2024-01-30T21:53:43.775+0000] {processor.py:840} INFO - DAG(s) 'example_setup_teardown' retrieved from /home/airflow/.local/lib/python3.8/site-packages/airflow/example_dags/example_setup_teardown.py
[2024-01-30T21:53:44.115+0000] {logging_mixin.py:188} INFO - [2024-01-30T21:53:44.115+0000] {dag.py:3036} INFO - Sync 1 DAGs
[2024-01-30T21:53:44.269+0000] {logging_mixin.py:188} INFO - [2024-01-30T21:53:44.268+0000] {dag.py:3823} INFO - Setting next_dagrun for example_setup_teardown to 2024-01-29 00:00:00+00:00, run_after=2024-01-30 00:00:00+00:00
[2024-01-30T21:53:44.504+0000] {processor.py:183} INFO - Processing /home/airflow/.local/lib/python3.8/site-packages/airflow/example_dags/example_setup_teardown.py took 1.004 seconds
[2024-01-30T21:54:14.702+0000] {processor.py:161} INFO - Started process (PID=171) to work on /home/airflow/.local/lib/python3.8/site-packages/airflow/example_dags/example_setup_teardown.py
[2024-01-30T21:54:14.714+0000] {processor.py:830} INFO - Processing file /home/airflow/.local/lib/python3.8/site-packages/airflow/example_dags/example_setup_teardown.py for tasks to queue
[2024-01-30T21:54:14.717+0000] {logging_mixin.py:188} INFO - [2024-01-30T21:54:14.716+0000] {dagbag.py:538} INFO - Filling up the DagBag from /home/airflow/.local/lib/python3.8/site-packages/airflow/example_dags/example_setup_teardown.py
[2024-01-30T21:54:14.726+0000] {processor.py:840} INFO - DAG(s) 'example_setup_teardown' retrieved from /home/airflow/.local/lib/python3.8/site-packages/airflow/example_dags/example_setup_teardown.py
[2024-01-30T21:54:14.757+0000] {logging_mixin.py:188} INFO - [2024-01-30T21:54:14.757+0000] {dag.py:3036} INFO - Sync 1 DAGs
[2024-01-30T21:54:14.789+0000] {logging_mixin.py:188} INFO - [2024-01-30T21:54:14.789+0000] {dag.py:3823} INFO - Setting next_dagrun for example_setup_teardown to 2024-01-29 00:00:00+00:00, run_after=2024-01-30 00:00:00+00:00
[2024-01-30T21:54:14.822+0000] {processor.py:183} INFO - Processing /home/airflow/.local/lib/python3.8/site-packages/airflow/example_dags/example_setup_teardown.py took 0.123 seconds
[2024-01-30T21:54:45.730+0000] {processor.py:161} INFO - Started process (PID=226) to work on /home/airflow/.local/lib/python3.8/site-packages/airflow/example_dags/example_setup_teardown.py
[2024-01-30T21:54:45.732+0000] {processor.py:830} INFO - Processing file /home/airflow/.local/lib/python3.8/site-packages/airflow/example_dags/example_setup_teardown.py for tasks to queue
[2024-01-30T21:54:45.734+0000] {logging_mixin.py:188} INFO - [2024-01-30T21:54:45.733+0000] {dagbag.py:538} INFO - Filling up the DagBag from /home/airflow/.local/lib/python3.8/site-packages/airflow/example_dags/example_setup_teardown.py
[2024-01-30T21:54:45.740+0000] {processor.py:840} INFO - DAG(s) 'example_setup_teardown' retrieved from /home/airflow/.local/lib/python3.8/site-packages/airflow/example_dags/example_setup_teardown.py
[2024-01-30T21:54:45.762+0000] {logging_mixin.py:188} INFO - [2024-01-30T21:54:45.762+0000] {dag.py:3036} INFO - Sync 1 DAGs
[2024-01-30T21:54:45.784+0000] {logging_mixin.py:188} INFO - [2024-01-30T21:54:45.784+0000] {dag.py:3823} INFO - Setting next_dagrun for example_setup_teardown to 2024-01-29 00:00:00+00:00, run_after=2024-01-30 00:00:00+00:00
[2024-01-30T21:54:45.810+0000] {processor.py:183} INFO - Processing /home/airflow/.local/lib/python3.8/site-packages/airflow/example_dags/example_setup_teardown.py took 0.082 seconds
[2024-01-30T21:55:15.955+0000] {processor.py:161} INFO - Started process (PID=281) to work on /home/airflow/.local/lib/python3.8/site-packages/airflow/example_dags/example_setup_teardown.py
[2024-01-30T21:55:15.958+0000] {processor.py:830} INFO - Processing file /home/airflow/.local/lib/python3.8/site-packages/airflow/example_dags/example_setup_teardown.py for tasks to queue
[2024-01-30T21:55:15.962+0000] {logging_mixin.py:188} INFO - [2024-01-30T21:55:15.961+0000] {dagbag.py:538} INFO - Filling up the DagBag from /home/airflow/.local/lib/python3.8/site-packages/airflow/example_dags/example_setup_teardown.py
[2024-01-30T21:55:15.982+0000] {processor.py:840} INFO - DAG(s) 'example_setup_teardown' retrieved from /home/airflow/.local/lib/python3.8/site-packages/airflow/example_dags/example_setup_teardown.py
[2024-01-30T21:55:16.022+0000] {logging_mixin.py:188} INFO - [2024-01-30T21:55:16.021+0000] {dag.py:3036} INFO - Sync 1 DAGs
[2024-01-30T21:55:16.061+0000] {logging_mixin.py:188} INFO - [2024-01-30T21:55:16.060+0000] {dag.py:3823} INFO - Setting next_dagrun for example_setup_teardown to 2024-01-29 00:00:00+00:00, run_after=2024-01-30 00:00:00+00:00
[2024-01-30T21:55:16.104+0000] {processor.py:183} INFO - Processing /home/airflow/.local/lib/python3.8/site-packages/airflow/example_dags/example_setup_teardown.py took 0.153 seconds
[2024-01-30T21:55:46.228+0000] {processor.py:161} INFO - Started process (PID=336) to work on /home/airflow/.local/lib/python3.8/site-packages/airflow/example_dags/example_setup_teardown.py
[2024-01-30T21:55:46.229+0000] {processor.py:830} INFO - Processing file /home/airflow/.local/lib/python3.8/site-packages/airflow/example_dags/example_setup_teardown.py for tasks to queue
[2024-01-30T21:55:46.231+0000] {logging_mixin.py:188} INFO - [2024-01-30T21:55:46.231+0000] {dagbag.py:538} INFO - Filling up the DagBag from /home/airflow/.local/lib/python3.8/site-packages/airflow/example_dags/example_setup_teardown.py
[2024-01-30T21:55:46.238+0000] {processor.py:840} INFO - DAG(s) 'example_setup_teardown' retrieved from /home/airflow/.local/lib/python3.8/site-packages/airflow/example_dags/example_setup_teardown.py
[2024-01-30T21:55:46.259+0000] {logging_mixin.py:188} INFO - [2024-01-30T21:55:46.259+0000] {dag.py:3036} INFO - Sync 1 DAGs
[2024-01-30T21:55:46.281+0000] {logging_mixin.py:188} INFO - [2024-01-30T21:55:46.281+0000] {dag.py:3823} INFO - Setting next_dagrun for example_setup_teardown to 2024-01-29 00:00:00+00:00, run_after=2024-01-30 00:00:00+00:00
[2024-01-30T21:55:46.340+0000] {processor.py:183} INFO - Processing /home/airflow/.local/lib/python3.8/site-packages/airflow/example_dags/example_setup_teardown.py took 0.114 seconds
[2024-01-30T21:56:16.402+0000] {processor.py:161} INFO - Started process (PID=391) to work on /home/airflow/.local/lib/python3.8/site-packages/airflow/example_dags/example_setup_teardown.py
[2024-01-30T21:56:16.403+0000] {processor.py:830} INFO - Processing file /home/airflow/.local/lib/python3.8/site-packages/airflow/example_dags/example_setup_teardown.py for tasks to queue
[2024-01-30T21:56:16.406+0000] {logging_mixin.py:188} INFO - [2024-01-30T21:56:16.405+0000] {dagbag.py:538} INFO - Filling up the DagBag from /home/airflow/.local/lib/python3.8/site-packages/airflow/example_dags/example_setup_teardown.py
[2024-01-30T21:56:16.412+0000] {processor.py:840} INFO - DAG(s) 'example_setup_teardown' retrieved from /home/airflow/.local/lib/python3.8/site-packages/airflow/example_dags/example_setup_teardown.py
[2024-01-30T21:56:16.437+0000] {logging_mixin.py:188} INFO - [2024-01-30T21:56:16.437+0000] {dag.py:3036} INFO - Sync 1 DAGs
[2024-01-30T21:56:16.466+0000] {logging_mixin.py:188} INFO - [2024-01-30T21:56:16.465+0000] {dag.py:3823} INFO - Setting next_dagrun for example_setup_teardown to 2024-01-29 00:00:00+00:00, run_after=2024-01-30 00:00:00+00:00
[2024-01-30T21:56:16.499+0000] {processor.py:183} INFO - Processing /home/airflow/.local/lib/python3.8/site-packages/airflow/example_dags/example_setup_teardown.py took 0.100 seconds
[2024-01-30T21:56:46.796+0000] {processor.py:161} INFO - Started process (PID=446) to work on /home/airflow/.local/lib/python3.8/site-packages/airflow/example_dags/example_setup_teardown.py
[2024-01-30T21:56:46.798+0000] {processor.py:830} INFO - Processing file /home/airflow/.local/lib/python3.8/site-packages/airflow/example_dags/example_setup_teardown.py for tasks to queue
[2024-01-30T21:56:46.800+0000] {logging_mixin.py:188} INFO - [2024-01-30T21:56:46.800+0000] {dagbag.py:538} INFO - Filling up the DagBag from /home/airflow/.local/lib/python3.8/site-packages/airflow/example_dags/example_setup_teardown.py
[2024-01-30T21:56:46.808+0000] {processor.py:840} INFO - DAG(s) 'example_setup_teardown' retrieved from /home/airflow/.local/lib/python3.8/site-packages/airflow/example_dags/example_setup_teardown.py
[2024-01-30T21:56:46.835+0000] {logging_mixin.py:188} INFO - [2024-01-30T21:56:46.834+0000] {dag.py:3036} INFO - Sync 1 DAGs
[2024-01-30T21:56:46.862+0000] {logging_mixin.py:188} INFO - [2024-01-30T21:56:46.861+0000] {dag.py:3823} INFO - Setting next_dagrun for example_setup_teardown to 2024-01-29 00:00:00+00:00, run_after=2024-01-30 00:00:00+00:00
[2024-01-30T21:56:46.892+0000] {processor.py:183} INFO - Processing /home/airflow/.local/lib/python3.8/site-packages/airflow/example_dags/example_setup_teardown.py took 0.098 seconds
[2024-01-30T21:57:17.222+0000] {processor.py:161} INFO - Started process (PID=501) to work on /home/airflow/.local/lib/python3.8/site-packages/airflow/example_dags/example_setup_teardown.py
[2024-01-30T21:57:17.224+0000] {processor.py:830} INFO - Processing file /home/airflow/.local/lib/python3.8/site-packages/airflow/example_dags/example_setup_teardown.py for tasks to queue
[2024-01-30T21:57:17.228+0000] {logging_mixin.py:188} INFO - [2024-01-30T21:57:17.227+0000] {dagbag.py:538} INFO - Filling up the DagBag from /home/airflow/.local/lib/python3.8/site-packages/airflow/example_dags/example_setup_teardown.py
[2024-01-30T21:57:17.237+0000] {processor.py:840} INFO - DAG(s) 'example_setup_teardown' retrieved from /home/airflow/.local/lib/python3.8/site-packages/airflow/example_dags/example_setup_teardown.py
[2024-01-30T21:57:17.264+0000] {logging_mixin.py:188} INFO - [2024-01-30T21:57:17.263+0000] {dag.py:3036} INFO - Sync 1 DAGs
[2024-01-30T21:57:17.291+0000] {logging_mixin.py:188} INFO - [2024-01-30T21:57:17.290+0000] {dag.py:3823} INFO - Setting next_dagrun for example_setup_teardown to 2024-01-29 00:00:00+00:00, run_after=2024-01-30 00:00:00+00:00
[2024-01-30T21:57:17.319+0000] {processor.py:183} INFO - Processing /home/airflow/.local/lib/python3.8/site-packages/airflow/example_dags/example_setup_teardown.py took 0.099 seconds
[2024-01-30T21:57:47.797+0000] {processor.py:161} INFO - Started process (PID=556) to work on /home/airflow/.local/lib/python3.8/site-packages/airflow/example_dags/example_setup_teardown.py
[2024-01-30T21:57:47.805+0000] {processor.py:830} INFO - Processing file /home/airflow/.local/lib/python3.8/site-packages/airflow/example_dags/example_setup_teardown.py for tasks to queue
[2024-01-30T21:57:47.819+0000] {logging_mixin.py:188} INFO - [2024-01-30T21:57:47.816+0000] {dagbag.py:538} INFO - Filling up the DagBag from /home/airflow/.local/lib/python3.8/site-packages/airflow/example_dags/example_setup_teardown.py
[2024-01-30T21:57:47.913+0000] {processor.py:840} INFO - DAG(s) 'example_setup_teardown' retrieved from /home/airflow/.local/lib/python3.8/site-packages/airflow/example_dags/example_setup_teardown.py
[2024-01-30T21:57:48.194+0000] {logging_mixin.py:188} INFO - [2024-01-30T21:57:48.192+0000] {dag.py:3036} INFO - Sync 1 DAGs
[2024-01-30T21:57:48.508+0000] {logging_mixin.py:188} INFO - [2024-01-30T21:57:48.496+0000] {dag.py:3823} INFO - Setting next_dagrun for example_setup_teardown to 2024-01-29 00:00:00+00:00, run_after=2024-01-30 00:00:00+00:00
[2024-01-30T21:57:48.935+0000] {processor.py:183} INFO - Processing /home/airflow/.local/lib/python3.8/site-packages/airflow/example_dags/example_setup_teardown.py took 1.166 seconds
[2024-01-30T21:58:19.362+0000] {processor.py:161} INFO - Started process (PID=612) to work on /home/airflow/.local/lib/python3.8/site-packages/airflow/example_dags/example_setup_teardown.py
[2024-01-30T21:58:19.363+0000] {processor.py:830} INFO - Processing file /home/airflow/.local/lib/python3.8/site-packages/airflow/example_dags/example_setup_teardown.py for tasks to queue
[2024-01-30T21:58:19.365+0000] {logging_mixin.py:188} INFO - [2024-01-30T21:58:19.364+0000] {dagbag.py:538} INFO - Filling up the DagBag from /home/airflow/.local/lib/python3.8/site-packages/airflow/example_dags/example_setup_teardown.py
[2024-01-30T21:58:19.371+0000] {processor.py:840} INFO - DAG(s) 'example_setup_teardown' retrieved from /home/airflow/.local/lib/python3.8/site-packages/airflow/example_dags/example_setup_teardown.py
[2024-01-30T21:58:19.396+0000] {logging_mixin.py:188} INFO - [2024-01-30T21:58:19.396+0000] {dag.py:3036} INFO - Sync 1 DAGs
[2024-01-30T21:58:19.420+0000] {logging_mixin.py:188} INFO - [2024-01-30T21:58:19.419+0000] {dag.py:3823} INFO - Setting next_dagrun for example_setup_teardown to 2024-01-29 00:00:00+00:00, run_after=2024-01-30 00:00:00+00:00
[2024-01-30T21:58:19.445+0000] {processor.py:183} INFO - Processing /home/airflow/.local/lib/python3.8/site-packages/airflow/example_dags/example_setup_teardown.py took 0.085 seconds
[2024-01-30T21:58:50.583+0000] {processor.py:161} INFO - Started process (PID=673) to work on /home/airflow/.local/lib/python3.8/site-packages/airflow/example_dags/example_setup_teardown.py
[2024-01-30T21:58:50.591+0000] {processor.py:830} INFO - Processing file /home/airflow/.local/lib/python3.8/site-packages/airflow/example_dags/example_setup_teardown.py for tasks to queue
[2024-01-30T21:58:50.594+0000] {logging_mixin.py:188} INFO - [2024-01-30T21:58:50.593+0000] {dagbag.py:538} INFO - Filling up the DagBag from /home/airflow/.local/lib/python3.8/site-packages/airflow/example_dags/example_setup_teardown.py
[2024-01-30T21:58:50.615+0000] {processor.py:840} INFO - DAG(s) 'example_setup_teardown' retrieved from /home/airflow/.local/lib/python3.8/site-packages/airflow/example_dags/example_setup_teardown.py
[2024-01-30T21:58:50.673+0000] {logging_mixin.py:188} INFO - [2024-01-30T21:58:50.672+0000] {dag.py:3036} INFO - Sync 1 DAGs
[2024-01-30T21:58:50.737+0000] {logging_mixin.py:188} INFO - [2024-01-30T21:58:50.736+0000] {dag.py:3823} INFO - Setting next_dagrun for example_setup_teardown to 2024-01-29 00:00:00+00:00, run_after=2024-01-30 00:00:00+00:00
[2024-01-30T21:58:50.775+0000] {processor.py:183} INFO - Processing /home/airflow/.local/lib/python3.8/site-packages/airflow/example_dags/example_setup_teardown.py took 0.195 seconds
[2024-01-30T21:59:21.300+0000] {processor.py:161} INFO - Started process (PID=730) to work on /home/airflow/.local/lib/python3.8/site-packages/airflow/example_dags/example_setup_teardown.py
[2024-01-30T21:59:21.312+0000] {processor.py:830} INFO - Processing file /home/airflow/.local/lib/python3.8/site-packages/airflow/example_dags/example_setup_teardown.py for tasks to queue
[2024-01-30T21:59:21.316+0000] {logging_mixin.py:188} INFO - [2024-01-30T21:59:21.315+0000] {dagbag.py:538} INFO - Filling up the DagBag from /home/airflow/.local/lib/python3.8/site-packages/airflow/example_dags/example_setup_teardown.py
[2024-01-30T21:59:21.329+0000] {processor.py:840} INFO - DAG(s) 'example_setup_teardown' retrieved from /home/airflow/.local/lib/python3.8/site-packages/airflow/example_dags/example_setup_teardown.py
[2024-01-30T21:59:21.390+0000] {logging_mixin.py:188} INFO - [2024-01-30T21:59:21.390+0000] {dag.py:3036} INFO - Sync 1 DAGs
[2024-01-30T21:59:21.441+0000] {logging_mixin.py:188} INFO - [2024-01-30T21:59:21.441+0000] {dag.py:3823} INFO - Setting next_dagrun for example_setup_teardown to 2024-01-29 00:00:00+00:00, run_after=2024-01-30 00:00:00+00:00
[2024-01-30T21:59:21.493+0000] {processor.py:183} INFO - Processing /home/airflow/.local/lib/python3.8/site-packages/airflow/example_dags/example_setup_teardown.py took 0.197 seconds
[2024-01-30T21:59:51.651+0000] {processor.py:161} INFO - Started process (PID=789) to work on /home/airflow/.local/lib/python3.8/site-packages/airflow/example_dags/example_setup_teardown.py
[2024-01-30T21:59:51.652+0000] {processor.py:830} INFO - Processing file /home/airflow/.local/lib/python3.8/site-packages/airflow/example_dags/example_setup_teardown.py for tasks to queue
[2024-01-30T21:59:51.653+0000] {logging_mixin.py:188} INFO - [2024-01-30T21:59:51.653+0000] {dagbag.py:538} INFO - Filling up the DagBag from /home/airflow/.local/lib/python3.8/site-packages/airflow/example_dags/example_setup_teardown.py
[2024-01-30T21:59:51.660+0000] {processor.py:840} INFO - DAG(s) 'example_setup_teardown' retrieved from /home/airflow/.local/lib/python3.8/site-packages/airflow/example_dags/example_setup_teardown.py
[2024-01-30T21:59:51.682+0000] {logging_mixin.py:188} INFO - [2024-01-30T21:59:51.682+0000] {dag.py:3036} INFO - Sync 1 DAGs
[2024-01-30T21:59:51.713+0000] {logging_mixin.py:188} INFO - [2024-01-30T21:59:51.712+0000] {dag.py:3823} INFO - Setting next_dagrun for example_setup_teardown to 2024-01-29 00:00:00+00:00, run_after=2024-01-30 00:00:00+00:00
[2024-01-30T21:59:51.753+0000] {processor.py:183} INFO - Processing /home/airflow/.local/lib/python3.8/site-packages/airflow/example_dags/example_setup_teardown.py took 0.106 seconds
[2024-01-30T22:00:22.231+0000] {processor.py:161} INFO - Started process (PID=851) to work on /home/airflow/.local/lib/python3.8/site-packages/airflow/example_dags/example_setup_teardown.py
[2024-01-30T22:00:22.232+0000] {processor.py:830} INFO - Processing file /home/airflow/.local/lib/python3.8/site-packages/airflow/example_dags/example_setup_teardown.py for tasks to queue
[2024-01-30T22:00:22.234+0000] {logging_mixin.py:188} INFO - [2024-01-30T22:00:22.233+0000] {dagbag.py:538} INFO - Filling up the DagBag from /home/airflow/.local/lib/python3.8/site-packages/airflow/example_dags/example_setup_teardown.py
[2024-01-30T22:00:22.242+0000] {processor.py:840} INFO - DAG(s) 'example_setup_teardown' retrieved from /home/airflow/.local/lib/python3.8/site-packages/airflow/example_dags/example_setup_teardown.py
[2024-01-30T22:00:22.273+0000] {logging_mixin.py:188} INFO - [2024-01-30T22:00:22.273+0000] {dag.py:3036} INFO - Sync 1 DAGs
[2024-01-30T22:00:22.308+0000] {logging_mixin.py:188} INFO - [2024-01-30T22:00:22.308+0000] {dag.py:3823} INFO - Setting next_dagrun for example_setup_teardown to 2024-01-29 00:00:00+00:00, run_after=2024-01-30 00:00:00+00:00
[2024-01-30T22:00:22.340+0000] {processor.py:183} INFO - Processing /home/airflow/.local/lib/python3.8/site-packages/airflow/example_dags/example_setup_teardown.py took 0.112 seconds
[2024-01-30T22:00:52.550+0000] {processor.py:161} INFO - Started process (PID=908) to work on /home/airflow/.local/lib/python3.8/site-packages/airflow/example_dags/example_setup_teardown.py
[2024-01-30T22:00:52.551+0000] {processor.py:830} INFO - Processing file /home/airflow/.local/lib/python3.8/site-packages/airflow/example_dags/example_setup_teardown.py for tasks to queue
[2024-01-30T22:00:52.552+0000] {logging_mixin.py:188} INFO - [2024-01-30T22:00:52.551+0000] {dagbag.py:538} INFO - Filling up the DagBag from /home/airflow/.local/lib/python3.8/site-packages/airflow/example_dags/example_setup_teardown.py
[2024-01-30T22:00:52.558+0000] {processor.py:840} INFO - DAG(s) 'example_setup_teardown' retrieved from /home/airflow/.local/lib/python3.8/site-packages/airflow/example_dags/example_setup_teardown.py
[2024-01-30T22:00:52.578+0000] {logging_mixin.py:188} INFO - [2024-01-30T22:00:52.578+0000] {dag.py:3036} INFO - Sync 1 DAGs
[2024-01-30T22:00:52.599+0000] {logging_mixin.py:188} INFO - [2024-01-30T22:00:52.599+0000] {dag.py:3823} INFO - Setting next_dagrun for example_setup_teardown to 2024-01-29 00:00:00+00:00, run_after=2024-01-30 00:00:00+00:00
[2024-01-30T22:00:52.625+0000] {processor.py:183} INFO - Processing /home/airflow/.local/lib/python3.8/site-packages/airflow/example_dags/example_setup_teardown.py took 0.078 seconds
[2024-01-30T22:01:22.703+0000] {processor.py:161} INFO - Started process (PID=963) to work on /home/airflow/.local/lib/python3.8/site-packages/airflow/example_dags/example_setup_teardown.py
[2024-01-30T22:01:22.705+0000] {processor.py:830} INFO - Processing file /home/airflow/.local/lib/python3.8/site-packages/airflow/example_dags/example_setup_teardown.py for tasks to queue
[2024-01-30T22:01:22.707+0000] {logging_mixin.py:188} INFO - [2024-01-30T22:01:22.707+0000] {dagbag.py:538} INFO - Filling up the DagBag from /home/airflow/.local/lib/python3.8/site-packages/airflow/example_dags/example_setup_teardown.py
[2024-01-30T22:01:22.713+0000] {processor.py:840} INFO - DAG(s) 'example_setup_teardown' retrieved from /home/airflow/.local/lib/python3.8/site-packages/airflow/example_dags/example_setup_teardown.py
[2024-01-30T22:01:22.738+0000] {logging_mixin.py:188} INFO - [2024-01-30T22:01:22.737+0000] {dag.py:3036} INFO - Sync 1 DAGs
[2024-01-30T22:01:22.763+0000] {logging_mixin.py:188} INFO - [2024-01-30T22:01:22.763+0000] {dag.py:3823} INFO - Setting next_dagrun for example_setup_teardown to 2024-01-29 00:00:00+00:00, run_after=2024-01-30 00:00:00+00:00
[2024-01-30T22:01:22.826+0000] {processor.py:183} INFO - Processing /home/airflow/.local/lib/python3.8/site-packages/airflow/example_dags/example_setup_teardown.py took 0.125 seconds
[2024-01-30T22:01:53.599+0000] {processor.py:161} INFO - Started process (PID=1020) to work on /home/airflow/.local/lib/python3.8/site-packages/airflow/example_dags/example_setup_teardown.py
[2024-01-30T22:01:53.602+0000] {processor.py:830} INFO - Processing file /home/airflow/.local/lib/python3.8/site-packages/airflow/example_dags/example_setup_teardown.py for tasks to queue
[2024-01-30T22:01:53.605+0000] {logging_mixin.py:188} INFO - [2024-01-30T22:01:53.604+0000] {dagbag.py:538} INFO - Filling up the DagBag from /home/airflow/.local/lib/python3.8/site-packages/airflow/example_dags/example_setup_teardown.py
[2024-01-30T22:01:53.623+0000] {processor.py:840} INFO - DAG(s) 'example_setup_teardown' retrieved from /home/airflow/.local/lib/python3.8/site-packages/airflow/example_dags/example_setup_teardown.py
[2024-01-30T22:01:53.675+0000] {logging_mixin.py:188} INFO - [2024-01-30T22:01:53.675+0000] {dag.py:3036} INFO - Sync 1 DAGs
[2024-01-30T22:01:53.731+0000] {logging_mixin.py:188} INFO - [2024-01-30T22:01:53.730+0000] {dag.py:3823} INFO - Setting next_dagrun for example_setup_teardown to 2024-01-29 00:00:00+00:00, run_after=2024-01-30 00:00:00+00:00
[2024-01-30T22:01:53.779+0000] {processor.py:183} INFO - Processing /home/airflow/.local/lib/python3.8/site-packages/airflow/example_dags/example_setup_teardown.py took 0.185 seconds
[2024-01-30T22:02:24.226+0000] {processor.py:161} INFO - Started process (PID=1077) to work on /home/airflow/.local/lib/python3.8/site-packages/airflow/example_dags/example_setup_teardown.py
[2024-01-30T22:02:24.228+0000] {processor.py:830} INFO - Processing file /home/airflow/.local/lib/python3.8/site-packages/airflow/example_dags/example_setup_teardown.py for tasks to queue
[2024-01-30T22:02:24.229+0000] {logging_mixin.py:188} INFO - [2024-01-30T22:02:24.229+0000] {dagbag.py:538} INFO - Filling up the DagBag from /home/airflow/.local/lib/python3.8/site-packages/airflow/example_dags/example_setup_teardown.py
[2024-01-30T22:02:24.236+0000] {processor.py:840} INFO - DAG(s) 'example_setup_teardown' retrieved from /home/airflow/.local/lib/python3.8/site-packages/airflow/example_dags/example_setup_teardown.py
[2024-01-30T22:02:24.296+0000] {logging_mixin.py:188} INFO - [2024-01-30T22:02:24.295+0000] {dag.py:3036} INFO - Sync 1 DAGs
[2024-01-30T22:02:24.322+0000] {logging_mixin.py:188} INFO - [2024-01-30T22:02:24.321+0000] {dag.py:3823} INFO - Setting next_dagrun for example_setup_teardown to 2024-01-29 00:00:00+00:00, run_after=2024-01-30 00:00:00+00:00
[2024-01-30T22:02:24.352+0000] {processor.py:183} INFO - Processing /home/airflow/.local/lib/python3.8/site-packages/airflow/example_dags/example_setup_teardown.py took 0.129 seconds
[2024-01-30T22:02:54.392+0000] {processor.py:161} INFO - Started process (PID=1134) to work on /home/airflow/.local/lib/python3.8/site-packages/airflow/example_dags/example_setup_teardown.py
[2024-01-30T22:02:54.394+0000] {processor.py:830} INFO - Processing file /home/airflow/.local/lib/python3.8/site-packages/airflow/example_dags/example_setup_teardown.py for tasks to queue
[2024-01-30T22:02:54.396+0000] {logging_mixin.py:188} INFO - [2024-01-30T22:02:54.395+0000] {dagbag.py:538} INFO - Filling up the DagBag from /home/airflow/.local/lib/python3.8/site-packages/airflow/example_dags/example_setup_teardown.py
[2024-01-30T22:02:54.405+0000] {processor.py:840} INFO - DAG(s) 'example_setup_teardown' retrieved from /home/airflow/.local/lib/python3.8/site-packages/airflow/example_dags/example_setup_teardown.py
[2024-01-30T22:02:54.431+0000] {logging_mixin.py:188} INFO - [2024-01-30T22:02:54.431+0000] {dag.py:3036} INFO - Sync 1 DAGs
[2024-01-30T22:02:54.458+0000] {logging_mixin.py:188} INFO - [2024-01-30T22:02:54.457+0000] {dag.py:3823} INFO - Setting next_dagrun for example_setup_teardown to 2024-01-29 00:00:00+00:00, run_after=2024-01-30 00:00:00+00:00
[2024-01-30T22:02:54.534+0000] {processor.py:183} INFO - Processing /home/airflow/.local/lib/python3.8/site-packages/airflow/example_dags/example_setup_teardown.py took 0.146 seconds
[2024-01-30T22:03:24.658+0000] {processor.py:161} INFO - Started process (PID=1193) to work on /home/airflow/.local/lib/python3.8/site-packages/airflow/example_dags/example_setup_teardown.py
[2024-01-30T22:03:24.660+0000] {processor.py:830} INFO - Processing file /home/airflow/.local/lib/python3.8/site-packages/airflow/example_dags/example_setup_teardown.py for tasks to queue
[2024-01-30T22:03:24.662+0000] {logging_mixin.py:188} INFO - [2024-01-30T22:03:24.661+0000] {dagbag.py:538} INFO - Filling up the DagBag from /home/airflow/.local/lib/python3.8/site-packages/airflow/example_dags/example_setup_teardown.py
[2024-01-30T22:03:24.670+0000] {processor.py:840} INFO - DAG(s) 'example_setup_teardown' retrieved from /home/airflow/.local/lib/python3.8/site-packages/airflow/example_dags/example_setup_teardown.py
[2024-01-30T22:03:24.698+0000] {logging_mixin.py:188} INFO - [2024-01-30T22:03:24.697+0000] {dag.py:3036} INFO - Sync 1 DAGs
[2024-01-30T22:03:24.729+0000] {logging_mixin.py:188} INFO - [2024-01-30T22:03:24.729+0000] {dag.py:3823} INFO - Setting next_dagrun for example_setup_teardown to 2024-01-29 00:00:00+00:00, run_after=2024-01-30 00:00:00+00:00
[2024-01-30T22:03:24.759+0000] {processor.py:183} INFO - Processing /home/airflow/.local/lib/python3.8/site-packages/airflow/example_dags/example_setup_teardown.py took 0.105 seconds
[2024-01-30T22:03:55.220+0000] {processor.py:161} INFO - Started process (PID=1252) to work on /home/airflow/.local/lib/python3.8/site-packages/airflow/example_dags/example_setup_teardown.py
[2024-01-30T22:03:55.221+0000] {processor.py:830} INFO - Processing file /home/airflow/.local/lib/python3.8/site-packages/airflow/example_dags/example_setup_teardown.py for tasks to queue
[2024-01-30T22:03:55.224+0000] {logging_mixin.py:188} INFO - [2024-01-30T22:03:55.223+0000] {dagbag.py:538} INFO - Filling up the DagBag from /home/airflow/.local/lib/python3.8/site-packages/airflow/example_dags/example_setup_teardown.py
[2024-01-30T22:03:55.231+0000] {processor.py:840} INFO - DAG(s) 'example_setup_teardown' retrieved from /home/airflow/.local/lib/python3.8/site-packages/airflow/example_dags/example_setup_teardown.py
[2024-01-30T22:03:55.255+0000] {logging_mixin.py:188} INFO - [2024-01-30T22:03:55.254+0000] {dag.py:3036} INFO - Sync 1 DAGs
[2024-01-30T22:03:55.284+0000] {logging_mixin.py:188} INFO - [2024-01-30T22:03:55.284+0000] {dag.py:3823} INFO - Setting next_dagrun for example_setup_teardown to 2024-01-29 00:00:00+00:00, run_after=2024-01-30 00:00:00+00:00
[2024-01-30T22:03:55.354+0000] {processor.py:183} INFO - Processing /home/airflow/.local/lib/python3.8/site-packages/airflow/example_dags/example_setup_teardown.py took 0.137 seconds
[2024-01-30T22:04:25.960+0000] {processor.py:161} INFO - Started process (PID=1309) to work on /home/airflow/.local/lib/python3.8/site-packages/airflow/example_dags/example_setup_teardown.py
[2024-01-30T22:04:25.961+0000] {processor.py:830} INFO - Processing file /home/airflow/.local/lib/python3.8/site-packages/airflow/example_dags/example_setup_teardown.py for tasks to queue
[2024-01-30T22:04:25.963+0000] {logging_mixin.py:188} INFO - [2024-01-30T22:04:25.963+0000] {dagbag.py:538} INFO - Filling up the DagBag from /home/airflow/.local/lib/python3.8/site-packages/airflow/example_dags/example_setup_teardown.py
[2024-01-30T22:04:25.970+0000] {processor.py:840} INFO - DAG(s) 'example_setup_teardown' retrieved from /home/airflow/.local/lib/python3.8/site-packages/airflow/example_dags/example_setup_teardown.py
[2024-01-30T22:04:25.996+0000] {logging_mixin.py:188} INFO - [2024-01-30T22:04:25.996+0000] {dag.py:3036} INFO - Sync 1 DAGs
[2024-01-30T22:04:26.021+0000] {logging_mixin.py:188} INFO - [2024-01-30T22:04:26.021+0000] {dag.py:3823} INFO - Setting next_dagrun for example_setup_teardown to 2024-01-29 00:00:00+00:00, run_after=2024-01-30 00:00:00+00:00
[2024-01-30T22:04:26.045+0000] {processor.py:183} INFO - Processing /home/airflow/.local/lib/python3.8/site-packages/airflow/example_dags/example_setup_teardown.py took 0.088 seconds
[2024-01-30T22:04:56.192+0000] {processor.py:161} INFO - Started process (PID=1366) to work on /home/airflow/.local/lib/python3.8/site-packages/airflow/example_dags/example_setup_teardown.py
[2024-01-30T22:04:56.194+0000] {processor.py:830} INFO - Processing file /home/airflow/.local/lib/python3.8/site-packages/airflow/example_dags/example_setup_teardown.py for tasks to queue
[2024-01-30T22:04:56.195+0000] {logging_mixin.py:188} INFO - [2024-01-30T22:04:56.195+0000] {dagbag.py:538} INFO - Filling up the DagBag from /home/airflow/.local/lib/python3.8/site-packages/airflow/example_dags/example_setup_teardown.py
[2024-01-30T22:04:56.202+0000] {processor.py:840} INFO - DAG(s) 'example_setup_teardown' retrieved from /home/airflow/.local/lib/python3.8/site-packages/airflow/example_dags/example_setup_teardown.py
[2024-01-30T22:04:56.225+0000] {logging_mixin.py:188} INFO - [2024-01-30T22:04:56.224+0000] {dag.py:3036} INFO - Sync 1 DAGs
[2024-01-30T22:04:56.251+0000] {logging_mixin.py:188} INFO - [2024-01-30T22:04:56.250+0000] {dag.py:3823} INFO - Setting next_dagrun for example_setup_teardown to 2024-01-29 00:00:00+00:00, run_after=2024-01-30 00:00:00+00:00
[2024-01-30T22:04:56.290+0000] {processor.py:183} INFO - Processing /home/airflow/.local/lib/python3.8/site-packages/airflow/example_dags/example_setup_teardown.py took 0.100 seconds
[2024-01-30T22:05:26.850+0000] {processor.py:161} INFO - Started process (PID=1423) to work on /home/airflow/.local/lib/python3.8/site-packages/airflow/example_dags/example_setup_teardown.py
[2024-01-30T22:05:26.851+0000] {processor.py:830} INFO - Processing file /home/airflow/.local/lib/python3.8/site-packages/airflow/example_dags/example_setup_teardown.py for tasks to queue
[2024-01-30T22:05:26.852+0000] {logging_mixin.py:188} INFO - [2024-01-30T22:05:26.851+0000] {dagbag.py:538} INFO - Filling up the DagBag from /home/airflow/.local/lib/python3.8/site-packages/airflow/example_dags/example_setup_teardown.py
[2024-01-30T22:05:26.860+0000] {processor.py:840} INFO - DAG(s) 'example_setup_teardown' retrieved from /home/airflow/.local/lib/python3.8/site-packages/airflow/example_dags/example_setup_teardown.py
[2024-01-30T22:05:26.881+0000] {logging_mixin.py:188} INFO - [2024-01-30T22:05:26.881+0000] {dag.py:3036} INFO - Sync 1 DAGs
[2024-01-30T22:05:26.903+0000] {logging_mixin.py:188} INFO - [2024-01-30T22:05:26.903+0000] {dag.py:3823} INFO - Setting next_dagrun for example_setup_teardown to 2024-01-29 00:00:00+00:00, run_after=2024-01-30 00:00:00+00:00
[2024-01-30T22:05:26.976+0000] {processor.py:183} INFO - Processing /home/airflow/.local/lib/python3.8/site-packages/airflow/example_dags/example_setup_teardown.py took 0.129 seconds
[2024-01-30T22:06:03.898+0000] {processor.py:161} INFO - Started process (PID=1473) to work on /home/airflow/.local/lib/python3.8/site-packages/airflow/example_dags/example_setup_teardown.py
[2024-01-30T22:06:03.900+0000] {processor.py:830} INFO - Processing file /home/airflow/.local/lib/python3.8/site-packages/airflow/example_dags/example_setup_teardown.py for tasks to queue
[2024-01-30T22:06:03.901+0000] {logging_mixin.py:188} INFO - [2024-01-30T22:06:03.901+0000] {dagbag.py:538} INFO - Filling up the DagBag from /home/airflow/.local/lib/python3.8/site-packages/airflow/example_dags/example_setup_teardown.py
[2024-01-30T22:06:03.911+0000] {processor.py:840} INFO - DAG(s) 'example_setup_teardown' retrieved from /home/airflow/.local/lib/python3.8/site-packages/airflow/example_dags/example_setup_teardown.py
[2024-01-30T22:06:03.946+0000] {logging_mixin.py:188} INFO - [2024-01-30T22:06:03.946+0000] {dag.py:3036} INFO - Sync 1 DAGs
[2024-01-30T22:06:03.978+0000] {logging_mixin.py:188} INFO - [2024-01-30T22:06:03.978+0000] {dag.py:3823} INFO - Setting next_dagrun for example_setup_teardown to 2024-01-29 00:00:00+00:00, run_after=2024-01-30 00:00:00+00:00
[2024-01-30T22:06:04.015+0000] {processor.py:183} INFO - Processing /home/airflow/.local/lib/python3.8/site-packages/airflow/example_dags/example_setup_teardown.py took 0.121 seconds
[2024-01-30T22:06:34.389+0000] {processor.py:161} INFO - Started process (PID=1522) to work on /home/airflow/.local/lib/python3.8/site-packages/airflow/example_dags/example_setup_teardown.py
[2024-01-30T22:06:34.390+0000] {processor.py:830} INFO - Processing file /home/airflow/.local/lib/python3.8/site-packages/airflow/example_dags/example_setup_teardown.py for tasks to queue
[2024-01-30T22:06:34.392+0000] {logging_mixin.py:188} INFO - [2024-01-30T22:06:34.391+0000] {dagbag.py:538} INFO - Filling up the DagBag from /home/airflow/.local/lib/python3.8/site-packages/airflow/example_dags/example_setup_teardown.py
[2024-01-30T22:06:34.400+0000] {processor.py:840} INFO - DAG(s) 'example_setup_teardown' retrieved from /home/airflow/.local/lib/python3.8/site-packages/airflow/example_dags/example_setup_teardown.py
[2024-01-30T22:06:34.429+0000] {logging_mixin.py:188} INFO - [2024-01-30T22:06:34.429+0000] {dag.py:3036} INFO - Sync 1 DAGs
[2024-01-30T22:06:34.457+0000] {logging_mixin.py:188} INFO - [2024-01-30T22:06:34.457+0000] {dag.py:3823} INFO - Setting next_dagrun for example_setup_teardown to 2024-01-29 00:00:00+00:00, run_after=2024-01-30 00:00:00+00:00
[2024-01-30T22:06:34.482+0000] {processor.py:183} INFO - Processing /home/airflow/.local/lib/python3.8/site-packages/airflow/example_dags/example_setup_teardown.py took 0.097 seconds
[2024-01-30T22:07:05.556+0000] {processor.py:161} INFO - Started process (PID=1579) to work on /home/airflow/.local/lib/python3.8/site-packages/airflow/example_dags/example_setup_teardown.py
[2024-01-30T22:07:05.557+0000] {processor.py:830} INFO - Processing file /home/airflow/.local/lib/python3.8/site-packages/airflow/example_dags/example_setup_teardown.py for tasks to queue
[2024-01-30T22:07:05.559+0000] {logging_mixin.py:188} INFO - [2024-01-30T22:07:05.559+0000] {dagbag.py:538} INFO - Filling up the DagBag from /home/airflow/.local/lib/python3.8/site-packages/airflow/example_dags/example_setup_teardown.py
[2024-01-30T22:07:05.569+0000] {processor.py:840} INFO - DAG(s) 'example_setup_teardown' retrieved from /home/airflow/.local/lib/python3.8/site-packages/airflow/example_dags/example_setup_teardown.py
[2024-01-30T22:07:05.599+0000] {logging_mixin.py:188} INFO - [2024-01-30T22:07:05.599+0000] {dag.py:3036} INFO - Sync 1 DAGs
[2024-01-30T22:07:05.635+0000] {logging_mixin.py:188} INFO - [2024-01-30T22:07:05.635+0000] {dag.py:3823} INFO - Setting next_dagrun for example_setup_teardown to 2024-01-29 00:00:00+00:00, run_after=2024-01-30 00:00:00+00:00
[2024-01-30T22:07:05.672+0000] {processor.py:183} INFO - Processing /home/airflow/.local/lib/python3.8/site-packages/airflow/example_dags/example_setup_teardown.py took 0.120 seconds
[2024-01-30T22:07:35.892+0000] {processor.py:161} INFO - Started process (PID=1636) to work on /home/airflow/.local/lib/python3.8/site-packages/airflow/example_dags/example_setup_teardown.py
[2024-01-30T22:07:35.894+0000] {processor.py:830} INFO - Processing file /home/airflow/.local/lib/python3.8/site-packages/airflow/example_dags/example_setup_teardown.py for tasks to queue
[2024-01-30T22:07:35.895+0000] {logging_mixin.py:188} INFO - [2024-01-30T22:07:35.894+0000] {dagbag.py:538} INFO - Filling up the DagBag from /home/airflow/.local/lib/python3.8/site-packages/airflow/example_dags/example_setup_teardown.py
[2024-01-30T22:07:35.903+0000] {processor.py:840} INFO - DAG(s) 'example_setup_teardown' retrieved from /home/airflow/.local/lib/python3.8/site-packages/airflow/example_dags/example_setup_teardown.py
[2024-01-30T22:07:35.925+0000] {logging_mixin.py:188} INFO - [2024-01-30T22:07:35.925+0000] {dag.py:3036} INFO - Sync 1 DAGs
[2024-01-30T22:07:35.950+0000] {logging_mixin.py:188} INFO - [2024-01-30T22:07:35.950+0000] {dag.py:3823} INFO - Setting next_dagrun for example_setup_teardown to 2024-01-29 00:00:00+00:00, run_after=2024-01-30 00:00:00+00:00
[2024-01-30T22:07:35.976+0000] {processor.py:183} INFO - Processing /home/airflow/.local/lib/python3.8/site-packages/airflow/example_dags/example_setup_teardown.py took 0.086 seconds
[2024-01-30T22:08:06.489+0000] {processor.py:161} INFO - Started process (PID=1693) to work on /home/airflow/.local/lib/python3.8/site-packages/airflow/example_dags/example_setup_teardown.py
[2024-01-30T22:08:06.491+0000] {processor.py:830} INFO - Processing file /home/airflow/.local/lib/python3.8/site-packages/airflow/example_dags/example_setup_teardown.py for tasks to queue
[2024-01-30T22:08:06.493+0000] {logging_mixin.py:188} INFO - [2024-01-30T22:08:06.492+0000] {dagbag.py:538} INFO - Filling up the DagBag from /home/airflow/.local/lib/python3.8/site-packages/airflow/example_dags/example_setup_teardown.py
[2024-01-30T22:08:06.505+0000] {processor.py:840} INFO - DAG(s) 'example_setup_teardown' retrieved from /home/airflow/.local/lib/python3.8/site-packages/airflow/example_dags/example_setup_teardown.py
[2024-01-30T22:08:06.558+0000] {logging_mixin.py:188} INFO - [2024-01-30T22:08:06.558+0000] {dag.py:3036} INFO - Sync 1 DAGs
[2024-01-30T22:08:06.608+0000] {logging_mixin.py:188} INFO - [2024-01-30T22:08:06.608+0000] {dag.py:3823} INFO - Setting next_dagrun for example_setup_teardown to 2024-01-29 00:00:00+00:00, run_after=2024-01-30 00:00:00+00:00
[2024-01-30T22:08:06.654+0000] {processor.py:183} INFO - Processing /home/airflow/.local/lib/python3.8/site-packages/airflow/example_dags/example_setup_teardown.py took 0.169 seconds
[2024-01-30T22:08:36.749+0000] {processor.py:161} INFO - Started process (PID=1750) to work on /home/airflow/.local/lib/python3.8/site-packages/airflow/example_dags/example_setup_teardown.py
[2024-01-30T22:08:36.750+0000] {processor.py:830} INFO - Processing file /home/airflow/.local/lib/python3.8/site-packages/airflow/example_dags/example_setup_teardown.py for tasks to queue
[2024-01-30T22:08:36.752+0000] {logging_mixin.py:188} INFO - [2024-01-30T22:08:36.752+0000] {dagbag.py:538} INFO - Filling up the DagBag from /home/airflow/.local/lib/python3.8/site-packages/airflow/example_dags/example_setup_teardown.py
[2024-01-30T22:08:36.762+0000] {processor.py:840} INFO - DAG(s) 'example_setup_teardown' retrieved from /home/airflow/.local/lib/python3.8/site-packages/airflow/example_dags/example_setup_teardown.py
[2024-01-30T22:08:36.801+0000] {logging_mixin.py:188} INFO - [2024-01-30T22:08:36.800+0000] {dag.py:3036} INFO - Sync 1 DAGs
[2024-01-30T22:08:36.842+0000] {logging_mixin.py:188} INFO - [2024-01-30T22:08:36.842+0000] {dag.py:3823} INFO - Setting next_dagrun for example_setup_teardown to 2024-01-29 00:00:00+00:00, run_after=2024-01-30 00:00:00+00:00
[2024-01-30T22:08:36.909+0000] {processor.py:183} INFO - Processing /home/airflow/.local/lib/python3.8/site-packages/airflow/example_dags/example_setup_teardown.py took 0.163 seconds
[2024-01-30T22:09:07.859+0000] {processor.py:161} INFO - Started process (PID=1807) to work on /home/airflow/.local/lib/python3.8/site-packages/airflow/example_dags/example_setup_teardown.py
[2024-01-30T22:09:07.860+0000] {processor.py:830} INFO - Processing file /home/airflow/.local/lib/python3.8/site-packages/airflow/example_dags/example_setup_teardown.py for tasks to queue
[2024-01-30T22:09:07.862+0000] {logging_mixin.py:188} INFO - [2024-01-30T22:09:07.862+0000] {dagbag.py:538} INFO - Filling up the DagBag from /home/airflow/.local/lib/python3.8/site-packages/airflow/example_dags/example_setup_teardown.py
[2024-01-30T22:09:07.869+0000] {processor.py:840} INFO - DAG(s) 'example_setup_teardown' retrieved from /home/airflow/.local/lib/python3.8/site-packages/airflow/example_dags/example_setup_teardown.py
[2024-01-30T22:09:07.885+0000] {logging_mixin.py:188} INFO - [2024-01-30T22:09:07.885+0000] {dag.py:3036} INFO - Sync 1 DAGs
[2024-01-30T22:09:07.915+0000] {logging_mixin.py:188} INFO - [2024-01-30T22:09:07.915+0000] {dag.py:3823} INFO - Setting next_dagrun for example_setup_teardown to 2024-01-29 00:00:00+00:00, run_after=2024-01-30 00:00:00+00:00
[2024-01-30T22:09:07.952+0000] {processor.py:183} INFO - Processing /home/airflow/.local/lib/python3.8/site-packages/airflow/example_dags/example_setup_teardown.py took 0.096 seconds
[2024-01-30T22:09:38.263+0000] {processor.py:161} INFO - Started process (PID=1864) to work on /home/airflow/.local/lib/python3.8/site-packages/airflow/example_dags/example_setup_teardown.py
[2024-01-30T22:09:38.264+0000] {processor.py:830} INFO - Processing file /home/airflow/.local/lib/python3.8/site-packages/airflow/example_dags/example_setup_teardown.py for tasks to queue
[2024-01-30T22:09:38.265+0000] {logging_mixin.py:188} INFO - [2024-01-30T22:09:38.265+0000] {dagbag.py:538} INFO - Filling up the DagBag from /home/airflow/.local/lib/python3.8/site-packages/airflow/example_dags/example_setup_teardown.py
[2024-01-30T22:09:38.273+0000] {processor.py:840} INFO - DAG(s) 'example_setup_teardown' retrieved from /home/airflow/.local/lib/python3.8/site-packages/airflow/example_dags/example_setup_teardown.py
[2024-01-30T22:09:38.431+0000] {logging_mixin.py:188} INFO - [2024-01-30T22:09:38.431+0000] {dag.py:3036} INFO - Sync 1 DAGs
[2024-01-30T22:09:38.464+0000] {logging_mixin.py:188} INFO - [2024-01-30T22:09:38.464+0000] {dag.py:3823} INFO - Setting next_dagrun for example_setup_teardown to 2024-01-29 00:00:00+00:00, run_after=2024-01-30 00:00:00+00:00
[2024-01-30T22:09:38.501+0000] {processor.py:183} INFO - Processing /home/airflow/.local/lib/python3.8/site-packages/airflow/example_dags/example_setup_teardown.py took 0.241 seconds
[2024-01-30T22:10:08.715+0000] {processor.py:161} INFO - Started process (PID=1921) to work on /home/airflow/.local/lib/python3.8/site-packages/airflow/example_dags/example_setup_teardown.py
[2024-01-30T22:10:08.717+0000] {processor.py:830} INFO - Processing file /home/airflow/.local/lib/python3.8/site-packages/airflow/example_dags/example_setup_teardown.py for tasks to queue
[2024-01-30T22:10:08.718+0000] {logging_mixin.py:188} INFO - [2024-01-30T22:10:08.718+0000] {dagbag.py:538} INFO - Filling up the DagBag from /home/airflow/.local/lib/python3.8/site-packages/airflow/example_dags/example_setup_teardown.py
[2024-01-30T22:10:08.726+0000] {processor.py:840} INFO - DAG(s) 'example_setup_teardown' retrieved from /home/airflow/.local/lib/python3.8/site-packages/airflow/example_dags/example_setup_teardown.py
[2024-01-30T22:10:08.759+0000] {logging_mixin.py:188} INFO - [2024-01-30T22:10:08.758+0000] {dag.py:3036} INFO - Sync 1 DAGs
[2024-01-30T22:10:08.792+0000] {logging_mixin.py:188} INFO - [2024-01-30T22:10:08.792+0000] {dag.py:3823} INFO - Setting next_dagrun for example_setup_teardown to 2024-01-29 00:00:00+00:00, run_after=2024-01-30 00:00:00+00:00
[2024-01-30T22:10:08.824+0000] {processor.py:183} INFO - Processing /home/airflow/.local/lib/python3.8/site-packages/airflow/example_dags/example_setup_teardown.py took 0.112 seconds
[2024-01-30T22:10:39.406+0000] {processor.py:161} INFO - Started process (PID=1978) to work on /home/airflow/.local/lib/python3.8/site-packages/airflow/example_dags/example_setup_teardown.py
[2024-01-30T22:10:39.407+0000] {processor.py:830} INFO - Processing file /home/airflow/.local/lib/python3.8/site-packages/airflow/example_dags/example_setup_teardown.py for tasks to queue
[2024-01-30T22:10:39.409+0000] {logging_mixin.py:188} INFO - [2024-01-30T22:10:39.408+0000] {dagbag.py:538} INFO - Filling up the DagBag from /home/airflow/.local/lib/python3.8/site-packages/airflow/example_dags/example_setup_teardown.py
[2024-01-30T22:10:39.418+0000] {processor.py:840} INFO - DAG(s) 'example_setup_teardown' retrieved from /home/airflow/.local/lib/python3.8/site-packages/airflow/example_dags/example_setup_teardown.py
[2024-01-30T22:10:39.448+0000] {logging_mixin.py:188} INFO - [2024-01-30T22:10:39.448+0000] {dag.py:3036} INFO - Sync 1 DAGs
[2024-01-30T22:10:39.477+0000] {logging_mixin.py:188} INFO - [2024-01-30T22:10:39.476+0000] {dag.py:3823} INFO - Setting next_dagrun for example_setup_teardown to 2024-01-29 00:00:00+00:00, run_after=2024-01-30 00:00:00+00:00
[2024-01-30T22:10:39.513+0000] {processor.py:183} INFO - Processing /home/airflow/.local/lib/python3.8/site-packages/airflow/example_dags/example_setup_teardown.py took 0.111 seconds
[2024-01-30T22:11:09.794+0000] {processor.py:161} INFO - Started process (PID=2034) to work on /home/airflow/.local/lib/python3.8/site-packages/airflow/example_dags/example_setup_teardown.py
[2024-01-30T22:11:09.795+0000] {processor.py:830} INFO - Processing file /home/airflow/.local/lib/python3.8/site-packages/airflow/example_dags/example_setup_teardown.py for tasks to queue
[2024-01-30T22:11:09.797+0000] {logging_mixin.py:188} INFO - [2024-01-30T22:11:09.797+0000] {dagbag.py:538} INFO - Filling up the DagBag from /home/airflow/.local/lib/python3.8/site-packages/airflow/example_dags/example_setup_teardown.py
[2024-01-30T22:11:09.807+0000] {processor.py:840} INFO - DAG(s) 'example_setup_teardown' retrieved from /home/airflow/.local/lib/python3.8/site-packages/airflow/example_dags/example_setup_teardown.py
[2024-01-30T22:11:09.853+0000] {logging_mixin.py:188} INFO - [2024-01-30T22:11:09.852+0000] {dag.py:3036} INFO - Sync 1 DAGs
[2024-01-30T22:11:09.909+0000] {logging_mixin.py:188} INFO - [2024-01-30T22:11:09.908+0000] {dag.py:3823} INFO - Setting next_dagrun for example_setup_teardown to 2024-01-29 00:00:00+00:00, run_after=2024-01-30 00:00:00+00:00
[2024-01-30T22:11:09.963+0000] {processor.py:183} INFO - Processing /home/airflow/.local/lib/python3.8/site-packages/airflow/example_dags/example_setup_teardown.py took 0.176 seconds
[2024-01-30T22:11:41.102+0000] {processor.py:161} INFO - Started process (PID=2091) to work on /home/airflow/.local/lib/python3.8/site-packages/airflow/example_dags/example_setup_teardown.py
[2024-01-30T22:11:41.103+0000] {processor.py:830} INFO - Processing file /home/airflow/.local/lib/python3.8/site-packages/airflow/example_dags/example_setup_teardown.py for tasks to queue
[2024-01-30T22:11:41.106+0000] {logging_mixin.py:188} INFO - [2024-01-30T22:11:41.105+0000] {dagbag.py:538} INFO - Filling up the DagBag from /home/airflow/.local/lib/python3.8/site-packages/airflow/example_dags/example_setup_teardown.py
[2024-01-30T22:11:41.116+0000] {processor.py:840} INFO - DAG(s) 'example_setup_teardown' retrieved from /home/airflow/.local/lib/python3.8/site-packages/airflow/example_dags/example_setup_teardown.py
[2024-01-30T22:11:41.145+0000] {logging_mixin.py:188} INFO - [2024-01-30T22:11:41.145+0000] {dag.py:3036} INFO - Sync 1 DAGs
[2024-01-30T22:11:41.176+0000] {logging_mixin.py:188} INFO - [2024-01-30T22:11:41.175+0000] {dag.py:3823} INFO - Setting next_dagrun for example_setup_teardown to 2024-01-29 00:00:00+00:00, run_after=2024-01-30 00:00:00+00:00
[2024-01-30T22:11:41.204+0000] {processor.py:183} INFO - Processing /home/airflow/.local/lib/python3.8/site-packages/airflow/example_dags/example_setup_teardown.py took 0.106 seconds
[2024-01-30T22:12:12.203+0000] {processor.py:161} INFO - Started process (PID=2148) to work on /home/airflow/.local/lib/python3.8/site-packages/airflow/example_dags/example_setup_teardown.py
[2024-01-30T22:12:12.205+0000] {processor.py:830} INFO - Processing file /home/airflow/.local/lib/python3.8/site-packages/airflow/example_dags/example_setup_teardown.py for tasks to queue
[2024-01-30T22:12:12.207+0000] {logging_mixin.py:188} INFO - [2024-01-30T22:12:12.206+0000] {dagbag.py:538} INFO - Filling up the DagBag from /home/airflow/.local/lib/python3.8/site-packages/airflow/example_dags/example_setup_teardown.py
[2024-01-30T22:12:12.216+0000] {processor.py:840} INFO - DAG(s) 'example_setup_teardown' retrieved from /home/airflow/.local/lib/python3.8/site-packages/airflow/example_dags/example_setup_teardown.py
[2024-01-30T22:12:12.246+0000] {logging_mixin.py:188} INFO - [2024-01-30T22:12:12.246+0000] {dag.py:3036} INFO - Sync 1 DAGs
[2024-01-30T22:12:12.290+0000] {logging_mixin.py:188} INFO - [2024-01-30T22:12:12.290+0000] {dag.py:3823} INFO - Setting next_dagrun for example_setup_teardown to 2024-01-29 00:00:00+00:00, run_after=2024-01-30 00:00:00+00:00
[2024-01-30T22:12:12.361+0000] {processor.py:183} INFO - Processing /home/airflow/.local/lib/python3.8/site-packages/airflow/example_dags/example_setup_teardown.py took 0.162 seconds
[2024-01-30T22:12:42.982+0000] {processor.py:161} INFO - Started process (PID=2205) to work on /home/airflow/.local/lib/python3.8/site-packages/airflow/example_dags/example_setup_teardown.py
[2024-01-30T22:12:42.983+0000] {processor.py:830} INFO - Processing file /home/airflow/.local/lib/python3.8/site-packages/airflow/example_dags/example_setup_teardown.py for tasks to queue
[2024-01-30T22:12:42.985+0000] {logging_mixin.py:188} INFO - [2024-01-30T22:12:42.985+0000] {dagbag.py:538} INFO - Filling up the DagBag from /home/airflow/.local/lib/python3.8/site-packages/airflow/example_dags/example_setup_teardown.py
[2024-01-30T22:12:42.992+0000] {processor.py:840} INFO - DAG(s) 'example_setup_teardown' retrieved from /home/airflow/.local/lib/python3.8/site-packages/airflow/example_dags/example_setup_teardown.py
[2024-01-30T22:12:43.017+0000] {logging_mixin.py:188} INFO - [2024-01-30T22:12:43.016+0000] {dag.py:3036} INFO - Sync 1 DAGs
[2024-01-30T22:12:43.045+0000] {logging_mixin.py:188} INFO - [2024-01-30T22:12:43.045+0000] {dag.py:3823} INFO - Setting next_dagrun for example_setup_teardown to 2024-01-29 00:00:00+00:00, run_after=2024-01-30 00:00:00+00:00
[2024-01-30T22:12:43.075+0000] {processor.py:183} INFO - Processing /home/airflow/.local/lib/python3.8/site-packages/airflow/example_dags/example_setup_teardown.py took 0.096 seconds
[2024-01-30T22:13:14.187+0000] {processor.py:161} INFO - Started process (PID=2263) to work on /home/airflow/.local/lib/python3.8/site-packages/airflow/example_dags/example_setup_teardown.py
[2024-01-30T22:13:14.188+0000] {processor.py:830} INFO - Processing file /home/airflow/.local/lib/python3.8/site-packages/airflow/example_dags/example_setup_teardown.py for tasks to queue
[2024-01-30T22:13:14.190+0000] {logging_mixin.py:188} INFO - [2024-01-30T22:13:14.189+0000] {dagbag.py:538} INFO - Filling up the DagBag from /home/airflow/.local/lib/python3.8/site-packages/airflow/example_dags/example_setup_teardown.py
[2024-01-30T22:13:14.198+0000] {processor.py:840} INFO - DAG(s) 'example_setup_teardown' retrieved from /home/airflow/.local/lib/python3.8/site-packages/airflow/example_dags/example_setup_teardown.py
[2024-01-30T22:13:14.223+0000] {logging_mixin.py:188} INFO - [2024-01-30T22:13:14.222+0000] {dag.py:3036} INFO - Sync 1 DAGs
[2024-01-30T22:13:14.250+0000] {logging_mixin.py:188} INFO - [2024-01-30T22:13:14.250+0000] {dag.py:3823} INFO - Setting next_dagrun for example_setup_teardown to 2024-01-29 00:00:00+00:00, run_after=2024-01-30 00:00:00+00:00
[2024-01-30T22:13:14.281+0000] {processor.py:183} INFO - Processing /home/airflow/.local/lib/python3.8/site-packages/airflow/example_dags/example_setup_teardown.py took 0.097 seconds
[2024-01-30T22:13:44.969+0000] {processor.py:161} INFO - Started process (PID=2320) to work on /home/airflow/.local/lib/python3.8/site-packages/airflow/example_dags/example_setup_teardown.py
[2024-01-30T22:13:44.971+0000] {processor.py:830} INFO - Processing file /home/airflow/.local/lib/python3.8/site-packages/airflow/example_dags/example_setup_teardown.py for tasks to queue
[2024-01-30T22:13:44.972+0000] {logging_mixin.py:188} INFO - [2024-01-30T22:13:44.972+0000] {dagbag.py:538} INFO - Filling up the DagBag from /home/airflow/.local/lib/python3.8/site-packages/airflow/example_dags/example_setup_teardown.py
[2024-01-30T22:13:44.981+0000] {processor.py:840} INFO - DAG(s) 'example_setup_teardown' retrieved from /home/airflow/.local/lib/python3.8/site-packages/airflow/example_dags/example_setup_teardown.py
[2024-01-30T22:13:45.005+0000] {logging_mixin.py:188} INFO - [2024-01-30T22:13:45.005+0000] {dag.py:3036} INFO - Sync 1 DAGs
[2024-01-30T22:13:45.036+0000] {logging_mixin.py:188} INFO - [2024-01-30T22:13:45.036+0000] {dag.py:3823} INFO - Setting next_dagrun for example_setup_teardown to 2024-01-29 00:00:00+00:00, run_after=2024-01-30 00:00:00+00:00
[2024-01-30T22:13:45.065+0000] {processor.py:183} INFO - Processing /home/airflow/.local/lib/python3.8/site-packages/airflow/example_dags/example_setup_teardown.py took 0.098 seconds
[2024-01-30T22:14:20.428+0000] {processor.py:161} INFO - Started process (PID=2377) to work on /home/airflow/.local/lib/python3.8/site-packages/airflow/example_dags/example_setup_teardown.py
[2024-01-30T22:14:20.430+0000] {processor.py:830} INFO - Processing file /home/airflow/.local/lib/python3.8/site-packages/airflow/example_dags/example_setup_teardown.py for tasks to queue
[2024-01-30T22:14:20.431+0000] {logging_mixin.py:188} INFO - [2024-01-30T22:14:20.431+0000] {dagbag.py:538} INFO - Filling up the DagBag from /home/airflow/.local/lib/python3.8/site-packages/airflow/example_dags/example_setup_teardown.py
[2024-01-30T22:14:20.439+0000] {processor.py:840} INFO - DAG(s) 'example_setup_teardown' retrieved from /home/airflow/.local/lib/python3.8/site-packages/airflow/example_dags/example_setup_teardown.py
[2024-01-30T22:14:20.464+0000] {logging_mixin.py:188} INFO - [2024-01-30T22:14:20.464+0000] {dag.py:3036} INFO - Sync 1 DAGs
[2024-01-30T22:14:20.492+0000] {logging_mixin.py:188} INFO - [2024-01-30T22:14:20.491+0000] {dag.py:3823} INFO - Setting next_dagrun for example_setup_teardown to 2024-01-29 00:00:00+00:00, run_after=2024-01-30 00:00:00+00:00
[2024-01-30T22:14:20.519+0000] {processor.py:183} INFO - Processing /home/airflow/.local/lib/python3.8/site-packages/airflow/example_dags/example_setup_teardown.py took 0.093 seconds
[2024-01-30T22:14:51.382+0000] {processor.py:161} INFO - Started process (PID=2435) to work on /home/airflow/.local/lib/python3.8/site-packages/airflow/example_dags/example_setup_teardown.py
[2024-01-30T22:14:51.384+0000] {processor.py:830} INFO - Processing file /home/airflow/.local/lib/python3.8/site-packages/airflow/example_dags/example_setup_teardown.py for tasks to queue
[2024-01-30T22:14:51.386+0000] {logging_mixin.py:188} INFO - [2024-01-30T22:14:51.385+0000] {dagbag.py:538} INFO - Filling up the DagBag from /home/airflow/.local/lib/python3.8/site-packages/airflow/example_dags/example_setup_teardown.py
[2024-01-30T22:14:51.394+0000] {processor.py:840} INFO - DAG(s) 'example_setup_teardown' retrieved from /home/airflow/.local/lib/python3.8/site-packages/airflow/example_dags/example_setup_teardown.py
[2024-01-30T22:14:51.422+0000] {logging_mixin.py:188} INFO - [2024-01-30T22:14:51.422+0000] {dag.py:3036} INFO - Sync 1 DAGs
[2024-01-30T22:14:51.448+0000] {logging_mixin.py:188} INFO - [2024-01-30T22:14:51.447+0000] {dag.py:3823} INFO - Setting next_dagrun for example_setup_teardown to 2024-01-29 00:00:00+00:00, run_after=2024-01-30 00:00:00+00:00
[2024-01-30T22:14:51.475+0000] {processor.py:183} INFO - Processing /home/airflow/.local/lib/python3.8/site-packages/airflow/example_dags/example_setup_teardown.py took 0.096 seconds
[2024-01-30T22:15:22.129+0000] {processor.py:161} INFO - Started process (PID=2490) to work on /home/airflow/.local/lib/python3.8/site-packages/airflow/example_dags/example_setup_teardown.py
[2024-01-30T22:15:22.130+0000] {processor.py:830} INFO - Processing file /home/airflow/.local/lib/python3.8/site-packages/airflow/example_dags/example_setup_teardown.py for tasks to queue
[2024-01-30T22:15:22.132+0000] {logging_mixin.py:188} INFO - [2024-01-30T22:15:22.131+0000] {dagbag.py:538} INFO - Filling up the DagBag from /home/airflow/.local/lib/python3.8/site-packages/airflow/example_dags/example_setup_teardown.py
[2024-01-30T22:15:22.140+0000] {processor.py:840} INFO - DAG(s) 'example_setup_teardown' retrieved from /home/airflow/.local/lib/python3.8/site-packages/airflow/example_dags/example_setup_teardown.py
[2024-01-30T22:15:22.164+0000] {logging_mixin.py:188} INFO - [2024-01-30T22:15:22.164+0000] {dag.py:3036} INFO - Sync 1 DAGs
[2024-01-30T22:15:22.190+0000] {logging_mixin.py:188} INFO - [2024-01-30T22:15:22.190+0000] {dag.py:3823} INFO - Setting next_dagrun for example_setup_teardown to 2024-01-29 00:00:00+00:00, run_after=2024-01-30 00:00:00+00:00
[2024-01-30T22:15:22.222+0000] {processor.py:183} INFO - Processing /home/airflow/.local/lib/python3.8/site-packages/airflow/example_dags/example_setup_teardown.py took 0.097 seconds
[2024-01-30T22:15:52.592+0000] {processor.py:161} INFO - Started process (PID=2553) to work on /home/airflow/.local/lib/python3.8/site-packages/airflow/example_dags/example_setup_teardown.py
[2024-01-30T22:15:52.594+0000] {processor.py:830} INFO - Processing file /home/airflow/.local/lib/python3.8/site-packages/airflow/example_dags/example_setup_teardown.py for tasks to queue
[2024-01-30T22:15:52.596+0000] {logging_mixin.py:188} INFO - [2024-01-30T22:15:52.595+0000] {dagbag.py:538} INFO - Filling up the DagBag from /home/airflow/.local/lib/python3.8/site-packages/airflow/example_dags/example_setup_teardown.py
[2024-01-30T22:15:52.607+0000] {processor.py:840} INFO - DAG(s) 'example_setup_teardown' retrieved from /home/airflow/.local/lib/python3.8/site-packages/airflow/example_dags/example_setup_teardown.py
[2024-01-30T22:15:52.640+0000] {logging_mixin.py:188} INFO - [2024-01-30T22:15:52.640+0000] {dag.py:3036} INFO - Sync 1 DAGs
[2024-01-30T22:15:52.674+0000] {logging_mixin.py:188} INFO - [2024-01-30T22:15:52.673+0000] {dag.py:3823} INFO - Setting next_dagrun for example_setup_teardown to 2024-01-29 00:00:00+00:00, run_after=2024-01-30 00:00:00+00:00
[2024-01-30T22:15:52.706+0000] {processor.py:183} INFO - Processing /home/airflow/.local/lib/python3.8/site-packages/airflow/example_dags/example_setup_teardown.py took 0.118 seconds
[2024-01-30T22:16:23.090+0000] {processor.py:161} INFO - Started process (PID=2614) to work on /home/airflow/.local/lib/python3.8/site-packages/airflow/example_dags/example_setup_teardown.py
[2024-01-30T22:16:23.092+0000] {processor.py:830} INFO - Processing file /home/airflow/.local/lib/python3.8/site-packages/airflow/example_dags/example_setup_teardown.py for tasks to queue
[2024-01-30T22:16:23.094+0000] {logging_mixin.py:188} INFO - [2024-01-30T22:16:23.093+0000] {dagbag.py:538} INFO - Filling up the DagBag from /home/airflow/.local/lib/python3.8/site-packages/airflow/example_dags/example_setup_teardown.py
[2024-01-30T22:16:23.101+0000] {processor.py:840} INFO - DAG(s) 'example_setup_teardown' retrieved from /home/airflow/.local/lib/python3.8/site-packages/airflow/example_dags/example_setup_teardown.py
[2024-01-30T22:16:23.128+0000] {logging_mixin.py:188} INFO - [2024-01-30T22:16:23.128+0000] {dag.py:3036} INFO - Sync 1 DAGs
[2024-01-30T22:16:23.160+0000] {logging_mixin.py:188} INFO - [2024-01-30T22:16:23.160+0000] {dag.py:3823} INFO - Setting next_dagrun for example_setup_teardown to 2024-01-29 00:00:00+00:00, run_after=2024-01-30 00:00:00+00:00
[2024-01-30T22:16:23.189+0000] {processor.py:183} INFO - Processing /home/airflow/.local/lib/python3.8/site-packages/airflow/example_dags/example_setup_teardown.py took 0.102 seconds
[2024-01-30T22:16:53.921+0000] {processor.py:161} INFO - Started process (PID=2671) to work on /home/airflow/.local/lib/python3.8/site-packages/airflow/example_dags/example_setup_teardown.py
[2024-01-30T22:16:53.923+0000] {processor.py:830} INFO - Processing file /home/airflow/.local/lib/python3.8/site-packages/airflow/example_dags/example_setup_teardown.py for tasks to queue
[2024-01-30T22:16:53.925+0000] {logging_mixin.py:188} INFO - [2024-01-30T22:16:53.924+0000] {dagbag.py:538} INFO - Filling up the DagBag from /home/airflow/.local/lib/python3.8/site-packages/airflow/example_dags/example_setup_teardown.py
[2024-01-30T22:16:53.932+0000] {processor.py:840} INFO - DAG(s) 'example_setup_teardown' retrieved from /home/airflow/.local/lib/python3.8/site-packages/airflow/example_dags/example_setup_teardown.py
[2024-01-30T22:16:53.959+0000] {logging_mixin.py:188} INFO - [2024-01-30T22:16:53.958+0000] {dag.py:3036} INFO - Sync 1 DAGs
[2024-01-30T22:16:53.987+0000] {logging_mixin.py:188} INFO - [2024-01-30T22:16:53.987+0000] {dag.py:3823} INFO - Setting next_dagrun for example_setup_teardown to 2024-01-29 00:00:00+00:00, run_after=2024-01-30 00:00:00+00:00
[2024-01-30T22:16:54.017+0000] {processor.py:183} INFO - Processing /home/airflow/.local/lib/python3.8/site-packages/airflow/example_dags/example_setup_teardown.py took 0.099 seconds
[2024-01-30T22:17:25.715+0000] {processor.py:161} INFO - Started process (PID=2735) to work on /home/airflow/.local/lib/python3.8/site-packages/airflow/example_dags/example_setup_teardown.py
[2024-01-30T22:17:25.717+0000] {processor.py:830} INFO - Processing file /home/airflow/.local/lib/python3.8/site-packages/airflow/example_dags/example_setup_teardown.py for tasks to queue
[2024-01-30T22:17:25.719+0000] {logging_mixin.py:188} INFO - [2024-01-30T22:17:25.719+0000] {dagbag.py:538} INFO - Filling up the DagBag from /home/airflow/.local/lib/python3.8/site-packages/airflow/example_dags/example_setup_teardown.py
[2024-01-30T22:17:25.731+0000] {processor.py:840} INFO - DAG(s) 'example_setup_teardown' retrieved from /home/airflow/.local/lib/python3.8/site-packages/airflow/example_dags/example_setup_teardown.py
[2024-01-30T22:17:25.760+0000] {logging_mixin.py:188} INFO - [2024-01-30T22:17:25.760+0000] {dag.py:3036} INFO - Sync 1 DAGs
[2024-01-30T22:17:25.792+0000] {logging_mixin.py:188} INFO - [2024-01-30T22:17:25.791+0000] {dag.py:3823} INFO - Setting next_dagrun for example_setup_teardown to 2024-01-29 00:00:00+00:00, run_after=2024-01-30 00:00:00+00:00
[2024-01-30T22:17:25.974+0000] {processor.py:183} INFO - Processing /home/airflow/.local/lib/python3.8/site-packages/airflow/example_dags/example_setup_teardown.py took 0.265 seconds
[2024-01-30T22:17:56.697+0000] {processor.py:161} INFO - Started process (PID=2792) to work on /home/airflow/.local/lib/python3.8/site-packages/airflow/example_dags/example_setup_teardown.py
[2024-01-30T22:17:56.698+0000] {processor.py:830} INFO - Processing file /home/airflow/.local/lib/python3.8/site-packages/airflow/example_dags/example_setup_teardown.py for tasks to queue
[2024-01-30T22:17:56.700+0000] {logging_mixin.py:188} INFO - [2024-01-30T22:17:56.700+0000] {dagbag.py:538} INFO - Filling up the DagBag from /home/airflow/.local/lib/python3.8/site-packages/airflow/example_dags/example_setup_teardown.py
[2024-01-30T22:17:56.709+0000] {processor.py:840} INFO - DAG(s) 'example_setup_teardown' retrieved from /home/airflow/.local/lib/python3.8/site-packages/airflow/example_dags/example_setup_teardown.py
[2024-01-30T22:17:56.738+0000] {logging_mixin.py:188} INFO - [2024-01-30T22:17:56.737+0000] {dag.py:3036} INFO - Sync 1 DAGs
[2024-01-30T22:17:56.765+0000] {logging_mixin.py:188} INFO - [2024-01-30T22:17:56.764+0000] {dag.py:3823} INFO - Setting next_dagrun for example_setup_teardown to 2024-01-29 00:00:00+00:00, run_after=2024-01-30 00:00:00+00:00
[2024-01-30T22:17:56.796+0000] {processor.py:183} INFO - Processing /home/airflow/.local/lib/python3.8/site-packages/airflow/example_dags/example_setup_teardown.py took 0.102 seconds
[2024-01-30T22:18:27.018+0000] {processor.py:161} INFO - Started process (PID=2850) to work on /home/airflow/.local/lib/python3.8/site-packages/airflow/example_dags/example_setup_teardown.py
[2024-01-30T22:18:27.019+0000] {processor.py:830} INFO - Processing file /home/airflow/.local/lib/python3.8/site-packages/airflow/example_dags/example_setup_teardown.py for tasks to queue
[2024-01-30T22:18:27.020+0000] {logging_mixin.py:188} INFO - [2024-01-30T22:18:27.020+0000] {dagbag.py:538} INFO - Filling up the DagBag from /home/airflow/.local/lib/python3.8/site-packages/airflow/example_dags/example_setup_teardown.py
[2024-01-30T22:18:27.028+0000] {processor.py:840} INFO - DAG(s) 'example_setup_teardown' retrieved from /home/airflow/.local/lib/python3.8/site-packages/airflow/example_dags/example_setup_teardown.py
[2024-01-30T22:18:27.058+0000] {logging_mixin.py:188} INFO - [2024-01-30T22:18:27.057+0000] {dag.py:3036} INFO - Sync 1 DAGs
[2024-01-30T22:18:27.085+0000] {logging_mixin.py:188} INFO - [2024-01-30T22:18:27.085+0000] {dag.py:3823} INFO - Setting next_dagrun for example_setup_teardown to 2024-01-29 00:00:00+00:00, run_after=2024-01-30 00:00:00+00:00
[2024-01-30T22:18:27.117+0000] {processor.py:183} INFO - Processing /home/airflow/.local/lib/python3.8/site-packages/airflow/example_dags/example_setup_teardown.py took 0.103 seconds
[2024-01-30T22:18:57.459+0000] {processor.py:161} INFO - Started process (PID=2907) to work on /home/airflow/.local/lib/python3.8/site-packages/airflow/example_dags/example_setup_teardown.py
[2024-01-30T22:18:57.460+0000] {processor.py:830} INFO - Processing file /home/airflow/.local/lib/python3.8/site-packages/airflow/example_dags/example_setup_teardown.py for tasks to queue
[2024-01-30T22:18:57.462+0000] {logging_mixin.py:188} INFO - [2024-01-30T22:18:57.461+0000] {dagbag.py:538} INFO - Filling up the DagBag from /home/airflow/.local/lib/python3.8/site-packages/airflow/example_dags/example_setup_teardown.py
[2024-01-30T22:18:57.469+0000] {processor.py:840} INFO - DAG(s) 'example_setup_teardown' retrieved from /home/airflow/.local/lib/python3.8/site-packages/airflow/example_dags/example_setup_teardown.py
[2024-01-30T22:18:57.495+0000] {logging_mixin.py:188} INFO - [2024-01-30T22:18:57.494+0000] {dag.py:3036} INFO - Sync 1 DAGs
[2024-01-30T22:18:57.521+0000] {logging_mixin.py:188} INFO - [2024-01-30T22:18:57.521+0000] {dag.py:3823} INFO - Setting next_dagrun for example_setup_teardown to 2024-01-29 00:00:00+00:00, run_after=2024-01-30 00:00:00+00:00
[2024-01-30T22:18:57.552+0000] {processor.py:183} INFO - Processing /home/airflow/.local/lib/python3.8/site-packages/airflow/example_dags/example_setup_teardown.py took 0.096 seconds
[2024-01-30T22:19:29.254+0000] {processor.py:161} INFO - Started process (PID=2961) to work on /home/airflow/.local/lib/python3.8/site-packages/airflow/example_dags/example_setup_teardown.py
[2024-01-30T22:19:29.255+0000] {processor.py:830} INFO - Processing file /home/airflow/.local/lib/python3.8/site-packages/airflow/example_dags/example_setup_teardown.py for tasks to queue
[2024-01-30T22:19:29.257+0000] {logging_mixin.py:188} INFO - [2024-01-30T22:19:29.256+0000] {dagbag.py:538} INFO - Filling up the DagBag from /home/airflow/.local/lib/python3.8/site-packages/airflow/example_dags/example_setup_teardown.py
[2024-01-30T22:19:29.264+0000] {processor.py:840} INFO - DAG(s) 'example_setup_teardown' retrieved from /home/airflow/.local/lib/python3.8/site-packages/airflow/example_dags/example_setup_teardown.py
[2024-01-30T22:19:29.289+0000] {logging_mixin.py:188} INFO - [2024-01-30T22:19:29.289+0000] {dag.py:3036} INFO - Sync 1 DAGs
[2024-01-30T22:19:29.495+0000] {logging_mixin.py:188} INFO - [2024-01-30T22:19:29.494+0000] {dag.py:3823} INFO - Setting next_dagrun for example_setup_teardown to 2024-01-29 00:00:00+00:00, run_after=2024-01-30 00:00:00+00:00
[2024-01-30T22:19:29.529+0000] {processor.py:183} INFO - Processing /home/airflow/.local/lib/python3.8/site-packages/airflow/example_dags/example_setup_teardown.py took 0.278 seconds
[2024-01-30T22:19:59.581+0000] {processor.py:161} INFO - Started process (PID=3018) to work on /home/airflow/.local/lib/python3.8/site-packages/airflow/example_dags/example_setup_teardown.py
[2024-01-30T22:19:59.582+0000] {processor.py:830} INFO - Processing file /home/airflow/.local/lib/python3.8/site-packages/airflow/example_dags/example_setup_teardown.py for tasks to queue
[2024-01-30T22:19:59.584+0000] {logging_mixin.py:188} INFO - [2024-01-30T22:19:59.584+0000] {dagbag.py:538} INFO - Filling up the DagBag from /home/airflow/.local/lib/python3.8/site-packages/airflow/example_dags/example_setup_teardown.py
[2024-01-30T22:19:59.591+0000] {processor.py:840} INFO - DAG(s) 'example_setup_teardown' retrieved from /home/airflow/.local/lib/python3.8/site-packages/airflow/example_dags/example_setup_teardown.py
[2024-01-30T22:19:59.615+0000] {logging_mixin.py:188} INFO - [2024-01-30T22:19:59.615+0000] {dag.py:3036} INFO - Sync 1 DAGs
[2024-01-30T22:19:59.638+0000] {logging_mixin.py:188} INFO - [2024-01-30T22:19:59.637+0000] {dag.py:3823} INFO - Setting next_dagrun for example_setup_teardown to 2024-01-29 00:00:00+00:00, run_after=2024-01-30 00:00:00+00:00
[2024-01-30T22:19:59.663+0000] {processor.py:183} INFO - Processing /home/airflow/.local/lib/python3.8/site-packages/airflow/example_dags/example_setup_teardown.py took 0.085 seconds
[2024-01-30T22:20:30.199+0000] {processor.py:161} INFO - Started process (PID=3075) to work on /home/airflow/.local/lib/python3.8/site-packages/airflow/example_dags/example_setup_teardown.py
[2024-01-30T22:20:30.201+0000] {processor.py:830} INFO - Processing file /home/airflow/.local/lib/python3.8/site-packages/airflow/example_dags/example_setup_teardown.py for tasks to queue
[2024-01-30T22:20:30.202+0000] {logging_mixin.py:188} INFO - [2024-01-30T22:20:30.201+0000] {dagbag.py:538} INFO - Filling up the DagBag from /home/airflow/.local/lib/python3.8/site-packages/airflow/example_dags/example_setup_teardown.py
[2024-01-30T22:20:30.208+0000] {processor.py:840} INFO - DAG(s) 'example_setup_teardown' retrieved from /home/airflow/.local/lib/python3.8/site-packages/airflow/example_dags/example_setup_teardown.py
[2024-01-30T22:20:30.227+0000] {logging_mixin.py:188} INFO - [2024-01-30T22:20:30.226+0000] {dag.py:3036} INFO - Sync 1 DAGs
[2024-01-30T22:20:30.248+0000] {logging_mixin.py:188} INFO - [2024-01-30T22:20:30.247+0000] {dag.py:3823} INFO - Setting next_dagrun for example_setup_teardown to 2024-01-29 00:00:00+00:00, run_after=2024-01-30 00:00:00+00:00
[2024-01-30T22:20:30.271+0000] {processor.py:183} INFO - Processing /home/airflow/.local/lib/python3.8/site-packages/airflow/example_dags/example_setup_teardown.py took 0.074 seconds
[2024-01-30T22:21:00.415+0000] {processor.py:161} INFO - Started process (PID=3132) to work on /home/airflow/.local/lib/python3.8/site-packages/airflow/example_dags/example_setup_teardown.py
[2024-01-30T22:21:00.416+0000] {processor.py:830} INFO - Processing file /home/airflow/.local/lib/python3.8/site-packages/airflow/example_dags/example_setup_teardown.py for tasks to queue
[2024-01-30T22:21:00.418+0000] {logging_mixin.py:188} INFO - [2024-01-30T22:21:00.417+0000] {dagbag.py:538} INFO - Filling up the DagBag from /home/airflow/.local/lib/python3.8/site-packages/airflow/example_dags/example_setup_teardown.py
[2024-01-30T22:21:00.424+0000] {processor.py:840} INFO - DAG(s) 'example_setup_teardown' retrieved from /home/airflow/.local/lib/python3.8/site-packages/airflow/example_dags/example_setup_teardown.py
[2024-01-30T22:21:00.446+0000] {logging_mixin.py:188} INFO - [2024-01-30T22:21:00.445+0000] {dag.py:3036} INFO - Sync 1 DAGs
[2024-01-30T22:21:00.469+0000] {logging_mixin.py:188} INFO - [2024-01-30T22:21:00.469+0000] {dag.py:3823} INFO - Setting next_dagrun for example_setup_teardown to 2024-01-29 00:00:00+00:00, run_after=2024-01-30 00:00:00+00:00
[2024-01-30T22:21:00.502+0000] {processor.py:183} INFO - Processing /home/airflow/.local/lib/python3.8/site-packages/airflow/example_dags/example_setup_teardown.py took 0.090 seconds
[2024-01-30T22:21:31.077+0000] {processor.py:161} INFO - Started process (PID=3189) to work on /home/airflow/.local/lib/python3.8/site-packages/airflow/example_dags/example_setup_teardown.py
[2024-01-30T22:21:31.078+0000] {processor.py:830} INFO - Processing file /home/airflow/.local/lib/python3.8/site-packages/airflow/example_dags/example_setup_teardown.py for tasks to queue
[2024-01-30T22:21:31.079+0000] {logging_mixin.py:188} INFO - [2024-01-30T22:21:31.078+0000] {dagbag.py:538} INFO - Filling up the DagBag from /home/airflow/.local/lib/python3.8/site-packages/airflow/example_dags/example_setup_teardown.py
[2024-01-30T22:21:31.085+0000] {processor.py:840} INFO - DAG(s) 'example_setup_teardown' retrieved from /home/airflow/.local/lib/python3.8/site-packages/airflow/example_dags/example_setup_teardown.py
[2024-01-30T22:21:31.107+0000] {logging_mixin.py:188} INFO - [2024-01-30T22:21:31.106+0000] {dag.py:3036} INFO - Sync 1 DAGs
[2024-01-30T22:21:31.133+0000] {logging_mixin.py:188} INFO - [2024-01-30T22:21:31.132+0000] {dag.py:3823} INFO - Setting next_dagrun for example_setup_teardown to 2024-01-29 00:00:00+00:00, run_after=2024-01-30 00:00:00+00:00
[2024-01-30T22:21:31.156+0000] {processor.py:183} INFO - Processing /home/airflow/.local/lib/python3.8/site-packages/airflow/example_dags/example_setup_teardown.py took 0.082 seconds
[2024-01-30T22:22:01.781+0000] {processor.py:161} INFO - Started process (PID=3246) to work on /home/airflow/.local/lib/python3.8/site-packages/airflow/example_dags/example_setup_teardown.py
[2024-01-30T22:22:01.783+0000] {processor.py:830} INFO - Processing file /home/airflow/.local/lib/python3.8/site-packages/airflow/example_dags/example_setup_teardown.py for tasks to queue
[2024-01-30T22:22:01.785+0000] {logging_mixin.py:188} INFO - [2024-01-30T22:22:01.784+0000] {dagbag.py:538} INFO - Filling up the DagBag from /home/airflow/.local/lib/python3.8/site-packages/airflow/example_dags/example_setup_teardown.py
[2024-01-30T22:22:01.796+0000] {processor.py:840} INFO - DAG(s) 'example_setup_teardown' retrieved from /home/airflow/.local/lib/python3.8/site-packages/airflow/example_dags/example_setup_teardown.py
[2024-01-30T22:22:01.833+0000] {logging_mixin.py:188} INFO - [2024-01-30T22:22:01.833+0000] {dag.py:3036} INFO - Sync 1 DAGs
[2024-01-30T22:22:01.866+0000] {logging_mixin.py:188} INFO - [2024-01-30T22:22:01.866+0000] {dag.py:3823} INFO - Setting next_dagrun for example_setup_teardown to 2024-01-29 00:00:00+00:00, run_after=2024-01-30 00:00:00+00:00
[2024-01-30T22:22:01.895+0000] {processor.py:183} INFO - Processing /home/airflow/.local/lib/python3.8/site-packages/airflow/example_dags/example_setup_teardown.py took 0.118 seconds
[2024-01-30T22:22:32.049+0000] {processor.py:161} INFO - Started process (PID=3303) to work on /home/airflow/.local/lib/python3.8/site-packages/airflow/example_dags/example_setup_teardown.py
[2024-01-30T22:22:32.050+0000] {processor.py:830} INFO - Processing file /home/airflow/.local/lib/python3.8/site-packages/airflow/example_dags/example_setup_teardown.py for tasks to queue
[2024-01-30T22:22:32.052+0000] {logging_mixin.py:188} INFO - [2024-01-30T22:22:32.051+0000] {dagbag.py:538} INFO - Filling up the DagBag from /home/airflow/.local/lib/python3.8/site-packages/airflow/example_dags/example_setup_teardown.py
[2024-01-30T22:22:32.059+0000] {processor.py:840} INFO - DAG(s) 'example_setup_teardown' retrieved from /home/airflow/.local/lib/python3.8/site-packages/airflow/example_dags/example_setup_teardown.py
[2024-01-30T22:22:32.085+0000] {logging_mixin.py:188} INFO - [2024-01-30T22:22:32.085+0000] {dag.py:3036} INFO - Sync 1 DAGs
[2024-01-30T22:22:32.112+0000] {logging_mixin.py:188} INFO - [2024-01-30T22:22:32.112+0000] {dag.py:3823} INFO - Setting next_dagrun for example_setup_teardown to 2024-01-29 00:00:00+00:00, run_after=2024-01-30 00:00:00+00:00
[2024-01-30T22:22:32.138+0000] {processor.py:183} INFO - Processing /home/airflow/.local/lib/python3.8/site-packages/airflow/example_dags/example_setup_teardown.py took 0.092 seconds
[2024-01-30T22:23:02.493+0000] {processor.py:161} INFO - Started process (PID=3360) to work on /home/airflow/.local/lib/python3.8/site-packages/airflow/example_dags/example_setup_teardown.py
[2024-01-30T22:23:02.494+0000] {processor.py:830} INFO - Processing file /home/airflow/.local/lib/python3.8/site-packages/airflow/example_dags/example_setup_teardown.py for tasks to queue
[2024-01-30T22:23:02.495+0000] {logging_mixin.py:188} INFO - [2024-01-30T22:23:02.495+0000] {dagbag.py:538} INFO - Filling up the DagBag from /home/airflow/.local/lib/python3.8/site-packages/airflow/example_dags/example_setup_teardown.py
[2024-01-30T22:23:02.502+0000] {processor.py:840} INFO - DAG(s) 'example_setup_teardown' retrieved from /home/airflow/.local/lib/python3.8/site-packages/airflow/example_dags/example_setup_teardown.py
[2024-01-30T22:23:02.524+0000] {logging_mixin.py:188} INFO - [2024-01-30T22:23:02.523+0000] {dag.py:3036} INFO - Sync 1 DAGs
[2024-01-30T22:23:02.545+0000] {logging_mixin.py:188} INFO - [2024-01-30T22:23:02.545+0000] {dag.py:3823} INFO - Setting next_dagrun for example_setup_teardown to 2024-01-29 00:00:00+00:00, run_after=2024-01-30 00:00:00+00:00
[2024-01-30T22:23:02.571+0000] {processor.py:183} INFO - Processing /home/airflow/.local/lib/python3.8/site-packages/airflow/example_dags/example_setup_teardown.py took 0.081 seconds
