[2024-01-30T21:53:05.028+0000] {processor.py:161} INFO - Started process (PID=38) to work on /home/airflow/.local/lib/python3.8/site-packages/airflow/example_dags/example_kubernetes_executor.py
[2024-01-30T21:53:05.030+0000] {processor.py:830} INFO - Processing file /home/airflow/.local/lib/python3.8/site-packages/airflow/example_dags/example_kubernetes_executor.py for tasks to queue
[2024-01-30T21:53:05.034+0000] {logging_mixin.py:188} INFO - [2024-01-30T21:53:05.033+0000] {dagbag.py:538} INFO - Filling up the DagBag from /home/airflow/.local/lib/python3.8/site-packages/airflow/example_dags/example_kubernetes_executor.py
[2024-01-30T21:53:05.057+0000] {processor.py:840} INFO - DAG(s) 'example_kubernetes_executor' retrieved from /home/airflow/.local/lib/python3.8/site-packages/airflow/example_dags/example_kubernetes_executor.py
[2024-01-30T21:53:05.260+0000] {logging_mixin.py:188} INFO - [2024-01-30T21:53:05.259+0000] {dag.py:3036} INFO - Sync 1 DAGs
[2024-01-30T21:53:05.275+0000] {logging_mixin.py:188} INFO - [2024-01-30T21:53:05.275+0000] {dag.py:3823} INFO - Setting next_dagrun for example_kubernetes_executor to None, run_after=None
[2024-01-30T21:53:05.372+0000] {processor.py:183} INFO - Processing /home/airflow/.local/lib/python3.8/site-packages/airflow/example_dags/example_kubernetes_executor.py took 0.353 seconds
[2024-01-30T21:53:36.060+0000] {processor.py:161} INFO - Started process (PID=93) to work on /home/airflow/.local/lib/python3.8/site-packages/airflow/example_dags/example_kubernetes_executor.py
[2024-01-30T21:53:36.062+0000] {processor.py:830} INFO - Processing file /home/airflow/.local/lib/python3.8/site-packages/airflow/example_dags/example_kubernetes_executor.py for tasks to queue
[2024-01-30T21:53:36.064+0000] {logging_mixin.py:188} INFO - [2024-01-30T21:53:36.064+0000] {dagbag.py:538} INFO - Filling up the DagBag from /home/airflow/.local/lib/python3.8/site-packages/airflow/example_dags/example_kubernetes_executor.py
[2024-01-30T21:53:36.081+0000] {processor.py:840} INFO - DAG(s) 'example_kubernetes_executor' retrieved from /home/airflow/.local/lib/python3.8/site-packages/airflow/example_dags/example_kubernetes_executor.py
[2024-01-30T21:53:36.149+0000] {logging_mixin.py:188} INFO - [2024-01-30T21:53:36.149+0000] {dag.py:3036} INFO - Sync 1 DAGs
[2024-01-30T21:53:36.166+0000] {logging_mixin.py:188} INFO - [2024-01-30T21:53:36.165+0000] {dag.py:3823} INFO - Setting next_dagrun for example_kubernetes_executor to None, run_after=None
[2024-01-30T21:53:36.197+0000] {processor.py:183} INFO - Processing /home/airflow/.local/lib/python3.8/site-packages/airflow/example_dags/example_kubernetes_executor.py took 0.140 seconds
[2024-01-30T21:54:06.476+0000] {processor.py:161} INFO - Started process (PID=148) to work on /home/airflow/.local/lib/python3.8/site-packages/airflow/example_dags/example_kubernetes_executor.py
[2024-01-30T21:54:06.489+0000] {processor.py:830} INFO - Processing file /home/airflow/.local/lib/python3.8/site-packages/airflow/example_dags/example_kubernetes_executor.py for tasks to queue
[2024-01-30T21:54:06.491+0000] {logging_mixin.py:188} INFO - [2024-01-30T21:54:06.490+0000] {dagbag.py:538} INFO - Filling up the DagBag from /home/airflow/.local/lib/python3.8/site-packages/airflow/example_dags/example_kubernetes_executor.py
[2024-01-30T21:54:06.506+0000] {processor.py:840} INFO - DAG(s) 'example_kubernetes_executor' retrieved from /home/airflow/.local/lib/python3.8/site-packages/airflow/example_dags/example_kubernetes_executor.py
[2024-01-30T21:54:06.552+0000] {logging_mixin.py:188} INFO - [2024-01-30T21:54:06.551+0000] {dag.py:3036} INFO - Sync 1 DAGs
[2024-01-30T21:54:06.567+0000] {logging_mixin.py:188} INFO - [2024-01-30T21:54:06.566+0000] {dag.py:3823} INFO - Setting next_dagrun for example_kubernetes_executor to None, run_after=None
[2024-01-30T21:54:06.599+0000] {processor.py:183} INFO - Processing /home/airflow/.local/lib/python3.8/site-packages/airflow/example_dags/example_kubernetes_executor.py took 0.126 seconds
[2024-01-30T21:54:37.092+0000] {processor.py:161} INFO - Started process (PID=203) to work on /home/airflow/.local/lib/python3.8/site-packages/airflow/example_dags/example_kubernetes_executor.py
[2024-01-30T21:54:37.094+0000] {processor.py:830} INFO - Processing file /home/airflow/.local/lib/python3.8/site-packages/airflow/example_dags/example_kubernetes_executor.py for tasks to queue
[2024-01-30T21:54:37.096+0000] {logging_mixin.py:188} INFO - [2024-01-30T21:54:37.096+0000] {dagbag.py:538} INFO - Filling up the DagBag from /home/airflow/.local/lib/python3.8/site-packages/airflow/example_dags/example_kubernetes_executor.py
[2024-01-30T21:54:37.118+0000] {processor.py:840} INFO - DAG(s) 'example_kubernetes_executor' retrieved from /home/airflow/.local/lib/python3.8/site-packages/airflow/example_dags/example_kubernetes_executor.py
[2024-01-30T21:54:37.172+0000] {logging_mixin.py:188} INFO - [2024-01-30T21:54:37.172+0000] {dag.py:3036} INFO - Sync 1 DAGs
[2024-01-30T21:54:37.192+0000] {logging_mixin.py:188} INFO - [2024-01-30T21:54:37.191+0000] {dag.py:3823} INFO - Setting next_dagrun for example_kubernetes_executor to None, run_after=None
[2024-01-30T21:54:37.243+0000] {processor.py:183} INFO - Processing /home/airflow/.local/lib/python3.8/site-packages/airflow/example_dags/example_kubernetes_executor.py took 0.154 seconds
[2024-01-30T21:55:07.599+0000] {processor.py:161} INFO - Started process (PID=258) to work on /home/airflow/.local/lib/python3.8/site-packages/airflow/example_dags/example_kubernetes_executor.py
[2024-01-30T21:55:07.600+0000] {processor.py:830} INFO - Processing file /home/airflow/.local/lib/python3.8/site-packages/airflow/example_dags/example_kubernetes_executor.py for tasks to queue
[2024-01-30T21:55:07.602+0000] {logging_mixin.py:188} INFO - [2024-01-30T21:55:07.602+0000] {dagbag.py:538} INFO - Filling up the DagBag from /home/airflow/.local/lib/python3.8/site-packages/airflow/example_dags/example_kubernetes_executor.py
[2024-01-30T21:55:07.620+0000] {processor.py:840} INFO - DAG(s) 'example_kubernetes_executor' retrieved from /home/airflow/.local/lib/python3.8/site-packages/airflow/example_dags/example_kubernetes_executor.py
[2024-01-30T21:55:07.673+0000] {logging_mixin.py:188} INFO - [2024-01-30T21:55:07.673+0000] {dag.py:3036} INFO - Sync 1 DAGs
[2024-01-30T21:55:07.690+0000] {logging_mixin.py:188} INFO - [2024-01-30T21:55:07.690+0000] {dag.py:3823} INFO - Setting next_dagrun for example_kubernetes_executor to None, run_after=None
[2024-01-30T21:55:07.718+0000] {processor.py:183} INFO - Processing /home/airflow/.local/lib/python3.8/site-packages/airflow/example_dags/example_kubernetes_executor.py took 0.123 seconds
[2024-01-30T21:55:38.321+0000] {processor.py:161} INFO - Started process (PID=311) to work on /home/airflow/.local/lib/python3.8/site-packages/airflow/example_dags/example_kubernetes_executor.py
[2024-01-30T21:55:38.323+0000] {processor.py:830} INFO - Processing file /home/airflow/.local/lib/python3.8/site-packages/airflow/example_dags/example_kubernetes_executor.py for tasks to queue
[2024-01-30T21:55:38.326+0000] {logging_mixin.py:188} INFO - [2024-01-30T21:55:38.325+0000] {dagbag.py:538} INFO - Filling up the DagBag from /home/airflow/.local/lib/python3.8/site-packages/airflow/example_dags/example_kubernetes_executor.py
[2024-01-30T21:55:38.348+0000] {processor.py:840} INFO - DAG(s) 'example_kubernetes_executor' retrieved from /home/airflow/.local/lib/python3.8/site-packages/airflow/example_dags/example_kubernetes_executor.py
[2024-01-30T21:55:38.414+0000] {logging_mixin.py:188} INFO - [2024-01-30T21:55:38.413+0000] {dag.py:3036} INFO - Sync 1 DAGs
[2024-01-30T21:55:38.435+0000] {logging_mixin.py:188} INFO - [2024-01-30T21:55:38.435+0000] {dag.py:3823} INFO - Setting next_dagrun for example_kubernetes_executor to None, run_after=None
[2024-01-30T21:55:38.480+0000] {processor.py:183} INFO - Processing /home/airflow/.local/lib/python3.8/site-packages/airflow/example_dags/example_kubernetes_executor.py took 0.163 seconds
[2024-01-30T21:56:08.534+0000] {processor.py:161} INFO - Started process (PID=366) to work on /home/airflow/.local/lib/python3.8/site-packages/airflow/example_dags/example_kubernetes_executor.py
[2024-01-30T21:56:08.536+0000] {processor.py:830} INFO - Processing file /home/airflow/.local/lib/python3.8/site-packages/airflow/example_dags/example_kubernetes_executor.py for tasks to queue
[2024-01-30T21:56:08.538+0000] {logging_mixin.py:188} INFO - [2024-01-30T21:56:08.538+0000] {dagbag.py:538} INFO - Filling up the DagBag from /home/airflow/.local/lib/python3.8/site-packages/airflow/example_dags/example_kubernetes_executor.py
[2024-01-30T21:56:08.552+0000] {processor.py:840} INFO - DAG(s) 'example_kubernetes_executor' retrieved from /home/airflow/.local/lib/python3.8/site-packages/airflow/example_dags/example_kubernetes_executor.py
[2024-01-30T21:56:08.595+0000] {logging_mixin.py:188} INFO - [2024-01-30T21:56:08.594+0000] {dag.py:3036} INFO - Sync 1 DAGs
[2024-01-30T21:56:08.611+0000] {logging_mixin.py:188} INFO - [2024-01-30T21:56:08.611+0000] {dag.py:3823} INFO - Setting next_dagrun for example_kubernetes_executor to None, run_after=None
[2024-01-30T21:56:08.634+0000] {processor.py:183} INFO - Processing /home/airflow/.local/lib/python3.8/site-packages/airflow/example_dags/example_kubernetes_executor.py took 0.102 seconds
[2024-01-30T21:56:38.902+0000] {processor.py:161} INFO - Started process (PID=421) to work on /home/airflow/.local/lib/python3.8/site-packages/airflow/example_dags/example_kubernetes_executor.py
[2024-01-30T21:56:38.904+0000] {processor.py:830} INFO - Processing file /home/airflow/.local/lib/python3.8/site-packages/airflow/example_dags/example_kubernetes_executor.py for tasks to queue
[2024-01-30T21:56:38.906+0000] {logging_mixin.py:188} INFO - [2024-01-30T21:56:38.906+0000] {dagbag.py:538} INFO - Filling up the DagBag from /home/airflow/.local/lib/python3.8/site-packages/airflow/example_dags/example_kubernetes_executor.py
[2024-01-30T21:56:38.919+0000] {processor.py:840} INFO - DAG(s) 'example_kubernetes_executor' retrieved from /home/airflow/.local/lib/python3.8/site-packages/airflow/example_dags/example_kubernetes_executor.py
[2024-01-30T21:56:38.960+0000] {logging_mixin.py:188} INFO - [2024-01-30T21:56:38.960+0000] {dag.py:3036} INFO - Sync 1 DAGs
[2024-01-30T21:56:38.974+0000] {logging_mixin.py:188} INFO - [2024-01-30T21:56:38.974+0000] {dag.py:3823} INFO - Setting next_dagrun for example_kubernetes_executor to None, run_after=None
[2024-01-30T21:56:39.006+0000] {processor.py:183} INFO - Processing /home/airflow/.local/lib/python3.8/site-packages/airflow/example_dags/example_kubernetes_executor.py took 0.107 seconds
[2024-01-30T21:57:09.925+0000] {processor.py:161} INFO - Started process (PID=476) to work on /home/airflow/.local/lib/python3.8/site-packages/airflow/example_dags/example_kubernetes_executor.py
[2024-01-30T21:57:09.927+0000] {processor.py:830} INFO - Processing file /home/airflow/.local/lib/python3.8/site-packages/airflow/example_dags/example_kubernetes_executor.py for tasks to queue
[2024-01-30T21:57:09.929+0000] {logging_mixin.py:188} INFO - [2024-01-30T21:57:09.929+0000] {dagbag.py:538} INFO - Filling up the DagBag from /home/airflow/.local/lib/python3.8/site-packages/airflow/example_dags/example_kubernetes_executor.py
[2024-01-30T21:57:09.944+0000] {processor.py:840} INFO - DAG(s) 'example_kubernetes_executor' retrieved from /home/airflow/.local/lib/python3.8/site-packages/airflow/example_dags/example_kubernetes_executor.py
[2024-01-30T21:57:10.000+0000] {logging_mixin.py:188} INFO - [2024-01-30T21:57:10.000+0000] {dag.py:3036} INFO - Sync 1 DAGs
[2024-01-30T21:57:10.015+0000] {logging_mixin.py:188} INFO - [2024-01-30T21:57:10.015+0000] {dag.py:3823} INFO - Setting next_dagrun for example_kubernetes_executor to None, run_after=None
[2024-01-30T21:57:10.050+0000] {processor.py:183} INFO - Processing /home/airflow/.local/lib/python3.8/site-packages/airflow/example_dags/example_kubernetes_executor.py took 0.128 seconds
[2024-01-30T21:57:40.363+0000] {processor.py:161} INFO - Started process (PID=531) to work on /home/airflow/.local/lib/python3.8/site-packages/airflow/example_dags/example_kubernetes_executor.py
[2024-01-30T21:57:40.365+0000] {processor.py:830} INFO - Processing file /home/airflow/.local/lib/python3.8/site-packages/airflow/example_dags/example_kubernetes_executor.py for tasks to queue
[2024-01-30T21:57:40.367+0000] {logging_mixin.py:188} INFO - [2024-01-30T21:57:40.367+0000] {dagbag.py:538} INFO - Filling up the DagBag from /home/airflow/.local/lib/python3.8/site-packages/airflow/example_dags/example_kubernetes_executor.py
[2024-01-30T21:57:40.380+0000] {processor.py:840} INFO - DAG(s) 'example_kubernetes_executor' retrieved from /home/airflow/.local/lib/python3.8/site-packages/airflow/example_dags/example_kubernetes_executor.py
[2024-01-30T21:57:40.425+0000] {logging_mixin.py:188} INFO - [2024-01-30T21:57:40.424+0000] {dag.py:3036} INFO - Sync 1 DAGs
[2024-01-30T21:57:40.439+0000] {logging_mixin.py:188} INFO - [2024-01-30T21:57:40.439+0000] {dag.py:3823} INFO - Setting next_dagrun for example_kubernetes_executor to None, run_after=None
[2024-01-30T21:57:40.503+0000] {processor.py:183} INFO - Processing /home/airflow/.local/lib/python3.8/site-packages/airflow/example_dags/example_kubernetes_executor.py took 0.143 seconds
[2024-01-30T21:58:12.178+0000] {processor.py:161} INFO - Started process (PID=587) to work on /home/airflow/.local/lib/python3.8/site-packages/airflow/example_dags/example_kubernetes_executor.py
[2024-01-30T21:58:12.179+0000] {processor.py:830} INFO - Processing file /home/airflow/.local/lib/python3.8/site-packages/airflow/example_dags/example_kubernetes_executor.py for tasks to queue
[2024-01-30T21:58:12.180+0000] {logging_mixin.py:188} INFO - [2024-01-30T21:58:12.180+0000] {dagbag.py:538} INFO - Filling up the DagBag from /home/airflow/.local/lib/python3.8/site-packages/airflow/example_dags/example_kubernetes_executor.py
[2024-01-30T21:58:12.200+0000] {processor.py:840} INFO - DAG(s) 'example_kubernetes_executor' retrieved from /home/airflow/.local/lib/python3.8/site-packages/airflow/example_dags/example_kubernetes_executor.py
[2024-01-30T21:58:12.254+0000] {logging_mixin.py:188} INFO - [2024-01-30T21:58:12.253+0000] {dag.py:3036} INFO - Sync 1 DAGs
[2024-01-30T21:58:12.270+0000] {logging_mixin.py:188} INFO - [2024-01-30T21:58:12.269+0000] {dag.py:3823} INFO - Setting next_dagrun for example_kubernetes_executor to None, run_after=None
[2024-01-30T21:58:12.302+0000] {processor.py:183} INFO - Processing /home/airflow/.local/lib/python3.8/site-packages/airflow/example_dags/example_kubernetes_executor.py took 0.127 seconds
[2024-01-30T21:58:43.346+0000] {processor.py:161} INFO - Started process (PID=641) to work on /home/airflow/.local/lib/python3.8/site-packages/airflow/example_dags/example_kubernetes_executor.py
[2024-01-30T21:58:43.348+0000] {processor.py:830} INFO - Processing file /home/airflow/.local/lib/python3.8/site-packages/airflow/example_dags/example_kubernetes_executor.py for tasks to queue
[2024-01-30T21:58:43.349+0000] {logging_mixin.py:188} INFO - [2024-01-30T21:58:43.349+0000] {dagbag.py:538} INFO - Filling up the DagBag from /home/airflow/.local/lib/python3.8/site-packages/airflow/example_dags/example_kubernetes_executor.py
[2024-01-30T21:58:43.368+0000] {processor.py:840} INFO - DAG(s) 'example_kubernetes_executor' retrieved from /home/airflow/.local/lib/python3.8/site-packages/airflow/example_dags/example_kubernetes_executor.py
[2024-01-30T21:58:43.426+0000] {logging_mixin.py:188} INFO - [2024-01-30T21:58:43.426+0000] {dag.py:3036} INFO - Sync 1 DAGs
[2024-01-30T21:58:43.446+0000] {logging_mixin.py:188} INFO - [2024-01-30T21:58:43.445+0000] {dag.py:3823} INFO - Setting next_dagrun for example_kubernetes_executor to None, run_after=None
[2024-01-30T21:58:43.583+0000] {processor.py:183} INFO - Processing /home/airflow/.local/lib/python3.8/site-packages/airflow/example_dags/example_kubernetes_executor.py took 0.240 seconds
[2024-01-30T21:59:13.790+0000] {processor.py:161} INFO - Started process (PID=700) to work on /home/airflow/.local/lib/python3.8/site-packages/airflow/example_dags/example_kubernetes_executor.py
[2024-01-30T21:59:13.791+0000] {processor.py:830} INFO - Processing file /home/airflow/.local/lib/python3.8/site-packages/airflow/example_dags/example_kubernetes_executor.py for tasks to queue
[2024-01-30T21:59:13.793+0000] {logging_mixin.py:188} INFO - [2024-01-30T21:59:13.792+0000] {dagbag.py:538} INFO - Filling up the DagBag from /home/airflow/.local/lib/python3.8/site-packages/airflow/example_dags/example_kubernetes_executor.py
[2024-01-30T21:59:13.809+0000] {processor.py:840} INFO - DAG(s) 'example_kubernetes_executor' retrieved from /home/airflow/.local/lib/python3.8/site-packages/airflow/example_dags/example_kubernetes_executor.py
[2024-01-30T21:59:13.853+0000] {logging_mixin.py:188} INFO - [2024-01-30T21:59:13.853+0000] {dag.py:3036} INFO - Sync 1 DAGs
[2024-01-30T21:59:13.867+0000] {logging_mixin.py:188} INFO - [2024-01-30T21:59:13.867+0000] {dag.py:3823} INFO - Setting next_dagrun for example_kubernetes_executor to None, run_after=None
[2024-01-30T21:59:13.894+0000] {processor.py:183} INFO - Processing /home/airflow/.local/lib/python3.8/site-packages/airflow/example_dags/example_kubernetes_executor.py took 0.107 seconds
[2024-01-30T21:59:43.994+0000] {processor.py:161} INFO - Started process (PID=755) to work on /home/airflow/.local/lib/python3.8/site-packages/airflow/example_dags/example_kubernetes_executor.py
[2024-01-30T21:59:43.995+0000] {processor.py:830} INFO - Processing file /home/airflow/.local/lib/python3.8/site-packages/airflow/example_dags/example_kubernetes_executor.py for tasks to queue
[2024-01-30T21:59:43.997+0000] {logging_mixin.py:188} INFO - [2024-01-30T21:59:43.997+0000] {dagbag.py:538} INFO - Filling up the DagBag from /home/airflow/.local/lib/python3.8/site-packages/airflow/example_dags/example_kubernetes_executor.py
[2024-01-30T21:59:44.010+0000] {processor.py:840} INFO - DAG(s) 'example_kubernetes_executor' retrieved from /home/airflow/.local/lib/python3.8/site-packages/airflow/example_dags/example_kubernetes_executor.py
[2024-01-30T21:59:44.054+0000] {logging_mixin.py:188} INFO - [2024-01-30T21:59:44.054+0000] {dag.py:3036} INFO - Sync 1 DAGs
[2024-01-30T21:59:44.067+0000] {logging_mixin.py:188} INFO - [2024-01-30T21:59:44.067+0000] {dag.py:3823} INFO - Setting next_dagrun for example_kubernetes_executor to None, run_after=None
[2024-01-30T21:59:44.094+0000] {processor.py:183} INFO - Processing /home/airflow/.local/lib/python3.8/site-packages/airflow/example_dags/example_kubernetes_executor.py took 0.103 seconds
[2024-01-30T22:00:14.296+0000] {processor.py:161} INFO - Started process (PID=816) to work on /home/airflow/.local/lib/python3.8/site-packages/airflow/example_dags/example_kubernetes_executor.py
[2024-01-30T22:00:14.298+0000] {processor.py:830} INFO - Processing file /home/airflow/.local/lib/python3.8/site-packages/airflow/example_dags/example_kubernetes_executor.py for tasks to queue
[2024-01-30T22:00:14.300+0000] {logging_mixin.py:188} INFO - [2024-01-30T22:00:14.299+0000] {dagbag.py:538} INFO - Filling up the DagBag from /home/airflow/.local/lib/python3.8/site-packages/airflow/example_dags/example_kubernetes_executor.py
[2024-01-30T22:00:14.321+0000] {processor.py:840} INFO - DAG(s) 'example_kubernetes_executor' retrieved from /home/airflow/.local/lib/python3.8/site-packages/airflow/example_dags/example_kubernetes_executor.py
[2024-01-30T22:00:14.374+0000] {logging_mixin.py:188} INFO - [2024-01-30T22:00:14.374+0000] {dag.py:3036} INFO - Sync 1 DAGs
[2024-01-30T22:00:14.394+0000] {logging_mixin.py:188} INFO - [2024-01-30T22:00:14.393+0000] {dag.py:3823} INFO - Setting next_dagrun for example_kubernetes_executor to None, run_after=None
[2024-01-30T22:00:14.437+0000] {processor.py:183} INFO - Processing /home/airflow/.local/lib/python3.8/site-packages/airflow/example_dags/example_kubernetes_executor.py took 0.146 seconds
[2024-01-30T22:00:45.269+0000] {processor.py:161} INFO - Started process (PID=881) to work on /home/airflow/.local/lib/python3.8/site-packages/airflow/example_dags/example_kubernetes_executor.py
[2024-01-30T22:00:45.270+0000] {processor.py:830} INFO - Processing file /home/airflow/.local/lib/python3.8/site-packages/airflow/example_dags/example_kubernetes_executor.py for tasks to queue
[2024-01-30T22:00:45.271+0000] {logging_mixin.py:188} INFO - [2024-01-30T22:00:45.271+0000] {dagbag.py:538} INFO - Filling up the DagBag from /home/airflow/.local/lib/python3.8/site-packages/airflow/example_dags/example_kubernetes_executor.py
[2024-01-30T22:00:45.285+0000] {processor.py:840} INFO - DAG(s) 'example_kubernetes_executor' retrieved from /home/airflow/.local/lib/python3.8/site-packages/airflow/example_dags/example_kubernetes_executor.py
[2024-01-30T22:00:45.327+0000] {logging_mixin.py:188} INFO - [2024-01-30T22:00:45.327+0000] {dag.py:3036} INFO - Sync 1 DAGs
[2024-01-30T22:00:45.339+0000] {logging_mixin.py:188} INFO - [2024-01-30T22:00:45.339+0000] {dag.py:3823} INFO - Setting next_dagrun for example_kubernetes_executor to None, run_after=None
[2024-01-30T22:00:45.369+0000] {processor.py:183} INFO - Processing /home/airflow/.local/lib/python3.8/site-packages/airflow/example_dags/example_kubernetes_executor.py took 0.103 seconds
[2024-01-30T22:01:15.856+0000] {processor.py:161} INFO - Started process (PID=938) to work on /home/airflow/.local/lib/python3.8/site-packages/airflow/example_dags/example_kubernetes_executor.py
[2024-01-30T22:01:15.857+0000] {processor.py:830} INFO - Processing file /home/airflow/.local/lib/python3.8/site-packages/airflow/example_dags/example_kubernetes_executor.py for tasks to queue
[2024-01-30T22:01:15.859+0000] {logging_mixin.py:188} INFO - [2024-01-30T22:01:15.858+0000] {dagbag.py:538} INFO - Filling up the DagBag from /home/airflow/.local/lib/python3.8/site-packages/airflow/example_dags/example_kubernetes_executor.py
[2024-01-30T22:01:15.982+0000] {processor.py:840} INFO - DAG(s) 'example_kubernetes_executor' retrieved from /home/airflow/.local/lib/python3.8/site-packages/airflow/example_dags/example_kubernetes_executor.py
[2024-01-30T22:01:16.365+0000] {logging_mixin.py:188} INFO - [2024-01-30T22:01:16.364+0000] {dag.py:3036} INFO - Sync 1 DAGs
[2024-01-30T22:01:16.477+0000] {logging_mixin.py:188} INFO - [2024-01-30T22:01:16.476+0000] {dag.py:3823} INFO - Setting next_dagrun for example_kubernetes_executor to None, run_after=None
[2024-01-30T22:01:16.564+0000] {processor.py:183} INFO - Processing /home/airflow/.local/lib/python3.8/site-packages/airflow/example_dags/example_kubernetes_executor.py took 0.762 seconds
[2024-01-30T22:01:46.686+0000] {processor.py:161} INFO - Started process (PID=995) to work on /home/airflow/.local/lib/python3.8/site-packages/airflow/example_dags/example_kubernetes_executor.py
[2024-01-30T22:01:46.688+0000] {processor.py:830} INFO - Processing file /home/airflow/.local/lib/python3.8/site-packages/airflow/example_dags/example_kubernetes_executor.py for tasks to queue
[2024-01-30T22:01:46.689+0000] {logging_mixin.py:188} INFO - [2024-01-30T22:01:46.689+0000] {dagbag.py:538} INFO - Filling up the DagBag from /home/airflow/.local/lib/python3.8/site-packages/airflow/example_dags/example_kubernetes_executor.py
[2024-01-30T22:01:46.710+0000] {processor.py:840} INFO - DAG(s) 'example_kubernetes_executor' retrieved from /home/airflow/.local/lib/python3.8/site-packages/airflow/example_dags/example_kubernetes_executor.py
[2024-01-30T22:01:46.759+0000] {logging_mixin.py:188} INFO - [2024-01-30T22:01:46.758+0000] {dag.py:3036} INFO - Sync 1 DAGs
[2024-01-30T22:01:46.773+0000] {logging_mixin.py:188} INFO - [2024-01-30T22:01:46.773+0000] {dag.py:3823} INFO - Setting next_dagrun for example_kubernetes_executor to None, run_after=None
[2024-01-30T22:01:46.809+0000] {processor.py:183} INFO - Processing /home/airflow/.local/lib/python3.8/site-packages/airflow/example_dags/example_kubernetes_executor.py took 0.127 seconds
[2024-01-30T22:02:17.358+0000] {processor.py:161} INFO - Started process (PID=1052) to work on /home/airflow/.local/lib/python3.8/site-packages/airflow/example_dags/example_kubernetes_executor.py
[2024-01-30T22:02:17.359+0000] {processor.py:830} INFO - Processing file /home/airflow/.local/lib/python3.8/site-packages/airflow/example_dags/example_kubernetes_executor.py for tasks to queue
[2024-01-30T22:02:17.360+0000] {logging_mixin.py:188} INFO - [2024-01-30T22:02:17.360+0000] {dagbag.py:538} INFO - Filling up the DagBag from /home/airflow/.local/lib/python3.8/site-packages/airflow/example_dags/example_kubernetes_executor.py
[2024-01-30T22:02:17.373+0000] {processor.py:840} INFO - DAG(s) 'example_kubernetes_executor' retrieved from /home/airflow/.local/lib/python3.8/site-packages/airflow/example_dags/example_kubernetes_executor.py
[2024-01-30T22:02:17.418+0000] {logging_mixin.py:188} INFO - [2024-01-30T22:02:17.417+0000] {dag.py:3036} INFO - Sync 1 DAGs
[2024-01-30T22:02:17.431+0000] {logging_mixin.py:188} INFO - [2024-01-30T22:02:17.431+0000] {dag.py:3823} INFO - Setting next_dagrun for example_kubernetes_executor to None, run_after=None
[2024-01-30T22:02:17.459+0000] {processor.py:183} INFO - Processing /home/airflow/.local/lib/python3.8/site-packages/airflow/example_dags/example_kubernetes_executor.py took 0.104 seconds
[2024-01-30T22:02:49.447+0000] {processor.py:161} INFO - Started process (PID=1102) to work on /home/airflow/.local/lib/python3.8/site-packages/airflow/example_dags/example_kubernetes_executor.py
[2024-01-30T22:02:49.449+0000] {processor.py:830} INFO - Processing file /home/airflow/.local/lib/python3.8/site-packages/airflow/example_dags/example_kubernetes_executor.py for tasks to queue
[2024-01-30T22:02:49.451+0000] {logging_mixin.py:188} INFO - [2024-01-30T22:02:49.450+0000] {dagbag.py:538} INFO - Filling up the DagBag from /home/airflow/.local/lib/python3.8/site-packages/airflow/example_dags/example_kubernetes_executor.py
[2024-01-30T22:02:49.471+0000] {processor.py:840} INFO - DAG(s) 'example_kubernetes_executor' retrieved from /home/airflow/.local/lib/python3.8/site-packages/airflow/example_dags/example_kubernetes_executor.py
[2024-01-30T22:02:49.535+0000] {logging_mixin.py:188} INFO - [2024-01-30T22:02:49.535+0000] {dag.py:3036} INFO - Sync 1 DAGs
[2024-01-30T22:02:49.554+0000] {logging_mixin.py:188} INFO - [2024-01-30T22:02:49.553+0000] {dag.py:3823} INFO - Setting next_dagrun for example_kubernetes_executor to None, run_after=None
[2024-01-30T22:02:49.587+0000] {processor.py:183} INFO - Processing /home/airflow/.local/lib/python3.8/site-packages/airflow/example_dags/example_kubernetes_executor.py took 0.147 seconds
[2024-01-30T22:03:20.678+0000] {processor.py:161} INFO - Started process (PID=1159) to work on /home/airflow/.local/lib/python3.8/site-packages/airflow/example_dags/example_kubernetes_executor.py
[2024-01-30T22:03:20.679+0000] {processor.py:830} INFO - Processing file /home/airflow/.local/lib/python3.8/site-packages/airflow/example_dags/example_kubernetes_executor.py for tasks to queue
[2024-01-30T22:03:20.681+0000] {logging_mixin.py:188} INFO - [2024-01-30T22:03:20.680+0000] {dagbag.py:538} INFO - Filling up the DagBag from /home/airflow/.local/lib/python3.8/site-packages/airflow/example_dags/example_kubernetes_executor.py
[2024-01-30T22:03:20.698+0000] {processor.py:840} INFO - DAG(s) 'example_kubernetes_executor' retrieved from /home/airflow/.local/lib/python3.8/site-packages/airflow/example_dags/example_kubernetes_executor.py
[2024-01-30T22:03:20.754+0000] {logging_mixin.py:188} INFO - [2024-01-30T22:03:20.753+0000] {dag.py:3036} INFO - Sync 1 DAGs
[2024-01-30T22:03:20.772+0000] {logging_mixin.py:188} INFO - [2024-01-30T22:03:20.772+0000] {dag.py:3823} INFO - Setting next_dagrun for example_kubernetes_executor to None, run_after=None
[2024-01-30T22:03:20.801+0000] {processor.py:183} INFO - Processing /home/airflow/.local/lib/python3.8/site-packages/airflow/example_dags/example_kubernetes_executor.py took 0.127 seconds
[2024-01-30T22:03:51.527+0000] {processor.py:161} INFO - Started process (PID=1220) to work on /home/airflow/.local/lib/python3.8/site-packages/airflow/example_dags/example_kubernetes_executor.py
[2024-01-30T22:03:51.528+0000] {processor.py:830} INFO - Processing file /home/airflow/.local/lib/python3.8/site-packages/airflow/example_dags/example_kubernetes_executor.py for tasks to queue
[2024-01-30T22:03:51.529+0000] {logging_mixin.py:188} INFO - [2024-01-30T22:03:51.529+0000] {dagbag.py:538} INFO - Filling up the DagBag from /home/airflow/.local/lib/python3.8/site-packages/airflow/example_dags/example_kubernetes_executor.py
[2024-01-30T22:03:51.542+0000] {processor.py:840} INFO - DAG(s) 'example_kubernetes_executor' retrieved from /home/airflow/.local/lib/python3.8/site-packages/airflow/example_dags/example_kubernetes_executor.py
[2024-01-30T22:03:51.583+0000] {logging_mixin.py:188} INFO - [2024-01-30T22:03:51.583+0000] {dag.py:3036} INFO - Sync 1 DAGs
[2024-01-30T22:03:51.597+0000] {logging_mixin.py:188} INFO - [2024-01-30T22:03:51.597+0000] {dag.py:3823} INFO - Setting next_dagrun for example_kubernetes_executor to None, run_after=None
[2024-01-30T22:03:51.638+0000] {processor.py:183} INFO - Processing /home/airflow/.local/lib/python3.8/site-packages/airflow/example_dags/example_kubernetes_executor.py took 0.113 seconds
[2024-01-30T22:04:21.809+0000] {processor.py:161} INFO - Started process (PID=1277) to work on /home/airflow/.local/lib/python3.8/site-packages/airflow/example_dags/example_kubernetes_executor.py
[2024-01-30T22:04:21.810+0000] {processor.py:830} INFO - Processing file /home/airflow/.local/lib/python3.8/site-packages/airflow/example_dags/example_kubernetes_executor.py for tasks to queue
[2024-01-30T22:04:21.812+0000] {logging_mixin.py:188} INFO - [2024-01-30T22:04:21.811+0000] {dagbag.py:538} INFO - Filling up the DagBag from /home/airflow/.local/lib/python3.8/site-packages/airflow/example_dags/example_kubernetes_executor.py
[2024-01-30T22:04:21.828+0000] {processor.py:840} INFO - DAG(s) 'example_kubernetes_executor' retrieved from /home/airflow/.local/lib/python3.8/site-packages/airflow/example_dags/example_kubernetes_executor.py
[2024-01-30T22:04:21.879+0000] {logging_mixin.py:188} INFO - [2024-01-30T22:04:21.878+0000] {dag.py:3036} INFO - Sync 1 DAGs
[2024-01-30T22:04:21.893+0000] {logging_mixin.py:188} INFO - [2024-01-30T22:04:21.893+0000] {dag.py:3823} INFO - Setting next_dagrun for example_kubernetes_executor to None, run_after=None
[2024-01-30T22:04:21.929+0000] {processor.py:183} INFO - Processing /home/airflow/.local/lib/python3.8/site-packages/airflow/example_dags/example_kubernetes_executor.py took 0.122 seconds
[2024-01-30T22:04:52.070+0000] {processor.py:161} INFO - Started process (PID=1334) to work on /home/airflow/.local/lib/python3.8/site-packages/airflow/example_dags/example_kubernetes_executor.py
[2024-01-30T22:04:52.071+0000] {processor.py:830} INFO - Processing file /home/airflow/.local/lib/python3.8/site-packages/airflow/example_dags/example_kubernetes_executor.py for tasks to queue
[2024-01-30T22:04:52.072+0000] {logging_mixin.py:188} INFO - [2024-01-30T22:04:52.072+0000] {dagbag.py:538} INFO - Filling up the DagBag from /home/airflow/.local/lib/python3.8/site-packages/airflow/example_dags/example_kubernetes_executor.py
[2024-01-30T22:04:52.086+0000] {processor.py:840} INFO - DAG(s) 'example_kubernetes_executor' retrieved from /home/airflow/.local/lib/python3.8/site-packages/airflow/example_dags/example_kubernetes_executor.py
[2024-01-30T22:04:52.124+0000] {logging_mixin.py:188} INFO - [2024-01-30T22:04:52.124+0000] {dag.py:3036} INFO - Sync 1 DAGs
[2024-01-30T22:04:52.136+0000] {logging_mixin.py:188} INFO - [2024-01-30T22:04:52.136+0000] {dag.py:3823} INFO - Setting next_dagrun for example_kubernetes_executor to None, run_after=None
[2024-01-30T22:04:52.163+0000] {processor.py:183} INFO - Processing /home/airflow/.local/lib/python3.8/site-packages/airflow/example_dags/example_kubernetes_executor.py took 0.096 seconds
[2024-01-30T22:05:22.654+0000] {processor.py:161} INFO - Started process (PID=1391) to work on /home/airflow/.local/lib/python3.8/site-packages/airflow/example_dags/example_kubernetes_executor.py
[2024-01-30T22:05:22.655+0000] {processor.py:830} INFO - Processing file /home/airflow/.local/lib/python3.8/site-packages/airflow/example_dags/example_kubernetes_executor.py for tasks to queue
[2024-01-30T22:05:22.657+0000] {logging_mixin.py:188} INFO - [2024-01-30T22:05:22.656+0000] {dagbag.py:538} INFO - Filling up the DagBag from /home/airflow/.local/lib/python3.8/site-packages/airflow/example_dags/example_kubernetes_executor.py
[2024-01-30T22:05:22.669+0000] {processor.py:840} INFO - DAG(s) 'example_kubernetes_executor' retrieved from /home/airflow/.local/lib/python3.8/site-packages/airflow/example_dags/example_kubernetes_executor.py
[2024-01-30T22:05:22.706+0000] {logging_mixin.py:188} INFO - [2024-01-30T22:05:22.705+0000] {dag.py:3036} INFO - Sync 1 DAGs
[2024-01-30T22:05:22.719+0000] {logging_mixin.py:188} INFO - [2024-01-30T22:05:22.719+0000] {dag.py:3823} INFO - Setting next_dagrun for example_kubernetes_executor to None, run_after=None
[2024-01-30T22:05:22.792+0000] {processor.py:183} INFO - Processing /home/airflow/.local/lib/python3.8/site-packages/airflow/example_dags/example_kubernetes_executor.py took 0.141 seconds
[2024-01-30T22:05:54.520+0000] {processor.py:161} INFO - Started process (PID=1448) to work on /home/airflow/.local/lib/python3.8/site-packages/airflow/example_dags/example_kubernetes_executor.py
[2024-01-30T22:05:54.545+0000] {processor.py:830} INFO - Processing file /home/airflow/.local/lib/python3.8/site-packages/airflow/example_dags/example_kubernetes_executor.py for tasks to queue
[2024-01-30T22:05:54.568+0000] {logging_mixin.py:188} INFO - [2024-01-30T22:05:54.564+0000] {dagbag.py:538} INFO - Filling up the DagBag from /home/airflow/.local/lib/python3.8/site-packages/airflow/example_dags/example_kubernetes_executor.py
[2024-01-30T22:05:54.912+0000] {processor.py:840} INFO - DAG(s) 'example_kubernetes_executor' retrieved from /home/airflow/.local/lib/python3.8/site-packages/airflow/example_dags/example_kubernetes_executor.py
[2024-01-30T22:05:55.744+0000] {logging_mixin.py:188} INFO - [2024-01-30T22:05:55.740+0000] {dag.py:3036} INFO - Sync 1 DAGs
[2024-01-30T22:05:55.921+0000] {logging_mixin.py:188} INFO - [2024-01-30T22:05:55.919+0000] {dag.py:3823} INFO - Setting next_dagrun for example_kubernetes_executor to None, run_after=None
[2024-01-30T22:05:56.212+0000] {processor.py:183} INFO - Processing /home/airflow/.local/lib/python3.8/site-packages/airflow/example_dags/example_kubernetes_executor.py took 1.737 seconds
[2024-01-30T22:06:26.697+0000] {processor.py:161} INFO - Started process (PID=1505) to work on /home/airflow/.local/lib/python3.8/site-packages/airflow/example_dags/example_kubernetes_executor.py
[2024-01-30T22:06:26.698+0000] {processor.py:830} INFO - Processing file /home/airflow/.local/lib/python3.8/site-packages/airflow/example_dags/example_kubernetes_executor.py for tasks to queue
[2024-01-30T22:06:26.700+0000] {logging_mixin.py:188} INFO - [2024-01-30T22:06:26.699+0000] {dagbag.py:538} INFO - Filling up the DagBag from /home/airflow/.local/lib/python3.8/site-packages/airflow/example_dags/example_kubernetes_executor.py
[2024-01-30T22:06:26.716+0000] {processor.py:840} INFO - DAG(s) 'example_kubernetes_executor' retrieved from /home/airflow/.local/lib/python3.8/site-packages/airflow/example_dags/example_kubernetes_executor.py
[2024-01-30T22:06:26.766+0000] {logging_mixin.py:188} INFO - [2024-01-30T22:06:26.766+0000] {dag.py:3036} INFO - Sync 1 DAGs
[2024-01-30T22:06:26.782+0000] {logging_mixin.py:188} INFO - [2024-01-30T22:06:26.782+0000] {dag.py:3823} INFO - Setting next_dagrun for example_kubernetes_executor to None, run_after=None
[2024-01-30T22:06:26.848+0000] {processor.py:183} INFO - Processing /home/airflow/.local/lib/python3.8/site-packages/airflow/example_dags/example_kubernetes_executor.py took 0.154 seconds
[2024-01-30T22:06:56.954+0000] {processor.py:161} INFO - Started process (PID=1562) to work on /home/airflow/.local/lib/python3.8/site-packages/airflow/example_dags/example_kubernetes_executor.py
[2024-01-30T22:06:56.956+0000] {processor.py:830} INFO - Processing file /home/airflow/.local/lib/python3.8/site-packages/airflow/example_dags/example_kubernetes_executor.py for tasks to queue
[2024-01-30T22:06:56.958+0000] {logging_mixin.py:188} INFO - [2024-01-30T22:06:56.958+0000] {dagbag.py:538} INFO - Filling up the DagBag from /home/airflow/.local/lib/python3.8/site-packages/airflow/example_dags/example_kubernetes_executor.py
[2024-01-30T22:06:56.977+0000] {processor.py:840} INFO - DAG(s) 'example_kubernetes_executor' retrieved from /home/airflow/.local/lib/python3.8/site-packages/airflow/example_dags/example_kubernetes_executor.py
[2024-01-30T22:06:57.037+0000] {logging_mixin.py:188} INFO - [2024-01-30T22:06:57.036+0000] {dag.py:3036} INFO - Sync 1 DAGs
[2024-01-30T22:06:57.052+0000] {logging_mixin.py:188} INFO - [2024-01-30T22:06:57.052+0000] {dag.py:3823} INFO - Setting next_dagrun for example_kubernetes_executor to None, run_after=None
[2024-01-30T22:06:57.082+0000] {processor.py:183} INFO - Processing /home/airflow/.local/lib/python3.8/site-packages/airflow/example_dags/example_kubernetes_executor.py took 0.132 seconds
[2024-01-30T22:07:27.271+0000] {processor.py:161} INFO - Started process (PID=1619) to work on /home/airflow/.local/lib/python3.8/site-packages/airflow/example_dags/example_kubernetes_executor.py
[2024-01-30T22:07:27.272+0000] {processor.py:830} INFO - Processing file /home/airflow/.local/lib/python3.8/site-packages/airflow/example_dags/example_kubernetes_executor.py for tasks to queue
[2024-01-30T22:07:27.274+0000] {logging_mixin.py:188} INFO - [2024-01-30T22:07:27.273+0000] {dagbag.py:538} INFO - Filling up the DagBag from /home/airflow/.local/lib/python3.8/site-packages/airflow/example_dags/example_kubernetes_executor.py
[2024-01-30T22:07:27.286+0000] {processor.py:840} INFO - DAG(s) 'example_kubernetes_executor' retrieved from /home/airflow/.local/lib/python3.8/site-packages/airflow/example_dags/example_kubernetes_executor.py
[2024-01-30T22:07:27.327+0000] {logging_mixin.py:188} INFO - [2024-01-30T22:07:27.327+0000] {dag.py:3036} INFO - Sync 1 DAGs
[2024-01-30T22:07:27.339+0000] {logging_mixin.py:188} INFO - [2024-01-30T22:07:27.339+0000] {dag.py:3823} INFO - Setting next_dagrun for example_kubernetes_executor to None, run_after=None
[2024-01-30T22:07:27.368+0000] {processor.py:183} INFO - Processing /home/airflow/.local/lib/python3.8/site-packages/airflow/example_dags/example_kubernetes_executor.py took 0.100 seconds
[2024-01-30T22:07:57.853+0000] {processor.py:161} INFO - Started process (PID=1676) to work on /home/airflow/.local/lib/python3.8/site-packages/airflow/example_dags/example_kubernetes_executor.py
[2024-01-30T22:07:57.855+0000] {processor.py:830} INFO - Processing file /home/airflow/.local/lib/python3.8/site-packages/airflow/example_dags/example_kubernetes_executor.py for tasks to queue
[2024-01-30T22:07:57.856+0000] {logging_mixin.py:188} INFO - [2024-01-30T22:07:57.855+0000] {dagbag.py:538} INFO - Filling up the DagBag from /home/airflow/.local/lib/python3.8/site-packages/airflow/example_dags/example_kubernetes_executor.py
[2024-01-30T22:07:57.869+0000] {processor.py:840} INFO - DAG(s) 'example_kubernetes_executor' retrieved from /home/airflow/.local/lib/python3.8/site-packages/airflow/example_dags/example_kubernetes_executor.py
[2024-01-30T22:07:57.912+0000] {logging_mixin.py:188} INFO - [2024-01-30T22:07:57.912+0000] {dag.py:3036} INFO - Sync 1 DAGs
[2024-01-30T22:07:57.924+0000] {logging_mixin.py:188} INFO - [2024-01-30T22:07:57.924+0000] {dag.py:3823} INFO - Setting next_dagrun for example_kubernetes_executor to None, run_after=None
[2024-01-30T22:07:57.952+0000] {processor.py:183} INFO - Processing /home/airflow/.local/lib/python3.8/site-packages/airflow/example_dags/example_kubernetes_executor.py took 0.102 seconds
[2024-01-30T22:08:28.112+0000] {processor.py:161} INFO - Started process (PID=1733) to work on /home/airflow/.local/lib/python3.8/site-packages/airflow/example_dags/example_kubernetes_executor.py
[2024-01-30T22:08:28.113+0000] {processor.py:830} INFO - Processing file /home/airflow/.local/lib/python3.8/site-packages/airflow/example_dags/example_kubernetes_executor.py for tasks to queue
[2024-01-30T22:08:28.115+0000] {logging_mixin.py:188} INFO - [2024-01-30T22:08:28.115+0000] {dagbag.py:538} INFO - Filling up the DagBag from /home/airflow/.local/lib/python3.8/site-packages/airflow/example_dags/example_kubernetes_executor.py
[2024-01-30T22:08:28.132+0000] {processor.py:840} INFO - DAG(s) 'example_kubernetes_executor' retrieved from /home/airflow/.local/lib/python3.8/site-packages/airflow/example_dags/example_kubernetes_executor.py
[2024-01-30T22:08:28.184+0000] {logging_mixin.py:188} INFO - [2024-01-30T22:08:28.183+0000] {dag.py:3036} INFO - Sync 1 DAGs
[2024-01-30T22:08:28.200+0000] {logging_mixin.py:188} INFO - [2024-01-30T22:08:28.199+0000] {dag.py:3823} INFO - Setting next_dagrun for example_kubernetes_executor to None, run_after=None
[2024-01-30T22:08:28.232+0000] {processor.py:183} INFO - Processing /home/airflow/.local/lib/python3.8/site-packages/airflow/example_dags/example_kubernetes_executor.py took 0.125 seconds
[2024-01-30T22:08:58.300+0000] {processor.py:161} INFO - Started process (PID=1790) to work on /home/airflow/.local/lib/python3.8/site-packages/airflow/example_dags/example_kubernetes_executor.py
[2024-01-30T22:08:58.302+0000] {processor.py:830} INFO - Processing file /home/airflow/.local/lib/python3.8/site-packages/airflow/example_dags/example_kubernetes_executor.py for tasks to queue
[2024-01-30T22:08:58.304+0000] {logging_mixin.py:188} INFO - [2024-01-30T22:08:58.303+0000] {dagbag.py:538} INFO - Filling up the DagBag from /home/airflow/.local/lib/python3.8/site-packages/airflow/example_dags/example_kubernetes_executor.py
[2024-01-30T22:08:58.329+0000] {processor.py:840} INFO - DAG(s) 'example_kubernetes_executor' retrieved from /home/airflow/.local/lib/python3.8/site-packages/airflow/example_dags/example_kubernetes_executor.py
[2024-01-30T22:08:58.394+0000] {logging_mixin.py:188} INFO - [2024-01-30T22:08:58.394+0000] {dag.py:3036} INFO - Sync 1 DAGs
[2024-01-30T22:08:58.413+0000] {logging_mixin.py:188} INFO - [2024-01-30T22:08:58.412+0000] {dag.py:3823} INFO - Setting next_dagrun for example_kubernetes_executor to None, run_after=None
[2024-01-30T22:08:58.455+0000] {processor.py:183} INFO - Processing /home/airflow/.local/lib/python3.8/site-packages/airflow/example_dags/example_kubernetes_executor.py took 0.160 seconds
[2024-01-30T22:09:28.626+0000] {processor.py:161} INFO - Started process (PID=1847) to work on /home/airflow/.local/lib/python3.8/site-packages/airflow/example_dags/example_kubernetes_executor.py
[2024-01-30T22:09:28.627+0000] {processor.py:830} INFO - Processing file /home/airflow/.local/lib/python3.8/site-packages/airflow/example_dags/example_kubernetes_executor.py for tasks to queue
[2024-01-30T22:09:28.629+0000] {logging_mixin.py:188} INFO - [2024-01-30T22:09:28.629+0000] {dagbag.py:538} INFO - Filling up the DagBag from /home/airflow/.local/lib/python3.8/site-packages/airflow/example_dags/example_kubernetes_executor.py
[2024-01-30T22:09:28.644+0000] {processor.py:840} INFO - DAG(s) 'example_kubernetes_executor' retrieved from /home/airflow/.local/lib/python3.8/site-packages/airflow/example_dags/example_kubernetes_executor.py
[2024-01-30T22:09:28.658+0000] {logging_mixin.py:188} INFO - [2024-01-30T22:09:28.658+0000] {dag.py:3036} INFO - Sync 1 DAGs
[2024-01-30T22:09:28.672+0000] {logging_mixin.py:188} INFO - [2024-01-30T22:09:28.671+0000] {dag.py:3823} INFO - Setting next_dagrun for example_kubernetes_executor to None, run_after=None
[2024-01-30T22:09:28.696+0000] {processor.py:183} INFO - Processing /home/airflow/.local/lib/python3.8/site-packages/airflow/example_dags/example_kubernetes_executor.py took 0.073 seconds
[2024-01-30T22:09:58.800+0000] {processor.py:161} INFO - Started process (PID=1903) to work on /home/airflow/.local/lib/python3.8/site-packages/airflow/example_dags/example_kubernetes_executor.py
[2024-01-30T22:09:58.802+0000] {processor.py:830} INFO - Processing file /home/airflow/.local/lib/python3.8/site-packages/airflow/example_dags/example_kubernetes_executor.py for tasks to queue
[2024-01-30T22:09:58.804+0000] {logging_mixin.py:188} INFO - [2024-01-30T22:09:58.803+0000] {dagbag.py:538} INFO - Filling up the DagBag from /home/airflow/.local/lib/python3.8/site-packages/airflow/example_dags/example_kubernetes_executor.py
[2024-01-30T22:09:58.824+0000] {processor.py:840} INFO - DAG(s) 'example_kubernetes_executor' retrieved from /home/airflow/.local/lib/python3.8/site-packages/airflow/example_dags/example_kubernetes_executor.py
[2024-01-30T22:09:59.006+0000] {logging_mixin.py:188} INFO - [2024-01-30T22:09:59.005+0000] {dag.py:3036} INFO - Sync 1 DAGs
[2024-01-30T22:09:59.023+0000] {logging_mixin.py:188} INFO - [2024-01-30T22:09:59.023+0000] {dag.py:3823} INFO - Setting next_dagrun for example_kubernetes_executor to None, run_after=None
[2024-01-30T22:09:59.114+0000] {processor.py:183} INFO - Processing /home/airflow/.local/lib/python3.8/site-packages/airflow/example_dags/example_kubernetes_executor.py took 0.320 seconds
[2024-01-30T22:10:35.235+0000] {processor.py:161} INFO - Started process (PID=1960) to work on /home/airflow/.local/lib/python3.8/site-packages/airflow/example_dags/example_kubernetes_executor.py
[2024-01-30T22:10:35.236+0000] {processor.py:830} INFO - Processing file /home/airflow/.local/lib/python3.8/site-packages/airflow/example_dags/example_kubernetes_executor.py for tasks to queue
[2024-01-30T22:10:35.238+0000] {logging_mixin.py:188} INFO - [2024-01-30T22:10:35.238+0000] {dagbag.py:538} INFO - Filling up the DagBag from /home/airflow/.local/lib/python3.8/site-packages/airflow/example_dags/example_kubernetes_executor.py
[2024-01-30T22:10:35.256+0000] {processor.py:840} INFO - DAG(s) 'example_kubernetes_executor' retrieved from /home/airflow/.local/lib/python3.8/site-packages/airflow/example_dags/example_kubernetes_executor.py
[2024-01-30T22:10:35.320+0000] {logging_mixin.py:188} INFO - [2024-01-30T22:10:35.320+0000] {dag.py:3036} INFO - Sync 1 DAGs
[2024-01-30T22:10:35.622+0000] {logging_mixin.py:188} INFO - [2024-01-30T22:10:35.622+0000] {dag.py:3823} INFO - Setting next_dagrun for example_kubernetes_executor to None, run_after=None
[2024-01-30T22:10:36.090+0000] {processor.py:183} INFO - Processing /home/airflow/.local/lib/python3.8/site-packages/airflow/example_dags/example_kubernetes_executor.py took 0.859 seconds
[2024-01-30T22:11:06.389+0000] {processor.py:161} INFO - Started process (PID=2016) to work on /home/airflow/.local/lib/python3.8/site-packages/airflow/example_dags/example_kubernetes_executor.py
[2024-01-30T22:11:06.391+0000] {processor.py:830} INFO - Processing file /home/airflow/.local/lib/python3.8/site-packages/airflow/example_dags/example_kubernetes_executor.py for tasks to queue
[2024-01-30T22:11:06.393+0000] {logging_mixin.py:188} INFO - [2024-01-30T22:11:06.392+0000] {dagbag.py:538} INFO - Filling up the DagBag from /home/airflow/.local/lib/python3.8/site-packages/airflow/example_dags/example_kubernetes_executor.py
[2024-01-30T22:11:06.408+0000] {processor.py:840} INFO - DAG(s) 'example_kubernetes_executor' retrieved from /home/airflow/.local/lib/python3.8/site-packages/airflow/example_dags/example_kubernetes_executor.py
[2024-01-30T22:11:06.456+0000] {logging_mixin.py:188} INFO - [2024-01-30T22:11:06.456+0000] {dag.py:3036} INFO - Sync 1 DAGs
[2024-01-30T22:11:06.471+0000] {logging_mixin.py:188} INFO - [2024-01-30T22:11:06.470+0000] {dag.py:3823} INFO - Setting next_dagrun for example_kubernetes_executor to None, run_after=None
[2024-01-30T22:11:06.500+0000] {processor.py:183} INFO - Processing /home/airflow/.local/lib/python3.8/site-packages/airflow/example_dags/example_kubernetes_executor.py took 0.114 seconds
[2024-01-30T22:11:36.850+0000] {processor.py:161} INFO - Started process (PID=2071) to work on /home/airflow/.local/lib/python3.8/site-packages/airflow/example_dags/example_kubernetes_executor.py
[2024-01-30T22:11:36.852+0000] {processor.py:830} INFO - Processing file /home/airflow/.local/lib/python3.8/site-packages/airflow/example_dags/example_kubernetes_executor.py for tasks to queue
[2024-01-30T22:11:36.853+0000] {logging_mixin.py:188} INFO - [2024-01-30T22:11:36.853+0000] {dagbag.py:538} INFO - Filling up the DagBag from /home/airflow/.local/lib/python3.8/site-packages/airflow/example_dags/example_kubernetes_executor.py
[2024-01-30T22:11:36.873+0000] {processor.py:840} INFO - DAG(s) 'example_kubernetes_executor' retrieved from /home/airflow/.local/lib/python3.8/site-packages/airflow/example_dags/example_kubernetes_executor.py
[2024-01-30T22:11:36.936+0000] {logging_mixin.py:188} INFO - [2024-01-30T22:11:36.936+0000] {dag.py:3036} INFO - Sync 1 DAGs
[2024-01-30T22:11:36.956+0000] {logging_mixin.py:188} INFO - [2024-01-30T22:11:36.956+0000] {dag.py:3823} INFO - Setting next_dagrun for example_kubernetes_executor to None, run_after=None
[2024-01-30T22:11:36.991+0000] {processor.py:183} INFO - Processing /home/airflow/.local/lib/python3.8/site-packages/airflow/example_dags/example_kubernetes_executor.py took 0.144 seconds
[2024-01-30T22:12:07.260+0000] {processor.py:161} INFO - Started process (PID=2128) to work on /home/airflow/.local/lib/python3.8/site-packages/airflow/example_dags/example_kubernetes_executor.py
[2024-01-30T22:12:07.261+0000] {processor.py:830} INFO - Processing file /home/airflow/.local/lib/python3.8/site-packages/airflow/example_dags/example_kubernetes_executor.py for tasks to queue
[2024-01-30T22:12:07.263+0000] {logging_mixin.py:188} INFO - [2024-01-30T22:12:07.262+0000] {dagbag.py:538} INFO - Filling up the DagBag from /home/airflow/.local/lib/python3.8/site-packages/airflow/example_dags/example_kubernetes_executor.py
[2024-01-30T22:12:07.278+0000] {processor.py:840} INFO - DAG(s) 'example_kubernetes_executor' retrieved from /home/airflow/.local/lib/python3.8/site-packages/airflow/example_dags/example_kubernetes_executor.py
[2024-01-30T22:12:07.318+0000] {logging_mixin.py:188} INFO - [2024-01-30T22:12:07.318+0000] {dag.py:3036} INFO - Sync 1 DAGs
[2024-01-30T22:12:07.331+0000] {logging_mixin.py:188} INFO - [2024-01-30T22:12:07.331+0000] {dag.py:3823} INFO - Setting next_dagrun for example_kubernetes_executor to None, run_after=None
[2024-01-30T22:12:07.360+0000] {processor.py:183} INFO - Processing /home/airflow/.local/lib/python3.8/site-packages/airflow/example_dags/example_kubernetes_executor.py took 0.102 seconds
[2024-01-30T22:12:37.882+0000] {processor.py:161} INFO - Started process (PID=2182) to work on /home/airflow/.local/lib/python3.8/site-packages/airflow/example_dags/example_kubernetes_executor.py
[2024-01-30T22:12:37.883+0000] {processor.py:830} INFO - Processing file /home/airflow/.local/lib/python3.8/site-packages/airflow/example_dags/example_kubernetes_executor.py for tasks to queue
[2024-01-30T22:12:37.885+0000] {logging_mixin.py:188} INFO - [2024-01-30T22:12:37.884+0000] {dagbag.py:538} INFO - Filling up the DagBag from /home/airflow/.local/lib/python3.8/site-packages/airflow/example_dags/example_kubernetes_executor.py
[2024-01-30T22:12:37.897+0000] {processor.py:840} INFO - DAG(s) 'example_kubernetes_executor' retrieved from /home/airflow/.local/lib/python3.8/site-packages/airflow/example_dags/example_kubernetes_executor.py
[2024-01-30T22:12:37.936+0000] {logging_mixin.py:188} INFO - [2024-01-30T22:12:37.936+0000] {dag.py:3036} INFO - Sync 1 DAGs
[2024-01-30T22:12:37.949+0000] {logging_mixin.py:188} INFO - [2024-01-30T22:12:37.948+0000] {dag.py:3823} INFO - Setting next_dagrun for example_kubernetes_executor to None, run_after=None
[2024-01-30T22:12:37.974+0000] {processor.py:183} INFO - Processing /home/airflow/.local/lib/python3.8/site-packages/airflow/example_dags/example_kubernetes_executor.py took 0.095 seconds
[2024-01-30T22:13:08.172+0000] {processor.py:161} INFO - Started process (PID=2239) to work on /home/airflow/.local/lib/python3.8/site-packages/airflow/example_dags/example_kubernetes_executor.py
[2024-01-30T22:13:08.173+0000] {processor.py:830} INFO - Processing file /home/airflow/.local/lib/python3.8/site-packages/airflow/example_dags/example_kubernetes_executor.py for tasks to queue
[2024-01-30T22:13:08.174+0000] {logging_mixin.py:188} INFO - [2024-01-30T22:13:08.174+0000] {dagbag.py:538} INFO - Filling up the DagBag from /home/airflow/.local/lib/python3.8/site-packages/airflow/example_dags/example_kubernetes_executor.py
[2024-01-30T22:13:08.187+0000] {processor.py:840} INFO - DAG(s) 'example_kubernetes_executor' retrieved from /home/airflow/.local/lib/python3.8/site-packages/airflow/example_dags/example_kubernetes_executor.py
[2024-01-30T22:13:08.227+0000] {logging_mixin.py:188} INFO - [2024-01-30T22:13:08.226+0000] {dag.py:3036} INFO - Sync 1 DAGs
[2024-01-30T22:13:08.240+0000] {logging_mixin.py:188} INFO - [2024-01-30T22:13:08.240+0000] {dag.py:3823} INFO - Setting next_dagrun for example_kubernetes_executor to None, run_after=None
[2024-01-30T22:13:08.269+0000] {processor.py:183} INFO - Processing /home/airflow/.local/lib/python3.8/site-packages/airflow/example_dags/example_kubernetes_executor.py took 0.100 seconds
[2024-01-30T22:13:38.998+0000] {processor.py:161} INFO - Started process (PID=2296) to work on /home/airflow/.local/lib/python3.8/site-packages/airflow/example_dags/example_kubernetes_executor.py
[2024-01-30T22:13:38.999+0000] {processor.py:830} INFO - Processing file /home/airflow/.local/lib/python3.8/site-packages/airflow/example_dags/example_kubernetes_executor.py for tasks to queue
[2024-01-30T22:13:39.000+0000] {logging_mixin.py:188} INFO - [2024-01-30T22:13:38.999+0000] {dagbag.py:538} INFO - Filling up the DagBag from /home/airflow/.local/lib/python3.8/site-packages/airflow/example_dags/example_kubernetes_executor.py
[2024-01-30T22:13:39.013+0000] {processor.py:840} INFO - DAG(s) 'example_kubernetes_executor' retrieved from /home/airflow/.local/lib/python3.8/site-packages/airflow/example_dags/example_kubernetes_executor.py
[2024-01-30T22:13:39.056+0000] {logging_mixin.py:188} INFO - [2024-01-30T22:13:39.056+0000] {dag.py:3036} INFO - Sync 1 DAGs
[2024-01-30T22:13:39.072+0000] {logging_mixin.py:188} INFO - [2024-01-30T22:13:39.071+0000] {dag.py:3823} INFO - Setting next_dagrun for example_kubernetes_executor to None, run_after=None
[2024-01-30T22:13:39.099+0000] {processor.py:183} INFO - Processing /home/airflow/.local/lib/python3.8/site-packages/airflow/example_dags/example_kubernetes_executor.py took 0.104 seconds
[2024-01-30T22:14:11.347+0000] {processor.py:161} INFO - Started process (PID=2353) to work on /home/airflow/.local/lib/python3.8/site-packages/airflow/example_dags/example_kubernetes_executor.py
[2024-01-30T22:14:11.360+0000] {processor.py:830} INFO - Processing file /home/airflow/.local/lib/python3.8/site-packages/airflow/example_dags/example_kubernetes_executor.py for tasks to queue
[2024-01-30T22:14:11.370+0000] {logging_mixin.py:188} INFO - [2024-01-30T22:14:11.368+0000] {dagbag.py:538} INFO - Filling up the DagBag from /home/airflow/.local/lib/python3.8/site-packages/airflow/example_dags/example_kubernetes_executor.py
[2024-01-30T22:14:11.562+0000] {processor.py:840} INFO - DAG(s) 'example_kubernetes_executor' retrieved from /home/airflow/.local/lib/python3.8/site-packages/airflow/example_dags/example_kubernetes_executor.py
[2024-01-30T22:14:12.196+0000] {logging_mixin.py:188} INFO - [2024-01-30T22:14:12.193+0000] {dag.py:3036} INFO - Sync 1 DAGs
[2024-01-30T22:14:12.390+0000] {logging_mixin.py:188} INFO - [2024-01-30T22:14:12.388+0000] {dag.py:3823} INFO - Setting next_dagrun for example_kubernetes_executor to None, run_after=None
[2024-01-30T22:14:12.914+0000] {processor.py:183} INFO - Processing /home/airflow/.local/lib/python3.8/site-packages/airflow/example_dags/example_kubernetes_executor.py took 1.595 seconds
[2024-01-30T22:14:43.275+0000] {processor.py:161} INFO - Started process (PID=2411) to work on /home/airflow/.local/lib/python3.8/site-packages/airflow/example_dags/example_kubernetes_executor.py
[2024-01-30T22:14:43.276+0000] {processor.py:830} INFO - Processing file /home/airflow/.local/lib/python3.8/site-packages/airflow/example_dags/example_kubernetes_executor.py for tasks to queue
[2024-01-30T22:14:43.277+0000] {logging_mixin.py:188} INFO - [2024-01-30T22:14:43.277+0000] {dagbag.py:538} INFO - Filling up the DagBag from /home/airflow/.local/lib/python3.8/site-packages/airflow/example_dags/example_kubernetes_executor.py
[2024-01-30T22:14:43.290+0000] {processor.py:840} INFO - DAG(s) 'example_kubernetes_executor' retrieved from /home/airflow/.local/lib/python3.8/site-packages/airflow/example_dags/example_kubernetes_executor.py
[2024-01-30T22:14:43.333+0000] {logging_mixin.py:188} INFO - [2024-01-30T22:14:43.332+0000] {dag.py:3036} INFO - Sync 1 DAGs
[2024-01-30T22:14:43.347+0000] {logging_mixin.py:188} INFO - [2024-01-30T22:14:43.347+0000] {dag.py:3823} INFO - Setting next_dagrun for example_kubernetes_executor to None, run_after=None
[2024-01-30T22:14:43.380+0000] {processor.py:183} INFO - Processing /home/airflow/.local/lib/python3.8/site-packages/airflow/example_dags/example_kubernetes_executor.py took 0.107 seconds
[2024-01-30T22:15:15.037+0000] {processor.py:161} INFO - Started process (PID=2468) to work on /home/airflow/.local/lib/python3.8/site-packages/airflow/example_dags/example_kubernetes_executor.py
[2024-01-30T22:15:15.053+0000] {processor.py:830} INFO - Processing file /home/airflow/.local/lib/python3.8/site-packages/airflow/example_dags/example_kubernetes_executor.py for tasks to queue
[2024-01-30T22:15:15.071+0000] {logging_mixin.py:188} INFO - [2024-01-30T22:15:15.060+0000] {dagbag.py:538} INFO - Filling up the DagBag from /home/airflow/.local/lib/python3.8/site-packages/airflow/example_dags/example_kubernetes_executor.py
[2024-01-30T22:15:15.396+0000] {processor.py:840} INFO - DAG(s) 'example_kubernetes_executor' retrieved from /home/airflow/.local/lib/python3.8/site-packages/airflow/example_dags/example_kubernetes_executor.py
[2024-01-30T22:15:16.408+0000] {logging_mixin.py:188} INFO - [2024-01-30T22:15:16.394+0000] {dag.py:3036} INFO - Sync 1 DAGs
[2024-01-30T22:15:16.804+0000] {logging_mixin.py:188} INFO - [2024-01-30T22:15:16.801+0000] {dag.py:3823} INFO - Setting next_dagrun for example_kubernetes_executor to None, run_after=None
[2024-01-30T22:15:17.350+0000] {processor.py:183} INFO - Processing /home/airflow/.local/lib/python3.8/site-packages/airflow/example_dags/example_kubernetes_executor.py took 2.369 seconds
[2024-01-30T22:15:47.657+0000] {processor.py:161} INFO - Started process (PID=2532) to work on /home/airflow/.local/lib/python3.8/site-packages/airflow/example_dags/example_kubernetes_executor.py
[2024-01-30T22:15:47.659+0000] {processor.py:830} INFO - Processing file /home/airflow/.local/lib/python3.8/site-packages/airflow/example_dags/example_kubernetes_executor.py for tasks to queue
[2024-01-30T22:15:47.660+0000] {logging_mixin.py:188} INFO - [2024-01-30T22:15:47.660+0000] {dagbag.py:538} INFO - Filling up the DagBag from /home/airflow/.local/lib/python3.8/site-packages/airflow/example_dags/example_kubernetes_executor.py
[2024-01-30T22:15:47.676+0000] {processor.py:840} INFO - DAG(s) 'example_kubernetes_executor' retrieved from /home/airflow/.local/lib/python3.8/site-packages/airflow/example_dags/example_kubernetes_executor.py
[2024-01-30T22:15:47.718+0000] {logging_mixin.py:188} INFO - [2024-01-30T22:15:47.718+0000] {dag.py:3036} INFO - Sync 1 DAGs
[2024-01-30T22:15:47.730+0000] {logging_mixin.py:188} INFO - [2024-01-30T22:15:47.730+0000] {dag.py:3823} INFO - Setting next_dagrun for example_kubernetes_executor to None, run_after=None
[2024-01-30T22:15:47.757+0000] {processor.py:183} INFO - Processing /home/airflow/.local/lib/python3.8/site-packages/airflow/example_dags/example_kubernetes_executor.py took 0.103 seconds
[2024-01-30T22:16:18.336+0000] {processor.py:161} INFO - Started process (PID=2594) to work on /home/airflow/.local/lib/python3.8/site-packages/airflow/example_dags/example_kubernetes_executor.py
[2024-01-30T22:16:18.338+0000] {processor.py:830} INFO - Processing file /home/airflow/.local/lib/python3.8/site-packages/airflow/example_dags/example_kubernetes_executor.py for tasks to queue
[2024-01-30T22:16:18.339+0000] {logging_mixin.py:188} INFO - [2024-01-30T22:16:18.339+0000] {dagbag.py:538} INFO - Filling up the DagBag from /home/airflow/.local/lib/python3.8/site-packages/airflow/example_dags/example_kubernetes_executor.py
[2024-01-30T22:16:18.355+0000] {processor.py:840} INFO - DAG(s) 'example_kubernetes_executor' retrieved from /home/airflow/.local/lib/python3.8/site-packages/airflow/example_dags/example_kubernetes_executor.py
[2024-01-30T22:16:18.407+0000] {logging_mixin.py:188} INFO - [2024-01-30T22:16:18.407+0000] {dag.py:3036} INFO - Sync 1 DAGs
[2024-01-30T22:16:18.427+0000] {logging_mixin.py:188} INFO - [2024-01-30T22:16:18.426+0000] {dag.py:3823} INFO - Setting next_dagrun for example_kubernetes_executor to None, run_after=None
[2024-01-30T22:16:18.463+0000] {processor.py:183} INFO - Processing /home/airflow/.local/lib/python3.8/site-packages/airflow/example_dags/example_kubernetes_executor.py took 0.129 seconds
[2024-01-30T22:16:48.944+0000] {processor.py:161} INFO - Started process (PID=2651) to work on /home/airflow/.local/lib/python3.8/site-packages/airflow/example_dags/example_kubernetes_executor.py
[2024-01-30T22:16:48.945+0000] {processor.py:830} INFO - Processing file /home/airflow/.local/lib/python3.8/site-packages/airflow/example_dags/example_kubernetes_executor.py for tasks to queue
[2024-01-30T22:16:48.947+0000] {logging_mixin.py:188} INFO - [2024-01-30T22:16:48.946+0000] {dagbag.py:538} INFO - Filling up the DagBag from /home/airflow/.local/lib/python3.8/site-packages/airflow/example_dags/example_kubernetes_executor.py
[2024-01-30T22:16:48.961+0000] {processor.py:840} INFO - DAG(s) 'example_kubernetes_executor' retrieved from /home/airflow/.local/lib/python3.8/site-packages/airflow/example_dags/example_kubernetes_executor.py
[2024-01-30T22:16:49.012+0000] {logging_mixin.py:188} INFO - [2024-01-30T22:16:49.012+0000] {dag.py:3036} INFO - Sync 1 DAGs
[2024-01-30T22:16:49.031+0000] {logging_mixin.py:188} INFO - [2024-01-30T22:16:49.031+0000] {dag.py:3823} INFO - Setting next_dagrun for example_kubernetes_executor to None, run_after=None
[2024-01-30T22:16:49.066+0000] {processor.py:183} INFO - Processing /home/airflow/.local/lib/python3.8/site-packages/airflow/example_dags/example_kubernetes_executor.py took 0.125 seconds
[2024-01-30T22:17:20.302+0000] {processor.py:161} INFO - Started process (PID=2708) to work on /home/airflow/.local/lib/python3.8/site-packages/airflow/example_dags/example_kubernetes_executor.py
[2024-01-30T22:17:20.320+0000] {processor.py:830} INFO - Processing file /home/airflow/.local/lib/python3.8/site-packages/airflow/example_dags/example_kubernetes_executor.py for tasks to queue
[2024-01-30T22:17:20.338+0000] {logging_mixin.py:188} INFO - [2024-01-30T22:17:20.328+0000] {dagbag.py:538} INFO - Filling up the DagBag from /home/airflow/.local/lib/python3.8/site-packages/airflow/example_dags/example_kubernetes_executor.py
[2024-01-30T22:17:20.671+0000] {processor.py:840} INFO - DAG(s) 'example_kubernetes_executor' retrieved from /home/airflow/.local/lib/python3.8/site-packages/airflow/example_dags/example_kubernetes_executor.py
[2024-01-30T22:17:21.262+0000] {logging_mixin.py:188} INFO - [2024-01-30T22:17:21.260+0000] {dag.py:3036} INFO - Sync 1 DAGs
[2024-01-30T22:17:21.411+0000] {logging_mixin.py:188} INFO - [2024-01-30T22:17:21.409+0000] {dag.py:3823} INFO - Setting next_dagrun for example_kubernetes_executor to None, run_after=None
[2024-01-30T22:17:21.676+0000] {processor.py:183} INFO - Processing /home/airflow/.local/lib/python3.8/site-packages/airflow/example_dags/example_kubernetes_executor.py took 1.417 seconds
[2024-01-30T22:17:52.008+0000] {processor.py:161} INFO - Started process (PID=2766) to work on /home/airflow/.local/lib/python3.8/site-packages/airflow/example_dags/example_kubernetes_executor.py
[2024-01-30T22:17:52.010+0000] {processor.py:830} INFO - Processing file /home/airflow/.local/lib/python3.8/site-packages/airflow/example_dags/example_kubernetes_executor.py for tasks to queue
[2024-01-30T22:17:52.011+0000] {logging_mixin.py:188} INFO - [2024-01-30T22:17:52.011+0000] {dagbag.py:538} INFO - Filling up the DagBag from /home/airflow/.local/lib/python3.8/site-packages/airflow/example_dags/example_kubernetes_executor.py
[2024-01-30T22:17:52.029+0000] {processor.py:840} INFO - DAG(s) 'example_kubernetes_executor' retrieved from /home/airflow/.local/lib/python3.8/site-packages/airflow/example_dags/example_kubernetes_executor.py
[2024-01-30T22:17:52.077+0000] {logging_mixin.py:188} INFO - [2024-01-30T22:17:52.077+0000] {dag.py:3036} INFO - Sync 1 DAGs
[2024-01-30T22:17:52.093+0000] {logging_mixin.py:188} INFO - [2024-01-30T22:17:52.092+0000] {dag.py:3823} INFO - Setting next_dagrun for example_kubernetes_executor to None, run_after=None
[2024-01-30T22:17:52.124+0000] {processor.py:183} INFO - Processing /home/airflow/.local/lib/python3.8/site-packages/airflow/example_dags/example_kubernetes_executor.py took 0.121 seconds
[2024-01-30T22:18:22.551+0000] {processor.py:161} INFO - Started process (PID=2824) to work on /home/airflow/.local/lib/python3.8/site-packages/airflow/example_dags/example_kubernetes_executor.py
[2024-01-30T22:18:22.552+0000] {processor.py:830} INFO - Processing file /home/airflow/.local/lib/python3.8/site-packages/airflow/example_dags/example_kubernetes_executor.py for tasks to queue
[2024-01-30T22:18:22.554+0000] {logging_mixin.py:188} INFO - [2024-01-30T22:18:22.554+0000] {dagbag.py:538} INFO - Filling up the DagBag from /home/airflow/.local/lib/python3.8/site-packages/airflow/example_dags/example_kubernetes_executor.py
[2024-01-30T22:18:22.569+0000] {processor.py:840} INFO - DAG(s) 'example_kubernetes_executor' retrieved from /home/airflow/.local/lib/python3.8/site-packages/airflow/example_dags/example_kubernetes_executor.py
[2024-01-30T22:18:22.621+0000] {logging_mixin.py:188} INFO - [2024-01-30T22:18:22.620+0000] {dag.py:3036} INFO - Sync 1 DAGs
[2024-01-30T22:18:22.640+0000] {logging_mixin.py:188} INFO - [2024-01-30T22:18:22.639+0000] {dag.py:3823} INFO - Setting next_dagrun for example_kubernetes_executor to None, run_after=None
[2024-01-30T22:18:22.672+0000] {processor.py:183} INFO - Processing /home/airflow/.local/lib/python3.8/site-packages/airflow/example_dags/example_kubernetes_executor.py took 0.125 seconds
[2024-01-30T22:18:53.211+0000] {processor.py:161} INFO - Started process (PID=2882) to work on /home/airflow/.local/lib/python3.8/site-packages/airflow/example_dags/example_kubernetes_executor.py
[2024-01-30T22:18:53.213+0000] {processor.py:830} INFO - Processing file /home/airflow/.local/lib/python3.8/site-packages/airflow/example_dags/example_kubernetes_executor.py for tasks to queue
[2024-01-30T22:18:53.215+0000] {logging_mixin.py:188} INFO - [2024-01-30T22:18:53.214+0000] {dagbag.py:538} INFO - Filling up the DagBag from /home/airflow/.local/lib/python3.8/site-packages/airflow/example_dags/example_kubernetes_executor.py
[2024-01-30T22:18:53.236+0000] {processor.py:840} INFO - DAG(s) 'example_kubernetes_executor' retrieved from /home/airflow/.local/lib/python3.8/site-packages/airflow/example_dags/example_kubernetes_executor.py
[2024-01-30T22:18:53.463+0000] {logging_mixin.py:188} INFO - [2024-01-30T22:18:53.463+0000] {dag.py:3036} INFO - Sync 1 DAGs
[2024-01-30T22:18:53.480+0000] {logging_mixin.py:188} INFO - [2024-01-30T22:18:53.480+0000] {dag.py:3823} INFO - Setting next_dagrun for example_kubernetes_executor to None, run_after=None
[2024-01-30T22:18:53.512+0000] {processor.py:183} INFO - Processing /home/airflow/.local/lib/python3.8/site-packages/airflow/example_dags/example_kubernetes_executor.py took 0.304 seconds
[2024-01-30T22:19:24.029+0000] {processor.py:161} INFO - Started process (PID=2938) to work on /home/airflow/.local/lib/python3.8/site-packages/airflow/example_dags/example_kubernetes_executor.py
[2024-01-30T22:19:24.030+0000] {processor.py:830} INFO - Processing file /home/airflow/.local/lib/python3.8/site-packages/airflow/example_dags/example_kubernetes_executor.py for tasks to queue
[2024-01-30T22:19:24.031+0000] {logging_mixin.py:188} INFO - [2024-01-30T22:19:24.031+0000] {dagbag.py:538} INFO - Filling up the DagBag from /home/airflow/.local/lib/python3.8/site-packages/airflow/example_dags/example_kubernetes_executor.py
[2024-01-30T22:19:24.042+0000] {processor.py:840} INFO - DAG(s) 'example_kubernetes_executor' retrieved from /home/airflow/.local/lib/python3.8/site-packages/airflow/example_dags/example_kubernetes_executor.py
[2024-01-30T22:19:24.085+0000] {logging_mixin.py:188} INFO - [2024-01-30T22:19:24.084+0000] {dag.py:3036} INFO - Sync 1 DAGs
[2024-01-30T22:19:24.216+0000] {logging_mixin.py:188} INFO - [2024-01-30T22:19:24.216+0000] {dag.py:3823} INFO - Setting next_dagrun for example_kubernetes_executor to None, run_after=None
[2024-01-30T22:19:24.280+0000] {processor.py:183} INFO - Processing /home/airflow/.local/lib/python3.8/site-packages/airflow/example_dags/example_kubernetes_executor.py took 0.254 seconds
[2024-01-30T22:19:54.332+0000] {processor.py:161} INFO - Started process (PID=2995) to work on /home/airflow/.local/lib/python3.8/site-packages/airflow/example_dags/example_kubernetes_executor.py
[2024-01-30T22:19:54.334+0000] {processor.py:830} INFO - Processing file /home/airflow/.local/lib/python3.8/site-packages/airflow/example_dags/example_kubernetes_executor.py for tasks to queue
[2024-01-30T22:19:54.335+0000] {logging_mixin.py:188} INFO - [2024-01-30T22:19:54.335+0000] {dagbag.py:538} INFO - Filling up the DagBag from /home/airflow/.local/lib/python3.8/site-packages/airflow/example_dags/example_kubernetes_executor.py
[2024-01-30T22:19:54.346+0000] {processor.py:840} INFO - DAG(s) 'example_kubernetes_executor' retrieved from /home/airflow/.local/lib/python3.8/site-packages/airflow/example_dags/example_kubernetes_executor.py
[2024-01-30T22:19:54.386+0000] {logging_mixin.py:188} INFO - [2024-01-30T22:19:54.385+0000] {dag.py:3036} INFO - Sync 1 DAGs
[2024-01-30T22:19:54.400+0000] {logging_mixin.py:188} INFO - [2024-01-30T22:19:54.400+0000] {dag.py:3823} INFO - Setting next_dagrun for example_kubernetes_executor to None, run_after=None
[2024-01-30T22:19:54.424+0000] {processor.py:183} INFO - Processing /home/airflow/.local/lib/python3.8/site-packages/airflow/example_dags/example_kubernetes_executor.py took 0.094 seconds
[2024-01-30T22:20:25.066+0000] {processor.py:161} INFO - Started process (PID=3052) to work on /home/airflow/.local/lib/python3.8/site-packages/airflow/example_dags/example_kubernetes_executor.py
[2024-01-30T22:20:25.067+0000] {processor.py:830} INFO - Processing file /home/airflow/.local/lib/python3.8/site-packages/airflow/example_dags/example_kubernetes_executor.py for tasks to queue
[2024-01-30T22:20:25.068+0000] {logging_mixin.py:188} INFO - [2024-01-30T22:20:25.068+0000] {dagbag.py:538} INFO - Filling up the DagBag from /home/airflow/.local/lib/python3.8/site-packages/airflow/example_dags/example_kubernetes_executor.py
[2024-01-30T22:20:25.080+0000] {processor.py:840} INFO - DAG(s) 'example_kubernetes_executor' retrieved from /home/airflow/.local/lib/python3.8/site-packages/airflow/example_dags/example_kubernetes_executor.py
[2024-01-30T22:20:25.126+0000] {logging_mixin.py:188} INFO - [2024-01-30T22:20:25.125+0000] {dag.py:3036} INFO - Sync 1 DAGs
[2024-01-30T22:20:25.140+0000] {logging_mixin.py:188} INFO - [2024-01-30T22:20:25.139+0000] {dag.py:3823} INFO - Setting next_dagrun for example_kubernetes_executor to None, run_after=None
[2024-01-30T22:20:25.164+0000] {processor.py:183} INFO - Processing /home/airflow/.local/lib/python3.8/site-packages/airflow/example_dags/example_kubernetes_executor.py took 0.101 seconds
[2024-01-30T22:20:55.321+0000] {processor.py:161} INFO - Started process (PID=3115) to work on /home/airflow/.local/lib/python3.8/site-packages/airflow/example_dags/example_kubernetes_executor.py
[2024-01-30T22:20:55.323+0000] {processor.py:830} INFO - Processing file /home/airflow/.local/lib/python3.8/site-packages/airflow/example_dags/example_kubernetes_executor.py for tasks to queue
[2024-01-30T22:20:55.324+0000] {logging_mixin.py:188} INFO - [2024-01-30T22:20:55.324+0000] {dagbag.py:538} INFO - Filling up the DagBag from /home/airflow/.local/lib/python3.8/site-packages/airflow/example_dags/example_kubernetes_executor.py
[2024-01-30T22:20:55.338+0000] {processor.py:840} INFO - DAG(s) 'example_kubernetes_executor' retrieved from /home/airflow/.local/lib/python3.8/site-packages/airflow/example_dags/example_kubernetes_executor.py
[2024-01-30T22:20:55.381+0000] {logging_mixin.py:188} INFO - [2024-01-30T22:20:55.381+0000] {dag.py:3036} INFO - Sync 1 DAGs
[2024-01-30T22:20:55.394+0000] {logging_mixin.py:188} INFO - [2024-01-30T22:20:55.394+0000] {dag.py:3823} INFO - Setting next_dagrun for example_kubernetes_executor to None, run_after=None
[2024-01-30T22:20:55.422+0000] {processor.py:183} INFO - Processing /home/airflow/.local/lib/python3.8/site-packages/airflow/example_dags/example_kubernetes_executor.py took 0.104 seconds
[2024-01-30T22:21:25.991+0000] {processor.py:161} INFO - Started process (PID=3172) to work on /home/airflow/.local/lib/python3.8/site-packages/airflow/example_dags/example_kubernetes_executor.py
[2024-01-30T22:21:25.993+0000] {processor.py:830} INFO - Processing file /home/airflow/.local/lib/python3.8/site-packages/airflow/example_dags/example_kubernetes_executor.py for tasks to queue
[2024-01-30T22:21:25.994+0000] {logging_mixin.py:188} INFO - [2024-01-30T22:21:25.994+0000] {dagbag.py:538} INFO - Filling up the DagBag from /home/airflow/.local/lib/python3.8/site-packages/airflow/example_dags/example_kubernetes_executor.py
[2024-01-30T22:21:26.007+0000] {processor.py:840} INFO - DAG(s) 'example_kubernetes_executor' retrieved from /home/airflow/.local/lib/python3.8/site-packages/airflow/example_dags/example_kubernetes_executor.py
[2024-01-30T22:21:26.047+0000] {logging_mixin.py:188} INFO - [2024-01-30T22:21:26.046+0000] {dag.py:3036} INFO - Sync 1 DAGs
[2024-01-30T22:21:26.059+0000] {logging_mixin.py:188} INFO - [2024-01-30T22:21:26.059+0000] {dag.py:3823} INFO - Setting next_dagrun for example_kubernetes_executor to None, run_after=None
[2024-01-30T22:21:26.106+0000] {processor.py:183} INFO - Processing /home/airflow/.local/lib/python3.8/site-packages/airflow/example_dags/example_kubernetes_executor.py took 0.118 seconds
[2024-01-30T22:21:56.531+0000] {processor.py:161} INFO - Started process (PID=3229) to work on /home/airflow/.local/lib/python3.8/site-packages/airflow/example_dags/example_kubernetes_executor.py
[2024-01-30T22:21:56.532+0000] {processor.py:830} INFO - Processing file /home/airflow/.local/lib/python3.8/site-packages/airflow/example_dags/example_kubernetes_executor.py for tasks to queue
[2024-01-30T22:21:56.533+0000] {logging_mixin.py:188} INFO - [2024-01-30T22:21:56.533+0000] {dagbag.py:538} INFO - Filling up the DagBag from /home/airflow/.local/lib/python3.8/site-packages/airflow/example_dags/example_kubernetes_executor.py
[2024-01-30T22:21:56.544+0000] {processor.py:840} INFO - DAG(s) 'example_kubernetes_executor' retrieved from /home/airflow/.local/lib/python3.8/site-packages/airflow/example_dags/example_kubernetes_executor.py
[2024-01-30T22:21:56.583+0000] {logging_mixin.py:188} INFO - [2024-01-30T22:21:56.583+0000] {dag.py:3036} INFO - Sync 1 DAGs
[2024-01-30T22:21:56.597+0000] {logging_mixin.py:188} INFO - [2024-01-30T22:21:56.597+0000] {dag.py:3823} INFO - Setting next_dagrun for example_kubernetes_executor to None, run_after=None
[2024-01-30T22:21:56.620+0000] {processor.py:183} INFO - Processing /home/airflow/.local/lib/python3.8/site-packages/airflow/example_dags/example_kubernetes_executor.py took 0.091 seconds
[2024-01-30T22:22:27.132+0000] {processor.py:161} INFO - Started process (PID=3286) to work on /home/airflow/.local/lib/python3.8/site-packages/airflow/example_dags/example_kubernetes_executor.py
[2024-01-30T22:22:27.133+0000] {processor.py:830} INFO - Processing file /home/airflow/.local/lib/python3.8/site-packages/airflow/example_dags/example_kubernetes_executor.py for tasks to queue
[2024-01-30T22:22:27.135+0000] {logging_mixin.py:188} INFO - [2024-01-30T22:22:27.135+0000] {dagbag.py:538} INFO - Filling up the DagBag from /home/airflow/.local/lib/python3.8/site-packages/airflow/example_dags/example_kubernetes_executor.py
[2024-01-30T22:22:27.151+0000] {processor.py:840} INFO - DAG(s) 'example_kubernetes_executor' retrieved from /home/airflow/.local/lib/python3.8/site-packages/airflow/example_dags/example_kubernetes_executor.py
[2024-01-30T22:22:27.195+0000] {logging_mixin.py:188} INFO - [2024-01-30T22:22:27.195+0000] {dag.py:3036} INFO - Sync 1 DAGs
[2024-01-30T22:22:27.208+0000] {logging_mixin.py:188} INFO - [2024-01-30T22:22:27.207+0000] {dag.py:3823} INFO - Setting next_dagrun for example_kubernetes_executor to None, run_after=None
[2024-01-30T22:22:27.230+0000] {processor.py:183} INFO - Processing /home/airflow/.local/lib/python3.8/site-packages/airflow/example_dags/example_kubernetes_executor.py took 0.101 seconds
[2024-01-30T22:22:57.493+0000] {processor.py:161} INFO - Started process (PID=3343) to work on /home/airflow/.local/lib/python3.8/site-packages/airflow/example_dags/example_kubernetes_executor.py
[2024-01-30T22:22:57.495+0000] {processor.py:830} INFO - Processing file /home/airflow/.local/lib/python3.8/site-packages/airflow/example_dags/example_kubernetes_executor.py for tasks to queue
[2024-01-30T22:22:57.497+0000] {logging_mixin.py:188} INFO - [2024-01-30T22:22:57.497+0000] {dagbag.py:538} INFO - Filling up the DagBag from /home/airflow/.local/lib/python3.8/site-packages/airflow/example_dags/example_kubernetes_executor.py
[2024-01-30T22:22:57.515+0000] {processor.py:840} INFO - DAG(s) 'example_kubernetes_executor' retrieved from /home/airflow/.local/lib/python3.8/site-packages/airflow/example_dags/example_kubernetes_executor.py
[2024-01-30T22:22:57.562+0000] {logging_mixin.py:188} INFO - [2024-01-30T22:22:57.562+0000] {dag.py:3036} INFO - Sync 1 DAGs
[2024-01-30T22:22:57.576+0000] {logging_mixin.py:188} INFO - [2024-01-30T22:22:57.575+0000] {dag.py:3823} INFO - Setting next_dagrun for example_kubernetes_executor to None, run_after=None
[2024-01-30T22:22:57.602+0000] {processor.py:183} INFO - Processing /home/airflow/.local/lib/python3.8/site-packages/airflow/example_dags/example_kubernetes_executor.py took 0.112 seconds
