[2024-01-30T21:53:10.383+0000] {processor.py:161} INFO - Started process (PID=62) to work on /home/airflow/.local/lib/python3.8/site-packages/airflow/example_dags/example_short_circuit_decorator.py
[2024-01-30T21:53:10.384+0000] {processor.py:830} INFO - Processing file /home/airflow/.local/lib/python3.8/site-packages/airflow/example_dags/example_short_circuit_decorator.py for tasks to queue
[2024-01-30T21:53:10.387+0000] {logging_mixin.py:188} INFO - [2024-01-30T21:53:10.387+0000] {dagbag.py:538} INFO - Filling up the DagBag from /home/airflow/.local/lib/python3.8/site-packages/airflow/example_dags/example_short_circuit_decorator.py
[2024-01-30T21:53:10.415+0000] {processor.py:840} INFO - DAG(s) 'example_short_circuit_decorator' retrieved from /home/airflow/.local/lib/python3.8/site-packages/airflow/example_dags/example_short_circuit_decorator.py
[2024-01-30T21:53:10.711+0000] {logging_mixin.py:188} INFO - [2024-01-30T21:53:10.711+0000] {dag.py:3036} INFO - Sync 1 DAGs
[2024-01-30T21:53:10.746+0000] {logging_mixin.py:188} INFO - [2024-01-30T21:53:10.746+0000] {dag.py:3823} INFO - Setting next_dagrun for example_short_circuit_decorator to 2024-01-29 00:00:00+00:00, run_after=2024-01-30 00:00:00+00:00
[2024-01-30T21:53:10.815+0000] {processor.py:183} INFO - Processing /home/airflow/.local/lib/python3.8/site-packages/airflow/example_dags/example_short_circuit_decorator.py took 0.436 seconds
[2024-01-30T21:53:44.170+0000] {processor.py:161} INFO - Started process (PID=117) to work on /home/airflow/.local/lib/python3.8/site-packages/airflow/example_dags/example_short_circuit_decorator.py
[2024-01-30T21:53:44.176+0000] {processor.py:830} INFO - Processing file /home/airflow/.local/lib/python3.8/site-packages/airflow/example_dags/example_short_circuit_decorator.py for tasks to queue
[2024-01-30T21:53:44.201+0000] {logging_mixin.py:188} INFO - [2024-01-30T21:53:44.201+0000] {dagbag.py:538} INFO - Filling up the DagBag from /home/airflow/.local/lib/python3.8/site-packages/airflow/example_dags/example_short_circuit_decorator.py
[2024-01-30T21:53:44.623+0000] {processor.py:840} INFO - DAG(s) 'example_short_circuit_decorator' retrieved from /home/airflow/.local/lib/python3.8/site-packages/airflow/example_dags/example_short_circuit_decorator.py
[2024-01-30T21:53:44.700+0000] {logging_mixin.py:188} INFO - [2024-01-30T21:53:44.699+0000] {dag.py:3036} INFO - Sync 1 DAGs
[2024-01-30T21:53:44.795+0000] {logging_mixin.py:188} INFO - [2024-01-30T21:53:44.794+0000] {dag.py:3823} INFO - Setting next_dagrun for example_short_circuit_decorator to 2024-01-29 00:00:00+00:00, run_after=2024-01-30 00:00:00+00:00
[2024-01-30T21:53:44.890+0000] {processor.py:183} INFO - Processing /home/airflow/.local/lib/python3.8/site-packages/airflow/example_dags/example_short_circuit_decorator.py took 0.725 seconds
[2024-01-30T21:54:15.709+0000] {processor.py:161} INFO - Started process (PID=172) to work on /home/airflow/.local/lib/python3.8/site-packages/airflow/example_dags/example_short_circuit_decorator.py
[2024-01-30T21:54:15.738+0000] {processor.py:830} INFO - Processing file /home/airflow/.local/lib/python3.8/site-packages/airflow/example_dags/example_short_circuit_decorator.py for tasks to queue
[2024-01-30T21:54:15.741+0000] {logging_mixin.py:188} INFO - [2024-01-30T21:54:15.740+0000] {dagbag.py:538} INFO - Filling up the DagBag from /home/airflow/.local/lib/python3.8/site-packages/airflow/example_dags/example_short_circuit_decorator.py
[2024-01-30T21:54:15.749+0000] {processor.py:840} INFO - DAG(s) 'example_short_circuit_decorator' retrieved from /home/airflow/.local/lib/python3.8/site-packages/airflow/example_dags/example_short_circuit_decorator.py
[2024-01-30T21:54:15.773+0000] {logging_mixin.py:188} INFO - [2024-01-30T21:54:15.773+0000] {dag.py:3036} INFO - Sync 1 DAGs
[2024-01-30T21:54:15.795+0000] {logging_mixin.py:188} INFO - [2024-01-30T21:54:15.795+0000] {dag.py:3823} INFO - Setting next_dagrun for example_short_circuit_decorator to 2024-01-29 00:00:00+00:00, run_after=2024-01-30 00:00:00+00:00
[2024-01-30T21:54:15.823+0000] {processor.py:183} INFO - Processing /home/airflow/.local/lib/python3.8/site-packages/airflow/example_dags/example_short_circuit_decorator.py took 0.116 seconds
[2024-01-30T21:54:46.855+0000] {processor.py:161} INFO - Started process (PID=227) to work on /home/airflow/.local/lib/python3.8/site-packages/airflow/example_dags/example_short_circuit_decorator.py
[2024-01-30T21:54:46.856+0000] {processor.py:830} INFO - Processing file /home/airflow/.local/lib/python3.8/site-packages/airflow/example_dags/example_short_circuit_decorator.py for tasks to queue
[2024-01-30T21:54:46.860+0000] {logging_mixin.py:188} INFO - [2024-01-30T21:54:46.859+0000] {dagbag.py:538} INFO - Filling up the DagBag from /home/airflow/.local/lib/python3.8/site-packages/airflow/example_dags/example_short_circuit_decorator.py
[2024-01-30T21:54:46.870+0000] {processor.py:840} INFO - DAG(s) 'example_short_circuit_decorator' retrieved from /home/airflow/.local/lib/python3.8/site-packages/airflow/example_dags/example_short_circuit_decorator.py
[2024-01-30T21:54:46.892+0000] {logging_mixin.py:188} INFO - [2024-01-30T21:54:46.892+0000] {dag.py:3036} INFO - Sync 1 DAGs
[2024-01-30T21:54:46.916+0000] {logging_mixin.py:188} INFO - [2024-01-30T21:54:46.915+0000] {dag.py:3823} INFO - Setting next_dagrun for example_short_circuit_decorator to 2024-01-29 00:00:00+00:00, run_after=2024-01-30 00:00:00+00:00
[2024-01-30T21:54:46.941+0000] {processor.py:183} INFO - Processing /home/airflow/.local/lib/python3.8/site-packages/airflow/example_dags/example_short_circuit_decorator.py took 0.089 seconds
[2024-01-30T21:55:17.090+0000] {processor.py:161} INFO - Started process (PID=282) to work on /home/airflow/.local/lib/python3.8/site-packages/airflow/example_dags/example_short_circuit_decorator.py
[2024-01-30T21:55:17.093+0000] {processor.py:830} INFO - Processing file /home/airflow/.local/lib/python3.8/site-packages/airflow/example_dags/example_short_circuit_decorator.py for tasks to queue
[2024-01-30T21:55:17.096+0000] {logging_mixin.py:188} INFO - [2024-01-30T21:55:17.095+0000] {dagbag.py:538} INFO - Filling up the DagBag from /home/airflow/.local/lib/python3.8/site-packages/airflow/example_dags/example_short_circuit_decorator.py
[2024-01-30T21:55:17.108+0000] {processor.py:840} INFO - DAG(s) 'example_short_circuit_decorator' retrieved from /home/airflow/.local/lib/python3.8/site-packages/airflow/example_dags/example_short_circuit_decorator.py
[2024-01-30T21:55:17.160+0000] {logging_mixin.py:188} INFO - [2024-01-30T21:55:17.160+0000] {dag.py:3036} INFO - Sync 1 DAGs
[2024-01-30T21:55:17.204+0000] {logging_mixin.py:188} INFO - [2024-01-30T21:55:17.203+0000] {dag.py:3823} INFO - Setting next_dagrun for example_short_circuit_decorator to 2024-01-29 00:00:00+00:00, run_after=2024-01-30 00:00:00+00:00
[2024-01-30T21:55:17.267+0000] {processor.py:183} INFO - Processing /home/airflow/.local/lib/python3.8/site-packages/airflow/example_dags/example_short_circuit_decorator.py took 0.181 seconds
[2024-01-30T21:55:47.381+0000] {processor.py:161} INFO - Started process (PID=337) to work on /home/airflow/.local/lib/python3.8/site-packages/airflow/example_dags/example_short_circuit_decorator.py
[2024-01-30T21:55:47.383+0000] {processor.py:830} INFO - Processing file /home/airflow/.local/lib/python3.8/site-packages/airflow/example_dags/example_short_circuit_decorator.py for tasks to queue
[2024-01-30T21:55:47.385+0000] {logging_mixin.py:188} INFO - [2024-01-30T21:55:47.384+0000] {dagbag.py:538} INFO - Filling up the DagBag from /home/airflow/.local/lib/python3.8/site-packages/airflow/example_dags/example_short_circuit_decorator.py
[2024-01-30T21:55:47.392+0000] {processor.py:840} INFO - DAG(s) 'example_short_circuit_decorator' retrieved from /home/airflow/.local/lib/python3.8/site-packages/airflow/example_dags/example_short_circuit_decorator.py
[2024-01-30T21:55:47.415+0000] {logging_mixin.py:188} INFO - [2024-01-30T21:55:47.415+0000] {dag.py:3036} INFO - Sync 1 DAGs
[2024-01-30T21:55:47.438+0000] {logging_mixin.py:188} INFO - [2024-01-30T21:55:47.437+0000] {dag.py:3823} INFO - Setting next_dagrun for example_short_circuit_decorator to 2024-01-29 00:00:00+00:00, run_after=2024-01-30 00:00:00+00:00
[2024-01-30T21:55:47.463+0000] {processor.py:183} INFO - Processing /home/airflow/.local/lib/python3.8/site-packages/airflow/example_dags/example_short_circuit_decorator.py took 0.084 seconds
[2024-01-30T21:56:17.551+0000] {processor.py:161} INFO - Started process (PID=392) to work on /home/airflow/.local/lib/python3.8/site-packages/airflow/example_dags/example_short_circuit_decorator.py
[2024-01-30T21:56:17.553+0000] {processor.py:830} INFO - Processing file /home/airflow/.local/lib/python3.8/site-packages/airflow/example_dags/example_short_circuit_decorator.py for tasks to queue
[2024-01-30T21:56:17.555+0000] {logging_mixin.py:188} INFO - [2024-01-30T21:56:17.555+0000] {dagbag.py:538} INFO - Filling up the DagBag from /home/airflow/.local/lib/python3.8/site-packages/airflow/example_dags/example_short_circuit_decorator.py
[2024-01-30T21:56:17.568+0000] {processor.py:840} INFO - DAG(s) 'example_short_circuit_decorator' retrieved from /home/airflow/.local/lib/python3.8/site-packages/airflow/example_dags/example_short_circuit_decorator.py
[2024-01-30T21:56:17.604+0000] {logging_mixin.py:188} INFO - [2024-01-30T21:56:17.604+0000] {dag.py:3036} INFO - Sync 1 DAGs
[2024-01-30T21:56:17.638+0000] {logging_mixin.py:188} INFO - [2024-01-30T21:56:17.637+0000] {dag.py:3823} INFO - Setting next_dagrun for example_short_circuit_decorator to 2024-01-29 00:00:00+00:00, run_after=2024-01-30 00:00:00+00:00
[2024-01-30T21:56:17.666+0000] {processor.py:183} INFO - Processing /home/airflow/.local/lib/python3.8/site-packages/airflow/example_dags/example_short_circuit_decorator.py took 0.118 seconds
[2024-01-30T21:56:47.820+0000] {processor.py:161} INFO - Started process (PID=447) to work on /home/airflow/.local/lib/python3.8/site-packages/airflow/example_dags/example_short_circuit_decorator.py
[2024-01-30T21:56:47.822+0000] {processor.py:830} INFO - Processing file /home/airflow/.local/lib/python3.8/site-packages/airflow/example_dags/example_short_circuit_decorator.py for tasks to queue
[2024-01-30T21:56:47.824+0000] {logging_mixin.py:188} INFO - [2024-01-30T21:56:47.824+0000] {dagbag.py:538} INFO - Filling up the DagBag from /home/airflow/.local/lib/python3.8/site-packages/airflow/example_dags/example_short_circuit_decorator.py
[2024-01-30T21:56:47.832+0000] {processor.py:840} INFO - DAG(s) 'example_short_circuit_decorator' retrieved from /home/airflow/.local/lib/python3.8/site-packages/airflow/example_dags/example_short_circuit_decorator.py
[2024-01-30T21:56:47.855+0000] {logging_mixin.py:188} INFO - [2024-01-30T21:56:47.855+0000] {dag.py:3036} INFO - Sync 1 DAGs
[2024-01-30T21:56:47.879+0000] {logging_mixin.py:188} INFO - [2024-01-30T21:56:47.878+0000] {dag.py:3823} INFO - Setting next_dagrun for example_short_circuit_decorator to 2024-01-29 00:00:00+00:00, run_after=2024-01-30 00:00:00+00:00
[2024-01-30T21:56:47.906+0000] {processor.py:183} INFO - Processing /home/airflow/.local/lib/python3.8/site-packages/airflow/example_dags/example_short_circuit_decorator.py took 0.088 seconds
[2024-01-30T21:57:18.250+0000] {processor.py:161} INFO - Started process (PID=502) to work on /home/airflow/.local/lib/python3.8/site-packages/airflow/example_dags/example_short_circuit_decorator.py
[2024-01-30T21:57:18.252+0000] {processor.py:830} INFO - Processing file /home/airflow/.local/lib/python3.8/site-packages/airflow/example_dags/example_short_circuit_decorator.py for tasks to queue
[2024-01-30T21:57:18.254+0000] {logging_mixin.py:188} INFO - [2024-01-30T21:57:18.254+0000] {dagbag.py:538} INFO - Filling up the DagBag from /home/airflow/.local/lib/python3.8/site-packages/airflow/example_dags/example_short_circuit_decorator.py
[2024-01-30T21:57:18.267+0000] {processor.py:840} INFO - DAG(s) 'example_short_circuit_decorator' retrieved from /home/airflow/.local/lib/python3.8/site-packages/airflow/example_dags/example_short_circuit_decorator.py
[2024-01-30T21:57:18.301+0000] {logging_mixin.py:188} INFO - [2024-01-30T21:57:18.301+0000] {dag.py:3036} INFO - Sync 1 DAGs
[2024-01-30T21:57:18.336+0000] {logging_mixin.py:188} INFO - [2024-01-30T21:57:18.335+0000] {dag.py:3823} INFO - Setting next_dagrun for example_short_circuit_decorator to 2024-01-29 00:00:00+00:00, run_after=2024-01-30 00:00:00+00:00
[2024-01-30T21:57:18.375+0000] {processor.py:183} INFO - Processing /home/airflow/.local/lib/python3.8/site-packages/airflow/example_dags/example_short_circuit_decorator.py took 0.129 seconds
[2024-01-30T21:57:49.131+0000] {processor.py:161} INFO - Started process (PID=557) to work on /home/airflow/.local/lib/python3.8/site-packages/airflow/example_dags/example_short_circuit_decorator.py
[2024-01-30T21:57:49.144+0000] {processor.py:830} INFO - Processing file /home/airflow/.local/lib/python3.8/site-packages/airflow/example_dags/example_short_circuit_decorator.py for tasks to queue
[2024-01-30T21:57:49.175+0000] {logging_mixin.py:188} INFO - [2024-01-30T21:57:49.163+0000] {dagbag.py:538} INFO - Filling up the DagBag from /home/airflow/.local/lib/python3.8/site-packages/airflow/example_dags/example_short_circuit_decorator.py
[2024-01-30T21:57:49.412+0000] {processor.py:840} INFO - DAG(s) 'example_short_circuit_decorator' retrieved from /home/airflow/.local/lib/python3.8/site-packages/airflow/example_dags/example_short_circuit_decorator.py
[2024-01-30T21:57:49.987+0000] {logging_mixin.py:188} INFO - [2024-01-30T21:57:49.984+0000] {dag.py:3036} INFO - Sync 1 DAGs
[2024-01-30T21:57:50.462+0000] {logging_mixin.py:188} INFO - [2024-01-30T21:57:50.455+0000] {dag.py:3823} INFO - Setting next_dagrun for example_short_circuit_decorator to 2024-01-29 00:00:00+00:00, run_after=2024-01-30 00:00:00+00:00
[2024-01-30T21:57:50.799+0000] {processor.py:183} INFO - Processing /home/airflow/.local/lib/python3.8/site-packages/airflow/example_dags/example_short_circuit_decorator.py took 1.722 seconds
[2024-01-30T21:58:21.388+0000] {processor.py:161} INFO - Started process (PID=613) to work on /home/airflow/.local/lib/python3.8/site-packages/airflow/example_dags/example_short_circuit_decorator.py
[2024-01-30T21:58:21.389+0000] {processor.py:830} INFO - Processing file /home/airflow/.local/lib/python3.8/site-packages/airflow/example_dags/example_short_circuit_decorator.py for tasks to queue
[2024-01-30T21:58:21.391+0000] {logging_mixin.py:188} INFO - [2024-01-30T21:58:21.390+0000] {dagbag.py:538} INFO - Filling up the DagBag from /home/airflow/.local/lib/python3.8/site-packages/airflow/example_dags/example_short_circuit_decorator.py
[2024-01-30T21:58:21.403+0000] {processor.py:840} INFO - DAG(s) 'example_short_circuit_decorator' retrieved from /home/airflow/.local/lib/python3.8/site-packages/airflow/example_dags/example_short_circuit_decorator.py
[2024-01-30T21:58:21.437+0000] {logging_mixin.py:188} INFO - [2024-01-30T21:58:21.436+0000] {dag.py:3036} INFO - Sync 1 DAGs
[2024-01-30T21:58:21.464+0000] {logging_mixin.py:188} INFO - [2024-01-30T21:58:21.464+0000] {dag.py:3823} INFO - Setting next_dagrun for example_short_circuit_decorator to 2024-01-29 00:00:00+00:00, run_after=2024-01-30 00:00:00+00:00
[2024-01-30T21:58:21.505+0000] {processor.py:183} INFO - Processing /home/airflow/.local/lib/python3.8/site-packages/airflow/example_dags/example_short_circuit_decorator.py took 0.120 seconds
[2024-01-30T21:58:51.824+0000] {processor.py:161} INFO - Started process (PID=674) to work on /home/airflow/.local/lib/python3.8/site-packages/airflow/example_dags/example_short_circuit_decorator.py
[2024-01-30T21:58:51.826+0000] {processor.py:830} INFO - Processing file /home/airflow/.local/lib/python3.8/site-packages/airflow/example_dags/example_short_circuit_decorator.py for tasks to queue
[2024-01-30T21:58:51.827+0000] {logging_mixin.py:188} INFO - [2024-01-30T21:58:51.826+0000] {dagbag.py:538} INFO - Filling up the DagBag from /home/airflow/.local/lib/python3.8/site-packages/airflow/example_dags/example_short_circuit_decorator.py
[2024-01-30T21:58:51.836+0000] {processor.py:840} INFO - DAG(s) 'example_short_circuit_decorator' retrieved from /home/airflow/.local/lib/python3.8/site-packages/airflow/example_dags/example_short_circuit_decorator.py
[2024-01-30T21:58:51.864+0000] {logging_mixin.py:188} INFO - [2024-01-30T21:58:51.863+0000] {dag.py:3036} INFO - Sync 1 DAGs
[2024-01-30T21:58:51.890+0000] {logging_mixin.py:188} INFO - [2024-01-30T21:58:51.890+0000] {dag.py:3823} INFO - Setting next_dagrun for example_short_circuit_decorator to 2024-01-29 00:00:00+00:00, run_after=2024-01-30 00:00:00+00:00
[2024-01-30T21:58:51.944+0000] {processor.py:183} INFO - Processing /home/airflow/.local/lib/python3.8/site-packages/airflow/example_dags/example_short_circuit_decorator.py took 0.123 seconds
[2024-01-30T21:59:22.230+0000] {processor.py:161} INFO - Started process (PID=733) to work on /home/airflow/.local/lib/python3.8/site-packages/airflow/example_dags/example_short_circuit_decorator.py
[2024-01-30T21:59:22.231+0000] {processor.py:830} INFO - Processing file /home/airflow/.local/lib/python3.8/site-packages/airflow/example_dags/example_short_circuit_decorator.py for tasks to queue
[2024-01-30T21:59:22.234+0000] {logging_mixin.py:188} INFO - [2024-01-30T21:59:22.233+0000] {dagbag.py:538} INFO - Filling up the DagBag from /home/airflow/.local/lib/python3.8/site-packages/airflow/example_dags/example_short_circuit_decorator.py
[2024-01-30T21:59:22.250+0000] {processor.py:840} INFO - DAG(s) 'example_short_circuit_decorator' retrieved from /home/airflow/.local/lib/python3.8/site-packages/airflow/example_dags/example_short_circuit_decorator.py
[2024-01-30T21:59:22.300+0000] {logging_mixin.py:188} INFO - [2024-01-30T21:59:22.299+0000] {dag.py:3036} INFO - Sync 1 DAGs
[2024-01-30T21:59:22.336+0000] {logging_mixin.py:188} INFO - [2024-01-30T21:59:22.336+0000] {dag.py:3823} INFO - Setting next_dagrun for example_short_circuit_decorator to 2024-01-29 00:00:00+00:00, run_after=2024-01-30 00:00:00+00:00
[2024-01-30T21:59:22.373+0000] {processor.py:183} INFO - Processing /home/airflow/.local/lib/python3.8/site-packages/airflow/example_dags/example_short_circuit_decorator.py took 0.147 seconds
[2024-01-30T21:59:52.665+0000] {processor.py:161} INFO - Started process (PID=790) to work on /home/airflow/.local/lib/python3.8/site-packages/airflow/example_dags/example_short_circuit_decorator.py
[2024-01-30T21:59:52.666+0000] {processor.py:830} INFO - Processing file /home/airflow/.local/lib/python3.8/site-packages/airflow/example_dags/example_short_circuit_decorator.py for tasks to queue
[2024-01-30T21:59:52.668+0000] {logging_mixin.py:188} INFO - [2024-01-30T21:59:52.667+0000] {dagbag.py:538} INFO - Filling up the DagBag from /home/airflow/.local/lib/python3.8/site-packages/airflow/example_dags/example_short_circuit_decorator.py
[2024-01-30T21:59:52.676+0000] {processor.py:840} INFO - DAG(s) 'example_short_circuit_decorator' retrieved from /home/airflow/.local/lib/python3.8/site-packages/airflow/example_dags/example_short_circuit_decorator.py
[2024-01-30T21:59:52.703+0000] {logging_mixin.py:188} INFO - [2024-01-30T21:59:52.703+0000] {dag.py:3036} INFO - Sync 1 DAGs
[2024-01-30T21:59:52.730+0000] {logging_mixin.py:188} INFO - [2024-01-30T21:59:52.730+0000] {dag.py:3823} INFO - Setting next_dagrun for example_short_circuit_decorator to 2024-01-29 00:00:00+00:00, run_after=2024-01-30 00:00:00+00:00
[2024-01-30T21:59:52.799+0000] {processor.py:183} INFO - Processing /home/airflow/.local/lib/python3.8/site-packages/airflow/example_dags/example_short_circuit_decorator.py took 0.137 seconds
[2024-01-30T22:00:23.238+0000] {processor.py:161} INFO - Started process (PID=852) to work on /home/airflow/.local/lib/python3.8/site-packages/airflow/example_dags/example_short_circuit_decorator.py
[2024-01-30T22:00:23.240+0000] {processor.py:830} INFO - Processing file /home/airflow/.local/lib/python3.8/site-packages/airflow/example_dags/example_short_circuit_decorator.py for tasks to queue
[2024-01-30T22:00:23.241+0000] {logging_mixin.py:188} INFO - [2024-01-30T22:00:23.241+0000] {dagbag.py:538} INFO - Filling up the DagBag from /home/airflow/.local/lib/python3.8/site-packages/airflow/example_dags/example_short_circuit_decorator.py
[2024-01-30T22:00:23.249+0000] {processor.py:840} INFO - DAG(s) 'example_short_circuit_decorator' retrieved from /home/airflow/.local/lib/python3.8/site-packages/airflow/example_dags/example_short_circuit_decorator.py
[2024-01-30T22:00:23.272+0000] {logging_mixin.py:188} INFO - [2024-01-30T22:00:23.272+0000] {dag.py:3036} INFO - Sync 1 DAGs
[2024-01-30T22:00:23.295+0000] {logging_mixin.py:188} INFO - [2024-01-30T22:00:23.295+0000] {dag.py:3823} INFO - Setting next_dagrun for example_short_circuit_decorator to 2024-01-29 00:00:00+00:00, run_after=2024-01-30 00:00:00+00:00
[2024-01-30T22:00:23.323+0000] {processor.py:183} INFO - Processing /home/airflow/.local/lib/python3.8/site-packages/airflow/example_dags/example_short_circuit_decorator.py took 0.087 seconds
[2024-01-30T22:00:53.564+0000] {processor.py:161} INFO - Started process (PID=909) to work on /home/airflow/.local/lib/python3.8/site-packages/airflow/example_dags/example_short_circuit_decorator.py
[2024-01-30T22:00:53.565+0000] {processor.py:830} INFO - Processing file /home/airflow/.local/lib/python3.8/site-packages/airflow/example_dags/example_short_circuit_decorator.py for tasks to queue
[2024-01-30T22:00:53.567+0000] {logging_mixin.py:188} INFO - [2024-01-30T22:00:53.566+0000] {dagbag.py:538} INFO - Filling up the DagBag from /home/airflow/.local/lib/python3.8/site-packages/airflow/example_dags/example_short_circuit_decorator.py
[2024-01-30T22:00:53.575+0000] {processor.py:840} INFO - DAG(s) 'example_short_circuit_decorator' retrieved from /home/airflow/.local/lib/python3.8/site-packages/airflow/example_dags/example_short_circuit_decorator.py
[2024-01-30T22:00:53.597+0000] {logging_mixin.py:188} INFO - [2024-01-30T22:00:53.597+0000] {dag.py:3036} INFO - Sync 1 DAGs
[2024-01-30T22:00:53.618+0000] {logging_mixin.py:188} INFO - [2024-01-30T22:00:53.618+0000] {dag.py:3823} INFO - Setting next_dagrun for example_short_circuit_decorator to 2024-01-29 00:00:00+00:00, run_after=2024-01-30 00:00:00+00:00
[2024-01-30T22:00:53.642+0000] {processor.py:183} INFO - Processing /home/airflow/.local/lib/python3.8/site-packages/airflow/example_dags/example_short_circuit_decorator.py took 0.080 seconds
[2024-01-30T22:01:23.870+0000] {processor.py:161} INFO - Started process (PID=966) to work on /home/airflow/.local/lib/python3.8/site-packages/airflow/example_dags/example_short_circuit_decorator.py
[2024-01-30T22:01:23.872+0000] {processor.py:830} INFO - Processing file /home/airflow/.local/lib/python3.8/site-packages/airflow/example_dags/example_short_circuit_decorator.py for tasks to queue
[2024-01-30T22:01:23.873+0000] {logging_mixin.py:188} INFO - [2024-01-30T22:01:23.873+0000] {dagbag.py:538} INFO - Filling up the DagBag from /home/airflow/.local/lib/python3.8/site-packages/airflow/example_dags/example_short_circuit_decorator.py
[2024-01-30T22:01:23.881+0000] {processor.py:840} INFO - DAG(s) 'example_short_circuit_decorator' retrieved from /home/airflow/.local/lib/python3.8/site-packages/airflow/example_dags/example_short_circuit_decorator.py
[2024-01-30T22:01:23.906+0000] {logging_mixin.py:188} INFO - [2024-01-30T22:01:23.905+0000] {dag.py:3036} INFO - Sync 1 DAGs
[2024-01-30T22:01:23.929+0000] {logging_mixin.py:188} INFO - [2024-01-30T22:01:23.929+0000] {dag.py:3823} INFO - Setting next_dagrun for example_short_circuit_decorator to 2024-01-29 00:00:00+00:00, run_after=2024-01-30 00:00:00+00:00
[2024-01-30T22:01:23.957+0000] {processor.py:183} INFO - Processing /home/airflow/.local/lib/python3.8/site-packages/airflow/example_dags/example_short_circuit_decorator.py took 0.090 seconds
[2024-01-30T22:01:54.413+0000] {processor.py:161} INFO - Started process (PID=1023) to work on /home/airflow/.local/lib/python3.8/site-packages/airflow/example_dags/example_short_circuit_decorator.py
[2024-01-30T22:01:54.414+0000] {processor.py:830} INFO - Processing file /home/airflow/.local/lib/python3.8/site-packages/airflow/example_dags/example_short_circuit_decorator.py for tasks to queue
[2024-01-30T22:01:54.416+0000] {logging_mixin.py:188} INFO - [2024-01-30T22:01:54.415+0000] {dagbag.py:538} INFO - Filling up the DagBag from /home/airflow/.local/lib/python3.8/site-packages/airflow/example_dags/example_short_circuit_decorator.py
[2024-01-30T22:01:54.432+0000] {processor.py:840} INFO - DAG(s) 'example_short_circuit_decorator' retrieved from /home/airflow/.local/lib/python3.8/site-packages/airflow/example_dags/example_short_circuit_decorator.py
[2024-01-30T22:01:54.470+0000] {logging_mixin.py:188} INFO - [2024-01-30T22:01:54.470+0000] {dag.py:3036} INFO - Sync 1 DAGs
[2024-01-30T22:01:54.504+0000] {logging_mixin.py:188} INFO - [2024-01-30T22:01:54.504+0000] {dag.py:3823} INFO - Setting next_dagrun for example_short_circuit_decorator to 2024-01-29 00:00:00+00:00, run_after=2024-01-30 00:00:00+00:00
[2024-01-30T22:01:54.541+0000] {processor.py:183} INFO - Processing /home/airflow/.local/lib/python3.8/site-packages/airflow/example_dags/example_short_circuit_decorator.py took 0.133 seconds
[2024-01-30T22:02:25.354+0000] {processor.py:161} INFO - Started process (PID=1078) to work on /home/airflow/.local/lib/python3.8/site-packages/airflow/example_dags/example_short_circuit_decorator.py
[2024-01-30T22:02:25.355+0000] {processor.py:830} INFO - Processing file /home/airflow/.local/lib/python3.8/site-packages/airflow/example_dags/example_short_circuit_decorator.py for tasks to queue
[2024-01-30T22:02:25.357+0000] {logging_mixin.py:188} INFO - [2024-01-30T22:02:25.357+0000] {dagbag.py:538} INFO - Filling up the DagBag from /home/airflow/.local/lib/python3.8/site-packages/airflow/example_dags/example_short_circuit_decorator.py
[2024-01-30T22:02:25.371+0000] {processor.py:840} INFO - DAG(s) 'example_short_circuit_decorator' retrieved from /home/airflow/.local/lib/python3.8/site-packages/airflow/example_dags/example_short_circuit_decorator.py
[2024-01-30T22:02:25.408+0000] {logging_mixin.py:188} INFO - [2024-01-30T22:02:25.407+0000] {dag.py:3036} INFO - Sync 1 DAGs
[2024-01-30T22:02:25.441+0000] {logging_mixin.py:188} INFO - [2024-01-30T22:02:25.441+0000] {dag.py:3823} INFO - Setting next_dagrun for example_short_circuit_decorator to 2024-01-29 00:00:00+00:00, run_after=2024-01-30 00:00:00+00:00
[2024-01-30T22:02:25.521+0000] {processor.py:183} INFO - Processing /home/airflow/.local/lib/python3.8/site-packages/airflow/example_dags/example_short_circuit_decorator.py took 0.170 seconds
[2024-01-30T22:02:55.581+0000] {processor.py:161} INFO - Started process (PID=1135) to work on /home/airflow/.local/lib/python3.8/site-packages/airflow/example_dags/example_short_circuit_decorator.py
[2024-01-30T22:02:55.582+0000] {processor.py:830} INFO - Processing file /home/airflow/.local/lib/python3.8/site-packages/airflow/example_dags/example_short_circuit_decorator.py for tasks to queue
[2024-01-30T22:02:55.584+0000] {logging_mixin.py:188} INFO - [2024-01-30T22:02:55.584+0000] {dagbag.py:538} INFO - Filling up the DagBag from /home/airflow/.local/lib/python3.8/site-packages/airflow/example_dags/example_short_circuit_decorator.py
[2024-01-30T22:02:55.594+0000] {processor.py:840} INFO - DAG(s) 'example_short_circuit_decorator' retrieved from /home/airflow/.local/lib/python3.8/site-packages/airflow/example_dags/example_short_circuit_decorator.py
[2024-01-30T22:02:55.618+0000] {logging_mixin.py:188} INFO - [2024-01-30T22:02:55.618+0000] {dag.py:3036} INFO - Sync 1 DAGs
[2024-01-30T22:02:55.640+0000] {logging_mixin.py:188} INFO - [2024-01-30T22:02:55.640+0000] {dag.py:3823} INFO - Setting next_dagrun for example_short_circuit_decorator to 2024-01-29 00:00:00+00:00, run_after=2024-01-30 00:00:00+00:00
[2024-01-30T22:02:55.668+0000] {processor.py:183} INFO - Processing /home/airflow/.local/lib/python3.8/site-packages/airflow/example_dags/example_short_circuit_decorator.py took 0.090 seconds
[2024-01-30T22:03:25.806+0000] {processor.py:161} INFO - Started process (PID=1194) to work on /home/airflow/.local/lib/python3.8/site-packages/airflow/example_dags/example_short_circuit_decorator.py
[2024-01-30T22:03:25.807+0000] {processor.py:830} INFO - Processing file /home/airflow/.local/lib/python3.8/site-packages/airflow/example_dags/example_short_circuit_decorator.py for tasks to queue
[2024-01-30T22:03:25.809+0000] {logging_mixin.py:188} INFO - [2024-01-30T22:03:25.808+0000] {dagbag.py:538} INFO - Filling up the DagBag from /home/airflow/.local/lib/python3.8/site-packages/airflow/example_dags/example_short_circuit_decorator.py
[2024-01-30T22:03:25.819+0000] {processor.py:840} INFO - DAG(s) 'example_short_circuit_decorator' retrieved from /home/airflow/.local/lib/python3.8/site-packages/airflow/example_dags/example_short_circuit_decorator.py
[2024-01-30T22:03:25.845+0000] {logging_mixin.py:188} INFO - [2024-01-30T22:03:25.845+0000] {dag.py:3036} INFO - Sync 1 DAGs
[2024-01-30T22:03:25.869+0000] {logging_mixin.py:188} INFO - [2024-01-30T22:03:25.869+0000] {dag.py:3823} INFO - Setting next_dagrun for example_short_circuit_decorator to 2024-01-29 00:00:00+00:00, run_after=2024-01-30 00:00:00+00:00
[2024-01-30T22:03:25.898+0000] {processor.py:183} INFO - Processing /home/airflow/.local/lib/python3.8/site-packages/airflow/example_dags/example_short_circuit_decorator.py took 0.095 seconds
[2024-01-30T22:03:56.284+0000] {processor.py:161} INFO - Started process (PID=1253) to work on /home/airflow/.local/lib/python3.8/site-packages/airflow/example_dags/example_short_circuit_decorator.py
[2024-01-30T22:03:56.285+0000] {processor.py:830} INFO - Processing file /home/airflow/.local/lib/python3.8/site-packages/airflow/example_dags/example_short_circuit_decorator.py for tasks to queue
[2024-01-30T22:03:56.287+0000] {logging_mixin.py:188} INFO - [2024-01-30T22:03:56.286+0000] {dagbag.py:538} INFO - Filling up the DagBag from /home/airflow/.local/lib/python3.8/site-packages/airflow/example_dags/example_short_circuit_decorator.py
[2024-01-30T22:03:56.296+0000] {processor.py:840} INFO - DAG(s) 'example_short_circuit_decorator' retrieved from /home/airflow/.local/lib/python3.8/site-packages/airflow/example_dags/example_short_circuit_decorator.py
[2024-01-30T22:03:56.321+0000] {logging_mixin.py:188} INFO - [2024-01-30T22:03:56.320+0000] {dag.py:3036} INFO - Sync 1 DAGs
[2024-01-30T22:03:56.344+0000] {logging_mixin.py:188} INFO - [2024-01-30T22:03:56.344+0000] {dag.py:3823} INFO - Setting next_dagrun for example_short_circuit_decorator to 2024-01-29 00:00:00+00:00, run_after=2024-01-30 00:00:00+00:00
[2024-01-30T22:03:56.369+0000] {processor.py:183} INFO - Processing /home/airflow/.local/lib/python3.8/site-packages/airflow/example_dags/example_short_circuit_decorator.py took 0.087 seconds
[2024-01-30T22:04:27.101+0000] {processor.py:161} INFO - Started process (PID=1310) to work on /home/airflow/.local/lib/python3.8/site-packages/airflow/example_dags/example_short_circuit_decorator.py
[2024-01-30T22:04:27.103+0000] {processor.py:830} INFO - Processing file /home/airflow/.local/lib/python3.8/site-packages/airflow/example_dags/example_short_circuit_decorator.py for tasks to queue
[2024-01-30T22:04:27.107+0000] {logging_mixin.py:188} INFO - [2024-01-30T22:04:27.106+0000] {dagbag.py:538} INFO - Filling up the DagBag from /home/airflow/.local/lib/python3.8/site-packages/airflow/example_dags/example_short_circuit_decorator.py
[2024-01-30T22:04:27.121+0000] {processor.py:840} INFO - DAG(s) 'example_short_circuit_decorator' retrieved from /home/airflow/.local/lib/python3.8/site-packages/airflow/example_dags/example_short_circuit_decorator.py
[2024-01-30T22:04:27.157+0000] {logging_mixin.py:188} INFO - [2024-01-30T22:04:27.157+0000] {dag.py:3036} INFO - Sync 1 DAGs
[2024-01-30T22:04:27.185+0000] {logging_mixin.py:188} INFO - [2024-01-30T22:04:27.185+0000] {dag.py:3823} INFO - Setting next_dagrun for example_short_circuit_decorator to 2024-01-29 00:00:00+00:00, run_after=2024-01-30 00:00:00+00:00
[2024-01-30T22:04:27.215+0000] {processor.py:183} INFO - Processing /home/airflow/.local/lib/python3.8/site-packages/airflow/example_dags/example_short_circuit_decorator.py took 0.118 seconds
[2024-01-30T22:04:57.485+0000] {processor.py:161} INFO - Started process (PID=1367) to work on /home/airflow/.local/lib/python3.8/site-packages/airflow/example_dags/example_short_circuit_decorator.py
[2024-01-30T22:04:57.494+0000] {processor.py:830} INFO - Processing file /home/airflow/.local/lib/python3.8/site-packages/airflow/example_dags/example_short_circuit_decorator.py for tasks to queue
[2024-01-30T22:04:57.503+0000] {logging_mixin.py:188} INFO - [2024-01-30T22:04:57.501+0000] {dagbag.py:538} INFO - Filling up the DagBag from /home/airflow/.local/lib/python3.8/site-packages/airflow/example_dags/example_short_circuit_decorator.py
[2024-01-30T22:04:57.597+0000] {processor.py:840} INFO - DAG(s) 'example_short_circuit_decorator' retrieved from /home/airflow/.local/lib/python3.8/site-packages/airflow/example_dags/example_short_circuit_decorator.py
[2024-01-30T22:04:57.820+0000] {logging_mixin.py:188} INFO - [2024-01-30T22:04:57.817+0000] {dag.py:3036} INFO - Sync 1 DAGs
[2024-01-30T22:04:58.057+0000] {logging_mixin.py:188} INFO - [2024-01-30T22:04:58.055+0000] {dag.py:3823} INFO - Setting next_dagrun for example_short_circuit_decorator to 2024-01-29 00:00:00+00:00, run_after=2024-01-30 00:00:00+00:00
[2024-01-30T22:04:58.272+0000] {processor.py:183} INFO - Processing /home/airflow/.local/lib/python3.8/site-packages/airflow/example_dags/example_short_circuit_decorator.py took 0.812 seconds
[2024-01-30T22:05:28.887+0000] {processor.py:161} INFO - Started process (PID=1424) to work on /home/airflow/.local/lib/python3.8/site-packages/airflow/example_dags/example_short_circuit_decorator.py
[2024-01-30T22:05:28.889+0000] {processor.py:830} INFO - Processing file /home/airflow/.local/lib/python3.8/site-packages/airflow/example_dags/example_short_circuit_decorator.py for tasks to queue
[2024-01-30T22:05:28.890+0000] {logging_mixin.py:188} INFO - [2024-01-30T22:05:28.889+0000] {dagbag.py:538} INFO - Filling up the DagBag from /home/airflow/.local/lib/python3.8/site-packages/airflow/example_dags/example_short_circuit_decorator.py
[2024-01-30T22:05:28.898+0000] {processor.py:840} INFO - DAG(s) 'example_short_circuit_decorator' retrieved from /home/airflow/.local/lib/python3.8/site-packages/airflow/example_dags/example_short_circuit_decorator.py
[2024-01-30T22:05:28.921+0000] {logging_mixin.py:188} INFO - [2024-01-30T22:05:28.921+0000] {dag.py:3036} INFO - Sync 1 DAGs
[2024-01-30T22:05:28.942+0000] {logging_mixin.py:188} INFO - [2024-01-30T22:05:28.942+0000] {dag.py:3823} INFO - Setting next_dagrun for example_short_circuit_decorator to 2024-01-29 00:00:00+00:00, run_after=2024-01-30 00:00:00+00:00
[2024-01-30T22:05:28.969+0000] {processor.py:183} INFO - Processing /home/airflow/.local/lib/python3.8/site-packages/airflow/example_dags/example_short_circuit_decorator.py took 0.085 seconds
[2024-01-30T22:06:03.992+0000] {processor.py:161} INFO - Started process (PID=1474) to work on /home/airflow/.local/lib/python3.8/site-packages/airflow/example_dags/example_short_circuit_decorator.py
[2024-01-30T22:06:03.994+0000] {processor.py:830} INFO - Processing file /home/airflow/.local/lib/python3.8/site-packages/airflow/example_dags/example_short_circuit_decorator.py for tasks to queue
[2024-01-30T22:06:03.996+0000] {logging_mixin.py:188} INFO - [2024-01-30T22:06:03.995+0000] {dagbag.py:538} INFO - Filling up the DagBag from /home/airflow/.local/lib/python3.8/site-packages/airflow/example_dags/example_short_circuit_decorator.py
[2024-01-30T22:06:04.008+0000] {processor.py:840} INFO - DAG(s) 'example_short_circuit_decorator' retrieved from /home/airflow/.local/lib/python3.8/site-packages/airflow/example_dags/example_short_circuit_decorator.py
[2024-01-30T22:06:04.040+0000] {logging_mixin.py:188} INFO - [2024-01-30T22:06:04.040+0000] {dag.py:3036} INFO - Sync 1 DAGs
[2024-01-30T22:06:04.071+0000] {logging_mixin.py:188} INFO - [2024-01-30T22:06:04.071+0000] {dag.py:3823} INFO - Setting next_dagrun for example_short_circuit_decorator to 2024-01-29 00:00:00+00:00, run_after=2024-01-30 00:00:00+00:00
[2024-01-30T22:06:04.101+0000] {processor.py:183} INFO - Processing /home/airflow/.local/lib/python3.8/site-packages/airflow/example_dags/example_short_circuit_decorator.py took 0.113 seconds
[2024-01-30T22:06:34.521+0000] {processor.py:161} INFO - Started process (PID=1523) to work on /home/airflow/.local/lib/python3.8/site-packages/airflow/example_dags/example_short_circuit_decorator.py
[2024-01-30T22:06:34.523+0000] {processor.py:830} INFO - Processing file /home/airflow/.local/lib/python3.8/site-packages/airflow/example_dags/example_short_circuit_decorator.py for tasks to queue
[2024-01-30T22:06:34.524+0000] {logging_mixin.py:188} INFO - [2024-01-30T22:06:34.523+0000] {dagbag.py:538} INFO - Filling up the DagBag from /home/airflow/.local/lib/python3.8/site-packages/airflow/example_dags/example_short_circuit_decorator.py
[2024-01-30T22:06:34.533+0000] {processor.py:840} INFO - DAG(s) 'example_short_circuit_decorator' retrieved from /home/airflow/.local/lib/python3.8/site-packages/airflow/example_dags/example_short_circuit_decorator.py
[2024-01-30T22:06:34.562+0000] {logging_mixin.py:188} INFO - [2024-01-30T22:06:34.562+0000] {dag.py:3036} INFO - Sync 1 DAGs
[2024-01-30T22:06:34.590+0000] {logging_mixin.py:188} INFO - [2024-01-30T22:06:34.590+0000] {dag.py:3823} INFO - Setting next_dagrun for example_short_circuit_decorator to 2024-01-29 00:00:00+00:00, run_after=2024-01-30 00:00:00+00:00
[2024-01-30T22:06:34.629+0000] {processor.py:183} INFO - Processing /home/airflow/.local/lib/python3.8/site-packages/airflow/example_dags/example_short_circuit_decorator.py took 0.111 seconds
[2024-01-30T22:07:05.630+0000] {processor.py:161} INFO - Started process (PID=1580) to work on /home/airflow/.local/lib/python3.8/site-packages/airflow/example_dags/example_short_circuit_decorator.py
[2024-01-30T22:07:05.631+0000] {processor.py:830} INFO - Processing file /home/airflow/.local/lib/python3.8/site-packages/airflow/example_dags/example_short_circuit_decorator.py for tasks to queue
[2024-01-30T22:07:05.633+0000] {logging_mixin.py:188} INFO - [2024-01-30T22:07:05.632+0000] {dagbag.py:538} INFO - Filling up the DagBag from /home/airflow/.local/lib/python3.8/site-packages/airflow/example_dags/example_short_circuit_decorator.py
[2024-01-30T22:07:05.646+0000] {processor.py:840} INFO - DAG(s) 'example_short_circuit_decorator' retrieved from /home/airflow/.local/lib/python3.8/site-packages/airflow/example_dags/example_short_circuit_decorator.py
[2024-01-30T22:07:05.678+0000] {logging_mixin.py:188} INFO - [2024-01-30T22:07:05.678+0000] {dag.py:3036} INFO - Sync 1 DAGs
[2024-01-30T22:07:05.716+0000] {logging_mixin.py:188} INFO - [2024-01-30T22:07:05.715+0000] {dag.py:3823} INFO - Setting next_dagrun for example_short_circuit_decorator to 2024-01-29 00:00:00+00:00, run_after=2024-01-30 00:00:00+00:00
[2024-01-30T22:07:05.754+0000] {processor.py:183} INFO - Processing /home/airflow/.local/lib/python3.8/site-packages/airflow/example_dags/example_short_circuit_decorator.py took 0.128 seconds
[2024-01-30T22:07:36.020+0000] {processor.py:161} INFO - Started process (PID=1637) to work on /home/airflow/.local/lib/python3.8/site-packages/airflow/example_dags/example_short_circuit_decorator.py
[2024-01-30T22:07:36.022+0000] {processor.py:830} INFO - Processing file /home/airflow/.local/lib/python3.8/site-packages/airflow/example_dags/example_short_circuit_decorator.py for tasks to queue
[2024-01-30T22:07:36.023+0000] {logging_mixin.py:188} INFO - [2024-01-30T22:07:36.023+0000] {dagbag.py:538} INFO - Filling up the DagBag from /home/airflow/.local/lib/python3.8/site-packages/airflow/example_dags/example_short_circuit_decorator.py
[2024-01-30T22:07:36.034+0000] {processor.py:840} INFO - DAG(s) 'example_short_circuit_decorator' retrieved from /home/airflow/.local/lib/python3.8/site-packages/airflow/example_dags/example_short_circuit_decorator.py
[2024-01-30T22:07:36.066+0000] {logging_mixin.py:188} INFO - [2024-01-30T22:07:36.065+0000] {dag.py:3036} INFO - Sync 1 DAGs
[2024-01-30T22:07:36.097+0000] {logging_mixin.py:188} INFO - [2024-01-30T22:07:36.097+0000] {dag.py:3823} INFO - Setting next_dagrun for example_short_circuit_decorator to 2024-01-29 00:00:00+00:00, run_after=2024-01-30 00:00:00+00:00
[2024-01-30T22:07:36.130+0000] {processor.py:183} INFO - Processing /home/airflow/.local/lib/python3.8/site-packages/airflow/example_dags/example_short_circuit_decorator.py took 0.112 seconds
[2024-01-30T22:08:06.723+0000] {processor.py:161} INFO - Started process (PID=1694) to work on /home/airflow/.local/lib/python3.8/site-packages/airflow/example_dags/example_short_circuit_decorator.py
[2024-01-30T22:08:06.725+0000] {processor.py:830} INFO - Processing file /home/airflow/.local/lib/python3.8/site-packages/airflow/example_dags/example_short_circuit_decorator.py for tasks to queue
[2024-01-30T22:08:06.728+0000] {logging_mixin.py:188} INFO - [2024-01-30T22:08:06.727+0000] {dagbag.py:538} INFO - Filling up the DagBag from /home/airflow/.local/lib/python3.8/site-packages/airflow/example_dags/example_short_circuit_decorator.py
[2024-01-30T22:08:06.748+0000] {processor.py:840} INFO - DAG(s) 'example_short_circuit_decorator' retrieved from /home/airflow/.local/lib/python3.8/site-packages/airflow/example_dags/example_short_circuit_decorator.py
[2024-01-30T22:08:06.795+0000] {logging_mixin.py:188} INFO - [2024-01-30T22:08:06.795+0000] {dag.py:3036} INFO - Sync 1 DAGs
[2024-01-30T22:08:06.836+0000] {logging_mixin.py:188} INFO - [2024-01-30T22:08:06.835+0000] {dag.py:3823} INFO - Setting next_dagrun for example_short_circuit_decorator to 2024-01-29 00:00:00+00:00, run_after=2024-01-30 00:00:00+00:00
[2024-01-30T22:08:06.875+0000] {processor.py:183} INFO - Processing /home/airflow/.local/lib/python3.8/site-packages/airflow/example_dags/example_short_circuit_decorator.py took 0.157 seconds
[2024-01-30T22:08:36.927+0000] {processor.py:161} INFO - Started process (PID=1751) to work on /home/airflow/.local/lib/python3.8/site-packages/airflow/example_dags/example_short_circuit_decorator.py
[2024-01-30T22:08:36.929+0000] {processor.py:830} INFO - Processing file /home/airflow/.local/lib/python3.8/site-packages/airflow/example_dags/example_short_circuit_decorator.py for tasks to queue
[2024-01-30T22:08:36.931+0000] {logging_mixin.py:188} INFO - [2024-01-30T22:08:36.930+0000] {dagbag.py:538} INFO - Filling up the DagBag from /home/airflow/.local/lib/python3.8/site-packages/airflow/example_dags/example_short_circuit_decorator.py
[2024-01-30T22:08:36.947+0000] {processor.py:840} INFO - DAG(s) 'example_short_circuit_decorator' retrieved from /home/airflow/.local/lib/python3.8/site-packages/airflow/example_dags/example_short_circuit_decorator.py
[2024-01-30T22:08:36.984+0000] {logging_mixin.py:188} INFO - [2024-01-30T22:08:36.984+0000] {dag.py:3036} INFO - Sync 1 DAGs
[2024-01-30T22:08:37.027+0000] {logging_mixin.py:188} INFO - [2024-01-30T22:08:37.026+0000] {dag.py:3823} INFO - Setting next_dagrun for example_short_circuit_decorator to 2024-01-29 00:00:00+00:00, run_after=2024-01-30 00:00:00+00:00
[2024-01-30T22:08:37.068+0000] {processor.py:183} INFO - Processing /home/airflow/.local/lib/python3.8/site-packages/airflow/example_dags/example_short_circuit_decorator.py took 0.147 seconds
[2024-01-30T22:09:07.935+0000] {processor.py:161} INFO - Started process (PID=1808) to work on /home/airflow/.local/lib/python3.8/site-packages/airflow/example_dags/example_short_circuit_decorator.py
[2024-01-30T22:09:07.937+0000] {processor.py:830} INFO - Processing file /home/airflow/.local/lib/python3.8/site-packages/airflow/example_dags/example_short_circuit_decorator.py for tasks to queue
[2024-01-30T22:09:07.938+0000] {logging_mixin.py:188} INFO - [2024-01-30T22:09:07.938+0000] {dagbag.py:538} INFO - Filling up the DagBag from /home/airflow/.local/lib/python3.8/site-packages/airflow/example_dags/example_short_circuit_decorator.py
[2024-01-30T22:09:07.953+0000] {processor.py:840} INFO - DAG(s) 'example_short_circuit_decorator' retrieved from /home/airflow/.local/lib/python3.8/site-packages/airflow/example_dags/example_short_circuit_decorator.py
[2024-01-30T22:09:07.976+0000] {logging_mixin.py:188} INFO - [2024-01-30T22:09:07.975+0000] {dag.py:3036} INFO - Sync 1 DAGs
[2024-01-30T22:09:08.023+0000] {logging_mixin.py:188} INFO - [2024-01-30T22:09:08.022+0000] {dag.py:3823} INFO - Setting next_dagrun for example_short_circuit_decorator to 2024-01-29 00:00:00+00:00, run_after=2024-01-30 00:00:00+00:00
[2024-01-30T22:09:08.051+0000] {processor.py:183} INFO - Processing /home/airflow/.local/lib/python3.8/site-packages/airflow/example_dags/example_short_circuit_decorator.py took 0.119 seconds
[2024-01-30T22:09:38.545+0000] {processor.py:161} INFO - Started process (PID=1865) to work on /home/airflow/.local/lib/python3.8/site-packages/airflow/example_dags/example_short_circuit_decorator.py
[2024-01-30T22:09:38.547+0000] {processor.py:830} INFO - Processing file /home/airflow/.local/lib/python3.8/site-packages/airflow/example_dags/example_short_circuit_decorator.py for tasks to queue
[2024-01-30T22:09:38.548+0000] {logging_mixin.py:188} INFO - [2024-01-30T22:09:38.548+0000] {dagbag.py:538} INFO - Filling up the DagBag from /home/airflow/.local/lib/python3.8/site-packages/airflow/example_dags/example_short_circuit_decorator.py
[2024-01-30T22:09:38.560+0000] {processor.py:840} INFO - DAG(s) 'example_short_circuit_decorator' retrieved from /home/airflow/.local/lib/python3.8/site-packages/airflow/example_dags/example_short_circuit_decorator.py
[2024-01-30T22:09:38.713+0000] {logging_mixin.py:188} INFO - [2024-01-30T22:09:38.712+0000] {dag.py:3036} INFO - Sync 1 DAGs
[2024-01-30T22:09:38.743+0000] {logging_mixin.py:188} INFO - [2024-01-30T22:09:38.742+0000] {dag.py:3823} INFO - Setting next_dagrun for example_short_circuit_decorator to 2024-01-29 00:00:00+00:00, run_after=2024-01-30 00:00:00+00:00
[2024-01-30T22:09:38.775+0000] {processor.py:183} INFO - Processing /home/airflow/.local/lib/python3.8/site-packages/airflow/example_dags/example_short_circuit_decorator.py took 0.233 seconds
[2024-01-30T22:10:08.827+0000] {processor.py:161} INFO - Started process (PID=1922) to work on /home/airflow/.local/lib/python3.8/site-packages/airflow/example_dags/example_short_circuit_decorator.py
[2024-01-30T22:10:08.829+0000] {processor.py:830} INFO - Processing file /home/airflow/.local/lib/python3.8/site-packages/airflow/example_dags/example_short_circuit_decorator.py for tasks to queue
[2024-01-30T22:10:08.830+0000] {logging_mixin.py:188} INFO - [2024-01-30T22:10:08.830+0000] {dagbag.py:538} INFO - Filling up the DagBag from /home/airflow/.local/lib/python3.8/site-packages/airflow/example_dags/example_short_circuit_decorator.py
[2024-01-30T22:10:08.841+0000] {processor.py:840} INFO - DAG(s) 'example_short_circuit_decorator' retrieved from /home/airflow/.local/lib/python3.8/site-packages/airflow/example_dags/example_short_circuit_decorator.py
[2024-01-30T22:10:08.875+0000] {logging_mixin.py:188} INFO - [2024-01-30T22:10:08.874+0000] {dag.py:3036} INFO - Sync 1 DAGs
[2024-01-30T22:10:08.905+0000] {logging_mixin.py:188} INFO - [2024-01-30T22:10:08.904+0000] {dag.py:3823} INFO - Setting next_dagrun for example_short_circuit_decorator to 2024-01-29 00:00:00+00:00, run_after=2024-01-30 00:00:00+00:00
[2024-01-30T22:10:08.935+0000] {processor.py:183} INFO - Processing /home/airflow/.local/lib/python3.8/site-packages/airflow/example_dags/example_short_circuit_decorator.py took 0.110 seconds
[2024-01-30T22:10:39.552+0000] {processor.py:161} INFO - Started process (PID=1979) to work on /home/airflow/.local/lib/python3.8/site-packages/airflow/example_dags/example_short_circuit_decorator.py
[2024-01-30T22:10:39.554+0000] {processor.py:830} INFO - Processing file /home/airflow/.local/lib/python3.8/site-packages/airflow/example_dags/example_short_circuit_decorator.py for tasks to queue
[2024-01-30T22:10:39.556+0000] {logging_mixin.py:188} INFO - [2024-01-30T22:10:39.555+0000] {dagbag.py:538} INFO - Filling up the DagBag from /home/airflow/.local/lib/python3.8/site-packages/airflow/example_dags/example_short_circuit_decorator.py
[2024-01-30T22:10:39.569+0000] {processor.py:840} INFO - DAG(s) 'example_short_circuit_decorator' retrieved from /home/airflow/.local/lib/python3.8/site-packages/airflow/example_dags/example_short_circuit_decorator.py
[2024-01-30T22:10:39.613+0000] {logging_mixin.py:188} INFO - [2024-01-30T22:10:39.612+0000] {dag.py:3036} INFO - Sync 1 DAGs
[2024-01-30T22:10:39.659+0000] {logging_mixin.py:188} INFO - [2024-01-30T22:10:39.659+0000] {dag.py:3823} INFO - Setting next_dagrun for example_short_circuit_decorator to 2024-01-29 00:00:00+00:00, run_after=2024-01-30 00:00:00+00:00
[2024-01-30T22:10:39.697+0000] {processor.py:183} INFO - Processing /home/airflow/.local/lib/python3.8/site-packages/airflow/example_dags/example_short_circuit_decorator.py took 0.148 seconds
[2024-01-30T22:11:10.008+0000] {processor.py:161} INFO - Started process (PID=2036) to work on /home/airflow/.local/lib/python3.8/site-packages/airflow/example_dags/example_short_circuit_decorator.py
[2024-01-30T22:11:10.010+0000] {processor.py:830} INFO - Processing file /home/airflow/.local/lib/python3.8/site-packages/airflow/example_dags/example_short_circuit_decorator.py for tasks to queue
[2024-01-30T22:11:10.012+0000] {logging_mixin.py:188} INFO - [2024-01-30T22:11:10.011+0000] {dagbag.py:538} INFO - Filling up the DagBag from /home/airflow/.local/lib/python3.8/site-packages/airflow/example_dags/example_short_circuit_decorator.py
[2024-01-30T22:11:10.030+0000] {processor.py:840} INFO - DAG(s) 'example_short_circuit_decorator' retrieved from /home/airflow/.local/lib/python3.8/site-packages/airflow/example_dags/example_short_circuit_decorator.py
[2024-01-30T22:11:10.072+0000] {logging_mixin.py:188} INFO - [2024-01-30T22:11:10.072+0000] {dag.py:3036} INFO - Sync 1 DAGs
[2024-01-30T22:11:10.120+0000] {logging_mixin.py:188} INFO - [2024-01-30T22:11:10.120+0000] {dag.py:3823} INFO - Setting next_dagrun for example_short_circuit_decorator to 2024-01-29 00:00:00+00:00, run_after=2024-01-30 00:00:00+00:00
[2024-01-30T22:11:10.182+0000] {processor.py:183} INFO - Processing /home/airflow/.local/lib/python3.8/site-packages/airflow/example_dags/example_short_circuit_decorator.py took 0.178 seconds
[2024-01-30T22:11:41.245+0000] {processor.py:161} INFO - Started process (PID=2092) to work on /home/airflow/.local/lib/python3.8/site-packages/airflow/example_dags/example_short_circuit_decorator.py
[2024-01-30T22:11:41.246+0000] {processor.py:830} INFO - Processing file /home/airflow/.local/lib/python3.8/site-packages/airflow/example_dags/example_short_circuit_decorator.py for tasks to queue
[2024-01-30T22:11:41.247+0000] {logging_mixin.py:188} INFO - [2024-01-30T22:11:41.246+0000] {dagbag.py:538} INFO - Filling up the DagBag from /home/airflow/.local/lib/python3.8/site-packages/airflow/example_dags/example_short_circuit_decorator.py
[2024-01-30T22:11:41.257+0000] {processor.py:840} INFO - DAG(s) 'example_short_circuit_decorator' retrieved from /home/airflow/.local/lib/python3.8/site-packages/airflow/example_dags/example_short_circuit_decorator.py
[2024-01-30T22:11:41.282+0000] {logging_mixin.py:188} INFO - [2024-01-30T22:11:41.282+0000] {dag.py:3036} INFO - Sync 1 DAGs
[2024-01-30T22:11:41.307+0000] {logging_mixin.py:188} INFO - [2024-01-30T22:11:41.307+0000] {dag.py:3823} INFO - Setting next_dagrun for example_short_circuit_decorator to 2024-01-29 00:00:00+00:00, run_after=2024-01-30 00:00:00+00:00
[2024-01-30T22:11:41.338+0000] {processor.py:183} INFO - Processing /home/airflow/.local/lib/python3.8/site-packages/airflow/example_dags/example_short_circuit_decorator.py took 0.096 seconds
[2024-01-30T22:12:12.309+0000] {processor.py:161} INFO - Started process (PID=2149) to work on /home/airflow/.local/lib/python3.8/site-packages/airflow/example_dags/example_short_circuit_decorator.py
[2024-01-30T22:12:12.313+0000] {processor.py:830} INFO - Processing file /home/airflow/.local/lib/python3.8/site-packages/airflow/example_dags/example_short_circuit_decorator.py for tasks to queue
[2024-01-30T22:12:12.348+0000] {logging_mixin.py:188} INFO - [2024-01-30T22:12:12.347+0000] {dagbag.py:538} INFO - Filling up the DagBag from /home/airflow/.local/lib/python3.8/site-packages/airflow/example_dags/example_short_circuit_decorator.py
[2024-01-30T22:12:12.374+0000] {processor.py:840} INFO - DAG(s) 'example_short_circuit_decorator' retrieved from /home/airflow/.local/lib/python3.8/site-packages/airflow/example_dags/example_short_circuit_decorator.py
[2024-01-30T22:12:12.425+0000] {logging_mixin.py:188} INFO - [2024-01-30T22:12:12.424+0000] {dag.py:3036} INFO - Sync 1 DAGs
[2024-01-30T22:12:12.460+0000] {logging_mixin.py:188} INFO - [2024-01-30T22:12:12.459+0000] {dag.py:3823} INFO - Setting next_dagrun for example_short_circuit_decorator to 2024-01-29 00:00:00+00:00, run_after=2024-01-30 00:00:00+00:00
[2024-01-30T22:12:12.493+0000] {processor.py:183} INFO - Processing /home/airflow/.local/lib/python3.8/site-packages/airflow/example_dags/example_short_circuit_decorator.py took 0.193 seconds
[2024-01-30T22:12:43.043+0000] {processor.py:161} INFO - Started process (PID=2206) to work on /home/airflow/.local/lib/python3.8/site-packages/airflow/example_dags/example_short_circuit_decorator.py
[2024-01-30T22:12:43.044+0000] {processor.py:830} INFO - Processing file /home/airflow/.local/lib/python3.8/site-packages/airflow/example_dags/example_short_circuit_decorator.py for tasks to queue
[2024-01-30T22:12:43.046+0000] {logging_mixin.py:188} INFO - [2024-01-30T22:12:43.045+0000] {dagbag.py:538} INFO - Filling up the DagBag from /home/airflow/.local/lib/python3.8/site-packages/airflow/example_dags/example_short_circuit_decorator.py
[2024-01-30T22:12:43.056+0000] {processor.py:840} INFO - DAG(s) 'example_short_circuit_decorator' retrieved from /home/airflow/.local/lib/python3.8/site-packages/airflow/example_dags/example_short_circuit_decorator.py
[2024-01-30T22:12:43.083+0000] {logging_mixin.py:188} INFO - [2024-01-30T22:12:43.082+0000] {dag.py:3036} INFO - Sync 1 DAGs
[2024-01-30T22:12:43.110+0000] {logging_mixin.py:188} INFO - [2024-01-30T22:12:43.109+0000] {dag.py:3823} INFO - Setting next_dagrun for example_short_circuit_decorator to 2024-01-29 00:00:00+00:00, run_after=2024-01-30 00:00:00+00:00
[2024-01-30T22:12:43.141+0000] {processor.py:183} INFO - Processing /home/airflow/.local/lib/python3.8/site-packages/airflow/example_dags/example_short_circuit_decorator.py took 0.101 seconds
[2024-01-30T22:13:14.231+0000] {processor.py:161} INFO - Started process (PID=2264) to work on /home/airflow/.local/lib/python3.8/site-packages/airflow/example_dags/example_short_circuit_decorator.py
[2024-01-30T22:13:14.232+0000] {processor.py:830} INFO - Processing file /home/airflow/.local/lib/python3.8/site-packages/airflow/example_dags/example_short_circuit_decorator.py for tasks to queue
[2024-01-30T22:13:14.233+0000] {logging_mixin.py:188} INFO - [2024-01-30T22:13:14.233+0000] {dagbag.py:538} INFO - Filling up the DagBag from /home/airflow/.local/lib/python3.8/site-packages/airflow/example_dags/example_short_circuit_decorator.py
[2024-01-30T22:13:14.243+0000] {processor.py:840} INFO - DAG(s) 'example_short_circuit_decorator' retrieved from /home/airflow/.local/lib/python3.8/site-packages/airflow/example_dags/example_short_circuit_decorator.py
[2024-01-30T22:13:14.269+0000] {logging_mixin.py:188} INFO - [2024-01-30T22:13:14.269+0000] {dag.py:3036} INFO - Sync 1 DAGs
[2024-01-30T22:13:14.296+0000] {logging_mixin.py:188} INFO - [2024-01-30T22:13:14.296+0000] {dag.py:3823} INFO - Setting next_dagrun for example_short_circuit_decorator to 2024-01-29 00:00:00+00:00, run_after=2024-01-30 00:00:00+00:00
[2024-01-30T22:13:14.325+0000] {processor.py:183} INFO - Processing /home/airflow/.local/lib/python3.8/site-packages/airflow/example_dags/example_short_circuit_decorator.py took 0.098 seconds
[2024-01-30T22:13:45.014+0000] {processor.py:161} INFO - Started process (PID=2321) to work on /home/airflow/.local/lib/python3.8/site-packages/airflow/example_dags/example_short_circuit_decorator.py
[2024-01-30T22:13:45.016+0000] {processor.py:830} INFO - Processing file /home/airflow/.local/lib/python3.8/site-packages/airflow/example_dags/example_short_circuit_decorator.py for tasks to queue
[2024-01-30T22:13:45.017+0000] {logging_mixin.py:188} INFO - [2024-01-30T22:13:45.017+0000] {dagbag.py:538} INFO - Filling up the DagBag from /home/airflow/.local/lib/python3.8/site-packages/airflow/example_dags/example_short_circuit_decorator.py
[2024-01-30T22:13:45.027+0000] {processor.py:840} INFO - DAG(s) 'example_short_circuit_decorator' retrieved from /home/airflow/.local/lib/python3.8/site-packages/airflow/example_dags/example_short_circuit_decorator.py
[2024-01-30T22:13:45.055+0000] {logging_mixin.py:188} INFO - [2024-01-30T22:13:45.054+0000] {dag.py:3036} INFO - Sync 1 DAGs
[2024-01-30T22:13:45.081+0000] {logging_mixin.py:188} INFO - [2024-01-30T22:13:45.080+0000] {dag.py:3823} INFO - Setting next_dagrun for example_short_circuit_decorator to 2024-01-29 00:00:00+00:00, run_after=2024-01-30 00:00:00+00:00
[2024-01-30T22:13:45.108+0000] {processor.py:183} INFO - Processing /home/airflow/.local/lib/python3.8/site-packages/airflow/example_dags/example_short_circuit_decorator.py took 0.097 seconds
[2024-01-30T22:14:20.479+0000] {processor.py:161} INFO - Started process (PID=2378) to work on /home/airflow/.local/lib/python3.8/site-packages/airflow/example_dags/example_short_circuit_decorator.py
[2024-01-30T22:14:20.481+0000] {processor.py:830} INFO - Processing file /home/airflow/.local/lib/python3.8/site-packages/airflow/example_dags/example_short_circuit_decorator.py for tasks to queue
[2024-01-30T22:14:20.483+0000] {logging_mixin.py:188} INFO - [2024-01-30T22:14:20.482+0000] {dagbag.py:538} INFO - Filling up the DagBag from /home/airflow/.local/lib/python3.8/site-packages/airflow/example_dags/example_short_circuit_decorator.py
[2024-01-30T22:14:20.493+0000] {processor.py:840} INFO - DAG(s) 'example_short_circuit_decorator' retrieved from /home/airflow/.local/lib/python3.8/site-packages/airflow/example_dags/example_short_circuit_decorator.py
[2024-01-30T22:14:20.519+0000] {logging_mixin.py:188} INFO - [2024-01-30T22:14:20.519+0000] {dag.py:3036} INFO - Sync 1 DAGs
[2024-01-30T22:14:20.547+0000] {logging_mixin.py:188} INFO - [2024-01-30T22:14:20.547+0000] {dag.py:3823} INFO - Setting next_dagrun for example_short_circuit_decorator to 2024-01-29 00:00:00+00:00, run_after=2024-01-30 00:00:00+00:00
[2024-01-30T22:14:20.579+0000] {processor.py:183} INFO - Processing /home/airflow/.local/lib/python3.8/site-packages/airflow/example_dags/example_short_circuit_decorator.py took 0.103 seconds
[2024-01-30T22:14:51.509+0000] {processor.py:161} INFO - Started process (PID=2436) to work on /home/airflow/.local/lib/python3.8/site-packages/airflow/example_dags/example_short_circuit_decorator.py
[2024-01-30T22:14:51.510+0000] {processor.py:830} INFO - Processing file /home/airflow/.local/lib/python3.8/site-packages/airflow/example_dags/example_short_circuit_decorator.py for tasks to queue
[2024-01-30T22:14:51.512+0000] {logging_mixin.py:188} INFO - [2024-01-30T22:14:51.511+0000] {dagbag.py:538} INFO - Filling up the DagBag from /home/airflow/.local/lib/python3.8/site-packages/airflow/example_dags/example_short_circuit_decorator.py
[2024-01-30T22:14:51.521+0000] {processor.py:840} INFO - DAG(s) 'example_short_circuit_decorator' retrieved from /home/airflow/.local/lib/python3.8/site-packages/airflow/example_dags/example_short_circuit_decorator.py
[2024-01-30T22:14:51.551+0000] {logging_mixin.py:188} INFO - [2024-01-30T22:14:51.551+0000] {dag.py:3036} INFO - Sync 1 DAGs
[2024-01-30T22:14:51.579+0000] {logging_mixin.py:188} INFO - [2024-01-30T22:14:51.578+0000] {dag.py:3823} INFO - Setting next_dagrun for example_short_circuit_decorator to 2024-01-29 00:00:00+00:00, run_after=2024-01-30 00:00:00+00:00
[2024-01-30T22:14:51.609+0000] {processor.py:183} INFO - Processing /home/airflow/.local/lib/python3.8/site-packages/airflow/example_dags/example_short_circuit_decorator.py took 0.103 seconds
[2024-01-30T22:15:22.163+0000] {processor.py:161} INFO - Started process (PID=2491) to work on /home/airflow/.local/lib/python3.8/site-packages/airflow/example_dags/example_short_circuit_decorator.py
[2024-01-30T22:15:22.165+0000] {processor.py:830} INFO - Processing file /home/airflow/.local/lib/python3.8/site-packages/airflow/example_dags/example_short_circuit_decorator.py for tasks to queue
[2024-01-30T22:15:22.166+0000] {logging_mixin.py:188} INFO - [2024-01-30T22:15:22.166+0000] {dagbag.py:538} INFO - Filling up the DagBag from /home/airflow/.local/lib/python3.8/site-packages/airflow/example_dags/example_short_circuit_decorator.py
[2024-01-30T22:15:22.177+0000] {processor.py:840} INFO - DAG(s) 'example_short_circuit_decorator' retrieved from /home/airflow/.local/lib/python3.8/site-packages/airflow/example_dags/example_short_circuit_decorator.py
[2024-01-30T22:15:22.207+0000] {logging_mixin.py:188} INFO - [2024-01-30T22:15:22.206+0000] {dag.py:3036} INFO - Sync 1 DAGs
[2024-01-30T22:15:22.234+0000] {logging_mixin.py:188} INFO - [2024-01-30T22:15:22.233+0000] {dag.py:3823} INFO - Setting next_dagrun for example_short_circuit_decorator to 2024-01-29 00:00:00+00:00, run_after=2024-01-30 00:00:00+00:00
[2024-01-30T22:15:22.264+0000] {processor.py:183} INFO - Processing /home/airflow/.local/lib/python3.8/site-packages/airflow/example_dags/example_short_circuit_decorator.py took 0.103 seconds
[2024-01-30T22:15:52.679+0000] {processor.py:161} INFO - Started process (PID=2554) to work on /home/airflow/.local/lib/python3.8/site-packages/airflow/example_dags/example_short_circuit_decorator.py
[2024-01-30T22:15:52.681+0000] {processor.py:830} INFO - Processing file /home/airflow/.local/lib/python3.8/site-packages/airflow/example_dags/example_short_circuit_decorator.py for tasks to queue
[2024-01-30T22:15:52.682+0000] {logging_mixin.py:188} INFO - [2024-01-30T22:15:52.682+0000] {dagbag.py:538} INFO - Filling up the DagBag from /home/airflow/.local/lib/python3.8/site-packages/airflow/example_dags/example_short_circuit_decorator.py
[2024-01-30T22:15:52.692+0000] {processor.py:840} INFO - DAG(s) 'example_short_circuit_decorator' retrieved from /home/airflow/.local/lib/python3.8/site-packages/airflow/example_dags/example_short_circuit_decorator.py
[2024-01-30T22:15:52.720+0000] {logging_mixin.py:188} INFO - [2024-01-30T22:15:52.719+0000] {dag.py:3036} INFO - Sync 1 DAGs
[2024-01-30T22:15:52.747+0000] {logging_mixin.py:188} INFO - [2024-01-30T22:15:52.747+0000] {dag.py:3823} INFO - Setting next_dagrun for example_short_circuit_decorator to 2024-01-29 00:00:00+00:00, run_after=2024-01-30 00:00:00+00:00
[2024-01-30T22:15:52.774+0000] {processor.py:183} INFO - Processing /home/airflow/.local/lib/python3.8/site-packages/airflow/example_dags/example_short_circuit_decorator.py took 0.099 seconds
[2024-01-30T22:16:23.116+0000] {processor.py:161} INFO - Started process (PID=2615) to work on /home/airflow/.local/lib/python3.8/site-packages/airflow/example_dags/example_short_circuit_decorator.py
[2024-01-30T22:16:23.118+0000] {processor.py:830} INFO - Processing file /home/airflow/.local/lib/python3.8/site-packages/airflow/example_dags/example_short_circuit_decorator.py for tasks to queue
[2024-01-30T22:16:23.119+0000] {logging_mixin.py:188} INFO - [2024-01-30T22:16:23.119+0000] {dagbag.py:538} INFO - Filling up the DagBag from /home/airflow/.local/lib/python3.8/site-packages/airflow/example_dags/example_short_circuit_decorator.py
[2024-01-30T22:16:23.131+0000] {processor.py:840} INFO - DAG(s) 'example_short_circuit_decorator' retrieved from /home/airflow/.local/lib/python3.8/site-packages/airflow/example_dags/example_short_circuit_decorator.py
[2024-01-30T22:16:23.160+0000] {logging_mixin.py:188} INFO - [2024-01-30T22:16:23.160+0000] {dag.py:3036} INFO - Sync 1 DAGs
[2024-01-30T22:16:23.190+0000] {logging_mixin.py:188} INFO - [2024-01-30T22:16:23.189+0000] {dag.py:3823} INFO - Setting next_dagrun for example_short_circuit_decorator to 2024-01-29 00:00:00+00:00, run_after=2024-01-30 00:00:00+00:00
[2024-01-30T22:16:23.228+0000] {processor.py:183} INFO - Processing /home/airflow/.local/lib/python3.8/site-packages/airflow/example_dags/example_short_circuit_decorator.py took 0.115 seconds
[2024-01-30T22:16:53.982+0000] {processor.py:161} INFO - Started process (PID=2672) to work on /home/airflow/.local/lib/python3.8/site-packages/airflow/example_dags/example_short_circuit_decorator.py
[2024-01-30T22:16:53.983+0000] {processor.py:830} INFO - Processing file /home/airflow/.local/lib/python3.8/site-packages/airflow/example_dags/example_short_circuit_decorator.py for tasks to queue
[2024-01-30T22:16:53.985+0000] {logging_mixin.py:188} INFO - [2024-01-30T22:16:53.984+0000] {dagbag.py:538} INFO - Filling up the DagBag from /home/airflow/.local/lib/python3.8/site-packages/airflow/example_dags/example_short_circuit_decorator.py
[2024-01-30T22:16:53.995+0000] {processor.py:840} INFO - DAG(s) 'example_short_circuit_decorator' retrieved from /home/airflow/.local/lib/python3.8/site-packages/airflow/example_dags/example_short_circuit_decorator.py
[2024-01-30T22:16:54.023+0000] {logging_mixin.py:188} INFO - [2024-01-30T22:16:54.021+0000] {dag.py:3036} INFO - Sync 1 DAGs
[2024-01-30T22:16:54.058+0000] {logging_mixin.py:188} INFO - [2024-01-30T22:16:54.058+0000] {dag.py:3823} INFO - Setting next_dagrun for example_short_circuit_decorator to 2024-01-29 00:00:00+00:00, run_after=2024-01-30 00:00:00+00:00
[2024-01-30T22:16:54.092+0000] {processor.py:183} INFO - Processing /home/airflow/.local/lib/python3.8/site-packages/airflow/example_dags/example_short_circuit_decorator.py took 0.112 seconds
[2024-01-30T22:17:25.764+0000] {processor.py:161} INFO - Started process (PID=2736) to work on /home/airflow/.local/lib/python3.8/site-packages/airflow/example_dags/example_short_circuit_decorator.py
[2024-01-30T22:17:25.766+0000] {processor.py:830} INFO - Processing file /home/airflow/.local/lib/python3.8/site-packages/airflow/example_dags/example_short_circuit_decorator.py for tasks to queue
[2024-01-30T22:17:25.767+0000] {logging_mixin.py:188} INFO - [2024-01-30T22:17:25.767+0000] {dagbag.py:538} INFO - Filling up the DagBag from /home/airflow/.local/lib/python3.8/site-packages/airflow/example_dags/example_short_circuit_decorator.py
[2024-01-30T22:17:25.778+0000] {processor.py:840} INFO - DAG(s) 'example_short_circuit_decorator' retrieved from /home/airflow/.local/lib/python3.8/site-packages/airflow/example_dags/example_short_circuit_decorator.py
[2024-01-30T22:17:25.810+0000] {logging_mixin.py:188} INFO - [2024-01-30T22:17:25.810+0000] {dag.py:3036} INFO - Sync 1 DAGs
[2024-01-30T22:17:25.840+0000] {logging_mixin.py:188} INFO - [2024-01-30T22:17:25.840+0000] {dag.py:3823} INFO - Setting next_dagrun for example_short_circuit_decorator to 2024-01-29 00:00:00+00:00, run_after=2024-01-30 00:00:00+00:00
[2024-01-30T22:17:26.029+0000] {processor.py:183} INFO - Processing /home/airflow/.local/lib/python3.8/site-packages/airflow/example_dags/example_short_circuit_decorator.py took 0.268 seconds
[2024-01-30T22:17:56.730+0000] {processor.py:161} INFO - Started process (PID=2793) to work on /home/airflow/.local/lib/python3.8/site-packages/airflow/example_dags/example_short_circuit_decorator.py
[2024-01-30T22:17:56.732+0000] {processor.py:830} INFO - Processing file /home/airflow/.local/lib/python3.8/site-packages/airflow/example_dags/example_short_circuit_decorator.py for tasks to queue
[2024-01-30T22:17:56.734+0000] {logging_mixin.py:188} INFO - [2024-01-30T22:17:56.733+0000] {dagbag.py:538} INFO - Filling up the DagBag from /home/airflow/.local/lib/python3.8/site-packages/airflow/example_dags/example_short_circuit_decorator.py
[2024-01-30T22:17:56.745+0000] {processor.py:840} INFO - DAG(s) 'example_short_circuit_decorator' retrieved from /home/airflow/.local/lib/python3.8/site-packages/airflow/example_dags/example_short_circuit_decorator.py
[2024-01-30T22:17:56.772+0000] {logging_mixin.py:188} INFO - [2024-01-30T22:17:56.772+0000] {dag.py:3036} INFO - Sync 1 DAGs
[2024-01-30T22:17:56.797+0000] {logging_mixin.py:188} INFO - [2024-01-30T22:17:56.797+0000] {dag.py:3823} INFO - Setting next_dagrun for example_short_circuit_decorator to 2024-01-29 00:00:00+00:00, run_after=2024-01-30 00:00:00+00:00
[2024-01-30T22:17:56.828+0000] {processor.py:183} INFO - Processing /home/airflow/.local/lib/python3.8/site-packages/airflow/example_dags/example_short_circuit_decorator.py took 0.101 seconds
[2024-01-30T22:18:27.155+0000] {processor.py:161} INFO - Started process (PID=2851) to work on /home/airflow/.local/lib/python3.8/site-packages/airflow/example_dags/example_short_circuit_decorator.py
[2024-01-30T22:18:27.156+0000] {processor.py:830} INFO - Processing file /home/airflow/.local/lib/python3.8/site-packages/airflow/example_dags/example_short_circuit_decorator.py for tasks to queue
[2024-01-30T22:18:27.157+0000] {logging_mixin.py:188} INFO - [2024-01-30T22:18:27.157+0000] {dagbag.py:538} INFO - Filling up the DagBag from /home/airflow/.local/lib/python3.8/site-packages/airflow/example_dags/example_short_circuit_decorator.py
[2024-01-30T22:18:27.169+0000] {processor.py:840} INFO - DAG(s) 'example_short_circuit_decorator' retrieved from /home/airflow/.local/lib/python3.8/site-packages/airflow/example_dags/example_short_circuit_decorator.py
[2024-01-30T22:18:27.198+0000] {logging_mixin.py:188} INFO - [2024-01-30T22:18:27.198+0000] {dag.py:3036} INFO - Sync 1 DAGs
[2024-01-30T22:18:27.226+0000] {logging_mixin.py:188} INFO - [2024-01-30T22:18:27.226+0000] {dag.py:3823} INFO - Setting next_dagrun for example_short_circuit_decorator to 2024-01-29 00:00:00+00:00, run_after=2024-01-30 00:00:00+00:00
[2024-01-30T22:18:27.256+0000] {processor.py:183} INFO - Processing /home/airflow/.local/lib/python3.8/site-packages/airflow/example_dags/example_short_circuit_decorator.py took 0.105 seconds
[2024-01-30T22:18:57.587+0000] {processor.py:161} INFO - Started process (PID=2908) to work on /home/airflow/.local/lib/python3.8/site-packages/airflow/example_dags/example_short_circuit_decorator.py
[2024-01-30T22:18:57.588+0000] {processor.py:830} INFO - Processing file /home/airflow/.local/lib/python3.8/site-packages/airflow/example_dags/example_short_circuit_decorator.py for tasks to queue
[2024-01-30T22:18:57.590+0000] {logging_mixin.py:188} INFO - [2024-01-30T22:18:57.589+0000] {dagbag.py:538} INFO - Filling up the DagBag from /home/airflow/.local/lib/python3.8/site-packages/airflow/example_dags/example_short_circuit_decorator.py
[2024-01-30T22:18:57.600+0000] {processor.py:840} INFO - DAG(s) 'example_short_circuit_decorator' retrieved from /home/airflow/.local/lib/python3.8/site-packages/airflow/example_dags/example_short_circuit_decorator.py
[2024-01-30T22:18:57.628+0000] {logging_mixin.py:188} INFO - [2024-01-30T22:18:57.627+0000] {dag.py:3036} INFO - Sync 1 DAGs
[2024-01-30T22:18:57.655+0000] {logging_mixin.py:188} INFO - [2024-01-30T22:18:57.654+0000] {dag.py:3823} INFO - Setting next_dagrun for example_short_circuit_decorator to 2024-01-29 00:00:00+00:00, run_after=2024-01-30 00:00:00+00:00
[2024-01-30T22:18:57.686+0000] {processor.py:183} INFO - Processing /home/airflow/.local/lib/python3.8/site-packages/airflow/example_dags/example_short_circuit_decorator.py took 0.102 seconds
[2024-01-30T22:19:30.057+0000] {processor.py:161} INFO - Started process (PID=2965) to work on /home/airflow/.local/lib/python3.8/site-packages/airflow/example_dags/example_short_circuit_decorator.py
[2024-01-30T22:19:30.058+0000] {processor.py:830} INFO - Processing file /home/airflow/.local/lib/python3.8/site-packages/airflow/example_dags/example_short_circuit_decorator.py for tasks to queue
[2024-01-30T22:19:30.060+0000] {logging_mixin.py:188} INFO - [2024-01-30T22:19:30.059+0000] {dagbag.py:538} INFO - Filling up the DagBag from /home/airflow/.local/lib/python3.8/site-packages/airflow/example_dags/example_short_circuit_decorator.py
[2024-01-30T22:19:30.070+0000] {processor.py:840} INFO - DAG(s) 'example_short_circuit_decorator' retrieved from /home/airflow/.local/lib/python3.8/site-packages/airflow/example_dags/example_short_circuit_decorator.py
[2024-01-30T22:19:30.100+0000] {logging_mixin.py:188} INFO - [2024-01-30T22:19:30.100+0000] {dag.py:3036} INFO - Sync 1 DAGs
[2024-01-30T22:19:30.296+0000] {logging_mixin.py:188} INFO - [2024-01-30T22:19:30.295+0000] {dag.py:3823} INFO - Setting next_dagrun for example_short_circuit_decorator to 2024-01-29 00:00:00+00:00, run_after=2024-01-30 00:00:00+00:00
[2024-01-30T22:19:30.328+0000] {processor.py:183} INFO - Processing /home/airflow/.local/lib/python3.8/site-packages/airflow/example_dags/example_short_circuit_decorator.py took 0.274 seconds
[2024-01-30T22:20:00.590+0000] {processor.py:161} INFO - Started process (PID=3020) to work on /home/airflow/.local/lib/python3.8/site-packages/airflow/example_dags/example_short_circuit_decorator.py
[2024-01-30T22:20:00.591+0000] {processor.py:830} INFO - Processing file /home/airflow/.local/lib/python3.8/site-packages/airflow/example_dags/example_short_circuit_decorator.py for tasks to queue
[2024-01-30T22:20:00.592+0000] {logging_mixin.py:188} INFO - [2024-01-30T22:20:00.592+0000] {dagbag.py:538} INFO - Filling up the DagBag from /home/airflow/.local/lib/python3.8/site-packages/airflow/example_dags/example_short_circuit_decorator.py
[2024-01-30T22:20:00.600+0000] {processor.py:840} INFO - DAG(s) 'example_short_circuit_decorator' retrieved from /home/airflow/.local/lib/python3.8/site-packages/airflow/example_dags/example_short_circuit_decorator.py
[2024-01-30T22:20:00.625+0000] {logging_mixin.py:188} INFO - [2024-01-30T22:20:00.624+0000] {dag.py:3036} INFO - Sync 1 DAGs
[2024-01-30T22:20:00.650+0000] {logging_mixin.py:188} INFO - [2024-01-30T22:20:00.649+0000] {dag.py:3823} INFO - Setting next_dagrun for example_short_circuit_decorator to 2024-01-29 00:00:00+00:00, run_after=2024-01-30 00:00:00+00:00
[2024-01-30T22:20:00.675+0000] {processor.py:183} INFO - Processing /home/airflow/.local/lib/python3.8/site-packages/airflow/example_dags/example_short_circuit_decorator.py took 0.088 seconds
[2024-01-30T22:20:31.226+0000] {processor.py:161} INFO - Started process (PID=3077) to work on /home/airflow/.local/lib/python3.8/site-packages/airflow/example_dags/example_short_circuit_decorator.py
[2024-01-30T22:20:31.227+0000] {processor.py:830} INFO - Processing file /home/airflow/.local/lib/python3.8/site-packages/airflow/example_dags/example_short_circuit_decorator.py for tasks to queue
[2024-01-30T22:20:31.228+0000] {logging_mixin.py:188} INFO - [2024-01-30T22:20:31.228+0000] {dagbag.py:538} INFO - Filling up the DagBag from /home/airflow/.local/lib/python3.8/site-packages/airflow/example_dags/example_short_circuit_decorator.py
[2024-01-30T22:20:31.237+0000] {processor.py:840} INFO - DAG(s) 'example_short_circuit_decorator' retrieved from /home/airflow/.local/lib/python3.8/site-packages/airflow/example_dags/example_short_circuit_decorator.py
[2024-01-30T22:20:31.263+0000] {logging_mixin.py:188} INFO - [2024-01-30T22:20:31.263+0000] {dag.py:3036} INFO - Sync 1 DAGs
[2024-01-30T22:20:31.287+0000] {logging_mixin.py:188} INFO - [2024-01-30T22:20:31.287+0000] {dag.py:3823} INFO - Setting next_dagrun for example_short_circuit_decorator to 2024-01-29 00:00:00+00:00, run_after=2024-01-30 00:00:00+00:00
[2024-01-30T22:20:31.339+0000] {processor.py:183} INFO - Processing /home/airflow/.local/lib/python3.8/site-packages/airflow/example_dags/example_short_circuit_decorator.py took 0.116 seconds
[2024-01-30T22:21:01.482+0000] {processor.py:161} INFO - Started process (PID=3133) to work on /home/airflow/.local/lib/python3.8/site-packages/airflow/example_dags/example_short_circuit_decorator.py
[2024-01-30T22:21:01.483+0000] {processor.py:830} INFO - Processing file /home/airflow/.local/lib/python3.8/site-packages/airflow/example_dags/example_short_circuit_decorator.py for tasks to queue
[2024-01-30T22:21:01.484+0000] {logging_mixin.py:188} INFO - [2024-01-30T22:21:01.484+0000] {dagbag.py:538} INFO - Filling up the DagBag from /home/airflow/.local/lib/python3.8/site-packages/airflow/example_dags/example_short_circuit_decorator.py
[2024-01-30T22:21:01.493+0000] {processor.py:840} INFO - DAG(s) 'example_short_circuit_decorator' retrieved from /home/airflow/.local/lib/python3.8/site-packages/airflow/example_dags/example_short_circuit_decorator.py
[2024-01-30T22:21:01.518+0000] {logging_mixin.py:188} INFO - [2024-01-30T22:21:01.518+0000] {dag.py:3036} INFO - Sync 1 DAGs
[2024-01-30T22:21:01.541+0000] {logging_mixin.py:188} INFO - [2024-01-30T22:21:01.540+0000] {dag.py:3823} INFO - Setting next_dagrun for example_short_circuit_decorator to 2024-01-29 00:00:00+00:00, run_after=2024-01-30 00:00:00+00:00
[2024-01-30T22:21:01.604+0000] {processor.py:183} INFO - Processing /home/airflow/.local/lib/python3.8/site-packages/airflow/example_dags/example_short_circuit_decorator.py took 0.126 seconds
[2024-01-30T22:21:32.148+0000] {processor.py:161} INFO - Started process (PID=3190) to work on /home/airflow/.local/lib/python3.8/site-packages/airflow/example_dags/example_short_circuit_decorator.py
[2024-01-30T22:21:32.150+0000] {processor.py:830} INFO - Processing file /home/airflow/.local/lib/python3.8/site-packages/airflow/example_dags/example_short_circuit_decorator.py for tasks to queue
[2024-01-30T22:21:32.151+0000] {logging_mixin.py:188} INFO - [2024-01-30T22:21:32.151+0000] {dagbag.py:538} INFO - Filling up the DagBag from /home/airflow/.local/lib/python3.8/site-packages/airflow/example_dags/example_short_circuit_decorator.py
[2024-01-30T22:21:32.161+0000] {processor.py:840} INFO - DAG(s) 'example_short_circuit_decorator' retrieved from /home/airflow/.local/lib/python3.8/site-packages/airflow/example_dags/example_short_circuit_decorator.py
[2024-01-30T22:21:32.188+0000] {logging_mixin.py:188} INFO - [2024-01-30T22:21:32.187+0000] {dag.py:3036} INFO - Sync 1 DAGs
[2024-01-30T22:21:32.212+0000] {logging_mixin.py:188} INFO - [2024-01-30T22:21:32.212+0000] {dag.py:3823} INFO - Setting next_dagrun for example_short_circuit_decorator to 2024-01-29 00:00:00+00:00, run_after=2024-01-30 00:00:00+00:00
[2024-01-30T22:21:32.277+0000] {processor.py:183} INFO - Processing /home/airflow/.local/lib/python3.8/site-packages/airflow/example_dags/example_short_circuit_decorator.py took 0.132 seconds
[2024-01-30T22:22:02.902+0000] {processor.py:161} INFO - Started process (PID=3247) to work on /home/airflow/.local/lib/python3.8/site-packages/airflow/example_dags/example_short_circuit_decorator.py
[2024-01-30T22:22:02.903+0000] {processor.py:830} INFO - Processing file /home/airflow/.local/lib/python3.8/site-packages/airflow/example_dags/example_short_circuit_decorator.py for tasks to queue
[2024-01-30T22:22:02.904+0000] {logging_mixin.py:188} INFO - [2024-01-30T22:22:02.904+0000] {dagbag.py:538} INFO - Filling up the DagBag from /home/airflow/.local/lib/python3.8/site-packages/airflow/example_dags/example_short_circuit_decorator.py
[2024-01-30T22:22:02.913+0000] {processor.py:840} INFO - DAG(s) 'example_short_circuit_decorator' retrieved from /home/airflow/.local/lib/python3.8/site-packages/airflow/example_dags/example_short_circuit_decorator.py
[2024-01-30T22:22:02.937+0000] {logging_mixin.py:188} INFO - [2024-01-30T22:22:02.936+0000] {dag.py:3036} INFO - Sync 1 DAGs
[2024-01-30T22:22:02.961+0000] {logging_mixin.py:188} INFO - [2024-01-30T22:22:02.961+0000] {dag.py:3823} INFO - Setting next_dagrun for example_short_circuit_decorator to 2024-01-29 00:00:00+00:00, run_after=2024-01-30 00:00:00+00:00
[2024-01-30T22:22:02.988+0000] {processor.py:183} INFO - Processing /home/airflow/.local/lib/python3.8/site-packages/airflow/example_dags/example_short_circuit_decorator.py took 0.089 seconds
[2024-01-30T22:22:33.135+0000] {processor.py:161} INFO - Started process (PID=3304) to work on /home/airflow/.local/lib/python3.8/site-packages/airflow/example_dags/example_short_circuit_decorator.py
[2024-01-30T22:22:33.137+0000] {processor.py:830} INFO - Processing file /home/airflow/.local/lib/python3.8/site-packages/airflow/example_dags/example_short_circuit_decorator.py for tasks to queue
[2024-01-30T22:22:33.138+0000] {logging_mixin.py:188} INFO - [2024-01-30T22:22:33.138+0000] {dagbag.py:538} INFO - Filling up the DagBag from /home/airflow/.local/lib/python3.8/site-packages/airflow/example_dags/example_short_circuit_decorator.py
[2024-01-30T22:22:33.148+0000] {processor.py:840} INFO - DAG(s) 'example_short_circuit_decorator' retrieved from /home/airflow/.local/lib/python3.8/site-packages/airflow/example_dags/example_short_circuit_decorator.py
[2024-01-30T22:22:33.176+0000] {logging_mixin.py:188} INFO - [2024-01-30T22:22:33.176+0000] {dag.py:3036} INFO - Sync 1 DAGs
[2024-01-30T22:22:33.206+0000] {logging_mixin.py:188} INFO - [2024-01-30T22:22:33.206+0000] {dag.py:3823} INFO - Setting next_dagrun for example_short_circuit_decorator to 2024-01-29 00:00:00+00:00, run_after=2024-01-30 00:00:00+00:00
[2024-01-30T22:22:33.237+0000] {processor.py:183} INFO - Processing /home/airflow/.local/lib/python3.8/site-packages/airflow/example_dags/example_short_circuit_decorator.py took 0.106 seconds
[2024-01-30T22:23:03.543+0000] {processor.py:161} INFO - Started process (PID=3361) to work on /home/airflow/.local/lib/python3.8/site-packages/airflow/example_dags/example_short_circuit_decorator.py
[2024-01-30T22:23:03.545+0000] {processor.py:830} INFO - Processing file /home/airflow/.local/lib/python3.8/site-packages/airflow/example_dags/example_short_circuit_decorator.py for tasks to queue
[2024-01-30T22:23:03.546+0000] {logging_mixin.py:188} INFO - [2024-01-30T22:23:03.546+0000] {dagbag.py:538} INFO - Filling up the DagBag from /home/airflow/.local/lib/python3.8/site-packages/airflow/example_dags/example_short_circuit_decorator.py
[2024-01-30T22:23:03.555+0000] {processor.py:840} INFO - DAG(s) 'example_short_circuit_decorator' retrieved from /home/airflow/.local/lib/python3.8/site-packages/airflow/example_dags/example_short_circuit_decorator.py
[2024-01-30T22:23:03.578+0000] {logging_mixin.py:188} INFO - [2024-01-30T22:23:03.577+0000] {dag.py:3036} INFO - Sync 1 DAGs
[2024-01-30T22:23:03.605+0000] {logging_mixin.py:188} INFO - [2024-01-30T22:23:03.605+0000] {dag.py:3823} INFO - Setting next_dagrun for example_short_circuit_decorator to 2024-01-29 00:00:00+00:00, run_after=2024-01-30 00:00:00+00:00
[2024-01-30T22:23:03.635+0000] {processor.py:183} INFO - Processing /home/airflow/.local/lib/python3.8/site-packages/airflow/example_dags/example_short_circuit_decorator.py took 0.095 seconds
