[2024-01-30T21:53:12.523+0000] {processor.py:161} INFO - Started process (PID=71) to work on /home/airflow/.local/lib/python3.8/site-packages/airflow/example_dags/example_bash_operator.py
[2024-01-30T21:53:12.525+0000] {processor.py:830} INFO - Processing file /home/airflow/.local/lib/python3.8/site-packages/airflow/example_dags/example_bash_operator.py for tasks to queue
[2024-01-30T21:53:12.527+0000] {logging_mixin.py:188} INFO - [2024-01-30T21:53:12.526+0000] {dagbag.py:538} INFO - Filling up the DagBag from /home/airflow/.local/lib/python3.8/site-packages/airflow/example_dags/example_bash_operator.py
[2024-01-30T21:53:12.560+0000] {processor.py:840} INFO - DAG(s) 'example_bash_operator' retrieved from /home/airflow/.local/lib/python3.8/site-packages/airflow/example_dags/example_bash_operator.py
[2024-01-30T21:53:12.781+0000] {logging_mixin.py:188} INFO - [2024-01-30T21:53:12.781+0000] {dag.py:3036} INFO - Sync 1 DAGs
[2024-01-30T21:53:12.809+0000] {logging_mixin.py:188} INFO - [2024-01-30T21:53:12.809+0000] {dag.py:3823} INFO - Setting next_dagrun for example_bash_operator to 2024-01-29 00:00:00+00:00, run_after=2024-01-30 00:00:00+00:00
[2024-01-30T21:53:12.850+0000] {processor.py:183} INFO - Processing /home/airflow/.local/lib/python3.8/site-packages/airflow/example_dags/example_bash_operator.py took 0.330 seconds
[2024-01-30T21:53:53.321+0000] {processor.py:161} INFO - Started process (PID=126) to work on /home/airflow/.local/lib/python3.8/site-packages/airflow/example_dags/example_bash_operator.py
[2024-01-30T21:53:53.339+0000] {processor.py:830} INFO - Processing file /home/airflow/.local/lib/python3.8/site-packages/airflow/example_dags/example_bash_operator.py for tasks to queue
[2024-01-30T21:53:53.364+0000] {logging_mixin.py:188} INFO - [2024-01-30T21:53:53.362+0000] {dagbag.py:538} INFO - Filling up the DagBag from /home/airflow/.local/lib/python3.8/site-packages/airflow/example_dags/example_bash_operator.py
[2024-01-30T21:53:53.575+0000] {processor.py:840} INFO - DAG(s) 'example_bash_operator' retrieved from /home/airflow/.local/lib/python3.8/site-packages/airflow/example_dags/example_bash_operator.py
[2024-01-30T21:53:53.820+0000] {logging_mixin.py:188} INFO - [2024-01-30T21:53:53.819+0000] {dag.py:3036} INFO - Sync 1 DAGs
[2024-01-30T21:53:53.873+0000] {logging_mixin.py:188} INFO - [2024-01-30T21:53:53.872+0000] {dag.py:3823} INFO - Setting next_dagrun for example_bash_operator to 2024-01-29 00:00:00+00:00, run_after=2024-01-30 00:00:00+00:00
[2024-01-30T21:53:53.912+0000] {processor.py:183} INFO - Processing /home/airflow/.local/lib/python3.8/site-packages/airflow/example_dags/example_bash_operator.py took 0.652 seconds
[2024-01-30T21:54:25.009+0000] {processor.py:161} INFO - Started process (PID=181) to work on /home/airflow/.local/lib/python3.8/site-packages/airflow/example_dags/example_bash_operator.py
[2024-01-30T21:54:25.024+0000] {processor.py:830} INFO - Processing file /home/airflow/.local/lib/python3.8/site-packages/airflow/example_dags/example_bash_operator.py for tasks to queue
[2024-01-30T21:54:25.048+0000] {logging_mixin.py:188} INFO - [2024-01-30T21:54:25.045+0000] {dagbag.py:538} INFO - Filling up the DagBag from /home/airflow/.local/lib/python3.8/site-packages/airflow/example_dags/example_bash_operator.py
[2024-01-30T21:54:25.365+0000] {processor.py:840} INFO - DAG(s) 'example_bash_operator' retrieved from /home/airflow/.local/lib/python3.8/site-packages/airflow/example_dags/example_bash_operator.py
[2024-01-30T21:54:26.756+0000] {logging_mixin.py:188} INFO - [2024-01-30T21:54:26.742+0000] {dag.py:3036} INFO - Sync 1 DAGs
[2024-01-30T21:54:27.685+0000] {logging_mixin.py:188} INFO - [2024-01-30T21:54:27.673+0000] {dag.py:3823} INFO - Setting next_dagrun for example_bash_operator to 2024-01-29 00:00:00+00:00, run_after=2024-01-30 00:00:00+00:00
[2024-01-30T21:54:28.254+0000] {processor.py:183} INFO - Processing /home/airflow/.local/lib/python3.8/site-packages/airflow/example_dags/example_bash_operator.py took 3.299 seconds
[2024-01-30T21:54:58.482+0000] {processor.py:161} INFO - Started process (PID=236) to work on /home/airflow/.local/lib/python3.8/site-packages/airflow/example_dags/example_bash_operator.py
[2024-01-30T21:54:58.484+0000] {processor.py:830} INFO - Processing file /home/airflow/.local/lib/python3.8/site-packages/airflow/example_dags/example_bash_operator.py for tasks to queue
[2024-01-30T21:54:58.486+0000] {logging_mixin.py:188} INFO - [2024-01-30T21:54:58.486+0000] {dagbag.py:538} INFO - Filling up the DagBag from /home/airflow/.local/lib/python3.8/site-packages/airflow/example_dags/example_bash_operator.py
[2024-01-30T21:54:58.496+0000] {processor.py:840} INFO - DAG(s) 'example_bash_operator' retrieved from /home/airflow/.local/lib/python3.8/site-packages/airflow/example_dags/example_bash_operator.py
[2024-01-30T21:54:58.527+0000] {logging_mixin.py:188} INFO - [2024-01-30T21:54:58.527+0000] {dag.py:3036} INFO - Sync 1 DAGs
[2024-01-30T21:54:58.552+0000] {logging_mixin.py:188} INFO - [2024-01-30T21:54:58.551+0000] {dag.py:3823} INFO - Setting next_dagrun for example_bash_operator to 2024-01-29 00:00:00+00:00, run_after=2024-01-30 00:00:00+00:00
[2024-01-30T21:54:58.585+0000] {processor.py:183} INFO - Processing /home/airflow/.local/lib/python3.8/site-packages/airflow/example_dags/example_bash_operator.py took 0.105 seconds
[2024-01-30T21:55:28.881+0000] {processor.py:161} INFO - Started process (PID=291) to work on /home/airflow/.local/lib/python3.8/site-packages/airflow/example_dags/example_bash_operator.py
[2024-01-30T21:55:28.883+0000] {processor.py:830} INFO - Processing file /home/airflow/.local/lib/python3.8/site-packages/airflow/example_dags/example_bash_operator.py for tasks to queue
[2024-01-30T21:55:28.885+0000] {logging_mixin.py:188} INFO - [2024-01-30T21:55:28.884+0000] {dagbag.py:538} INFO - Filling up the DagBag from /home/airflow/.local/lib/python3.8/site-packages/airflow/example_dags/example_bash_operator.py
[2024-01-30T21:55:28.895+0000] {processor.py:840} INFO - DAG(s) 'example_bash_operator' retrieved from /home/airflow/.local/lib/python3.8/site-packages/airflow/example_dags/example_bash_operator.py
[2024-01-30T21:55:28.924+0000] {logging_mixin.py:188} INFO - [2024-01-30T21:55:28.924+0000] {dag.py:3036} INFO - Sync 1 DAGs
[2024-01-30T21:55:28.946+0000] {logging_mixin.py:188} INFO - [2024-01-30T21:55:28.946+0000] {dag.py:3823} INFO - Setting next_dagrun for example_bash_operator to 2024-01-29 00:00:00+00:00, run_after=2024-01-30 00:00:00+00:00
[2024-01-30T21:55:29.013+0000] {processor.py:183} INFO - Processing /home/airflow/.local/lib/python3.8/site-packages/airflow/example_dags/example_bash_operator.py took 0.134 seconds
[2024-01-30T21:55:59.066+0000] {processor.py:161} INFO - Started process (PID=346) to work on /home/airflow/.local/lib/python3.8/site-packages/airflow/example_dags/example_bash_operator.py
[2024-01-30T21:55:59.067+0000] {processor.py:830} INFO - Processing file /home/airflow/.local/lib/python3.8/site-packages/airflow/example_dags/example_bash_operator.py for tasks to queue
[2024-01-30T21:55:59.069+0000] {logging_mixin.py:188} INFO - [2024-01-30T21:55:59.068+0000] {dagbag.py:538} INFO - Filling up the DagBag from /home/airflow/.local/lib/python3.8/site-packages/airflow/example_dags/example_bash_operator.py
[2024-01-30T21:55:59.083+0000] {processor.py:840} INFO - DAG(s) 'example_bash_operator' retrieved from /home/airflow/.local/lib/python3.8/site-packages/airflow/example_dags/example_bash_operator.py
[2024-01-30T21:55:59.115+0000] {logging_mixin.py:188} INFO - [2024-01-30T21:55:59.115+0000] {dag.py:3036} INFO - Sync 1 DAGs
[2024-01-30T21:55:59.140+0000] {logging_mixin.py:188} INFO - [2024-01-30T21:55:59.140+0000] {dag.py:3823} INFO - Setting next_dagrun for example_bash_operator to 2024-01-29 00:00:00+00:00, run_after=2024-01-30 00:00:00+00:00
[2024-01-30T21:55:59.196+0000] {processor.py:183} INFO - Processing /home/airflow/.local/lib/python3.8/site-packages/airflow/example_dags/example_bash_operator.py took 0.132 seconds
[2024-01-30T21:56:29.318+0000] {processor.py:161} INFO - Started process (PID=401) to work on /home/airflow/.local/lib/python3.8/site-packages/airflow/example_dags/example_bash_operator.py
[2024-01-30T21:56:29.319+0000] {processor.py:830} INFO - Processing file /home/airflow/.local/lib/python3.8/site-packages/airflow/example_dags/example_bash_operator.py for tasks to queue
[2024-01-30T21:56:29.322+0000] {logging_mixin.py:188} INFO - [2024-01-30T21:56:29.321+0000] {dagbag.py:538} INFO - Filling up the DagBag from /home/airflow/.local/lib/python3.8/site-packages/airflow/example_dags/example_bash_operator.py
[2024-01-30T21:56:29.339+0000] {processor.py:840} INFO - DAG(s) 'example_bash_operator' retrieved from /home/airflow/.local/lib/python3.8/site-packages/airflow/example_dags/example_bash_operator.py
[2024-01-30T21:56:29.376+0000] {logging_mixin.py:188} INFO - [2024-01-30T21:56:29.375+0000] {dag.py:3036} INFO - Sync 1 DAGs
[2024-01-30T21:56:29.405+0000] {logging_mixin.py:188} INFO - [2024-01-30T21:56:29.404+0000] {dag.py:3823} INFO - Setting next_dagrun for example_bash_operator to 2024-01-29 00:00:00+00:00, run_after=2024-01-30 00:00:00+00:00
[2024-01-30T21:56:29.470+0000] {processor.py:183} INFO - Processing /home/airflow/.local/lib/python3.8/site-packages/airflow/example_dags/example_bash_operator.py took 0.155 seconds
[2024-01-30T21:56:59.545+0000] {processor.py:161} INFO - Started process (PID=456) to work on /home/airflow/.local/lib/python3.8/site-packages/airflow/example_dags/example_bash_operator.py
[2024-01-30T21:56:59.546+0000] {processor.py:830} INFO - Processing file /home/airflow/.local/lib/python3.8/site-packages/airflow/example_dags/example_bash_operator.py for tasks to queue
[2024-01-30T21:56:59.548+0000] {logging_mixin.py:188} INFO - [2024-01-30T21:56:59.548+0000] {dagbag.py:538} INFO - Filling up the DagBag from /home/airflow/.local/lib/python3.8/site-packages/airflow/example_dags/example_bash_operator.py
[2024-01-30T21:56:59.560+0000] {processor.py:840} INFO - DAG(s) 'example_bash_operator' retrieved from /home/airflow/.local/lib/python3.8/site-packages/airflow/example_dags/example_bash_operator.py
[2024-01-30T21:56:59.621+0000] {logging_mixin.py:188} INFO - [2024-01-30T21:56:59.620+0000] {dag.py:3036} INFO - Sync 1 DAGs
[2024-01-30T21:56:59.653+0000] {logging_mixin.py:188} INFO - [2024-01-30T21:56:59.653+0000] {dag.py:3823} INFO - Setting next_dagrun for example_bash_operator to 2024-01-29 00:00:00+00:00, run_after=2024-01-30 00:00:00+00:00
[2024-01-30T21:56:59.687+0000] {processor.py:183} INFO - Processing /home/airflow/.local/lib/python3.8/site-packages/airflow/example_dags/example_bash_operator.py took 0.145 seconds
[2024-01-30T21:57:29.934+0000] {processor.py:161} INFO - Started process (PID=511) to work on /home/airflow/.local/lib/python3.8/site-packages/airflow/example_dags/example_bash_operator.py
[2024-01-30T21:57:29.935+0000] {processor.py:830} INFO - Processing file /home/airflow/.local/lib/python3.8/site-packages/airflow/example_dags/example_bash_operator.py for tasks to queue
[2024-01-30T21:57:29.937+0000] {logging_mixin.py:188} INFO - [2024-01-30T21:57:29.937+0000] {dagbag.py:538} INFO - Filling up the DagBag from /home/airflow/.local/lib/python3.8/site-packages/airflow/example_dags/example_bash_operator.py
[2024-01-30T21:57:29.952+0000] {processor.py:840} INFO - DAG(s) 'example_bash_operator' retrieved from /home/airflow/.local/lib/python3.8/site-packages/airflow/example_dags/example_bash_operator.py
[2024-01-30T21:57:29.993+0000] {logging_mixin.py:188} INFO - [2024-01-30T21:57:29.993+0000] {dag.py:3036} INFO - Sync 1 DAGs
[2024-01-30T21:57:30.024+0000] {logging_mixin.py:188} INFO - [2024-01-30T21:57:30.024+0000] {dag.py:3823} INFO - Setting next_dagrun for example_bash_operator to 2024-01-29 00:00:00+00:00, run_after=2024-01-30 00:00:00+00:00
[2024-01-30T21:57:30.050+0000] {processor.py:183} INFO - Processing /home/airflow/.local/lib/python3.8/site-packages/airflow/example_dags/example_bash_operator.py took 0.119 seconds
[2024-01-30T21:58:09.793+0000] {processor.py:161} INFO - Started process (PID=567) to work on /home/airflow/.local/lib/python3.8/site-packages/airflow/example_dags/example_bash_operator.py
[2024-01-30T21:58:09.805+0000] {processor.py:830} INFO - Processing file /home/airflow/.local/lib/python3.8/site-packages/airflow/example_dags/example_bash_operator.py for tasks to queue
[2024-01-30T21:58:09.807+0000] {logging_mixin.py:188} INFO - [2024-01-30T21:58:09.806+0000] {dagbag.py:538} INFO - Filling up the DagBag from /home/airflow/.local/lib/python3.8/site-packages/airflow/example_dags/example_bash_operator.py
[2024-01-30T21:58:09.854+0000] {processor.py:840} INFO - DAG(s) 'example_bash_operator' retrieved from /home/airflow/.local/lib/python3.8/site-packages/airflow/example_dags/example_bash_operator.py
[2024-01-30T21:58:09.997+0000] {logging_mixin.py:188} INFO - [2024-01-30T21:58:09.987+0000] {dag.py:3036} INFO - Sync 1 DAGs
[2024-01-30T21:58:10.111+0000] {logging_mixin.py:188} INFO - [2024-01-30T21:58:10.111+0000] {dag.py:3823} INFO - Setting next_dagrun for example_bash_operator to 2024-01-29 00:00:00+00:00, run_after=2024-01-30 00:00:00+00:00
[2024-01-30T21:58:10.181+0000] {processor.py:183} INFO - Processing /home/airflow/.local/lib/python3.8/site-packages/airflow/example_dags/example_bash_operator.py took 0.392 seconds
[2024-01-30T21:58:40.237+0000] {processor.py:161} INFO - Started process (PID=624) to work on /home/airflow/.local/lib/python3.8/site-packages/airflow/example_dags/example_bash_operator.py
[2024-01-30T21:58:40.238+0000] {processor.py:830} INFO - Processing file /home/airflow/.local/lib/python3.8/site-packages/airflow/example_dags/example_bash_operator.py for tasks to queue
[2024-01-30T21:58:40.239+0000] {logging_mixin.py:188} INFO - [2024-01-30T21:58:40.239+0000] {dagbag.py:538} INFO - Filling up the DagBag from /home/airflow/.local/lib/python3.8/site-packages/airflow/example_dags/example_bash_operator.py
[2024-01-30T21:58:40.250+0000] {processor.py:840} INFO - DAG(s) 'example_bash_operator' retrieved from /home/airflow/.local/lib/python3.8/site-packages/airflow/example_dags/example_bash_operator.py
[2024-01-30T21:58:40.297+0000] {logging_mixin.py:188} INFO - [2024-01-30T21:58:40.296+0000] {dag.py:3036} INFO - Sync 1 DAGs
[2024-01-30T21:58:40.338+0000] {logging_mixin.py:188} INFO - [2024-01-30T21:58:40.337+0000] {dag.py:3823} INFO - Setting next_dagrun for example_bash_operator to 2024-01-29 00:00:00+00:00, run_after=2024-01-30 00:00:00+00:00
[2024-01-30T21:58:40.373+0000] {processor.py:183} INFO - Processing /home/airflow/.local/lib/python3.8/site-packages/airflow/example_dags/example_bash_operator.py took 0.138 seconds
[2024-01-30T21:59:10.439+0000] {processor.py:161} INFO - Started process (PID=683) to work on /home/airflow/.local/lib/python3.8/site-packages/airflow/example_dags/example_bash_operator.py
[2024-01-30T21:59:10.441+0000] {processor.py:830} INFO - Processing file /home/airflow/.local/lib/python3.8/site-packages/airflow/example_dags/example_bash_operator.py for tasks to queue
[2024-01-30T21:59:10.442+0000] {logging_mixin.py:188} INFO - [2024-01-30T21:59:10.442+0000] {dagbag.py:538} INFO - Filling up the DagBag from /home/airflow/.local/lib/python3.8/site-packages/airflow/example_dags/example_bash_operator.py
[2024-01-30T21:59:10.455+0000] {processor.py:840} INFO - DAG(s) 'example_bash_operator' retrieved from /home/airflow/.local/lib/python3.8/site-packages/airflow/example_dags/example_bash_operator.py
[2024-01-30T21:59:10.489+0000] {logging_mixin.py:188} INFO - [2024-01-30T21:59:10.488+0000] {dag.py:3036} INFO - Sync 1 DAGs
[2024-01-30T21:59:10.514+0000] {logging_mixin.py:188} INFO - [2024-01-30T21:59:10.513+0000] {dag.py:3823} INFO - Setting next_dagrun for example_bash_operator to 2024-01-29 00:00:00+00:00, run_after=2024-01-30 00:00:00+00:00
[2024-01-30T21:59:10.538+0000] {processor.py:183} INFO - Processing /home/airflow/.local/lib/python3.8/site-packages/airflow/example_dags/example_bash_operator.py took 0.102 seconds
[2024-01-30T21:59:40.909+0000] {processor.py:161} INFO - Started process (PID=742) to work on /home/airflow/.local/lib/python3.8/site-packages/airflow/example_dags/example_bash_operator.py
[2024-01-30T21:59:40.910+0000] {processor.py:830} INFO - Processing file /home/airflow/.local/lib/python3.8/site-packages/airflow/example_dags/example_bash_operator.py for tasks to queue
[2024-01-30T21:59:40.912+0000] {logging_mixin.py:188} INFO - [2024-01-30T21:59:40.912+0000] {dagbag.py:538} INFO - Filling up the DagBag from /home/airflow/.local/lib/python3.8/site-packages/airflow/example_dags/example_bash_operator.py
[2024-01-30T21:59:40.926+0000] {processor.py:840} INFO - DAG(s) 'example_bash_operator' retrieved from /home/airflow/.local/lib/python3.8/site-packages/airflow/example_dags/example_bash_operator.py
[2024-01-30T21:59:40.957+0000] {logging_mixin.py:188} INFO - [2024-01-30T21:59:40.956+0000] {dag.py:3036} INFO - Sync 1 DAGs
[2024-01-30T21:59:40.981+0000] {logging_mixin.py:188} INFO - [2024-01-30T21:59:40.981+0000] {dag.py:3823} INFO - Setting next_dagrun for example_bash_operator to 2024-01-29 00:00:00+00:00, run_after=2024-01-30 00:00:00+00:00
[2024-01-30T21:59:41.011+0000] {processor.py:183} INFO - Processing /home/airflow/.local/lib/python3.8/site-packages/airflow/example_dags/example_bash_operator.py took 0.105 seconds
[2024-01-30T22:00:11.075+0000] {processor.py:161} INFO - Started process (PID=804) to work on /home/airflow/.local/lib/python3.8/site-packages/airflow/example_dags/example_bash_operator.py
[2024-01-30T22:00:11.076+0000] {processor.py:830} INFO - Processing file /home/airflow/.local/lib/python3.8/site-packages/airflow/example_dags/example_bash_operator.py for tasks to queue
[2024-01-30T22:00:11.077+0000] {logging_mixin.py:188} INFO - [2024-01-30T22:00:11.077+0000] {dagbag.py:538} INFO - Filling up the DagBag from /home/airflow/.local/lib/python3.8/site-packages/airflow/example_dags/example_bash_operator.py
[2024-01-30T22:00:11.089+0000] {processor.py:840} INFO - DAG(s) 'example_bash_operator' retrieved from /home/airflow/.local/lib/python3.8/site-packages/airflow/example_dags/example_bash_operator.py
[2024-01-30T22:00:11.117+0000] {logging_mixin.py:188} INFO - [2024-01-30T22:00:11.117+0000] {dag.py:3036} INFO - Sync 1 DAGs
[2024-01-30T22:00:11.141+0000] {logging_mixin.py:188} INFO - [2024-01-30T22:00:11.140+0000] {dag.py:3823} INFO - Setting next_dagrun for example_bash_operator to 2024-01-29 00:00:00+00:00, run_after=2024-01-30 00:00:00+00:00
[2024-01-30T22:00:11.165+0000] {processor.py:183} INFO - Processing /home/airflow/.local/lib/python3.8/site-packages/airflow/example_dags/example_bash_operator.py took 0.093 seconds
[2024-01-30T22:00:41.457+0000] {processor.py:161} INFO - Started process (PID=863) to work on /home/airflow/.local/lib/python3.8/site-packages/airflow/example_dags/example_bash_operator.py
[2024-01-30T22:00:41.458+0000] {processor.py:830} INFO - Processing file /home/airflow/.local/lib/python3.8/site-packages/airflow/example_dags/example_bash_operator.py for tasks to queue
[2024-01-30T22:00:41.459+0000] {logging_mixin.py:188} INFO - [2024-01-30T22:00:41.459+0000] {dagbag.py:538} INFO - Filling up the DagBag from /home/airflow/.local/lib/python3.8/site-packages/airflow/example_dags/example_bash_operator.py
[2024-01-30T22:00:41.470+0000] {processor.py:840} INFO - DAG(s) 'example_bash_operator' retrieved from /home/airflow/.local/lib/python3.8/site-packages/airflow/example_dags/example_bash_operator.py
[2024-01-30T22:00:41.500+0000] {logging_mixin.py:188} INFO - [2024-01-30T22:00:41.500+0000] {dag.py:3036} INFO - Sync 1 DAGs
[2024-01-30T22:00:41.526+0000] {logging_mixin.py:188} INFO - [2024-01-30T22:00:41.526+0000] {dag.py:3823} INFO - Setting next_dagrun for example_bash_operator to 2024-01-29 00:00:00+00:00, run_after=2024-01-30 00:00:00+00:00
[2024-01-30T22:00:41.552+0000] {processor.py:183} INFO - Processing /home/airflow/.local/lib/python3.8/site-packages/airflow/example_dags/example_bash_operator.py took 0.098 seconds
[2024-01-30T22:01:12.501+0000] {processor.py:161} INFO - Started process (PID=920) to work on /home/airflow/.local/lib/python3.8/site-packages/airflow/example_dags/example_bash_operator.py
[2024-01-30T22:01:12.502+0000] {processor.py:830} INFO - Processing file /home/airflow/.local/lib/python3.8/site-packages/airflow/example_dags/example_bash_operator.py for tasks to queue
[2024-01-30T22:01:12.504+0000] {logging_mixin.py:188} INFO - [2024-01-30T22:01:12.503+0000] {dagbag.py:538} INFO - Filling up the DagBag from /home/airflow/.local/lib/python3.8/site-packages/airflow/example_dags/example_bash_operator.py
[2024-01-30T22:01:12.515+0000] {processor.py:840} INFO - DAG(s) 'example_bash_operator' retrieved from /home/airflow/.local/lib/python3.8/site-packages/airflow/example_dags/example_bash_operator.py
[2024-01-30T22:01:12.548+0000] {logging_mixin.py:188} INFO - [2024-01-30T22:01:12.548+0000] {dag.py:3036} INFO - Sync 1 DAGs
[2024-01-30T22:01:12.576+0000] {logging_mixin.py:188} INFO - [2024-01-30T22:01:12.576+0000] {dag.py:3823} INFO - Setting next_dagrun for example_bash_operator to 2024-01-29 00:00:00+00:00, run_after=2024-01-30 00:00:00+00:00
[2024-01-30T22:01:12.602+0000] {processor.py:183} INFO - Processing /home/airflow/.local/lib/python3.8/site-packages/airflow/example_dags/example_bash_operator.py took 0.104 seconds
[2024-01-30T22:01:42.647+0000] {processor.py:161} INFO - Started process (PID=975) to work on /home/airflow/.local/lib/python3.8/site-packages/airflow/example_dags/example_bash_operator.py
[2024-01-30T22:01:42.648+0000] {processor.py:830} INFO - Processing file /home/airflow/.local/lib/python3.8/site-packages/airflow/example_dags/example_bash_operator.py for tasks to queue
[2024-01-30T22:01:42.649+0000] {logging_mixin.py:188} INFO - [2024-01-30T22:01:42.649+0000] {dagbag.py:538} INFO - Filling up the DagBag from /home/airflow/.local/lib/python3.8/site-packages/airflow/example_dags/example_bash_operator.py
[2024-01-30T22:01:42.660+0000] {processor.py:840} INFO - DAG(s) 'example_bash_operator' retrieved from /home/airflow/.local/lib/python3.8/site-packages/airflow/example_dags/example_bash_operator.py
[2024-01-30T22:01:42.695+0000] {logging_mixin.py:188} INFO - [2024-01-30T22:01:42.695+0000] {dag.py:3036} INFO - Sync 1 DAGs
[2024-01-30T22:01:42.721+0000] {logging_mixin.py:188} INFO - [2024-01-30T22:01:42.721+0000] {dag.py:3823} INFO - Setting next_dagrun for example_bash_operator to 2024-01-29 00:00:00+00:00, run_after=2024-01-30 00:00:00+00:00
[2024-01-30T22:01:42.746+0000] {processor.py:183} INFO - Processing /home/airflow/.local/lib/python3.8/site-packages/airflow/example_dags/example_bash_operator.py took 0.101 seconds
[2024-01-30T22:02:13.260+0000] {processor.py:161} INFO - Started process (PID=1033) to work on /home/airflow/.local/lib/python3.8/site-packages/airflow/example_dags/example_bash_operator.py
[2024-01-30T22:02:13.261+0000] {processor.py:830} INFO - Processing file /home/airflow/.local/lib/python3.8/site-packages/airflow/example_dags/example_bash_operator.py for tasks to queue
[2024-01-30T22:02:13.262+0000] {logging_mixin.py:188} INFO - [2024-01-30T22:02:13.262+0000] {dagbag.py:538} INFO - Filling up the DagBag from /home/airflow/.local/lib/python3.8/site-packages/airflow/example_dags/example_bash_operator.py
[2024-01-30T22:02:13.273+0000] {processor.py:840} INFO - DAG(s) 'example_bash_operator' retrieved from /home/airflow/.local/lib/python3.8/site-packages/airflow/example_dags/example_bash_operator.py
[2024-01-30T22:02:13.307+0000] {logging_mixin.py:188} INFO - [2024-01-30T22:02:13.307+0000] {dag.py:3036} INFO - Sync 1 DAGs
[2024-01-30T22:02:13.332+0000] {logging_mixin.py:188} INFO - [2024-01-30T22:02:13.331+0000] {dag.py:3823} INFO - Setting next_dagrun for example_bash_operator to 2024-01-29 00:00:00+00:00, run_after=2024-01-30 00:00:00+00:00
[2024-01-30T22:02:13.359+0000] {processor.py:183} INFO - Processing /home/airflow/.local/lib/python3.8/site-packages/airflow/example_dags/example_bash_operator.py took 0.101 seconds
[2024-01-30T22:02:47.337+0000] {processor.py:161} INFO - Started process (PID=1096) to work on /home/airflow/.local/lib/python3.8/site-packages/airflow/example_dags/example_bash_operator.py
[2024-01-30T22:02:47.350+0000] {processor.py:830} INFO - Processing file /home/airflow/.local/lib/python3.8/site-packages/airflow/example_dags/example_bash_operator.py for tasks to queue
[2024-01-30T22:02:47.362+0000] {logging_mixin.py:188} INFO - [2024-01-30T22:02:47.360+0000] {dagbag.py:538} INFO - Filling up the DagBag from /home/airflow/.local/lib/python3.8/site-packages/airflow/example_dags/example_bash_operator.py
[2024-01-30T22:02:47.652+0000] {processor.py:840} INFO - DAG(s) 'example_bash_operator' retrieved from /home/airflow/.local/lib/python3.8/site-packages/airflow/example_dags/example_bash_operator.py
[2024-01-30T22:02:48.396+0000] {logging_mixin.py:188} INFO - [2024-01-30T22:02:48.393+0000] {dag.py:3036} INFO - Sync 1 DAGs
[2024-01-30T22:02:48.709+0000] {logging_mixin.py:188} INFO - [2024-01-30T22:02:48.707+0000] {dag.py:3823} INFO - Setting next_dagrun for example_bash_operator to 2024-01-29 00:00:00+00:00, run_after=2024-01-30 00:00:00+00:00
[2024-01-30T22:02:48.920+0000] {processor.py:183} INFO - Processing /home/airflow/.local/lib/python3.8/site-packages/airflow/example_dags/example_bash_operator.py took 1.635 seconds
[2024-01-30T22:03:18.981+0000] {processor.py:161} INFO - Started process (PID=1153) to work on /home/airflow/.local/lib/python3.8/site-packages/airflow/example_dags/example_bash_operator.py
[2024-01-30T22:03:18.983+0000] {processor.py:830} INFO - Processing file /home/airflow/.local/lib/python3.8/site-packages/airflow/example_dags/example_bash_operator.py for tasks to queue
[2024-01-30T22:03:18.984+0000] {logging_mixin.py:188} INFO - [2024-01-30T22:03:18.984+0000] {dagbag.py:538} INFO - Filling up the DagBag from /home/airflow/.local/lib/python3.8/site-packages/airflow/example_dags/example_bash_operator.py
[2024-01-30T22:03:19.000+0000] {processor.py:840} INFO - DAG(s) 'example_bash_operator' retrieved from /home/airflow/.local/lib/python3.8/site-packages/airflow/example_dags/example_bash_operator.py
[2024-01-30T22:03:19.038+0000] {logging_mixin.py:188} INFO - [2024-01-30T22:03:19.037+0000] {dag.py:3036} INFO - Sync 1 DAGs
[2024-01-30T22:03:19.063+0000] {logging_mixin.py:188} INFO - [2024-01-30T22:03:19.063+0000] {dag.py:3823} INFO - Setting next_dagrun for example_bash_operator to 2024-01-29 00:00:00+00:00, run_after=2024-01-30 00:00:00+00:00
[2024-01-30T22:03:19.089+0000] {processor.py:183} INFO - Processing /home/airflow/.local/lib/python3.8/site-packages/airflow/example_dags/example_bash_operator.py took 0.112 seconds
[2024-01-30T22:03:49.365+0000] {processor.py:161} INFO - Started process (PID=1216) to work on /home/airflow/.local/lib/python3.8/site-packages/airflow/example_dags/example_bash_operator.py
[2024-01-30T22:03:49.367+0000] {processor.py:830} INFO - Processing file /home/airflow/.local/lib/python3.8/site-packages/airflow/example_dags/example_bash_operator.py for tasks to queue
[2024-01-30T22:03:49.368+0000] {logging_mixin.py:188} INFO - [2024-01-30T22:03:49.368+0000] {dagbag.py:538} INFO - Filling up the DagBag from /home/airflow/.local/lib/python3.8/site-packages/airflow/example_dags/example_bash_operator.py
[2024-01-30T22:03:49.380+0000] {processor.py:840} INFO - DAG(s) 'example_bash_operator' retrieved from /home/airflow/.local/lib/python3.8/site-packages/airflow/example_dags/example_bash_operator.py
[2024-01-30T22:03:49.417+0000] {logging_mixin.py:188} INFO - [2024-01-30T22:03:49.416+0000] {dag.py:3036} INFO - Sync 1 DAGs
[2024-01-30T22:03:49.444+0000] {logging_mixin.py:188} INFO - [2024-01-30T22:03:49.444+0000] {dag.py:3823} INFO - Setting next_dagrun for example_bash_operator to 2024-01-29 00:00:00+00:00, run_after=2024-01-30 00:00:00+00:00
[2024-01-30T22:03:49.469+0000] {processor.py:183} INFO - Processing /home/airflow/.local/lib/python3.8/site-packages/airflow/example_dags/example_bash_operator.py took 0.106 seconds
[2024-01-30T22:04:19.521+0000] {processor.py:161} INFO - Started process (PID=1273) to work on /home/airflow/.local/lib/python3.8/site-packages/airflow/example_dags/example_bash_operator.py
[2024-01-30T22:04:19.522+0000] {processor.py:830} INFO - Processing file /home/airflow/.local/lib/python3.8/site-packages/airflow/example_dags/example_bash_operator.py for tasks to queue
[2024-01-30T22:04:19.523+0000] {logging_mixin.py:188} INFO - [2024-01-30T22:04:19.522+0000] {dagbag.py:538} INFO - Filling up the DagBag from /home/airflow/.local/lib/python3.8/site-packages/airflow/example_dags/example_bash_operator.py
[2024-01-30T22:04:19.533+0000] {processor.py:840} INFO - DAG(s) 'example_bash_operator' retrieved from /home/airflow/.local/lib/python3.8/site-packages/airflow/example_dags/example_bash_operator.py
[2024-01-30T22:04:19.568+0000] {logging_mixin.py:188} INFO - [2024-01-30T22:04:19.567+0000] {dag.py:3036} INFO - Sync 1 DAGs
[2024-01-30T22:04:19.597+0000] {logging_mixin.py:188} INFO - [2024-01-30T22:04:19.597+0000] {dag.py:3823} INFO - Setting next_dagrun for example_bash_operator to 2024-01-29 00:00:00+00:00, run_after=2024-01-30 00:00:00+00:00
[2024-01-30T22:04:19.630+0000] {processor.py:183} INFO - Processing /home/airflow/.local/lib/python3.8/site-packages/airflow/example_dags/example_bash_operator.py took 0.112 seconds
[2024-01-30T22:04:49.821+0000] {processor.py:161} INFO - Started process (PID=1330) to work on /home/airflow/.local/lib/python3.8/site-packages/airflow/example_dags/example_bash_operator.py
[2024-01-30T22:04:49.823+0000] {processor.py:830} INFO - Processing file /home/airflow/.local/lib/python3.8/site-packages/airflow/example_dags/example_bash_operator.py for tasks to queue
[2024-01-30T22:04:49.824+0000] {logging_mixin.py:188} INFO - [2024-01-30T22:04:49.823+0000] {dagbag.py:538} INFO - Filling up the DagBag from /home/airflow/.local/lib/python3.8/site-packages/airflow/example_dags/example_bash_operator.py
[2024-01-30T22:04:49.834+0000] {processor.py:840} INFO - DAG(s) 'example_bash_operator' retrieved from /home/airflow/.local/lib/python3.8/site-packages/airflow/example_dags/example_bash_operator.py
[2024-01-30T22:04:49.868+0000] {logging_mixin.py:188} INFO - [2024-01-30T22:04:49.868+0000] {dag.py:3036} INFO - Sync 1 DAGs
[2024-01-30T22:04:49.894+0000] {logging_mixin.py:188} INFO - [2024-01-30T22:04:49.894+0000] {dag.py:3823} INFO - Setting next_dagrun for example_bash_operator to 2024-01-29 00:00:00+00:00, run_after=2024-01-30 00:00:00+00:00
[2024-01-30T22:04:49.928+0000] {processor.py:183} INFO - Processing /home/airflow/.local/lib/python3.8/site-packages/airflow/example_dags/example_bash_operator.py took 0.109 seconds
[2024-01-30T22:05:20.420+0000] {processor.py:161} INFO - Started process (PID=1387) to work on /home/airflow/.local/lib/python3.8/site-packages/airflow/example_dags/example_bash_operator.py
[2024-01-30T22:05:20.421+0000] {processor.py:830} INFO - Processing file /home/airflow/.local/lib/python3.8/site-packages/airflow/example_dags/example_bash_operator.py for tasks to queue
[2024-01-30T22:05:20.422+0000] {logging_mixin.py:188} INFO - [2024-01-30T22:05:20.421+0000] {dagbag.py:538} INFO - Filling up the DagBag from /home/airflow/.local/lib/python3.8/site-packages/airflow/example_dags/example_bash_operator.py
[2024-01-30T22:05:20.432+0000] {processor.py:840} INFO - DAG(s) 'example_bash_operator' retrieved from /home/airflow/.local/lib/python3.8/site-packages/airflow/example_dags/example_bash_operator.py
[2024-01-30T22:05:20.461+0000] {logging_mixin.py:188} INFO - [2024-01-30T22:05:20.461+0000] {dag.py:3036} INFO - Sync 1 DAGs
[2024-01-30T22:05:20.483+0000] {logging_mixin.py:188} INFO - [2024-01-30T22:05:20.482+0000] {dag.py:3823} INFO - Setting next_dagrun for example_bash_operator to 2024-01-29 00:00:00+00:00, run_after=2024-01-30 00:00:00+00:00
[2024-01-30T22:05:20.507+0000] {processor.py:183} INFO - Processing /home/airflow/.local/lib/python3.8/site-packages/airflow/example_dags/example_bash_operator.py took 0.089 seconds
[2024-01-30T22:05:51.213+0000] {processor.py:161} INFO - Started process (PID=1444) to work on /home/airflow/.local/lib/python3.8/site-packages/airflow/example_dags/example_bash_operator.py
[2024-01-30T22:05:51.219+0000] {processor.py:830} INFO - Processing file /home/airflow/.local/lib/python3.8/site-packages/airflow/example_dags/example_bash_operator.py for tasks to queue
[2024-01-30T22:05:51.227+0000] {logging_mixin.py:188} INFO - [2024-01-30T22:05:51.225+0000] {dagbag.py:538} INFO - Filling up the DagBag from /home/airflow/.local/lib/python3.8/site-packages/airflow/example_dags/example_bash_operator.py
[2024-01-30T22:05:51.335+0000] {processor.py:840} INFO - DAG(s) 'example_bash_operator' retrieved from /home/airflow/.local/lib/python3.8/site-packages/airflow/example_dags/example_bash_operator.py
[2024-01-30T22:05:51.673+0000] {logging_mixin.py:188} INFO - [2024-01-30T22:05:51.671+0000] {dag.py:3036} INFO - Sync 1 DAGs
[2024-01-30T22:05:51.881+0000] {logging_mixin.py:188} INFO - [2024-01-30T22:05:51.879+0000] {dag.py:3823} INFO - Setting next_dagrun for example_bash_operator to 2024-01-29 00:00:00+00:00, run_after=2024-01-30 00:00:00+00:00
[2024-01-30T22:05:52.055+0000] {processor.py:183} INFO - Processing /home/airflow/.local/lib/python3.8/site-packages/airflow/example_dags/example_bash_operator.py took 0.865 seconds
[2024-01-30T22:06:22.358+0000] {processor.py:161} INFO - Started process (PID=1501) to work on /home/airflow/.local/lib/python3.8/site-packages/airflow/example_dags/example_bash_operator.py
[2024-01-30T22:06:22.360+0000] {processor.py:830} INFO - Processing file /home/airflow/.local/lib/python3.8/site-packages/airflow/example_dags/example_bash_operator.py for tasks to queue
[2024-01-30T22:06:22.361+0000] {logging_mixin.py:188} INFO - [2024-01-30T22:06:22.361+0000] {dagbag.py:538} INFO - Filling up the DagBag from /home/airflow/.local/lib/python3.8/site-packages/airflow/example_dags/example_bash_operator.py
[2024-01-30T22:06:22.374+0000] {processor.py:840} INFO - DAG(s) 'example_bash_operator' retrieved from /home/airflow/.local/lib/python3.8/site-packages/airflow/example_dags/example_bash_operator.py
[2024-01-30T22:06:22.411+0000] {logging_mixin.py:188} INFO - [2024-01-30T22:06:22.410+0000] {dag.py:3036} INFO - Sync 1 DAGs
[2024-01-30T22:06:22.446+0000] {logging_mixin.py:188} INFO - [2024-01-30T22:06:22.445+0000] {dag.py:3823} INFO - Setting next_dagrun for example_bash_operator to 2024-01-29 00:00:00+00:00, run_after=2024-01-30 00:00:00+00:00
[2024-01-30T22:06:22.479+0000] {processor.py:183} INFO - Processing /home/airflow/.local/lib/python3.8/site-packages/airflow/example_dags/example_bash_operator.py took 0.125 seconds
[2024-01-30T22:06:52.584+0000] {processor.py:161} INFO - Started process (PID=1558) to work on /home/airflow/.local/lib/python3.8/site-packages/airflow/example_dags/example_bash_operator.py
[2024-01-30T22:06:52.586+0000] {processor.py:830} INFO - Processing file /home/airflow/.local/lib/python3.8/site-packages/airflow/example_dags/example_bash_operator.py for tasks to queue
[2024-01-30T22:06:52.587+0000] {logging_mixin.py:188} INFO - [2024-01-30T22:06:52.587+0000] {dagbag.py:538} INFO - Filling up the DagBag from /home/airflow/.local/lib/python3.8/site-packages/airflow/example_dags/example_bash_operator.py
[2024-01-30T22:06:52.598+0000] {processor.py:840} INFO - DAG(s) 'example_bash_operator' retrieved from /home/airflow/.local/lib/python3.8/site-packages/airflow/example_dags/example_bash_operator.py
[2024-01-30T22:06:52.629+0000] {logging_mixin.py:188} INFO - [2024-01-30T22:06:52.628+0000] {dag.py:3036} INFO - Sync 1 DAGs
[2024-01-30T22:06:52.651+0000] {logging_mixin.py:188} INFO - [2024-01-30T22:06:52.651+0000] {dag.py:3823} INFO - Setting next_dagrun for example_bash_operator to 2024-01-29 00:00:00+00:00, run_after=2024-01-30 00:00:00+00:00
[2024-01-30T22:06:52.697+0000] {processor.py:183} INFO - Processing /home/airflow/.local/lib/python3.8/site-packages/airflow/example_dags/example_bash_operator.py took 0.116 seconds
[2024-01-30T22:07:23.071+0000] {processor.py:161} INFO - Started process (PID=1614) to work on /home/airflow/.local/lib/python3.8/site-packages/airflow/example_dags/example_bash_operator.py
[2024-01-30T22:07:23.072+0000] {processor.py:830} INFO - Processing file /home/airflow/.local/lib/python3.8/site-packages/airflow/example_dags/example_bash_operator.py for tasks to queue
[2024-01-30T22:07:23.073+0000] {logging_mixin.py:188} INFO - [2024-01-30T22:07:23.073+0000] {dagbag.py:538} INFO - Filling up the DagBag from /home/airflow/.local/lib/python3.8/site-packages/airflow/example_dags/example_bash_operator.py
[2024-01-30T22:07:23.084+0000] {processor.py:840} INFO - DAG(s) 'example_bash_operator' retrieved from /home/airflow/.local/lib/python3.8/site-packages/airflow/example_dags/example_bash_operator.py
[2024-01-30T22:07:23.116+0000] {logging_mixin.py:188} INFO - [2024-01-30T22:07:23.116+0000] {dag.py:3036} INFO - Sync 1 DAGs
[2024-01-30T22:07:23.142+0000] {logging_mixin.py:188} INFO - [2024-01-30T22:07:23.141+0000] {dag.py:3823} INFO - Setting next_dagrun for example_bash_operator to 2024-01-29 00:00:00+00:00, run_after=2024-01-30 00:00:00+00:00
[2024-01-30T22:07:23.174+0000] {processor.py:183} INFO - Processing /home/airflow/.local/lib/python3.8/site-packages/airflow/example_dags/example_bash_operator.py took 0.105 seconds
[2024-01-30T22:07:54.268+0000] {processor.py:161} INFO - Started process (PID=1671) to work on /home/airflow/.local/lib/python3.8/site-packages/airflow/example_dags/example_bash_operator.py
[2024-01-30T22:07:54.270+0000] {processor.py:830} INFO - Processing file /home/airflow/.local/lib/python3.8/site-packages/airflow/example_dags/example_bash_operator.py for tasks to queue
[2024-01-30T22:07:54.272+0000] {logging_mixin.py:188} INFO - [2024-01-30T22:07:54.271+0000] {dagbag.py:538} INFO - Filling up the DagBag from /home/airflow/.local/lib/python3.8/site-packages/airflow/example_dags/example_bash_operator.py
[2024-01-30T22:07:54.291+0000] {processor.py:840} INFO - DAG(s) 'example_bash_operator' retrieved from /home/airflow/.local/lib/python3.8/site-packages/airflow/example_dags/example_bash_operator.py
[2024-01-30T22:07:54.353+0000] {logging_mixin.py:188} INFO - [2024-01-30T22:07:54.353+0000] {dag.py:3036} INFO - Sync 1 DAGs
[2024-01-30T22:07:54.385+0000] {logging_mixin.py:188} INFO - [2024-01-30T22:07:54.384+0000] {dag.py:3823} INFO - Setting next_dagrun for example_bash_operator to 2024-01-29 00:00:00+00:00, run_after=2024-01-30 00:00:00+00:00
[2024-01-30T22:07:54.416+0000] {processor.py:183} INFO - Processing /home/airflow/.local/lib/python3.8/site-packages/airflow/example_dags/example_bash_operator.py took 0.153 seconds
[2024-01-30T22:08:24.552+0000] {processor.py:161} INFO - Started process (PID=1727) to work on /home/airflow/.local/lib/python3.8/site-packages/airflow/example_dags/example_bash_operator.py
[2024-01-30T22:08:24.554+0000] {processor.py:830} INFO - Processing file /home/airflow/.local/lib/python3.8/site-packages/airflow/example_dags/example_bash_operator.py for tasks to queue
[2024-01-30T22:08:24.555+0000] {logging_mixin.py:188} INFO - [2024-01-30T22:08:24.555+0000] {dagbag.py:538} INFO - Filling up the DagBag from /home/airflow/.local/lib/python3.8/site-packages/airflow/example_dags/example_bash_operator.py
[2024-01-30T22:08:24.570+0000] {processor.py:840} INFO - DAG(s) 'example_bash_operator' retrieved from /home/airflow/.local/lib/python3.8/site-packages/airflow/example_dags/example_bash_operator.py
[2024-01-30T22:08:24.615+0000] {logging_mixin.py:188} INFO - [2024-01-30T22:08:24.614+0000] {dag.py:3036} INFO - Sync 1 DAGs
[2024-01-30T22:08:24.656+0000] {logging_mixin.py:188} INFO - [2024-01-30T22:08:24.656+0000] {dag.py:3823} INFO - Setting next_dagrun for example_bash_operator to 2024-01-29 00:00:00+00:00, run_after=2024-01-30 00:00:00+00:00
[2024-01-30T22:08:24.688+0000] {processor.py:183} INFO - Processing /home/airflow/.local/lib/python3.8/site-packages/airflow/example_dags/example_bash_operator.py took 0.139 seconds
[2024-01-30T22:08:55.325+0000] {processor.py:161} INFO - Started process (PID=1785) to work on /home/airflow/.local/lib/python3.8/site-packages/airflow/example_dags/example_bash_operator.py
[2024-01-30T22:08:55.326+0000] {processor.py:830} INFO - Processing file /home/airflow/.local/lib/python3.8/site-packages/airflow/example_dags/example_bash_operator.py for tasks to queue
[2024-01-30T22:08:55.328+0000] {logging_mixin.py:188} INFO - [2024-01-30T22:08:55.327+0000] {dagbag.py:538} INFO - Filling up the DagBag from /home/airflow/.local/lib/python3.8/site-packages/airflow/example_dags/example_bash_operator.py
[2024-01-30T22:08:55.343+0000] {processor.py:840} INFO - DAG(s) 'example_bash_operator' retrieved from /home/airflow/.local/lib/python3.8/site-packages/airflow/example_dags/example_bash_operator.py
[2024-01-30T22:08:55.384+0000] {logging_mixin.py:188} INFO - [2024-01-30T22:08:55.384+0000] {dag.py:3036} INFO - Sync 1 DAGs
[2024-01-30T22:08:55.420+0000] {logging_mixin.py:188} INFO - [2024-01-30T22:08:55.420+0000] {dag.py:3823} INFO - Setting next_dagrun for example_bash_operator to 2024-01-29 00:00:00+00:00, run_after=2024-01-30 00:00:00+00:00
[2024-01-30T22:08:55.448+0000] {processor.py:183} INFO - Processing /home/airflow/.local/lib/python3.8/site-packages/airflow/example_dags/example_bash_operator.py took 0.127 seconds
[2024-01-30T22:09:25.780+0000] {processor.py:161} INFO - Started process (PID=1843) to work on /home/airflow/.local/lib/python3.8/site-packages/airflow/example_dags/example_bash_operator.py
[2024-01-30T22:09:25.781+0000] {processor.py:830} INFO - Processing file /home/airflow/.local/lib/python3.8/site-packages/airflow/example_dags/example_bash_operator.py for tasks to queue
[2024-01-30T22:09:25.783+0000] {logging_mixin.py:188} INFO - [2024-01-30T22:09:25.783+0000] {dagbag.py:538} INFO - Filling up the DagBag from /home/airflow/.local/lib/python3.8/site-packages/airflow/example_dags/example_bash_operator.py
[2024-01-30T22:09:25.797+0000] {processor.py:840} INFO - DAG(s) 'example_bash_operator' retrieved from /home/airflow/.local/lib/python3.8/site-packages/airflow/example_dags/example_bash_operator.py
[2024-01-30T22:09:25.811+0000] {logging_mixin.py:188} INFO - [2024-01-30T22:09:25.811+0000] {dag.py:3036} INFO - Sync 1 DAGs
[2024-01-30T22:09:25.839+0000] {logging_mixin.py:188} INFO - [2024-01-30T22:09:25.839+0000] {dag.py:3823} INFO - Setting next_dagrun for example_bash_operator to 2024-01-29 00:00:00+00:00, run_after=2024-01-30 00:00:00+00:00
[2024-01-30T22:09:25.867+0000] {processor.py:183} INFO - Processing /home/airflow/.local/lib/python3.8/site-packages/airflow/example_dags/example_bash_operator.py took 0.090 seconds
[2024-01-30T22:09:56.334+0000] {processor.py:161} INFO - Started process (PID=1900) to work on /home/airflow/.local/lib/python3.8/site-packages/airflow/example_dags/example_bash_operator.py
[2024-01-30T22:09:56.336+0000] {processor.py:830} INFO - Processing file /home/airflow/.local/lib/python3.8/site-packages/airflow/example_dags/example_bash_operator.py for tasks to queue
[2024-01-30T22:09:56.337+0000] {logging_mixin.py:188} INFO - [2024-01-30T22:09:56.337+0000] {dagbag.py:538} INFO - Filling up the DagBag from /home/airflow/.local/lib/python3.8/site-packages/airflow/example_dags/example_bash_operator.py
[2024-01-30T22:09:56.351+0000] {processor.py:840} INFO - DAG(s) 'example_bash_operator' retrieved from /home/airflow/.local/lib/python3.8/site-packages/airflow/example_dags/example_bash_operator.py
[2024-01-30T22:09:56.511+0000] {logging_mixin.py:188} INFO - [2024-01-30T22:09:56.511+0000] {dag.py:3036} INFO - Sync 1 DAGs
[2024-01-30T22:09:56.542+0000] {logging_mixin.py:188} INFO - [2024-01-30T22:09:56.541+0000] {dag.py:3823} INFO - Setting next_dagrun for example_bash_operator to 2024-01-29 00:00:00+00:00, run_after=2024-01-30 00:00:00+00:00
[2024-01-30T22:09:56.572+0000] {processor.py:183} INFO - Processing /home/airflow/.local/lib/python3.8/site-packages/airflow/example_dags/example_bash_operator.py took 0.241 seconds
[2024-01-30T22:10:34.898+0000] {processor.py:161} INFO - Started process (PID=1957) to work on /home/airflow/.local/lib/python3.8/site-packages/airflow/example_dags/example_bash_operator.py
[2024-01-30T22:10:34.900+0000] {processor.py:830} INFO - Processing file /home/airflow/.local/lib/python3.8/site-packages/airflow/example_dags/example_bash_operator.py for tasks to queue
[2024-01-30T22:10:34.901+0000] {logging_mixin.py:188} INFO - [2024-01-30T22:10:34.900+0000] {dagbag.py:538} INFO - Filling up the DagBag from /home/airflow/.local/lib/python3.8/site-packages/airflow/example_dags/example_bash_operator.py
[2024-01-30T22:10:34.914+0000] {processor.py:840} INFO - DAG(s) 'example_bash_operator' retrieved from /home/airflow/.local/lib/python3.8/site-packages/airflow/example_dags/example_bash_operator.py
[2024-01-30T22:10:34.960+0000] {logging_mixin.py:188} INFO - [2024-01-30T22:10:34.959+0000] {dag.py:3036} INFO - Sync 1 DAGs
[2024-01-30T22:10:34.991+0000] {logging_mixin.py:188} INFO - [2024-01-30T22:10:34.991+0000] {dag.py:3823} INFO - Setting next_dagrun for example_bash_operator to 2024-01-29 00:00:00+00:00, run_after=2024-01-30 00:00:00+00:00
[2024-01-30T22:10:35.024+0000] {processor.py:183} INFO - Processing /home/airflow/.local/lib/python3.8/site-packages/airflow/example_dags/example_bash_operator.py took 0.130 seconds
[2024-01-30T22:11:05.764+0000] {processor.py:161} INFO - Started process (PID=2013) to work on /home/airflow/.local/lib/python3.8/site-packages/airflow/example_dags/example_bash_operator.py
[2024-01-30T22:11:05.765+0000] {processor.py:830} INFO - Processing file /home/airflow/.local/lib/python3.8/site-packages/airflow/example_dags/example_bash_operator.py for tasks to queue
[2024-01-30T22:11:05.767+0000] {logging_mixin.py:188} INFO - [2024-01-30T22:11:05.766+0000] {dagbag.py:538} INFO - Filling up the DagBag from /home/airflow/.local/lib/python3.8/site-packages/airflow/example_dags/example_bash_operator.py
[2024-01-30T22:11:05.782+0000] {processor.py:840} INFO - DAG(s) 'example_bash_operator' retrieved from /home/airflow/.local/lib/python3.8/site-packages/airflow/example_dags/example_bash_operator.py
[2024-01-30T22:11:05.822+0000] {logging_mixin.py:188} INFO - [2024-01-30T22:11:05.822+0000] {dag.py:3036} INFO - Sync 1 DAGs
[2024-01-30T22:11:05.853+0000] {logging_mixin.py:188} INFO - [2024-01-30T22:11:05.853+0000] {dag.py:3823} INFO - Setting next_dagrun for example_bash_operator to 2024-01-29 00:00:00+00:00, run_after=2024-01-30 00:00:00+00:00
[2024-01-30T22:11:05.889+0000] {processor.py:183} INFO - Processing /home/airflow/.local/lib/python3.8/site-packages/airflow/example_dags/example_bash_operator.py took 0.128 seconds
[2024-01-30T22:11:36.696+0000] {processor.py:161} INFO - Started process (PID=2070) to work on /home/airflow/.local/lib/python3.8/site-packages/airflow/example_dags/example_bash_operator.py
[2024-01-30T22:11:36.698+0000] {processor.py:830} INFO - Processing file /home/airflow/.local/lib/python3.8/site-packages/airflow/example_dags/example_bash_operator.py for tasks to queue
[2024-01-30T22:11:36.700+0000] {logging_mixin.py:188} INFO - [2024-01-30T22:11:36.700+0000] {dagbag.py:538} INFO - Filling up the DagBag from /home/airflow/.local/lib/python3.8/site-packages/airflow/example_dags/example_bash_operator.py
[2024-01-30T22:11:36.719+0000] {processor.py:840} INFO - DAG(s) 'example_bash_operator' retrieved from /home/airflow/.local/lib/python3.8/site-packages/airflow/example_dags/example_bash_operator.py
[2024-01-30T22:11:36.766+0000] {logging_mixin.py:188} INFO - [2024-01-30T22:11:36.766+0000] {dag.py:3036} INFO - Sync 1 DAGs
[2024-01-30T22:11:36.800+0000] {logging_mixin.py:188} INFO - [2024-01-30T22:11:36.800+0000] {dag.py:3823} INFO - Setting next_dagrun for example_bash_operator to 2024-01-29 00:00:00+00:00, run_after=2024-01-30 00:00:00+00:00
[2024-01-30T22:11:36.843+0000] {processor.py:183} INFO - Processing /home/airflow/.local/lib/python3.8/site-packages/airflow/example_dags/example_bash_operator.py took 0.151 seconds
[2024-01-30T22:12:07.154+0000] {processor.py:161} INFO - Started process (PID=2127) to work on /home/airflow/.local/lib/python3.8/site-packages/airflow/example_dags/example_bash_operator.py
[2024-01-30T22:12:07.156+0000] {processor.py:830} INFO - Processing file /home/airflow/.local/lib/python3.8/site-packages/airflow/example_dags/example_bash_operator.py for tasks to queue
[2024-01-30T22:12:07.157+0000] {logging_mixin.py:188} INFO - [2024-01-30T22:12:07.156+0000] {dagbag.py:538} INFO - Filling up the DagBag from /home/airflow/.local/lib/python3.8/site-packages/airflow/example_dags/example_bash_operator.py
[2024-01-30T22:12:07.167+0000] {processor.py:840} INFO - DAG(s) 'example_bash_operator' retrieved from /home/airflow/.local/lib/python3.8/site-packages/airflow/example_dags/example_bash_operator.py
[2024-01-30T22:12:07.198+0000] {logging_mixin.py:188} INFO - [2024-01-30T22:12:07.198+0000] {dag.py:3036} INFO - Sync 1 DAGs
[2024-01-30T22:12:07.224+0000] {logging_mixin.py:188} INFO - [2024-01-30T22:12:07.223+0000] {dag.py:3823} INFO - Setting next_dagrun for example_bash_operator to 2024-01-29 00:00:00+00:00, run_after=2024-01-30 00:00:00+00:00
[2024-01-30T22:12:07.250+0000] {processor.py:183} INFO - Processing /home/airflow/.local/lib/python3.8/site-packages/airflow/example_dags/example_bash_operator.py took 0.099 seconds
[2024-01-30T22:12:38.123+0000] {processor.py:161} INFO - Started process (PID=2185) to work on /home/airflow/.local/lib/python3.8/site-packages/airflow/example_dags/example_bash_operator.py
[2024-01-30T22:12:38.124+0000] {processor.py:830} INFO - Processing file /home/airflow/.local/lib/python3.8/site-packages/airflow/example_dags/example_bash_operator.py for tasks to queue
[2024-01-30T22:12:38.126+0000] {logging_mixin.py:188} INFO - [2024-01-30T22:12:38.125+0000] {dagbag.py:538} INFO - Filling up the DagBag from /home/airflow/.local/lib/python3.8/site-packages/airflow/example_dags/example_bash_operator.py
[2024-01-30T22:12:38.137+0000] {processor.py:840} INFO - DAG(s) 'example_bash_operator' retrieved from /home/airflow/.local/lib/python3.8/site-packages/airflow/example_dags/example_bash_operator.py
[2024-01-30T22:12:38.168+0000] {logging_mixin.py:188} INFO - [2024-01-30T22:12:38.168+0000] {dag.py:3036} INFO - Sync 1 DAGs
[2024-01-30T22:12:38.193+0000] {logging_mixin.py:188} INFO - [2024-01-30T22:12:38.193+0000] {dag.py:3823} INFO - Setting next_dagrun for example_bash_operator to 2024-01-29 00:00:00+00:00, run_after=2024-01-30 00:00:00+00:00
[2024-01-30T22:12:38.222+0000] {processor.py:183} INFO - Processing /home/airflow/.local/lib/python3.8/site-packages/airflow/example_dags/example_bash_operator.py took 0.102 seconds
[2024-01-30T22:13:08.446+0000] {processor.py:161} INFO - Started process (PID=2242) to work on /home/airflow/.local/lib/python3.8/site-packages/airflow/example_dags/example_bash_operator.py
[2024-01-30T22:13:08.449+0000] {processor.py:830} INFO - Processing file /home/airflow/.local/lib/python3.8/site-packages/airflow/example_dags/example_bash_operator.py for tasks to queue
[2024-01-30T22:13:08.451+0000] {logging_mixin.py:188} INFO - [2024-01-30T22:13:08.450+0000] {dagbag.py:538} INFO - Filling up the DagBag from /home/airflow/.local/lib/python3.8/site-packages/airflow/example_dags/example_bash_operator.py
[2024-01-30T22:13:08.466+0000] {processor.py:840} INFO - DAG(s) 'example_bash_operator' retrieved from /home/airflow/.local/lib/python3.8/site-packages/airflow/example_dags/example_bash_operator.py
[2024-01-30T22:13:08.505+0000] {logging_mixin.py:188} INFO - [2024-01-30T22:13:08.504+0000] {dag.py:3036} INFO - Sync 1 DAGs
[2024-01-30T22:13:08.538+0000] {logging_mixin.py:188} INFO - [2024-01-30T22:13:08.537+0000] {dag.py:3823} INFO - Setting next_dagrun for example_bash_operator to 2024-01-29 00:00:00+00:00, run_after=2024-01-30 00:00:00+00:00
[2024-01-30T22:13:08.572+0000] {processor.py:183} INFO - Processing /home/airflow/.local/lib/python3.8/site-packages/airflow/example_dags/example_bash_operator.py took 0.130 seconds
[2024-01-30T22:13:39.275+0000] {processor.py:161} INFO - Started process (PID=2299) to work on /home/airflow/.local/lib/python3.8/site-packages/airflow/example_dags/example_bash_operator.py
[2024-01-30T22:13:39.277+0000] {processor.py:830} INFO - Processing file /home/airflow/.local/lib/python3.8/site-packages/airflow/example_dags/example_bash_operator.py for tasks to queue
[2024-01-30T22:13:39.279+0000] {logging_mixin.py:188} INFO - [2024-01-30T22:13:39.279+0000] {dagbag.py:538} INFO - Filling up the DagBag from /home/airflow/.local/lib/python3.8/site-packages/airflow/example_dags/example_bash_operator.py
[2024-01-30T22:13:39.294+0000] {processor.py:840} INFO - DAG(s) 'example_bash_operator' retrieved from /home/airflow/.local/lib/python3.8/site-packages/airflow/example_dags/example_bash_operator.py
[2024-01-30T22:13:39.331+0000] {logging_mixin.py:188} INFO - [2024-01-30T22:13:39.330+0000] {dag.py:3036} INFO - Sync 1 DAGs
[2024-01-30T22:13:39.359+0000] {logging_mixin.py:188} INFO - [2024-01-30T22:13:39.359+0000] {dag.py:3823} INFO - Setting next_dagrun for example_bash_operator to 2024-01-29 00:00:00+00:00, run_after=2024-01-30 00:00:00+00:00
[2024-01-30T22:13:39.388+0000] {processor.py:183} INFO - Processing /home/airflow/.local/lib/python3.8/site-packages/airflow/example_dags/example_bash_operator.py took 0.117 seconds
[2024-01-30T22:14:13.646+0000] {processor.py:161} INFO - Started process (PID=2356) to work on /home/airflow/.local/lib/python3.8/site-packages/airflow/example_dags/example_bash_operator.py
[2024-01-30T22:14:13.656+0000] {processor.py:830} INFO - Processing file /home/airflow/.local/lib/python3.8/site-packages/airflow/example_dags/example_bash_operator.py for tasks to queue
[2024-01-30T22:14:13.675+0000] {logging_mixin.py:188} INFO - [2024-01-30T22:14:13.671+0000] {dagbag.py:538} INFO - Filling up the DagBag from /home/airflow/.local/lib/python3.8/site-packages/airflow/example_dags/example_bash_operator.py
[2024-01-30T22:14:13.896+0000] {processor.py:840} INFO - DAG(s) 'example_bash_operator' retrieved from /home/airflow/.local/lib/python3.8/site-packages/airflow/example_dags/example_bash_operator.py
[2024-01-30T22:14:14.526+0000] {logging_mixin.py:188} INFO - [2024-01-30T22:14:14.524+0000] {dag.py:3036} INFO - Sync 1 DAGs
[2024-01-30T22:14:14.964+0000] {logging_mixin.py:188} INFO - [2024-01-30T22:14:14.963+0000] {dag.py:3823} INFO - Setting next_dagrun for example_bash_operator to 2024-01-29 00:00:00+00:00, run_after=2024-01-30 00:00:00+00:00
[2024-01-30T22:14:15.334+0000] {processor.py:183} INFO - Processing /home/airflow/.local/lib/python3.8/site-packages/airflow/example_dags/example_bash_operator.py took 1.737 seconds
[2024-01-30T22:14:45.621+0000] {processor.py:161} INFO - Started process (PID=2414) to work on /home/airflow/.local/lib/python3.8/site-packages/airflow/example_dags/example_bash_operator.py
[2024-01-30T22:14:45.622+0000] {processor.py:830} INFO - Processing file /home/airflow/.local/lib/python3.8/site-packages/airflow/example_dags/example_bash_operator.py for tasks to queue
[2024-01-30T22:14:45.623+0000] {logging_mixin.py:188} INFO - [2024-01-30T22:14:45.623+0000] {dagbag.py:538} INFO - Filling up the DagBag from /home/airflow/.local/lib/python3.8/site-packages/airflow/example_dags/example_bash_operator.py
[2024-01-30T22:14:45.636+0000] {processor.py:840} INFO - DAG(s) 'example_bash_operator' retrieved from /home/airflow/.local/lib/python3.8/site-packages/airflow/example_dags/example_bash_operator.py
[2024-01-30T22:14:45.687+0000] {logging_mixin.py:188} INFO - [2024-01-30T22:14:45.686+0000] {dag.py:3036} INFO - Sync 1 DAGs
[2024-01-30T22:14:45.713+0000] {logging_mixin.py:188} INFO - [2024-01-30T22:14:45.712+0000] {dag.py:3823} INFO - Setting next_dagrun for example_bash_operator to 2024-01-29 00:00:00+00:00, run_after=2024-01-30 00:00:00+00:00
[2024-01-30T22:14:45.741+0000] {processor.py:183} INFO - Processing /home/airflow/.local/lib/python3.8/site-packages/airflow/example_dags/example_bash_operator.py took 0.122 seconds
[2024-01-30T22:15:19.276+0000] {processor.py:161} INFO - Started process (PID=2472) to work on /home/airflow/.local/lib/python3.8/site-packages/airflow/example_dags/example_bash_operator.py
[2024-01-30T22:15:19.285+0000] {processor.py:830} INFO - Processing file /home/airflow/.local/lib/python3.8/site-packages/airflow/example_dags/example_bash_operator.py for tasks to queue
[2024-01-30T22:15:19.301+0000] {logging_mixin.py:188} INFO - [2024-01-30T22:15:19.297+0000] {dagbag.py:538} INFO - Filling up the DagBag from /home/airflow/.local/lib/python3.8/site-packages/airflow/example_dags/example_bash_operator.py
[2024-01-30T22:15:19.436+0000] {processor.py:840} INFO - DAG(s) 'example_bash_operator' retrieved from /home/airflow/.local/lib/python3.8/site-packages/airflow/example_dags/example_bash_operator.py
[2024-01-30T22:15:19.487+0000] {logging_mixin.py:188} INFO - [2024-01-30T22:15:19.486+0000] {dag.py:3036} INFO - Sync 1 DAGs
[2024-01-30T22:15:19.527+0000] {logging_mixin.py:188} INFO - [2024-01-30T22:15:19.527+0000] {dag.py:3823} INFO - Setting next_dagrun for example_bash_operator to 2024-01-29 00:00:00+00:00, run_after=2024-01-30 00:00:00+00:00
[2024-01-30T22:15:19.567+0000] {processor.py:183} INFO - Processing /home/airflow/.local/lib/python3.8/site-packages/airflow/example_dags/example_bash_operator.py took 0.347 seconds
[2024-01-30T22:15:50.139+0000] {processor.py:161} INFO - Started process (PID=2538) to work on /home/airflow/.local/lib/python3.8/site-packages/airflow/example_dags/example_bash_operator.py
[2024-01-30T22:15:50.140+0000] {processor.py:830} INFO - Processing file /home/airflow/.local/lib/python3.8/site-packages/airflow/example_dags/example_bash_operator.py for tasks to queue
[2024-01-30T22:15:50.142+0000] {logging_mixin.py:188} INFO - [2024-01-30T22:15:50.141+0000] {dagbag.py:538} INFO - Filling up the DagBag from /home/airflow/.local/lib/python3.8/site-packages/airflow/example_dags/example_bash_operator.py
[2024-01-30T22:15:50.155+0000] {processor.py:840} INFO - DAG(s) 'example_bash_operator' retrieved from /home/airflow/.local/lib/python3.8/site-packages/airflow/example_dags/example_bash_operator.py
[2024-01-30T22:15:50.193+0000] {logging_mixin.py:188} INFO - [2024-01-30T22:15:50.192+0000] {dag.py:3036} INFO - Sync 1 DAGs
[2024-01-30T22:15:50.223+0000] {logging_mixin.py:188} INFO - [2024-01-30T22:15:50.222+0000] {dag.py:3823} INFO - Setting next_dagrun for example_bash_operator to 2024-01-29 00:00:00+00:00, run_after=2024-01-30 00:00:00+00:00
[2024-01-30T22:15:50.259+0000] {processor.py:183} INFO - Processing /home/airflow/.local/lib/python3.8/site-packages/airflow/example_dags/example_bash_operator.py took 0.124 seconds
[2024-01-30T22:16:20.788+0000] {processor.py:161} INFO - Started process (PID=2600) to work on /home/airflow/.local/lib/python3.8/site-packages/airflow/example_dags/example_bash_operator.py
[2024-01-30T22:16:20.790+0000] {processor.py:830} INFO - Processing file /home/airflow/.local/lib/python3.8/site-packages/airflow/example_dags/example_bash_operator.py for tasks to queue
[2024-01-30T22:16:20.791+0000] {logging_mixin.py:188} INFO - [2024-01-30T22:16:20.791+0000] {dagbag.py:538} INFO - Filling up the DagBag from /home/airflow/.local/lib/python3.8/site-packages/airflow/example_dags/example_bash_operator.py
[2024-01-30T22:16:20.809+0000] {processor.py:840} INFO - DAG(s) 'example_bash_operator' retrieved from /home/airflow/.local/lib/python3.8/site-packages/airflow/example_dags/example_bash_operator.py
[2024-01-30T22:16:20.852+0000] {logging_mixin.py:188} INFO - [2024-01-30T22:16:20.851+0000] {dag.py:3036} INFO - Sync 1 DAGs
[2024-01-30T22:16:20.883+0000] {logging_mixin.py:188} INFO - [2024-01-30T22:16:20.883+0000] {dag.py:3823} INFO - Setting next_dagrun for example_bash_operator to 2024-01-29 00:00:00+00:00, run_after=2024-01-30 00:00:00+00:00
[2024-01-30T22:16:20.919+0000] {processor.py:183} INFO - Processing /home/airflow/.local/lib/python3.8/site-packages/airflow/example_dags/example_bash_operator.py took 0.134 seconds
[2024-01-30T22:16:51.779+0000] {processor.py:161} INFO - Started process (PID=2659) to work on /home/airflow/.local/lib/python3.8/site-packages/airflow/example_dags/example_bash_operator.py
[2024-01-30T22:16:51.781+0000] {processor.py:830} INFO - Processing file /home/airflow/.local/lib/python3.8/site-packages/airflow/example_dags/example_bash_operator.py for tasks to queue
[2024-01-30T22:16:51.782+0000] {logging_mixin.py:188} INFO - [2024-01-30T22:16:51.782+0000] {dagbag.py:538} INFO - Filling up the DagBag from /home/airflow/.local/lib/python3.8/site-packages/airflow/example_dags/example_bash_operator.py
[2024-01-30T22:16:51.795+0000] {processor.py:840} INFO - DAG(s) 'example_bash_operator' retrieved from /home/airflow/.local/lib/python3.8/site-packages/airflow/example_dags/example_bash_operator.py
[2024-01-30T22:16:51.832+0000] {logging_mixin.py:188} INFO - [2024-01-30T22:16:51.831+0000] {dag.py:3036} INFO - Sync 1 DAGs
[2024-01-30T22:16:52.006+0000] {logging_mixin.py:188} INFO - [2024-01-30T22:16:52.006+0000] {dag.py:3823} INFO - Setting next_dagrun for example_bash_operator to 2024-01-29 00:00:00+00:00, run_after=2024-01-30 00:00:00+00:00
[2024-01-30T22:16:52.033+0000] {processor.py:183} INFO - Processing /home/airflow/.local/lib/python3.8/site-packages/airflow/example_dags/example_bash_operator.py took 0.257 seconds
[2024-01-30T22:17:24.628+0000] {processor.py:161} INFO - Started process (PID=2729) to work on /home/airflow/.local/lib/python3.8/site-packages/airflow/example_dags/example_bash_operator.py
[2024-01-30T22:17:24.631+0000] {processor.py:830} INFO - Processing file /home/airflow/.local/lib/python3.8/site-packages/airflow/example_dags/example_bash_operator.py for tasks to queue
[2024-01-30T22:17:24.632+0000] {logging_mixin.py:188} INFO - [2024-01-30T22:17:24.632+0000] {dagbag.py:538} INFO - Filling up the DagBag from /home/airflow/.local/lib/python3.8/site-packages/airflow/example_dags/example_bash_operator.py
[2024-01-30T22:17:24.644+0000] {processor.py:840} INFO - DAG(s) 'example_bash_operator' retrieved from /home/airflow/.local/lib/python3.8/site-packages/airflow/example_dags/example_bash_operator.py
[2024-01-30T22:17:24.686+0000] {logging_mixin.py:188} INFO - [2024-01-30T22:17:24.686+0000] {dag.py:3036} INFO - Sync 1 DAGs
[2024-01-30T22:17:24.908+0000] {logging_mixin.py:188} INFO - [2024-01-30T22:17:24.907+0000] {dag.py:3823} INFO - Setting next_dagrun for example_bash_operator to 2024-01-29 00:00:00+00:00, run_after=2024-01-30 00:00:00+00:00
[2024-01-30T22:17:24.946+0000] {processor.py:183} INFO - Processing /home/airflow/.local/lib/python3.8/site-packages/airflow/example_dags/example_bash_operator.py took 0.321 seconds
[2024-01-30T22:17:55.191+0000] {processor.py:161} INFO - Started process (PID=2786) to work on /home/airflow/.local/lib/python3.8/site-packages/airflow/example_dags/example_bash_operator.py
[2024-01-30T22:17:55.192+0000] {processor.py:830} INFO - Processing file /home/airflow/.local/lib/python3.8/site-packages/airflow/example_dags/example_bash_operator.py for tasks to queue
[2024-01-30T22:17:55.194+0000] {logging_mixin.py:188} INFO - [2024-01-30T22:17:55.194+0000] {dagbag.py:538} INFO - Filling up the DagBag from /home/airflow/.local/lib/python3.8/site-packages/airflow/example_dags/example_bash_operator.py
[2024-01-30T22:17:55.210+0000] {processor.py:840} INFO - DAG(s) 'example_bash_operator' retrieved from /home/airflow/.local/lib/python3.8/site-packages/airflow/example_dags/example_bash_operator.py
[2024-01-30T22:17:55.255+0000] {logging_mixin.py:188} INFO - [2024-01-30T22:17:55.254+0000] {dag.py:3036} INFO - Sync 1 DAGs
[2024-01-30T22:17:55.284+0000] {logging_mixin.py:188} INFO - [2024-01-30T22:17:55.284+0000] {dag.py:3823} INFO - Setting next_dagrun for example_bash_operator to 2024-01-29 00:00:00+00:00, run_after=2024-01-30 00:00:00+00:00
[2024-01-30T22:17:55.313+0000] {processor.py:183} INFO - Processing /home/airflow/.local/lib/python3.8/site-packages/airflow/example_dags/example_bash_operator.py took 0.125 seconds
[2024-01-30T22:18:25.523+0000] {processor.py:161} INFO - Started process (PID=2844) to work on /home/airflow/.local/lib/python3.8/site-packages/airflow/example_dags/example_bash_operator.py
[2024-01-30T22:18:25.525+0000] {processor.py:830} INFO - Processing file /home/airflow/.local/lib/python3.8/site-packages/airflow/example_dags/example_bash_operator.py for tasks to queue
[2024-01-30T22:18:25.527+0000] {logging_mixin.py:188} INFO - [2024-01-30T22:18:25.526+0000] {dagbag.py:538} INFO - Filling up the DagBag from /home/airflow/.local/lib/python3.8/site-packages/airflow/example_dags/example_bash_operator.py
[2024-01-30T22:18:25.544+0000] {processor.py:840} INFO - DAG(s) 'example_bash_operator' retrieved from /home/airflow/.local/lib/python3.8/site-packages/airflow/example_dags/example_bash_operator.py
[2024-01-30T22:18:25.579+0000] {logging_mixin.py:188} INFO - [2024-01-30T22:18:25.578+0000] {dag.py:3036} INFO - Sync 1 DAGs
[2024-01-30T22:18:25.602+0000] {logging_mixin.py:188} INFO - [2024-01-30T22:18:25.602+0000] {dag.py:3823} INFO - Setting next_dagrun for example_bash_operator to 2024-01-29 00:00:00+00:00, run_after=2024-01-30 00:00:00+00:00
[2024-01-30T22:18:25.624+0000] {processor.py:183} INFO - Processing /home/airflow/.local/lib/python3.8/site-packages/airflow/example_dags/example_bash_operator.py took 0.104 seconds
[2024-01-30T22:18:57.002+0000] {processor.py:161} INFO - Started process (PID=2901) to work on /home/airflow/.local/lib/python3.8/site-packages/airflow/example_dags/example_bash_operator.py
[2024-01-30T22:18:57.004+0000] {processor.py:830} INFO - Processing file /home/airflow/.local/lib/python3.8/site-packages/airflow/example_dags/example_bash_operator.py for tasks to queue
[2024-01-30T22:18:57.006+0000] {logging_mixin.py:188} INFO - [2024-01-30T22:18:57.005+0000] {dagbag.py:538} INFO - Filling up the DagBag from /home/airflow/.local/lib/python3.8/site-packages/airflow/example_dags/example_bash_operator.py
[2024-01-30T22:18:57.021+0000] {processor.py:840} INFO - DAG(s) 'example_bash_operator' retrieved from /home/airflow/.local/lib/python3.8/site-packages/airflow/example_dags/example_bash_operator.py
[2024-01-30T22:18:57.074+0000] {logging_mixin.py:188} INFO - [2024-01-30T22:18:57.073+0000] {dag.py:3036} INFO - Sync 1 DAGs
[2024-01-30T22:18:57.118+0000] {logging_mixin.py:188} INFO - [2024-01-30T22:18:57.117+0000] {dag.py:3823} INFO - Setting next_dagrun for example_bash_operator to 2024-01-29 00:00:00+00:00, run_after=2024-01-30 00:00:00+00:00
[2024-01-30T22:18:57.156+0000] {processor.py:183} INFO - Processing /home/airflow/.local/lib/python3.8/site-packages/airflow/example_dags/example_bash_operator.py took 0.159 seconds
[2024-01-30T22:19:29.597+0000] {processor.py:161} INFO - Started process (PID=2963) to work on /home/airflow/.local/lib/python3.8/site-packages/airflow/example_dags/example_bash_operator.py
[2024-01-30T22:19:29.600+0000] {processor.py:830} INFO - Processing file /home/airflow/.local/lib/python3.8/site-packages/airflow/example_dags/example_bash_operator.py for tasks to queue
[2024-01-30T22:19:29.605+0000] {logging_mixin.py:188} INFO - [2024-01-30T22:19:29.604+0000] {dagbag.py:538} INFO - Filling up the DagBag from /home/airflow/.local/lib/python3.8/site-packages/airflow/example_dags/example_bash_operator.py
[2024-01-30T22:19:29.636+0000] {processor.py:840} INFO - DAG(s) 'example_bash_operator' retrieved from /home/airflow/.local/lib/python3.8/site-packages/airflow/example_dags/example_bash_operator.py
[2024-01-30T22:19:29.698+0000] {logging_mixin.py:188} INFO - [2024-01-30T22:19:29.698+0000] {dag.py:3036} INFO - Sync 1 DAGs
[2024-01-30T22:19:29.974+0000] {logging_mixin.py:188} INFO - [2024-01-30T22:19:29.974+0000] {dag.py:3823} INFO - Setting next_dagrun for example_bash_operator to 2024-01-29 00:00:00+00:00, run_after=2024-01-30 00:00:00+00:00
[2024-01-30T22:19:30.015+0000] {processor.py:183} INFO - Processing /home/airflow/.local/lib/python3.8/site-packages/airflow/example_dags/example_bash_operator.py took 0.423 seconds
[2024-01-30T22:20:00.810+0000] {processor.py:161} INFO - Started process (PID=3022) to work on /home/airflow/.local/lib/python3.8/site-packages/airflow/example_dags/example_bash_operator.py
[2024-01-30T22:20:00.812+0000] {processor.py:830} INFO - Processing file /home/airflow/.local/lib/python3.8/site-packages/airflow/example_dags/example_bash_operator.py for tasks to queue
[2024-01-30T22:20:00.813+0000] {logging_mixin.py:188} INFO - [2024-01-30T22:20:00.813+0000] {dagbag.py:538} INFO - Filling up the DagBag from /home/airflow/.local/lib/python3.8/site-packages/airflow/example_dags/example_bash_operator.py
[2024-01-30T22:20:00.823+0000] {processor.py:840} INFO - DAG(s) 'example_bash_operator' retrieved from /home/airflow/.local/lib/python3.8/site-packages/airflow/example_dags/example_bash_operator.py
[2024-01-30T22:20:00.858+0000] {logging_mixin.py:188} INFO - [2024-01-30T22:20:00.857+0000] {dag.py:3036} INFO - Sync 1 DAGs
[2024-01-30T22:20:00.888+0000] {logging_mixin.py:188} INFO - [2024-01-30T22:20:00.888+0000] {dag.py:3823} INFO - Setting next_dagrun for example_bash_operator to 2024-01-29 00:00:00+00:00, run_after=2024-01-30 00:00:00+00:00
[2024-01-30T22:20:00.922+0000] {processor.py:183} INFO - Processing /home/airflow/.local/lib/python3.8/site-packages/airflow/example_dags/example_bash_operator.py took 0.115 seconds
[2024-01-30T22:20:31.602+0000] {processor.py:161} INFO - Started process (PID=3082) to work on /home/airflow/.local/lib/python3.8/site-packages/airflow/example_dags/example_bash_operator.py
[2024-01-30T22:20:31.603+0000] {processor.py:830} INFO - Processing file /home/airflow/.local/lib/python3.8/site-packages/airflow/example_dags/example_bash_operator.py for tasks to queue
[2024-01-30T22:20:31.605+0000] {logging_mixin.py:188} INFO - [2024-01-30T22:20:31.604+0000] {dagbag.py:538} INFO - Filling up the DagBag from /home/airflow/.local/lib/python3.8/site-packages/airflow/example_dags/example_bash_operator.py
[2024-01-30T22:20:31.617+0000] {processor.py:840} INFO - DAG(s) 'example_bash_operator' retrieved from /home/airflow/.local/lib/python3.8/site-packages/airflow/example_dags/example_bash_operator.py
[2024-01-30T22:20:31.650+0000] {logging_mixin.py:188} INFO - [2024-01-30T22:20:31.650+0000] {dag.py:3036} INFO - Sync 1 DAGs
[2024-01-30T22:20:31.674+0000] {logging_mixin.py:188} INFO - [2024-01-30T22:20:31.673+0000] {dag.py:3823} INFO - Setting next_dagrun for example_bash_operator to 2024-01-29 00:00:00+00:00, run_after=2024-01-30 00:00:00+00:00
[2024-01-30T22:20:31.696+0000] {processor.py:183} INFO - Processing /home/airflow/.local/lib/python3.8/site-packages/airflow/example_dags/example_bash_operator.py took 0.097 seconds
[2024-01-30T22:21:03.720+0000] {processor.py:161} INFO - Started process (PID=3139) to work on /home/airflow/.local/lib/python3.8/site-packages/airflow/example_dags/example_bash_operator.py
[2024-01-30T22:21:03.729+0000] {processor.py:830} INFO - Processing file /home/airflow/.local/lib/python3.8/site-packages/airflow/example_dags/example_bash_operator.py for tasks to queue
[2024-01-30T22:21:03.740+0000] {logging_mixin.py:188} INFO - [2024-01-30T22:21:03.737+0000] {dagbag.py:538} INFO - Filling up the DagBag from /home/airflow/.local/lib/python3.8/site-packages/airflow/example_dags/example_bash_operator.py
[2024-01-30T22:21:03.870+0000] {processor.py:840} INFO - DAG(s) 'example_bash_operator' retrieved from /home/airflow/.local/lib/python3.8/site-packages/airflow/example_dags/example_bash_operator.py
[2024-01-30T22:21:04.340+0000] {logging_mixin.py:188} INFO - [2024-01-30T22:21:04.336+0000] {dag.py:3036} INFO - Sync 1 DAGs
[2024-01-30T22:21:04.699+0000] {logging_mixin.py:188} INFO - [2024-01-30T22:21:04.694+0000] {dag.py:3823} INFO - Setting next_dagrun for example_bash_operator to 2024-01-29 00:00:00+00:00, run_after=2024-01-30 00:00:00+00:00
[2024-01-30T22:21:04.923+0000] {processor.py:183} INFO - Processing /home/airflow/.local/lib/python3.8/site-packages/airflow/example_dags/example_bash_operator.py took 1.230 seconds
[2024-01-30T22:21:35.726+0000] {processor.py:161} INFO - Started process (PID=3197) to work on /home/airflow/.local/lib/python3.8/site-packages/airflow/example_dags/example_bash_operator.py
[2024-01-30T22:21:35.727+0000] {processor.py:830} INFO - Processing file /home/airflow/.local/lib/python3.8/site-packages/airflow/example_dags/example_bash_operator.py for tasks to queue
[2024-01-30T22:21:35.728+0000] {logging_mixin.py:188} INFO - [2024-01-30T22:21:35.727+0000] {dagbag.py:538} INFO - Filling up the DagBag from /home/airflow/.local/lib/python3.8/site-packages/airflow/example_dags/example_bash_operator.py
[2024-01-30T22:21:35.737+0000] {processor.py:840} INFO - DAG(s) 'example_bash_operator' retrieved from /home/airflow/.local/lib/python3.8/site-packages/airflow/example_dags/example_bash_operator.py
[2024-01-30T22:21:35.766+0000] {logging_mixin.py:188} INFO - [2024-01-30T22:21:35.765+0000] {dag.py:3036} INFO - Sync 1 DAGs
[2024-01-30T22:21:35.812+0000] {logging_mixin.py:188} INFO - [2024-01-30T22:21:35.812+0000] {dag.py:3823} INFO - Setting next_dagrun for example_bash_operator to 2024-01-29 00:00:00+00:00, run_after=2024-01-30 00:00:00+00:00
[2024-01-30T22:21:35.840+0000] {processor.py:183} INFO - Processing /home/airflow/.local/lib/python3.8/site-packages/airflow/example_dags/example_bash_operator.py took 0.116 seconds
[2024-01-30T22:22:06.237+0000] {processor.py:161} INFO - Started process (PID=3254) to work on /home/airflow/.local/lib/python3.8/site-packages/airflow/example_dags/example_bash_operator.py
[2024-01-30T22:22:06.238+0000] {processor.py:830} INFO - Processing file /home/airflow/.local/lib/python3.8/site-packages/airflow/example_dags/example_bash_operator.py for tasks to queue
[2024-01-30T22:22:06.239+0000] {logging_mixin.py:188} INFO - [2024-01-30T22:22:06.239+0000] {dagbag.py:538} INFO - Filling up the DagBag from /home/airflow/.local/lib/python3.8/site-packages/airflow/example_dags/example_bash_operator.py
[2024-01-30T22:22:06.249+0000] {processor.py:840} INFO - DAG(s) 'example_bash_operator' retrieved from /home/airflow/.local/lib/python3.8/site-packages/airflow/example_dags/example_bash_operator.py
[2024-01-30T22:22:06.280+0000] {logging_mixin.py:188} INFO - [2024-01-30T22:22:06.280+0000] {dag.py:3036} INFO - Sync 1 DAGs
[2024-01-30T22:22:06.305+0000] {logging_mixin.py:188} INFO - [2024-01-30T22:22:06.305+0000] {dag.py:3823} INFO - Setting next_dagrun for example_bash_operator to 2024-01-29 00:00:00+00:00, run_after=2024-01-30 00:00:00+00:00
[2024-01-30T22:22:06.346+0000] {processor.py:183} INFO - Processing /home/airflow/.local/lib/python3.8/site-packages/airflow/example_dags/example_bash_operator.py took 0.112 seconds
[2024-01-30T22:22:36.461+0000] {processor.py:161} INFO - Started process (PID=3311) to work on /home/airflow/.local/lib/python3.8/site-packages/airflow/example_dags/example_bash_operator.py
[2024-01-30T22:22:36.462+0000] {processor.py:830} INFO - Processing file /home/airflow/.local/lib/python3.8/site-packages/airflow/example_dags/example_bash_operator.py for tasks to queue
[2024-01-30T22:22:36.463+0000] {logging_mixin.py:188} INFO - [2024-01-30T22:22:36.463+0000] {dagbag.py:538} INFO - Filling up the DagBag from /home/airflow/.local/lib/python3.8/site-packages/airflow/example_dags/example_bash_operator.py
[2024-01-30T22:22:36.473+0000] {processor.py:840} INFO - DAG(s) 'example_bash_operator' retrieved from /home/airflow/.local/lib/python3.8/site-packages/airflow/example_dags/example_bash_operator.py
[2024-01-30T22:22:36.502+0000] {logging_mixin.py:188} INFO - [2024-01-30T22:22:36.502+0000] {dag.py:3036} INFO - Sync 1 DAGs
[2024-01-30T22:22:36.527+0000] {logging_mixin.py:188} INFO - [2024-01-30T22:22:36.527+0000] {dag.py:3823} INFO - Setting next_dagrun for example_bash_operator to 2024-01-29 00:00:00+00:00, run_after=2024-01-30 00:00:00+00:00
[2024-01-30T22:22:36.597+0000] {processor.py:183} INFO - Processing /home/airflow/.local/lib/python3.8/site-packages/airflow/example_dags/example_bash_operator.py took 0.138 seconds
