[2024-01-30T21:53:11.309+0000] {processor.py:161} INFO - Started process (PID=66) to work on /home/airflow/.local/lib/python3.8/site-packages/airflow/example_dags/example_python_operator.py
[2024-01-30T21:53:11.311+0000] {processor.py:830} INFO - Processing file /home/airflow/.local/lib/python3.8/site-packages/airflow/example_dags/example_python_operator.py for tasks to queue
[2024-01-30T21:53:11.314+0000] {logging_mixin.py:188} INFO - [2024-01-30T21:53:11.314+0000] {dagbag.py:538} INFO - Filling up the DagBag from /home/airflow/.local/lib/python3.8/site-packages/airflow/example_dags/example_python_operator.py
[2024-01-30T21:53:11.353+0000] {processor.py:840} INFO - DAG(s) 'example_python_operator' retrieved from /home/airflow/.local/lib/python3.8/site-packages/airflow/example_dags/example_python_operator.py
[2024-01-30T21:53:11.535+0000] {logging_mixin.py:188} INFO - [2024-01-30T21:53:11.535+0000] {dag.py:3036} INFO - Sync 1 DAGs
[2024-01-30T21:53:11.558+0000] {logging_mixin.py:188} INFO - [2024-01-30T21:53:11.557+0000] {dag.py:3823} INFO - Setting next_dagrun for example_python_operator to None, run_after=None
[2024-01-30T21:53:11.668+0000] {processor.py:183} INFO - Processing /home/airflow/.local/lib/python3.8/site-packages/airflow/example_dags/example_python_operator.py took 0.362 seconds
[2024-01-30T21:53:50.129+0000] {processor.py:161} INFO - Started process (PID=121) to work on /home/airflow/.local/lib/python3.8/site-packages/airflow/example_dags/example_python_operator.py
[2024-01-30T21:53:50.130+0000] {processor.py:830} INFO - Processing file /home/airflow/.local/lib/python3.8/site-packages/airflow/example_dags/example_python_operator.py for tasks to queue
[2024-01-30T21:53:50.133+0000] {logging_mixin.py:188} INFO - [2024-01-30T21:53:50.132+0000] {dagbag.py:538} INFO - Filling up the DagBag from /home/airflow/.local/lib/python3.8/site-packages/airflow/example_dags/example_python_operator.py
[2024-01-30T21:53:51.326+0000] {processor.py:840} INFO - DAG(s) 'example_python_operator' retrieved from /home/airflow/.local/lib/python3.8/site-packages/airflow/example_dags/example_python_operator.py
[2024-01-30T21:53:51.895+0000] {logging_mixin.py:188} INFO - [2024-01-30T21:53:51.895+0000] {dag.py:3036} INFO - Sync 1 DAGs
[2024-01-30T21:53:52.126+0000] {logging_mixin.py:188} INFO - [2024-01-30T21:53:52.126+0000] {dag.py:3823} INFO - Setting next_dagrun for example_python_operator to None, run_after=None
[2024-01-30T21:53:52.305+0000] {processor.py:183} INFO - Processing /home/airflow/.local/lib/python3.8/site-packages/airflow/example_dags/example_python_operator.py took 2.179 seconds
[2024-01-30T21:54:22.769+0000] {processor.py:161} INFO - Started process (PID=176) to work on /home/airflow/.local/lib/python3.8/site-packages/airflow/example_dags/example_python_operator.py
[2024-01-30T21:54:22.771+0000] {processor.py:830} INFO - Processing file /home/airflow/.local/lib/python3.8/site-packages/airflow/example_dags/example_python_operator.py for tasks to queue
[2024-01-30T21:54:22.773+0000] {logging_mixin.py:188} INFO - [2024-01-30T21:54:22.773+0000] {dagbag.py:538} INFO - Filling up the DagBag from /home/airflow/.local/lib/python3.8/site-packages/airflow/example_dags/example_python_operator.py
[2024-01-30T21:54:22.783+0000] {processor.py:840} INFO - DAG(s) 'example_python_operator' retrieved from /home/airflow/.local/lib/python3.8/site-packages/airflow/example_dags/example_python_operator.py
[2024-01-30T21:54:22.806+0000] {logging_mixin.py:188} INFO - [2024-01-30T21:54:22.806+0000] {dag.py:3036} INFO - Sync 1 DAGs
[2024-01-30T21:54:22.819+0000] {logging_mixin.py:188} INFO - [2024-01-30T21:54:22.819+0000] {dag.py:3823} INFO - Setting next_dagrun for example_python_operator to None, run_after=None
[2024-01-30T21:54:22.848+0000] {processor.py:183} INFO - Processing /home/airflow/.local/lib/python3.8/site-packages/airflow/example_dags/example_python_operator.py took 0.081 seconds
[2024-01-30T21:54:53.035+0000] {processor.py:161} INFO - Started process (PID=231) to work on /home/airflow/.local/lib/python3.8/site-packages/airflow/example_dags/example_python_operator.py
[2024-01-30T21:54:53.037+0000] {processor.py:830} INFO - Processing file /home/airflow/.local/lib/python3.8/site-packages/airflow/example_dags/example_python_operator.py for tasks to queue
[2024-01-30T21:54:53.039+0000] {logging_mixin.py:188} INFO - [2024-01-30T21:54:53.038+0000] {dagbag.py:538} INFO - Filling up the DagBag from /home/airflow/.local/lib/python3.8/site-packages/airflow/example_dags/example_python_operator.py
[2024-01-30T21:54:53.050+0000] {processor.py:840} INFO - DAG(s) 'example_python_operator' retrieved from /home/airflow/.local/lib/python3.8/site-packages/airflow/example_dags/example_python_operator.py
[2024-01-30T21:54:53.074+0000] {logging_mixin.py:188} INFO - [2024-01-30T21:54:53.073+0000] {dag.py:3036} INFO - Sync 1 DAGs
[2024-01-30T21:54:53.086+0000] {logging_mixin.py:188} INFO - [2024-01-30T21:54:53.086+0000] {dag.py:3823} INFO - Setting next_dagrun for example_python_operator to None, run_after=None
[2024-01-30T21:54:53.137+0000] {processor.py:183} INFO - Processing /home/airflow/.local/lib/python3.8/site-packages/airflow/example_dags/example_python_operator.py took 0.105 seconds
[2024-01-30T21:55:23.406+0000] {processor.py:161} INFO - Started process (PID=286) to work on /home/airflow/.local/lib/python3.8/site-packages/airflow/example_dags/example_python_operator.py
[2024-01-30T21:55:23.408+0000] {processor.py:830} INFO - Processing file /home/airflow/.local/lib/python3.8/site-packages/airflow/example_dags/example_python_operator.py for tasks to queue
[2024-01-30T21:55:23.411+0000] {logging_mixin.py:188} INFO - [2024-01-30T21:55:23.410+0000] {dagbag.py:538} INFO - Filling up the DagBag from /home/airflow/.local/lib/python3.8/site-packages/airflow/example_dags/example_python_operator.py
[2024-01-30T21:55:23.427+0000] {processor.py:840} INFO - DAG(s) 'example_python_operator' retrieved from /home/airflow/.local/lib/python3.8/site-packages/airflow/example_dags/example_python_operator.py
[2024-01-30T21:55:23.461+0000] {logging_mixin.py:188} INFO - [2024-01-30T21:55:23.461+0000] {dag.py:3036} INFO - Sync 1 DAGs
[2024-01-30T21:55:23.479+0000] {logging_mixin.py:188} INFO - [2024-01-30T21:55:23.478+0000] {dag.py:3823} INFO - Setting next_dagrun for example_python_operator to None, run_after=None
[2024-01-30T21:55:23.513+0000] {processor.py:183} INFO - Processing /home/airflow/.local/lib/python3.8/site-packages/airflow/example_dags/example_python_operator.py took 0.110 seconds
[2024-01-30T21:55:53.627+0000] {processor.py:161} INFO - Started process (PID=341) to work on /home/airflow/.local/lib/python3.8/site-packages/airflow/example_dags/example_python_operator.py
[2024-01-30T21:55:53.628+0000] {processor.py:830} INFO - Processing file /home/airflow/.local/lib/python3.8/site-packages/airflow/example_dags/example_python_operator.py for tasks to queue
[2024-01-30T21:55:53.630+0000] {logging_mixin.py:188} INFO - [2024-01-30T21:55:53.630+0000] {dagbag.py:538} INFO - Filling up the DagBag from /home/airflow/.local/lib/python3.8/site-packages/airflow/example_dags/example_python_operator.py
[2024-01-30T21:55:53.639+0000] {processor.py:840} INFO - DAG(s) 'example_python_operator' retrieved from /home/airflow/.local/lib/python3.8/site-packages/airflow/example_dags/example_python_operator.py
[2024-01-30T21:55:53.665+0000] {logging_mixin.py:188} INFO - [2024-01-30T21:55:53.664+0000] {dag.py:3036} INFO - Sync 1 DAGs
[2024-01-30T21:55:53.678+0000] {logging_mixin.py:188} INFO - [2024-01-30T21:55:53.678+0000] {dag.py:3823} INFO - Setting next_dagrun for example_python_operator to None, run_after=None
[2024-01-30T21:55:53.706+0000] {processor.py:183} INFO - Processing /home/airflow/.local/lib/python3.8/site-packages/airflow/example_dags/example_python_operator.py took 0.082 seconds
[2024-01-30T21:56:23.820+0000] {processor.py:161} INFO - Started process (PID=396) to work on /home/airflow/.local/lib/python3.8/site-packages/airflow/example_dags/example_python_operator.py
[2024-01-30T21:56:23.822+0000] {processor.py:830} INFO - Processing file /home/airflow/.local/lib/python3.8/site-packages/airflow/example_dags/example_python_operator.py for tasks to queue
[2024-01-30T21:56:23.827+0000] {logging_mixin.py:188} INFO - [2024-01-30T21:56:23.826+0000] {dagbag.py:538} INFO - Filling up the DagBag from /home/airflow/.local/lib/python3.8/site-packages/airflow/example_dags/example_python_operator.py
[2024-01-30T21:56:23.844+0000] {processor.py:840} INFO - DAG(s) 'example_python_operator' retrieved from /home/airflow/.local/lib/python3.8/site-packages/airflow/example_dags/example_python_operator.py
[2024-01-30T21:56:23.891+0000] {logging_mixin.py:188} INFO - [2024-01-30T21:56:23.890+0000] {dag.py:3036} INFO - Sync 1 DAGs
[2024-01-30T21:56:23.911+0000] {logging_mixin.py:188} INFO - [2024-01-30T21:56:23.911+0000] {dag.py:3823} INFO - Setting next_dagrun for example_python_operator to None, run_after=None
[2024-01-30T21:56:23.964+0000] {processor.py:183} INFO - Processing /home/airflow/.local/lib/python3.8/site-packages/airflow/example_dags/example_python_operator.py took 0.148 seconds
[2024-01-30T21:56:54.085+0000] {processor.py:161} INFO - Started process (PID=451) to work on /home/airflow/.local/lib/python3.8/site-packages/airflow/example_dags/example_python_operator.py
[2024-01-30T21:56:54.086+0000] {processor.py:830} INFO - Processing file /home/airflow/.local/lib/python3.8/site-packages/airflow/example_dags/example_python_operator.py for tasks to queue
[2024-01-30T21:56:54.088+0000] {logging_mixin.py:188} INFO - [2024-01-30T21:56:54.087+0000] {dagbag.py:538} INFO - Filling up the DagBag from /home/airflow/.local/lib/python3.8/site-packages/airflow/example_dags/example_python_operator.py
[2024-01-30T21:56:54.099+0000] {processor.py:840} INFO - DAG(s) 'example_python_operator' retrieved from /home/airflow/.local/lib/python3.8/site-packages/airflow/example_dags/example_python_operator.py
[2024-01-30T21:56:54.129+0000] {logging_mixin.py:188} INFO - [2024-01-30T21:56:54.128+0000] {dag.py:3036} INFO - Sync 1 DAGs
[2024-01-30T21:56:54.143+0000] {logging_mixin.py:188} INFO - [2024-01-30T21:56:54.142+0000] {dag.py:3823} INFO - Setting next_dagrun for example_python_operator to None, run_after=None
[2024-01-30T21:56:54.172+0000] {processor.py:183} INFO - Processing /home/airflow/.local/lib/python3.8/site-packages/airflow/example_dags/example_python_operator.py took 0.090 seconds
[2024-01-30T21:57:24.774+0000] {processor.py:161} INFO - Started process (PID=506) to work on /home/airflow/.local/lib/python3.8/site-packages/airflow/example_dags/example_python_operator.py
[2024-01-30T21:57:24.812+0000] {processor.py:830} INFO - Processing file /home/airflow/.local/lib/python3.8/site-packages/airflow/example_dags/example_python_operator.py for tasks to queue
[2024-01-30T21:57:24.860+0000] {logging_mixin.py:188} INFO - [2024-01-30T21:57:24.857+0000] {dagbag.py:538} INFO - Filling up the DagBag from /home/airflow/.local/lib/python3.8/site-packages/airflow/example_dags/example_python_operator.py
[2024-01-30T21:57:25.184+0000] {processor.py:840} INFO - DAG(s) 'example_python_operator' retrieved from /home/airflow/.local/lib/python3.8/site-packages/airflow/example_dags/example_python_operator.py
[2024-01-30T21:57:25.705+0000] {logging_mixin.py:188} INFO - [2024-01-30T21:57:25.691+0000] {dag.py:3036} INFO - Sync 1 DAGs
[2024-01-30T21:57:26.052+0000] {logging_mixin.py:188} INFO - [2024-01-30T21:57:26.038+0000] {dag.py:3823} INFO - Setting next_dagrun for example_python_operator to None, run_after=None
[2024-01-30T21:57:26.575+0000] {processor.py:183} INFO - Processing /home/airflow/.local/lib/python3.8/site-packages/airflow/example_dags/example_python_operator.py took 1.893 seconds
[2024-01-30T21:57:57.012+0000] {processor.py:161} INFO - Started process (PID=561) to work on /home/airflow/.local/lib/python3.8/site-packages/airflow/example_dags/example_python_operator.py
[2024-01-30T21:57:57.014+0000] {processor.py:830} INFO - Processing file /home/airflow/.local/lib/python3.8/site-packages/airflow/example_dags/example_python_operator.py for tasks to queue
[2024-01-30T21:57:57.016+0000] {logging_mixin.py:188} INFO - [2024-01-30T21:57:57.016+0000] {dagbag.py:538} INFO - Filling up the DagBag from /home/airflow/.local/lib/python3.8/site-packages/airflow/example_dags/example_python_operator.py
[2024-01-30T21:57:57.029+0000] {processor.py:840} INFO - DAG(s) 'example_python_operator' retrieved from /home/airflow/.local/lib/python3.8/site-packages/airflow/example_dags/example_python_operator.py
[2024-01-30T21:57:57.068+0000] {logging_mixin.py:188} INFO - [2024-01-30T21:57:57.068+0000] {dag.py:3036} INFO - Sync 1 DAGs
[2024-01-30T21:57:57.084+0000] {logging_mixin.py:188} INFO - [2024-01-30T21:57:57.083+0000] {dag.py:3823} INFO - Setting next_dagrun for example_python_operator to None, run_after=None
[2024-01-30T21:57:57.117+0000] {processor.py:183} INFO - Processing /home/airflow/.local/lib/python3.8/site-packages/airflow/example_dags/example_python_operator.py took 0.108 seconds
[2024-01-30T21:58:28.144+0000] {processor.py:161} INFO - Started process (PID=619) to work on /home/airflow/.local/lib/python3.8/site-packages/airflow/example_dags/example_python_operator.py
[2024-01-30T21:58:28.154+0000] {processor.py:830} INFO - Processing file /home/airflow/.local/lib/python3.8/site-packages/airflow/example_dags/example_python_operator.py for tasks to queue
[2024-01-30T21:58:28.166+0000] {logging_mixin.py:188} INFO - [2024-01-30T21:58:28.162+0000] {dagbag.py:538} INFO - Filling up the DagBag from /home/airflow/.local/lib/python3.8/site-packages/airflow/example_dags/example_python_operator.py
[2024-01-30T21:58:28.279+0000] {processor.py:840} INFO - DAG(s) 'example_python_operator' retrieved from /home/airflow/.local/lib/python3.8/site-packages/airflow/example_dags/example_python_operator.py
[2024-01-30T21:58:28.550+0000] {logging_mixin.py:188} INFO - [2024-01-30T21:58:28.548+0000] {dag.py:3036} INFO - Sync 1 DAGs
[2024-01-30T21:58:28.739+0000] {logging_mixin.py:188} INFO - [2024-01-30T21:58:28.737+0000] {dag.py:3823} INFO - Setting next_dagrun for example_python_operator to None, run_after=None
[2024-01-30T21:58:29.045+0000] {processor.py:183} INFO - Processing /home/airflow/.local/lib/python3.8/site-packages/airflow/example_dags/example_python_operator.py took 0.929 seconds
[2024-01-30T21:59:00.027+0000] {processor.py:161} INFO - Started process (PID=678) to work on /home/airflow/.local/lib/python3.8/site-packages/airflow/example_dags/example_python_operator.py
[2024-01-30T21:59:00.028+0000] {processor.py:830} INFO - Processing file /home/airflow/.local/lib/python3.8/site-packages/airflow/example_dags/example_python_operator.py for tasks to queue
[2024-01-30T21:59:00.030+0000] {logging_mixin.py:188} INFO - [2024-01-30T21:59:00.030+0000] {dagbag.py:538} INFO - Filling up the DagBag from /home/airflow/.local/lib/python3.8/site-packages/airflow/example_dags/example_python_operator.py
[2024-01-30T21:59:00.043+0000] {processor.py:840} INFO - DAG(s) 'example_python_operator' retrieved from /home/airflow/.local/lib/python3.8/site-packages/airflow/example_dags/example_python_operator.py
[2024-01-30T21:59:00.070+0000] {logging_mixin.py:188} INFO - [2024-01-30T21:59:00.070+0000] {dag.py:3036} INFO - Sync 1 DAGs
[2024-01-30T21:59:00.083+0000] {logging_mixin.py:188} INFO - [2024-01-30T21:59:00.083+0000] {dag.py:3823} INFO - Setting next_dagrun for example_python_operator to None, run_after=None
[2024-01-30T21:59:00.114+0000] {processor.py:183} INFO - Processing /home/airflow/.local/lib/python3.8/site-packages/airflow/example_dags/example_python_operator.py took 0.090 seconds
[2024-01-30T21:59:30.599+0000] {processor.py:161} INFO - Started process (PID=737) to work on /home/airflow/.local/lib/python3.8/site-packages/airflow/example_dags/example_python_operator.py
[2024-01-30T21:59:30.600+0000] {processor.py:830} INFO - Processing file /home/airflow/.local/lib/python3.8/site-packages/airflow/example_dags/example_python_operator.py for tasks to queue
[2024-01-30T21:59:30.601+0000] {logging_mixin.py:188} INFO - [2024-01-30T21:59:30.601+0000] {dagbag.py:538} INFO - Filling up the DagBag from /home/airflow/.local/lib/python3.8/site-packages/airflow/example_dags/example_python_operator.py
[2024-01-30T21:59:30.610+0000] {processor.py:840} INFO - DAG(s) 'example_python_operator' retrieved from /home/airflow/.local/lib/python3.8/site-packages/airflow/example_dags/example_python_operator.py
[2024-01-30T21:59:30.632+0000] {logging_mixin.py:188} INFO - [2024-01-30T21:59:30.632+0000] {dag.py:3036} INFO - Sync 1 DAGs
[2024-01-30T21:59:30.644+0000] {logging_mixin.py:188} INFO - [2024-01-30T21:59:30.644+0000] {dag.py:3823} INFO - Setting next_dagrun for example_python_operator to None, run_after=None
[2024-01-30T21:59:30.669+0000] {processor.py:183} INFO - Processing /home/airflow/.local/lib/python3.8/site-packages/airflow/example_dags/example_python_operator.py took 0.073 seconds
[2024-01-30T22:00:00.900+0000] {processor.py:161} INFO - Started process (PID=794) to work on /home/airflow/.local/lib/python3.8/site-packages/airflow/example_dags/example_python_operator.py
[2024-01-30T22:00:00.902+0000] {processor.py:830} INFO - Processing file /home/airflow/.local/lib/python3.8/site-packages/airflow/example_dags/example_python_operator.py for tasks to queue
[2024-01-30T22:00:00.903+0000] {logging_mixin.py:188} INFO - [2024-01-30T22:00:00.902+0000] {dagbag.py:538} INFO - Filling up the DagBag from /home/airflow/.local/lib/python3.8/site-packages/airflow/example_dags/example_python_operator.py
[2024-01-30T22:00:00.912+0000] {processor.py:840} INFO - DAG(s) 'example_python_operator' retrieved from /home/airflow/.local/lib/python3.8/site-packages/airflow/example_dags/example_python_operator.py
[2024-01-30T22:00:00.933+0000] {logging_mixin.py:188} INFO - [2024-01-30T22:00:00.933+0000] {dag.py:3036} INFO - Sync 1 DAGs
[2024-01-30T22:00:00.946+0000] {logging_mixin.py:188} INFO - [2024-01-30T22:00:00.945+0000] {dag.py:3823} INFO - Setting next_dagrun for example_python_operator to None, run_after=None
[2024-01-30T22:00:00.981+0000] {processor.py:183} INFO - Processing /home/airflow/.local/lib/python3.8/site-packages/airflow/example_dags/example_python_operator.py took 0.083 seconds
[2024-01-30T22:00:31.457+0000] {processor.py:161} INFO - Started process (PID=856) to work on /home/airflow/.local/lib/python3.8/site-packages/airflow/example_dags/example_python_operator.py
[2024-01-30T22:00:31.459+0000] {processor.py:830} INFO - Processing file /home/airflow/.local/lib/python3.8/site-packages/airflow/example_dags/example_python_operator.py for tasks to queue
[2024-01-30T22:00:31.460+0000] {logging_mixin.py:188} INFO - [2024-01-30T22:00:31.460+0000] {dagbag.py:538} INFO - Filling up the DagBag from /home/airflow/.local/lib/python3.8/site-packages/airflow/example_dags/example_python_operator.py
[2024-01-30T22:00:31.471+0000] {processor.py:840} INFO - DAG(s) 'example_python_operator' retrieved from /home/airflow/.local/lib/python3.8/site-packages/airflow/example_dags/example_python_operator.py
[2024-01-30T22:00:31.497+0000] {logging_mixin.py:188} INFO - [2024-01-30T22:00:31.497+0000] {dag.py:3036} INFO - Sync 1 DAGs
[2024-01-30T22:00:31.509+0000] {logging_mixin.py:188} INFO - [2024-01-30T22:00:31.509+0000] {dag.py:3823} INFO - Setting next_dagrun for example_python_operator to None, run_after=None
[2024-01-30T22:00:31.535+0000] {processor.py:183} INFO - Processing /home/airflow/.local/lib/python3.8/site-packages/airflow/example_dags/example_python_operator.py took 0.080 seconds
[2024-01-30T22:01:01.908+0000] {processor.py:161} INFO - Started process (PID=913) to work on /home/airflow/.local/lib/python3.8/site-packages/airflow/example_dags/example_python_operator.py
[2024-01-30T22:01:01.910+0000] {processor.py:830} INFO - Processing file /home/airflow/.local/lib/python3.8/site-packages/airflow/example_dags/example_python_operator.py for tasks to queue
[2024-01-30T22:01:01.912+0000] {logging_mixin.py:188} INFO - [2024-01-30T22:01:01.911+0000] {dagbag.py:538} INFO - Filling up the DagBag from /home/airflow/.local/lib/python3.8/site-packages/airflow/example_dags/example_python_operator.py
[2024-01-30T22:01:01.922+0000] {processor.py:840} INFO - DAG(s) 'example_python_operator' retrieved from /home/airflow/.local/lib/python3.8/site-packages/airflow/example_dags/example_python_operator.py
[2024-01-30T22:01:01.948+0000] {logging_mixin.py:188} INFO - [2024-01-30T22:01:01.948+0000] {dag.py:3036} INFO - Sync 1 DAGs
[2024-01-30T22:01:01.962+0000] {logging_mixin.py:188} INFO - [2024-01-30T22:01:01.962+0000] {dag.py:3823} INFO - Setting next_dagrun for example_python_operator to None, run_after=None
[2024-01-30T22:01:01.991+0000] {processor.py:183} INFO - Processing /home/airflow/.local/lib/python3.8/site-packages/airflow/example_dags/example_python_operator.py took 0.087 seconds
[2024-01-30T22:01:32.195+0000] {processor.py:161} INFO - Started process (PID=970) to work on /home/airflow/.local/lib/python3.8/site-packages/airflow/example_dags/example_python_operator.py
[2024-01-30T22:01:32.196+0000] {processor.py:830} INFO - Processing file /home/airflow/.local/lib/python3.8/site-packages/airflow/example_dags/example_python_operator.py for tasks to queue
[2024-01-30T22:01:32.197+0000] {logging_mixin.py:188} INFO - [2024-01-30T22:01:32.197+0000] {dagbag.py:538} INFO - Filling up the DagBag from /home/airflow/.local/lib/python3.8/site-packages/airflow/example_dags/example_python_operator.py
[2024-01-30T22:01:32.206+0000] {processor.py:840} INFO - DAG(s) 'example_python_operator' retrieved from /home/airflow/.local/lib/python3.8/site-packages/airflow/example_dags/example_python_operator.py
[2024-01-30T22:01:32.231+0000] {logging_mixin.py:188} INFO - [2024-01-30T22:01:32.230+0000] {dag.py:3036} INFO - Sync 1 DAGs
[2024-01-30T22:01:32.244+0000] {logging_mixin.py:188} INFO - [2024-01-30T22:01:32.244+0000] {dag.py:3823} INFO - Setting next_dagrun for example_python_operator to None, run_after=None
[2024-01-30T22:01:32.294+0000] {processor.py:183} INFO - Processing /home/airflow/.local/lib/python3.8/site-packages/airflow/example_dags/example_python_operator.py took 0.102 seconds
[2024-01-30T22:02:02.659+0000] {processor.py:161} INFO - Started process (PID=1027) to work on /home/airflow/.local/lib/python3.8/site-packages/airflow/example_dags/example_python_operator.py
[2024-01-30T22:02:02.661+0000] {processor.py:830} INFO - Processing file /home/airflow/.local/lib/python3.8/site-packages/airflow/example_dags/example_python_operator.py for tasks to queue
[2024-01-30T22:02:02.663+0000] {logging_mixin.py:188} INFO - [2024-01-30T22:02:02.662+0000] {dagbag.py:538} INFO - Filling up the DagBag from /home/airflow/.local/lib/python3.8/site-packages/airflow/example_dags/example_python_operator.py
[2024-01-30T22:02:02.691+0000] {processor.py:840} INFO - DAG(s) 'example_python_operator' retrieved from /home/airflow/.local/lib/python3.8/site-packages/airflow/example_dags/example_python_operator.py
[2024-01-30T22:02:02.722+0000] {logging_mixin.py:188} INFO - [2024-01-30T22:02:02.722+0000] {dag.py:3036} INFO - Sync 1 DAGs
[2024-01-30T22:02:02.735+0000] {logging_mixin.py:188} INFO - [2024-01-30T22:02:02.734+0000] {dag.py:3823} INFO - Setting next_dagrun for example_python_operator to None, run_after=None
[2024-01-30T22:02:02.763+0000] {processor.py:183} INFO - Processing /home/airflow/.local/lib/python3.8/site-packages/airflow/example_dags/example_python_operator.py took 0.109 seconds
[2024-01-30T22:02:33.159+0000] {processor.py:161} INFO - Started process (PID=1084) to work on /home/airflow/.local/lib/python3.8/site-packages/airflow/example_dags/example_python_operator.py
[2024-01-30T22:02:33.161+0000] {processor.py:830} INFO - Processing file /home/airflow/.local/lib/python3.8/site-packages/airflow/example_dags/example_python_operator.py for tasks to queue
[2024-01-30T22:02:33.162+0000] {logging_mixin.py:188} INFO - [2024-01-30T22:02:33.162+0000] {dagbag.py:538} INFO - Filling up the DagBag from /home/airflow/.local/lib/python3.8/site-packages/airflow/example_dags/example_python_operator.py
[2024-01-30T22:02:33.172+0000] {processor.py:840} INFO - DAG(s) 'example_python_operator' retrieved from /home/airflow/.local/lib/python3.8/site-packages/airflow/example_dags/example_python_operator.py
[2024-01-30T22:02:33.197+0000] {logging_mixin.py:188} INFO - [2024-01-30T22:02:33.197+0000] {dag.py:3036} INFO - Sync 1 DAGs
[2024-01-30T22:02:33.209+0000] {logging_mixin.py:188} INFO - [2024-01-30T22:02:33.208+0000] {dag.py:3823} INFO - Setting next_dagrun for example_python_operator to None, run_after=None
[2024-01-30T22:02:33.239+0000] {processor.py:183} INFO - Processing /home/airflow/.local/lib/python3.8/site-packages/airflow/example_dags/example_python_operator.py took 0.082 seconds
[2024-01-30T22:03:03.445+0000] {processor.py:161} INFO - Started process (PID=1141) to work on /home/airflow/.local/lib/python3.8/site-packages/airflow/example_dags/example_python_operator.py
[2024-01-30T22:03:03.446+0000] {processor.py:830} INFO - Processing file /home/airflow/.local/lib/python3.8/site-packages/airflow/example_dags/example_python_operator.py for tasks to queue
[2024-01-30T22:03:03.448+0000] {logging_mixin.py:188} INFO - [2024-01-30T22:03:03.447+0000] {dagbag.py:538} INFO - Filling up the DagBag from /home/airflow/.local/lib/python3.8/site-packages/airflow/example_dags/example_python_operator.py
[2024-01-30T22:03:03.457+0000] {processor.py:840} INFO - DAG(s) 'example_python_operator' retrieved from /home/airflow/.local/lib/python3.8/site-packages/airflow/example_dags/example_python_operator.py
[2024-01-30T22:03:03.484+0000] {logging_mixin.py:188} INFO - [2024-01-30T22:03:03.484+0000] {dag.py:3036} INFO - Sync 1 DAGs
[2024-01-30T22:03:03.497+0000] {logging_mixin.py:188} INFO - [2024-01-30T22:03:03.496+0000] {dag.py:3823} INFO - Setting next_dagrun for example_python_operator to None, run_after=None
[2024-01-30T22:03:03.524+0000] {processor.py:183} INFO - Processing /home/airflow/.local/lib/python3.8/site-packages/airflow/example_dags/example_python_operator.py took 0.083 seconds
[2024-01-30T22:03:34.257+0000] {processor.py:161} INFO - Started process (PID=1201) to work on /home/airflow/.local/lib/python3.8/site-packages/airflow/example_dags/example_python_operator.py
[2024-01-30T22:03:34.258+0000] {processor.py:830} INFO - Processing file /home/airflow/.local/lib/python3.8/site-packages/airflow/example_dags/example_python_operator.py for tasks to queue
[2024-01-30T22:03:34.260+0000] {logging_mixin.py:188} INFO - [2024-01-30T22:03:34.259+0000] {dagbag.py:538} INFO - Filling up the DagBag from /home/airflow/.local/lib/python3.8/site-packages/airflow/example_dags/example_python_operator.py
[2024-01-30T22:03:34.271+0000] {processor.py:840} INFO - DAG(s) 'example_python_operator' retrieved from /home/airflow/.local/lib/python3.8/site-packages/airflow/example_dags/example_python_operator.py
[2024-01-30T22:03:34.298+0000] {logging_mixin.py:188} INFO - [2024-01-30T22:03:34.297+0000] {dag.py:3036} INFO - Sync 1 DAGs
[2024-01-30T22:03:34.311+0000] {logging_mixin.py:188} INFO - [2024-01-30T22:03:34.311+0000] {dag.py:3823} INFO - Setting next_dagrun for example_python_operator to None, run_after=None
[2024-01-30T22:03:34.380+0000] {processor.py:183} INFO - Processing /home/airflow/.local/lib/python3.8/site-packages/airflow/example_dags/example_python_operator.py took 0.127 seconds
[2024-01-30T22:04:06.062+0000] {processor.py:161} INFO - Started process (PID=1259) to work on /home/airflow/.local/lib/python3.8/site-packages/airflow/example_dags/example_python_operator.py
[2024-01-30T22:04:06.064+0000] {processor.py:830} INFO - Processing file /home/airflow/.local/lib/python3.8/site-packages/airflow/example_dags/example_python_operator.py for tasks to queue
[2024-01-30T22:04:06.065+0000] {logging_mixin.py:188} INFO - [2024-01-30T22:04:06.065+0000] {dagbag.py:538} INFO - Filling up the DagBag from /home/airflow/.local/lib/python3.8/site-packages/airflow/example_dags/example_python_operator.py
[2024-01-30T22:04:06.080+0000] {processor.py:840} INFO - DAG(s) 'example_python_operator' retrieved from /home/airflow/.local/lib/python3.8/site-packages/airflow/example_dags/example_python_operator.py
[2024-01-30T22:04:06.118+0000] {logging_mixin.py:188} INFO - [2024-01-30T22:04:06.118+0000] {dag.py:3036} INFO - Sync 1 DAGs
[2024-01-30T22:04:06.151+0000] {logging_mixin.py:188} INFO - [2024-01-30T22:04:06.151+0000] {dag.py:3823} INFO - Setting next_dagrun for example_python_operator to None, run_after=None
[2024-01-30T22:04:06.215+0000] {processor.py:183} INFO - Processing /home/airflow/.local/lib/python3.8/site-packages/airflow/example_dags/example_python_operator.py took 0.157 seconds
[2024-01-30T22:04:36.292+0000] {processor.py:161} INFO - Started process (PID=1314) to work on /home/airflow/.local/lib/python3.8/site-packages/airflow/example_dags/example_python_operator.py
[2024-01-30T22:04:36.293+0000] {processor.py:830} INFO - Processing file /home/airflow/.local/lib/python3.8/site-packages/airflow/example_dags/example_python_operator.py for tasks to queue
[2024-01-30T22:04:36.294+0000] {logging_mixin.py:188} INFO - [2024-01-30T22:04:36.294+0000] {dagbag.py:538} INFO - Filling up the DagBag from /home/airflow/.local/lib/python3.8/site-packages/airflow/example_dags/example_python_operator.py
[2024-01-30T22:04:36.304+0000] {processor.py:840} INFO - DAG(s) 'example_python_operator' retrieved from /home/airflow/.local/lib/python3.8/site-packages/airflow/example_dags/example_python_operator.py
[2024-01-30T22:04:36.328+0000] {logging_mixin.py:188} INFO - [2024-01-30T22:04:36.328+0000] {dag.py:3036} INFO - Sync 1 DAGs
[2024-01-30T22:04:36.341+0000] {logging_mixin.py:188} INFO - [2024-01-30T22:04:36.340+0000] {dag.py:3823} INFO - Setting next_dagrun for example_python_operator to None, run_after=None
[2024-01-30T22:04:36.367+0000] {processor.py:183} INFO - Processing /home/airflow/.local/lib/python3.8/site-packages/airflow/example_dags/example_python_operator.py took 0.078 seconds
[2024-01-30T22:05:08.286+0000] {processor.py:161} INFO - Started process (PID=1371) to work on /home/airflow/.local/lib/python3.8/site-packages/airflow/example_dags/example_python_operator.py
[2024-01-30T22:05:08.302+0000] {processor.py:830} INFO - Processing file /home/airflow/.local/lib/python3.8/site-packages/airflow/example_dags/example_python_operator.py for tasks to queue
[2024-01-30T22:05:08.305+0000] {logging_mixin.py:188} INFO - [2024-01-30T22:05:08.304+0000] {dagbag.py:538} INFO - Filling up the DagBag from /home/airflow/.local/lib/python3.8/site-packages/airflow/example_dags/example_python_operator.py
[2024-01-30T22:05:08.342+0000] {processor.py:840} INFO - DAG(s) 'example_python_operator' retrieved from /home/airflow/.local/lib/python3.8/site-packages/airflow/example_dags/example_python_operator.py
[2024-01-30T22:05:08.381+0000] {logging_mixin.py:188} INFO - [2024-01-30T22:05:08.380+0000] {dag.py:3036} INFO - Sync 1 DAGs
[2024-01-30T22:05:08.394+0000] {logging_mixin.py:188} INFO - [2024-01-30T22:05:08.394+0000] {dag.py:3823} INFO - Setting next_dagrun for example_python_operator to None, run_after=None
[2024-01-30T22:05:08.423+0000] {processor.py:183} INFO - Processing /home/airflow/.local/lib/python3.8/site-packages/airflow/example_dags/example_python_operator.py took 0.174 seconds
[2024-01-30T22:05:39.123+0000] {processor.py:161} INFO - Started process (PID=1428) to work on /home/airflow/.local/lib/python3.8/site-packages/airflow/example_dags/example_python_operator.py
[2024-01-30T22:05:39.125+0000] {processor.py:830} INFO - Processing file /home/airflow/.local/lib/python3.8/site-packages/airflow/example_dags/example_python_operator.py for tasks to queue
[2024-01-30T22:05:39.126+0000] {logging_mixin.py:188} INFO - [2024-01-30T22:05:39.126+0000] {dagbag.py:538} INFO - Filling up the DagBag from /home/airflow/.local/lib/python3.8/site-packages/airflow/example_dags/example_python_operator.py
[2024-01-30T22:05:39.136+0000] {processor.py:840} INFO - DAG(s) 'example_python_operator' retrieved from /home/airflow/.local/lib/python3.8/site-packages/airflow/example_dags/example_python_operator.py
[2024-01-30T22:05:39.161+0000] {logging_mixin.py:188} INFO - [2024-01-30T22:05:39.160+0000] {dag.py:3036} INFO - Sync 1 DAGs
[2024-01-30T22:05:39.173+0000] {logging_mixin.py:188} INFO - [2024-01-30T22:05:39.172+0000] {dag.py:3823} INFO - Setting next_dagrun for example_python_operator to None, run_after=None
[2024-01-30T22:05:39.198+0000] {processor.py:183} INFO - Processing /home/airflow/.local/lib/python3.8/site-packages/airflow/example_dags/example_python_operator.py took 0.077 seconds
[2024-01-30T22:06:09.642+0000] {processor.py:161} INFO - Started process (PID=1485) to work on /home/airflow/.local/lib/python3.8/site-packages/airflow/example_dags/example_python_operator.py
[2024-01-30T22:06:09.643+0000] {processor.py:830} INFO - Processing file /home/airflow/.local/lib/python3.8/site-packages/airflow/example_dags/example_python_operator.py for tasks to queue
[2024-01-30T22:06:09.645+0000] {logging_mixin.py:188} INFO - [2024-01-30T22:06:09.644+0000] {dagbag.py:538} INFO - Filling up the DagBag from /home/airflow/.local/lib/python3.8/site-packages/airflow/example_dags/example_python_operator.py
[2024-01-30T22:06:09.654+0000] {processor.py:840} INFO - DAG(s) 'example_python_operator' retrieved from /home/airflow/.local/lib/python3.8/site-packages/airflow/example_dags/example_python_operator.py
[2024-01-30T22:06:09.679+0000] {logging_mixin.py:188} INFO - [2024-01-30T22:06:09.679+0000] {dag.py:3036} INFO - Sync 1 DAGs
[2024-01-30T22:06:09.692+0000] {logging_mixin.py:188} INFO - [2024-01-30T22:06:09.692+0000] {dag.py:3823} INFO - Setting next_dagrun for example_python_operator to None, run_after=None
[2024-01-30T22:06:09.719+0000] {processor.py:183} INFO - Processing /home/airflow/.local/lib/python3.8/site-packages/airflow/example_dags/example_python_operator.py took 0.080 seconds
[2024-01-30T22:06:39.826+0000] {processor.py:161} INFO - Started process (PID=1542) to work on /home/airflow/.local/lib/python3.8/site-packages/airflow/example_dags/example_python_operator.py
[2024-01-30T22:06:39.828+0000] {processor.py:830} INFO - Processing file /home/airflow/.local/lib/python3.8/site-packages/airflow/example_dags/example_python_operator.py for tasks to queue
[2024-01-30T22:06:39.830+0000] {logging_mixin.py:188} INFO - [2024-01-30T22:06:39.829+0000] {dagbag.py:538} INFO - Filling up the DagBag from /home/airflow/.local/lib/python3.8/site-packages/airflow/example_dags/example_python_operator.py
[2024-01-30T22:06:39.843+0000] {processor.py:840} INFO - DAG(s) 'example_python_operator' retrieved from /home/airflow/.local/lib/python3.8/site-packages/airflow/example_dags/example_python_operator.py
[2024-01-30T22:06:39.874+0000] {logging_mixin.py:188} INFO - [2024-01-30T22:06:39.874+0000] {dag.py:3036} INFO - Sync 1 DAGs
[2024-01-30T22:06:39.890+0000] {logging_mixin.py:188} INFO - [2024-01-30T22:06:39.890+0000] {dag.py:3823} INFO - Setting next_dagrun for example_python_operator to None, run_after=None
[2024-01-30T22:06:39.925+0000] {processor.py:183} INFO - Processing /home/airflow/.local/lib/python3.8/site-packages/airflow/example_dags/example_python_operator.py took 0.102 seconds
[2024-01-30T22:07:10.019+0000] {processor.py:161} INFO - Started process (PID=1599) to work on /home/airflow/.local/lib/python3.8/site-packages/airflow/example_dags/example_python_operator.py
[2024-01-30T22:07:10.021+0000] {processor.py:830} INFO - Processing file /home/airflow/.local/lib/python3.8/site-packages/airflow/example_dags/example_python_operator.py for tasks to queue
[2024-01-30T22:07:10.022+0000] {logging_mixin.py:188} INFO - [2024-01-30T22:07:10.022+0000] {dagbag.py:538} INFO - Filling up the DagBag from /home/airflow/.local/lib/python3.8/site-packages/airflow/example_dags/example_python_operator.py
[2024-01-30T22:07:10.032+0000] {processor.py:840} INFO - DAG(s) 'example_python_operator' retrieved from /home/airflow/.local/lib/python3.8/site-packages/airflow/example_dags/example_python_operator.py
[2024-01-30T22:07:10.058+0000] {logging_mixin.py:188} INFO - [2024-01-30T22:07:10.058+0000] {dag.py:3036} INFO - Sync 1 DAGs
[2024-01-30T22:07:10.071+0000] {logging_mixin.py:188} INFO - [2024-01-30T22:07:10.071+0000] {dag.py:3823} INFO - Setting next_dagrun for example_python_operator to None, run_after=None
[2024-01-30T22:07:10.103+0000] {processor.py:183} INFO - Processing /home/airflow/.local/lib/python3.8/site-packages/airflow/example_dags/example_python_operator.py took 0.087 seconds
[2024-01-30T22:07:40.518+0000] {processor.py:161} INFO - Started process (PID=1656) to work on /home/airflow/.local/lib/python3.8/site-packages/airflow/example_dags/example_python_operator.py
[2024-01-30T22:07:40.535+0000] {processor.py:830} INFO - Processing file /home/airflow/.local/lib/python3.8/site-packages/airflow/example_dags/example_python_operator.py for tasks to queue
[2024-01-30T22:07:40.537+0000] {logging_mixin.py:188} INFO - [2024-01-30T22:07:40.537+0000] {dagbag.py:538} INFO - Filling up the DagBag from /home/airflow/.local/lib/python3.8/site-packages/airflow/example_dags/example_python_operator.py
[2024-01-30T22:07:40.558+0000] {processor.py:840} INFO - DAG(s) 'example_python_operator' retrieved from /home/airflow/.local/lib/python3.8/site-packages/airflow/example_dags/example_python_operator.py
[2024-01-30T22:07:40.589+0000] {logging_mixin.py:188} INFO - [2024-01-30T22:07:40.588+0000] {dag.py:3036} INFO - Sync 1 DAGs
[2024-01-30T22:07:40.603+0000] {logging_mixin.py:188} INFO - [2024-01-30T22:07:40.603+0000] {dag.py:3823} INFO - Setting next_dagrun for example_python_operator to None, run_after=None
[2024-01-30T22:07:40.635+0000] {processor.py:183} INFO - Processing /home/airflow/.local/lib/python3.8/site-packages/airflow/example_dags/example_python_operator.py took 0.122 seconds
[2024-01-30T22:08:11.292+0000] {processor.py:161} INFO - Started process (PID=1713) to work on /home/airflow/.local/lib/python3.8/site-packages/airflow/example_dags/example_python_operator.py
[2024-01-30T22:08:11.293+0000] {processor.py:830} INFO - Processing file /home/airflow/.local/lib/python3.8/site-packages/airflow/example_dags/example_python_operator.py for tasks to queue
[2024-01-30T22:08:11.295+0000] {logging_mixin.py:188} INFO - [2024-01-30T22:08:11.294+0000] {dagbag.py:538} INFO - Filling up the DagBag from /home/airflow/.local/lib/python3.8/site-packages/airflow/example_dags/example_python_operator.py
[2024-01-30T22:08:11.307+0000] {processor.py:840} INFO - DAG(s) 'example_python_operator' retrieved from /home/airflow/.local/lib/python3.8/site-packages/airflow/example_dags/example_python_operator.py
[2024-01-30T22:08:11.341+0000] {logging_mixin.py:188} INFO - [2024-01-30T22:08:11.341+0000] {dag.py:3036} INFO - Sync 1 DAGs
[2024-01-30T22:08:11.358+0000] {logging_mixin.py:188} INFO - [2024-01-30T22:08:11.357+0000] {dag.py:3823} INFO - Setting next_dagrun for example_python_operator to None, run_after=None
[2024-01-30T22:08:11.393+0000] {processor.py:183} INFO - Processing /home/airflow/.local/lib/python3.8/site-packages/airflow/example_dags/example_python_operator.py took 0.104 seconds
[2024-01-30T22:08:41.830+0000] {processor.py:161} INFO - Started process (PID=1770) to work on /home/airflow/.local/lib/python3.8/site-packages/airflow/example_dags/example_python_operator.py
[2024-01-30T22:08:41.843+0000] {processor.py:830} INFO - Processing file /home/airflow/.local/lib/python3.8/site-packages/airflow/example_dags/example_python_operator.py for tasks to queue
[2024-01-30T22:08:41.853+0000] {logging_mixin.py:188} INFO - [2024-01-30T22:08:41.851+0000] {dagbag.py:538} INFO - Filling up the DagBag from /home/airflow/.local/lib/python3.8/site-packages/airflow/example_dags/example_python_operator.py
[2024-01-30T22:08:41.969+0000] {processor.py:840} INFO - DAG(s) 'example_python_operator' retrieved from /home/airflow/.local/lib/python3.8/site-packages/airflow/example_dags/example_python_operator.py
[2024-01-30T22:08:42.214+0000] {logging_mixin.py:188} INFO - [2024-01-30T22:08:42.212+0000] {dag.py:3036} INFO - Sync 1 DAGs
[2024-01-30T22:08:42.411+0000] {logging_mixin.py:188} INFO - [2024-01-30T22:08:42.408+0000] {dag.py:3823} INFO - Setting next_dagrun for example_python_operator to None, run_after=None
[2024-01-30T22:08:42.698+0000] {processor.py:183} INFO - Processing /home/airflow/.local/lib/python3.8/site-packages/airflow/example_dags/example_python_operator.py took 0.892 seconds
[2024-01-30T22:09:13.617+0000] {processor.py:161} INFO - Started process (PID=1827) to work on /home/airflow/.local/lib/python3.8/site-packages/airflow/example_dags/example_python_operator.py
[2024-01-30T22:09:13.660+0000] {processor.py:830} INFO - Processing file /home/airflow/.local/lib/python3.8/site-packages/airflow/example_dags/example_python_operator.py for tasks to queue
[2024-01-30T22:09:13.672+0000] {logging_mixin.py:188} INFO - [2024-01-30T22:09:13.668+0000] {dagbag.py:538} INFO - Filling up the DagBag from /home/airflow/.local/lib/python3.8/site-packages/airflow/example_dags/example_python_operator.py
[2024-01-30T22:09:13.816+0000] {processor.py:840} INFO - DAG(s) 'example_python_operator' retrieved from /home/airflow/.local/lib/python3.8/site-packages/airflow/example_dags/example_python_operator.py
[2024-01-30T22:09:13.946+0000] {logging_mixin.py:188} INFO - [2024-01-30T22:09:13.943+0000] {dag.py:3036} INFO - Sync 1 DAGs
[2024-01-30T22:09:14.159+0000] {logging_mixin.py:188} INFO - [2024-01-30T22:09:14.157+0000] {dag.py:3823} INFO - Setting next_dagrun for example_python_operator to None, run_after=None
[2024-01-30T22:09:14.457+0000] {processor.py:183} INFO - Processing /home/airflow/.local/lib/python3.8/site-packages/airflow/example_dags/example_python_operator.py took 0.903 seconds
[2024-01-30T22:09:44.702+0000] {processor.py:161} INFO - Started process (PID=1884) to work on /home/airflow/.local/lib/python3.8/site-packages/airflow/example_dags/example_python_operator.py
[2024-01-30T22:09:44.703+0000] {processor.py:830} INFO - Processing file /home/airflow/.local/lib/python3.8/site-packages/airflow/example_dags/example_python_operator.py for tasks to queue
[2024-01-30T22:09:44.705+0000] {logging_mixin.py:188} INFO - [2024-01-30T22:09:44.705+0000] {dagbag.py:538} INFO - Filling up the DagBag from /home/airflow/.local/lib/python3.8/site-packages/airflow/example_dags/example_python_operator.py
[2024-01-30T22:09:44.714+0000] {processor.py:840} INFO - DAG(s) 'example_python_operator' retrieved from /home/airflow/.local/lib/python3.8/site-packages/airflow/example_dags/example_python_operator.py
[2024-01-30T22:09:44.822+0000] {logging_mixin.py:188} INFO - [2024-01-30T22:09:44.822+0000] {dag.py:3036} INFO - Sync 1 DAGs
[2024-01-30T22:09:44.836+0000] {logging_mixin.py:188} INFO - [2024-01-30T22:09:44.835+0000] {dag.py:3823} INFO - Setting next_dagrun for example_python_operator to None, run_after=None
[2024-01-30T22:09:44.906+0000] {processor.py:183} INFO - Processing /home/airflow/.local/lib/python3.8/site-packages/airflow/example_dags/example_python_operator.py took 0.207 seconds
[2024-01-30T22:10:15.105+0000] {processor.py:161} INFO - Started process (PID=1941) to work on /home/airflow/.local/lib/python3.8/site-packages/airflow/example_dags/example_python_operator.py
[2024-01-30T22:10:15.107+0000] {processor.py:830} INFO - Processing file /home/airflow/.local/lib/python3.8/site-packages/airflow/example_dags/example_python_operator.py for tasks to queue
[2024-01-30T22:10:15.108+0000] {logging_mixin.py:188} INFO - [2024-01-30T22:10:15.107+0000] {dagbag.py:538} INFO - Filling up the DagBag from /home/airflow/.local/lib/python3.8/site-packages/airflow/example_dags/example_python_operator.py
[2024-01-30T22:10:15.119+0000] {processor.py:840} INFO - DAG(s) 'example_python_operator' retrieved from /home/airflow/.local/lib/python3.8/site-packages/airflow/example_dags/example_python_operator.py
[2024-01-30T22:10:15.146+0000] {logging_mixin.py:188} INFO - [2024-01-30T22:10:15.146+0000] {dag.py:3036} INFO - Sync 1 DAGs
[2024-01-30T22:10:15.161+0000] {logging_mixin.py:188} INFO - [2024-01-30T22:10:15.161+0000] {dag.py:3823} INFO - Setting next_dagrun for example_python_operator to None, run_after=None
[2024-01-30T22:10:15.194+0000] {processor.py:183} INFO - Processing /home/airflow/.local/lib/python3.8/site-packages/airflow/example_dags/example_python_operator.py took 0.092 seconds
[2024-01-30T22:10:45.898+0000] {processor.py:161} INFO - Started process (PID=1998) to work on /home/airflow/.local/lib/python3.8/site-packages/airflow/example_dags/example_python_operator.py
[2024-01-30T22:10:45.902+0000] {processor.py:830} INFO - Processing file /home/airflow/.local/lib/python3.8/site-packages/airflow/example_dags/example_python_operator.py for tasks to queue
[2024-01-30T22:10:45.904+0000] {logging_mixin.py:188} INFO - [2024-01-30T22:10:45.904+0000] {dagbag.py:538} INFO - Filling up the DagBag from /home/airflow/.local/lib/python3.8/site-packages/airflow/example_dags/example_python_operator.py
[2024-01-30T22:10:45.919+0000] {processor.py:840} INFO - DAG(s) 'example_python_operator' retrieved from /home/airflow/.local/lib/python3.8/site-packages/airflow/example_dags/example_python_operator.py
[2024-01-30T22:10:45.943+0000] {logging_mixin.py:188} INFO - [2024-01-30T22:10:45.942+0000] {dag.py:3036} INFO - Sync 1 DAGs
[2024-01-30T22:10:45.956+0000] {logging_mixin.py:188} INFO - [2024-01-30T22:10:45.955+0000] {dag.py:3823} INFO - Setting next_dagrun for example_python_operator to None, run_after=None
[2024-01-30T22:10:45.982+0000] {processor.py:183} INFO - Processing /home/airflow/.local/lib/python3.8/site-packages/airflow/example_dags/example_python_operator.py took 0.094 seconds
[2024-01-30T22:11:16.775+0000] {processor.py:161} INFO - Started process (PID=2055) to work on /home/airflow/.local/lib/python3.8/site-packages/airflow/example_dags/example_python_operator.py
[2024-01-30T22:11:16.777+0000] {processor.py:830} INFO - Processing file /home/airflow/.local/lib/python3.8/site-packages/airflow/example_dags/example_python_operator.py for tasks to queue
[2024-01-30T22:11:16.778+0000] {logging_mixin.py:188} INFO - [2024-01-30T22:11:16.778+0000] {dagbag.py:538} INFO - Filling up the DagBag from /home/airflow/.local/lib/python3.8/site-packages/airflow/example_dags/example_python_operator.py
[2024-01-30T22:11:16.788+0000] {processor.py:840} INFO - DAG(s) 'example_python_operator' retrieved from /home/airflow/.local/lib/python3.8/site-packages/airflow/example_dags/example_python_operator.py
[2024-01-30T22:11:16.817+0000] {logging_mixin.py:188} INFO - [2024-01-30T22:11:16.816+0000] {dag.py:3036} INFO - Sync 1 DAGs
[2024-01-30T22:11:16.831+0000] {logging_mixin.py:188} INFO - [2024-01-30T22:11:16.830+0000] {dag.py:3823} INFO - Setting next_dagrun for example_python_operator to None, run_after=None
[2024-01-30T22:11:16.860+0000] {processor.py:183} INFO - Processing /home/airflow/.local/lib/python3.8/site-packages/airflow/example_dags/example_python_operator.py took 0.088 seconds
[2024-01-30T22:11:47.294+0000] {processor.py:161} INFO - Started process (PID=2112) to work on /home/airflow/.local/lib/python3.8/site-packages/airflow/example_dags/example_python_operator.py
[2024-01-30T22:11:47.295+0000] {processor.py:830} INFO - Processing file /home/airflow/.local/lib/python3.8/site-packages/airflow/example_dags/example_python_operator.py for tasks to queue
[2024-01-30T22:11:47.297+0000] {logging_mixin.py:188} INFO - [2024-01-30T22:11:47.296+0000] {dagbag.py:538} INFO - Filling up the DagBag from /home/airflow/.local/lib/python3.8/site-packages/airflow/example_dags/example_python_operator.py
[2024-01-30T22:11:47.307+0000] {processor.py:840} INFO - DAG(s) 'example_python_operator' retrieved from /home/airflow/.local/lib/python3.8/site-packages/airflow/example_dags/example_python_operator.py
[2024-01-30T22:11:47.334+0000] {logging_mixin.py:188} INFO - [2024-01-30T22:11:47.333+0000] {dag.py:3036} INFO - Sync 1 DAGs
[2024-01-30T22:11:47.347+0000] {logging_mixin.py:188} INFO - [2024-01-30T22:11:47.347+0000] {dag.py:3823} INFO - Setting next_dagrun for example_python_operator to None, run_after=None
[2024-01-30T22:11:47.402+0000] {processor.py:183} INFO - Processing /home/airflow/.local/lib/python3.8/site-packages/airflow/example_dags/example_python_operator.py took 0.111 seconds
[2024-01-30T22:12:18.126+0000] {processor.py:161} INFO - Started process (PID=2169) to work on /home/airflow/.local/lib/python3.8/site-packages/airflow/example_dags/example_python_operator.py
[2024-01-30T22:12:18.128+0000] {processor.py:830} INFO - Processing file /home/airflow/.local/lib/python3.8/site-packages/airflow/example_dags/example_python_operator.py for tasks to queue
[2024-01-30T22:12:18.130+0000] {logging_mixin.py:188} INFO - [2024-01-30T22:12:18.129+0000] {dagbag.py:538} INFO - Filling up the DagBag from /home/airflow/.local/lib/python3.8/site-packages/airflow/example_dags/example_python_operator.py
[2024-01-30T22:12:18.143+0000] {processor.py:840} INFO - DAG(s) 'example_python_operator' retrieved from /home/airflow/.local/lib/python3.8/site-packages/airflow/example_dags/example_python_operator.py
[2024-01-30T22:12:18.175+0000] {logging_mixin.py:188} INFO - [2024-01-30T22:12:18.174+0000] {dag.py:3036} INFO - Sync 1 DAGs
[2024-01-30T22:12:18.192+0000] {logging_mixin.py:188} INFO - [2024-01-30T22:12:18.192+0000] {dag.py:3823} INFO - Setting next_dagrun for example_python_operator to None, run_after=None
[2024-01-30T22:12:18.225+0000] {processor.py:183} INFO - Processing /home/airflow/.local/lib/python3.8/site-packages/airflow/example_dags/example_python_operator.py took 0.104 seconds
[2024-01-30T22:12:48.497+0000] {processor.py:161} INFO - Started process (PID=2226) to work on /home/airflow/.local/lib/python3.8/site-packages/airflow/example_dags/example_python_operator.py
[2024-01-30T22:12:48.499+0000] {processor.py:830} INFO - Processing file /home/airflow/.local/lib/python3.8/site-packages/airflow/example_dags/example_python_operator.py for tasks to queue
[2024-01-30T22:12:48.501+0000] {logging_mixin.py:188} INFO - [2024-01-30T22:12:48.500+0000] {dagbag.py:538} INFO - Filling up the DagBag from /home/airflow/.local/lib/python3.8/site-packages/airflow/example_dags/example_python_operator.py
[2024-01-30T22:12:48.511+0000] {processor.py:840} INFO - DAG(s) 'example_python_operator' retrieved from /home/airflow/.local/lib/python3.8/site-packages/airflow/example_dags/example_python_operator.py
[2024-01-30T22:12:48.537+0000] {logging_mixin.py:188} INFO - [2024-01-30T22:12:48.537+0000] {dag.py:3036} INFO - Sync 1 DAGs
[2024-01-30T22:12:48.551+0000] {logging_mixin.py:188} INFO - [2024-01-30T22:12:48.550+0000] {dag.py:3823} INFO - Setting next_dagrun for example_python_operator to None, run_after=None
[2024-01-30T22:12:48.580+0000] {processor.py:183} INFO - Processing /home/airflow/.local/lib/python3.8/site-packages/airflow/example_dags/example_python_operator.py took 0.085 seconds
[2024-01-30T22:13:19.411+0000] {processor.py:161} INFO - Started process (PID=2283) to work on /home/airflow/.local/lib/python3.8/site-packages/airflow/example_dags/example_python_operator.py
[2024-01-30T22:13:19.412+0000] {processor.py:830} INFO - Processing file /home/airflow/.local/lib/python3.8/site-packages/airflow/example_dags/example_python_operator.py for tasks to queue
[2024-01-30T22:13:19.414+0000] {logging_mixin.py:188} INFO - [2024-01-30T22:13:19.414+0000] {dagbag.py:538} INFO - Filling up the DagBag from /home/airflow/.local/lib/python3.8/site-packages/airflow/example_dags/example_python_operator.py
[2024-01-30T22:13:19.425+0000] {processor.py:840} INFO - DAG(s) 'example_python_operator' retrieved from /home/airflow/.local/lib/python3.8/site-packages/airflow/example_dags/example_python_operator.py
[2024-01-30T22:13:19.459+0000] {logging_mixin.py:188} INFO - [2024-01-30T22:13:19.459+0000] {dag.py:3036} INFO - Sync 1 DAGs
[2024-01-30T22:13:19.475+0000] {logging_mixin.py:188} INFO - [2024-01-30T22:13:19.475+0000] {dag.py:3823} INFO - Setting next_dagrun for example_python_operator to None, run_after=None
[2024-01-30T22:13:19.509+0000] {processor.py:183} INFO - Processing /home/airflow/.local/lib/python3.8/site-packages/airflow/example_dags/example_python_operator.py took 0.102 seconds
[2024-01-30T22:13:50.316+0000] {processor.py:161} INFO - Started process (PID=2340) to work on /home/airflow/.local/lib/python3.8/site-packages/airflow/example_dags/example_python_operator.py
[2024-01-30T22:13:50.317+0000] {processor.py:830} INFO - Processing file /home/airflow/.local/lib/python3.8/site-packages/airflow/example_dags/example_python_operator.py for tasks to queue
[2024-01-30T22:13:50.319+0000] {logging_mixin.py:188} INFO - [2024-01-30T22:13:50.318+0000] {dagbag.py:538} INFO - Filling up the DagBag from /home/airflow/.local/lib/python3.8/site-packages/airflow/example_dags/example_python_operator.py
[2024-01-30T22:13:50.334+0000] {processor.py:840} INFO - DAG(s) 'example_python_operator' retrieved from /home/airflow/.local/lib/python3.8/site-packages/airflow/example_dags/example_python_operator.py
[2024-01-30T22:13:50.371+0000] {logging_mixin.py:188} INFO - [2024-01-30T22:13:50.370+0000] {dag.py:3036} INFO - Sync 1 DAGs
[2024-01-30T22:13:50.393+0000] {logging_mixin.py:188} INFO - [2024-01-30T22:13:50.392+0000] {dag.py:3823} INFO - Setting next_dagrun for example_python_operator to None, run_after=None
[2024-01-30T22:13:50.480+0000] {processor.py:183} INFO - Processing /home/airflow/.local/lib/python3.8/site-packages/airflow/example_dags/example_python_operator.py took 0.168 seconds
[2024-01-30T22:14:21.659+0000] {processor.py:161} INFO - Started process (PID=2397) to work on /home/airflow/.local/lib/python3.8/site-packages/airflow/example_dags/example_python_operator.py
[2024-01-30T22:14:21.661+0000] {processor.py:830} INFO - Processing file /home/airflow/.local/lib/python3.8/site-packages/airflow/example_dags/example_python_operator.py for tasks to queue
[2024-01-30T22:14:21.663+0000] {logging_mixin.py:188} INFO - [2024-01-30T22:14:21.662+0000] {dagbag.py:538} INFO - Filling up the DagBag from /home/airflow/.local/lib/python3.8/site-packages/airflow/example_dags/example_python_operator.py
[2024-01-30T22:14:21.673+0000] {processor.py:840} INFO - DAG(s) 'example_python_operator' retrieved from /home/airflow/.local/lib/python3.8/site-packages/airflow/example_dags/example_python_operator.py
[2024-01-30T22:14:21.700+0000] {logging_mixin.py:188} INFO - [2024-01-30T22:14:21.700+0000] {dag.py:3036} INFO - Sync 1 DAGs
[2024-01-30T22:14:21.713+0000] {logging_mixin.py:188} INFO - [2024-01-30T22:14:21.713+0000] {dag.py:3823} INFO - Setting next_dagrun for example_python_operator to None, run_after=None
[2024-01-30T22:14:21.743+0000] {processor.py:183} INFO - Processing /home/airflow/.local/lib/python3.8/site-packages/airflow/example_dags/example_python_operator.py took 0.087 seconds
[2024-01-30T22:14:52.454+0000] {processor.py:161} INFO - Started process (PID=2447) to work on /home/airflow/.local/lib/python3.8/site-packages/airflow/example_dags/example_python_operator.py
[2024-01-30T22:14:52.455+0000] {processor.py:830} INFO - Processing file /home/airflow/.local/lib/python3.8/site-packages/airflow/example_dags/example_python_operator.py for tasks to queue
[2024-01-30T22:14:52.457+0000] {logging_mixin.py:188} INFO - [2024-01-30T22:14:52.456+0000] {dagbag.py:538} INFO - Filling up the DagBag from /home/airflow/.local/lib/python3.8/site-packages/airflow/example_dags/example_python_operator.py
[2024-01-30T22:14:52.467+0000] {processor.py:840} INFO - DAG(s) 'example_python_operator' retrieved from /home/airflow/.local/lib/python3.8/site-packages/airflow/example_dags/example_python_operator.py
[2024-01-30T22:14:52.493+0000] {logging_mixin.py:188} INFO - [2024-01-30T22:14:52.493+0000] {dag.py:3036} INFO - Sync 1 DAGs
[2024-01-30T22:14:52.508+0000] {logging_mixin.py:188} INFO - [2024-01-30T22:14:52.508+0000] {dag.py:3823} INFO - Setting next_dagrun for example_python_operator to None, run_after=None
[2024-01-30T22:14:52.537+0000] {processor.py:183} INFO - Processing /home/airflow/.local/lib/python3.8/site-packages/airflow/example_dags/example_python_operator.py took 0.087 seconds
[2024-01-30T22:15:22.831+0000] {processor.py:161} INFO - Started process (PID=2499) to work on /home/airflow/.local/lib/python3.8/site-packages/airflow/example_dags/example_python_operator.py
[2024-01-30T22:15:22.833+0000] {processor.py:830} INFO - Processing file /home/airflow/.local/lib/python3.8/site-packages/airflow/example_dags/example_python_operator.py for tasks to queue
[2024-01-30T22:15:22.834+0000] {logging_mixin.py:188} INFO - [2024-01-30T22:15:22.834+0000] {dagbag.py:538} INFO - Filling up the DagBag from /home/airflow/.local/lib/python3.8/site-packages/airflow/example_dags/example_python_operator.py
[2024-01-30T22:15:22.843+0000] {processor.py:840} INFO - DAG(s) 'example_python_operator' retrieved from /home/airflow/.local/lib/python3.8/site-packages/airflow/example_dags/example_python_operator.py
[2024-01-30T22:15:22.869+0000] {logging_mixin.py:188} INFO - [2024-01-30T22:15:22.869+0000] {dag.py:3036} INFO - Sync 1 DAGs
[2024-01-30T22:15:22.882+0000] {logging_mixin.py:188} INFO - [2024-01-30T22:15:22.882+0000] {dag.py:3823} INFO - Setting next_dagrun for example_python_operator to None, run_after=None
[2024-01-30T22:15:22.911+0000] {processor.py:183} INFO - Processing /home/airflow/.local/lib/python3.8/site-packages/airflow/example_dags/example_python_operator.py took 0.082 seconds
[2024-01-30T22:15:53.126+0000] {processor.py:161} INFO - Started process (PID=2560) to work on /home/airflow/.local/lib/python3.8/site-packages/airflow/example_dags/example_python_operator.py
[2024-01-30T22:15:53.129+0000] {processor.py:830} INFO - Processing file /home/airflow/.local/lib/python3.8/site-packages/airflow/example_dags/example_python_operator.py for tasks to queue
[2024-01-30T22:15:53.131+0000] {logging_mixin.py:188} INFO - [2024-01-30T22:15:53.131+0000] {dagbag.py:538} INFO - Filling up the DagBag from /home/airflow/.local/lib/python3.8/site-packages/airflow/example_dags/example_python_operator.py
[2024-01-30T22:15:53.145+0000] {processor.py:840} INFO - DAG(s) 'example_python_operator' retrieved from /home/airflow/.local/lib/python3.8/site-packages/airflow/example_dags/example_python_operator.py
[2024-01-30T22:15:53.187+0000] {logging_mixin.py:188} INFO - [2024-01-30T22:15:53.186+0000] {dag.py:3036} INFO - Sync 1 DAGs
[2024-01-30T22:15:53.206+0000] {logging_mixin.py:188} INFO - [2024-01-30T22:15:53.205+0000] {dag.py:3823} INFO - Setting next_dagrun for example_python_operator to None, run_after=None
[2024-01-30T22:15:53.240+0000] {processor.py:183} INFO - Processing /home/airflow/.local/lib/python3.8/site-packages/airflow/example_dags/example_python_operator.py took 0.118 seconds
[2024-01-30T22:16:23.421+0000] {processor.py:161} INFO - Started process (PID=2619) to work on /home/airflow/.local/lib/python3.8/site-packages/airflow/example_dags/example_python_operator.py
[2024-01-30T22:16:23.422+0000] {processor.py:830} INFO - Processing file /home/airflow/.local/lib/python3.8/site-packages/airflow/example_dags/example_python_operator.py for tasks to queue
[2024-01-30T22:16:23.424+0000] {logging_mixin.py:188} INFO - [2024-01-30T22:16:23.423+0000] {dagbag.py:538} INFO - Filling up the DagBag from /home/airflow/.local/lib/python3.8/site-packages/airflow/example_dags/example_python_operator.py
[2024-01-30T22:16:23.441+0000] {processor.py:840} INFO - DAG(s) 'example_python_operator' retrieved from /home/airflow/.local/lib/python3.8/site-packages/airflow/example_dags/example_python_operator.py
[2024-01-30T22:16:23.486+0000] {logging_mixin.py:188} INFO - [2024-01-30T22:16:23.485+0000] {dag.py:3036} INFO - Sync 1 DAGs
[2024-01-30T22:16:23.509+0000] {logging_mixin.py:188} INFO - [2024-01-30T22:16:23.508+0000] {dag.py:3823} INFO - Setting next_dagrun for example_python_operator to None, run_after=None
[2024-01-30T22:16:23.549+0000] {processor.py:183} INFO - Processing /home/airflow/.local/lib/python3.8/site-packages/airflow/example_dags/example_python_operator.py took 0.133 seconds
[2024-01-30T22:16:54.331+0000] {processor.py:161} INFO - Started process (PID=2682) to work on /home/airflow/.local/lib/python3.8/site-packages/airflow/example_dags/example_python_operator.py
[2024-01-30T22:16:54.333+0000] {processor.py:830} INFO - Processing file /home/airflow/.local/lib/python3.8/site-packages/airflow/example_dags/example_python_operator.py for tasks to queue
[2024-01-30T22:16:54.335+0000] {logging_mixin.py:188} INFO - [2024-01-30T22:16:54.334+0000] {dagbag.py:538} INFO - Filling up the DagBag from /home/airflow/.local/lib/python3.8/site-packages/airflow/example_dags/example_python_operator.py
[2024-01-30T22:16:54.347+0000] {processor.py:840} INFO - DAG(s) 'example_python_operator' retrieved from /home/airflow/.local/lib/python3.8/site-packages/airflow/example_dags/example_python_operator.py
[2024-01-30T22:16:54.379+0000] {logging_mixin.py:188} INFO - [2024-01-30T22:16:54.379+0000] {dag.py:3036} INFO - Sync 1 DAGs
[2024-01-30T22:16:54.396+0000] {logging_mixin.py:188} INFO - [2024-01-30T22:16:54.395+0000] {dag.py:3823} INFO - Setting next_dagrun for example_python_operator to None, run_after=None
[2024-01-30T22:16:54.435+0000] {processor.py:183} INFO - Processing /home/airflow/.local/lib/python3.8/site-packages/airflow/example_dags/example_python_operator.py took 0.106 seconds
[2024-01-30T22:17:26.298+0000] {processor.py:161} INFO - Started process (PID=2740) to work on /home/airflow/.local/lib/python3.8/site-packages/airflow/example_dags/example_python_operator.py
[2024-01-30T22:17:26.300+0000] {processor.py:830} INFO - Processing file /home/airflow/.local/lib/python3.8/site-packages/airflow/example_dags/example_python_operator.py for tasks to queue
[2024-01-30T22:17:26.302+0000] {logging_mixin.py:188} INFO - [2024-01-30T22:17:26.301+0000] {dagbag.py:538} INFO - Filling up the DagBag from /home/airflow/.local/lib/python3.8/site-packages/airflow/example_dags/example_python_operator.py
[2024-01-30T22:17:26.312+0000] {processor.py:840} INFO - DAG(s) 'example_python_operator' retrieved from /home/airflow/.local/lib/python3.8/site-packages/airflow/example_dags/example_python_operator.py
[2024-01-30T22:17:26.338+0000] {logging_mixin.py:188} INFO - [2024-01-30T22:17:26.338+0000] {dag.py:3036} INFO - Sync 1 DAGs
[2024-01-30T22:17:26.354+0000] {logging_mixin.py:188} INFO - [2024-01-30T22:17:26.353+0000] {dag.py:3823} INFO - Setting next_dagrun for example_python_operator to None, run_after=None
[2024-01-30T22:17:26.522+0000] {processor.py:183} INFO - Processing /home/airflow/.local/lib/python3.8/site-packages/airflow/example_dags/example_python_operator.py took 0.227 seconds
[2024-01-30T22:17:57.013+0000] {processor.py:161} INFO - Started process (PID=2797) to work on /home/airflow/.local/lib/python3.8/site-packages/airflow/example_dags/example_python_operator.py
[2024-01-30T22:17:57.015+0000] {processor.py:830} INFO - Processing file /home/airflow/.local/lib/python3.8/site-packages/airflow/example_dags/example_python_operator.py for tasks to queue
[2024-01-30T22:17:57.017+0000] {logging_mixin.py:188} INFO - [2024-01-30T22:17:57.017+0000] {dagbag.py:538} INFO - Filling up the DagBag from /home/airflow/.local/lib/python3.8/site-packages/airflow/example_dags/example_python_operator.py
[2024-01-30T22:17:57.030+0000] {processor.py:840} INFO - DAG(s) 'example_python_operator' retrieved from /home/airflow/.local/lib/python3.8/site-packages/airflow/example_dags/example_python_operator.py
[2024-01-30T22:17:57.067+0000] {logging_mixin.py:188} INFO - [2024-01-30T22:17:57.066+0000] {dag.py:3036} INFO - Sync 1 DAGs
[2024-01-30T22:17:57.085+0000] {logging_mixin.py:188} INFO - [2024-01-30T22:17:57.084+0000] {dag.py:3823} INFO - Setting next_dagrun for example_python_operator to None, run_after=None
[2024-01-30T22:17:57.121+0000] {processor.py:183} INFO - Processing /home/airflow/.local/lib/python3.8/site-packages/airflow/example_dags/example_python_operator.py took 0.111 seconds
[2024-01-30T22:18:27.531+0000] {processor.py:161} INFO - Started process (PID=2855) to work on /home/airflow/.local/lib/python3.8/site-packages/airflow/example_dags/example_python_operator.py
[2024-01-30T22:18:27.532+0000] {processor.py:830} INFO - Processing file /home/airflow/.local/lib/python3.8/site-packages/airflow/example_dags/example_python_operator.py for tasks to queue
[2024-01-30T22:18:27.534+0000] {logging_mixin.py:188} INFO - [2024-01-30T22:18:27.533+0000] {dagbag.py:538} INFO - Filling up the DagBag from /home/airflow/.local/lib/python3.8/site-packages/airflow/example_dags/example_python_operator.py
[2024-01-30T22:18:27.550+0000] {processor.py:840} INFO - DAG(s) 'example_python_operator' retrieved from /home/airflow/.local/lib/python3.8/site-packages/airflow/example_dags/example_python_operator.py
[2024-01-30T22:18:27.586+0000] {logging_mixin.py:188} INFO - [2024-01-30T22:18:27.586+0000] {dag.py:3036} INFO - Sync 1 DAGs
[2024-01-30T22:18:27.603+0000] {logging_mixin.py:188} INFO - [2024-01-30T22:18:27.602+0000] {dag.py:3823} INFO - Setting next_dagrun for example_python_operator to None, run_after=None
[2024-01-30T22:18:27.637+0000] {processor.py:183} INFO - Processing /home/airflow/.local/lib/python3.8/site-packages/airflow/example_dags/example_python_operator.py took 0.110 seconds
[2024-01-30T22:18:57.947+0000] {processor.py:161} INFO - Started process (PID=2912) to work on /home/airflow/.local/lib/python3.8/site-packages/airflow/example_dags/example_python_operator.py
[2024-01-30T22:18:57.948+0000] {processor.py:830} INFO - Processing file /home/airflow/.local/lib/python3.8/site-packages/airflow/example_dags/example_python_operator.py for tasks to queue
[2024-01-30T22:18:57.949+0000] {logging_mixin.py:188} INFO - [2024-01-30T22:18:57.949+0000] {dagbag.py:538} INFO - Filling up the DagBag from /home/airflow/.local/lib/python3.8/site-packages/airflow/example_dags/example_python_operator.py
[2024-01-30T22:18:57.960+0000] {processor.py:840} INFO - DAG(s) 'example_python_operator' retrieved from /home/airflow/.local/lib/python3.8/site-packages/airflow/example_dags/example_python_operator.py
[2024-01-30T22:18:57.985+0000] {logging_mixin.py:188} INFO - [2024-01-30T22:18:57.985+0000] {dag.py:3036} INFO - Sync 1 DAGs
[2024-01-30T22:18:57.998+0000] {logging_mixin.py:188} INFO - [2024-01-30T22:18:57.997+0000] {dag.py:3823} INFO - Setting next_dagrun for example_python_operator to None, run_after=None
[2024-01-30T22:18:58.025+0000] {processor.py:183} INFO - Processing /home/airflow/.local/lib/python3.8/site-packages/airflow/example_dags/example_python_operator.py took 0.081 seconds
[2024-01-30T22:19:30.867+0000] {processor.py:161} INFO - Started process (PID=2969) to work on /home/airflow/.local/lib/python3.8/site-packages/airflow/example_dags/example_python_operator.py
[2024-01-30T22:19:30.868+0000] {processor.py:830} INFO - Processing file /home/airflow/.local/lib/python3.8/site-packages/airflow/example_dags/example_python_operator.py for tasks to queue
[2024-01-30T22:19:30.870+0000] {logging_mixin.py:188} INFO - [2024-01-30T22:19:30.869+0000] {dagbag.py:538} INFO - Filling up the DagBag from /home/airflow/.local/lib/python3.8/site-packages/airflow/example_dags/example_python_operator.py
[2024-01-30T22:19:30.880+0000] {processor.py:840} INFO - DAG(s) 'example_python_operator' retrieved from /home/airflow/.local/lib/python3.8/site-packages/airflow/example_dags/example_python_operator.py
[2024-01-30T22:19:31.096+0000] {logging_mixin.py:188} INFO - [2024-01-30T22:19:31.095+0000] {dag.py:3036} INFO - Sync 1 DAGs
[2024-01-30T22:19:31.115+0000] {logging_mixin.py:188} INFO - [2024-01-30T22:19:31.115+0000] {dag.py:3823} INFO - Setting next_dagrun for example_python_operator to None, run_after=None
[2024-01-30T22:19:31.156+0000] {processor.py:183} INFO - Processing /home/airflow/.local/lib/python3.8/site-packages/airflow/example_dags/example_python_operator.py took 0.292 seconds
[2024-01-30T22:20:02.095+0000] {processor.py:161} INFO - Started process (PID=3026) to work on /home/airflow/.local/lib/python3.8/site-packages/airflow/example_dags/example_python_operator.py
[2024-01-30T22:20:02.096+0000] {processor.py:830} INFO - Processing file /home/airflow/.local/lib/python3.8/site-packages/airflow/example_dags/example_python_operator.py for tasks to queue
[2024-01-30T22:20:02.097+0000] {logging_mixin.py:188} INFO - [2024-01-30T22:20:02.097+0000] {dagbag.py:538} INFO - Filling up the DagBag from /home/airflow/.local/lib/python3.8/site-packages/airflow/example_dags/example_python_operator.py
[2024-01-30T22:20:02.106+0000] {processor.py:840} INFO - DAG(s) 'example_python_operator' retrieved from /home/airflow/.local/lib/python3.8/site-packages/airflow/example_dags/example_python_operator.py
[2024-01-30T22:20:02.130+0000] {logging_mixin.py:188} INFO - [2024-01-30T22:20:02.130+0000] {dag.py:3036} INFO - Sync 1 DAGs
[2024-01-30T22:20:02.143+0000] {logging_mixin.py:188} INFO - [2024-01-30T22:20:02.143+0000] {dag.py:3823} INFO - Setting next_dagrun for example_python_operator to None, run_after=None
[2024-01-30T22:20:02.169+0000] {processor.py:183} INFO - Processing /home/airflow/.local/lib/python3.8/site-packages/airflow/example_dags/example_python_operator.py took 0.076 seconds
[2024-01-30T22:20:32.677+0000] {processor.py:161} INFO - Started process (PID=3083) to work on /home/airflow/.local/lib/python3.8/site-packages/airflow/example_dags/example_python_operator.py
[2024-01-30T22:20:32.678+0000] {processor.py:830} INFO - Processing file /home/airflow/.local/lib/python3.8/site-packages/airflow/example_dags/example_python_operator.py for tasks to queue
[2024-01-30T22:20:32.679+0000] {logging_mixin.py:188} INFO - [2024-01-30T22:20:32.679+0000] {dagbag.py:538} INFO - Filling up the DagBag from /home/airflow/.local/lib/python3.8/site-packages/airflow/example_dags/example_python_operator.py
[2024-01-30T22:20:32.689+0000] {processor.py:840} INFO - DAG(s) 'example_python_operator' retrieved from /home/airflow/.local/lib/python3.8/site-packages/airflow/example_dags/example_python_operator.py
[2024-01-30T22:20:32.715+0000] {logging_mixin.py:188} INFO - [2024-01-30T22:20:32.715+0000] {dag.py:3036} INFO - Sync 1 DAGs
[2024-01-30T22:20:32.731+0000] {logging_mixin.py:188} INFO - [2024-01-30T22:20:32.731+0000] {dag.py:3823} INFO - Setting next_dagrun for example_python_operator to None, run_after=None
[2024-01-30T22:20:32.763+0000] {processor.py:183} INFO - Processing /home/airflow/.local/lib/python3.8/site-packages/airflow/example_dags/example_python_operator.py took 0.089 seconds
[2024-01-30T22:21:04.635+0000] {processor.py:161} INFO - Started process (PID=3140) to work on /home/airflow/.local/lib/python3.8/site-packages/airflow/example_dags/example_python_operator.py
[2024-01-30T22:21:04.643+0000] {processor.py:830} INFO - Processing file /home/airflow/.local/lib/python3.8/site-packages/airflow/example_dags/example_python_operator.py for tasks to queue
[2024-01-30T22:21:04.659+0000] {logging_mixin.py:188} INFO - [2024-01-30T22:21:04.657+0000] {dagbag.py:538} INFO - Filling up the DagBag from /home/airflow/.local/lib/python3.8/site-packages/airflow/example_dags/example_python_operator.py
[2024-01-30T22:21:04.753+0000] {processor.py:840} INFO - DAG(s) 'example_python_operator' retrieved from /home/airflow/.local/lib/python3.8/site-packages/airflow/example_dags/example_python_operator.py
[2024-01-30T22:21:04.980+0000] {logging_mixin.py:188} INFO - [2024-01-30T22:21:04.978+0000] {dag.py:3036} INFO - Sync 1 DAGs
[2024-01-30T22:21:05.140+0000] {logging_mixin.py:188} INFO - [2024-01-30T22:21:05.138+0000] {dag.py:3823} INFO - Setting next_dagrun for example_python_operator to None, run_after=None
[2024-01-30T22:21:05.339+0000] {processor.py:183} INFO - Processing /home/airflow/.local/lib/python3.8/site-packages/airflow/example_dags/example_python_operator.py took 0.728 seconds
[2024-01-30T22:21:35.725+0000] {processor.py:161} INFO - Started process (PID=3196) to work on /home/airflow/.local/lib/python3.8/site-packages/airflow/example_dags/example_python_operator.py
[2024-01-30T22:21:35.727+0000] {processor.py:830} INFO - Processing file /home/airflow/.local/lib/python3.8/site-packages/airflow/example_dags/example_python_operator.py for tasks to queue
[2024-01-30T22:21:35.728+0000] {logging_mixin.py:188} INFO - [2024-01-30T22:21:35.727+0000] {dagbag.py:538} INFO - Filling up the DagBag from /home/airflow/.local/lib/python3.8/site-packages/airflow/example_dags/example_python_operator.py
[2024-01-30T22:21:35.736+0000] {processor.py:840} INFO - DAG(s) 'example_python_operator' retrieved from /home/airflow/.local/lib/python3.8/site-packages/airflow/example_dags/example_python_operator.py
[2024-01-30T22:21:35.759+0000] {logging_mixin.py:188} INFO - [2024-01-30T22:21:35.758+0000] {dag.py:3036} INFO - Sync 1 DAGs
[2024-01-30T22:21:35.771+0000] {logging_mixin.py:188} INFO - [2024-01-30T22:21:35.771+0000] {dag.py:3823} INFO - Setting next_dagrun for example_python_operator to None, run_after=None
[2024-01-30T22:21:35.817+0000] {processor.py:183} INFO - Processing /home/airflow/.local/lib/python3.8/site-packages/airflow/example_dags/example_python_operator.py took 0.094 seconds
[2024-01-30T22:22:06.235+0000] {processor.py:161} INFO - Started process (PID=3253) to work on /home/airflow/.local/lib/python3.8/site-packages/airflow/example_dags/example_python_operator.py
[2024-01-30T22:22:06.237+0000] {processor.py:830} INFO - Processing file /home/airflow/.local/lib/python3.8/site-packages/airflow/example_dags/example_python_operator.py for tasks to queue
[2024-01-30T22:22:06.238+0000] {logging_mixin.py:188} INFO - [2024-01-30T22:22:06.237+0000] {dagbag.py:538} INFO - Filling up the DagBag from /home/airflow/.local/lib/python3.8/site-packages/airflow/example_dags/example_python_operator.py
[2024-01-30T22:22:06.246+0000] {processor.py:840} INFO - DAG(s) 'example_python_operator' retrieved from /home/airflow/.local/lib/python3.8/site-packages/airflow/example_dags/example_python_operator.py
[2024-01-30T22:22:06.270+0000] {logging_mixin.py:188} INFO - [2024-01-30T22:22:06.270+0000] {dag.py:3036} INFO - Sync 1 DAGs
[2024-01-30T22:22:06.286+0000] {logging_mixin.py:188} INFO - [2024-01-30T22:22:06.285+0000] {dag.py:3823} INFO - Setting next_dagrun for example_python_operator to None, run_after=None
[2024-01-30T22:22:06.343+0000] {processor.py:183} INFO - Processing /home/airflow/.local/lib/python3.8/site-packages/airflow/example_dags/example_python_operator.py took 0.110 seconds
[2024-01-30T22:22:36.461+0000] {processor.py:161} INFO - Started process (PID=3310) to work on /home/airflow/.local/lib/python3.8/site-packages/airflow/example_dags/example_python_operator.py
[2024-01-30T22:22:36.462+0000] {processor.py:830} INFO - Processing file /home/airflow/.local/lib/python3.8/site-packages/airflow/example_dags/example_python_operator.py for tasks to queue
[2024-01-30T22:22:36.464+0000] {logging_mixin.py:188} INFO - [2024-01-30T22:22:36.463+0000] {dagbag.py:538} INFO - Filling up the DagBag from /home/airflow/.local/lib/python3.8/site-packages/airflow/example_dags/example_python_operator.py
[2024-01-30T22:22:36.472+0000] {processor.py:840} INFO - DAG(s) 'example_python_operator' retrieved from /home/airflow/.local/lib/python3.8/site-packages/airflow/example_dags/example_python_operator.py
[2024-01-30T22:22:36.495+0000] {logging_mixin.py:188} INFO - [2024-01-30T22:22:36.495+0000] {dag.py:3036} INFO - Sync 1 DAGs
[2024-01-30T22:22:36.508+0000] {logging_mixin.py:188} INFO - [2024-01-30T22:22:36.507+0000] {dag.py:3823} INFO - Setting next_dagrun for example_python_operator to None, run_after=None
[2024-01-30T22:22:36.593+0000] {processor.py:183} INFO - Processing /home/airflow/.local/lib/python3.8/site-packages/airflow/example_dags/example_python_operator.py took 0.134 seconds
