[2024-01-30T21:53:14.679+0000] {processor.py:161} INFO - Started process (PID=82) to work on /home/airflow/.local/lib/python3.8/site-packages/airflow/example_dags/example_external_task_marker_dag.py
[2024-01-30T21:53:14.683+0000] {processor.py:830} INFO - Processing file /home/airflow/.local/lib/python3.8/site-packages/airflow/example_dags/example_external_task_marker_dag.py for tasks to queue
[2024-01-30T21:53:14.686+0000] {logging_mixin.py:188} INFO - [2024-01-30T21:53:14.685+0000] {dagbag.py:538} INFO - Filling up the DagBag from /home/airflow/.local/lib/python3.8/site-packages/airflow/example_dags/example_external_task_marker_dag.py
[2024-01-30T21:53:14.695+0000] {processor.py:840} INFO - DAG(s) 'example_external_task_marker_parent', 'example_external_task_marker_child' retrieved from /home/airflow/.local/lib/python3.8/site-packages/airflow/example_dags/example_external_task_marker_dag.py
[2024-01-30T21:53:14.886+0000] {logging_mixin.py:188} INFO - [2024-01-30T21:53:14.885+0000] {dag.py:3036} INFO - Sync 2 DAGs
[2024-01-30T21:53:14.904+0000] {logging_mixin.py:188} INFO - [2024-01-30T21:53:14.904+0000] {dag.py:3823} INFO - Setting next_dagrun for example_external_task_marker_child to None, run_after=None
[2024-01-30T21:53:14.910+0000] {logging_mixin.py:188} INFO - [2024-01-30T21:53:14.910+0000] {dag.py:3823} INFO - Setting next_dagrun for example_external_task_marker_parent to None, run_after=None
[2024-01-30T21:53:14.994+0000] {processor.py:183} INFO - Processing /home/airflow/.local/lib/python3.8/site-packages/airflow/example_dags/example_external_task_marker_dag.py took 0.319 seconds
[2024-01-30T21:53:55.405+0000] {processor.py:161} INFO - Started process (PID=137) to work on /home/airflow/.local/lib/python3.8/site-packages/airflow/example_dags/example_external_task_marker_dag.py
[2024-01-30T21:53:55.407+0000] {processor.py:830} INFO - Processing file /home/airflow/.local/lib/python3.8/site-packages/airflow/example_dags/example_external_task_marker_dag.py for tasks to queue
[2024-01-30T21:53:55.410+0000] {logging_mixin.py:188} INFO - [2024-01-30T21:53:55.410+0000] {dagbag.py:538} INFO - Filling up the DagBag from /home/airflow/.local/lib/python3.8/site-packages/airflow/example_dags/example_external_task_marker_dag.py
[2024-01-30T21:53:55.425+0000] {processor.py:840} INFO - DAG(s) 'example_external_task_marker_child', 'example_external_task_marker_parent' retrieved from /home/airflow/.local/lib/python3.8/site-packages/airflow/example_dags/example_external_task_marker_dag.py
[2024-01-30T21:53:55.470+0000] {logging_mixin.py:188} INFO - [2024-01-30T21:53:55.470+0000] {dag.py:3036} INFO - Sync 2 DAGs
[2024-01-30T21:53:55.810+0000] {logging_mixin.py:188} INFO - [2024-01-30T21:53:55.809+0000] {dag.py:3823} INFO - Setting next_dagrun for example_external_task_marker_child to None, run_after=None
[2024-01-30T21:53:55.941+0000] {logging_mixin.py:188} INFO - [2024-01-30T21:53:55.940+0000] {dag.py:3823} INFO - Setting next_dagrun for example_external_task_marker_parent to None, run_after=None
[2024-01-30T21:53:56.324+0000] {processor.py:183} INFO - Processing /home/airflow/.local/lib/python3.8/site-packages/airflow/example_dags/example_external_task_marker_dag.py took 0.929 seconds
[2024-01-30T21:54:34.363+0000] {processor.py:161} INFO - Started process (PID=192) to work on /home/airflow/.local/lib/python3.8/site-packages/airflow/example_dags/example_external_task_marker_dag.py
[2024-01-30T21:54:34.364+0000] {processor.py:830} INFO - Processing file /home/airflow/.local/lib/python3.8/site-packages/airflow/example_dags/example_external_task_marker_dag.py for tasks to queue
[2024-01-30T21:54:34.367+0000] {logging_mixin.py:188} INFO - [2024-01-30T21:54:34.367+0000] {dagbag.py:538} INFO - Filling up the DagBag from /home/airflow/.local/lib/python3.8/site-packages/airflow/example_dags/example_external_task_marker_dag.py
[2024-01-30T21:54:34.374+0000] {processor.py:840} INFO - DAG(s) 'example_external_task_marker_child', 'example_external_task_marker_parent' retrieved from /home/airflow/.local/lib/python3.8/site-packages/airflow/example_dags/example_external_task_marker_dag.py
[2024-01-30T21:54:34.414+0000] {logging_mixin.py:188} INFO - [2024-01-30T21:54:34.413+0000] {dag.py:3036} INFO - Sync 2 DAGs
[2024-01-30T21:54:34.433+0000] {logging_mixin.py:188} INFO - [2024-01-30T21:54:34.432+0000] {dag.py:3823} INFO - Setting next_dagrun for example_external_task_marker_child to None, run_after=None
[2024-01-30T21:54:34.439+0000] {logging_mixin.py:188} INFO - [2024-01-30T21:54:34.438+0000] {dag.py:3823} INFO - Setting next_dagrun for example_external_task_marker_parent to None, run_after=None
[2024-01-30T21:54:34.473+0000] {processor.py:183} INFO - Processing /home/airflow/.local/lib/python3.8/site-packages/airflow/example_dags/example_external_task_marker_dag.py took 0.115 seconds
[2024-01-30T21:55:05.487+0000] {processor.py:161} INFO - Started process (PID=247) to work on /home/airflow/.local/lib/python3.8/site-packages/airflow/example_dags/example_external_task_marker_dag.py
[2024-01-30T21:55:05.488+0000] {processor.py:830} INFO - Processing file /home/airflow/.local/lib/python3.8/site-packages/airflow/example_dags/example_external_task_marker_dag.py for tasks to queue
[2024-01-30T21:55:05.492+0000] {logging_mixin.py:188} INFO - [2024-01-30T21:55:05.491+0000] {dagbag.py:538} INFO - Filling up the DagBag from /home/airflow/.local/lib/python3.8/site-packages/airflow/example_dags/example_external_task_marker_dag.py
[2024-01-30T21:55:05.500+0000] {processor.py:840} INFO - DAG(s) 'example_external_task_marker_parent', 'example_external_task_marker_child' retrieved from /home/airflow/.local/lib/python3.8/site-packages/airflow/example_dags/example_external_task_marker_dag.py
[2024-01-30T21:55:05.535+0000] {logging_mixin.py:188} INFO - [2024-01-30T21:55:05.534+0000] {dag.py:3036} INFO - Sync 2 DAGs
[2024-01-30T21:55:05.553+0000] {logging_mixin.py:188} INFO - [2024-01-30T21:55:05.553+0000] {dag.py:3823} INFO - Setting next_dagrun for example_external_task_marker_child to None, run_after=None
[2024-01-30T21:55:05.561+0000] {logging_mixin.py:188} INFO - [2024-01-30T21:55:05.561+0000] {dag.py:3823} INFO - Setting next_dagrun for example_external_task_marker_parent to None, run_after=None
[2024-01-30T21:55:05.595+0000] {processor.py:183} INFO - Processing /home/airflow/.local/lib/python3.8/site-packages/airflow/example_dags/example_external_task_marker_dag.py took 0.113 seconds
[2024-01-30T21:55:35.765+0000] {processor.py:161} INFO - Started process (PID=302) to work on /home/airflow/.local/lib/python3.8/site-packages/airflow/example_dags/example_external_task_marker_dag.py
[2024-01-30T21:55:35.766+0000] {processor.py:830} INFO - Processing file /home/airflow/.local/lib/python3.8/site-packages/airflow/example_dags/example_external_task_marker_dag.py for tasks to queue
[2024-01-30T21:55:35.768+0000] {logging_mixin.py:188} INFO - [2024-01-30T21:55:35.768+0000] {dagbag.py:538} INFO - Filling up the DagBag from /home/airflow/.local/lib/python3.8/site-packages/airflow/example_dags/example_external_task_marker_dag.py
[2024-01-30T21:55:35.774+0000] {processor.py:840} INFO - DAG(s) 'example_external_task_marker_child', 'example_external_task_marker_parent' retrieved from /home/airflow/.local/lib/python3.8/site-packages/airflow/example_dags/example_external_task_marker_dag.py
[2024-01-30T21:55:35.800+0000] {logging_mixin.py:188} INFO - [2024-01-30T21:55:35.800+0000] {dag.py:3036} INFO - Sync 2 DAGs
[2024-01-30T21:55:35.813+0000] {logging_mixin.py:188} INFO - [2024-01-30T21:55:35.813+0000] {dag.py:3823} INFO - Setting next_dagrun for example_external_task_marker_child to None, run_after=None
[2024-01-30T21:55:35.817+0000] {logging_mixin.py:188} INFO - [2024-01-30T21:55:35.817+0000] {dag.py:3823} INFO - Setting next_dagrun for example_external_task_marker_parent to None, run_after=None
[2024-01-30T21:55:35.843+0000] {processor.py:183} INFO - Processing /home/airflow/.local/lib/python3.8/site-packages/airflow/example_dags/example_external_task_marker_dag.py took 0.080 seconds
[2024-01-30T21:56:05.953+0000] {processor.py:161} INFO - Started process (PID=357) to work on /home/airflow/.local/lib/python3.8/site-packages/airflow/example_dags/example_external_task_marker_dag.py
[2024-01-30T21:56:05.954+0000] {processor.py:830} INFO - Processing file /home/airflow/.local/lib/python3.8/site-packages/airflow/example_dags/example_external_task_marker_dag.py for tasks to queue
[2024-01-30T21:56:05.958+0000] {logging_mixin.py:188} INFO - [2024-01-30T21:56:05.957+0000] {dagbag.py:538} INFO - Filling up the DagBag from /home/airflow/.local/lib/python3.8/site-packages/airflow/example_dags/example_external_task_marker_dag.py
[2024-01-30T21:56:05.964+0000] {processor.py:840} INFO - DAG(s) 'example_external_task_marker_child', 'example_external_task_marker_parent' retrieved from /home/airflow/.local/lib/python3.8/site-packages/airflow/example_dags/example_external_task_marker_dag.py
[2024-01-30T21:56:05.994+0000] {logging_mixin.py:188} INFO - [2024-01-30T21:56:05.993+0000] {dag.py:3036} INFO - Sync 2 DAGs
[2024-01-30T21:56:06.006+0000] {logging_mixin.py:188} INFO - [2024-01-30T21:56:06.006+0000] {dag.py:3823} INFO - Setting next_dagrun for example_external_task_marker_child to None, run_after=None
[2024-01-30T21:56:06.011+0000] {logging_mixin.py:188} INFO - [2024-01-30T21:56:06.010+0000] {dag.py:3823} INFO - Setting next_dagrun for example_external_task_marker_parent to None, run_after=None
[2024-01-30T21:56:06.035+0000] {processor.py:183} INFO - Processing /home/airflow/.local/lib/python3.8/site-packages/airflow/example_dags/example_external_task_marker_dag.py took 0.085 seconds
[2024-01-30T21:56:36.171+0000] {processor.py:161} INFO - Started process (PID=412) to work on /home/airflow/.local/lib/python3.8/site-packages/airflow/example_dags/example_external_task_marker_dag.py
[2024-01-30T21:56:36.172+0000] {processor.py:830} INFO - Processing file /home/airflow/.local/lib/python3.8/site-packages/airflow/example_dags/example_external_task_marker_dag.py for tasks to queue
[2024-01-30T21:56:36.174+0000] {logging_mixin.py:188} INFO - [2024-01-30T21:56:36.174+0000] {dagbag.py:538} INFO - Filling up the DagBag from /home/airflow/.local/lib/python3.8/site-packages/airflow/example_dags/example_external_task_marker_dag.py
[2024-01-30T21:56:36.180+0000] {processor.py:840} INFO - DAG(s) 'example_external_task_marker_parent', 'example_external_task_marker_child' retrieved from /home/airflow/.local/lib/python3.8/site-packages/airflow/example_dags/example_external_task_marker_dag.py
[2024-01-30T21:56:36.216+0000] {logging_mixin.py:188} INFO - [2024-01-30T21:56:36.215+0000] {dag.py:3036} INFO - Sync 2 DAGs
[2024-01-30T21:56:36.236+0000] {logging_mixin.py:188} INFO - [2024-01-30T21:56:36.236+0000] {dag.py:3823} INFO - Setting next_dagrun for example_external_task_marker_child to None, run_after=None
[2024-01-30T21:56:36.242+0000] {logging_mixin.py:188} INFO - [2024-01-30T21:56:36.242+0000] {dag.py:3823} INFO - Setting next_dagrun for example_external_task_marker_parent to None, run_after=None
[2024-01-30T21:56:36.272+0000] {processor.py:183} INFO - Processing /home/airflow/.local/lib/python3.8/site-packages/airflow/example_dags/example_external_task_marker_dag.py took 0.104 seconds
[2024-01-30T21:57:06.398+0000] {processor.py:161} INFO - Started process (PID=467) to work on /home/airflow/.local/lib/python3.8/site-packages/airflow/example_dags/example_external_task_marker_dag.py
[2024-01-30T21:57:06.399+0000] {processor.py:830} INFO - Processing file /home/airflow/.local/lib/python3.8/site-packages/airflow/example_dags/example_external_task_marker_dag.py for tasks to queue
[2024-01-30T21:57:06.402+0000] {logging_mixin.py:188} INFO - [2024-01-30T21:57:06.402+0000] {dagbag.py:538} INFO - Filling up the DagBag from /home/airflow/.local/lib/python3.8/site-packages/airflow/example_dags/example_external_task_marker_dag.py
[2024-01-30T21:57:06.409+0000] {processor.py:840} INFO - DAG(s) 'example_external_task_marker_child', 'example_external_task_marker_parent' retrieved from /home/airflow/.local/lib/python3.8/site-packages/airflow/example_dags/example_external_task_marker_dag.py
[2024-01-30T21:57:06.440+0000] {logging_mixin.py:188} INFO - [2024-01-30T21:57:06.440+0000] {dag.py:3036} INFO - Sync 2 DAGs
[2024-01-30T21:57:06.455+0000] {logging_mixin.py:188} INFO - [2024-01-30T21:57:06.455+0000] {dag.py:3823} INFO - Setting next_dagrun for example_external_task_marker_child to None, run_after=None
[2024-01-30T21:57:06.460+0000] {logging_mixin.py:188} INFO - [2024-01-30T21:57:06.460+0000] {dag.py:3823} INFO - Setting next_dagrun for example_external_task_marker_parent to None, run_after=None
[2024-01-30T21:57:06.488+0000] {processor.py:183} INFO - Processing /home/airflow/.local/lib/python3.8/site-packages/airflow/example_dags/example_external_task_marker_dag.py took 0.094 seconds
[2024-01-30T21:57:36.910+0000] {processor.py:161} INFO - Started process (PID=522) to work on /home/airflow/.local/lib/python3.8/site-packages/airflow/example_dags/example_external_task_marker_dag.py
[2024-01-30T21:57:36.912+0000] {processor.py:830} INFO - Processing file /home/airflow/.local/lib/python3.8/site-packages/airflow/example_dags/example_external_task_marker_dag.py for tasks to queue
[2024-01-30T21:57:36.914+0000] {logging_mixin.py:188} INFO - [2024-01-30T21:57:36.913+0000] {dagbag.py:538} INFO - Filling up the DagBag from /home/airflow/.local/lib/python3.8/site-packages/airflow/example_dags/example_external_task_marker_dag.py
[2024-01-30T21:57:36.922+0000] {processor.py:840} INFO - DAG(s) 'example_external_task_marker_child', 'example_external_task_marker_parent' retrieved from /home/airflow/.local/lib/python3.8/site-packages/airflow/example_dags/example_external_task_marker_dag.py
[2024-01-30T21:57:36.955+0000] {logging_mixin.py:188} INFO - [2024-01-30T21:57:36.954+0000] {dag.py:3036} INFO - Sync 2 DAGs
[2024-01-30T21:57:36.971+0000] {logging_mixin.py:188} INFO - [2024-01-30T21:57:36.971+0000] {dag.py:3823} INFO - Setting next_dagrun for example_external_task_marker_child to None, run_after=None
[2024-01-30T21:57:36.976+0000] {logging_mixin.py:188} INFO - [2024-01-30T21:57:36.976+0000] {dag.py:3823} INFO - Setting next_dagrun for example_external_task_marker_parent to None, run_after=None
[2024-01-30T21:57:37.011+0000] {processor.py:183} INFO - Processing /home/airflow/.local/lib/python3.8/site-packages/airflow/example_dags/example_external_task_marker_dag.py took 0.105 seconds
[2024-01-30T21:58:11.794+0000] {processor.py:161} INFO - Started process (PID=582) to work on /home/airflow/.local/lib/python3.8/site-packages/airflow/example_dags/example_external_task_marker_dag.py
[2024-01-30T21:58:11.795+0000] {processor.py:830} INFO - Processing file /home/airflow/.local/lib/python3.8/site-packages/airflow/example_dags/example_external_task_marker_dag.py for tasks to queue
[2024-01-30T21:58:11.797+0000] {logging_mixin.py:188} INFO - [2024-01-30T21:58:11.796+0000] {dagbag.py:538} INFO - Filling up the DagBag from /home/airflow/.local/lib/python3.8/site-packages/airflow/example_dags/example_external_task_marker_dag.py
[2024-01-30T21:58:11.804+0000] {processor.py:840} INFO - DAG(s) 'example_external_task_marker_child', 'example_external_task_marker_parent' retrieved from /home/airflow/.local/lib/python3.8/site-packages/airflow/example_dags/example_external_task_marker_dag.py
[2024-01-30T21:58:11.836+0000] {logging_mixin.py:188} INFO - [2024-01-30T21:58:11.836+0000] {dag.py:3036} INFO - Sync 2 DAGs
[2024-01-30T21:58:11.852+0000] {logging_mixin.py:188} INFO - [2024-01-30T21:58:11.852+0000] {dag.py:3823} INFO - Setting next_dagrun for example_external_task_marker_child to None, run_after=None
[2024-01-30T21:58:11.859+0000] {logging_mixin.py:188} INFO - [2024-01-30T21:58:11.858+0000] {dag.py:3823} INFO - Setting next_dagrun for example_external_task_marker_parent to None, run_after=None
[2024-01-30T21:58:11.888+0000] {processor.py:183} INFO - Processing /home/airflow/.local/lib/python3.8/site-packages/airflow/example_dags/example_external_task_marker_dag.py took 0.098 seconds
[2024-01-30T21:58:43.202+0000] {processor.py:161} INFO - Started process (PID=639) to work on /home/airflow/.local/lib/python3.8/site-packages/airflow/example_dags/example_external_task_marker_dag.py
[2024-01-30T21:58:43.203+0000] {processor.py:830} INFO - Processing file /home/airflow/.local/lib/python3.8/site-packages/airflow/example_dags/example_external_task_marker_dag.py for tasks to queue
[2024-01-30T21:58:43.205+0000] {logging_mixin.py:188} INFO - [2024-01-30T21:58:43.204+0000] {dagbag.py:538} INFO - Filling up the DagBag from /home/airflow/.local/lib/python3.8/site-packages/airflow/example_dags/example_external_task_marker_dag.py
[2024-01-30T21:58:43.213+0000] {processor.py:840} INFO - DAG(s) 'example_external_task_marker_parent', 'example_external_task_marker_child' retrieved from /home/airflow/.local/lib/python3.8/site-packages/airflow/example_dags/example_external_task_marker_dag.py
[2024-01-30T21:58:43.248+0000] {logging_mixin.py:188} INFO - [2024-01-30T21:58:43.248+0000] {dag.py:3036} INFO - Sync 2 DAGs
[2024-01-30T21:58:43.268+0000] {logging_mixin.py:188} INFO - [2024-01-30T21:58:43.268+0000] {dag.py:3823} INFO - Setting next_dagrun for example_external_task_marker_child to None, run_after=None
[2024-01-30T21:58:43.274+0000] {logging_mixin.py:188} INFO - [2024-01-30T21:58:43.273+0000] {dag.py:3823} INFO - Setting next_dagrun for example_external_task_marker_parent to None, run_after=None
[2024-01-30T21:58:43.305+0000] {processor.py:183} INFO - Processing /home/airflow/.local/lib/python3.8/site-packages/airflow/example_dags/example_external_task_marker_dag.py took 0.107 seconds
[2024-01-30T21:59:13.689+0000] {processor.py:161} INFO - Started process (PID=698) to work on /home/airflow/.local/lib/python3.8/site-packages/airflow/example_dags/example_external_task_marker_dag.py
[2024-01-30T21:59:13.690+0000] {processor.py:830} INFO - Processing file /home/airflow/.local/lib/python3.8/site-packages/airflow/example_dags/example_external_task_marker_dag.py for tasks to queue
[2024-01-30T21:59:13.693+0000] {logging_mixin.py:188} INFO - [2024-01-30T21:59:13.692+0000] {dagbag.py:538} INFO - Filling up the DagBag from /home/airflow/.local/lib/python3.8/site-packages/airflow/example_dags/example_external_task_marker_dag.py
[2024-01-30T21:59:13.699+0000] {processor.py:840} INFO - DAG(s) 'example_external_task_marker_child', 'example_external_task_marker_parent' retrieved from /home/airflow/.local/lib/python3.8/site-packages/airflow/example_dags/example_external_task_marker_dag.py
[2024-01-30T21:59:13.727+0000] {logging_mixin.py:188} INFO - [2024-01-30T21:59:13.727+0000] {dag.py:3036} INFO - Sync 2 DAGs
[2024-01-30T21:59:13.742+0000] {logging_mixin.py:188} INFO - [2024-01-30T21:59:13.742+0000] {dag.py:3823} INFO - Setting next_dagrun for example_external_task_marker_child to None, run_after=None
[2024-01-30T21:59:13.748+0000] {logging_mixin.py:188} INFO - [2024-01-30T21:59:13.748+0000] {dag.py:3823} INFO - Setting next_dagrun for example_external_task_marker_parent to None, run_after=None
[2024-01-30T21:59:13.776+0000] {processor.py:183} INFO - Processing /home/airflow/.local/lib/python3.8/site-packages/airflow/example_dags/example_external_task_marker_dag.py took 0.089 seconds
[2024-01-30T21:59:44.224+0000] {processor.py:161} INFO - Started process (PID=759) to work on /home/airflow/.local/lib/python3.8/site-packages/airflow/example_dags/example_external_task_marker_dag.py
[2024-01-30T21:59:44.225+0000] {processor.py:830} INFO - Processing file /home/airflow/.local/lib/python3.8/site-packages/airflow/example_dags/example_external_task_marker_dag.py for tasks to queue
[2024-01-30T21:59:44.226+0000] {logging_mixin.py:188} INFO - [2024-01-30T21:59:44.226+0000] {dagbag.py:538} INFO - Filling up the DagBag from /home/airflow/.local/lib/python3.8/site-packages/airflow/example_dags/example_external_task_marker_dag.py
[2024-01-30T21:59:44.233+0000] {processor.py:840} INFO - DAG(s) 'example_external_task_marker_parent', 'example_external_task_marker_child' retrieved from /home/airflow/.local/lib/python3.8/site-packages/airflow/example_dags/example_external_task_marker_dag.py
[2024-01-30T21:59:44.261+0000] {logging_mixin.py:188} INFO - [2024-01-30T21:59:44.261+0000] {dag.py:3036} INFO - Sync 2 DAGs
[2024-01-30T21:59:44.276+0000] {logging_mixin.py:188} INFO - [2024-01-30T21:59:44.275+0000] {dag.py:3823} INFO - Setting next_dagrun for example_external_task_marker_child to None, run_after=None
[2024-01-30T21:59:44.280+0000] {logging_mixin.py:188} INFO - [2024-01-30T21:59:44.280+0000] {dag.py:3823} INFO - Setting next_dagrun for example_external_task_marker_parent to None, run_after=None
[2024-01-30T21:59:44.305+0000] {processor.py:183} INFO - Processing /home/airflow/.local/lib/python3.8/site-packages/airflow/example_dags/example_external_task_marker_dag.py took 0.084 seconds
[2024-01-30T22:00:14.614+0000] {processor.py:161} INFO - Started process (PID=821) to work on /home/airflow/.local/lib/python3.8/site-packages/airflow/example_dags/example_external_task_marker_dag.py
[2024-01-30T22:00:14.619+0000] {processor.py:830} INFO - Processing file /home/airflow/.local/lib/python3.8/site-packages/airflow/example_dags/example_external_task_marker_dag.py for tasks to queue
[2024-01-30T22:00:14.623+0000] {logging_mixin.py:188} INFO - [2024-01-30T22:00:14.622+0000] {dagbag.py:538} INFO - Filling up the DagBag from /home/airflow/.local/lib/python3.8/site-packages/airflow/example_dags/example_external_task_marker_dag.py
[2024-01-30T22:00:14.637+0000] {processor.py:840} INFO - DAG(s) 'example_external_task_marker_parent', 'example_external_task_marker_child' retrieved from /home/airflow/.local/lib/python3.8/site-packages/airflow/example_dags/example_external_task_marker_dag.py
[2024-01-30T22:00:14.699+0000] {logging_mixin.py:188} INFO - [2024-01-30T22:00:14.698+0000] {dag.py:3036} INFO - Sync 2 DAGs
[2024-01-30T22:00:14.738+0000] {logging_mixin.py:188} INFO - [2024-01-30T22:00:14.737+0000] {dag.py:3823} INFO - Setting next_dagrun for example_external_task_marker_child to None, run_after=None
[2024-01-30T22:00:14.748+0000] {logging_mixin.py:188} INFO - [2024-01-30T22:00:14.748+0000] {dag.py:3823} INFO - Setting next_dagrun for example_external_task_marker_parent to None, run_after=None
[2024-01-30T22:00:14.797+0000] {processor.py:183} INFO - Processing /home/airflow/.local/lib/python3.8/site-packages/airflow/example_dags/example_external_task_marker_dag.py took 0.186 seconds
[2024-01-30T22:00:45.617+0000] {processor.py:161} INFO - Started process (PID=886) to work on /home/airflow/.local/lib/python3.8/site-packages/airflow/example_dags/example_external_task_marker_dag.py
[2024-01-30T22:00:45.618+0000] {processor.py:830} INFO - Processing file /home/airflow/.local/lib/python3.8/site-packages/airflow/example_dags/example_external_task_marker_dag.py for tasks to queue
[2024-01-30T22:00:45.619+0000] {logging_mixin.py:188} INFO - [2024-01-30T22:00:45.619+0000] {dagbag.py:538} INFO - Filling up the DagBag from /home/airflow/.local/lib/python3.8/site-packages/airflow/example_dags/example_external_task_marker_dag.py
[2024-01-30T22:00:45.626+0000] {processor.py:840} INFO - DAG(s) 'example_external_task_marker_parent', 'example_external_task_marker_child' retrieved from /home/airflow/.local/lib/python3.8/site-packages/airflow/example_dags/example_external_task_marker_dag.py
[2024-01-30T22:00:45.653+0000] {logging_mixin.py:188} INFO - [2024-01-30T22:00:45.653+0000] {dag.py:3036} INFO - Sync 2 DAGs
[2024-01-30T22:00:45.667+0000] {logging_mixin.py:188} INFO - [2024-01-30T22:00:45.667+0000] {dag.py:3823} INFO - Setting next_dagrun for example_external_task_marker_child to None, run_after=None
[2024-01-30T22:00:45.673+0000] {logging_mixin.py:188} INFO - [2024-01-30T22:00:45.672+0000] {dag.py:3823} INFO - Setting next_dagrun for example_external_task_marker_parent to None, run_after=None
[2024-01-30T22:00:45.697+0000] {processor.py:183} INFO - Processing /home/airflow/.local/lib/python3.8/site-packages/airflow/example_dags/example_external_task_marker_dag.py took 0.083 seconds
[2024-01-30T22:01:16.859+0000] {processor.py:161} INFO - Started process (PID=943) to work on /home/airflow/.local/lib/python3.8/site-packages/airflow/example_dags/example_external_task_marker_dag.py
[2024-01-30T22:01:16.861+0000] {processor.py:830} INFO - Processing file /home/airflow/.local/lib/python3.8/site-packages/airflow/example_dags/example_external_task_marker_dag.py for tasks to queue
[2024-01-30T22:01:16.863+0000] {logging_mixin.py:188} INFO - [2024-01-30T22:01:16.862+0000] {dagbag.py:538} INFO - Filling up the DagBag from /home/airflow/.local/lib/python3.8/site-packages/airflow/example_dags/example_external_task_marker_dag.py
[2024-01-30T22:01:16.870+0000] {processor.py:840} INFO - DAG(s) 'example_external_task_marker_child', 'example_external_task_marker_parent' retrieved from /home/airflow/.local/lib/python3.8/site-packages/airflow/example_dags/example_external_task_marker_dag.py
[2024-01-30T22:01:16.905+0000] {logging_mixin.py:188} INFO - [2024-01-30T22:01:16.905+0000] {dag.py:3036} INFO - Sync 2 DAGs
[2024-01-30T22:01:16.921+0000] {logging_mixin.py:188} INFO - [2024-01-30T22:01:16.921+0000] {dag.py:3823} INFO - Setting next_dagrun for example_external_task_marker_child to None, run_after=None
[2024-01-30T22:01:16.927+0000] {logging_mixin.py:188} INFO - [2024-01-30T22:01:16.927+0000] {dag.py:3823} INFO - Setting next_dagrun for example_external_task_marker_parent to None, run_after=None
[2024-01-30T22:01:16.958+0000] {processor.py:183} INFO - Processing /home/airflow/.local/lib/python3.8/site-packages/airflow/example_dags/example_external_task_marker_dag.py took 0.102 seconds
[2024-01-30T22:01:47.070+0000] {processor.py:161} INFO - Started process (PID=1001) to work on /home/airflow/.local/lib/python3.8/site-packages/airflow/example_dags/example_external_task_marker_dag.py
[2024-01-30T22:01:47.071+0000] {processor.py:830} INFO - Processing file /home/airflow/.local/lib/python3.8/site-packages/airflow/example_dags/example_external_task_marker_dag.py for tasks to queue
[2024-01-30T22:01:47.073+0000] {logging_mixin.py:188} INFO - [2024-01-30T22:01:47.072+0000] {dagbag.py:538} INFO - Filling up the DagBag from /home/airflow/.local/lib/python3.8/site-packages/airflow/example_dags/example_external_task_marker_dag.py
[2024-01-30T22:01:47.081+0000] {processor.py:840} INFO - DAG(s) 'example_external_task_marker_parent', 'example_external_task_marker_child' retrieved from /home/airflow/.local/lib/python3.8/site-packages/airflow/example_dags/example_external_task_marker_dag.py
[2024-01-30T22:01:47.111+0000] {logging_mixin.py:188} INFO - [2024-01-30T22:01:47.111+0000] {dag.py:3036} INFO - Sync 2 DAGs
[2024-01-30T22:01:47.128+0000] {logging_mixin.py:188} INFO - [2024-01-30T22:01:47.127+0000] {dag.py:3823} INFO - Setting next_dagrun for example_external_task_marker_child to None, run_after=None
[2024-01-30T22:01:47.132+0000] {logging_mixin.py:188} INFO - [2024-01-30T22:01:47.132+0000] {dag.py:3823} INFO - Setting next_dagrun for example_external_task_marker_parent to None, run_after=None
[2024-01-30T22:01:47.163+0000] {processor.py:183} INFO - Processing /home/airflow/.local/lib/python3.8/site-packages/airflow/example_dags/example_external_task_marker_dag.py took 0.097 seconds
[2024-01-30T22:02:17.822+0000] {processor.py:161} INFO - Started process (PID=1059) to work on /home/airflow/.local/lib/python3.8/site-packages/airflow/example_dags/example_external_task_marker_dag.py
[2024-01-30T22:02:17.824+0000] {processor.py:830} INFO - Processing file /home/airflow/.local/lib/python3.8/site-packages/airflow/example_dags/example_external_task_marker_dag.py for tasks to queue
[2024-01-30T22:02:17.825+0000] {logging_mixin.py:188} INFO - [2024-01-30T22:02:17.824+0000] {dagbag.py:538} INFO - Filling up the DagBag from /home/airflow/.local/lib/python3.8/site-packages/airflow/example_dags/example_external_task_marker_dag.py
[2024-01-30T22:02:17.832+0000] {processor.py:840} INFO - DAG(s) 'example_external_task_marker_parent', 'example_external_task_marker_child' retrieved from /home/airflow/.local/lib/python3.8/site-packages/airflow/example_dags/example_external_task_marker_dag.py
[2024-01-30T22:02:17.861+0000] {logging_mixin.py:188} INFO - [2024-01-30T22:02:17.860+0000] {dag.py:3036} INFO - Sync 2 DAGs
[2024-01-30T22:02:17.874+0000] {logging_mixin.py:188} INFO - [2024-01-30T22:02:17.874+0000] {dag.py:3823} INFO - Setting next_dagrun for example_external_task_marker_child to None, run_after=None
[2024-01-30T22:02:17.879+0000] {logging_mixin.py:188} INFO - [2024-01-30T22:02:17.878+0000] {dag.py:3823} INFO - Setting next_dagrun for example_external_task_marker_parent to None, run_after=None
[2024-01-30T22:02:17.907+0000] {processor.py:183} INFO - Processing /home/airflow/.local/lib/python3.8/site-packages/airflow/example_dags/example_external_task_marker_dag.py took 0.087 seconds
[2024-01-30T22:02:51.477+0000] {processor.py:161} INFO - Started process (PID=1123) to work on /home/airflow/.local/lib/python3.8/site-packages/airflow/example_dags/example_external_task_marker_dag.py
[2024-01-30T22:02:51.478+0000] {processor.py:830} INFO - Processing file /home/airflow/.local/lib/python3.8/site-packages/airflow/example_dags/example_external_task_marker_dag.py for tasks to queue
[2024-01-30T22:02:51.480+0000] {logging_mixin.py:188} INFO - [2024-01-30T22:02:51.480+0000] {dagbag.py:538} INFO - Filling up the DagBag from /home/airflow/.local/lib/python3.8/site-packages/airflow/example_dags/example_external_task_marker_dag.py
[2024-01-30T22:02:51.487+0000] {processor.py:840} INFO - DAG(s) 'example_external_task_marker_child', 'example_external_task_marker_parent' retrieved from /home/airflow/.local/lib/python3.8/site-packages/airflow/example_dags/example_external_task_marker_dag.py
[2024-01-30T22:02:51.518+0000] {logging_mixin.py:188} INFO - [2024-01-30T22:02:51.517+0000] {dag.py:3036} INFO - Sync 2 DAGs
[2024-01-30T22:02:51.533+0000] {logging_mixin.py:188} INFO - [2024-01-30T22:02:51.533+0000] {dag.py:3823} INFO - Setting next_dagrun for example_external_task_marker_child to None, run_after=None
[2024-01-30T22:02:51.538+0000] {logging_mixin.py:188} INFO - [2024-01-30T22:02:51.538+0000] {dag.py:3823} INFO - Setting next_dagrun for example_external_task_marker_parent to None, run_after=None
[2024-01-30T22:02:51.563+0000] {processor.py:183} INFO - Processing /home/airflow/.local/lib/python3.8/site-packages/airflow/example_dags/example_external_task_marker_dag.py took 0.089 seconds
[2024-01-30T22:03:23.513+0000] {processor.py:161} INFO - Started process (PID=1185) to work on /home/airflow/.local/lib/python3.8/site-packages/airflow/example_dags/example_external_task_marker_dag.py
[2024-01-30T22:03:23.514+0000] {processor.py:830} INFO - Processing file /home/airflow/.local/lib/python3.8/site-packages/airflow/example_dags/example_external_task_marker_dag.py for tasks to queue
[2024-01-30T22:03:23.516+0000] {logging_mixin.py:188} INFO - [2024-01-30T22:03:23.516+0000] {dagbag.py:538} INFO - Filling up the DagBag from /home/airflow/.local/lib/python3.8/site-packages/airflow/example_dags/example_external_task_marker_dag.py
[2024-01-30T22:03:23.523+0000] {processor.py:840} INFO - DAG(s) 'example_external_task_marker_parent', 'example_external_task_marker_child' retrieved from /home/airflow/.local/lib/python3.8/site-packages/airflow/example_dags/example_external_task_marker_dag.py
[2024-01-30T22:03:23.559+0000] {logging_mixin.py:188} INFO - [2024-01-30T22:03:23.558+0000] {dag.py:3036} INFO - Sync 2 DAGs
[2024-01-30T22:03:23.576+0000] {logging_mixin.py:188} INFO - [2024-01-30T22:03:23.575+0000] {dag.py:3823} INFO - Setting next_dagrun for example_external_task_marker_child to None, run_after=None
[2024-01-30T22:03:23.581+0000] {logging_mixin.py:188} INFO - [2024-01-30T22:03:23.581+0000] {dag.py:3823} INFO - Setting next_dagrun for example_external_task_marker_parent to None, run_after=None
[2024-01-30T22:03:23.621+0000] {processor.py:183} INFO - Processing /home/airflow/.local/lib/python3.8/site-packages/airflow/example_dags/example_external_task_marker_dag.py took 0.112 seconds
[2024-01-30T22:03:53.876+0000] {processor.py:161} INFO - Started process (PID=1246) to work on /home/airflow/.local/lib/python3.8/site-packages/airflow/example_dags/example_external_task_marker_dag.py
[2024-01-30T22:03:53.877+0000] {processor.py:830} INFO - Processing file /home/airflow/.local/lib/python3.8/site-packages/airflow/example_dags/example_external_task_marker_dag.py for tasks to queue
[2024-01-30T22:03:53.879+0000] {logging_mixin.py:188} INFO - [2024-01-30T22:03:53.879+0000] {dagbag.py:538} INFO - Filling up the DagBag from /home/airflow/.local/lib/python3.8/site-packages/airflow/example_dags/example_external_task_marker_dag.py
[2024-01-30T22:03:53.886+0000] {processor.py:840} INFO - DAG(s) 'example_external_task_marker_child', 'example_external_task_marker_parent' retrieved from /home/airflow/.local/lib/python3.8/site-packages/airflow/example_dags/example_external_task_marker_dag.py
[2024-01-30T22:03:53.917+0000] {logging_mixin.py:188} INFO - [2024-01-30T22:03:53.917+0000] {dag.py:3036} INFO - Sync 2 DAGs
[2024-01-30T22:03:53.933+0000] {logging_mixin.py:188} INFO - [2024-01-30T22:03:53.933+0000] {dag.py:3823} INFO - Setting next_dagrun for example_external_task_marker_child to None, run_after=None
[2024-01-30T22:03:53.939+0000] {logging_mixin.py:188} INFO - [2024-01-30T22:03:53.939+0000] {dag.py:3823} INFO - Setting next_dagrun for example_external_task_marker_parent to None, run_after=None
[2024-01-30T22:03:53.968+0000] {processor.py:183} INFO - Processing /home/airflow/.local/lib/python3.8/site-packages/airflow/example_dags/example_external_task_marker_dag.py took 0.096 seconds
[2024-01-30T22:04:24.731+0000] {processor.py:161} INFO - Started process (PID=1303) to work on /home/airflow/.local/lib/python3.8/site-packages/airflow/example_dags/example_external_task_marker_dag.py
[2024-01-30T22:04:24.732+0000] {processor.py:830} INFO - Processing file /home/airflow/.local/lib/python3.8/site-packages/airflow/example_dags/example_external_task_marker_dag.py for tasks to queue
[2024-01-30T22:04:24.734+0000] {logging_mixin.py:188} INFO - [2024-01-30T22:04:24.734+0000] {dagbag.py:538} INFO - Filling up the DagBag from /home/airflow/.local/lib/python3.8/site-packages/airflow/example_dags/example_external_task_marker_dag.py
[2024-01-30T22:04:24.741+0000] {processor.py:840} INFO - DAG(s) 'example_external_task_marker_child', 'example_external_task_marker_parent' retrieved from /home/airflow/.local/lib/python3.8/site-packages/airflow/example_dags/example_external_task_marker_dag.py
[2024-01-30T22:04:24.774+0000] {logging_mixin.py:188} INFO - [2024-01-30T22:04:24.774+0000] {dag.py:3036} INFO - Sync 2 DAGs
[2024-01-30T22:04:24.789+0000] {logging_mixin.py:188} INFO - [2024-01-30T22:04:24.788+0000] {dag.py:3823} INFO - Setting next_dagrun for example_external_task_marker_child to None, run_after=None
[2024-01-30T22:04:24.794+0000] {logging_mixin.py:188} INFO - [2024-01-30T22:04:24.793+0000] {dag.py:3823} INFO - Setting next_dagrun for example_external_task_marker_parent to None, run_after=None
[2024-01-30T22:04:24.819+0000] {processor.py:183} INFO - Processing /home/airflow/.local/lib/python3.8/site-packages/airflow/example_dags/example_external_task_marker_dag.py took 0.091 seconds
[2024-01-30T22:04:54.918+0000] {processor.py:161} INFO - Started process (PID=1360) to work on /home/airflow/.local/lib/python3.8/site-packages/airflow/example_dags/example_external_task_marker_dag.py
[2024-01-30T22:04:54.919+0000] {processor.py:830} INFO - Processing file /home/airflow/.local/lib/python3.8/site-packages/airflow/example_dags/example_external_task_marker_dag.py for tasks to queue
[2024-01-30T22:04:54.920+0000] {logging_mixin.py:188} INFO - [2024-01-30T22:04:54.920+0000] {dagbag.py:538} INFO - Filling up the DagBag from /home/airflow/.local/lib/python3.8/site-packages/airflow/example_dags/example_external_task_marker_dag.py
[2024-01-30T22:04:54.926+0000] {processor.py:840} INFO - DAG(s) 'example_external_task_marker_child', 'example_external_task_marker_parent' retrieved from /home/airflow/.local/lib/python3.8/site-packages/airflow/example_dags/example_external_task_marker_dag.py
[2024-01-30T22:04:54.951+0000] {logging_mixin.py:188} INFO - [2024-01-30T22:04:54.951+0000] {dag.py:3036} INFO - Sync 2 DAGs
[2024-01-30T22:04:54.965+0000] {logging_mixin.py:188} INFO - [2024-01-30T22:04:54.965+0000] {dag.py:3823} INFO - Setting next_dagrun for example_external_task_marker_child to None, run_after=None
[2024-01-30T22:04:54.970+0000] {logging_mixin.py:188} INFO - [2024-01-30T22:04:54.969+0000] {dag.py:3823} INFO - Setting next_dagrun for example_external_task_marker_parent to None, run_after=None
[2024-01-30T22:04:54.996+0000] {processor.py:183} INFO - Processing /home/airflow/.local/lib/python3.8/site-packages/airflow/example_dags/example_external_task_marker_dag.py took 0.081 seconds
[2024-01-30T22:05:25.576+0000] {processor.py:161} INFO - Started process (PID=1417) to work on /home/airflow/.local/lib/python3.8/site-packages/airflow/example_dags/example_external_task_marker_dag.py
[2024-01-30T22:05:25.578+0000] {processor.py:830} INFO - Processing file /home/airflow/.local/lib/python3.8/site-packages/airflow/example_dags/example_external_task_marker_dag.py for tasks to queue
[2024-01-30T22:05:25.579+0000] {logging_mixin.py:188} INFO - [2024-01-30T22:05:25.579+0000] {dagbag.py:538} INFO - Filling up the DagBag from /home/airflow/.local/lib/python3.8/site-packages/airflow/example_dags/example_external_task_marker_dag.py
[2024-01-30T22:05:25.584+0000] {processor.py:840} INFO - DAG(s) 'example_external_task_marker_child', 'example_external_task_marker_parent' retrieved from /home/airflow/.local/lib/python3.8/site-packages/airflow/example_dags/example_external_task_marker_dag.py
[2024-01-30T22:05:25.612+0000] {logging_mixin.py:188} INFO - [2024-01-30T22:05:25.612+0000] {dag.py:3036} INFO - Sync 2 DAGs
[2024-01-30T22:05:25.626+0000] {logging_mixin.py:188} INFO - [2024-01-30T22:05:25.625+0000] {dag.py:3823} INFO - Setting next_dagrun for example_external_task_marker_child to None, run_after=None
[2024-01-30T22:05:25.632+0000] {logging_mixin.py:188} INFO - [2024-01-30T22:05:25.631+0000] {dag.py:3823} INFO - Setting next_dagrun for example_external_task_marker_parent to None, run_after=None
[2024-01-30T22:05:25.656+0000] {processor.py:183} INFO - Processing /home/airflow/.local/lib/python3.8/site-packages/airflow/example_dags/example_external_task_marker_dag.py took 0.082 seconds
[2024-01-30T22:06:04.194+0000] {processor.py:161} INFO - Started process (PID=1477) to work on /home/airflow/.local/lib/python3.8/site-packages/airflow/example_dags/example_external_task_marker_dag.py
[2024-01-30T22:06:04.195+0000] {processor.py:830} INFO - Processing file /home/airflow/.local/lib/python3.8/site-packages/airflow/example_dags/example_external_task_marker_dag.py for tasks to queue
[2024-01-30T22:06:04.197+0000] {logging_mixin.py:188} INFO - [2024-01-30T22:06:04.196+0000] {dagbag.py:538} INFO - Filling up the DagBag from /home/airflow/.local/lib/python3.8/site-packages/airflow/example_dags/example_external_task_marker_dag.py
[2024-01-30T22:06:04.204+0000] {processor.py:840} INFO - DAG(s) 'example_external_task_marker_child', 'example_external_task_marker_parent' retrieved from /home/airflow/.local/lib/python3.8/site-packages/airflow/example_dags/example_external_task_marker_dag.py
[2024-01-30T22:06:04.236+0000] {logging_mixin.py:188} INFO - [2024-01-30T22:06:04.235+0000] {dag.py:3036} INFO - Sync 2 DAGs
[2024-01-30T22:06:04.251+0000] {logging_mixin.py:188} INFO - [2024-01-30T22:06:04.250+0000] {dag.py:3823} INFO - Setting next_dagrun for example_external_task_marker_child to None, run_after=None
[2024-01-30T22:06:04.257+0000] {logging_mixin.py:188} INFO - [2024-01-30T22:06:04.257+0000] {dag.py:3823} INFO - Setting next_dagrun for example_external_task_marker_parent to None, run_after=None
[2024-01-30T22:06:04.286+0000] {processor.py:183} INFO - Processing /home/airflow/.local/lib/python3.8/site-packages/airflow/example_dags/example_external_task_marker_dag.py took 0.096 seconds
[2024-01-30T22:06:35.316+0000] {processor.py:161} INFO - Started process (PID=1534) to work on /home/airflow/.local/lib/python3.8/site-packages/airflow/example_dags/example_external_task_marker_dag.py
[2024-01-30T22:06:35.318+0000] {processor.py:830} INFO - Processing file /home/airflow/.local/lib/python3.8/site-packages/airflow/example_dags/example_external_task_marker_dag.py for tasks to queue
[2024-01-30T22:06:35.319+0000] {logging_mixin.py:188} INFO - [2024-01-30T22:06:35.319+0000] {dagbag.py:538} INFO - Filling up the DagBag from /home/airflow/.local/lib/python3.8/site-packages/airflow/example_dags/example_external_task_marker_dag.py
[2024-01-30T22:06:35.326+0000] {processor.py:840} INFO - DAG(s) 'example_external_task_marker_parent', 'example_external_task_marker_child' retrieved from /home/airflow/.local/lib/python3.8/site-packages/airflow/example_dags/example_external_task_marker_dag.py
[2024-01-30T22:06:35.363+0000] {logging_mixin.py:188} INFO - [2024-01-30T22:06:35.363+0000] {dag.py:3036} INFO - Sync 2 DAGs
[2024-01-30T22:06:35.379+0000] {logging_mixin.py:188} INFO - [2024-01-30T22:06:35.379+0000] {dag.py:3823} INFO - Setting next_dagrun for example_external_task_marker_child to None, run_after=None
[2024-01-30T22:06:35.384+0000] {logging_mixin.py:188} INFO - [2024-01-30T22:06:35.384+0000] {dag.py:3823} INFO - Setting next_dagrun for example_external_task_marker_parent to None, run_after=None
[2024-01-30T22:06:35.412+0000] {processor.py:183} INFO - Processing /home/airflow/.local/lib/python3.8/site-packages/airflow/example_dags/example_external_task_marker_dag.py took 0.098 seconds
[2024-01-30T22:07:06.517+0000] {processor.py:161} INFO - Started process (PID=1591) to work on /home/airflow/.local/lib/python3.8/site-packages/airflow/example_dags/example_external_task_marker_dag.py
[2024-01-30T22:07:06.519+0000] {processor.py:830} INFO - Processing file /home/airflow/.local/lib/python3.8/site-packages/airflow/example_dags/example_external_task_marker_dag.py for tasks to queue
[2024-01-30T22:07:06.520+0000] {logging_mixin.py:188} INFO - [2024-01-30T22:07:06.520+0000] {dagbag.py:538} INFO - Filling up the DagBag from /home/airflow/.local/lib/python3.8/site-packages/airflow/example_dags/example_external_task_marker_dag.py
[2024-01-30T22:07:06.527+0000] {processor.py:840} INFO - DAG(s) 'example_external_task_marker_child', 'example_external_task_marker_parent' retrieved from /home/airflow/.local/lib/python3.8/site-packages/airflow/example_dags/example_external_task_marker_dag.py
[2024-01-30T22:07:06.561+0000] {logging_mixin.py:188} INFO - [2024-01-30T22:07:06.561+0000] {dag.py:3036} INFO - Sync 2 DAGs
[2024-01-30T22:07:06.577+0000] {logging_mixin.py:188} INFO - [2024-01-30T22:07:06.577+0000] {dag.py:3823} INFO - Setting next_dagrun for example_external_task_marker_child to None, run_after=None
[2024-01-30T22:07:06.584+0000] {logging_mixin.py:188} INFO - [2024-01-30T22:07:06.583+0000] {dag.py:3823} INFO - Setting next_dagrun for example_external_task_marker_parent to None, run_after=None
[2024-01-30T22:07:06.615+0000] {processor.py:183} INFO - Processing /home/airflow/.local/lib/python3.8/site-packages/airflow/example_dags/example_external_task_marker_dag.py took 0.101 seconds
[2024-01-30T22:07:37.133+0000] {processor.py:161} INFO - Started process (PID=1649) to work on /home/airflow/.local/lib/python3.8/site-packages/airflow/example_dags/example_external_task_marker_dag.py
[2024-01-30T22:07:37.134+0000] {processor.py:830} INFO - Processing file /home/airflow/.local/lib/python3.8/site-packages/airflow/example_dags/example_external_task_marker_dag.py for tasks to queue
[2024-01-30T22:07:37.136+0000] {logging_mixin.py:188} INFO - [2024-01-30T22:07:37.135+0000] {dagbag.py:538} INFO - Filling up the DagBag from /home/airflow/.local/lib/python3.8/site-packages/airflow/example_dags/example_external_task_marker_dag.py
[2024-01-30T22:07:37.141+0000] {processor.py:840} INFO - DAG(s) 'example_external_task_marker_parent', 'example_external_task_marker_child' retrieved from /home/airflow/.local/lib/python3.8/site-packages/airflow/example_dags/example_external_task_marker_dag.py
[2024-01-30T22:07:37.171+0000] {logging_mixin.py:188} INFO - [2024-01-30T22:07:37.171+0000] {dag.py:3036} INFO - Sync 2 DAGs
[2024-01-30T22:07:37.187+0000] {logging_mixin.py:188} INFO - [2024-01-30T22:07:37.186+0000] {dag.py:3823} INFO - Setting next_dagrun for example_external_task_marker_child to None, run_after=None
[2024-01-30T22:07:37.193+0000] {logging_mixin.py:188} INFO - [2024-01-30T22:07:37.193+0000] {dag.py:3823} INFO - Setting next_dagrun for example_external_task_marker_parent to None, run_after=None
[2024-01-30T22:07:37.222+0000] {processor.py:183} INFO - Processing /home/airflow/.local/lib/python3.8/site-packages/airflow/example_dags/example_external_task_marker_dag.py took 0.093 seconds
[2024-01-30T22:08:07.947+0000] {processor.py:161} INFO - Started process (PID=1706) to work on /home/airflow/.local/lib/python3.8/site-packages/airflow/example_dags/example_external_task_marker_dag.py
[2024-01-30T22:08:07.948+0000] {processor.py:830} INFO - Processing file /home/airflow/.local/lib/python3.8/site-packages/airflow/example_dags/example_external_task_marker_dag.py for tasks to queue
[2024-01-30T22:08:07.950+0000] {logging_mixin.py:188} INFO - [2024-01-30T22:08:07.950+0000] {dagbag.py:538} INFO - Filling up the DagBag from /home/airflow/.local/lib/python3.8/site-packages/airflow/example_dags/example_external_task_marker_dag.py
[2024-01-30T22:08:07.958+0000] {processor.py:840} INFO - DAG(s) 'example_external_task_marker_child', 'example_external_task_marker_parent' retrieved from /home/airflow/.local/lib/python3.8/site-packages/airflow/example_dags/example_external_task_marker_dag.py
[2024-01-30T22:08:08.002+0000] {logging_mixin.py:188} INFO - [2024-01-30T22:08:08.001+0000] {dag.py:3036} INFO - Sync 2 DAGs
[2024-01-30T22:08:08.023+0000] {logging_mixin.py:188} INFO - [2024-01-30T22:08:08.023+0000] {dag.py:3823} INFO - Setting next_dagrun for example_external_task_marker_child to None, run_after=None
[2024-01-30T22:08:08.029+0000] {logging_mixin.py:188} INFO - [2024-01-30T22:08:08.029+0000] {dag.py:3823} INFO - Setting next_dagrun for example_external_task_marker_parent to None, run_after=None
[2024-01-30T22:08:08.068+0000] {processor.py:183} INFO - Processing /home/airflow/.local/lib/python3.8/site-packages/airflow/example_dags/example_external_task_marker_dag.py took 0.127 seconds
[2024-01-30T22:08:38.113+0000] {processor.py:161} INFO - Started process (PID=1763) to work on /home/airflow/.local/lib/python3.8/site-packages/airflow/example_dags/example_external_task_marker_dag.py
[2024-01-30T22:08:38.115+0000] {processor.py:830} INFO - Processing file /home/airflow/.local/lib/python3.8/site-packages/airflow/example_dags/example_external_task_marker_dag.py for tasks to queue
[2024-01-30T22:08:38.116+0000] {logging_mixin.py:188} INFO - [2024-01-30T22:08:38.115+0000] {dagbag.py:538} INFO - Filling up the DagBag from /home/airflow/.local/lib/python3.8/site-packages/airflow/example_dags/example_external_task_marker_dag.py
[2024-01-30T22:08:38.122+0000] {processor.py:840} INFO - DAG(s) 'example_external_task_marker_child', 'example_external_task_marker_parent' retrieved from /home/airflow/.local/lib/python3.8/site-packages/airflow/example_dags/example_external_task_marker_dag.py
[2024-01-30T22:08:38.151+0000] {logging_mixin.py:188} INFO - [2024-01-30T22:08:38.151+0000] {dag.py:3036} INFO - Sync 2 DAGs
[2024-01-30T22:08:38.168+0000] {logging_mixin.py:188} INFO - [2024-01-30T22:08:38.167+0000] {dag.py:3823} INFO - Setting next_dagrun for example_external_task_marker_child to None, run_after=None
[2024-01-30T22:08:38.174+0000] {logging_mixin.py:188} INFO - [2024-01-30T22:08:38.173+0000] {dag.py:3823} INFO - Setting next_dagrun for example_external_task_marker_parent to None, run_after=None
[2024-01-30T22:08:38.209+0000] {processor.py:183} INFO - Processing /home/airflow/.local/lib/python3.8/site-packages/airflow/example_dags/example_external_task_marker_dag.py took 0.099 seconds
[2024-01-30T22:09:08.894+0000] {processor.py:161} INFO - Started process (PID=1820) to work on /home/airflow/.local/lib/python3.8/site-packages/airflow/example_dags/example_external_task_marker_dag.py
[2024-01-30T22:09:08.896+0000] {processor.py:830} INFO - Processing file /home/airflow/.local/lib/python3.8/site-packages/airflow/example_dags/example_external_task_marker_dag.py for tasks to queue
[2024-01-30T22:09:08.899+0000] {logging_mixin.py:188} INFO - [2024-01-30T22:09:08.898+0000] {dagbag.py:538} INFO - Filling up the DagBag from /home/airflow/.local/lib/python3.8/site-packages/airflow/example_dags/example_external_task_marker_dag.py
[2024-01-30T22:09:08.908+0000] {processor.py:840} INFO - DAG(s) 'example_external_task_marker_parent', 'example_external_task_marker_child' retrieved from /home/airflow/.local/lib/python3.8/site-packages/airflow/example_dags/example_external_task_marker_dag.py
[2024-01-30T22:09:08.933+0000] {logging_mixin.py:188} INFO - [2024-01-30T22:09:08.933+0000] {dag.py:3036} INFO - Sync 2 DAGs
[2024-01-30T22:09:08.972+0000] {logging_mixin.py:188} INFO - [2024-01-30T22:09:08.972+0000] {dag.py:3823} INFO - Setting next_dagrun for example_external_task_marker_child to None, run_after=None
[2024-01-30T22:09:08.980+0000] {logging_mixin.py:188} INFO - [2024-01-30T22:09:08.979+0000] {dag.py:3823} INFO - Setting next_dagrun for example_external_task_marker_parent to None, run_after=None
[2024-01-30T22:09:09.034+0000] {processor.py:183} INFO - Processing /home/airflow/.local/lib/python3.8/site-packages/airflow/example_dags/example_external_task_marker_dag.py took 0.143 seconds
[2024-01-30T22:09:40.052+0000] {processor.py:161} INFO - Started process (PID=1877) to work on /home/airflow/.local/lib/python3.8/site-packages/airflow/example_dags/example_external_task_marker_dag.py
[2024-01-30T22:09:40.054+0000] {processor.py:830} INFO - Processing file /home/airflow/.local/lib/python3.8/site-packages/airflow/example_dags/example_external_task_marker_dag.py for tasks to queue
[2024-01-30T22:09:40.055+0000] {logging_mixin.py:188} INFO - [2024-01-30T22:09:40.055+0000] {dagbag.py:538} INFO - Filling up the DagBag from /home/airflow/.local/lib/python3.8/site-packages/airflow/example_dags/example_external_task_marker_dag.py
[2024-01-30T22:09:40.062+0000] {processor.py:840} INFO - DAG(s) 'example_external_task_marker_parent', 'example_external_task_marker_child' retrieved from /home/airflow/.local/lib/python3.8/site-packages/airflow/example_dags/example_external_task_marker_dag.py
[2024-01-30T22:09:40.197+0000] {logging_mixin.py:188} INFO - [2024-01-30T22:09:40.196+0000] {dag.py:3036} INFO - Sync 2 DAGs
[2024-01-30T22:09:40.210+0000] {logging_mixin.py:188} INFO - [2024-01-30T22:09:40.210+0000] {dag.py:3823} INFO - Setting next_dagrun for example_external_task_marker_child to None, run_after=None
[2024-01-30T22:09:40.214+0000] {logging_mixin.py:188} INFO - [2024-01-30T22:09:40.214+0000] {dag.py:3823} INFO - Setting next_dagrun for example_external_task_marker_parent to None, run_after=None
[2024-01-30T22:09:40.243+0000] {processor.py:183} INFO - Processing /home/airflow/.local/lib/python3.8/site-packages/airflow/example_dags/example_external_task_marker_dag.py took 0.195 seconds
[2024-01-30T22:10:10.795+0000] {processor.py:161} INFO - Started process (PID=1934) to work on /home/airflow/.local/lib/python3.8/site-packages/airflow/example_dags/example_external_task_marker_dag.py
[2024-01-30T22:10:10.797+0000] {processor.py:830} INFO - Processing file /home/airflow/.local/lib/python3.8/site-packages/airflow/example_dags/example_external_task_marker_dag.py for tasks to queue
[2024-01-30T22:10:10.799+0000] {logging_mixin.py:188} INFO - [2024-01-30T22:10:10.799+0000] {dagbag.py:538} INFO - Filling up the DagBag from /home/airflow/.local/lib/python3.8/site-packages/airflow/example_dags/example_external_task_marker_dag.py
[2024-01-30T22:10:10.808+0000] {processor.py:840} INFO - DAG(s) 'example_external_task_marker_child', 'example_external_task_marker_parent' retrieved from /home/airflow/.local/lib/python3.8/site-packages/airflow/example_dags/example_external_task_marker_dag.py
[2024-01-30T22:10:10.842+0000] {logging_mixin.py:188} INFO - [2024-01-30T22:10:10.842+0000] {dag.py:3036} INFO - Sync 2 DAGs
[2024-01-30T22:10:10.861+0000] {logging_mixin.py:188} INFO - [2024-01-30T22:10:10.861+0000] {dag.py:3823} INFO - Setting next_dagrun for example_external_task_marker_child to None, run_after=None
[2024-01-30T22:10:10.867+0000] {logging_mixin.py:188} INFO - [2024-01-30T22:10:10.867+0000] {dag.py:3823} INFO - Setting next_dagrun for example_external_task_marker_parent to None, run_after=None
[2024-01-30T22:10:10.896+0000] {processor.py:183} INFO - Processing /home/airflow/.local/lib/python3.8/site-packages/airflow/example_dags/example_external_task_marker_dag.py took 0.104 seconds
[2024-01-30T22:10:41.540+0000] {processor.py:161} INFO - Started process (PID=1991) to work on /home/airflow/.local/lib/python3.8/site-packages/airflow/example_dags/example_external_task_marker_dag.py
[2024-01-30T22:10:41.541+0000] {processor.py:830} INFO - Processing file /home/airflow/.local/lib/python3.8/site-packages/airflow/example_dags/example_external_task_marker_dag.py for tasks to queue
[2024-01-30T22:10:41.543+0000] {logging_mixin.py:188} INFO - [2024-01-30T22:10:41.542+0000] {dagbag.py:538} INFO - Filling up the DagBag from /home/airflow/.local/lib/python3.8/site-packages/airflow/example_dags/example_external_task_marker_dag.py
[2024-01-30T22:10:41.551+0000] {processor.py:840} INFO - DAG(s) 'example_external_task_marker_parent', 'example_external_task_marker_child' retrieved from /home/airflow/.local/lib/python3.8/site-packages/airflow/example_dags/example_external_task_marker_dag.py
[2024-01-30T22:10:41.582+0000] {logging_mixin.py:188} INFO - [2024-01-30T22:10:41.582+0000] {dag.py:3036} INFO - Sync 2 DAGs
[2024-01-30T22:10:41.596+0000] {logging_mixin.py:188} INFO - [2024-01-30T22:10:41.596+0000] {dag.py:3823} INFO - Setting next_dagrun for example_external_task_marker_child to None, run_after=None
[2024-01-30T22:10:41.601+0000] {logging_mixin.py:188} INFO - [2024-01-30T22:10:41.601+0000] {dag.py:3823} INFO - Setting next_dagrun for example_external_task_marker_parent to None, run_after=None
[2024-01-30T22:10:41.625+0000] {processor.py:183} INFO - Processing /home/airflow/.local/lib/python3.8/site-packages/airflow/example_dags/example_external_task_marker_dag.py took 0.087 seconds
[2024-01-30T22:11:12.380+0000] {processor.py:161} INFO - Started process (PID=2048) to work on /home/airflow/.local/lib/python3.8/site-packages/airflow/example_dags/example_external_task_marker_dag.py
[2024-01-30T22:11:12.382+0000] {processor.py:830} INFO - Processing file /home/airflow/.local/lib/python3.8/site-packages/airflow/example_dags/example_external_task_marker_dag.py for tasks to queue
[2024-01-30T22:11:12.383+0000] {logging_mixin.py:188} INFO - [2024-01-30T22:11:12.383+0000] {dagbag.py:538} INFO - Filling up the DagBag from /home/airflow/.local/lib/python3.8/site-packages/airflow/example_dags/example_external_task_marker_dag.py
[2024-01-30T22:11:12.390+0000] {processor.py:840} INFO - DAG(s) 'example_external_task_marker_child', 'example_external_task_marker_parent' retrieved from /home/airflow/.local/lib/python3.8/site-packages/airflow/example_dags/example_external_task_marker_dag.py
[2024-01-30T22:11:12.421+0000] {logging_mixin.py:188} INFO - [2024-01-30T22:11:12.421+0000] {dag.py:3036} INFO - Sync 2 DAGs
[2024-01-30T22:11:12.439+0000] {logging_mixin.py:188} INFO - [2024-01-30T22:11:12.439+0000] {dag.py:3823} INFO - Setting next_dagrun for example_external_task_marker_child to None, run_after=None
[2024-01-30T22:11:12.446+0000] {logging_mixin.py:188} INFO - [2024-01-30T22:11:12.446+0000] {dag.py:3823} INFO - Setting next_dagrun for example_external_task_marker_parent to None, run_after=None
[2024-01-30T22:11:12.474+0000] {processor.py:183} INFO - Processing /home/airflow/.local/lib/python3.8/site-packages/airflow/example_dags/example_external_task_marker_dag.py took 0.097 seconds
[2024-01-30T22:11:42.827+0000] {processor.py:161} INFO - Started process (PID=2105) to work on /home/airflow/.local/lib/python3.8/site-packages/airflow/example_dags/example_external_task_marker_dag.py
[2024-01-30T22:11:42.829+0000] {processor.py:830} INFO - Processing file /home/airflow/.local/lib/python3.8/site-packages/airflow/example_dags/example_external_task_marker_dag.py for tasks to queue
[2024-01-30T22:11:42.830+0000] {logging_mixin.py:188} INFO - [2024-01-30T22:11:42.830+0000] {dagbag.py:538} INFO - Filling up the DagBag from /home/airflow/.local/lib/python3.8/site-packages/airflow/example_dags/example_external_task_marker_dag.py
[2024-01-30T22:11:42.836+0000] {processor.py:840} INFO - DAG(s) 'example_external_task_marker_parent', 'example_external_task_marker_child' retrieved from /home/airflow/.local/lib/python3.8/site-packages/airflow/example_dags/example_external_task_marker_dag.py
[2024-01-30T22:11:42.867+0000] {logging_mixin.py:188} INFO - [2024-01-30T22:11:42.867+0000] {dag.py:3036} INFO - Sync 2 DAGs
[2024-01-30T22:11:42.885+0000] {logging_mixin.py:188} INFO - [2024-01-30T22:11:42.884+0000] {dag.py:3823} INFO - Setting next_dagrun for example_external_task_marker_child to None, run_after=None
[2024-01-30T22:11:42.890+0000] {logging_mixin.py:188} INFO - [2024-01-30T22:11:42.890+0000] {dag.py:3823} INFO - Setting next_dagrun for example_external_task_marker_parent to None, run_after=None
[2024-01-30T22:11:42.920+0000] {processor.py:183} INFO - Processing /home/airflow/.local/lib/python3.8/site-packages/airflow/example_dags/example_external_task_marker_dag.py took 0.095 seconds
[2024-01-30T22:12:13.659+0000] {processor.py:161} INFO - Started process (PID=2162) to work on /home/airflow/.local/lib/python3.8/site-packages/airflow/example_dags/example_external_task_marker_dag.py
[2024-01-30T22:12:13.661+0000] {processor.py:830} INFO - Processing file /home/airflow/.local/lib/python3.8/site-packages/airflow/example_dags/example_external_task_marker_dag.py for tasks to queue
[2024-01-30T22:12:13.663+0000] {logging_mixin.py:188} INFO - [2024-01-30T22:12:13.662+0000] {dagbag.py:538} INFO - Filling up the DagBag from /home/airflow/.local/lib/python3.8/site-packages/airflow/example_dags/example_external_task_marker_dag.py
[2024-01-30T22:12:13.670+0000] {processor.py:840} INFO - DAG(s) 'example_external_task_marker_child', 'example_external_task_marker_parent' retrieved from /home/airflow/.local/lib/python3.8/site-packages/airflow/example_dags/example_external_task_marker_dag.py
[2024-01-30T22:12:13.709+0000] {logging_mixin.py:188} INFO - [2024-01-30T22:12:13.708+0000] {dag.py:3036} INFO - Sync 2 DAGs
[2024-01-30T22:12:13.728+0000] {logging_mixin.py:188} INFO - [2024-01-30T22:12:13.728+0000] {dag.py:3823} INFO - Setting next_dagrun for example_external_task_marker_child to None, run_after=None
[2024-01-30T22:12:13.733+0000] {logging_mixin.py:188} INFO - [2024-01-30T22:12:13.733+0000] {dag.py:3823} INFO - Setting next_dagrun for example_external_task_marker_parent to None, run_after=None
[2024-01-30T22:12:13.762+0000] {processor.py:183} INFO - Processing /home/airflow/.local/lib/python3.8/site-packages/airflow/example_dags/example_external_task_marker_dag.py took 0.106 seconds
[2024-01-30T22:12:44.147+0000] {processor.py:161} INFO - Started process (PID=2219) to work on /home/airflow/.local/lib/python3.8/site-packages/airflow/example_dags/example_external_task_marker_dag.py
[2024-01-30T22:12:44.149+0000] {processor.py:830} INFO - Processing file /home/airflow/.local/lib/python3.8/site-packages/airflow/example_dags/example_external_task_marker_dag.py for tasks to queue
[2024-01-30T22:12:44.151+0000] {logging_mixin.py:188} INFO - [2024-01-30T22:12:44.150+0000] {dagbag.py:538} INFO - Filling up the DagBag from /home/airflow/.local/lib/python3.8/site-packages/airflow/example_dags/example_external_task_marker_dag.py
[2024-01-30T22:12:44.157+0000] {processor.py:840} INFO - DAG(s) 'example_external_task_marker_parent', 'example_external_task_marker_child' retrieved from /home/airflow/.local/lib/python3.8/site-packages/airflow/example_dags/example_external_task_marker_dag.py
[2024-01-30T22:12:44.187+0000] {logging_mixin.py:188} INFO - [2024-01-30T22:12:44.187+0000] {dag.py:3036} INFO - Sync 2 DAGs
[2024-01-30T22:12:44.204+0000] {logging_mixin.py:188} INFO - [2024-01-30T22:12:44.203+0000] {dag.py:3823} INFO - Setting next_dagrun for example_external_task_marker_child to None, run_after=None
[2024-01-30T22:12:44.209+0000] {logging_mixin.py:188} INFO - [2024-01-30T22:12:44.209+0000] {dag.py:3823} INFO - Setting next_dagrun for example_external_task_marker_parent to None, run_after=None
[2024-01-30T22:12:44.236+0000] {processor.py:183} INFO - Processing /home/airflow/.local/lib/python3.8/site-packages/airflow/example_dags/example_external_task_marker_dag.py took 0.092 seconds
[2024-01-30T22:13:15.077+0000] {processor.py:161} INFO - Started process (PID=2276) to work on /home/airflow/.local/lib/python3.8/site-packages/airflow/example_dags/example_external_task_marker_dag.py
[2024-01-30T22:13:15.079+0000] {processor.py:830} INFO - Processing file /home/airflow/.local/lib/python3.8/site-packages/airflow/example_dags/example_external_task_marker_dag.py for tasks to queue
[2024-01-30T22:13:15.081+0000] {logging_mixin.py:188} INFO - [2024-01-30T22:13:15.080+0000] {dagbag.py:538} INFO - Filling up the DagBag from /home/airflow/.local/lib/python3.8/site-packages/airflow/example_dags/example_external_task_marker_dag.py
[2024-01-30T22:13:15.087+0000] {processor.py:840} INFO - DAG(s) 'example_external_task_marker_child', 'example_external_task_marker_parent' retrieved from /home/airflow/.local/lib/python3.8/site-packages/airflow/example_dags/example_external_task_marker_dag.py
[2024-01-30T22:13:15.119+0000] {logging_mixin.py:188} INFO - [2024-01-30T22:13:15.118+0000] {dag.py:3036} INFO - Sync 2 DAGs
[2024-01-30T22:13:15.133+0000] {logging_mixin.py:188} INFO - [2024-01-30T22:13:15.133+0000] {dag.py:3823} INFO - Setting next_dagrun for example_external_task_marker_child to None, run_after=None
[2024-01-30T22:13:15.138+0000] {logging_mixin.py:188} INFO - [2024-01-30T22:13:15.138+0000] {dag.py:3823} INFO - Setting next_dagrun for example_external_task_marker_parent to None, run_after=None
[2024-01-30T22:13:15.169+0000] {processor.py:183} INFO - Processing /home/airflow/.local/lib/python3.8/site-packages/airflow/example_dags/example_external_task_marker_dag.py took 0.095 seconds
[2024-01-30T22:13:45.888+0000] {processor.py:161} INFO - Started process (PID=2333) to work on /home/airflow/.local/lib/python3.8/site-packages/airflow/example_dags/example_external_task_marker_dag.py
[2024-01-30T22:13:45.889+0000] {processor.py:830} INFO - Processing file /home/airflow/.local/lib/python3.8/site-packages/airflow/example_dags/example_external_task_marker_dag.py for tasks to queue
[2024-01-30T22:13:45.890+0000] {logging_mixin.py:188} INFO - [2024-01-30T22:13:45.890+0000] {dagbag.py:538} INFO - Filling up the DagBag from /home/airflow/.local/lib/python3.8/site-packages/airflow/example_dags/example_external_task_marker_dag.py
[2024-01-30T22:13:45.897+0000] {processor.py:840} INFO - DAG(s) 'example_external_task_marker_child', 'example_external_task_marker_parent' retrieved from /home/airflow/.local/lib/python3.8/site-packages/airflow/example_dags/example_external_task_marker_dag.py
[2024-01-30T22:13:45.925+0000] {logging_mixin.py:188} INFO - [2024-01-30T22:13:45.925+0000] {dag.py:3036} INFO - Sync 2 DAGs
[2024-01-30T22:13:45.938+0000] {logging_mixin.py:188} INFO - [2024-01-30T22:13:45.938+0000] {dag.py:3823} INFO - Setting next_dagrun for example_external_task_marker_child to None, run_after=None
[2024-01-30T22:13:45.945+0000] {logging_mixin.py:188} INFO - [2024-01-30T22:13:45.944+0000] {dag.py:3823} INFO - Setting next_dagrun for example_external_task_marker_parent to None, run_after=None
[2024-01-30T22:13:45.973+0000] {processor.py:183} INFO - Processing /home/airflow/.local/lib/python3.8/site-packages/airflow/example_dags/example_external_task_marker_dag.py took 0.088 seconds
[2024-01-30T22:14:21.386+0000] {processor.py:161} INFO - Started process (PID=2391) to work on /home/airflow/.local/lib/python3.8/site-packages/airflow/example_dags/example_external_task_marker_dag.py
[2024-01-30T22:14:21.387+0000] {processor.py:830} INFO - Processing file /home/airflow/.local/lib/python3.8/site-packages/airflow/example_dags/example_external_task_marker_dag.py for tasks to queue
[2024-01-30T22:14:21.388+0000] {logging_mixin.py:188} INFO - [2024-01-30T22:14:21.388+0000] {dagbag.py:538} INFO - Filling up the DagBag from /home/airflow/.local/lib/python3.8/site-packages/airflow/example_dags/example_external_task_marker_dag.py
[2024-01-30T22:14:21.395+0000] {processor.py:840} INFO - DAG(s) 'example_external_task_marker_child', 'example_external_task_marker_parent' retrieved from /home/airflow/.local/lib/python3.8/site-packages/airflow/example_dags/example_external_task_marker_dag.py
[2024-01-30T22:14:21.425+0000] {logging_mixin.py:188} INFO - [2024-01-30T22:14:21.425+0000] {dag.py:3036} INFO - Sync 2 DAGs
[2024-01-30T22:14:21.440+0000] {logging_mixin.py:188} INFO - [2024-01-30T22:14:21.439+0000] {dag.py:3823} INFO - Setting next_dagrun for example_external_task_marker_child to None, run_after=None
[2024-01-30T22:14:21.446+0000] {logging_mixin.py:188} INFO - [2024-01-30T22:14:21.445+0000] {dag.py:3823} INFO - Setting next_dagrun for example_external_task_marker_parent to None, run_after=None
[2024-01-30T22:14:21.474+0000] {processor.py:183} INFO - Processing /home/airflow/.local/lib/python3.8/site-packages/airflow/example_dags/example_external_task_marker_dag.py took 0.091 seconds
[2024-01-30T22:14:52.707+0000] {processor.py:161} INFO - Started process (PID=2451) to work on /home/airflow/.local/lib/python3.8/site-packages/airflow/example_dags/example_external_task_marker_dag.py
[2024-01-30T22:14:52.709+0000] {processor.py:830} INFO - Processing file /home/airflow/.local/lib/python3.8/site-packages/airflow/example_dags/example_external_task_marker_dag.py for tasks to queue
[2024-01-30T22:14:52.711+0000] {logging_mixin.py:188} INFO - [2024-01-30T22:14:52.710+0000] {dagbag.py:538} INFO - Filling up the DagBag from /home/airflow/.local/lib/python3.8/site-packages/airflow/example_dags/example_external_task_marker_dag.py
[2024-01-30T22:14:52.718+0000] {processor.py:840} INFO - DAG(s) 'example_external_task_marker_parent', 'example_external_task_marker_child' retrieved from /home/airflow/.local/lib/python3.8/site-packages/airflow/example_dags/example_external_task_marker_dag.py
[2024-01-30T22:14:52.754+0000] {logging_mixin.py:188} INFO - [2024-01-30T22:14:52.753+0000] {dag.py:3036} INFO - Sync 2 DAGs
[2024-01-30T22:14:52.770+0000] {logging_mixin.py:188} INFO - [2024-01-30T22:14:52.770+0000] {dag.py:3823} INFO - Setting next_dagrun for example_external_task_marker_child to None, run_after=None
[2024-01-30T22:14:52.776+0000] {logging_mixin.py:188} INFO - [2024-01-30T22:14:52.776+0000] {dag.py:3823} INFO - Setting next_dagrun for example_external_task_marker_parent to None, run_after=None
[2024-01-30T22:14:52.802+0000] {processor.py:183} INFO - Processing /home/airflow/.local/lib/python3.8/site-packages/airflow/example_dags/example_external_task_marker_dag.py took 0.098 seconds
[2024-01-30T22:15:23.911+0000] {processor.py:161} INFO - Started process (PID=2514) to work on /home/airflow/.local/lib/python3.8/site-packages/airflow/example_dags/example_external_task_marker_dag.py
[2024-01-30T22:15:23.913+0000] {processor.py:830} INFO - Processing file /home/airflow/.local/lib/python3.8/site-packages/airflow/example_dags/example_external_task_marker_dag.py for tasks to queue
[2024-01-30T22:15:23.916+0000] {logging_mixin.py:188} INFO - [2024-01-30T22:15:23.915+0000] {dagbag.py:538} INFO - Filling up the DagBag from /home/airflow/.local/lib/python3.8/site-packages/airflow/example_dags/example_external_task_marker_dag.py
[2024-01-30T22:15:23.932+0000] {processor.py:840} INFO - DAG(s) 'example_external_task_marker_child', 'example_external_task_marker_parent' retrieved from /home/airflow/.local/lib/python3.8/site-packages/airflow/example_dags/example_external_task_marker_dag.py
[2024-01-30T22:15:23.989+0000] {logging_mixin.py:188} INFO - [2024-01-30T22:15:23.988+0000] {dag.py:3036} INFO - Sync 2 DAGs
[2024-01-30T22:15:24.013+0000] {logging_mixin.py:188} INFO - [2024-01-30T22:15:24.012+0000] {dag.py:3823} INFO - Setting next_dagrun for example_external_task_marker_child to None, run_after=None
[2024-01-30T22:15:24.019+0000] {logging_mixin.py:188} INFO - [2024-01-30T22:15:24.019+0000] {dag.py:3823} INFO - Setting next_dagrun for example_external_task_marker_parent to None, run_after=None
[2024-01-30T22:15:24.063+0000] {processor.py:183} INFO - Processing /home/airflow/.local/lib/python3.8/site-packages/airflow/example_dags/example_external_task_marker_dag.py took 0.156 seconds
[2024-01-30T22:15:54.109+0000] {processor.py:161} INFO - Started process (PID=2576) to work on /home/airflow/.local/lib/python3.8/site-packages/airflow/example_dags/example_external_task_marker_dag.py
[2024-01-30T22:15:54.110+0000] {processor.py:830} INFO - Processing file /home/airflow/.local/lib/python3.8/site-packages/airflow/example_dags/example_external_task_marker_dag.py for tasks to queue
[2024-01-30T22:15:54.113+0000] {logging_mixin.py:188} INFO - [2024-01-30T22:15:54.112+0000] {dagbag.py:538} INFO - Filling up the DagBag from /home/airflow/.local/lib/python3.8/site-packages/airflow/example_dags/example_external_task_marker_dag.py
[2024-01-30T22:15:54.121+0000] {processor.py:840} INFO - DAG(s) 'example_external_task_marker_parent', 'example_external_task_marker_child' retrieved from /home/airflow/.local/lib/python3.8/site-packages/airflow/example_dags/example_external_task_marker_dag.py
[2024-01-30T22:15:54.168+0000] {logging_mixin.py:188} INFO - [2024-01-30T22:15:54.167+0000] {dag.py:3036} INFO - Sync 2 DAGs
[2024-01-30T22:15:54.192+0000] {logging_mixin.py:188} INFO - [2024-01-30T22:15:54.192+0000] {dag.py:3823} INFO - Setting next_dagrun for example_external_task_marker_child to None, run_after=None
[2024-01-30T22:15:54.202+0000] {logging_mixin.py:188} INFO - [2024-01-30T22:15:54.202+0000] {dag.py:3823} INFO - Setting next_dagrun for example_external_task_marker_parent to None, run_after=None
[2024-01-30T22:15:54.250+0000] {processor.py:183} INFO - Processing /home/airflow/.local/lib/python3.8/site-packages/airflow/example_dags/example_external_task_marker_dag.py took 0.145 seconds
[2024-01-30T22:16:24.491+0000] {processor.py:161} INFO - Started process (PID=2637) to work on /home/airflow/.local/lib/python3.8/site-packages/airflow/example_dags/example_external_task_marker_dag.py
[2024-01-30T22:16:24.493+0000] {processor.py:830} INFO - Processing file /home/airflow/.local/lib/python3.8/site-packages/airflow/example_dags/example_external_task_marker_dag.py for tasks to queue
[2024-01-30T22:16:24.495+0000] {logging_mixin.py:188} INFO - [2024-01-30T22:16:24.495+0000] {dagbag.py:538} INFO - Filling up the DagBag from /home/airflow/.local/lib/python3.8/site-packages/airflow/example_dags/example_external_task_marker_dag.py
[2024-01-30T22:16:24.503+0000] {processor.py:840} INFO - DAG(s) 'example_external_task_marker_parent', 'example_external_task_marker_child' retrieved from /home/airflow/.local/lib/python3.8/site-packages/airflow/example_dags/example_external_task_marker_dag.py
[2024-01-30T22:16:24.539+0000] {logging_mixin.py:188} INFO - [2024-01-30T22:16:24.538+0000] {dag.py:3036} INFO - Sync 2 DAGs
[2024-01-30T22:16:24.557+0000] {logging_mixin.py:188} INFO - [2024-01-30T22:16:24.557+0000] {dag.py:3823} INFO - Setting next_dagrun for example_external_task_marker_child to None, run_after=None
[2024-01-30T22:16:24.564+0000] {logging_mixin.py:188} INFO - [2024-01-30T22:16:24.564+0000] {dag.py:3823} INFO - Setting next_dagrun for example_external_task_marker_parent to None, run_after=None
[2024-01-30T22:16:24.596+0000] {processor.py:183} INFO - Processing /home/airflow/.local/lib/python3.8/site-packages/airflow/example_dags/example_external_task_marker_dag.py took 0.108 seconds
[2024-01-30T22:16:55.219+0000] {processor.py:161} INFO - Started process (PID=2692) to work on /home/airflow/.local/lib/python3.8/site-packages/airflow/example_dags/example_external_task_marker_dag.py
[2024-01-30T22:16:55.220+0000] {processor.py:830} INFO - Processing file /home/airflow/.local/lib/python3.8/site-packages/airflow/example_dags/example_external_task_marker_dag.py for tasks to queue
[2024-01-30T22:16:55.221+0000] {logging_mixin.py:188} INFO - [2024-01-30T22:16:55.221+0000] {dagbag.py:538} INFO - Filling up the DagBag from /home/airflow/.local/lib/python3.8/site-packages/airflow/example_dags/example_external_task_marker_dag.py
[2024-01-30T22:16:55.229+0000] {processor.py:840} INFO - DAG(s) 'example_external_task_marker_child', 'example_external_task_marker_parent' retrieved from /home/airflow/.local/lib/python3.8/site-packages/airflow/example_dags/example_external_task_marker_dag.py
[2024-01-30T22:16:55.256+0000] {logging_mixin.py:188} INFO - [2024-01-30T22:16:55.256+0000] {dag.py:3036} INFO - Sync 2 DAGs
[2024-01-30T22:16:55.269+0000] {logging_mixin.py:188} INFO - [2024-01-30T22:16:55.269+0000] {dag.py:3823} INFO - Setting next_dagrun for example_external_task_marker_child to None, run_after=None
[2024-01-30T22:16:55.275+0000] {logging_mixin.py:188} INFO - [2024-01-30T22:16:55.274+0000] {dag.py:3823} INFO - Setting next_dagrun for example_external_task_marker_parent to None, run_after=None
[2024-01-30T22:16:55.300+0000] {processor.py:183} INFO - Processing /home/airflow/.local/lib/python3.8/site-packages/airflow/example_dags/example_external_task_marker_dag.py took 0.084 seconds
[2024-01-30T22:17:27.939+0000] {processor.py:161} INFO - Started process (PID=2752) to work on /home/airflow/.local/lib/python3.8/site-packages/airflow/example_dags/example_external_task_marker_dag.py
[2024-01-30T22:17:27.941+0000] {processor.py:830} INFO - Processing file /home/airflow/.local/lib/python3.8/site-packages/airflow/example_dags/example_external_task_marker_dag.py for tasks to queue
[2024-01-30T22:17:27.942+0000] {logging_mixin.py:188} INFO - [2024-01-30T22:17:27.942+0000] {dagbag.py:538} INFO - Filling up the DagBag from /home/airflow/.local/lib/python3.8/site-packages/airflow/example_dags/example_external_task_marker_dag.py
[2024-01-30T22:17:27.949+0000] {processor.py:840} INFO - DAG(s) 'example_external_task_marker_parent', 'example_external_task_marker_child' retrieved from /home/airflow/.local/lib/python3.8/site-packages/airflow/example_dags/example_external_task_marker_dag.py
[2024-01-30T22:17:27.984+0000] {logging_mixin.py:188} INFO - [2024-01-30T22:17:27.983+0000] {dag.py:3036} INFO - Sync 2 DAGs
[2024-01-30T22:17:28.168+0000] {logging_mixin.py:188} INFO - [2024-01-30T22:17:28.167+0000] {dag.py:3823} INFO - Setting next_dagrun for example_external_task_marker_child to None, run_after=None
[2024-01-30T22:17:28.174+0000] {logging_mixin.py:188} INFO - [2024-01-30T22:17:28.174+0000] {dag.py:3823} INFO - Setting next_dagrun for example_external_task_marker_parent to None, run_after=None
[2024-01-30T22:17:28.205+0000] {processor.py:183} INFO - Processing /home/airflow/.local/lib/python3.8/site-packages/airflow/example_dags/example_external_task_marker_dag.py took 0.269 seconds
[2024-01-30T22:17:58.949+0000] {processor.py:161} INFO - Started process (PID=2809) to work on /home/airflow/.local/lib/python3.8/site-packages/airflow/example_dags/example_external_task_marker_dag.py
[2024-01-30T22:17:58.950+0000] {processor.py:830} INFO - Processing file /home/airflow/.local/lib/python3.8/site-packages/airflow/example_dags/example_external_task_marker_dag.py for tasks to queue
[2024-01-30T22:17:58.952+0000] {logging_mixin.py:188} INFO - [2024-01-30T22:17:58.952+0000] {dagbag.py:538} INFO - Filling up the DagBag from /home/airflow/.local/lib/python3.8/site-packages/airflow/example_dags/example_external_task_marker_dag.py
[2024-01-30T22:17:58.958+0000] {processor.py:840} INFO - DAG(s) 'example_external_task_marker_child', 'example_external_task_marker_parent' retrieved from /home/airflow/.local/lib/python3.8/site-packages/airflow/example_dags/example_external_task_marker_dag.py
[2024-01-30T22:17:58.988+0000] {logging_mixin.py:188} INFO - [2024-01-30T22:17:58.987+0000] {dag.py:3036} INFO - Sync 2 DAGs
[2024-01-30T22:17:59.002+0000] {logging_mixin.py:188} INFO - [2024-01-30T22:17:59.001+0000] {dag.py:3823} INFO - Setting next_dagrun for example_external_task_marker_child to None, run_after=None
[2024-01-30T22:17:59.007+0000] {logging_mixin.py:188} INFO - [2024-01-30T22:17:59.007+0000] {dag.py:3823} INFO - Setting next_dagrun for example_external_task_marker_parent to None, run_after=None
[2024-01-30T22:17:59.033+0000] {processor.py:183} INFO - Processing /home/airflow/.local/lib/python3.8/site-packages/airflow/example_dags/example_external_task_marker_dag.py took 0.087 seconds
[2024-01-30T22:18:29.309+0000] {processor.py:161} INFO - Started process (PID=2866) to work on /home/airflow/.local/lib/python3.8/site-packages/airflow/example_dags/example_external_task_marker_dag.py
[2024-01-30T22:18:29.311+0000] {processor.py:830} INFO - Processing file /home/airflow/.local/lib/python3.8/site-packages/airflow/example_dags/example_external_task_marker_dag.py for tasks to queue
[2024-01-30T22:18:29.313+0000] {logging_mixin.py:188} INFO - [2024-01-30T22:18:29.313+0000] {dagbag.py:538} INFO - Filling up the DagBag from /home/airflow/.local/lib/python3.8/site-packages/airflow/example_dags/example_external_task_marker_dag.py
[2024-01-30T22:18:29.320+0000] {processor.py:840} INFO - DAG(s) 'example_external_task_marker_child', 'example_external_task_marker_parent' retrieved from /home/airflow/.local/lib/python3.8/site-packages/airflow/example_dags/example_external_task_marker_dag.py
[2024-01-30T22:18:29.355+0000] {logging_mixin.py:188} INFO - [2024-01-30T22:18:29.355+0000] {dag.py:3036} INFO - Sync 2 DAGs
[2024-01-30T22:18:29.376+0000] {logging_mixin.py:188} INFO - [2024-01-30T22:18:29.375+0000] {dag.py:3823} INFO - Setting next_dagrun for example_external_task_marker_child to None, run_after=None
[2024-01-30T22:18:29.382+0000] {logging_mixin.py:188} INFO - [2024-01-30T22:18:29.382+0000] {dag.py:3823} INFO - Setting next_dagrun for example_external_task_marker_parent to None, run_after=None
[2024-01-30T22:18:29.409+0000] {processor.py:183} INFO - Processing /home/airflow/.local/lib/python3.8/site-packages/airflow/example_dags/example_external_task_marker_dag.py took 0.103 seconds
[2024-01-30T22:18:59.770+0000] {processor.py:161} INFO - Started process (PID=2923) to work on /home/airflow/.local/lib/python3.8/site-packages/airflow/example_dags/example_external_task_marker_dag.py
[2024-01-30T22:18:59.771+0000] {processor.py:830} INFO - Processing file /home/airflow/.local/lib/python3.8/site-packages/airflow/example_dags/example_external_task_marker_dag.py for tasks to queue
[2024-01-30T22:18:59.773+0000] {logging_mixin.py:188} INFO - [2024-01-30T22:18:59.772+0000] {dagbag.py:538} INFO - Filling up the DagBag from /home/airflow/.local/lib/python3.8/site-packages/airflow/example_dags/example_external_task_marker_dag.py
[2024-01-30T22:18:59.781+0000] {processor.py:840} INFO - DAG(s) 'example_external_task_marker_child', 'example_external_task_marker_parent' retrieved from /home/airflow/.local/lib/python3.8/site-packages/airflow/example_dags/example_external_task_marker_dag.py
[2024-01-30T22:18:59.811+0000] {logging_mixin.py:188} INFO - [2024-01-30T22:18:59.811+0000] {dag.py:3036} INFO - Sync 2 DAGs
[2024-01-30T22:18:59.827+0000] {logging_mixin.py:188} INFO - [2024-01-30T22:18:59.826+0000] {dag.py:3823} INFO - Setting next_dagrun for example_external_task_marker_child to None, run_after=None
[2024-01-30T22:18:59.833+0000] {logging_mixin.py:188} INFO - [2024-01-30T22:18:59.832+0000] {dag.py:3823} INFO - Setting next_dagrun for example_external_task_marker_parent to None, run_after=None
[2024-01-30T22:18:59.860+0000] {processor.py:183} INFO - Processing /home/airflow/.local/lib/python3.8/site-packages/airflow/example_dags/example_external_task_marker_dag.py took 0.093 seconds
[2024-01-30T22:19:32.494+0000] {processor.py:161} INFO - Started process (PID=2980) to work on /home/airflow/.local/lib/python3.8/site-packages/airflow/example_dags/example_external_task_marker_dag.py
[2024-01-30T22:19:32.496+0000] {processor.py:830} INFO - Processing file /home/airflow/.local/lib/python3.8/site-packages/airflow/example_dags/example_external_task_marker_dag.py for tasks to queue
[2024-01-30T22:19:32.497+0000] {logging_mixin.py:188} INFO - [2024-01-30T22:19:32.497+0000] {dagbag.py:538} INFO - Filling up the DagBag from /home/airflow/.local/lib/python3.8/site-packages/airflow/example_dags/example_external_task_marker_dag.py
[2024-01-30T22:19:32.504+0000] {processor.py:840} INFO - DAG(s) 'example_external_task_marker_parent', 'example_external_task_marker_child' retrieved from /home/airflow/.local/lib/python3.8/site-packages/airflow/example_dags/example_external_task_marker_dag.py
[2024-01-30T22:19:32.688+0000] {logging_mixin.py:188} INFO - [2024-01-30T22:19:32.688+0000] {dag.py:3036} INFO - Sync 2 DAGs
[2024-01-30T22:19:32.705+0000] {logging_mixin.py:188} INFO - [2024-01-30T22:19:32.704+0000] {dag.py:3823} INFO - Setting next_dagrun for example_external_task_marker_child to None, run_after=None
[2024-01-30T22:19:32.711+0000] {logging_mixin.py:188} INFO - [2024-01-30T22:19:32.711+0000] {dag.py:3823} INFO - Setting next_dagrun for example_external_task_marker_parent to None, run_after=None
[2024-01-30T22:19:32.741+0000] {processor.py:183} INFO - Processing /home/airflow/.local/lib/python3.8/site-packages/airflow/example_dags/example_external_task_marker_dag.py took 0.250 seconds
[2024-01-30T22:20:02.934+0000] {processor.py:161} INFO - Started process (PID=3037) to work on /home/airflow/.local/lib/python3.8/site-packages/airflow/example_dags/example_external_task_marker_dag.py
[2024-01-30T22:20:02.936+0000] {processor.py:830} INFO - Processing file /home/airflow/.local/lib/python3.8/site-packages/airflow/example_dags/example_external_task_marker_dag.py for tasks to queue
[2024-01-30T22:20:02.937+0000] {logging_mixin.py:188} INFO - [2024-01-30T22:20:02.937+0000] {dagbag.py:538} INFO - Filling up the DagBag from /home/airflow/.local/lib/python3.8/site-packages/airflow/example_dags/example_external_task_marker_dag.py
[2024-01-30T22:20:02.944+0000] {processor.py:840} INFO - DAG(s) 'example_external_task_marker_parent', 'example_external_task_marker_child' retrieved from /home/airflow/.local/lib/python3.8/site-packages/airflow/example_dags/example_external_task_marker_dag.py
[2024-01-30T22:20:02.970+0000] {logging_mixin.py:188} INFO - [2024-01-30T22:20:02.970+0000] {dag.py:3036} INFO - Sync 2 DAGs
[2024-01-30T22:20:02.987+0000] {logging_mixin.py:188} INFO - [2024-01-30T22:20:02.986+0000] {dag.py:3823} INFO - Setting next_dagrun for example_external_task_marker_child to None, run_after=None
[2024-01-30T22:20:02.993+0000] {logging_mixin.py:188} INFO - [2024-01-30T22:20:02.992+0000] {dag.py:3823} INFO - Setting next_dagrun for example_external_task_marker_parent to None, run_after=None
[2024-01-30T22:20:03.020+0000] {processor.py:183} INFO - Processing /home/airflow/.local/lib/python3.8/site-packages/airflow/example_dags/example_external_task_marker_dag.py took 0.088 seconds
[2024-01-30T22:20:33.829+0000] {processor.py:161} INFO - Started process (PID=3095) to work on /home/airflow/.local/lib/python3.8/site-packages/airflow/example_dags/example_external_task_marker_dag.py
[2024-01-30T22:20:33.830+0000] {processor.py:830} INFO - Processing file /home/airflow/.local/lib/python3.8/site-packages/airflow/example_dags/example_external_task_marker_dag.py for tasks to queue
[2024-01-30T22:20:33.832+0000] {logging_mixin.py:188} INFO - [2024-01-30T22:20:33.832+0000] {dagbag.py:538} INFO - Filling up the DagBag from /home/airflow/.local/lib/python3.8/site-packages/airflow/example_dags/example_external_task_marker_dag.py
[2024-01-30T22:20:33.839+0000] {processor.py:840} INFO - DAG(s) 'example_external_task_marker_child', 'example_external_task_marker_parent' retrieved from /home/airflow/.local/lib/python3.8/site-packages/airflow/example_dags/example_external_task_marker_dag.py
[2024-01-30T22:20:33.873+0000] {logging_mixin.py:188} INFO - [2024-01-30T22:20:33.872+0000] {dag.py:3036} INFO - Sync 2 DAGs
[2024-01-30T22:20:33.888+0000] {logging_mixin.py:188} INFO - [2024-01-30T22:20:33.888+0000] {dag.py:3823} INFO - Setting next_dagrun for example_external_task_marker_child to None, run_after=None
[2024-01-30T22:20:33.893+0000] {logging_mixin.py:188} INFO - [2024-01-30T22:20:33.893+0000] {dag.py:3823} INFO - Setting next_dagrun for example_external_task_marker_parent to None, run_after=None
[2024-01-30T22:20:33.920+0000] {processor.py:183} INFO - Processing /home/airflow/.local/lib/python3.8/site-packages/airflow/example_dags/example_external_task_marker_dag.py took 0.094 seconds
[2024-01-30T22:21:12.557+0000] {processor.py:161} INFO - Started process (PID=3152) to work on /home/airflow/.local/lib/python3.8/site-packages/airflow/example_dags/example_external_task_marker_dag.py
[2024-01-30T22:21:12.565+0000] {processor.py:830} INFO - Processing file /home/airflow/.local/lib/python3.8/site-packages/airflow/example_dags/example_external_task_marker_dag.py for tasks to queue
[2024-01-30T22:21:12.575+0000] {logging_mixin.py:188} INFO - [2024-01-30T22:21:12.571+0000] {dagbag.py:538} INFO - Filling up the DagBag from /home/airflow/.local/lib/python3.8/site-packages/airflow/example_dags/example_external_task_marker_dag.py
[2024-01-30T22:21:12.625+0000] {processor.py:840} INFO - DAG(s) 'example_external_task_marker_child', 'example_external_task_marker_parent' retrieved from /home/airflow/.local/lib/python3.8/site-packages/airflow/example_dags/example_external_task_marker_dag.py
[2024-01-30T22:21:12.865+0000] {logging_mixin.py:188} INFO - [2024-01-30T22:21:12.863+0000] {dag.py:3036} INFO - Sync 2 DAGs
[2024-01-30T22:21:12.991+0000] {logging_mixin.py:188} INFO - [2024-01-30T22:21:12.987+0000] {dag.py:3823} INFO - Setting next_dagrun for example_external_task_marker_child to None, run_after=None
[2024-01-30T22:21:13.033+0000] {logging_mixin.py:188} INFO - [2024-01-30T22:21:13.031+0000] {dag.py:3823} INFO - Setting next_dagrun for example_external_task_marker_parent to None, run_after=None
[2024-01-30T22:21:13.263+0000] {processor.py:183} INFO - Processing /home/airflow/.local/lib/python3.8/site-packages/airflow/example_dags/example_external_task_marker_dag.py took 0.759 seconds
[2024-01-30T22:21:43.378+0000] {processor.py:161} INFO - Started process (PID=3208) to work on /home/airflow/.local/lib/python3.8/site-packages/airflow/example_dags/example_external_task_marker_dag.py
[2024-01-30T22:21:43.379+0000] {processor.py:830} INFO - Processing file /home/airflow/.local/lib/python3.8/site-packages/airflow/example_dags/example_external_task_marker_dag.py for tasks to queue
[2024-01-30T22:21:43.381+0000] {logging_mixin.py:188} INFO - [2024-01-30T22:21:43.380+0000] {dagbag.py:538} INFO - Filling up the DagBag from /home/airflow/.local/lib/python3.8/site-packages/airflow/example_dags/example_external_task_marker_dag.py
[2024-01-30T22:21:43.387+0000] {processor.py:840} INFO - DAG(s) 'example_external_task_marker_child', 'example_external_task_marker_parent' retrieved from /home/airflow/.local/lib/python3.8/site-packages/airflow/example_dags/example_external_task_marker_dag.py
[2024-01-30T22:21:43.418+0000] {logging_mixin.py:188} INFO - [2024-01-30T22:21:43.418+0000] {dag.py:3036} INFO - Sync 2 DAGs
[2024-01-30T22:21:43.435+0000] {logging_mixin.py:188} INFO - [2024-01-30T22:21:43.434+0000] {dag.py:3823} INFO - Setting next_dagrun for example_external_task_marker_child to None, run_after=None
[2024-01-30T22:21:43.440+0000] {logging_mixin.py:188} INFO - [2024-01-30T22:21:43.439+0000] {dag.py:3823} INFO - Setting next_dagrun for example_external_task_marker_parent to None, run_after=None
[2024-01-30T22:21:43.464+0000] {processor.py:183} INFO - Processing /home/airflow/.local/lib/python3.8/site-packages/airflow/example_dags/example_external_task_marker_dag.py took 0.089 seconds
[2024-01-30T22:22:13.951+0000] {processor.py:161} INFO - Started process (PID=3266) to work on /home/airflow/.local/lib/python3.8/site-packages/airflow/example_dags/example_external_task_marker_dag.py
[2024-01-30T22:22:13.952+0000] {processor.py:830} INFO - Processing file /home/airflow/.local/lib/python3.8/site-packages/airflow/example_dags/example_external_task_marker_dag.py for tasks to queue
[2024-01-30T22:22:13.953+0000] {logging_mixin.py:188} INFO - [2024-01-30T22:22:13.953+0000] {dagbag.py:538} INFO - Filling up the DagBag from /home/airflow/.local/lib/python3.8/site-packages/airflow/example_dags/example_external_task_marker_dag.py
[2024-01-30T22:22:13.958+0000] {processor.py:840} INFO - DAG(s) 'example_external_task_marker_parent', 'example_external_task_marker_child' retrieved from /home/airflow/.local/lib/python3.8/site-packages/airflow/example_dags/example_external_task_marker_dag.py
[2024-01-30T22:22:13.983+0000] {logging_mixin.py:188} INFO - [2024-01-30T22:22:13.983+0000] {dag.py:3036} INFO - Sync 2 DAGs
[2024-01-30T22:22:13.995+0000] {logging_mixin.py:188} INFO - [2024-01-30T22:22:13.995+0000] {dag.py:3823} INFO - Setting next_dagrun for example_external_task_marker_child to None, run_after=None
[2024-01-30T22:22:14.000+0000] {logging_mixin.py:188} INFO - [2024-01-30T22:22:14.000+0000] {dag.py:3823} INFO - Setting next_dagrun for example_external_task_marker_parent to None, run_after=None
[2024-01-30T22:22:14.024+0000] {processor.py:183} INFO - Processing /home/airflow/.local/lib/python3.8/site-packages/airflow/example_dags/example_external_task_marker_dag.py took 0.075 seconds
[2024-01-30T22:22:44.180+0000] {processor.py:161} INFO - Started process (PID=3323) to work on /home/airflow/.local/lib/python3.8/site-packages/airflow/example_dags/example_external_task_marker_dag.py
[2024-01-30T22:22:44.181+0000] {processor.py:830} INFO - Processing file /home/airflow/.local/lib/python3.8/site-packages/airflow/example_dags/example_external_task_marker_dag.py for tasks to queue
[2024-01-30T22:22:44.182+0000] {logging_mixin.py:188} INFO - [2024-01-30T22:22:44.182+0000] {dagbag.py:538} INFO - Filling up the DagBag from /home/airflow/.local/lib/python3.8/site-packages/airflow/example_dags/example_external_task_marker_dag.py
[2024-01-30T22:22:44.188+0000] {processor.py:840} INFO - DAG(s) 'example_external_task_marker_child', 'example_external_task_marker_parent' retrieved from /home/airflow/.local/lib/python3.8/site-packages/airflow/example_dags/example_external_task_marker_dag.py
[2024-01-30T22:22:44.215+0000] {logging_mixin.py:188} INFO - [2024-01-30T22:22:44.214+0000] {dag.py:3036} INFO - Sync 2 DAGs
[2024-01-30T22:22:44.228+0000] {logging_mixin.py:188} INFO - [2024-01-30T22:22:44.228+0000] {dag.py:3823} INFO - Setting next_dagrun for example_external_task_marker_child to None, run_after=None
[2024-01-30T22:22:44.232+0000] {logging_mixin.py:188} INFO - [2024-01-30T22:22:44.232+0000] {dag.py:3823} INFO - Setting next_dagrun for example_external_task_marker_parent to None, run_after=None
[2024-01-30T22:22:44.257+0000] {processor.py:183} INFO - Processing /home/airflow/.local/lib/python3.8/site-packages/airflow/example_dags/example_external_task_marker_dag.py took 0.079 seconds
