[2024-01-30T21:53:05.410+0000] {processor.py:161} INFO - Started process (PID=40) to work on /home/airflow/.local/lib/python3.8/site-packages/airflow/example_dags/example_branch_labels.py
[2024-01-30T21:53:05.412+0000] {processor.py:830} INFO - Processing file /home/airflow/.local/lib/python3.8/site-packages/airflow/example_dags/example_branch_labels.py for tasks to queue
[2024-01-30T21:53:05.414+0000] {logging_mixin.py:188} INFO - [2024-01-30T21:53:05.414+0000] {dagbag.py:538} INFO - Filling up the DagBag from /home/airflow/.local/lib/python3.8/site-packages/airflow/example_dags/example_branch_labels.py
[2024-01-30T21:53:05.427+0000] {processor.py:840} INFO - DAG(s) 'example_branch_labels' retrieved from /home/airflow/.local/lib/python3.8/site-packages/airflow/example_dags/example_branch_labels.py
[2024-01-30T21:53:05.534+0000] {logging_mixin.py:188} INFO - [2024-01-30T21:53:05.533+0000] {dag.py:3036} INFO - Sync 1 DAGs
[2024-01-30T21:53:05.557+0000] {logging_mixin.py:188} INFO - [2024-01-30T21:53:05.557+0000] {dag.py:3823} INFO - Setting next_dagrun for example_branch_labels to 2024-01-29 00:00:00+00:00, run_after=2024-01-30 00:00:00+00:00
[2024-01-30T21:53:05.636+0000] {processor.py:183} INFO - Processing /home/airflow/.local/lib/python3.8/site-packages/airflow/example_dags/example_branch_labels.py took 0.229 seconds
[2024-01-30T21:53:36.242+0000] {processor.py:161} INFO - Started process (PID=95) to work on /home/airflow/.local/lib/python3.8/site-packages/airflow/example_dags/example_branch_labels.py
[2024-01-30T21:53:36.244+0000] {processor.py:830} INFO - Processing file /home/airflow/.local/lib/python3.8/site-packages/airflow/example_dags/example_branch_labels.py for tasks to queue
[2024-01-30T21:53:36.247+0000] {logging_mixin.py:188} INFO - [2024-01-30T21:53:36.247+0000] {dagbag.py:538} INFO - Filling up the DagBag from /home/airflow/.local/lib/python3.8/site-packages/airflow/example_dags/example_branch_labels.py
[2024-01-30T21:53:36.257+0000] {processor.py:840} INFO - DAG(s) 'example_branch_labels' retrieved from /home/airflow/.local/lib/python3.8/site-packages/airflow/example_dags/example_branch_labels.py
[2024-01-30T21:53:36.286+0000] {logging_mixin.py:188} INFO - [2024-01-30T21:53:36.286+0000] {dag.py:3036} INFO - Sync 1 DAGs
[2024-01-30T21:53:36.320+0000] {logging_mixin.py:188} INFO - [2024-01-30T21:53:36.320+0000] {dag.py:3823} INFO - Setting next_dagrun for example_branch_labels to 2024-01-29 00:00:00+00:00, run_after=2024-01-30 00:00:00+00:00
[2024-01-30T21:53:36.356+0000] {processor.py:183} INFO - Processing /home/airflow/.local/lib/python3.8/site-packages/airflow/example_dags/example_branch_labels.py took 0.116 seconds
[2024-01-30T21:54:06.632+0000] {processor.py:161} INFO - Started process (PID=150) to work on /home/airflow/.local/lib/python3.8/site-packages/airflow/example_dags/example_branch_labels.py
[2024-01-30T21:54:06.634+0000] {processor.py:830} INFO - Processing file /home/airflow/.local/lib/python3.8/site-packages/airflow/example_dags/example_branch_labels.py for tasks to queue
[2024-01-30T21:54:06.636+0000] {logging_mixin.py:188} INFO - [2024-01-30T21:54:06.635+0000] {dagbag.py:538} INFO - Filling up the DagBag from /home/airflow/.local/lib/python3.8/site-packages/airflow/example_dags/example_branch_labels.py
[2024-01-30T21:54:06.644+0000] {processor.py:840} INFO - DAG(s) 'example_branch_labels' retrieved from /home/airflow/.local/lib/python3.8/site-packages/airflow/example_dags/example_branch_labels.py
[2024-01-30T21:54:06.671+0000] {logging_mixin.py:188} INFO - [2024-01-30T21:54:06.670+0000] {dag.py:3036} INFO - Sync 1 DAGs
[2024-01-30T21:54:06.695+0000] {logging_mixin.py:188} INFO - [2024-01-30T21:54:06.695+0000] {dag.py:3823} INFO - Setting next_dagrun for example_branch_labels to 2024-01-29 00:00:00+00:00, run_after=2024-01-30 00:00:00+00:00
[2024-01-30T21:54:06.722+0000] {processor.py:183} INFO - Processing /home/airflow/.local/lib/python3.8/site-packages/airflow/example_dags/example_branch_labels.py took 0.093 seconds
[2024-01-30T21:54:37.301+0000] {processor.py:161} INFO - Started process (PID=205) to work on /home/airflow/.local/lib/python3.8/site-packages/airflow/example_dags/example_branch_labels.py
[2024-01-30T21:54:37.302+0000] {processor.py:830} INFO - Processing file /home/airflow/.local/lib/python3.8/site-packages/airflow/example_dags/example_branch_labels.py for tasks to queue
[2024-01-30T21:54:37.305+0000] {logging_mixin.py:188} INFO - [2024-01-30T21:54:37.304+0000] {dagbag.py:538} INFO - Filling up the DagBag from /home/airflow/.local/lib/python3.8/site-packages/airflow/example_dags/example_branch_labels.py
[2024-01-30T21:54:37.317+0000] {processor.py:840} INFO - DAG(s) 'example_branch_labels' retrieved from /home/airflow/.local/lib/python3.8/site-packages/airflow/example_dags/example_branch_labels.py
[2024-01-30T21:54:37.345+0000] {logging_mixin.py:188} INFO - [2024-01-30T21:54:37.345+0000] {dag.py:3036} INFO - Sync 1 DAGs
[2024-01-30T21:54:37.387+0000] {logging_mixin.py:188} INFO - [2024-01-30T21:54:37.387+0000] {dag.py:3823} INFO - Setting next_dagrun for example_branch_labels to 2024-01-29 00:00:00+00:00, run_after=2024-01-30 00:00:00+00:00
[2024-01-30T21:54:37.421+0000] {processor.py:183} INFO - Processing /home/airflow/.local/lib/python3.8/site-packages/airflow/example_dags/example_branch_labels.py took 0.124 seconds
[2024-01-30T21:55:07.752+0000] {processor.py:161} INFO - Started process (PID=260) to work on /home/airflow/.local/lib/python3.8/site-packages/airflow/example_dags/example_branch_labels.py
[2024-01-30T21:55:07.753+0000] {processor.py:830} INFO - Processing file /home/airflow/.local/lib/python3.8/site-packages/airflow/example_dags/example_branch_labels.py for tasks to queue
[2024-01-30T21:55:07.755+0000] {logging_mixin.py:188} INFO - [2024-01-30T21:55:07.755+0000] {dagbag.py:538} INFO - Filling up the DagBag from /home/airflow/.local/lib/python3.8/site-packages/airflow/example_dags/example_branch_labels.py
[2024-01-30T21:55:07.763+0000] {processor.py:840} INFO - DAG(s) 'example_branch_labels' retrieved from /home/airflow/.local/lib/python3.8/site-packages/airflow/example_dags/example_branch_labels.py
[2024-01-30T21:55:07.787+0000] {logging_mixin.py:188} INFO - [2024-01-30T21:55:07.786+0000] {dag.py:3036} INFO - Sync 1 DAGs
[2024-01-30T21:55:07.812+0000] {logging_mixin.py:188} INFO - [2024-01-30T21:55:07.811+0000] {dag.py:3823} INFO - Setting next_dagrun for example_branch_labels to 2024-01-29 00:00:00+00:00, run_after=2024-01-30 00:00:00+00:00
[2024-01-30T21:55:07.836+0000] {processor.py:183} INFO - Processing /home/airflow/.local/lib/python3.8/site-packages/airflow/example_dags/example_branch_labels.py took 0.087 seconds
[2024-01-30T21:55:38.525+0000] {processor.py:161} INFO - Started process (PID=313) to work on /home/airflow/.local/lib/python3.8/site-packages/airflow/example_dags/example_branch_labels.py
[2024-01-30T21:55:38.526+0000] {processor.py:830} INFO - Processing file /home/airflow/.local/lib/python3.8/site-packages/airflow/example_dags/example_branch_labels.py for tasks to queue
[2024-01-30T21:55:38.529+0000] {logging_mixin.py:188} INFO - [2024-01-30T21:55:38.528+0000] {dagbag.py:538} INFO - Filling up the DagBag from /home/airflow/.local/lib/python3.8/site-packages/airflow/example_dags/example_branch_labels.py
[2024-01-30T21:55:38.539+0000] {processor.py:840} INFO - DAG(s) 'example_branch_labels' retrieved from /home/airflow/.local/lib/python3.8/site-packages/airflow/example_dags/example_branch_labels.py
[2024-01-30T21:55:38.571+0000] {logging_mixin.py:188} INFO - [2024-01-30T21:55:38.571+0000] {dag.py:3036} INFO - Sync 1 DAGs
[2024-01-30T21:55:38.605+0000] {logging_mixin.py:188} INFO - [2024-01-30T21:55:38.604+0000] {dag.py:3823} INFO - Setting next_dagrun for example_branch_labels to 2024-01-29 00:00:00+00:00, run_after=2024-01-30 00:00:00+00:00
[2024-01-30T21:55:38.640+0000] {processor.py:183} INFO - Processing /home/airflow/.local/lib/python3.8/site-packages/airflow/example_dags/example_branch_labels.py took 0.120 seconds
[2024-01-30T21:56:08.688+0000] {processor.py:161} INFO - Started process (PID=368) to work on /home/airflow/.local/lib/python3.8/site-packages/airflow/example_dags/example_branch_labels.py
[2024-01-30T21:56:08.689+0000] {processor.py:830} INFO - Processing file /home/airflow/.local/lib/python3.8/site-packages/airflow/example_dags/example_branch_labels.py for tasks to queue
[2024-01-30T21:56:08.692+0000] {logging_mixin.py:188} INFO - [2024-01-30T21:56:08.691+0000] {dagbag.py:538} INFO - Filling up the DagBag from /home/airflow/.local/lib/python3.8/site-packages/airflow/example_dags/example_branch_labels.py
[2024-01-30T21:56:08.699+0000] {processor.py:840} INFO - DAG(s) 'example_branch_labels' retrieved from /home/airflow/.local/lib/python3.8/site-packages/airflow/example_dags/example_branch_labels.py
[2024-01-30T21:56:08.726+0000] {logging_mixin.py:188} INFO - [2024-01-30T21:56:08.726+0000] {dag.py:3036} INFO - Sync 1 DAGs
[2024-01-30T21:56:08.749+0000] {logging_mixin.py:188} INFO - [2024-01-30T21:56:08.749+0000] {dag.py:3823} INFO - Setting next_dagrun for example_branch_labels to 2024-01-29 00:00:00+00:00, run_after=2024-01-30 00:00:00+00:00
[2024-01-30T21:56:08.775+0000] {processor.py:183} INFO - Processing /home/airflow/.local/lib/python3.8/site-packages/airflow/example_dags/example_branch_labels.py took 0.090 seconds
[2024-01-30T21:56:39.047+0000] {processor.py:161} INFO - Started process (PID=423) to work on /home/airflow/.local/lib/python3.8/site-packages/airflow/example_dags/example_branch_labels.py
[2024-01-30T21:56:39.048+0000] {processor.py:830} INFO - Processing file /home/airflow/.local/lib/python3.8/site-packages/airflow/example_dags/example_branch_labels.py for tasks to queue
[2024-01-30T21:56:39.051+0000] {logging_mixin.py:188} INFO - [2024-01-30T21:56:39.050+0000] {dagbag.py:538} INFO - Filling up the DagBag from /home/airflow/.local/lib/python3.8/site-packages/airflow/example_dags/example_branch_labels.py
[2024-01-30T21:56:39.058+0000] {processor.py:840} INFO - DAG(s) 'example_branch_labels' retrieved from /home/airflow/.local/lib/python3.8/site-packages/airflow/example_dags/example_branch_labels.py
[2024-01-30T21:56:39.086+0000] {logging_mixin.py:188} INFO - [2024-01-30T21:56:39.085+0000] {dag.py:3036} INFO - Sync 1 DAGs
[2024-01-30T21:56:39.114+0000] {logging_mixin.py:188} INFO - [2024-01-30T21:56:39.114+0000] {dag.py:3823} INFO - Setting next_dagrun for example_branch_labels to 2024-01-29 00:00:00+00:00, run_after=2024-01-30 00:00:00+00:00
[2024-01-30T21:56:39.154+0000] {processor.py:183} INFO - Processing /home/airflow/.local/lib/python3.8/site-packages/airflow/example_dags/example_branch_labels.py took 0.110 seconds
[2024-01-30T21:57:10.054+0000] {processor.py:161} INFO - Started process (PID=478) to work on /home/airflow/.local/lib/python3.8/site-packages/airflow/example_dags/example_branch_labels.py
[2024-01-30T21:57:10.055+0000] {processor.py:830} INFO - Processing file /home/airflow/.local/lib/python3.8/site-packages/airflow/example_dags/example_branch_labels.py for tasks to queue
[2024-01-30T21:57:10.057+0000] {logging_mixin.py:188} INFO - [2024-01-30T21:57:10.057+0000] {dagbag.py:538} INFO - Filling up the DagBag from /home/airflow/.local/lib/python3.8/site-packages/airflow/example_dags/example_branch_labels.py
[2024-01-30T21:57:10.066+0000] {processor.py:840} INFO - DAG(s) 'example_branch_labels' retrieved from /home/airflow/.local/lib/python3.8/site-packages/airflow/example_dags/example_branch_labels.py
[2024-01-30T21:57:10.090+0000] {logging_mixin.py:188} INFO - [2024-01-30T21:57:10.090+0000] {dag.py:3036} INFO - Sync 1 DAGs
[2024-01-30T21:57:10.117+0000] {logging_mixin.py:188} INFO - [2024-01-30T21:57:10.117+0000] {dag.py:3823} INFO - Setting next_dagrun for example_branch_labels to 2024-01-29 00:00:00+00:00, run_after=2024-01-30 00:00:00+00:00
[2024-01-30T21:57:10.144+0000] {processor.py:183} INFO - Processing /home/airflow/.local/lib/python3.8/site-packages/airflow/example_dags/example_branch_labels.py took 0.094 seconds
[2024-01-30T21:57:40.552+0000] {processor.py:161} INFO - Started process (PID=533) to work on /home/airflow/.local/lib/python3.8/site-packages/airflow/example_dags/example_branch_labels.py
[2024-01-30T21:57:40.553+0000] {processor.py:830} INFO - Processing file /home/airflow/.local/lib/python3.8/site-packages/airflow/example_dags/example_branch_labels.py for tasks to queue
[2024-01-30T21:57:40.555+0000] {logging_mixin.py:188} INFO - [2024-01-30T21:57:40.555+0000] {dagbag.py:538} INFO - Filling up the DagBag from /home/airflow/.local/lib/python3.8/site-packages/airflow/example_dags/example_branch_labels.py
[2024-01-30T21:57:40.563+0000] {processor.py:840} INFO - DAG(s) 'example_branch_labels' retrieved from /home/airflow/.local/lib/python3.8/site-packages/airflow/example_dags/example_branch_labels.py
[2024-01-30T21:57:40.586+0000] {logging_mixin.py:188} INFO - [2024-01-30T21:57:40.586+0000] {dag.py:3036} INFO - Sync 1 DAGs
[2024-01-30T21:57:40.612+0000] {logging_mixin.py:188} INFO - [2024-01-30T21:57:40.612+0000] {dag.py:3823} INFO - Setting next_dagrun for example_branch_labels to 2024-01-29 00:00:00+00:00, run_after=2024-01-30 00:00:00+00:00
[2024-01-30T21:57:40.637+0000] {processor.py:183} INFO - Processing /home/airflow/.local/lib/python3.8/site-packages/airflow/example_dags/example_branch_labels.py took 0.087 seconds
[2024-01-30T21:58:12.319+0000] {processor.py:161} INFO - Started process (PID=589) to work on /home/airflow/.local/lib/python3.8/site-packages/airflow/example_dags/example_branch_labels.py
[2024-01-30T21:58:12.320+0000] {processor.py:830} INFO - Processing file /home/airflow/.local/lib/python3.8/site-packages/airflow/example_dags/example_branch_labels.py for tasks to queue
[2024-01-30T21:58:12.322+0000] {logging_mixin.py:188} INFO - [2024-01-30T21:58:12.321+0000] {dagbag.py:538} INFO - Filling up the DagBag from /home/airflow/.local/lib/python3.8/site-packages/airflow/example_dags/example_branch_labels.py
[2024-01-30T21:58:12.332+0000] {processor.py:840} INFO - DAG(s) 'example_branch_labels' retrieved from /home/airflow/.local/lib/python3.8/site-packages/airflow/example_dags/example_branch_labels.py
[2024-01-30T21:58:12.360+0000] {logging_mixin.py:188} INFO - [2024-01-30T21:58:12.360+0000] {dag.py:3036} INFO - Sync 1 DAGs
[2024-01-30T21:58:12.393+0000] {logging_mixin.py:188} INFO - [2024-01-30T21:58:12.393+0000] {dag.py:3823} INFO - Setting next_dagrun for example_branch_labels to 2024-01-29 00:00:00+00:00, run_after=2024-01-30 00:00:00+00:00
[2024-01-30T21:58:12.425+0000] {processor.py:183} INFO - Processing /home/airflow/.local/lib/python3.8/site-packages/airflow/example_dags/example_branch_labels.py took 0.110 seconds
[2024-01-30T21:58:43.641+0000] {processor.py:161} INFO - Started process (PID=643) to work on /home/airflow/.local/lib/python3.8/site-packages/airflow/example_dags/example_branch_labels.py
[2024-01-30T21:58:43.649+0000] {processor.py:830} INFO - Processing file /home/airflow/.local/lib/python3.8/site-packages/airflow/example_dags/example_branch_labels.py for tasks to queue
[2024-01-30T21:58:43.651+0000] {logging_mixin.py:188} INFO - [2024-01-30T21:58:43.650+0000] {dagbag.py:538} INFO - Filling up the DagBag from /home/airflow/.local/lib/python3.8/site-packages/airflow/example_dags/example_branch_labels.py
[2024-01-30T21:58:43.663+0000] {processor.py:840} INFO - DAG(s) 'example_branch_labels' retrieved from /home/airflow/.local/lib/python3.8/site-packages/airflow/example_dags/example_branch_labels.py
[2024-01-30T21:58:43.719+0000] {logging_mixin.py:188} INFO - [2024-01-30T21:58:43.718+0000] {dag.py:3036} INFO - Sync 1 DAGs
[2024-01-30T21:58:43.788+0000] {logging_mixin.py:188} INFO - [2024-01-30T21:58:43.787+0000] {dag.py:3823} INFO - Setting next_dagrun for example_branch_labels to 2024-01-29 00:00:00+00:00, run_after=2024-01-30 00:00:00+00:00
[2024-01-30T21:58:43.914+0000] {processor.py:183} INFO - Processing /home/airflow/.local/lib/python3.8/site-packages/airflow/example_dags/example_branch_labels.py took 0.276 seconds
[2024-01-30T21:59:14.930+0000] {processor.py:161} INFO - Started process (PID=708) to work on /home/airflow/.local/lib/python3.8/site-packages/airflow/example_dags/example_branch_labels.py
[2024-01-30T21:59:14.931+0000] {processor.py:830} INFO - Processing file /home/airflow/.local/lib/python3.8/site-packages/airflow/example_dags/example_branch_labels.py for tasks to queue
[2024-01-30T21:59:14.932+0000] {logging_mixin.py:188} INFO - [2024-01-30T21:59:14.932+0000] {dagbag.py:538} INFO - Filling up the DagBag from /home/airflow/.local/lib/python3.8/site-packages/airflow/example_dags/example_branch_labels.py
[2024-01-30T21:59:14.940+0000] {processor.py:840} INFO - DAG(s) 'example_branch_labels' retrieved from /home/airflow/.local/lib/python3.8/site-packages/airflow/example_dags/example_branch_labels.py
[2024-01-30T21:59:14.968+0000] {logging_mixin.py:188} INFO - [2024-01-30T21:59:14.968+0000] {dag.py:3036} INFO - Sync 1 DAGs
[2024-01-30T21:59:15.000+0000] {logging_mixin.py:188} INFO - [2024-01-30T21:59:15.000+0000] {dag.py:3823} INFO - Setting next_dagrun for example_branch_labels to 2024-01-29 00:00:00+00:00, run_after=2024-01-30 00:00:00+00:00
[2024-01-30T21:59:15.031+0000] {processor.py:183} INFO - Processing /home/airflow/.local/lib/python3.8/site-packages/airflow/example_dags/example_branch_labels.py took 0.104 seconds
[2024-01-30T21:59:45.341+0000] {processor.py:161} INFO - Started process (PID=767) to work on /home/airflow/.local/lib/python3.8/site-packages/airflow/example_dags/example_branch_labels.py
[2024-01-30T21:59:45.342+0000] {processor.py:830} INFO - Processing file /home/airflow/.local/lib/python3.8/site-packages/airflow/example_dags/example_branch_labels.py for tasks to queue
[2024-01-30T21:59:45.344+0000] {logging_mixin.py:188} INFO - [2024-01-30T21:59:45.343+0000] {dagbag.py:538} INFO - Filling up the DagBag from /home/airflow/.local/lib/python3.8/site-packages/airflow/example_dags/example_branch_labels.py
[2024-01-30T21:59:45.351+0000] {processor.py:840} INFO - DAG(s) 'example_branch_labels' retrieved from /home/airflow/.local/lib/python3.8/site-packages/airflow/example_dags/example_branch_labels.py
[2024-01-30T21:59:45.373+0000] {logging_mixin.py:188} INFO - [2024-01-30T21:59:45.372+0000] {dag.py:3036} INFO - Sync 1 DAGs
[2024-01-30T21:59:45.396+0000] {logging_mixin.py:188} INFO - [2024-01-30T21:59:45.396+0000] {dag.py:3823} INFO - Setting next_dagrun for example_branch_labels to 2024-01-29 00:00:00+00:00, run_after=2024-01-30 00:00:00+00:00
[2024-01-30T21:59:45.424+0000] {processor.py:183} INFO - Processing /home/airflow/.local/lib/python3.8/site-packages/airflow/example_dags/example_branch_labels.py took 0.085 seconds
[2024-01-30T22:00:15.860+0000] {processor.py:161} INFO - Started process (PID=831) to work on /home/airflow/.local/lib/python3.8/site-packages/airflow/example_dags/example_branch_labels.py
[2024-01-30T22:00:15.862+0000] {processor.py:830} INFO - Processing file /home/airflow/.local/lib/python3.8/site-packages/airflow/example_dags/example_branch_labels.py for tasks to queue
[2024-01-30T22:00:15.863+0000] {logging_mixin.py:188} INFO - [2024-01-30T22:00:15.862+0000] {dagbag.py:538} INFO - Filling up the DagBag from /home/airflow/.local/lib/python3.8/site-packages/airflow/example_dags/example_branch_labels.py
[2024-01-30T22:00:15.870+0000] {processor.py:840} INFO - DAG(s) 'example_branch_labels' retrieved from /home/airflow/.local/lib/python3.8/site-packages/airflow/example_dags/example_branch_labels.py
[2024-01-30T22:00:15.891+0000] {logging_mixin.py:188} INFO - [2024-01-30T22:00:15.891+0000] {dag.py:3036} INFO - Sync 1 DAGs
[2024-01-30T22:00:15.917+0000] {logging_mixin.py:188} INFO - [2024-01-30T22:00:15.916+0000] {dag.py:3823} INFO - Setting next_dagrun for example_branch_labels to 2024-01-29 00:00:00+00:00, run_after=2024-01-30 00:00:00+00:00
[2024-01-30T22:00:15.969+0000] {processor.py:183} INFO - Processing /home/airflow/.local/lib/python3.8/site-packages/airflow/example_dags/example_branch_labels.py took 0.111 seconds
[2024-01-30T22:00:46.758+0000] {processor.py:161} INFO - Started process (PID=888) to work on /home/airflow/.local/lib/python3.8/site-packages/airflow/example_dags/example_branch_labels.py
[2024-01-30T22:00:46.760+0000] {processor.py:830} INFO - Processing file /home/airflow/.local/lib/python3.8/site-packages/airflow/example_dags/example_branch_labels.py for tasks to queue
[2024-01-30T22:00:46.762+0000] {logging_mixin.py:188} INFO - [2024-01-30T22:00:46.761+0000] {dagbag.py:538} INFO - Filling up the DagBag from /home/airflow/.local/lib/python3.8/site-packages/airflow/example_dags/example_branch_labels.py
[2024-01-30T22:00:46.772+0000] {processor.py:840} INFO - DAG(s) 'example_branch_labels' retrieved from /home/airflow/.local/lib/python3.8/site-packages/airflow/example_dags/example_branch_labels.py
[2024-01-30T22:00:46.801+0000] {logging_mixin.py:188} INFO - [2024-01-30T22:00:46.800+0000] {dag.py:3036} INFO - Sync 1 DAGs
[2024-01-30T22:00:46.833+0000] {logging_mixin.py:188} INFO - [2024-01-30T22:00:46.832+0000] {dag.py:3823} INFO - Setting next_dagrun for example_branch_labels to 2024-01-29 00:00:00+00:00, run_after=2024-01-30 00:00:00+00:00
[2024-01-30T22:00:46.866+0000] {processor.py:183} INFO - Processing /home/airflow/.local/lib/python3.8/site-packages/airflow/example_dags/example_branch_labels.py took 0.110 seconds
[2024-01-30T22:01:16.972+0000] {processor.py:161} INFO - Started process (PID=945) to work on /home/airflow/.local/lib/python3.8/site-packages/airflow/example_dags/example_branch_labels.py
[2024-01-30T22:01:16.974+0000] {processor.py:830} INFO - Processing file /home/airflow/.local/lib/python3.8/site-packages/airflow/example_dags/example_branch_labels.py for tasks to queue
[2024-01-30T22:01:16.975+0000] {logging_mixin.py:188} INFO - [2024-01-30T22:01:16.975+0000] {dagbag.py:538} INFO - Filling up the DagBag from /home/airflow/.local/lib/python3.8/site-packages/airflow/example_dags/example_branch_labels.py
[2024-01-30T22:01:16.986+0000] {processor.py:840} INFO - DAG(s) 'example_branch_labels' retrieved from /home/airflow/.local/lib/python3.8/site-packages/airflow/example_dags/example_branch_labels.py
[2024-01-30T22:01:17.016+0000] {logging_mixin.py:188} INFO - [2024-01-30T22:01:17.016+0000] {dag.py:3036} INFO - Sync 1 DAGs
[2024-01-30T22:01:17.042+0000] {logging_mixin.py:188} INFO - [2024-01-30T22:01:17.042+0000] {dag.py:3823} INFO - Setting next_dagrun for example_branch_labels to 2024-01-29 00:00:00+00:00, run_after=2024-01-30 00:00:00+00:00
[2024-01-30T22:01:17.068+0000] {processor.py:183} INFO - Processing /home/airflow/.local/lib/python3.8/site-packages/airflow/example_dags/example_branch_labels.py took 0.101 seconds
[2024-01-30T22:01:47.145+0000] {processor.py:161} INFO - Started process (PID=1002) to work on /home/airflow/.local/lib/python3.8/site-packages/airflow/example_dags/example_branch_labels.py
[2024-01-30T22:01:47.146+0000] {processor.py:830} INFO - Processing file /home/airflow/.local/lib/python3.8/site-packages/airflow/example_dags/example_branch_labels.py for tasks to queue
[2024-01-30T22:01:47.148+0000] {logging_mixin.py:188} INFO - [2024-01-30T22:01:47.147+0000] {dagbag.py:538} INFO - Filling up the DagBag from /home/airflow/.local/lib/python3.8/site-packages/airflow/example_dags/example_branch_labels.py
[2024-01-30T22:01:47.159+0000] {processor.py:840} INFO - DAG(s) 'example_branch_labels' retrieved from /home/airflow/.local/lib/python3.8/site-packages/airflow/example_dags/example_branch_labels.py
[2024-01-30T22:01:47.188+0000] {logging_mixin.py:188} INFO - [2024-01-30T22:01:47.188+0000] {dag.py:3036} INFO - Sync 1 DAGs
[2024-01-30T22:01:47.218+0000] {logging_mixin.py:188} INFO - [2024-01-30T22:01:47.217+0000] {dag.py:3823} INFO - Setting next_dagrun for example_branch_labels to 2024-01-29 00:00:00+00:00, run_after=2024-01-30 00:00:00+00:00
[2024-01-30T22:01:47.246+0000] {processor.py:183} INFO - Processing /home/airflow/.local/lib/python3.8/site-packages/airflow/example_dags/example_branch_labels.py took 0.104 seconds
[2024-01-30T22:02:17.466+0000] {processor.py:161} INFO - Started process (PID=1054) to work on /home/airflow/.local/lib/python3.8/site-packages/airflow/example_dags/example_branch_labels.py
[2024-01-30T22:02:17.467+0000] {processor.py:830} INFO - Processing file /home/airflow/.local/lib/python3.8/site-packages/airflow/example_dags/example_branch_labels.py for tasks to queue
[2024-01-30T22:02:17.469+0000] {logging_mixin.py:188} INFO - [2024-01-30T22:02:17.468+0000] {dagbag.py:538} INFO - Filling up the DagBag from /home/airflow/.local/lib/python3.8/site-packages/airflow/example_dags/example_branch_labels.py
[2024-01-30T22:02:17.477+0000] {processor.py:840} INFO - DAG(s) 'example_branch_labels' retrieved from /home/airflow/.local/lib/python3.8/site-packages/airflow/example_dags/example_branch_labels.py
[2024-01-30T22:02:17.505+0000] {logging_mixin.py:188} INFO - [2024-01-30T22:02:17.504+0000] {dag.py:3036} INFO - Sync 1 DAGs
[2024-01-30T22:02:17.529+0000] {logging_mixin.py:188} INFO - [2024-01-30T22:02:17.529+0000] {dag.py:3823} INFO - Setting next_dagrun for example_branch_labels to 2024-01-29 00:00:00+00:00, run_after=2024-01-30 00:00:00+00:00
[2024-01-30T22:02:17.556+0000] {processor.py:183} INFO - Processing /home/airflow/.local/lib/python3.8/site-packages/airflow/example_dags/example_branch_labels.py took 0.094 seconds
[2024-01-30T22:02:50.457+0000] {processor.py:161} INFO - Started process (PID=1111) to work on /home/airflow/.local/lib/python3.8/site-packages/airflow/example_dags/example_branch_labels.py
[2024-01-30T22:02:50.459+0000] {processor.py:830} INFO - Processing file /home/airflow/.local/lib/python3.8/site-packages/airflow/example_dags/example_branch_labels.py for tasks to queue
[2024-01-30T22:02:50.461+0000] {logging_mixin.py:188} INFO - [2024-01-30T22:02:50.460+0000] {dagbag.py:538} INFO - Filling up the DagBag from /home/airflow/.local/lib/python3.8/site-packages/airflow/example_dags/example_branch_labels.py
[2024-01-30T22:02:50.472+0000] {processor.py:840} INFO - DAG(s) 'example_branch_labels' retrieved from /home/airflow/.local/lib/python3.8/site-packages/airflow/example_dags/example_branch_labels.py
[2024-01-30T22:02:50.508+0000] {logging_mixin.py:188} INFO - [2024-01-30T22:02:50.508+0000] {dag.py:3036} INFO - Sync 1 DAGs
[2024-01-30T22:02:50.540+0000] {logging_mixin.py:188} INFO - [2024-01-30T22:02:50.539+0000] {dag.py:3823} INFO - Setting next_dagrun for example_branch_labels to 2024-01-29 00:00:00+00:00, run_after=2024-01-30 00:00:00+00:00
[2024-01-30T22:02:50.585+0000] {processor.py:183} INFO - Processing /home/airflow/.local/lib/python3.8/site-packages/airflow/example_dags/example_branch_labels.py took 0.132 seconds
[2024-01-30T22:03:21.567+0000] {processor.py:161} INFO - Started process (PID=1163) to work on /home/airflow/.local/lib/python3.8/site-packages/airflow/example_dags/example_branch_labels.py
[2024-01-30T22:03:21.569+0000] {processor.py:830} INFO - Processing file /home/airflow/.local/lib/python3.8/site-packages/airflow/example_dags/example_branch_labels.py for tasks to queue
[2024-01-30T22:03:21.572+0000] {logging_mixin.py:188} INFO - [2024-01-30T22:03:21.571+0000] {dagbag.py:538} INFO - Filling up the DagBag from /home/airflow/.local/lib/python3.8/site-packages/airflow/example_dags/example_branch_labels.py
[2024-01-30T22:03:21.595+0000] {processor.py:840} INFO - DAG(s) 'example_branch_labels' retrieved from /home/airflow/.local/lib/python3.8/site-packages/airflow/example_dags/example_branch_labels.py
[2024-01-30T22:03:21.636+0000] {logging_mixin.py:188} INFO - [2024-01-30T22:03:21.636+0000] {dag.py:3036} INFO - Sync 1 DAGs
[2024-01-30T22:03:21.699+0000] {logging_mixin.py:188} INFO - [2024-01-30T22:03:21.699+0000] {dag.py:3823} INFO - Setting next_dagrun for example_branch_labels to 2024-01-29 00:00:00+00:00, run_after=2024-01-30 00:00:00+00:00
[2024-01-30T22:03:21.748+0000] {processor.py:183} INFO - Processing /home/airflow/.local/lib/python3.8/site-packages/airflow/example_dags/example_branch_labels.py took 0.185 seconds
[2024-01-30T22:03:51.937+0000] {processor.py:161} INFO - Started process (PID=1223) to work on /home/airflow/.local/lib/python3.8/site-packages/airflow/example_dags/example_branch_labels.py
[2024-01-30T22:03:51.938+0000] {processor.py:830} INFO - Processing file /home/airflow/.local/lib/python3.8/site-packages/airflow/example_dags/example_branch_labels.py for tasks to queue
[2024-01-30T22:03:51.940+0000] {logging_mixin.py:188} INFO - [2024-01-30T22:03:51.940+0000] {dagbag.py:538} INFO - Filling up the DagBag from /home/airflow/.local/lib/python3.8/site-packages/airflow/example_dags/example_branch_labels.py
[2024-01-30T22:03:51.947+0000] {processor.py:840} INFO - DAG(s) 'example_branch_labels' retrieved from /home/airflow/.local/lib/python3.8/site-packages/airflow/example_dags/example_branch_labels.py
[2024-01-30T22:03:51.973+0000] {logging_mixin.py:188} INFO - [2024-01-30T22:03:51.973+0000] {dag.py:3036} INFO - Sync 1 DAGs
[2024-01-30T22:03:52.000+0000] {logging_mixin.py:188} INFO - [2024-01-30T22:03:52.000+0000] {dag.py:3823} INFO - Setting next_dagrun for example_branch_labels to 2024-01-29 00:00:00+00:00, run_after=2024-01-30 00:00:00+00:00
[2024-01-30T22:03:52.030+0000] {processor.py:183} INFO - Processing /home/airflow/.local/lib/python3.8/site-packages/airflow/example_dags/example_branch_labels.py took 0.096 seconds
[2024-01-30T22:04:22.121+0000] {processor.py:161} INFO - Started process (PID=1281) to work on /home/airflow/.local/lib/python3.8/site-packages/airflow/example_dags/example_branch_labels.py
[2024-01-30T22:04:22.123+0000] {processor.py:830} INFO - Processing file /home/airflow/.local/lib/python3.8/site-packages/airflow/example_dags/example_branch_labels.py for tasks to queue
[2024-01-30T22:04:22.124+0000] {logging_mixin.py:188} INFO - [2024-01-30T22:04:22.124+0000] {dagbag.py:538} INFO - Filling up the DagBag from /home/airflow/.local/lib/python3.8/site-packages/airflow/example_dags/example_branch_labels.py
[2024-01-30T22:04:22.134+0000] {processor.py:840} INFO - DAG(s) 'example_branch_labels' retrieved from /home/airflow/.local/lib/python3.8/site-packages/airflow/example_dags/example_branch_labels.py
[2024-01-30T22:04:22.170+0000] {logging_mixin.py:188} INFO - [2024-01-30T22:04:22.169+0000] {dag.py:3036} INFO - Sync 1 DAGs
[2024-01-30T22:04:22.202+0000] {logging_mixin.py:188} INFO - [2024-01-30T22:04:22.201+0000] {dag.py:3823} INFO - Setting next_dagrun for example_branch_labels to 2024-01-29 00:00:00+00:00, run_after=2024-01-30 00:00:00+00:00
[2024-01-30T22:04:22.233+0000] {processor.py:183} INFO - Processing /home/airflow/.local/lib/python3.8/site-packages/airflow/example_dags/example_branch_labels.py took 0.115 seconds
[2024-01-30T22:04:52.299+0000] {processor.py:161} INFO - Started process (PID=1338) to work on /home/airflow/.local/lib/python3.8/site-packages/airflow/example_dags/example_branch_labels.py
[2024-01-30T22:04:52.300+0000] {processor.py:830} INFO - Processing file /home/airflow/.local/lib/python3.8/site-packages/airflow/example_dags/example_branch_labels.py for tasks to queue
[2024-01-30T22:04:52.301+0000] {logging_mixin.py:188} INFO - [2024-01-30T22:04:52.301+0000] {dagbag.py:538} INFO - Filling up the DagBag from /home/airflow/.local/lib/python3.8/site-packages/airflow/example_dags/example_branch_labels.py
[2024-01-30T22:04:52.308+0000] {processor.py:840} INFO - DAG(s) 'example_branch_labels' retrieved from /home/airflow/.local/lib/python3.8/site-packages/airflow/example_dags/example_branch_labels.py
[2024-01-30T22:04:52.330+0000] {logging_mixin.py:188} INFO - [2024-01-30T22:04:52.330+0000] {dag.py:3036} INFO - Sync 1 DAGs
[2024-01-30T22:04:52.354+0000] {logging_mixin.py:188} INFO - [2024-01-30T22:04:52.354+0000] {dag.py:3823} INFO - Setting next_dagrun for example_branch_labels to 2024-01-29 00:00:00+00:00, run_after=2024-01-30 00:00:00+00:00
[2024-01-30T22:04:52.379+0000] {processor.py:183} INFO - Processing /home/airflow/.local/lib/python3.8/site-packages/airflow/example_dags/example_branch_labels.py took 0.083 seconds
[2024-01-30T22:05:22.951+0000] {processor.py:161} INFO - Started process (PID=1393) to work on /home/airflow/.local/lib/python3.8/site-packages/airflow/example_dags/example_branch_labels.py
[2024-01-30T22:05:22.952+0000] {processor.py:830} INFO - Processing file /home/airflow/.local/lib/python3.8/site-packages/airflow/example_dags/example_branch_labels.py for tasks to queue
[2024-01-30T22:05:22.953+0000] {logging_mixin.py:188} INFO - [2024-01-30T22:05:22.953+0000] {dagbag.py:538} INFO - Filling up the DagBag from /home/airflow/.local/lib/python3.8/site-packages/airflow/example_dags/example_branch_labels.py
[2024-01-30T22:05:22.962+0000] {processor.py:840} INFO - DAG(s) 'example_branch_labels' retrieved from /home/airflow/.local/lib/python3.8/site-packages/airflow/example_dags/example_branch_labels.py
[2024-01-30T22:05:22.990+0000] {logging_mixin.py:188} INFO - [2024-01-30T22:05:22.990+0000] {dag.py:3036} INFO - Sync 1 DAGs
[2024-01-30T22:05:23.018+0000] {logging_mixin.py:188} INFO - [2024-01-30T22:05:23.018+0000] {dag.py:3823} INFO - Setting next_dagrun for example_branch_labels to 2024-01-29 00:00:00+00:00, run_after=2024-01-30 00:00:00+00:00
[2024-01-30T22:05:23.049+0000] {processor.py:183} INFO - Processing /home/airflow/.local/lib/python3.8/site-packages/airflow/example_dags/example_branch_labels.py took 0.103 seconds
[2024-01-30T22:05:56.361+0000] {processor.py:161} INFO - Started process (PID=1450) to work on /home/airflow/.local/lib/python3.8/site-packages/airflow/example_dags/example_branch_labels.py
[2024-01-30T22:05:56.387+0000] {processor.py:830} INFO - Processing file /home/airflow/.local/lib/python3.8/site-packages/airflow/example_dags/example_branch_labels.py for tasks to queue
[2024-01-30T22:05:56.406+0000] {logging_mixin.py:188} INFO - [2024-01-30T22:05:56.403+0000] {dagbag.py:538} INFO - Filling up the DagBag from /home/airflow/.local/lib/python3.8/site-packages/airflow/example_dags/example_branch_labels.py
[2024-01-30T22:05:56.600+0000] {processor.py:840} INFO - DAG(s) 'example_branch_labels' retrieved from /home/airflow/.local/lib/python3.8/site-packages/airflow/example_dags/example_branch_labels.py
[2024-01-30T22:05:57.110+0000] {logging_mixin.py:188} INFO - [2024-01-30T22:05:57.106+0000] {dag.py:3036} INFO - Sync 1 DAGs
[2024-01-30T22:05:57.590+0000] {logging_mixin.py:188} INFO - [2024-01-30T22:05:57.581+0000] {dag.py:3823} INFO - Setting next_dagrun for example_branch_labels to 2024-01-29 00:00:00+00:00, run_after=2024-01-30 00:00:00+00:00
[2024-01-30T22:05:58.057+0000] {processor.py:183} INFO - Processing /home/airflow/.local/lib/python3.8/site-packages/airflow/example_dags/example_branch_labels.py took 1.763 seconds
[2024-01-30T22:06:28.892+0000] {processor.py:161} INFO - Started process (PID=1507) to work on /home/airflow/.local/lib/python3.8/site-packages/airflow/example_dags/example_branch_labels.py
[2024-01-30T22:06:28.893+0000] {processor.py:830} INFO - Processing file /home/airflow/.local/lib/python3.8/site-packages/airflow/example_dags/example_branch_labels.py for tasks to queue
[2024-01-30T22:06:28.894+0000] {logging_mixin.py:188} INFO - [2024-01-30T22:06:28.894+0000] {dagbag.py:538} INFO - Filling up the DagBag from /home/airflow/.local/lib/python3.8/site-packages/airflow/example_dags/example_branch_labels.py
[2024-01-30T22:06:28.901+0000] {processor.py:840} INFO - DAG(s) 'example_branch_labels' retrieved from /home/airflow/.local/lib/python3.8/site-packages/airflow/example_dags/example_branch_labels.py
[2024-01-30T22:06:28.925+0000] {logging_mixin.py:188} INFO - [2024-01-30T22:06:28.925+0000] {dag.py:3036} INFO - Sync 1 DAGs
[2024-01-30T22:06:28.950+0000] {logging_mixin.py:188} INFO - [2024-01-30T22:06:28.949+0000] {dag.py:3823} INFO - Setting next_dagrun for example_branch_labels to 2024-01-29 00:00:00+00:00, run_after=2024-01-30 00:00:00+00:00
[2024-01-30T22:06:29.012+0000] {processor.py:183} INFO - Processing /home/airflow/.local/lib/python3.8/site-packages/airflow/example_dags/example_branch_labels.py took 0.123 seconds
[2024-01-30T22:06:59.080+0000] {processor.py:161} INFO - Started process (PID=1564) to work on /home/airflow/.local/lib/python3.8/site-packages/airflow/example_dags/example_branch_labels.py
[2024-01-30T22:06:59.082+0000] {processor.py:830} INFO - Processing file /home/airflow/.local/lib/python3.8/site-packages/airflow/example_dags/example_branch_labels.py for tasks to queue
[2024-01-30T22:06:59.085+0000] {logging_mixin.py:188} INFO - [2024-01-30T22:06:59.085+0000] {dagbag.py:538} INFO - Filling up the DagBag from /home/airflow/.local/lib/python3.8/site-packages/airflow/example_dags/example_branch_labels.py
[2024-01-30T22:06:59.099+0000] {processor.py:840} INFO - DAG(s) 'example_branch_labels' retrieved from /home/airflow/.local/lib/python3.8/site-packages/airflow/example_dags/example_branch_labels.py
[2024-01-30T22:06:59.141+0000] {logging_mixin.py:188} INFO - [2024-01-30T22:06:59.140+0000] {dag.py:3036} INFO - Sync 1 DAGs
[2024-01-30T22:06:59.178+0000] {logging_mixin.py:188} INFO - [2024-01-30T22:06:59.177+0000] {dag.py:3823} INFO - Setting next_dagrun for example_branch_labels to 2024-01-29 00:00:00+00:00, run_after=2024-01-30 00:00:00+00:00
[2024-01-30T22:06:59.216+0000] {processor.py:183} INFO - Processing /home/airflow/.local/lib/python3.8/site-packages/airflow/example_dags/example_branch_labels.py took 0.141 seconds
[2024-01-30T22:07:29.396+0000] {processor.py:161} INFO - Started process (PID=1621) to work on /home/airflow/.local/lib/python3.8/site-packages/airflow/example_dags/example_branch_labels.py
[2024-01-30T22:07:29.398+0000] {processor.py:830} INFO - Processing file /home/airflow/.local/lib/python3.8/site-packages/airflow/example_dags/example_branch_labels.py for tasks to queue
[2024-01-30T22:07:29.399+0000] {logging_mixin.py:188} INFO - [2024-01-30T22:07:29.399+0000] {dagbag.py:538} INFO - Filling up the DagBag from /home/airflow/.local/lib/python3.8/site-packages/airflow/example_dags/example_branch_labels.py
[2024-01-30T22:07:29.407+0000] {processor.py:840} INFO - DAG(s) 'example_branch_labels' retrieved from /home/airflow/.local/lib/python3.8/site-packages/airflow/example_dags/example_branch_labels.py
[2024-01-30T22:07:29.430+0000] {logging_mixin.py:188} INFO - [2024-01-30T22:07:29.429+0000] {dag.py:3036} INFO - Sync 1 DAGs
[2024-01-30T22:07:29.456+0000] {logging_mixin.py:188} INFO - [2024-01-30T22:07:29.456+0000] {dag.py:3823} INFO - Setting next_dagrun for example_branch_labels to 2024-01-29 00:00:00+00:00, run_after=2024-01-30 00:00:00+00:00
[2024-01-30T22:07:29.488+0000] {processor.py:183} INFO - Processing /home/airflow/.local/lib/python3.8/site-packages/airflow/example_dags/example_branch_labels.py took 0.095 seconds
[2024-01-30T22:07:59.987+0000] {processor.py:161} INFO - Started process (PID=1678) to work on /home/airflow/.local/lib/python3.8/site-packages/airflow/example_dags/example_branch_labels.py
[2024-01-30T22:07:59.988+0000] {processor.py:830} INFO - Processing file /home/airflow/.local/lib/python3.8/site-packages/airflow/example_dags/example_branch_labels.py for tasks to queue
[2024-01-30T22:07:59.990+0000] {logging_mixin.py:188} INFO - [2024-01-30T22:07:59.989+0000] {dagbag.py:538} INFO - Filling up the DagBag from /home/airflow/.local/lib/python3.8/site-packages/airflow/example_dags/example_branch_labels.py
[2024-01-30T22:07:59.997+0000] {processor.py:840} INFO - DAG(s) 'example_branch_labels' retrieved from /home/airflow/.local/lib/python3.8/site-packages/airflow/example_dags/example_branch_labels.py
[2024-01-30T22:08:00.023+0000] {logging_mixin.py:188} INFO - [2024-01-30T22:08:00.023+0000] {dag.py:3036} INFO - Sync 1 DAGs
[2024-01-30T22:08:00.048+0000] {logging_mixin.py:188} INFO - [2024-01-30T22:08:00.048+0000] {dag.py:3823} INFO - Setting next_dagrun for example_branch_labels to 2024-01-29 00:00:00+00:00, run_after=2024-01-30 00:00:00+00:00
[2024-01-30T22:08:00.102+0000] {processor.py:183} INFO - Processing /home/airflow/.local/lib/python3.8/site-packages/airflow/example_dags/example_branch_labels.py took 0.117 seconds
[2024-01-30T22:08:30.268+0000] {processor.py:161} INFO - Started process (PID=1735) to work on /home/airflow/.local/lib/python3.8/site-packages/airflow/example_dags/example_branch_labels.py
[2024-01-30T22:08:30.270+0000] {processor.py:830} INFO - Processing file /home/airflow/.local/lib/python3.8/site-packages/airflow/example_dags/example_branch_labels.py for tasks to queue
[2024-01-30T22:08:30.271+0000] {logging_mixin.py:188} INFO - [2024-01-30T22:08:30.271+0000] {dagbag.py:538} INFO - Filling up the DagBag from /home/airflow/.local/lib/python3.8/site-packages/airflow/example_dags/example_branch_labels.py
[2024-01-30T22:08:30.282+0000] {processor.py:840} INFO - DAG(s) 'example_branch_labels' retrieved from /home/airflow/.local/lib/python3.8/site-packages/airflow/example_dags/example_branch_labels.py
[2024-01-30T22:08:30.315+0000] {logging_mixin.py:188} INFO - [2024-01-30T22:08:30.315+0000] {dag.py:3036} INFO - Sync 1 DAGs
[2024-01-30T22:08:30.356+0000] {logging_mixin.py:188} INFO - [2024-01-30T22:08:30.355+0000] {dag.py:3823} INFO - Setting next_dagrun for example_branch_labels to 2024-01-29 00:00:00+00:00, run_after=2024-01-30 00:00:00+00:00
[2024-01-30T22:08:30.389+0000] {processor.py:183} INFO - Processing /home/airflow/.local/lib/python3.8/site-packages/airflow/example_dags/example_branch_labels.py took 0.127 seconds
[2024-01-30T22:09:00.518+0000] {processor.py:161} INFO - Started process (PID=1792) to work on /home/airflow/.local/lib/python3.8/site-packages/airflow/example_dags/example_branch_labels.py
[2024-01-30T22:09:00.520+0000] {processor.py:830} INFO - Processing file /home/airflow/.local/lib/python3.8/site-packages/airflow/example_dags/example_branch_labels.py for tasks to queue
[2024-01-30T22:09:00.522+0000] {logging_mixin.py:188} INFO - [2024-01-30T22:09:00.521+0000] {dagbag.py:538} INFO - Filling up the DagBag from /home/airflow/.local/lib/python3.8/site-packages/airflow/example_dags/example_branch_labels.py
[2024-01-30T22:09:00.533+0000] {processor.py:840} INFO - DAG(s) 'example_branch_labels' retrieved from /home/airflow/.local/lib/python3.8/site-packages/airflow/example_dags/example_branch_labels.py
[2024-01-30T22:09:00.560+0000] {logging_mixin.py:188} INFO - [2024-01-30T22:09:00.560+0000] {dag.py:3036} INFO - Sync 1 DAGs
[2024-01-30T22:09:00.589+0000] {logging_mixin.py:188} INFO - [2024-01-30T22:09:00.589+0000] {dag.py:3823} INFO - Setting next_dagrun for example_branch_labels to 2024-01-29 00:00:00+00:00, run_after=2024-01-30 00:00:00+00:00
[2024-01-30T22:09:00.620+0000] {processor.py:183} INFO - Processing /home/airflow/.local/lib/python3.8/site-packages/airflow/example_dags/example_branch_labels.py took 0.105 seconds
[2024-01-30T22:09:30.743+0000] {processor.py:161} INFO - Started process (PID=1850) to work on /home/airflow/.local/lib/python3.8/site-packages/airflow/example_dags/example_branch_labels.py
[2024-01-30T22:09:30.745+0000] {processor.py:830} INFO - Processing file /home/airflow/.local/lib/python3.8/site-packages/airflow/example_dags/example_branch_labels.py for tasks to queue
[2024-01-30T22:09:30.746+0000] {logging_mixin.py:188} INFO - [2024-01-30T22:09:30.746+0000] {dagbag.py:538} INFO - Filling up the DagBag from /home/airflow/.local/lib/python3.8/site-packages/airflow/example_dags/example_branch_labels.py
[2024-01-30T22:09:30.754+0000] {processor.py:840} INFO - DAG(s) 'example_branch_labels' retrieved from /home/airflow/.local/lib/python3.8/site-packages/airflow/example_dags/example_branch_labels.py
[2024-01-30T22:09:30.774+0000] {logging_mixin.py:188} INFO - [2024-01-30T22:09:30.773+0000] {dag.py:3036} INFO - Sync 1 DAGs
[2024-01-30T22:09:30.800+0000] {logging_mixin.py:188} INFO - [2024-01-30T22:09:30.800+0000] {dag.py:3823} INFO - Setting next_dagrun for example_branch_labels to 2024-01-29 00:00:00+00:00, run_after=2024-01-30 00:00:00+00:00
[2024-01-30T22:09:30.836+0000] {processor.py:183} INFO - Processing /home/airflow/.local/lib/python3.8/site-packages/airflow/example_dags/example_branch_labels.py took 0.096 seconds
[2024-01-30T22:10:01.470+0000] {processor.py:161} INFO - Started process (PID=1906) to work on /home/airflow/.local/lib/python3.8/site-packages/airflow/example_dags/example_branch_labels.py
[2024-01-30T22:10:01.471+0000] {processor.py:830} INFO - Processing file /home/airflow/.local/lib/python3.8/site-packages/airflow/example_dags/example_branch_labels.py for tasks to queue
[2024-01-30T22:10:01.472+0000] {logging_mixin.py:188} INFO - [2024-01-30T22:10:01.472+0000] {dagbag.py:538} INFO - Filling up the DagBag from /home/airflow/.local/lib/python3.8/site-packages/airflow/example_dags/example_branch_labels.py
[2024-01-30T22:10:01.480+0000] {processor.py:840} INFO - DAG(s) 'example_branch_labels' retrieved from /home/airflow/.local/lib/python3.8/site-packages/airflow/example_dags/example_branch_labels.py
[2024-01-30T22:10:01.608+0000] {logging_mixin.py:188} INFO - [2024-01-30T22:10:01.608+0000] {dag.py:3036} INFO - Sync 1 DAGs
[2024-01-30T22:10:01.639+0000] {logging_mixin.py:188} INFO - [2024-01-30T22:10:01.639+0000] {dag.py:3823} INFO - Setting next_dagrun for example_branch_labels to 2024-01-29 00:00:00+00:00, run_after=2024-01-30 00:00:00+00:00
[2024-01-30T22:10:01.670+0000] {processor.py:183} INFO - Processing /home/airflow/.local/lib/python3.8/site-packages/airflow/example_dags/example_branch_labels.py took 0.203 seconds
[2024-01-30T22:10:37.477+0000] {processor.py:161} INFO - Started process (PID=1963) to work on /home/airflow/.local/lib/python3.8/site-packages/airflow/example_dags/example_branch_labels.py
[2024-01-30T22:10:37.479+0000] {processor.py:830} INFO - Processing file /home/airflow/.local/lib/python3.8/site-packages/airflow/example_dags/example_branch_labels.py for tasks to queue
[2024-01-30T22:10:37.481+0000] {logging_mixin.py:188} INFO - [2024-01-30T22:10:37.481+0000] {dagbag.py:538} INFO - Filling up the DagBag from /home/airflow/.local/lib/python3.8/site-packages/airflow/example_dags/example_branch_labels.py
[2024-01-30T22:10:37.491+0000] {processor.py:840} INFO - DAG(s) 'example_branch_labels' retrieved from /home/airflow/.local/lib/python3.8/site-packages/airflow/example_dags/example_branch_labels.py
[2024-01-30T22:10:37.534+0000] {logging_mixin.py:188} INFO - [2024-01-30T22:10:37.534+0000] {dag.py:3036} INFO - Sync 1 DAGs
[2024-01-30T22:10:37.569+0000] {logging_mixin.py:188} INFO - [2024-01-30T22:10:37.569+0000] {dag.py:3823} INFO - Setting next_dagrun for example_branch_labels to 2024-01-29 00:00:00+00:00, run_after=2024-01-30 00:00:00+00:00
[2024-01-30T22:10:37.626+0000] {processor.py:183} INFO - Processing /home/airflow/.local/lib/python3.8/site-packages/airflow/example_dags/example_branch_labels.py took 0.152 seconds
[2024-01-30T22:11:08.306+0000] {processor.py:161} INFO - Started process (PID=2020) to work on /home/airflow/.local/lib/python3.8/site-packages/airflow/example_dags/example_branch_labels.py
[2024-01-30T22:11:08.307+0000] {processor.py:830} INFO - Processing file /home/airflow/.local/lib/python3.8/site-packages/airflow/example_dags/example_branch_labels.py for tasks to queue
[2024-01-30T22:11:08.310+0000] {logging_mixin.py:188} INFO - [2024-01-30T22:11:08.309+0000] {dagbag.py:538} INFO - Filling up the DagBag from /home/airflow/.local/lib/python3.8/site-packages/airflow/example_dags/example_branch_labels.py
[2024-01-30T22:11:08.324+0000] {processor.py:840} INFO - DAG(s) 'example_branch_labels' retrieved from /home/airflow/.local/lib/python3.8/site-packages/airflow/example_dags/example_branch_labels.py
[2024-01-30T22:11:08.358+0000] {logging_mixin.py:188} INFO - [2024-01-30T22:11:08.358+0000] {dag.py:3036} INFO - Sync 1 DAGs
[2024-01-30T22:11:08.393+0000] {logging_mixin.py:188} INFO - [2024-01-30T22:11:08.392+0000] {dag.py:3823} INFO - Setting next_dagrun for example_branch_labels to 2024-01-29 00:00:00+00:00, run_after=2024-01-30 00:00:00+00:00
[2024-01-30T22:11:08.434+0000] {processor.py:183} INFO - Processing /home/airflow/.local/lib/python3.8/site-packages/airflow/example_dags/example_branch_labels.py took 0.132 seconds
[2024-01-30T22:11:39.083+0000] {processor.py:161} INFO - Started process (PID=2076) to work on /home/airflow/.local/lib/python3.8/site-packages/airflow/example_dags/example_branch_labels.py
[2024-01-30T22:11:39.085+0000] {processor.py:830} INFO - Processing file /home/airflow/.local/lib/python3.8/site-packages/airflow/example_dags/example_branch_labels.py for tasks to queue
[2024-01-30T22:11:39.088+0000] {logging_mixin.py:188} INFO - [2024-01-30T22:11:39.087+0000] {dagbag.py:538} INFO - Filling up the DagBag from /home/airflow/.local/lib/python3.8/site-packages/airflow/example_dags/example_branch_labels.py
[2024-01-30T22:11:39.100+0000] {processor.py:840} INFO - DAG(s) 'example_branch_labels' retrieved from /home/airflow/.local/lib/python3.8/site-packages/airflow/example_dags/example_branch_labels.py
[2024-01-30T22:11:39.131+0000] {logging_mixin.py:188} INFO - [2024-01-30T22:11:39.130+0000] {dag.py:3036} INFO - Sync 1 DAGs
[2024-01-30T22:11:39.164+0000] {logging_mixin.py:188} INFO - [2024-01-30T22:11:39.163+0000] {dag.py:3823} INFO - Setting next_dagrun for example_branch_labels to 2024-01-29 00:00:00+00:00, run_after=2024-01-30 00:00:00+00:00
[2024-01-30T22:11:39.257+0000] {processor.py:183} INFO - Processing /home/airflow/.local/lib/python3.8/site-packages/airflow/example_dags/example_branch_labels.py took 0.180 seconds
[2024-01-30T22:12:09.468+0000] {processor.py:161} INFO - Started process (PID=2132) to work on /home/airflow/.local/lib/python3.8/site-packages/airflow/example_dags/example_branch_labels.py
[2024-01-30T22:12:09.470+0000] {processor.py:830} INFO - Processing file /home/airflow/.local/lib/python3.8/site-packages/airflow/example_dags/example_branch_labels.py for tasks to queue
[2024-01-30T22:12:09.472+0000] {logging_mixin.py:188} INFO - [2024-01-30T22:12:09.472+0000] {dagbag.py:538} INFO - Filling up the DagBag from /home/airflow/.local/lib/python3.8/site-packages/airflow/example_dags/example_branch_labels.py
[2024-01-30T22:12:09.482+0000] {processor.py:840} INFO - DAG(s) 'example_branch_labels' retrieved from /home/airflow/.local/lib/python3.8/site-packages/airflow/example_dags/example_branch_labels.py
[2024-01-30T22:12:09.513+0000] {logging_mixin.py:188} INFO - [2024-01-30T22:12:09.513+0000] {dag.py:3036} INFO - Sync 1 DAGs
[2024-01-30T22:12:09.551+0000] {logging_mixin.py:188} INFO - [2024-01-30T22:12:09.551+0000] {dag.py:3823} INFO - Setting next_dagrun for example_branch_labels to 2024-01-29 00:00:00+00:00, run_after=2024-01-30 00:00:00+00:00
[2024-01-30T22:12:09.607+0000] {processor.py:183} INFO - Processing /home/airflow/.local/lib/python3.8/site-packages/airflow/example_dags/example_branch_labels.py took 0.142 seconds
[2024-01-30T22:12:39.660+0000] {processor.py:161} INFO - Started process (PID=2189) to work on /home/airflow/.local/lib/python3.8/site-packages/airflow/example_dags/example_branch_labels.py
[2024-01-30T22:12:39.662+0000] {processor.py:830} INFO - Processing file /home/airflow/.local/lib/python3.8/site-packages/airflow/example_dags/example_branch_labels.py for tasks to queue
[2024-01-30T22:12:39.663+0000] {logging_mixin.py:188} INFO - [2024-01-30T22:12:39.663+0000] {dagbag.py:538} INFO - Filling up the DagBag from /home/airflow/.local/lib/python3.8/site-packages/airflow/example_dags/example_branch_labels.py
[2024-01-30T22:12:39.671+0000] {processor.py:840} INFO - DAG(s) 'example_branch_labels' retrieved from /home/airflow/.local/lib/python3.8/site-packages/airflow/example_dags/example_branch_labels.py
[2024-01-30T22:12:39.698+0000] {logging_mixin.py:188} INFO - [2024-01-30T22:12:39.697+0000] {dag.py:3036} INFO - Sync 1 DAGs
[2024-01-30T22:12:39.727+0000] {logging_mixin.py:188} INFO - [2024-01-30T22:12:39.727+0000] {dag.py:3823} INFO - Setting next_dagrun for example_branch_labels to 2024-01-29 00:00:00+00:00, run_after=2024-01-30 00:00:00+00:00
[2024-01-30T22:12:39.756+0000] {processor.py:183} INFO - Processing /home/airflow/.local/lib/python3.8/site-packages/airflow/example_dags/example_branch_labels.py took 0.098 seconds
[2024-01-30T22:13:10.501+0000] {processor.py:161} INFO - Started process (PID=2244) to work on /home/airflow/.local/lib/python3.8/site-packages/airflow/example_dags/example_branch_labels.py
[2024-01-30T22:13:10.502+0000] {processor.py:830} INFO - Processing file /home/airflow/.local/lib/python3.8/site-packages/airflow/example_dags/example_branch_labels.py for tasks to queue
[2024-01-30T22:13:10.503+0000] {logging_mixin.py:188} INFO - [2024-01-30T22:13:10.503+0000] {dagbag.py:538} INFO - Filling up the DagBag from /home/airflow/.local/lib/python3.8/site-packages/airflow/example_dags/example_branch_labels.py
[2024-01-30T22:13:10.510+0000] {processor.py:840} INFO - DAG(s) 'example_branch_labels' retrieved from /home/airflow/.local/lib/python3.8/site-packages/airflow/example_dags/example_branch_labels.py
[2024-01-30T22:13:10.534+0000] {logging_mixin.py:188} INFO - [2024-01-30T22:13:10.533+0000] {dag.py:3036} INFO - Sync 1 DAGs
[2024-01-30T22:13:10.561+0000] {logging_mixin.py:188} INFO - [2024-01-30T22:13:10.561+0000] {dag.py:3823} INFO - Setting next_dagrun for example_branch_labels to 2024-01-29 00:00:00+00:00, run_after=2024-01-30 00:00:00+00:00
[2024-01-30T22:13:10.606+0000] {processor.py:183} INFO - Processing /home/airflow/.local/lib/python3.8/site-packages/airflow/example_dags/example_branch_labels.py took 0.108 seconds
[2024-01-30T22:13:41.332+0000] {processor.py:161} INFO - Started process (PID=2301) to work on /home/airflow/.local/lib/python3.8/site-packages/airflow/example_dags/example_branch_labels.py
[2024-01-30T22:13:41.333+0000] {processor.py:830} INFO - Processing file /home/airflow/.local/lib/python3.8/site-packages/airflow/example_dags/example_branch_labels.py for tasks to queue
[2024-01-30T22:13:41.336+0000] {logging_mixin.py:188} INFO - [2024-01-30T22:13:41.335+0000] {dagbag.py:538} INFO - Filling up the DagBag from /home/airflow/.local/lib/python3.8/site-packages/airflow/example_dags/example_branch_labels.py
[2024-01-30T22:13:41.344+0000] {processor.py:840} INFO - DAG(s) 'example_branch_labels' retrieved from /home/airflow/.local/lib/python3.8/site-packages/airflow/example_dags/example_branch_labels.py
[2024-01-30T22:13:41.371+0000] {logging_mixin.py:188} INFO - [2024-01-30T22:13:41.371+0000] {dag.py:3036} INFO - Sync 1 DAGs
[2024-01-30T22:13:41.397+0000] {logging_mixin.py:188} INFO - [2024-01-30T22:13:41.397+0000] {dag.py:3823} INFO - Setting next_dagrun for example_branch_labels to 2024-01-29 00:00:00+00:00, run_after=2024-01-30 00:00:00+00:00
[2024-01-30T22:13:41.422+0000] {processor.py:183} INFO - Processing /home/airflow/.local/lib/python3.8/site-packages/airflow/example_dags/example_branch_labels.py took 0.094 seconds
[2024-01-30T22:14:15.756+0000] {processor.py:161} INFO - Started process (PID=2358) to work on /home/airflow/.local/lib/python3.8/site-packages/airflow/example_dags/example_branch_labels.py
[2024-01-30T22:14:15.775+0000] {processor.py:830} INFO - Processing file /home/airflow/.local/lib/python3.8/site-packages/airflow/example_dags/example_branch_labels.py for tasks to queue
[2024-01-30T22:14:15.788+0000] {logging_mixin.py:188} INFO - [2024-01-30T22:14:15.785+0000] {dagbag.py:538} INFO - Filling up the DagBag from /home/airflow/.local/lib/python3.8/site-packages/airflow/example_dags/example_branch_labels.py
[2024-01-30T22:14:15.894+0000] {processor.py:840} INFO - DAG(s) 'example_branch_labels' retrieved from /home/airflow/.local/lib/python3.8/site-packages/airflow/example_dags/example_branch_labels.py
[2024-01-30T22:14:16.172+0000] {logging_mixin.py:188} INFO - [2024-01-30T22:14:16.169+0000] {dag.py:3036} INFO - Sync 1 DAGs
[2024-01-30T22:14:16.433+0000] {logging_mixin.py:188} INFO - [2024-01-30T22:14:16.431+0000] {dag.py:3823} INFO - Setting next_dagrun for example_branch_labels to 2024-01-29 00:00:00+00:00, run_after=2024-01-30 00:00:00+00:00
[2024-01-30T22:14:16.667+0000] {processor.py:183} INFO - Processing /home/airflow/.local/lib/python3.8/site-packages/airflow/example_dags/example_branch_labels.py took 0.944 seconds
[2024-01-30T22:14:47.646+0000] {processor.py:161} INFO - Started process (PID=2416) to work on /home/airflow/.local/lib/python3.8/site-packages/airflow/example_dags/example_branch_labels.py
[2024-01-30T22:14:47.647+0000] {processor.py:830} INFO - Processing file /home/airflow/.local/lib/python3.8/site-packages/airflow/example_dags/example_branch_labels.py for tasks to queue
[2024-01-30T22:14:47.649+0000] {logging_mixin.py:188} INFO - [2024-01-30T22:14:47.648+0000] {dagbag.py:538} INFO - Filling up the DagBag from /home/airflow/.local/lib/python3.8/site-packages/airflow/example_dags/example_branch_labels.py
[2024-01-30T22:14:47.657+0000] {processor.py:840} INFO - DAG(s) 'example_branch_labels' retrieved from /home/airflow/.local/lib/python3.8/site-packages/airflow/example_dags/example_branch_labels.py
[2024-01-30T22:14:47.679+0000] {logging_mixin.py:188} INFO - [2024-01-30T22:14:47.678+0000] {dag.py:3036} INFO - Sync 1 DAGs
[2024-01-30T22:14:47.703+0000] {logging_mixin.py:188} INFO - [2024-01-30T22:14:47.702+0000] {dag.py:3823} INFO - Setting next_dagrun for example_branch_labels to 2024-01-29 00:00:00+00:00, run_after=2024-01-30 00:00:00+00:00
[2024-01-30T22:14:47.728+0000] {processor.py:183} INFO - Processing /home/airflow/.local/lib/python3.8/site-packages/airflow/example_dags/example_branch_labels.py took 0.085 seconds
[2024-01-30T22:15:19.480+0000] {processor.py:161} INFO - Started process (PID=2473) to work on /home/airflow/.local/lib/python3.8/site-packages/airflow/example_dags/example_branch_labels.py
[2024-01-30T22:15:19.482+0000] {processor.py:830} INFO - Processing file /home/airflow/.local/lib/python3.8/site-packages/airflow/example_dags/example_branch_labels.py for tasks to queue
[2024-01-30T22:15:19.484+0000] {logging_mixin.py:188} INFO - [2024-01-30T22:15:19.483+0000] {dagbag.py:538} INFO - Filling up the DagBag from /home/airflow/.local/lib/python3.8/site-packages/airflow/example_dags/example_branch_labels.py
[2024-01-30T22:15:19.496+0000] {processor.py:840} INFO - DAG(s) 'example_branch_labels' retrieved from /home/airflow/.local/lib/python3.8/site-packages/airflow/example_dags/example_branch_labels.py
[2024-01-30T22:15:19.531+0000] {logging_mixin.py:188} INFO - [2024-01-30T22:15:19.531+0000] {dag.py:3036} INFO - Sync 1 DAGs
[2024-01-30T22:15:19.569+0000] {logging_mixin.py:188} INFO - [2024-01-30T22:15:19.569+0000] {dag.py:3823} INFO - Setting next_dagrun for example_branch_labels to 2024-01-29 00:00:00+00:00, run_after=2024-01-30 00:00:00+00:00
[2024-01-30T22:15:19.606+0000] {processor.py:183} INFO - Processing /home/airflow/.local/lib/python3.8/site-packages/airflow/example_dags/example_branch_labels.py took 0.130 seconds
[2024-01-30T22:15:49.850+0000] {processor.py:161} INFO - Started process (PID=2535) to work on /home/airflow/.local/lib/python3.8/site-packages/airflow/example_dags/example_branch_labels.py
[2024-01-30T22:15:49.852+0000] {processor.py:830} INFO - Processing file /home/airflow/.local/lib/python3.8/site-packages/airflow/example_dags/example_branch_labels.py for tasks to queue
[2024-01-30T22:15:49.853+0000] {logging_mixin.py:188} INFO - [2024-01-30T22:15:49.853+0000] {dagbag.py:538} INFO - Filling up the DagBag from /home/airflow/.local/lib/python3.8/site-packages/airflow/example_dags/example_branch_labels.py
[2024-01-30T22:15:49.866+0000] {processor.py:840} INFO - DAG(s) 'example_branch_labels' retrieved from /home/airflow/.local/lib/python3.8/site-packages/airflow/example_dags/example_branch_labels.py
[2024-01-30T22:15:49.901+0000] {logging_mixin.py:188} INFO - [2024-01-30T22:15:49.901+0000] {dag.py:3036} INFO - Sync 1 DAGs
[2024-01-30T22:15:49.934+0000] {logging_mixin.py:188} INFO - [2024-01-30T22:15:49.933+0000] {dag.py:3823} INFO - Setting next_dagrun for example_branch_labels to 2024-01-29 00:00:00+00:00, run_after=2024-01-30 00:00:00+00:00
[2024-01-30T22:15:49.963+0000] {processor.py:183} INFO - Processing /home/airflow/.local/lib/python3.8/site-packages/airflow/example_dags/example_branch_labels.py took 0.118 seconds
[2024-01-30T22:16:20.506+0000] {processor.py:161} INFO - Started process (PID=2597) to work on /home/airflow/.local/lib/python3.8/site-packages/airflow/example_dags/example_branch_labels.py
[2024-01-30T22:16:20.507+0000] {processor.py:830} INFO - Processing file /home/airflow/.local/lib/python3.8/site-packages/airflow/example_dags/example_branch_labels.py for tasks to queue
[2024-01-30T22:16:20.509+0000] {logging_mixin.py:188} INFO - [2024-01-30T22:16:20.508+0000] {dagbag.py:538} INFO - Filling up the DagBag from /home/airflow/.local/lib/python3.8/site-packages/airflow/example_dags/example_branch_labels.py
[2024-01-30T22:16:20.517+0000] {processor.py:840} INFO - DAG(s) 'example_branch_labels' retrieved from /home/airflow/.local/lib/python3.8/site-packages/airflow/example_dags/example_branch_labels.py
[2024-01-30T22:16:20.540+0000] {logging_mixin.py:188} INFO - [2024-01-30T22:16:20.540+0000] {dag.py:3036} INFO - Sync 1 DAGs
[2024-01-30T22:16:20.567+0000] {logging_mixin.py:188} INFO - [2024-01-30T22:16:20.566+0000] {dag.py:3823} INFO - Setting next_dagrun for example_branch_labels to 2024-01-29 00:00:00+00:00, run_after=2024-01-30 00:00:00+00:00
[2024-01-30T22:16:20.624+0000] {processor.py:183} INFO - Processing /home/airflow/.local/lib/python3.8/site-packages/airflow/example_dags/example_branch_labels.py took 0.120 seconds
[2024-01-30T22:16:51.133+0000] {processor.py:161} INFO - Started process (PID=2654) to work on /home/airflow/.local/lib/python3.8/site-packages/airflow/example_dags/example_branch_labels.py
[2024-01-30T22:16:51.134+0000] {processor.py:830} INFO - Processing file /home/airflow/.local/lib/python3.8/site-packages/airflow/example_dags/example_branch_labels.py for tasks to queue
[2024-01-30T22:16:51.135+0000] {logging_mixin.py:188} INFO - [2024-01-30T22:16:51.135+0000] {dagbag.py:538} INFO - Filling up the DagBag from /home/airflow/.local/lib/python3.8/site-packages/airflow/example_dags/example_branch_labels.py
[2024-01-30T22:16:51.143+0000] {processor.py:840} INFO - DAG(s) 'example_branch_labels' retrieved from /home/airflow/.local/lib/python3.8/site-packages/airflow/example_dags/example_branch_labels.py
[2024-01-30T22:16:51.165+0000] {logging_mixin.py:188} INFO - [2024-01-30T22:16:51.165+0000] {dag.py:3036} INFO - Sync 1 DAGs
[2024-01-30T22:16:51.189+0000] {logging_mixin.py:188} INFO - [2024-01-30T22:16:51.189+0000] {dag.py:3823} INFO - Setting next_dagrun for example_branch_labels to 2024-01-29 00:00:00+00:00, run_after=2024-01-30 00:00:00+00:00
[2024-01-30T22:16:51.358+0000] {processor.py:183} INFO - Processing /home/airflow/.local/lib/python3.8/site-packages/airflow/example_dags/example_branch_labels.py took 0.228 seconds
[2024-01-30T22:17:22.112+0000] {processor.py:161} INFO - Started process (PID=2711) to work on /home/airflow/.local/lib/python3.8/site-packages/airflow/example_dags/example_branch_labels.py
[2024-01-30T22:17:22.124+0000] {processor.py:830} INFO - Processing file /home/airflow/.local/lib/python3.8/site-packages/airflow/example_dags/example_branch_labels.py for tasks to queue
[2024-01-30T22:17:22.145+0000] {logging_mixin.py:188} INFO - [2024-01-30T22:17:22.139+0000] {dagbag.py:538} INFO - Filling up the DagBag from /home/airflow/.local/lib/python3.8/site-packages/airflow/example_dags/example_branch_labels.py
[2024-01-30T22:17:22.251+0000] {processor.py:840} INFO - DAG(s) 'example_branch_labels' retrieved from /home/airflow/.local/lib/python3.8/site-packages/airflow/example_dags/example_branch_labels.py
[2024-01-30T22:17:22.541+0000] {logging_mixin.py:188} INFO - [2024-01-30T22:17:22.539+0000] {dag.py:3036} INFO - Sync 1 DAGs
[2024-01-30T22:17:22.937+0000] {logging_mixin.py:188} INFO - [2024-01-30T22:17:22.934+0000] {dag.py:3823} INFO - Setting next_dagrun for example_branch_labels to 2024-01-29 00:00:00+00:00, run_after=2024-01-30 00:00:00+00:00
[2024-01-30T22:17:23.278+0000] {processor.py:183} INFO - Processing /home/airflow/.local/lib/python3.8/site-packages/airflow/example_dags/example_branch_labels.py took 1.196 seconds
[2024-01-30T22:17:54.191+0000] {processor.py:161} INFO - Started process (PID=2769) to work on /home/airflow/.local/lib/python3.8/site-packages/airflow/example_dags/example_branch_labels.py
[2024-01-30T22:17:54.192+0000] {processor.py:830} INFO - Processing file /home/airflow/.local/lib/python3.8/site-packages/airflow/example_dags/example_branch_labels.py for tasks to queue
[2024-01-30T22:17:54.193+0000] {logging_mixin.py:188} INFO - [2024-01-30T22:17:54.193+0000] {dagbag.py:538} INFO - Filling up the DagBag from /home/airflow/.local/lib/python3.8/site-packages/airflow/example_dags/example_branch_labels.py
[2024-01-30T22:17:54.203+0000] {processor.py:840} INFO - DAG(s) 'example_branch_labels' retrieved from /home/airflow/.local/lib/python3.8/site-packages/airflow/example_dags/example_branch_labels.py
[2024-01-30T22:17:54.239+0000] {logging_mixin.py:188} INFO - [2024-01-30T22:17:54.238+0000] {dag.py:3036} INFO - Sync 1 DAGs
[2024-01-30T22:17:54.272+0000] {logging_mixin.py:188} INFO - [2024-01-30T22:17:54.271+0000] {dag.py:3823} INFO - Setting next_dagrun for example_branch_labels to 2024-01-29 00:00:00+00:00, run_after=2024-01-30 00:00:00+00:00
[2024-01-30T22:17:54.308+0000] {processor.py:183} INFO - Processing /home/airflow/.local/lib/python3.8/site-packages/airflow/example_dags/example_branch_labels.py took 0.121 seconds
[2024-01-30T22:18:24.588+0000] {processor.py:161} INFO - Started process (PID=2828) to work on /home/airflow/.local/lib/python3.8/site-packages/airflow/example_dags/example_branch_labels.py
[2024-01-30T22:18:24.591+0000] {processor.py:830} INFO - Processing file /home/airflow/.local/lib/python3.8/site-packages/airflow/example_dags/example_branch_labels.py for tasks to queue
[2024-01-30T22:18:24.593+0000] {logging_mixin.py:188} INFO - [2024-01-30T22:18:24.593+0000] {dagbag.py:538} INFO - Filling up the DagBag from /home/airflow/.local/lib/python3.8/site-packages/airflow/example_dags/example_branch_labels.py
[2024-01-30T22:18:24.604+0000] {processor.py:840} INFO - DAG(s) 'example_branch_labels' retrieved from /home/airflow/.local/lib/python3.8/site-packages/airflow/example_dags/example_branch_labels.py
[2024-01-30T22:18:24.643+0000] {logging_mixin.py:188} INFO - [2024-01-30T22:18:24.642+0000] {dag.py:3036} INFO - Sync 1 DAGs
[2024-01-30T22:18:24.675+0000] {logging_mixin.py:188} INFO - [2024-01-30T22:18:24.675+0000] {dag.py:3823} INFO - Setting next_dagrun for example_branch_labels to 2024-01-29 00:00:00+00:00, run_after=2024-01-30 00:00:00+00:00
[2024-01-30T22:18:24.717+0000] {processor.py:183} INFO - Processing /home/airflow/.local/lib/python3.8/site-packages/airflow/example_dags/example_branch_labels.py took 0.133 seconds
[2024-01-30T22:18:55.243+0000] {processor.py:161} INFO - Started process (PID=2890) to work on /home/airflow/.local/lib/python3.8/site-packages/airflow/example_dags/example_branch_labels.py
[2024-01-30T22:18:55.245+0000] {processor.py:830} INFO - Processing file /home/airflow/.local/lib/python3.8/site-packages/airflow/example_dags/example_branch_labels.py for tasks to queue
[2024-01-30T22:18:55.246+0000] {logging_mixin.py:188} INFO - [2024-01-30T22:18:55.246+0000] {dagbag.py:538} INFO - Filling up the DagBag from /home/airflow/.local/lib/python3.8/site-packages/airflow/example_dags/example_branch_labels.py
[2024-01-30T22:18:55.257+0000] {processor.py:840} INFO - DAG(s) 'example_branch_labels' retrieved from /home/airflow/.local/lib/python3.8/site-packages/airflow/example_dags/example_branch_labels.py
[2024-01-30T22:18:55.285+0000] {logging_mixin.py:188} INFO - [2024-01-30T22:18:55.285+0000] {dag.py:3036} INFO - Sync 1 DAGs
[2024-01-30T22:18:55.462+0000] {logging_mixin.py:188} INFO - [2024-01-30T22:18:55.462+0000] {dag.py:3823} INFO - Setting next_dagrun for example_branch_labels to 2024-01-29 00:00:00+00:00, run_after=2024-01-30 00:00:00+00:00
[2024-01-30T22:18:55.509+0000] {processor.py:183} INFO - Processing /home/airflow/.local/lib/python3.8/site-packages/airflow/example_dags/example_branch_labels.py took 0.269 seconds
[2024-01-30T22:19:25.581+0000] {processor.py:161} INFO - Started process (PID=2947) to work on /home/airflow/.local/lib/python3.8/site-packages/airflow/example_dags/example_branch_labels.py
[2024-01-30T22:19:25.582+0000] {processor.py:830} INFO - Processing file /home/airflow/.local/lib/python3.8/site-packages/airflow/example_dags/example_branch_labels.py for tasks to queue
[2024-01-30T22:19:25.584+0000] {logging_mixin.py:188} INFO - [2024-01-30T22:19:25.583+0000] {dagbag.py:538} INFO - Filling up the DagBag from /home/airflow/.local/lib/python3.8/site-packages/airflow/example_dags/example_branch_labels.py
[2024-01-30T22:19:25.592+0000] {processor.py:840} INFO - DAG(s) 'example_branch_labels' retrieved from /home/airflow/.local/lib/python3.8/site-packages/airflow/example_dags/example_branch_labels.py
[2024-01-30T22:19:25.616+0000] {logging_mixin.py:188} INFO - [2024-01-30T22:19:25.615+0000] {dag.py:3036} INFO - Sync 1 DAGs
[2024-01-30T22:19:25.642+0000] {logging_mixin.py:188} INFO - [2024-01-30T22:19:25.642+0000] {dag.py:3823} INFO - Setting next_dagrun for example_branch_labels to 2024-01-29 00:00:00+00:00, run_after=2024-01-30 00:00:00+00:00
[2024-01-30T22:19:25.804+0000] {processor.py:183} INFO - Processing /home/airflow/.local/lib/python3.8/site-packages/airflow/example_dags/example_branch_labels.py took 0.225 seconds
[2024-01-30T22:19:56.468+0000] {processor.py:161} INFO - Started process (PID=3004) to work on /home/airflow/.local/lib/python3.8/site-packages/airflow/example_dags/example_branch_labels.py
[2024-01-30T22:19:56.469+0000] {processor.py:830} INFO - Processing file /home/airflow/.local/lib/python3.8/site-packages/airflow/example_dags/example_branch_labels.py for tasks to queue
[2024-01-30T22:19:56.471+0000] {logging_mixin.py:188} INFO - [2024-01-30T22:19:56.470+0000] {dagbag.py:538} INFO - Filling up the DagBag from /home/airflow/.local/lib/python3.8/site-packages/airflow/example_dags/example_branch_labels.py
[2024-01-30T22:19:56.477+0000] {processor.py:840} INFO - DAG(s) 'example_branch_labels' retrieved from /home/airflow/.local/lib/python3.8/site-packages/airflow/example_dags/example_branch_labels.py
[2024-01-30T22:19:56.500+0000] {logging_mixin.py:188} INFO - [2024-01-30T22:19:56.500+0000] {dag.py:3036} INFO - Sync 1 DAGs
[2024-01-30T22:19:56.525+0000] {logging_mixin.py:188} INFO - [2024-01-30T22:19:56.525+0000] {dag.py:3823} INFO - Setting next_dagrun for example_branch_labels to 2024-01-29 00:00:00+00:00, run_after=2024-01-30 00:00:00+00:00
[2024-01-30T22:19:56.557+0000] {processor.py:183} INFO - Processing /home/airflow/.local/lib/python3.8/site-packages/airflow/example_dags/example_branch_labels.py took 0.092 seconds
[2024-01-30T22:20:27.204+0000] {processor.py:161} INFO - Started process (PID=3061) to work on /home/airflow/.local/lib/python3.8/site-packages/airflow/example_dags/example_branch_labels.py
[2024-01-30T22:20:27.206+0000] {processor.py:830} INFO - Processing file /home/airflow/.local/lib/python3.8/site-packages/airflow/example_dags/example_branch_labels.py for tasks to queue
[2024-01-30T22:20:27.207+0000] {logging_mixin.py:188} INFO - [2024-01-30T22:20:27.207+0000] {dagbag.py:538} INFO - Filling up the DagBag from /home/airflow/.local/lib/python3.8/site-packages/airflow/example_dags/example_branch_labels.py
[2024-01-30T22:20:27.214+0000] {processor.py:840} INFO - DAG(s) 'example_branch_labels' retrieved from /home/airflow/.local/lib/python3.8/site-packages/airflow/example_dags/example_branch_labels.py
[2024-01-30T22:20:27.235+0000] {logging_mixin.py:188} INFO - [2024-01-30T22:20:27.235+0000] {dag.py:3036} INFO - Sync 1 DAGs
[2024-01-30T22:20:27.259+0000] {logging_mixin.py:188} INFO - [2024-01-30T22:20:27.259+0000] {dag.py:3823} INFO - Setting next_dagrun for example_branch_labels to 2024-01-29 00:00:00+00:00, run_after=2024-01-30 00:00:00+00:00
[2024-01-30T22:20:27.285+0000] {processor.py:183} INFO - Processing /home/airflow/.local/lib/python3.8/site-packages/airflow/example_dags/example_branch_labels.py took 0.083 seconds
[2024-01-30T22:20:57.462+0000] {processor.py:161} INFO - Started process (PID=3118) to work on /home/airflow/.local/lib/python3.8/site-packages/airflow/example_dags/example_branch_labels.py
[2024-01-30T22:20:57.464+0000] {processor.py:830} INFO - Processing file /home/airflow/.local/lib/python3.8/site-packages/airflow/example_dags/example_branch_labels.py for tasks to queue
[2024-01-30T22:20:57.465+0000] {logging_mixin.py:188} INFO - [2024-01-30T22:20:57.465+0000] {dagbag.py:538} INFO - Filling up the DagBag from /home/airflow/.local/lib/python3.8/site-packages/airflow/example_dags/example_branch_labels.py
[2024-01-30T22:20:57.472+0000] {processor.py:840} INFO - DAG(s) 'example_branch_labels' retrieved from /home/airflow/.local/lib/python3.8/site-packages/airflow/example_dags/example_branch_labels.py
[2024-01-30T22:20:57.494+0000] {logging_mixin.py:188} INFO - [2024-01-30T22:20:57.493+0000] {dag.py:3036} INFO - Sync 1 DAGs
[2024-01-30T22:20:57.519+0000] {logging_mixin.py:188} INFO - [2024-01-30T22:20:57.519+0000] {dag.py:3823} INFO - Setting next_dagrun for example_branch_labels to 2024-01-29 00:00:00+00:00, run_after=2024-01-30 00:00:00+00:00
[2024-01-30T22:20:57.577+0000] {processor.py:183} INFO - Processing /home/airflow/.local/lib/python3.8/site-packages/airflow/example_dags/example_branch_labels.py took 0.117 seconds
[2024-01-30T22:21:28.163+0000] {processor.py:161} INFO - Started process (PID=3175) to work on /home/airflow/.local/lib/python3.8/site-packages/airflow/example_dags/example_branch_labels.py
[2024-01-30T22:21:28.164+0000] {processor.py:830} INFO - Processing file /home/airflow/.local/lib/python3.8/site-packages/airflow/example_dags/example_branch_labels.py for tasks to queue
[2024-01-30T22:21:28.166+0000] {logging_mixin.py:188} INFO - [2024-01-30T22:21:28.166+0000] {dagbag.py:538} INFO - Filling up the DagBag from /home/airflow/.local/lib/python3.8/site-packages/airflow/example_dags/example_branch_labels.py
[2024-01-30T22:21:28.173+0000] {processor.py:840} INFO - DAG(s) 'example_branch_labels' retrieved from /home/airflow/.local/lib/python3.8/site-packages/airflow/example_dags/example_branch_labels.py
[2024-01-30T22:21:28.200+0000] {logging_mixin.py:188} INFO - [2024-01-30T22:21:28.199+0000] {dag.py:3036} INFO - Sync 1 DAGs
[2024-01-30T22:21:28.226+0000] {logging_mixin.py:188} INFO - [2024-01-30T22:21:28.225+0000] {dag.py:3823} INFO - Setting next_dagrun for example_branch_labels to 2024-01-29 00:00:00+00:00, run_after=2024-01-30 00:00:00+00:00
[2024-01-30T22:21:28.250+0000] {processor.py:183} INFO - Processing /home/airflow/.local/lib/python3.8/site-packages/airflow/example_dags/example_branch_labels.py took 0.090 seconds
[2024-01-30T22:21:58.678+0000] {processor.py:161} INFO - Started process (PID=3232) to work on /home/airflow/.local/lib/python3.8/site-packages/airflow/example_dags/example_branch_labels.py
[2024-01-30T22:21:58.679+0000] {processor.py:830} INFO - Processing file /home/airflow/.local/lib/python3.8/site-packages/airflow/example_dags/example_branch_labels.py for tasks to queue
[2024-01-30T22:21:58.680+0000] {logging_mixin.py:188} INFO - [2024-01-30T22:21:58.680+0000] {dagbag.py:538} INFO - Filling up the DagBag from /home/airflow/.local/lib/python3.8/site-packages/airflow/example_dags/example_branch_labels.py
[2024-01-30T22:21:58.689+0000] {processor.py:840} INFO - DAG(s) 'example_branch_labels' retrieved from /home/airflow/.local/lib/python3.8/site-packages/airflow/example_dags/example_branch_labels.py
[2024-01-30T22:21:58.715+0000] {logging_mixin.py:188} INFO - [2024-01-30T22:21:58.714+0000] {dag.py:3036} INFO - Sync 1 DAGs
[2024-01-30T22:21:58.746+0000] {logging_mixin.py:188} INFO - [2024-01-30T22:21:58.745+0000] {dag.py:3823} INFO - Setting next_dagrun for example_branch_labels to 2024-01-29 00:00:00+00:00, run_after=2024-01-30 00:00:00+00:00
[2024-01-30T22:21:58.806+0000] {processor.py:183} INFO - Processing /home/airflow/.local/lib/python3.8/site-packages/airflow/example_dags/example_branch_labels.py took 0.132 seconds
[2024-01-30T22:22:29.255+0000] {processor.py:161} INFO - Started process (PID=3289) to work on /home/airflow/.local/lib/python3.8/site-packages/airflow/example_dags/example_branch_labels.py
[2024-01-30T22:22:29.256+0000] {processor.py:830} INFO - Processing file /home/airflow/.local/lib/python3.8/site-packages/airflow/example_dags/example_branch_labels.py for tasks to queue
[2024-01-30T22:22:29.257+0000] {logging_mixin.py:188} INFO - [2024-01-30T22:22:29.257+0000] {dagbag.py:538} INFO - Filling up the DagBag from /home/airflow/.local/lib/python3.8/site-packages/airflow/example_dags/example_branch_labels.py
[2024-01-30T22:22:29.264+0000] {processor.py:840} INFO - DAG(s) 'example_branch_labels' retrieved from /home/airflow/.local/lib/python3.8/site-packages/airflow/example_dags/example_branch_labels.py
[2024-01-30T22:22:29.286+0000] {logging_mixin.py:188} INFO - [2024-01-30T22:22:29.285+0000] {dag.py:3036} INFO - Sync 1 DAGs
[2024-01-30T22:22:29.310+0000] {logging_mixin.py:188} INFO - [2024-01-30T22:22:29.310+0000] {dag.py:3823} INFO - Setting next_dagrun for example_branch_labels to 2024-01-29 00:00:00+00:00, run_after=2024-01-30 00:00:00+00:00
[2024-01-30T22:22:29.334+0000] {processor.py:183} INFO - Processing /home/airflow/.local/lib/python3.8/site-packages/airflow/example_dags/example_branch_labels.py took 0.082 seconds
[2024-01-30T22:22:59.655+0000] {processor.py:161} INFO - Started process (PID=3346) to work on /home/airflow/.local/lib/python3.8/site-packages/airflow/example_dags/example_branch_labels.py
[2024-01-30T22:22:59.656+0000] {processor.py:830} INFO - Processing file /home/airflow/.local/lib/python3.8/site-packages/airflow/example_dags/example_branch_labels.py for tasks to queue
[2024-01-30T22:22:59.657+0000] {logging_mixin.py:188} INFO - [2024-01-30T22:22:59.657+0000] {dagbag.py:538} INFO - Filling up the DagBag from /home/airflow/.local/lib/python3.8/site-packages/airflow/example_dags/example_branch_labels.py
[2024-01-30T22:22:59.665+0000] {processor.py:840} INFO - DAG(s) 'example_branch_labels' retrieved from /home/airflow/.local/lib/python3.8/site-packages/airflow/example_dags/example_branch_labels.py
[2024-01-30T22:22:59.688+0000] {logging_mixin.py:188} INFO - [2024-01-30T22:22:59.688+0000] {dag.py:3036} INFO - Sync 1 DAGs
[2024-01-30T22:22:59.715+0000] {logging_mixin.py:188} INFO - [2024-01-30T22:22:59.715+0000] {dag.py:3823} INFO - Setting next_dagrun for example_branch_labels to 2024-01-29 00:00:00+00:00, run_after=2024-01-30 00:00:00+00:00
[2024-01-30T22:22:59.763+0000] {processor.py:183} INFO - Processing /home/airflow/.local/lib/python3.8/site-packages/airflow/example_dags/example_branch_labels.py took 0.111 seconds
