[2024-01-30T21:53:13.244+0000] {processor.py:161} INFO - Started process (PID=74) to work on /home/airflow/.local/lib/python3.8/site-packages/airflow/example_dags/example_branch_python_dop_operator_3.py
[2024-01-30T21:53:13.246+0000] {processor.py:830} INFO - Processing file /home/airflow/.local/lib/python3.8/site-packages/airflow/example_dags/example_branch_python_dop_operator_3.py for tasks to queue
[2024-01-30T21:53:13.250+0000] {logging_mixin.py:188} INFO - [2024-01-30T21:53:13.249+0000] {dagbag.py:538} INFO - Filling up the DagBag from /home/airflow/.local/lib/python3.8/site-packages/airflow/example_dags/example_branch_python_dop_operator_3.py
[2024-01-30T21:53:13.270+0000] {processor.py:840} INFO - DAG(s) 'example_branch_dop_operator_v3' retrieved from /home/airflow/.local/lib/python3.8/site-packages/airflow/example_dags/example_branch_python_dop_operator_3.py
[2024-01-30T21:53:13.441+0000] {logging_mixin.py:188} INFO - [2024-01-30T21:53:13.441+0000] {dag.py:3036} INFO - Sync 1 DAGs
[2024-01-30T21:53:13.486+0000] {logging_mixin.py:188} INFO - [2024-01-30T21:53:13.485+0000] {dag.py:3823} INFO - Setting next_dagrun for example_branch_dop_operator_v3 to 2024-01-30 21:52:00+00:00, run_after=2024-01-30 21:53:00+00:00
[2024-01-30T21:53:13.564+0000] {processor.py:183} INFO - Processing /home/airflow/.local/lib/python3.8/site-packages/airflow/example_dags/example_branch_python_dop_operator_3.py took 0.324 seconds
[2024-01-30T21:53:54.175+0000] {processor.py:161} INFO - Started process (PID=129) to work on /home/airflow/.local/lib/python3.8/site-packages/airflow/example_dags/example_branch_python_dop_operator_3.py
[2024-01-30T21:53:54.180+0000] {processor.py:830} INFO - Processing file /home/airflow/.local/lib/python3.8/site-packages/airflow/example_dags/example_branch_python_dop_operator_3.py for tasks to queue
[2024-01-30T21:53:54.182+0000] {logging_mixin.py:188} INFO - [2024-01-30T21:53:54.182+0000] {dagbag.py:538} INFO - Filling up the DagBag from /home/airflow/.local/lib/python3.8/site-packages/airflow/example_dags/example_branch_python_dop_operator_3.py
[2024-01-30T21:53:54.195+0000] {processor.py:840} INFO - DAG(s) 'example_branch_dop_operator_v3' retrieved from /home/airflow/.local/lib/python3.8/site-packages/airflow/example_dags/example_branch_python_dop_operator_3.py
[2024-01-30T21:53:54.265+0000] {logging_mixin.py:188} INFO - [2024-01-30T21:53:54.264+0000] {dag.py:3036} INFO - Sync 1 DAGs
[2024-01-30T21:53:54.335+0000] {logging_mixin.py:188} INFO - [2024-01-30T21:53:54.335+0000] {dag.py:3823} INFO - Setting next_dagrun for example_branch_dop_operator_v3 to 2024-01-30 21:52:00+00:00, run_after=2024-01-30 21:53:00+00:00
[2024-01-30T21:53:54.380+0000] {processor.py:183} INFO - Processing /home/airflow/.local/lib/python3.8/site-packages/airflow/example_dags/example_branch_python_dop_operator_3.py took 0.209 seconds
[2024-01-30T21:54:31.828+0000] {processor.py:161} INFO - Started process (PID=184) to work on /home/airflow/.local/lib/python3.8/site-packages/airflow/example_dags/example_branch_python_dop_operator_3.py
[2024-01-30T21:54:31.952+0000] {processor.py:830} INFO - Processing file /home/airflow/.local/lib/python3.8/site-packages/airflow/example_dags/example_branch_python_dop_operator_3.py for tasks to queue
[2024-01-30T21:54:32.015+0000] {logging_mixin.py:188} INFO - [2024-01-30T21:54:32.012+0000] {dagbag.py:538} INFO - Filling up the DagBag from /home/airflow/.local/lib/python3.8/site-packages/airflow/example_dags/example_branch_python_dop_operator_3.py
[2024-01-30T21:54:32.256+0000] {processor.py:840} INFO - DAG(s) 'example_branch_dop_operator_v3' retrieved from /home/airflow/.local/lib/python3.8/site-packages/airflow/example_dags/example_branch_python_dop_operator_3.py
[2024-01-30T21:54:32.703+0000] {logging_mixin.py:188} INFO - [2024-01-30T21:54:32.701+0000] {dag.py:3036} INFO - Sync 1 DAGs
[2024-01-30T21:54:33.536+0000] {logging_mixin.py:188} INFO - [2024-01-30T21:54:33.534+0000] {dag.py:3823} INFO - Setting next_dagrun for example_branch_dop_operator_v3 to 2024-01-30 21:53:00+00:00, run_after=2024-01-30 21:54:00+00:00
[2024-01-30T21:54:33.844+0000] {processor.py:183} INFO - Processing /home/airflow/.local/lib/python3.8/site-packages/airflow/example_dags/example_branch_python_dop_operator_3.py took 2.080 seconds
[2024-01-30T21:55:04.757+0000] {processor.py:161} INFO - Started process (PID=239) to work on /home/airflow/.local/lib/python3.8/site-packages/airflow/example_dags/example_branch_python_dop_operator_3.py
[2024-01-30T21:55:04.758+0000] {processor.py:830} INFO - Processing file /home/airflow/.local/lib/python3.8/site-packages/airflow/example_dags/example_branch_python_dop_operator_3.py for tasks to queue
[2024-01-30T21:55:04.762+0000] {logging_mixin.py:188} INFO - [2024-01-30T21:55:04.761+0000] {dagbag.py:538} INFO - Filling up the DagBag from /home/airflow/.local/lib/python3.8/site-packages/airflow/example_dags/example_branch_python_dop_operator_3.py
[2024-01-30T21:55:04.774+0000] {processor.py:840} INFO - DAG(s) 'example_branch_dop_operator_v3' retrieved from /home/airflow/.local/lib/python3.8/site-packages/airflow/example_dags/example_branch_python_dop_operator_3.py
[2024-01-30T21:55:04.806+0000] {logging_mixin.py:188} INFO - [2024-01-30T21:55:04.806+0000] {dag.py:3036} INFO - Sync 1 DAGs
[2024-01-30T21:55:04.848+0000] {logging_mixin.py:188} INFO - [2024-01-30T21:55:04.848+0000] {dag.py:3823} INFO - Setting next_dagrun for example_branch_dop_operator_v3 to 2024-01-30 21:54:00+00:00, run_after=2024-01-30 21:55:00+00:00
[2024-01-30T21:55:04.886+0000] {processor.py:183} INFO - Processing /home/airflow/.local/lib/python3.8/site-packages/airflow/example_dags/example_branch_python_dop_operator_3.py took 0.133 seconds
[2024-01-30T21:55:35.185+0000] {processor.py:161} INFO - Started process (PID=294) to work on /home/airflow/.local/lib/python3.8/site-packages/airflow/example_dags/example_branch_python_dop_operator_3.py
[2024-01-30T21:55:35.186+0000] {processor.py:830} INFO - Processing file /home/airflow/.local/lib/python3.8/site-packages/airflow/example_dags/example_branch_python_dop_operator_3.py for tasks to queue
[2024-01-30T21:55:35.188+0000] {logging_mixin.py:188} INFO - [2024-01-30T21:55:35.188+0000] {dagbag.py:538} INFO - Filling up the DagBag from /home/airflow/.local/lib/python3.8/site-packages/airflow/example_dags/example_branch_python_dop_operator_3.py
[2024-01-30T21:55:35.196+0000] {processor.py:840} INFO - DAG(s) 'example_branch_dop_operator_v3' retrieved from /home/airflow/.local/lib/python3.8/site-packages/airflow/example_dags/example_branch_python_dop_operator_3.py
[2024-01-30T21:55:35.216+0000] {logging_mixin.py:188} INFO - [2024-01-30T21:55:35.216+0000] {dag.py:3036} INFO - Sync 1 DAGs
[2024-01-30T21:55:35.244+0000] {logging_mixin.py:188} INFO - [2024-01-30T21:55:35.243+0000] {dag.py:3823} INFO - Setting next_dagrun for example_branch_dop_operator_v3 to 2024-01-30 21:54:00+00:00, run_after=2024-01-30 21:55:00+00:00
[2024-01-30T21:55:35.298+0000] {processor.py:183} INFO - Processing /home/airflow/.local/lib/python3.8/site-packages/airflow/example_dags/example_branch_python_dop_operator_3.py took 0.116 seconds
[2024-01-30T21:56:05.387+0000] {processor.py:161} INFO - Started process (PID=349) to work on /home/airflow/.local/lib/python3.8/site-packages/airflow/example_dags/example_branch_python_dop_operator_3.py
[2024-01-30T21:56:05.388+0000] {processor.py:830} INFO - Processing file /home/airflow/.local/lib/python3.8/site-packages/airflow/example_dags/example_branch_python_dop_operator_3.py for tasks to queue
[2024-01-30T21:56:05.390+0000] {logging_mixin.py:188} INFO - [2024-01-30T21:56:05.390+0000] {dagbag.py:538} INFO - Filling up the DagBag from /home/airflow/.local/lib/python3.8/site-packages/airflow/example_dags/example_branch_python_dop_operator_3.py
[2024-01-30T21:56:05.400+0000] {processor.py:840} INFO - DAG(s) 'example_branch_dop_operator_v3' retrieved from /home/airflow/.local/lib/python3.8/site-packages/airflow/example_dags/example_branch_python_dop_operator_3.py
[2024-01-30T21:56:05.425+0000] {logging_mixin.py:188} INFO - [2024-01-30T21:56:05.425+0000] {dag.py:3036} INFO - Sync 1 DAGs
[2024-01-30T21:56:05.454+0000] {logging_mixin.py:188} INFO - [2024-01-30T21:56:05.453+0000] {dag.py:3823} INFO - Setting next_dagrun for example_branch_dop_operator_v3 to 2024-01-30 21:55:00+00:00, run_after=2024-01-30 21:56:00+00:00
[2024-01-30T21:56:05.479+0000] {processor.py:183} INFO - Processing /home/airflow/.local/lib/python3.8/site-packages/airflow/example_dags/example_branch_python_dop_operator_3.py took 0.095 seconds
[2024-01-30T21:56:35.550+0000] {processor.py:161} INFO - Started process (PID=404) to work on /home/airflow/.local/lib/python3.8/site-packages/airflow/example_dags/example_branch_python_dop_operator_3.py
[2024-01-30T21:56:35.552+0000] {processor.py:830} INFO - Processing file /home/airflow/.local/lib/python3.8/site-packages/airflow/example_dags/example_branch_python_dop_operator_3.py for tasks to queue
[2024-01-30T21:56:35.556+0000] {logging_mixin.py:188} INFO - [2024-01-30T21:56:35.556+0000] {dagbag.py:538} INFO - Filling up the DagBag from /home/airflow/.local/lib/python3.8/site-packages/airflow/example_dags/example_branch_python_dop_operator_3.py
[2024-01-30T21:56:35.576+0000] {processor.py:840} INFO - DAG(s) 'example_branch_dop_operator_v3' retrieved from /home/airflow/.local/lib/python3.8/site-packages/airflow/example_dags/example_branch_python_dop_operator_3.py
[2024-01-30T21:56:35.613+0000] {logging_mixin.py:188} INFO - [2024-01-30T21:56:35.613+0000] {dag.py:3036} INFO - Sync 1 DAGs
[2024-01-30T21:56:35.651+0000] {logging_mixin.py:188} INFO - [2024-01-30T21:56:35.651+0000] {dag.py:3823} INFO - Setting next_dagrun for example_branch_dop_operator_v3 to 2024-01-30 21:55:00+00:00, run_after=2024-01-30 21:56:00+00:00
[2024-01-30T21:56:35.677+0000] {processor.py:183} INFO - Processing /home/airflow/.local/lib/python3.8/site-packages/airflow/example_dags/example_branch_python_dop_operator_3.py took 0.130 seconds
[2024-01-30T21:57:05.771+0000] {processor.py:161} INFO - Started process (PID=459) to work on /home/airflow/.local/lib/python3.8/site-packages/airflow/example_dags/example_branch_python_dop_operator_3.py
[2024-01-30T21:57:05.773+0000] {processor.py:830} INFO - Processing file /home/airflow/.local/lib/python3.8/site-packages/airflow/example_dags/example_branch_python_dop_operator_3.py for tasks to queue
[2024-01-30T21:57:05.775+0000] {logging_mixin.py:188} INFO - [2024-01-30T21:57:05.775+0000] {dagbag.py:538} INFO - Filling up the DagBag from /home/airflow/.local/lib/python3.8/site-packages/airflow/example_dags/example_branch_python_dop_operator_3.py
[2024-01-30T21:57:05.784+0000] {processor.py:840} INFO - DAG(s) 'example_branch_dop_operator_v3' retrieved from /home/airflow/.local/lib/python3.8/site-packages/airflow/example_dags/example_branch_python_dop_operator_3.py
[2024-01-30T21:57:05.807+0000] {logging_mixin.py:188} INFO - [2024-01-30T21:57:05.807+0000] {dag.py:3036} INFO - Sync 1 DAGs
[2024-01-30T21:57:05.836+0000] {logging_mixin.py:188} INFO - [2024-01-30T21:57:05.836+0000] {dag.py:3823} INFO - Setting next_dagrun for example_branch_dop_operator_v3 to 2024-01-30 21:56:00+00:00, run_after=2024-01-30 21:57:00+00:00
[2024-01-30T21:57:05.866+0000] {processor.py:183} INFO - Processing /home/airflow/.local/lib/python3.8/site-packages/airflow/example_dags/example_branch_python_dop_operator_3.py took 0.098 seconds
[2024-01-30T21:57:36.189+0000] {processor.py:161} INFO - Started process (PID=514) to work on /home/airflow/.local/lib/python3.8/site-packages/airflow/example_dags/example_branch_python_dop_operator_3.py
[2024-01-30T21:57:36.190+0000] {processor.py:830} INFO - Processing file /home/airflow/.local/lib/python3.8/site-packages/airflow/example_dags/example_branch_python_dop_operator_3.py for tasks to queue
[2024-01-30T21:57:36.192+0000] {logging_mixin.py:188} INFO - [2024-01-30T21:57:36.192+0000] {dagbag.py:538} INFO - Filling up the DagBag from /home/airflow/.local/lib/python3.8/site-packages/airflow/example_dags/example_branch_python_dop_operator_3.py
[2024-01-30T21:57:36.199+0000] {processor.py:840} INFO - DAG(s) 'example_branch_dop_operator_v3' retrieved from /home/airflow/.local/lib/python3.8/site-packages/airflow/example_dags/example_branch_python_dop_operator_3.py
[2024-01-30T21:57:36.224+0000] {logging_mixin.py:188} INFO - [2024-01-30T21:57:36.224+0000] {dag.py:3036} INFO - Sync 1 DAGs
[2024-01-30T21:57:36.262+0000] {logging_mixin.py:188} INFO - [2024-01-30T21:57:36.261+0000] {dag.py:3823} INFO - Setting next_dagrun for example_branch_dop_operator_v3 to 2024-01-30 21:56:00+00:00, run_after=2024-01-30 21:57:00+00:00
[2024-01-30T21:57:36.338+0000] {processor.py:183} INFO - Processing /home/airflow/.local/lib/python3.8/site-packages/airflow/example_dags/example_branch_python_dop_operator_3.py took 0.152 seconds
[2024-01-30T21:58:11.009+0000] {processor.py:161} INFO - Started process (PID=574) to work on /home/airflow/.local/lib/python3.8/site-packages/airflow/example_dags/example_branch_python_dop_operator_3.py
[2024-01-30T21:58:11.011+0000] {processor.py:830} INFO - Processing file /home/airflow/.local/lib/python3.8/site-packages/airflow/example_dags/example_branch_python_dop_operator_3.py for tasks to queue
[2024-01-30T21:58:11.013+0000] {logging_mixin.py:188} INFO - [2024-01-30T21:58:11.012+0000] {dagbag.py:538} INFO - Filling up the DagBag from /home/airflow/.local/lib/python3.8/site-packages/airflow/example_dags/example_branch_python_dop_operator_3.py
[2024-01-30T21:58:11.029+0000] {processor.py:840} INFO - DAG(s) 'example_branch_dop_operator_v3' retrieved from /home/airflow/.local/lib/python3.8/site-packages/airflow/example_dags/example_branch_python_dop_operator_3.py
[2024-01-30T21:58:11.060+0000] {logging_mixin.py:188} INFO - [2024-01-30T21:58:11.059+0000] {dag.py:3036} INFO - Sync 1 DAGs
[2024-01-30T21:58:11.113+0000] {logging_mixin.py:188} INFO - [2024-01-30T21:58:11.112+0000] {dag.py:3823} INFO - Setting next_dagrun for example_branch_dop_operator_v3 to 2024-01-30 21:57:00+00:00, run_after=2024-01-30 21:58:00+00:00
[2024-01-30T21:58:11.152+0000] {processor.py:183} INFO - Processing /home/airflow/.local/lib/python3.8/site-packages/airflow/example_dags/example_branch_python_dop_operator_3.py took 0.149 seconds
[2024-01-30T21:58:41.736+0000] {processor.py:161} INFO - Started process (PID=631) to work on /home/airflow/.local/lib/python3.8/site-packages/airflow/example_dags/example_branch_python_dop_operator_3.py
[2024-01-30T21:58:41.738+0000] {processor.py:830} INFO - Processing file /home/airflow/.local/lib/python3.8/site-packages/airflow/example_dags/example_branch_python_dop_operator_3.py for tasks to queue
[2024-01-30T21:58:41.739+0000] {logging_mixin.py:188} INFO - [2024-01-30T21:58:41.739+0000] {dagbag.py:538} INFO - Filling up the DagBag from /home/airflow/.local/lib/python3.8/site-packages/airflow/example_dags/example_branch_python_dop_operator_3.py
[2024-01-30T21:58:41.749+0000] {processor.py:840} INFO - DAG(s) 'example_branch_dop_operator_v3' retrieved from /home/airflow/.local/lib/python3.8/site-packages/airflow/example_dags/example_branch_python_dop_operator_3.py
[2024-01-30T21:58:41.777+0000] {logging_mixin.py:188} INFO - [2024-01-30T21:58:41.777+0000] {dag.py:3036} INFO - Sync 1 DAGs
[2024-01-30T21:58:41.816+0000] {logging_mixin.py:188} INFO - [2024-01-30T21:58:41.815+0000] {dag.py:3823} INFO - Setting next_dagrun for example_branch_dop_operator_v3 to 2024-01-30 21:57:00+00:00, run_after=2024-01-30 21:58:00+00:00
[2024-01-30T21:58:41.849+0000] {processor.py:183} INFO - Processing /home/airflow/.local/lib/python3.8/site-packages/airflow/example_dags/example_branch_python_dop_operator_3.py took 0.115 seconds
[2024-01-30T21:59:12.007+0000] {processor.py:161} INFO - Started process (PID=690) to work on /home/airflow/.local/lib/python3.8/site-packages/airflow/example_dags/example_branch_python_dop_operator_3.py
[2024-01-30T21:59:12.009+0000] {processor.py:830} INFO - Processing file /home/airflow/.local/lib/python3.8/site-packages/airflow/example_dags/example_branch_python_dop_operator_3.py for tasks to queue
[2024-01-30T21:59:12.010+0000] {logging_mixin.py:188} INFO - [2024-01-30T21:59:12.010+0000] {dagbag.py:538} INFO - Filling up the DagBag from /home/airflow/.local/lib/python3.8/site-packages/airflow/example_dags/example_branch_python_dop_operator_3.py
[2024-01-30T21:59:12.019+0000] {processor.py:840} INFO - DAG(s) 'example_branch_dop_operator_v3' retrieved from /home/airflow/.local/lib/python3.8/site-packages/airflow/example_dags/example_branch_python_dop_operator_3.py
[2024-01-30T21:59:12.042+0000] {logging_mixin.py:188} INFO - [2024-01-30T21:59:12.042+0000] {dag.py:3036} INFO - Sync 1 DAGs
[2024-01-30T21:59:12.067+0000] {logging_mixin.py:188} INFO - [2024-01-30T21:59:12.066+0000] {dag.py:3823} INFO - Setting next_dagrun for example_branch_dop_operator_v3 to 2024-01-30 21:58:00+00:00, run_after=2024-01-30 21:59:00+00:00
[2024-01-30T21:59:12.094+0000] {processor.py:183} INFO - Processing /home/airflow/.local/lib/python3.8/site-packages/airflow/example_dags/example_branch_python_dop_operator_3.py took 0.089 seconds
[2024-01-30T21:59:42.408+0000] {processor.py:161} INFO - Started process (PID=749) to work on /home/airflow/.local/lib/python3.8/site-packages/airflow/example_dags/example_branch_python_dop_operator_3.py
[2024-01-30T21:59:42.409+0000] {processor.py:830} INFO - Processing file /home/airflow/.local/lib/python3.8/site-packages/airflow/example_dags/example_branch_python_dop_operator_3.py for tasks to queue
[2024-01-30T21:59:42.411+0000] {logging_mixin.py:188} INFO - [2024-01-30T21:59:42.411+0000] {dagbag.py:538} INFO - Filling up the DagBag from /home/airflow/.local/lib/python3.8/site-packages/airflow/example_dags/example_branch_python_dop_operator_3.py
[2024-01-30T21:59:42.423+0000] {processor.py:840} INFO - DAG(s) 'example_branch_dop_operator_v3' retrieved from /home/airflow/.local/lib/python3.8/site-packages/airflow/example_dags/example_branch_python_dop_operator_3.py
[2024-01-30T21:59:42.451+0000] {logging_mixin.py:188} INFO - [2024-01-30T21:59:42.450+0000] {dag.py:3036} INFO - Sync 1 DAGs
[2024-01-30T21:59:42.488+0000] {logging_mixin.py:188} INFO - [2024-01-30T21:59:42.488+0000] {dag.py:3823} INFO - Setting next_dagrun for example_branch_dop_operator_v3 to 2024-01-30 21:58:00+00:00, run_after=2024-01-30 21:59:00+00:00
[2024-01-30T21:59:42.524+0000] {processor.py:183} INFO - Processing /home/airflow/.local/lib/python3.8/site-packages/airflow/example_dags/example_branch_python_dop_operator_3.py took 0.120 seconds
[2024-01-30T22:00:12.681+0000] {processor.py:161} INFO - Started process (PID=811) to work on /home/airflow/.local/lib/python3.8/site-packages/airflow/example_dags/example_branch_python_dop_operator_3.py
[2024-01-30T22:00:12.682+0000] {processor.py:830} INFO - Processing file /home/airflow/.local/lib/python3.8/site-packages/airflow/example_dags/example_branch_python_dop_operator_3.py for tasks to queue
[2024-01-30T22:00:12.684+0000] {logging_mixin.py:188} INFO - [2024-01-30T22:00:12.683+0000] {dagbag.py:538} INFO - Filling up the DagBag from /home/airflow/.local/lib/python3.8/site-packages/airflow/example_dags/example_branch_python_dop_operator_3.py
[2024-01-30T22:00:12.694+0000] {processor.py:840} INFO - DAG(s) 'example_branch_dop_operator_v3' retrieved from /home/airflow/.local/lib/python3.8/site-packages/airflow/example_dags/example_branch_python_dop_operator_3.py
[2024-01-30T22:00:12.725+0000] {logging_mixin.py:188} INFO - [2024-01-30T22:00:12.724+0000] {dag.py:3036} INFO - Sync 1 DAGs
[2024-01-30T22:00:12.760+0000] {logging_mixin.py:188} INFO - [2024-01-30T22:00:12.760+0000] {dag.py:3823} INFO - Setting next_dagrun for example_branch_dop_operator_v3 to 2024-01-30 21:59:00+00:00, run_after=2024-01-30 22:00:00+00:00
[2024-01-30T22:00:12.793+0000] {processor.py:183} INFO - Processing /home/airflow/.local/lib/python3.8/site-packages/airflow/example_dags/example_branch_python_dop_operator_3.py took 0.117 seconds
[2024-01-30T22:00:43.012+0000] {processor.py:161} INFO - Started process (PID=870) to work on /home/airflow/.local/lib/python3.8/site-packages/airflow/example_dags/example_branch_python_dop_operator_3.py
[2024-01-30T22:00:43.013+0000] {processor.py:830} INFO - Processing file /home/airflow/.local/lib/python3.8/site-packages/airflow/example_dags/example_branch_python_dop_operator_3.py for tasks to queue
[2024-01-30T22:00:43.015+0000] {logging_mixin.py:188} INFO - [2024-01-30T22:00:43.015+0000] {dagbag.py:538} INFO - Filling up the DagBag from /home/airflow/.local/lib/python3.8/site-packages/airflow/example_dags/example_branch_python_dop_operator_3.py
[2024-01-30T22:00:43.023+0000] {processor.py:840} INFO - DAG(s) 'example_branch_dop_operator_v3' retrieved from /home/airflow/.local/lib/python3.8/site-packages/airflow/example_dags/example_branch_python_dop_operator_3.py
[2024-01-30T22:00:43.046+0000] {logging_mixin.py:188} INFO - [2024-01-30T22:00:43.045+0000] {dag.py:3036} INFO - Sync 1 DAGs
[2024-01-30T22:00:43.073+0000] {logging_mixin.py:188} INFO - [2024-01-30T22:00:43.073+0000] {dag.py:3823} INFO - Setting next_dagrun for example_branch_dop_operator_v3 to 2024-01-30 21:59:00+00:00, run_after=2024-01-30 22:00:00+00:00
[2024-01-30T22:00:43.099+0000] {processor.py:183} INFO - Processing /home/airflow/.local/lib/python3.8/site-packages/airflow/example_dags/example_branch_python_dop_operator_3.py took 0.090 seconds
[2024-01-30T22:01:13.204+0000] {processor.py:161} INFO - Started process (PID=927) to work on /home/airflow/.local/lib/python3.8/site-packages/airflow/example_dags/example_branch_python_dop_operator_3.py
[2024-01-30T22:01:13.206+0000] {processor.py:830} INFO - Processing file /home/airflow/.local/lib/python3.8/site-packages/airflow/example_dags/example_branch_python_dop_operator_3.py for tasks to queue
[2024-01-30T22:01:13.207+0000] {logging_mixin.py:188} INFO - [2024-01-30T22:01:13.207+0000] {dagbag.py:538} INFO - Filling up the DagBag from /home/airflow/.local/lib/python3.8/site-packages/airflow/example_dags/example_branch_python_dop_operator_3.py
[2024-01-30T22:01:13.217+0000] {processor.py:840} INFO - DAG(s) 'example_branch_dop_operator_v3' retrieved from /home/airflow/.local/lib/python3.8/site-packages/airflow/example_dags/example_branch_python_dop_operator_3.py
[2024-01-30T22:01:13.244+0000] {logging_mixin.py:188} INFO - [2024-01-30T22:01:13.244+0000] {dag.py:3036} INFO - Sync 1 DAGs
[2024-01-30T22:01:13.276+0000] {logging_mixin.py:188} INFO - [2024-01-30T22:01:13.275+0000] {dag.py:3823} INFO - Setting next_dagrun for example_branch_dop_operator_v3 to 2024-01-30 22:00:00+00:00, run_after=2024-01-30 22:01:00+00:00
[2024-01-30T22:01:13.306+0000] {processor.py:183} INFO - Processing /home/airflow/.local/lib/python3.8/site-packages/airflow/example_dags/example_branch_python_dop_operator_3.py took 0.105 seconds
[2024-01-30T22:01:44.143+0000] {processor.py:161} INFO - Started process (PID=984) to work on /home/airflow/.local/lib/python3.8/site-packages/airflow/example_dags/example_branch_python_dop_operator_3.py
[2024-01-30T22:01:44.144+0000] {processor.py:830} INFO - Processing file /home/airflow/.local/lib/python3.8/site-packages/airflow/example_dags/example_branch_python_dop_operator_3.py for tasks to queue
[2024-01-30T22:01:44.146+0000] {logging_mixin.py:188} INFO - [2024-01-30T22:01:44.145+0000] {dagbag.py:538} INFO - Filling up the DagBag from /home/airflow/.local/lib/python3.8/site-packages/airflow/example_dags/example_branch_python_dop_operator_3.py
[2024-01-30T22:01:44.156+0000] {processor.py:840} INFO - DAG(s) 'example_branch_dop_operator_v3' retrieved from /home/airflow/.local/lib/python3.8/site-packages/airflow/example_dags/example_branch_python_dop_operator_3.py
[2024-01-30T22:01:44.186+0000] {logging_mixin.py:188} INFO - [2024-01-30T22:01:44.185+0000] {dag.py:3036} INFO - Sync 1 DAGs
[2024-01-30T22:01:44.224+0000] {logging_mixin.py:188} INFO - [2024-01-30T22:01:44.223+0000] {dag.py:3823} INFO - Setting next_dagrun for example_branch_dop_operator_v3 to 2024-01-30 22:00:00+00:00, run_after=2024-01-30 22:01:00+00:00
[2024-01-30T22:01:44.252+0000] {processor.py:183} INFO - Processing /home/airflow/.local/lib/python3.8/site-packages/airflow/example_dags/example_branch_python_dop_operator_3.py took 0.112 seconds
[2024-01-30T22:02:14.994+0000] {processor.py:161} INFO - Started process (PID=1041) to work on /home/airflow/.local/lib/python3.8/site-packages/airflow/example_dags/example_branch_python_dop_operator_3.py
[2024-01-30T22:02:14.995+0000] {processor.py:830} INFO - Processing file /home/airflow/.local/lib/python3.8/site-packages/airflow/example_dags/example_branch_python_dop_operator_3.py for tasks to queue
[2024-01-30T22:02:14.997+0000] {logging_mixin.py:188} INFO - [2024-01-30T22:02:14.997+0000] {dagbag.py:538} INFO - Filling up the DagBag from /home/airflow/.local/lib/python3.8/site-packages/airflow/example_dags/example_branch_python_dop_operator_3.py
[2024-01-30T22:02:15.008+0000] {processor.py:840} INFO - DAG(s) 'example_branch_dop_operator_v3' retrieved from /home/airflow/.local/lib/python3.8/site-packages/airflow/example_dags/example_branch_python_dop_operator_3.py
[2024-01-30T22:02:15.037+0000] {logging_mixin.py:188} INFO - [2024-01-30T22:02:15.037+0000] {dag.py:3036} INFO - Sync 1 DAGs
[2024-01-30T22:02:15.069+0000] {logging_mixin.py:188} INFO - [2024-01-30T22:02:15.069+0000] {dag.py:3823} INFO - Setting next_dagrun for example_branch_dop_operator_v3 to 2024-01-30 22:01:00+00:00, run_after=2024-01-30 22:02:00+00:00
[2024-01-30T22:02:15.096+0000] {processor.py:183} INFO - Processing /home/airflow/.local/lib/python3.8/site-packages/airflow/example_dags/example_branch_python_dop_operator_3.py took 0.105 seconds
[2024-01-30T22:02:49.904+0000] {processor.py:161} INFO - Started process (PID=1106) to work on /home/airflow/.local/lib/python3.8/site-packages/airflow/example_dags/example_branch_python_dop_operator_3.py
[2024-01-30T22:02:49.906+0000] {processor.py:830} INFO - Processing file /home/airflow/.local/lib/python3.8/site-packages/airflow/example_dags/example_branch_python_dop_operator_3.py for tasks to queue
[2024-01-30T22:02:49.907+0000] {logging_mixin.py:188} INFO - [2024-01-30T22:02:49.907+0000] {dagbag.py:538} INFO - Filling up the DagBag from /home/airflow/.local/lib/python3.8/site-packages/airflow/example_dags/example_branch_python_dop_operator_3.py
[2024-01-30T22:02:49.917+0000] {processor.py:840} INFO - DAG(s) 'example_branch_dop_operator_v3' retrieved from /home/airflow/.local/lib/python3.8/site-packages/airflow/example_dags/example_branch_python_dop_operator_3.py
[2024-01-30T22:02:49.940+0000] {logging_mixin.py:188} INFO - [2024-01-30T22:02:49.940+0000] {dag.py:3036} INFO - Sync 1 DAGs
[2024-01-30T22:02:49.976+0000] {logging_mixin.py:188} INFO - [2024-01-30T22:02:49.976+0000] {dag.py:3823} INFO - Setting next_dagrun for example_branch_dop_operator_v3 to 2024-01-30 22:01:00+00:00, run_after=2024-01-30 22:02:00+00:00
[2024-01-30T22:02:50.016+0000] {processor.py:183} INFO - Processing /home/airflow/.local/lib/python3.8/site-packages/airflow/example_dags/example_branch_python_dop_operator_3.py took 0.114 seconds
[2024-01-30T22:03:22.524+0000] {processor.py:161} INFO - Started process (PID=1172) to work on /home/airflow/.local/lib/python3.8/site-packages/airflow/example_dags/example_branch_python_dop_operator_3.py
[2024-01-30T22:03:22.525+0000] {processor.py:830} INFO - Processing file /home/airflow/.local/lib/python3.8/site-packages/airflow/example_dags/example_branch_python_dop_operator_3.py for tasks to queue
[2024-01-30T22:03:22.527+0000] {logging_mixin.py:188} INFO - [2024-01-30T22:03:22.526+0000] {dagbag.py:538} INFO - Filling up the DagBag from /home/airflow/.local/lib/python3.8/site-packages/airflow/example_dags/example_branch_python_dop_operator_3.py
[2024-01-30T22:03:22.536+0000] {processor.py:840} INFO - DAG(s) 'example_branch_dop_operator_v3' retrieved from /home/airflow/.local/lib/python3.8/site-packages/airflow/example_dags/example_branch_python_dop_operator_3.py
[2024-01-30T22:03:22.561+0000] {logging_mixin.py:188} INFO - [2024-01-30T22:03:22.560+0000] {dag.py:3036} INFO - Sync 1 DAGs
[2024-01-30T22:03:22.591+0000] {logging_mixin.py:188} INFO - [2024-01-30T22:03:22.591+0000] {dag.py:3823} INFO - Setting next_dagrun for example_branch_dop_operator_v3 to 2024-01-30 22:02:00+00:00, run_after=2024-01-30 22:03:00+00:00
[2024-01-30T22:03:22.620+0000] {processor.py:183} INFO - Processing /home/airflow/.local/lib/python3.8/site-packages/airflow/example_dags/example_branch_python_dop_operator_3.py took 0.099 seconds
[2024-01-30T22:03:52.755+0000] {processor.py:161} INFO - Started process (PID=1233) to work on /home/airflow/.local/lib/python3.8/site-packages/airflow/example_dags/example_branch_python_dop_operator_3.py
[2024-01-30T22:03:52.757+0000] {processor.py:830} INFO - Processing file /home/airflow/.local/lib/python3.8/site-packages/airflow/example_dags/example_branch_python_dop_operator_3.py for tasks to queue
[2024-01-30T22:03:52.758+0000] {logging_mixin.py:188} INFO - [2024-01-30T22:03:52.758+0000] {dagbag.py:538} INFO - Filling up the DagBag from /home/airflow/.local/lib/python3.8/site-packages/airflow/example_dags/example_branch_python_dop_operator_3.py
[2024-01-30T22:03:52.768+0000] {processor.py:840} INFO - DAG(s) 'example_branch_dop_operator_v3' retrieved from /home/airflow/.local/lib/python3.8/site-packages/airflow/example_dags/example_branch_python_dop_operator_3.py
[2024-01-30T22:03:52.798+0000] {logging_mixin.py:188} INFO - [2024-01-30T22:03:52.797+0000] {dag.py:3036} INFO - Sync 1 DAGs
[2024-01-30T22:03:52.833+0000] {logging_mixin.py:188} INFO - [2024-01-30T22:03:52.833+0000] {dag.py:3823} INFO - Setting next_dagrun for example_branch_dop_operator_v3 to 2024-01-30 22:02:00+00:00, run_after=2024-01-30 22:03:00+00:00
[2024-01-30T22:03:52.865+0000] {processor.py:183} INFO - Processing /home/airflow/.local/lib/python3.8/site-packages/airflow/example_dags/example_branch_python_dop_operator_3.py took 0.114 seconds
[2024-01-30T22:04:23.060+0000] {processor.py:161} INFO - Started process (PID=1290) to work on /home/airflow/.local/lib/python3.8/site-packages/airflow/example_dags/example_branch_python_dop_operator_3.py
[2024-01-30T22:04:23.062+0000] {processor.py:830} INFO - Processing file /home/airflow/.local/lib/python3.8/site-packages/airflow/example_dags/example_branch_python_dop_operator_3.py for tasks to queue
[2024-01-30T22:04:23.064+0000] {logging_mixin.py:188} INFO - [2024-01-30T22:04:23.063+0000] {dagbag.py:538} INFO - Filling up the DagBag from /home/airflow/.local/lib/python3.8/site-packages/airflow/example_dags/example_branch_python_dop_operator_3.py
[2024-01-30T22:04:23.078+0000] {processor.py:840} INFO - DAG(s) 'example_branch_dop_operator_v3' retrieved from /home/airflow/.local/lib/python3.8/site-packages/airflow/example_dags/example_branch_python_dop_operator_3.py
[2024-01-30T22:04:23.111+0000] {logging_mixin.py:188} INFO - [2024-01-30T22:04:23.110+0000] {dag.py:3036} INFO - Sync 1 DAGs
[2024-01-30T22:04:23.148+0000] {logging_mixin.py:188} INFO - [2024-01-30T22:04:23.148+0000] {dag.py:3823} INFO - Setting next_dagrun for example_branch_dop_operator_v3 to 2024-01-30 22:03:00+00:00, run_after=2024-01-30 22:04:00+00:00
[2024-01-30T22:04:23.182+0000] {processor.py:183} INFO - Processing /home/airflow/.local/lib/python3.8/site-packages/airflow/example_dags/example_branch_python_dop_operator_3.py took 0.126 seconds
[2024-01-30T22:04:53.977+0000] {processor.py:161} INFO - Started process (PID=1347) to work on /home/airflow/.local/lib/python3.8/site-packages/airflow/example_dags/example_branch_python_dop_operator_3.py
[2024-01-30T22:04:53.979+0000] {processor.py:830} INFO - Processing file /home/airflow/.local/lib/python3.8/site-packages/airflow/example_dags/example_branch_python_dop_operator_3.py for tasks to queue
[2024-01-30T22:04:53.980+0000] {logging_mixin.py:188} INFO - [2024-01-30T22:04:53.980+0000] {dagbag.py:538} INFO - Filling up the DagBag from /home/airflow/.local/lib/python3.8/site-packages/airflow/example_dags/example_branch_python_dop_operator_3.py
[2024-01-30T22:04:53.988+0000] {processor.py:840} INFO - DAG(s) 'example_branch_dop_operator_v3' retrieved from /home/airflow/.local/lib/python3.8/site-packages/airflow/example_dags/example_branch_python_dop_operator_3.py
[2024-01-30T22:04:54.012+0000] {logging_mixin.py:188} INFO - [2024-01-30T22:04:54.011+0000] {dag.py:3036} INFO - Sync 1 DAGs
[2024-01-30T22:04:54.042+0000] {logging_mixin.py:188} INFO - [2024-01-30T22:04:54.042+0000] {dag.py:3823} INFO - Setting next_dagrun for example_branch_dop_operator_v3 to 2024-01-30 22:03:00+00:00, run_after=2024-01-30 22:04:00+00:00
[2024-01-30T22:04:54.068+0000] {processor.py:183} INFO - Processing /home/airflow/.local/lib/python3.8/site-packages/airflow/example_dags/example_branch_python_dop_operator_3.py took 0.093 seconds
[2024-01-30T22:05:24.692+0000] {processor.py:161} INFO - Started process (PID=1404) to work on /home/airflow/.local/lib/python3.8/site-packages/airflow/example_dags/example_branch_python_dop_operator_3.py
[2024-01-30T22:05:24.693+0000] {processor.py:830} INFO - Processing file /home/airflow/.local/lib/python3.8/site-packages/airflow/example_dags/example_branch_python_dop_operator_3.py for tasks to queue
[2024-01-30T22:05:24.695+0000] {logging_mixin.py:188} INFO - [2024-01-30T22:05:24.695+0000] {dagbag.py:538} INFO - Filling up the DagBag from /home/airflow/.local/lib/python3.8/site-packages/airflow/example_dags/example_branch_python_dop_operator_3.py
[2024-01-30T22:05:24.704+0000] {processor.py:840} INFO - DAG(s) 'example_branch_dop_operator_v3' retrieved from /home/airflow/.local/lib/python3.8/site-packages/airflow/example_dags/example_branch_python_dop_operator_3.py
[2024-01-30T22:05:24.726+0000] {logging_mixin.py:188} INFO - [2024-01-30T22:05:24.725+0000] {dag.py:3036} INFO - Sync 1 DAGs
[2024-01-30T22:05:24.755+0000] {logging_mixin.py:188} INFO - [2024-01-30T22:05:24.755+0000] {dag.py:3823} INFO - Setting next_dagrun for example_branch_dop_operator_v3 to 2024-01-30 22:04:00+00:00, run_after=2024-01-30 22:05:00+00:00
[2024-01-30T22:05:24.782+0000] {processor.py:183} INFO - Processing /home/airflow/.local/lib/python3.8/site-packages/airflow/example_dags/example_branch_python_dop_operator_3.py took 0.093 seconds
[2024-01-30T22:06:03.319+0000] {processor.py:161} INFO - Started process (PID=1466) to work on /home/airflow/.local/lib/python3.8/site-packages/airflow/example_dags/example_branch_python_dop_operator_3.py
[2024-01-30T22:06:03.321+0000] {processor.py:830} INFO - Processing file /home/airflow/.local/lib/python3.8/site-packages/airflow/example_dags/example_branch_python_dop_operator_3.py for tasks to queue
[2024-01-30T22:06:03.323+0000] {logging_mixin.py:188} INFO - [2024-01-30T22:06:03.322+0000] {dagbag.py:538} INFO - Filling up the DagBag from /home/airflow/.local/lib/python3.8/site-packages/airflow/example_dags/example_branch_python_dop_operator_3.py
[2024-01-30T22:06:03.336+0000] {processor.py:840} INFO - DAG(s) 'example_branch_dop_operator_v3' retrieved from /home/airflow/.local/lib/python3.8/site-packages/airflow/example_dags/example_branch_python_dop_operator_3.py
[2024-01-30T22:06:03.378+0000] {logging_mixin.py:188} INFO - [2024-01-30T22:06:03.377+0000] {dag.py:3036} INFO - Sync 1 DAGs
[2024-01-30T22:06:03.431+0000] {logging_mixin.py:188} INFO - [2024-01-30T22:06:03.430+0000] {dag.py:3823} INFO - Setting next_dagrun for example_branch_dop_operator_v3 to 2024-01-30 22:05:00+00:00, run_after=2024-01-30 22:06:00+00:00
[2024-01-30T22:06:03.479+0000] {processor.py:183} INFO - Processing /home/airflow/.local/lib/python3.8/site-packages/airflow/example_dags/example_branch_python_dop_operator_3.py took 0.164 seconds
[2024-01-30T22:06:34.705+0000] {processor.py:161} INFO - Started process (PID=1526) to work on /home/airflow/.local/lib/python3.8/site-packages/airflow/example_dags/example_branch_python_dop_operator_3.py
[2024-01-30T22:06:34.707+0000] {processor.py:830} INFO - Processing file /home/airflow/.local/lib/python3.8/site-packages/airflow/example_dags/example_branch_python_dop_operator_3.py for tasks to queue
[2024-01-30T22:06:34.709+0000] {logging_mixin.py:188} INFO - [2024-01-30T22:06:34.708+0000] {dagbag.py:538} INFO - Filling up the DagBag from /home/airflow/.local/lib/python3.8/site-packages/airflow/example_dags/example_branch_python_dop_operator_3.py
[2024-01-30T22:06:34.722+0000] {processor.py:840} INFO - DAG(s) 'example_branch_dop_operator_v3' retrieved from /home/airflow/.local/lib/python3.8/site-packages/airflow/example_dags/example_branch_python_dop_operator_3.py
[2024-01-30T22:06:34.753+0000] {logging_mixin.py:188} INFO - [2024-01-30T22:06:34.752+0000] {dag.py:3036} INFO - Sync 1 DAGs
[2024-01-30T22:06:34.785+0000] {logging_mixin.py:188} INFO - [2024-01-30T22:06:34.785+0000] {dag.py:3823} INFO - Setting next_dagrun for example_branch_dop_operator_v3 to 2024-01-30 22:05:00+00:00, run_after=2024-01-30 22:06:00+00:00
[2024-01-30T22:06:34.813+0000] {processor.py:183} INFO - Processing /home/airflow/.local/lib/python3.8/site-packages/airflow/example_dags/example_branch_python_dop_operator_3.py took 0.112 seconds
[2024-01-30T22:07:05.904+0000] {processor.py:161} INFO - Started process (PID=1583) to work on /home/airflow/.local/lib/python3.8/site-packages/airflow/example_dags/example_branch_python_dop_operator_3.py
[2024-01-30T22:07:05.905+0000] {processor.py:830} INFO - Processing file /home/airflow/.local/lib/python3.8/site-packages/airflow/example_dags/example_branch_python_dop_operator_3.py for tasks to queue
[2024-01-30T22:07:05.907+0000] {logging_mixin.py:188} INFO - [2024-01-30T22:07:05.906+0000] {dagbag.py:538} INFO - Filling up the DagBag from /home/airflow/.local/lib/python3.8/site-packages/airflow/example_dags/example_branch_python_dop_operator_3.py
[2024-01-30T22:07:05.917+0000] {processor.py:840} INFO - DAG(s) 'example_branch_dop_operator_v3' retrieved from /home/airflow/.local/lib/python3.8/site-packages/airflow/example_dags/example_branch_python_dop_operator_3.py
[2024-01-30T22:07:05.945+0000] {logging_mixin.py:188} INFO - [2024-01-30T22:07:05.945+0000] {dag.py:3036} INFO - Sync 1 DAGs
[2024-01-30T22:07:05.988+0000] {logging_mixin.py:188} INFO - [2024-01-30T22:07:05.988+0000] {dag.py:3823} INFO - Setting next_dagrun for example_branch_dop_operator_v3 to 2024-01-30 22:06:00+00:00, run_after=2024-01-30 22:07:00+00:00
[2024-01-30T22:07:06.049+0000] {processor.py:183} INFO - Processing /home/airflow/.local/lib/python3.8/site-packages/airflow/example_dags/example_branch_python_dop_operator_3.py took 0.150 seconds
[2024-01-30T22:07:36.325+0000] {processor.py:161} INFO - Started process (PID=1640) to work on /home/airflow/.local/lib/python3.8/site-packages/airflow/example_dags/example_branch_python_dop_operator_3.py
[2024-01-30T22:07:36.327+0000] {processor.py:830} INFO - Processing file /home/airflow/.local/lib/python3.8/site-packages/airflow/example_dags/example_branch_python_dop_operator_3.py for tasks to queue
[2024-01-30T22:07:36.328+0000] {logging_mixin.py:188} INFO - [2024-01-30T22:07:36.328+0000] {dagbag.py:538} INFO - Filling up the DagBag from /home/airflow/.local/lib/python3.8/site-packages/airflow/example_dags/example_branch_python_dop_operator_3.py
[2024-01-30T22:07:36.338+0000] {processor.py:840} INFO - DAG(s) 'example_branch_dop_operator_v3' retrieved from /home/airflow/.local/lib/python3.8/site-packages/airflow/example_dags/example_branch_python_dop_operator_3.py
[2024-01-30T22:07:36.361+0000] {logging_mixin.py:188} INFO - [2024-01-30T22:07:36.360+0000] {dag.py:3036} INFO - Sync 1 DAGs
[2024-01-30T22:07:36.391+0000] {logging_mixin.py:188} INFO - [2024-01-30T22:07:36.391+0000] {dag.py:3823} INFO - Setting next_dagrun for example_branch_dop_operator_v3 to 2024-01-30 22:06:00+00:00, run_after=2024-01-30 22:07:00+00:00
[2024-01-30T22:07:36.418+0000] {processor.py:183} INFO - Processing /home/airflow/.local/lib/python3.8/site-packages/airflow/example_dags/example_branch_python_dop_operator_3.py took 0.096 seconds
[2024-01-30T22:08:06.940+0000] {processor.py:161} INFO - Started process (PID=1697) to work on /home/airflow/.local/lib/python3.8/site-packages/airflow/example_dags/example_branch_python_dop_operator_3.py
[2024-01-30T22:08:06.941+0000] {processor.py:830} INFO - Processing file /home/airflow/.local/lib/python3.8/site-packages/airflow/example_dags/example_branch_python_dop_operator_3.py for tasks to queue
[2024-01-30T22:08:06.943+0000] {logging_mixin.py:188} INFO - [2024-01-30T22:08:06.942+0000] {dagbag.py:538} INFO - Filling up the DagBag from /home/airflow/.local/lib/python3.8/site-packages/airflow/example_dags/example_branch_python_dop_operator_3.py
[2024-01-30T22:08:06.956+0000] {processor.py:840} INFO - DAG(s) 'example_branch_dop_operator_v3' retrieved from /home/airflow/.local/lib/python3.8/site-packages/airflow/example_dags/example_branch_python_dop_operator_3.py
[2024-01-30T22:08:06.987+0000] {logging_mixin.py:188} INFO - [2024-01-30T22:08:06.986+0000] {dag.py:3036} INFO - Sync 1 DAGs
[2024-01-30T22:08:07.028+0000] {logging_mixin.py:188} INFO - [2024-01-30T22:08:07.027+0000] {dag.py:3823} INFO - Setting next_dagrun for example_branch_dop_operator_v3 to 2024-01-30 22:07:00+00:00, run_after=2024-01-30 22:08:00+00:00
[2024-01-30T22:08:07.063+0000] {processor.py:183} INFO - Processing /home/airflow/.local/lib/python3.8/site-packages/airflow/example_dags/example_branch_python_dop_operator_3.py took 0.126 seconds
[2024-01-30T22:08:37.172+0000] {processor.py:161} INFO - Started process (PID=1754) to work on /home/airflow/.local/lib/python3.8/site-packages/airflow/example_dags/example_branch_python_dop_operator_3.py
[2024-01-30T22:08:37.174+0000] {processor.py:830} INFO - Processing file /home/airflow/.local/lib/python3.8/site-packages/airflow/example_dags/example_branch_python_dop_operator_3.py for tasks to queue
[2024-01-30T22:08:37.176+0000] {logging_mixin.py:188} INFO - [2024-01-30T22:08:37.175+0000] {dagbag.py:538} INFO - Filling up the DagBag from /home/airflow/.local/lib/python3.8/site-packages/airflow/example_dags/example_branch_python_dop_operator_3.py
[2024-01-30T22:08:37.186+0000] {processor.py:840} INFO - DAG(s) 'example_branch_dop_operator_v3' retrieved from /home/airflow/.local/lib/python3.8/site-packages/airflow/example_dags/example_branch_python_dop_operator_3.py
[2024-01-30T22:08:37.213+0000] {logging_mixin.py:188} INFO - [2024-01-30T22:08:37.213+0000] {dag.py:3036} INFO - Sync 1 DAGs
[2024-01-30T22:08:37.250+0000] {logging_mixin.py:188} INFO - [2024-01-30T22:08:37.250+0000] {dag.py:3823} INFO - Setting next_dagrun for example_branch_dop_operator_v3 to 2024-01-30 22:07:00+00:00, run_after=2024-01-30 22:08:00+00:00
[2024-01-30T22:08:37.280+0000] {processor.py:183} INFO - Processing /home/airflow/.local/lib/python3.8/site-packages/airflow/example_dags/example_branch_python_dop_operator_3.py took 0.111 seconds
[2024-01-30T22:09:08.272+0000] {processor.py:161} INFO - Started process (PID=1812) to work on /home/airflow/.local/lib/python3.8/site-packages/airflow/example_dags/example_branch_python_dop_operator_3.py
[2024-01-30T22:09:08.274+0000] {processor.py:830} INFO - Processing file /home/airflow/.local/lib/python3.8/site-packages/airflow/example_dags/example_branch_python_dop_operator_3.py for tasks to queue
[2024-01-30T22:09:08.276+0000] {logging_mixin.py:188} INFO - [2024-01-30T22:09:08.275+0000] {dagbag.py:538} INFO - Filling up the DagBag from /home/airflow/.local/lib/python3.8/site-packages/airflow/example_dags/example_branch_python_dop_operator_3.py
[2024-01-30T22:09:08.292+0000] {processor.py:840} INFO - DAG(s) 'example_branch_dop_operator_v3' retrieved from /home/airflow/.local/lib/python3.8/site-packages/airflow/example_dags/example_branch_python_dop_operator_3.py
[2024-01-30T22:09:08.310+0000] {logging_mixin.py:188} INFO - [2024-01-30T22:09:08.309+0000] {dag.py:3036} INFO - Sync 1 DAGs
[2024-01-30T22:09:08.364+0000] {logging_mixin.py:188} INFO - [2024-01-30T22:09:08.364+0000] {dag.py:3823} INFO - Setting next_dagrun for example_branch_dop_operator_v3 to 2024-01-30 22:08:00+00:00, run_after=2024-01-30 22:09:00+00:00
[2024-01-30T22:09:08.404+0000] {processor.py:183} INFO - Processing /home/airflow/.local/lib/python3.8/site-packages/airflow/example_dags/example_branch_python_dop_operator_3.py took 0.139 seconds
[2024-01-30T22:09:39.089+0000] {processor.py:161} INFO - Started process (PID=1869) to work on /home/airflow/.local/lib/python3.8/site-packages/airflow/example_dags/example_branch_python_dop_operator_3.py
[2024-01-30T22:09:39.091+0000] {processor.py:830} INFO - Processing file /home/airflow/.local/lib/python3.8/site-packages/airflow/example_dags/example_branch_python_dop_operator_3.py for tasks to queue
[2024-01-30T22:09:39.092+0000] {logging_mixin.py:188} INFO - [2024-01-30T22:09:39.092+0000] {dagbag.py:538} INFO - Filling up the DagBag from /home/airflow/.local/lib/python3.8/site-packages/airflow/example_dags/example_branch_python_dop_operator_3.py
[2024-01-30T22:09:39.102+0000] {processor.py:840} INFO - DAG(s) 'example_branch_dop_operator_v3' retrieved from /home/airflow/.local/lib/python3.8/site-packages/airflow/example_dags/example_branch_python_dop_operator_3.py
[2024-01-30T22:09:39.222+0000] {logging_mixin.py:188} INFO - [2024-01-30T22:09:39.222+0000] {dag.py:3036} INFO - Sync 1 DAGs
[2024-01-30T22:09:39.253+0000] {logging_mixin.py:188} INFO - [2024-01-30T22:09:39.252+0000] {dag.py:3823} INFO - Setting next_dagrun for example_branch_dop_operator_v3 to 2024-01-30 22:08:00+00:00, run_after=2024-01-30 22:09:00+00:00
[2024-01-30T22:09:39.282+0000] {processor.py:183} INFO - Processing /home/airflow/.local/lib/python3.8/site-packages/airflow/example_dags/example_branch_python_dop_operator_3.py took 0.197 seconds
[2024-01-30T22:10:10.121+0000] {processor.py:161} INFO - Started process (PID=1926) to work on /home/airflow/.local/lib/python3.8/site-packages/airflow/example_dags/example_branch_python_dop_operator_3.py
[2024-01-30T22:10:10.122+0000] {processor.py:830} INFO - Processing file /home/airflow/.local/lib/python3.8/site-packages/airflow/example_dags/example_branch_python_dop_operator_3.py for tasks to queue
[2024-01-30T22:10:10.123+0000] {logging_mixin.py:188} INFO - [2024-01-30T22:10:10.123+0000] {dagbag.py:538} INFO - Filling up the DagBag from /home/airflow/.local/lib/python3.8/site-packages/airflow/example_dags/example_branch_python_dop_operator_3.py
[2024-01-30T22:10:10.133+0000] {processor.py:840} INFO - DAG(s) 'example_branch_dop_operator_v3' retrieved from /home/airflow/.local/lib/python3.8/site-packages/airflow/example_dags/example_branch_python_dop_operator_3.py
[2024-01-30T22:10:10.155+0000] {logging_mixin.py:188} INFO - [2024-01-30T22:10:10.155+0000] {dag.py:3036} INFO - Sync 1 DAGs
[2024-01-30T22:10:10.181+0000] {logging_mixin.py:188} INFO - [2024-01-30T22:10:10.180+0000] {dag.py:3823} INFO - Setting next_dagrun for example_branch_dop_operator_v3 to 2024-01-30 22:09:00+00:00, run_after=2024-01-30 22:10:00+00:00
[2024-01-30T22:10:10.208+0000] {processor.py:183} INFO - Processing /home/airflow/.local/lib/python3.8/site-packages/airflow/example_dags/example_branch_python_dop_operator_3.py took 0.090 seconds
[2024-01-30T22:10:41.019+0000] {processor.py:161} INFO - Started process (PID=1983) to work on /home/airflow/.local/lib/python3.8/site-packages/airflow/example_dags/example_branch_python_dop_operator_3.py
[2024-01-30T22:10:41.020+0000] {processor.py:830} INFO - Processing file /home/airflow/.local/lib/python3.8/site-packages/airflow/example_dags/example_branch_python_dop_operator_3.py for tasks to queue
[2024-01-30T22:10:41.022+0000] {logging_mixin.py:188} INFO - [2024-01-30T22:10:41.021+0000] {dagbag.py:538} INFO - Filling up the DagBag from /home/airflow/.local/lib/python3.8/site-packages/airflow/example_dags/example_branch_python_dop_operator_3.py
[2024-01-30T22:10:41.030+0000] {processor.py:840} INFO - DAG(s) 'example_branch_dop_operator_v3' retrieved from /home/airflow/.local/lib/python3.8/site-packages/airflow/example_dags/example_branch_python_dop_operator_3.py
[2024-01-30T22:10:41.052+0000] {logging_mixin.py:188} INFO - [2024-01-30T22:10:41.051+0000] {dag.py:3036} INFO - Sync 1 DAGs
[2024-01-30T22:10:41.082+0000] {logging_mixin.py:188} INFO - [2024-01-30T22:10:41.082+0000] {dag.py:3823} INFO - Setting next_dagrun for example_branch_dop_operator_v3 to 2024-01-30 22:09:00+00:00, run_after=2024-01-30 22:10:00+00:00
[2024-01-30T22:10:41.105+0000] {processor.py:183} INFO - Processing /home/airflow/.local/lib/python3.8/site-packages/airflow/example_dags/example_branch_python_dop_operator_3.py took 0.089 seconds
[2024-01-30T22:11:11.668+0000] {processor.py:161} INFO - Started process (PID=2040) to work on /home/airflow/.local/lib/python3.8/site-packages/airflow/example_dags/example_branch_python_dop_operator_3.py
[2024-01-30T22:11:11.670+0000] {processor.py:830} INFO - Processing file /home/airflow/.local/lib/python3.8/site-packages/airflow/example_dags/example_branch_python_dop_operator_3.py for tasks to queue
[2024-01-30T22:11:11.671+0000] {logging_mixin.py:188} INFO - [2024-01-30T22:11:11.671+0000] {dagbag.py:538} INFO - Filling up the DagBag from /home/airflow/.local/lib/python3.8/site-packages/airflow/example_dags/example_branch_python_dop_operator_3.py
[2024-01-30T22:11:11.682+0000] {processor.py:840} INFO - DAG(s) 'example_branch_dop_operator_v3' retrieved from /home/airflow/.local/lib/python3.8/site-packages/airflow/example_dags/example_branch_python_dop_operator_3.py
[2024-01-30T22:11:11.711+0000] {logging_mixin.py:188} INFO - [2024-01-30T22:11:11.710+0000] {dag.py:3036} INFO - Sync 1 DAGs
[2024-01-30T22:11:11.747+0000] {logging_mixin.py:188} INFO - [2024-01-30T22:11:11.747+0000] {dag.py:3823} INFO - Setting next_dagrun for example_branch_dop_operator_v3 to 2024-01-30 22:10:00+00:00, run_after=2024-01-30 22:11:00+00:00
[2024-01-30T22:11:11.775+0000] {processor.py:183} INFO - Processing /home/airflow/.local/lib/python3.8/site-packages/airflow/example_dags/example_branch_python_dop_operator_3.py took 0.111 seconds
[2024-01-30T22:11:42.197+0000] {processor.py:161} INFO - Started process (PID=2097) to work on /home/airflow/.local/lib/python3.8/site-packages/airflow/example_dags/example_branch_python_dop_operator_3.py
[2024-01-30T22:11:42.198+0000] {processor.py:830} INFO - Processing file /home/airflow/.local/lib/python3.8/site-packages/airflow/example_dags/example_branch_python_dop_operator_3.py for tasks to queue
[2024-01-30T22:11:42.200+0000] {logging_mixin.py:188} INFO - [2024-01-30T22:11:42.200+0000] {dagbag.py:538} INFO - Filling up the DagBag from /home/airflow/.local/lib/python3.8/site-packages/airflow/example_dags/example_branch_python_dop_operator_3.py
[2024-01-30T22:11:42.215+0000] {processor.py:840} INFO - DAG(s) 'example_branch_dop_operator_v3' retrieved from /home/airflow/.local/lib/python3.8/site-packages/airflow/example_dags/example_branch_python_dop_operator_3.py
[2024-01-30T22:11:42.246+0000] {logging_mixin.py:188} INFO - [2024-01-30T22:11:42.246+0000] {dag.py:3036} INFO - Sync 1 DAGs
[2024-01-30T22:11:42.285+0000] {logging_mixin.py:188} INFO - [2024-01-30T22:11:42.284+0000] {dag.py:3823} INFO - Setting next_dagrun for example_branch_dop_operator_v3 to 2024-01-30 22:10:00+00:00, run_after=2024-01-30 22:11:00+00:00
[2024-01-30T22:11:42.319+0000] {processor.py:183} INFO - Processing /home/airflow/.local/lib/python3.8/site-packages/airflow/example_dags/example_branch_python_dop_operator_3.py took 0.126 seconds
[2024-01-30T22:12:13.005+0000] {processor.py:161} INFO - Started process (PID=2154) to work on /home/airflow/.local/lib/python3.8/site-packages/airflow/example_dags/example_branch_python_dop_operator_3.py
[2024-01-30T22:12:13.007+0000] {processor.py:830} INFO - Processing file /home/airflow/.local/lib/python3.8/site-packages/airflow/example_dags/example_branch_python_dop_operator_3.py for tasks to queue
[2024-01-30T22:12:13.009+0000] {logging_mixin.py:188} INFO - [2024-01-30T22:12:13.009+0000] {dagbag.py:538} INFO - Filling up the DagBag from /home/airflow/.local/lib/python3.8/site-packages/airflow/example_dags/example_branch_python_dop_operator_3.py
[2024-01-30T22:12:13.022+0000] {processor.py:840} INFO - DAG(s) 'example_branch_dop_operator_v3' retrieved from /home/airflow/.local/lib/python3.8/site-packages/airflow/example_dags/example_branch_python_dop_operator_3.py
[2024-01-30T22:12:13.050+0000] {logging_mixin.py:188} INFO - [2024-01-30T22:12:13.050+0000] {dag.py:3036} INFO - Sync 1 DAGs
[2024-01-30T22:12:13.092+0000] {logging_mixin.py:188} INFO - [2024-01-30T22:12:13.091+0000] {dag.py:3823} INFO - Setting next_dagrun for example_branch_dop_operator_v3 to 2024-01-30 22:11:00+00:00, run_after=2024-01-30 22:12:00+00:00
[2024-01-30T22:12:13.126+0000] {processor.py:183} INFO - Processing /home/airflow/.local/lib/python3.8/site-packages/airflow/example_dags/example_branch_python_dop_operator_3.py took 0.126 seconds
[2024-01-30T22:12:43.633+0000] {processor.py:161} INFO - Started process (PID=2211) to work on /home/airflow/.local/lib/python3.8/site-packages/airflow/example_dags/example_branch_python_dop_operator_3.py
[2024-01-30T22:12:43.635+0000] {processor.py:830} INFO - Processing file /home/airflow/.local/lib/python3.8/site-packages/airflow/example_dags/example_branch_python_dop_operator_3.py for tasks to queue
[2024-01-30T22:12:43.637+0000] {logging_mixin.py:188} INFO - [2024-01-30T22:12:43.636+0000] {dagbag.py:538} INFO - Filling up the DagBag from /home/airflow/.local/lib/python3.8/site-packages/airflow/example_dags/example_branch_python_dop_operator_3.py
[2024-01-30T22:12:43.647+0000] {processor.py:840} INFO - DAG(s) 'example_branch_dop_operator_v3' retrieved from /home/airflow/.local/lib/python3.8/site-packages/airflow/example_dags/example_branch_python_dop_operator_3.py
[2024-01-30T22:12:43.673+0000] {logging_mixin.py:188} INFO - [2024-01-30T22:12:43.672+0000] {dag.py:3036} INFO - Sync 1 DAGs
[2024-01-30T22:12:43.705+0000] {logging_mixin.py:188} INFO - [2024-01-30T22:12:43.704+0000] {dag.py:3823} INFO - Setting next_dagrun for example_branch_dop_operator_v3 to 2024-01-30 22:11:00+00:00, run_after=2024-01-30 22:12:00+00:00
[2024-01-30T22:12:43.736+0000] {processor.py:183} INFO - Processing /home/airflow/.local/lib/python3.8/site-packages/airflow/example_dags/example_branch_python_dop_operator_3.py took 0.106 seconds
[2024-01-30T22:13:14.518+0000] {processor.py:161} INFO - Started process (PID=2268) to work on /home/airflow/.local/lib/python3.8/site-packages/airflow/example_dags/example_branch_python_dop_operator_3.py
[2024-01-30T22:13:14.519+0000] {processor.py:830} INFO - Processing file /home/airflow/.local/lib/python3.8/site-packages/airflow/example_dags/example_branch_python_dop_operator_3.py for tasks to queue
[2024-01-30T22:13:14.521+0000] {logging_mixin.py:188} INFO - [2024-01-30T22:13:14.521+0000] {dagbag.py:538} INFO - Filling up the DagBag from /home/airflow/.local/lib/python3.8/site-packages/airflow/example_dags/example_branch_python_dop_operator_3.py
[2024-01-30T22:13:14.531+0000] {processor.py:840} INFO - DAG(s) 'example_branch_dop_operator_v3' retrieved from /home/airflow/.local/lib/python3.8/site-packages/airflow/example_dags/example_branch_python_dop_operator_3.py
[2024-01-30T22:13:14.559+0000] {logging_mixin.py:188} INFO - [2024-01-30T22:13:14.559+0000] {dag.py:3036} INFO - Sync 1 DAGs
[2024-01-30T22:13:14.603+0000] {logging_mixin.py:188} INFO - [2024-01-30T22:13:14.602+0000] {dag.py:3823} INFO - Setting next_dagrun for example_branch_dop_operator_v3 to 2024-01-30 22:12:00+00:00, run_after=2024-01-30 22:13:00+00:00
[2024-01-30T22:13:14.639+0000] {processor.py:183} INFO - Processing /home/airflow/.local/lib/python3.8/site-packages/airflow/example_dags/example_branch_python_dop_operator_3.py took 0.123 seconds
[2024-01-30T22:13:45.315+0000] {processor.py:161} INFO - Started process (PID=2325) to work on /home/airflow/.local/lib/python3.8/site-packages/airflow/example_dags/example_branch_python_dop_operator_3.py
[2024-01-30T22:13:45.316+0000] {processor.py:830} INFO - Processing file /home/airflow/.local/lib/python3.8/site-packages/airflow/example_dags/example_branch_python_dop_operator_3.py for tasks to queue
[2024-01-30T22:13:45.319+0000] {logging_mixin.py:188} INFO - [2024-01-30T22:13:45.318+0000] {dagbag.py:538} INFO - Filling up the DagBag from /home/airflow/.local/lib/python3.8/site-packages/airflow/example_dags/example_branch_python_dop_operator_3.py
[2024-01-30T22:13:45.331+0000] {processor.py:840} INFO - DAG(s) 'example_branch_dop_operator_v3' retrieved from /home/airflow/.local/lib/python3.8/site-packages/airflow/example_dags/example_branch_python_dop_operator_3.py
[2024-01-30T22:13:45.364+0000] {logging_mixin.py:188} INFO - [2024-01-30T22:13:45.363+0000] {dag.py:3036} INFO - Sync 1 DAGs
[2024-01-30T22:13:45.401+0000] {logging_mixin.py:188} INFO - [2024-01-30T22:13:45.401+0000] {dag.py:3823} INFO - Setting next_dagrun for example_branch_dop_operator_v3 to 2024-01-30 22:12:00+00:00, run_after=2024-01-30 22:13:00+00:00
[2024-01-30T22:13:45.437+0000] {processor.py:183} INFO - Processing /home/airflow/.local/lib/python3.8/site-packages/airflow/example_dags/example_branch_python_dop_operator_3.py took 0.126 seconds
[2024-01-30T22:14:20.833+0000] {processor.py:161} INFO - Started process (PID=2383) to work on /home/airflow/.local/lib/python3.8/site-packages/airflow/example_dags/example_branch_python_dop_operator_3.py
[2024-01-30T22:14:20.834+0000] {processor.py:830} INFO - Processing file /home/airflow/.local/lib/python3.8/site-packages/airflow/example_dags/example_branch_python_dop_operator_3.py for tasks to queue
[2024-01-30T22:14:20.836+0000] {logging_mixin.py:188} INFO - [2024-01-30T22:14:20.835+0000] {dagbag.py:538} INFO - Filling up the DagBag from /home/airflow/.local/lib/python3.8/site-packages/airflow/example_dags/example_branch_python_dop_operator_3.py
[2024-01-30T22:14:20.845+0000] {processor.py:840} INFO - DAG(s) 'example_branch_dop_operator_v3' retrieved from /home/airflow/.local/lib/python3.8/site-packages/airflow/example_dags/example_branch_python_dop_operator_3.py
[2024-01-30T22:14:20.871+0000] {logging_mixin.py:188} INFO - [2024-01-30T22:14:20.870+0000] {dag.py:3036} INFO - Sync 1 DAGs
[2024-01-30T22:14:20.904+0000] {logging_mixin.py:188} INFO - [2024-01-30T22:14:20.904+0000] {dag.py:3823} INFO - Setting next_dagrun for example_branch_dop_operator_v3 to 2024-01-30 22:13:00+00:00, run_after=2024-01-30 22:14:00+00:00
[2024-01-30T22:14:20.936+0000] {processor.py:183} INFO - Processing /home/airflow/.local/lib/python3.8/site-packages/airflow/example_dags/example_branch_python_dop_operator_3.py took 0.106 seconds
[2024-01-30T22:14:52.046+0000] {processor.py:161} INFO - Started process (PID=2441) to work on /home/airflow/.local/lib/python3.8/site-packages/airflow/example_dags/example_branch_python_dop_operator_3.py
[2024-01-30T22:14:52.047+0000] {processor.py:830} INFO - Processing file /home/airflow/.local/lib/python3.8/site-packages/airflow/example_dags/example_branch_python_dop_operator_3.py for tasks to queue
[2024-01-30T22:14:52.048+0000] {logging_mixin.py:188} INFO - [2024-01-30T22:14:52.048+0000] {dagbag.py:538} INFO - Filling up the DagBag from /home/airflow/.local/lib/python3.8/site-packages/airflow/example_dags/example_branch_python_dop_operator_3.py
[2024-01-30T22:14:52.058+0000] {processor.py:840} INFO - DAG(s) 'example_branch_dop_operator_v3' retrieved from /home/airflow/.local/lib/python3.8/site-packages/airflow/example_dags/example_branch_python_dop_operator_3.py
[2024-01-30T22:14:52.080+0000] {logging_mixin.py:188} INFO - [2024-01-30T22:14:52.080+0000] {dag.py:3036} INFO - Sync 1 DAGs
[2024-01-30T22:14:52.107+0000] {logging_mixin.py:188} INFO - [2024-01-30T22:14:52.107+0000] {dag.py:3823} INFO - Setting next_dagrun for example_branch_dop_operator_v3 to 2024-01-30 22:13:00+00:00, run_after=2024-01-30 22:14:00+00:00
[2024-01-30T22:14:52.133+0000] {processor.py:183} INFO - Processing /home/airflow/.local/lib/python3.8/site-packages/airflow/example_dags/example_branch_python_dop_operator_3.py took 0.091 seconds
[2024-01-30T22:15:22.942+0000] {processor.py:161} INFO - Started process (PID=2500) to work on /home/airflow/.local/lib/python3.8/site-packages/airflow/example_dags/example_branch_python_dop_operator_3.py
[2024-01-30T22:15:22.944+0000] {processor.py:830} INFO - Processing file /home/airflow/.local/lib/python3.8/site-packages/airflow/example_dags/example_branch_python_dop_operator_3.py for tasks to queue
[2024-01-30T22:15:22.945+0000] {logging_mixin.py:188} INFO - [2024-01-30T22:15:22.945+0000] {dagbag.py:538} INFO - Filling up the DagBag from /home/airflow/.local/lib/python3.8/site-packages/airflow/example_dags/example_branch_python_dop_operator_3.py
[2024-01-30T22:15:22.956+0000] {processor.py:840} INFO - DAG(s) 'example_branch_dop_operator_v3' retrieved from /home/airflow/.local/lib/python3.8/site-packages/airflow/example_dags/example_branch_python_dop_operator_3.py
[2024-01-30T22:15:22.981+0000] {logging_mixin.py:188} INFO - [2024-01-30T22:15:22.981+0000] {dag.py:3036} INFO - Sync 1 DAGs
[2024-01-30T22:15:23.013+0000] {logging_mixin.py:188} INFO - [2024-01-30T22:15:23.013+0000] {dag.py:3823} INFO - Setting next_dagrun for example_branch_dop_operator_v3 to 2024-01-30 22:14:00+00:00, run_after=2024-01-30 22:15:00+00:00
[2024-01-30T22:15:23.045+0000] {processor.py:183} INFO - Processing /home/airflow/.local/lib/python3.8/site-packages/airflow/example_dags/example_branch_python_dop_operator_3.py took 0.106 seconds
[2024-01-30T22:15:53.189+0000] {processor.py:161} INFO - Started process (PID=2561) to work on /home/airflow/.local/lib/python3.8/site-packages/airflow/example_dags/example_branch_python_dop_operator_3.py
[2024-01-30T22:15:53.190+0000] {processor.py:830} INFO - Processing file /home/airflow/.local/lib/python3.8/site-packages/airflow/example_dags/example_branch_python_dop_operator_3.py for tasks to queue
[2024-01-30T22:15:53.192+0000] {logging_mixin.py:188} INFO - [2024-01-30T22:15:53.191+0000] {dagbag.py:538} INFO - Filling up the DagBag from /home/airflow/.local/lib/python3.8/site-packages/airflow/example_dags/example_branch_python_dop_operator_3.py
[2024-01-30T22:15:53.205+0000] {processor.py:840} INFO - DAG(s) 'example_branch_dop_operator_v3' retrieved from /home/airflow/.local/lib/python3.8/site-packages/airflow/example_dags/example_branch_python_dop_operator_3.py
[2024-01-30T22:15:53.234+0000] {logging_mixin.py:188} INFO - [2024-01-30T22:15:53.234+0000] {dag.py:3036} INFO - Sync 1 DAGs
[2024-01-30T22:15:53.275+0000] {logging_mixin.py:188} INFO - [2024-01-30T22:15:53.275+0000] {dag.py:3823} INFO - Setting next_dagrun for example_branch_dop_operator_v3 to 2024-01-30 22:14:00+00:00, run_after=2024-01-30 22:15:00+00:00
[2024-01-30T22:15:53.309+0000] {processor.py:183} INFO - Processing /home/airflow/.local/lib/python3.8/site-packages/airflow/example_dags/example_branch_python_dop_operator_3.py took 0.123 seconds
[2024-01-30T22:16:23.754+0000] {processor.py:161} INFO - Started process (PID=2622) to work on /home/airflow/.local/lib/python3.8/site-packages/airflow/example_dags/example_branch_python_dop_operator_3.py
[2024-01-30T22:16:23.755+0000] {processor.py:830} INFO - Processing file /home/airflow/.local/lib/python3.8/site-packages/airflow/example_dags/example_branch_python_dop_operator_3.py for tasks to queue
[2024-01-30T22:16:23.757+0000] {logging_mixin.py:188} INFO - [2024-01-30T22:16:23.756+0000] {dagbag.py:538} INFO - Filling up the DagBag from /home/airflow/.local/lib/python3.8/site-packages/airflow/example_dags/example_branch_python_dop_operator_3.py
[2024-01-30T22:16:23.766+0000] {processor.py:840} INFO - DAG(s) 'example_branch_dop_operator_v3' retrieved from /home/airflow/.local/lib/python3.8/site-packages/airflow/example_dags/example_branch_python_dop_operator_3.py
[2024-01-30T22:16:23.790+0000] {logging_mixin.py:188} INFO - [2024-01-30T22:16:23.789+0000] {dag.py:3036} INFO - Sync 1 DAGs
[2024-01-30T22:16:23.820+0000] {logging_mixin.py:188} INFO - [2024-01-30T22:16:23.819+0000] {dag.py:3823} INFO - Setting next_dagrun for example_branch_dop_operator_v3 to 2024-01-30 22:15:00+00:00, run_after=2024-01-30 22:16:00+00:00
[2024-01-30T22:16:23.849+0000] {processor.py:183} INFO - Processing /home/airflow/.local/lib/python3.8/site-packages/airflow/example_dags/example_branch_python_dop_operator_3.py took 0.098 seconds
[2024-01-30T22:16:54.612+0000] {processor.py:161} INFO - Started process (PID=2685) to work on /home/airflow/.local/lib/python3.8/site-packages/airflow/example_dags/example_branch_python_dop_operator_3.py
[2024-01-30T22:16:54.618+0000] {processor.py:830} INFO - Processing file /home/airflow/.local/lib/python3.8/site-packages/airflow/example_dags/example_branch_python_dop_operator_3.py for tasks to queue
[2024-01-30T22:16:54.620+0000] {logging_mixin.py:188} INFO - [2024-01-30T22:16:54.620+0000] {dagbag.py:538} INFO - Filling up the DagBag from /home/airflow/.local/lib/python3.8/site-packages/airflow/example_dags/example_branch_python_dop_operator_3.py
[2024-01-30T22:16:54.643+0000] {processor.py:840} INFO - DAG(s) 'example_branch_dop_operator_v3' retrieved from /home/airflow/.local/lib/python3.8/site-packages/airflow/example_dags/example_branch_python_dop_operator_3.py
[2024-01-30T22:16:54.691+0000] {logging_mixin.py:188} INFO - [2024-01-30T22:16:54.691+0000] {dag.py:3036} INFO - Sync 1 DAGs
[2024-01-30T22:16:54.733+0000] {logging_mixin.py:188} INFO - [2024-01-30T22:16:54.732+0000] {dag.py:3823} INFO - Setting next_dagrun for example_branch_dop_operator_v3 to 2024-01-30 22:15:00+00:00, run_after=2024-01-30 22:16:00+00:00
[2024-01-30T22:16:54.767+0000] {processor.py:183} INFO - Processing /home/airflow/.local/lib/python3.8/site-packages/airflow/example_dags/example_branch_python_dop_operator_3.py took 0.161 seconds
[2024-01-30T22:17:26.839+0000] {processor.py:161} INFO - Started process (PID=2744) to work on /home/airflow/.local/lib/python3.8/site-packages/airflow/example_dags/example_branch_python_dop_operator_3.py
[2024-01-30T22:17:26.840+0000] {processor.py:830} INFO - Processing file /home/airflow/.local/lib/python3.8/site-packages/airflow/example_dags/example_branch_python_dop_operator_3.py for tasks to queue
[2024-01-30T22:17:26.841+0000] {logging_mixin.py:188} INFO - [2024-01-30T22:17:26.841+0000] {dagbag.py:538} INFO - Filling up the DagBag from /home/airflow/.local/lib/python3.8/site-packages/airflow/example_dags/example_branch_python_dop_operator_3.py
[2024-01-30T22:17:26.851+0000] {processor.py:840} INFO - DAG(s) 'example_branch_dop_operator_v3' retrieved from /home/airflow/.local/lib/python3.8/site-packages/airflow/example_dags/example_branch_python_dop_operator_3.py
[2024-01-30T22:17:26.876+0000] {logging_mixin.py:188} INFO - [2024-01-30T22:17:26.876+0000] {dag.py:3036} INFO - Sync 1 DAGs
[2024-01-30T22:17:27.046+0000] {logging_mixin.py:188} INFO - [2024-01-30T22:17:27.045+0000] {dag.py:3823} INFO - Setting next_dagrun for example_branch_dop_operator_v3 to 2024-01-30 22:16:00+00:00, run_after=2024-01-30 22:17:00+00:00
[2024-01-30T22:17:27.077+0000] {processor.py:183} INFO - Processing /home/airflow/.local/lib/python3.8/site-packages/airflow/example_dags/example_branch_python_dop_operator_3.py took 0.241 seconds
[2024-01-30T22:17:57.366+0000] {processor.py:161} INFO - Started process (PID=2801) to work on /home/airflow/.local/lib/python3.8/site-packages/airflow/example_dags/example_branch_python_dop_operator_3.py
[2024-01-30T22:17:57.368+0000] {processor.py:830} INFO - Processing file /home/airflow/.local/lib/python3.8/site-packages/airflow/example_dags/example_branch_python_dop_operator_3.py for tasks to queue
[2024-01-30T22:17:57.370+0000] {logging_mixin.py:188} INFO - [2024-01-30T22:17:57.369+0000] {dagbag.py:538} INFO - Filling up the DagBag from /home/airflow/.local/lib/python3.8/site-packages/airflow/example_dags/example_branch_python_dop_operator_3.py
[2024-01-30T22:17:57.381+0000] {processor.py:840} INFO - DAG(s) 'example_branch_dop_operator_v3' retrieved from /home/airflow/.local/lib/python3.8/site-packages/airflow/example_dags/example_branch_python_dop_operator_3.py
[2024-01-30T22:17:57.410+0000] {logging_mixin.py:188} INFO - [2024-01-30T22:17:57.410+0000] {dag.py:3036} INFO - Sync 1 DAGs
[2024-01-30T22:17:57.448+0000] {logging_mixin.py:188} INFO - [2024-01-30T22:17:57.448+0000] {dag.py:3823} INFO - Setting next_dagrun for example_branch_dop_operator_v3 to 2024-01-30 22:16:00+00:00, run_after=2024-01-30 22:17:00+00:00
[2024-01-30T22:17:57.486+0000] {processor.py:183} INFO - Processing /home/airflow/.local/lib/python3.8/site-packages/airflow/example_dags/example_branch_python_dop_operator_3.py took 0.124 seconds
[2024-01-30T22:18:27.834+0000] {processor.py:161} INFO - Started process (PID=2859) to work on /home/airflow/.local/lib/python3.8/site-packages/airflow/example_dags/example_branch_python_dop_operator_3.py
[2024-01-30T22:18:27.835+0000] {processor.py:830} INFO - Processing file /home/airflow/.local/lib/python3.8/site-packages/airflow/example_dags/example_branch_python_dop_operator_3.py for tasks to queue
[2024-01-30T22:18:27.837+0000] {logging_mixin.py:188} INFO - [2024-01-30T22:18:27.836+0000] {dagbag.py:538} INFO - Filling up the DagBag from /home/airflow/.local/lib/python3.8/site-packages/airflow/example_dags/example_branch_python_dop_operator_3.py
[2024-01-30T22:18:27.848+0000] {processor.py:840} INFO - DAG(s) 'example_branch_dop_operator_v3' retrieved from /home/airflow/.local/lib/python3.8/site-packages/airflow/example_dags/example_branch_python_dop_operator_3.py
[2024-01-30T22:18:27.876+0000] {logging_mixin.py:188} INFO - [2024-01-30T22:18:27.875+0000] {dag.py:3036} INFO - Sync 1 DAGs
[2024-01-30T22:18:27.907+0000] {logging_mixin.py:188} INFO - [2024-01-30T22:18:27.907+0000] {dag.py:3823} INFO - Setting next_dagrun for example_branch_dop_operator_v3 to 2024-01-30 22:17:00+00:00, run_after=2024-01-30 22:18:00+00:00
[2024-01-30T22:18:27.937+0000] {processor.py:183} INFO - Processing /home/airflow/.local/lib/python3.8/site-packages/airflow/example_dags/example_branch_python_dop_operator_3.py took 0.107 seconds
[2024-01-30T22:18:58.212+0000] {processor.py:161} INFO - Started process (PID=2916) to work on /home/airflow/.local/lib/python3.8/site-packages/airflow/example_dags/example_branch_python_dop_operator_3.py
[2024-01-30T22:18:58.214+0000] {processor.py:830} INFO - Processing file /home/airflow/.local/lib/python3.8/site-packages/airflow/example_dags/example_branch_python_dop_operator_3.py for tasks to queue
[2024-01-30T22:18:58.215+0000] {logging_mixin.py:188} INFO - [2024-01-30T22:18:58.215+0000] {dagbag.py:538} INFO - Filling up the DagBag from /home/airflow/.local/lib/python3.8/site-packages/airflow/example_dags/example_branch_python_dop_operator_3.py
[2024-01-30T22:18:58.224+0000] {processor.py:840} INFO - DAG(s) 'example_branch_dop_operator_v3' retrieved from /home/airflow/.local/lib/python3.8/site-packages/airflow/example_dags/example_branch_python_dop_operator_3.py
[2024-01-30T22:18:58.247+0000] {logging_mixin.py:188} INFO - [2024-01-30T22:18:58.247+0000] {dag.py:3036} INFO - Sync 1 DAGs
[2024-01-30T22:18:58.279+0000] {logging_mixin.py:188} INFO - [2024-01-30T22:18:58.278+0000] {dag.py:3823} INFO - Setting next_dagrun for example_branch_dop_operator_v3 to 2024-01-30 22:17:00+00:00, run_after=2024-01-30 22:18:00+00:00
[2024-01-30T22:18:58.305+0000] {processor.py:183} INFO - Processing /home/airflow/.local/lib/python3.8/site-packages/airflow/example_dags/example_branch_python_dop_operator_3.py took 0.095 seconds
[2024-01-30T22:19:31.555+0000] {processor.py:161} INFO - Started process (PID=2973) to work on /home/airflow/.local/lib/python3.8/site-packages/airflow/example_dags/example_branch_python_dop_operator_3.py
[2024-01-30T22:19:31.557+0000] {processor.py:830} INFO - Processing file /home/airflow/.local/lib/python3.8/site-packages/airflow/example_dags/example_branch_python_dop_operator_3.py for tasks to queue
[2024-01-30T22:19:31.558+0000] {logging_mixin.py:188} INFO - [2024-01-30T22:19:31.557+0000] {dagbag.py:538} INFO - Filling up the DagBag from /home/airflow/.local/lib/python3.8/site-packages/airflow/example_dags/example_branch_python_dop_operator_3.py
[2024-01-30T22:19:31.567+0000] {processor.py:840} INFO - DAG(s) 'example_branch_dop_operator_v3' retrieved from /home/airflow/.local/lib/python3.8/site-packages/airflow/example_dags/example_branch_python_dop_operator_3.py
[2024-01-30T22:19:31.742+0000] {logging_mixin.py:188} INFO - [2024-01-30T22:19:31.742+0000] {dag.py:3036} INFO - Sync 1 DAGs
[2024-01-30T22:19:31.776+0000] {logging_mixin.py:188} INFO - [2024-01-30T22:19:31.776+0000] {dag.py:3823} INFO - Setting next_dagrun for example_branch_dop_operator_v3 to 2024-01-30 22:18:00+00:00, run_after=2024-01-30 22:19:00+00:00
[2024-01-30T22:19:31.804+0000] {processor.py:183} INFO - Processing /home/airflow/.local/lib/python3.8/site-packages/airflow/example_dags/example_branch_python_dop_operator_3.py took 0.251 seconds
[2024-01-30T22:20:02.338+0000] {processor.py:161} INFO - Started process (PID=3030) to work on /home/airflow/.local/lib/python3.8/site-packages/airflow/example_dags/example_branch_python_dop_operator_3.py
[2024-01-30T22:20:02.339+0000] {processor.py:830} INFO - Processing file /home/airflow/.local/lib/python3.8/site-packages/airflow/example_dags/example_branch_python_dop_operator_3.py for tasks to queue
[2024-01-30T22:20:02.340+0000] {logging_mixin.py:188} INFO - [2024-01-30T22:20:02.340+0000] {dagbag.py:538} INFO - Filling up the DagBag from /home/airflow/.local/lib/python3.8/site-packages/airflow/example_dags/example_branch_python_dop_operator_3.py
[2024-01-30T22:20:02.348+0000] {processor.py:840} INFO - DAG(s) 'example_branch_dop_operator_v3' retrieved from /home/airflow/.local/lib/python3.8/site-packages/airflow/example_dags/example_branch_python_dop_operator_3.py
[2024-01-30T22:20:02.368+0000] {logging_mixin.py:188} INFO - [2024-01-30T22:20:02.367+0000] {dag.py:3036} INFO - Sync 1 DAGs
[2024-01-30T22:20:02.395+0000] {logging_mixin.py:188} INFO - [2024-01-30T22:20:02.394+0000] {dag.py:3823} INFO - Setting next_dagrun for example_branch_dop_operator_v3 to 2024-01-30 22:19:00+00:00, run_after=2024-01-30 22:20:00+00:00
[2024-01-30T22:20:02.420+0000] {processor.py:183} INFO - Processing /home/airflow/.local/lib/python3.8/site-packages/airflow/example_dags/example_branch_python_dop_operator_3.py took 0.084 seconds
[2024-01-30T22:20:32.959+0000] {processor.py:161} INFO - Started process (PID=3087) to work on /home/airflow/.local/lib/python3.8/site-packages/airflow/example_dags/example_branch_python_dop_operator_3.py
[2024-01-30T22:20:32.961+0000] {processor.py:830} INFO - Processing file /home/airflow/.local/lib/python3.8/site-packages/airflow/example_dags/example_branch_python_dop_operator_3.py for tasks to queue
[2024-01-30T22:20:32.962+0000] {logging_mixin.py:188} INFO - [2024-01-30T22:20:32.961+0000] {dagbag.py:538} INFO - Filling up the DagBag from /home/airflow/.local/lib/python3.8/site-packages/airflow/example_dags/example_branch_python_dop_operator_3.py
[2024-01-30T22:20:32.971+0000] {processor.py:840} INFO - DAG(s) 'example_branch_dop_operator_v3' retrieved from /home/airflow/.local/lib/python3.8/site-packages/airflow/example_dags/example_branch_python_dop_operator_3.py
[2024-01-30T22:20:32.997+0000] {logging_mixin.py:188} INFO - [2024-01-30T22:20:32.996+0000] {dag.py:3036} INFO - Sync 1 DAGs
[2024-01-30T22:20:33.037+0000] {logging_mixin.py:188} INFO - [2024-01-30T22:20:33.037+0000] {dag.py:3823} INFO - Setting next_dagrun for example_branch_dop_operator_v3 to 2024-01-30 22:19:00+00:00, run_after=2024-01-30 22:20:00+00:00
[2024-01-30T22:20:33.088+0000] {processor.py:183} INFO - Processing /home/airflow/.local/lib/python3.8/site-packages/airflow/example_dags/example_branch_python_dop_operator_3.py took 0.132 seconds
[2024-01-30T22:21:06.792+0000] {processor.py:161} INFO - Started process (PID=3144) to work on /home/airflow/.local/lib/python3.8/site-packages/airflow/example_dags/example_branch_python_dop_operator_3.py
[2024-01-30T22:21:06.801+0000] {processor.py:830} INFO - Processing file /home/airflow/.local/lib/python3.8/site-packages/airflow/example_dags/example_branch_python_dop_operator_3.py for tasks to queue
[2024-01-30T22:21:06.812+0000] {logging_mixin.py:188} INFO - [2024-01-30T22:21:06.808+0000] {dagbag.py:538} INFO - Filling up the DagBag from /home/airflow/.local/lib/python3.8/site-packages/airflow/example_dags/example_branch_python_dop_operator_3.py
[2024-01-30T22:21:06.900+0000] {processor.py:840} INFO - DAG(s) 'example_branch_dop_operator_v3' retrieved from /home/airflow/.local/lib/python3.8/site-packages/airflow/example_dags/example_branch_python_dop_operator_3.py
[2024-01-30T22:21:07.140+0000] {logging_mixin.py:188} INFO - [2024-01-30T22:21:07.137+0000] {dag.py:3036} INFO - Sync 1 DAGs
[2024-01-30T22:21:07.575+0000] {logging_mixin.py:188} INFO - [2024-01-30T22:21:07.571+0000] {dag.py:3823} INFO - Setting next_dagrun for example_branch_dop_operator_v3 to 2024-01-30 22:20:00+00:00, run_after=2024-01-30 22:21:00+00:00
[2024-01-30T22:21:07.796+0000] {processor.py:183} INFO - Processing /home/airflow/.local/lib/python3.8/site-packages/airflow/example_dags/example_branch_python_dop_operator_3.py took 1.026 seconds
[2024-01-30T22:21:38.042+0000] {processor.py:161} INFO - Started process (PID=3201) to work on /home/airflow/.local/lib/python3.8/site-packages/airflow/example_dags/example_branch_python_dop_operator_3.py
[2024-01-30T22:21:38.043+0000] {processor.py:830} INFO - Processing file /home/airflow/.local/lib/python3.8/site-packages/airflow/example_dags/example_branch_python_dop_operator_3.py for tasks to queue
[2024-01-30T22:21:38.044+0000] {logging_mixin.py:188} INFO - [2024-01-30T22:21:38.044+0000] {dagbag.py:538} INFO - Filling up the DagBag from /home/airflow/.local/lib/python3.8/site-packages/airflow/example_dags/example_branch_python_dop_operator_3.py
[2024-01-30T22:21:38.052+0000] {processor.py:840} INFO - DAG(s) 'example_branch_dop_operator_v3' retrieved from /home/airflow/.local/lib/python3.8/site-packages/airflow/example_dags/example_branch_python_dop_operator_3.py
[2024-01-30T22:21:38.073+0000] {logging_mixin.py:188} INFO - [2024-01-30T22:21:38.073+0000] {dag.py:3036} INFO - Sync 1 DAGs
[2024-01-30T22:21:38.099+0000] {logging_mixin.py:188} INFO - [2024-01-30T22:21:38.099+0000] {dag.py:3823} INFO - Setting next_dagrun for example_branch_dop_operator_v3 to 2024-01-30 22:20:00+00:00, run_after=2024-01-30 22:21:00+00:00
[2024-01-30T22:21:38.124+0000] {processor.py:183} INFO - Processing /home/airflow/.local/lib/python3.8/site-packages/airflow/example_dags/example_branch_python_dop_operator_3.py took 0.084 seconds
[2024-01-30T22:22:08.449+0000] {processor.py:161} INFO - Started process (PID=3258) to work on /home/airflow/.local/lib/python3.8/site-packages/airflow/example_dags/example_branch_python_dop_operator_3.py
[2024-01-30T22:22:08.450+0000] {processor.py:830} INFO - Processing file /home/airflow/.local/lib/python3.8/site-packages/airflow/example_dags/example_branch_python_dop_operator_3.py for tasks to queue
[2024-01-30T22:22:08.451+0000] {logging_mixin.py:188} INFO - [2024-01-30T22:22:08.451+0000] {dagbag.py:538} INFO - Filling up the DagBag from /home/airflow/.local/lib/python3.8/site-packages/airflow/example_dags/example_branch_python_dop_operator_3.py
[2024-01-30T22:22:08.462+0000] {processor.py:840} INFO - DAG(s) 'example_branch_dop_operator_v3' retrieved from /home/airflow/.local/lib/python3.8/site-packages/airflow/example_dags/example_branch_python_dop_operator_3.py
[2024-01-30T22:22:08.490+0000] {logging_mixin.py:188} INFO - [2024-01-30T22:22:08.490+0000] {dag.py:3036} INFO - Sync 1 DAGs
[2024-01-30T22:22:08.530+0000] {logging_mixin.py:188} INFO - [2024-01-30T22:22:08.530+0000] {dag.py:3823} INFO - Setting next_dagrun for example_branch_dop_operator_v3 to 2024-01-30 22:21:00+00:00, run_after=2024-01-30 22:22:00+00:00
[2024-01-30T22:22:08.558+0000] {processor.py:183} INFO - Processing /home/airflow/.local/lib/python3.8/site-packages/airflow/example_dags/example_branch_python_dop_operator_3.py took 0.112 seconds
[2024-01-30T22:22:38.695+0000] {processor.py:161} INFO - Started process (PID=3315) to work on /home/airflow/.local/lib/python3.8/site-packages/airflow/example_dags/example_branch_python_dop_operator_3.py
[2024-01-30T22:22:38.696+0000] {processor.py:830} INFO - Processing file /home/airflow/.local/lib/python3.8/site-packages/airflow/example_dags/example_branch_python_dop_operator_3.py for tasks to queue
[2024-01-30T22:22:38.697+0000] {logging_mixin.py:188} INFO - [2024-01-30T22:22:38.697+0000] {dagbag.py:538} INFO - Filling up the DagBag from /home/airflow/.local/lib/python3.8/site-packages/airflow/example_dags/example_branch_python_dop_operator_3.py
[2024-01-30T22:22:38.705+0000] {processor.py:840} INFO - DAG(s) 'example_branch_dop_operator_v3' retrieved from /home/airflow/.local/lib/python3.8/site-packages/airflow/example_dags/example_branch_python_dop_operator_3.py
[2024-01-30T22:22:38.728+0000] {logging_mixin.py:188} INFO - [2024-01-30T22:22:38.727+0000] {dag.py:3036} INFO - Sync 1 DAGs
[2024-01-30T22:22:38.755+0000] {logging_mixin.py:188} INFO - [2024-01-30T22:22:38.755+0000] {dag.py:3823} INFO - Setting next_dagrun for example_branch_dop_operator_v3 to 2024-01-30 22:21:00+00:00, run_after=2024-01-30 22:22:00+00:00
[2024-01-30T22:22:38.780+0000] {processor.py:183} INFO - Processing /home/airflow/.local/lib/python3.8/site-packages/airflow/example_dags/example_branch_python_dop_operator_3.py took 0.087 seconds
