[2024-01-30T21:53:15.051+0000] {processor.py:161} INFO - Started process (PID=83) to work on /home/airflow/.local/lib/python3.8/site-packages/airflow/example_dags/example_xcomargs.py
[2024-01-30T21:53:15.053+0000] {processor.py:830} INFO - Processing file /home/airflow/.local/lib/python3.8/site-packages/airflow/example_dags/example_xcomargs.py for tasks to queue
[2024-01-30T21:53:15.056+0000] {logging_mixin.py:188} INFO - [2024-01-30T21:53:15.056+0000] {dagbag.py:538} INFO - Filling up the DagBag from /home/airflow/.local/lib/python3.8/site-packages/airflow/example_dags/example_xcomargs.py
[2024-01-30T21:53:15.108+0000] {processor.py:840} INFO - DAG(s) 'example_xcom_args_with_operators', 'example_xcom_args' retrieved from /home/airflow/.local/lib/python3.8/site-packages/airflow/example_dags/example_xcomargs.py
[2024-01-30T21:53:15.268+0000] {logging_mixin.py:188} INFO - [2024-01-30T21:53:15.268+0000] {dag.py:3036} INFO - Sync 2 DAGs
[2024-01-30T21:53:15.285+0000] {logging_mixin.py:188} INFO - [2024-01-30T21:53:15.284+0000] {dag.py:3823} INFO - Setting next_dagrun for example_xcom_args to None, run_after=None
[2024-01-30T21:53:15.291+0000] {logging_mixin.py:188} INFO - [2024-01-30T21:53:15.290+0000] {dag.py:3823} INFO - Setting next_dagrun for example_xcom_args_with_operators to None, run_after=None
[2024-01-30T21:53:15.330+0000] {processor.py:183} INFO - Processing /home/airflow/.local/lib/python3.8/site-packages/airflow/example_dags/example_xcomargs.py took 0.282 seconds
[2024-01-30T21:53:56.372+0000] {processor.py:161} INFO - Started process (PID=138) to work on /home/airflow/.local/lib/python3.8/site-packages/airflow/example_dags/example_xcomargs.py
[2024-01-30T21:53:56.399+0000] {processor.py:830} INFO - Processing file /home/airflow/.local/lib/python3.8/site-packages/airflow/example_dags/example_xcomargs.py for tasks to queue
[2024-01-30T21:53:56.401+0000] {logging_mixin.py:188} INFO - [2024-01-30T21:53:56.401+0000] {dagbag.py:538} INFO - Filling up the DagBag from /home/airflow/.local/lib/python3.8/site-packages/airflow/example_dags/example_xcomargs.py
[2024-01-30T21:53:56.412+0000] {processor.py:840} INFO - DAG(s) 'example_xcom_args_with_operators', 'example_xcom_args' retrieved from /home/airflow/.local/lib/python3.8/site-packages/airflow/example_dags/example_xcomargs.py
[2024-01-30T21:53:56.457+0000] {logging_mixin.py:188} INFO - [2024-01-30T21:53:56.456+0000] {dag.py:3036} INFO - Sync 2 DAGs
[2024-01-30T21:53:56.476+0000] {logging_mixin.py:188} INFO - [2024-01-30T21:53:56.475+0000] {dag.py:3823} INFO - Setting next_dagrun for example_xcom_args to None, run_after=None
[2024-01-30T21:53:56.483+0000] {logging_mixin.py:188} INFO - [2024-01-30T21:53:56.482+0000] {dag.py:3823} INFO - Setting next_dagrun for example_xcom_args_with_operators to None, run_after=None
[2024-01-30T21:53:56.678+0000] {processor.py:183} INFO - Processing /home/airflow/.local/lib/python3.8/site-packages/airflow/example_dags/example_xcomargs.py took 0.309 seconds
[2024-01-30T21:54:34.454+0000] {processor.py:161} INFO - Started process (PID=193) to work on /home/airflow/.local/lib/python3.8/site-packages/airflow/example_dags/example_xcomargs.py
[2024-01-30T21:54:34.456+0000] {processor.py:830} INFO - Processing file /home/airflow/.local/lib/python3.8/site-packages/airflow/example_dags/example_xcomargs.py for tasks to queue
[2024-01-30T21:54:34.458+0000] {logging_mixin.py:188} INFO - [2024-01-30T21:54:34.458+0000] {dagbag.py:538} INFO - Filling up the DagBag from /home/airflow/.local/lib/python3.8/site-packages/airflow/example_dags/example_xcomargs.py
[2024-01-30T21:54:34.469+0000] {processor.py:840} INFO - DAG(s) 'example_xcom_args', 'example_xcom_args_with_operators' retrieved from /home/airflow/.local/lib/python3.8/site-packages/airflow/example_dags/example_xcomargs.py
[2024-01-30T21:54:34.505+0000] {logging_mixin.py:188} INFO - [2024-01-30T21:54:34.504+0000] {dag.py:3036} INFO - Sync 2 DAGs
[2024-01-30T21:54:34.521+0000] {logging_mixin.py:188} INFO - [2024-01-30T21:54:34.521+0000] {dag.py:3823} INFO - Setting next_dagrun for example_xcom_args to None, run_after=None
[2024-01-30T21:54:34.527+0000] {logging_mixin.py:188} INFO - [2024-01-30T21:54:34.527+0000] {dag.py:3823} INFO - Setting next_dagrun for example_xcom_args_with_operators to None, run_after=None
[2024-01-30T21:54:34.558+0000] {processor.py:183} INFO - Processing /home/airflow/.local/lib/python3.8/site-packages/airflow/example_dags/example_xcomargs.py took 0.107 seconds
[2024-01-30T21:55:05.518+0000] {processor.py:161} INFO - Started process (PID=248) to work on /home/airflow/.local/lib/python3.8/site-packages/airflow/example_dags/example_xcomargs.py
[2024-01-30T21:55:05.520+0000] {processor.py:830} INFO - Processing file /home/airflow/.local/lib/python3.8/site-packages/airflow/example_dags/example_xcomargs.py for tasks to queue
[2024-01-30T21:55:05.522+0000] {logging_mixin.py:188} INFO - [2024-01-30T21:55:05.522+0000] {dagbag.py:538} INFO - Filling up the DagBag from /home/airflow/.local/lib/python3.8/site-packages/airflow/example_dags/example_xcomargs.py
[2024-01-30T21:55:05.532+0000] {processor.py:840} INFO - DAG(s) 'example_xcom_args', 'example_xcom_args_with_operators' retrieved from /home/airflow/.local/lib/python3.8/site-packages/airflow/example_dags/example_xcomargs.py
[2024-01-30T21:55:05.567+0000] {logging_mixin.py:188} INFO - [2024-01-30T21:55:05.566+0000] {dag.py:3036} INFO - Sync 2 DAGs
[2024-01-30T21:55:05.583+0000] {logging_mixin.py:188} INFO - [2024-01-30T21:55:05.583+0000] {dag.py:3823} INFO - Setting next_dagrun for example_xcom_args to None, run_after=None
[2024-01-30T21:55:05.590+0000] {logging_mixin.py:188} INFO - [2024-01-30T21:55:05.589+0000] {dag.py:3823} INFO - Setting next_dagrun for example_xcom_args_with_operators to None, run_after=None
[2024-01-30T21:55:05.624+0000] {processor.py:183} INFO - Processing /home/airflow/.local/lib/python3.8/site-packages/airflow/example_dags/example_xcomargs.py took 0.109 seconds
[2024-01-30T21:55:35.801+0000] {processor.py:161} INFO - Started process (PID=303) to work on /home/airflow/.local/lib/python3.8/site-packages/airflow/example_dags/example_xcomargs.py
[2024-01-30T21:55:35.802+0000] {processor.py:830} INFO - Processing file /home/airflow/.local/lib/python3.8/site-packages/airflow/example_dags/example_xcomargs.py for tasks to queue
[2024-01-30T21:55:35.803+0000] {logging_mixin.py:188} INFO - [2024-01-30T21:55:35.803+0000] {dagbag.py:538} INFO - Filling up the DagBag from /home/airflow/.local/lib/python3.8/site-packages/airflow/example_dags/example_xcomargs.py
[2024-01-30T21:55:35.811+0000] {processor.py:840} INFO - DAG(s) 'example_xcom_args', 'example_xcom_args_with_operators' retrieved from /home/airflow/.local/lib/python3.8/site-packages/airflow/example_dags/example_xcomargs.py
[2024-01-30T21:55:35.839+0000] {logging_mixin.py:188} INFO - [2024-01-30T21:55:35.839+0000] {dag.py:3036} INFO - Sync 2 DAGs
[2024-01-30T21:55:35.852+0000] {logging_mixin.py:188} INFO - [2024-01-30T21:55:35.852+0000] {dag.py:3823} INFO - Setting next_dagrun for example_xcom_args to None, run_after=None
[2024-01-30T21:55:35.857+0000] {logging_mixin.py:188} INFO - [2024-01-30T21:55:35.857+0000] {dag.py:3823} INFO - Setting next_dagrun for example_xcom_args_with_operators to None, run_after=None
[2024-01-30T21:55:35.896+0000] {processor.py:183} INFO - Processing /home/airflow/.local/lib/python3.8/site-packages/airflow/example_dags/example_xcomargs.py took 0.097 seconds
[2024-01-30T21:56:05.986+0000] {processor.py:161} INFO - Started process (PID=358) to work on /home/airflow/.local/lib/python3.8/site-packages/airflow/example_dags/example_xcomargs.py
[2024-01-30T21:56:05.987+0000] {processor.py:830} INFO - Processing file /home/airflow/.local/lib/python3.8/site-packages/airflow/example_dags/example_xcomargs.py for tasks to queue
[2024-01-30T21:56:05.988+0000] {logging_mixin.py:188} INFO - [2024-01-30T21:56:05.988+0000] {dagbag.py:538} INFO - Filling up the DagBag from /home/airflow/.local/lib/python3.8/site-packages/airflow/example_dags/example_xcomargs.py
[2024-01-30T21:56:05.995+0000] {processor.py:840} INFO - DAG(s) 'example_xcom_args', 'example_xcom_args_with_operators' retrieved from /home/airflow/.local/lib/python3.8/site-packages/airflow/example_dags/example_xcomargs.py
[2024-01-30T21:56:06.019+0000] {logging_mixin.py:188} INFO - [2024-01-30T21:56:06.019+0000] {dag.py:3036} INFO - Sync 2 DAGs
[2024-01-30T21:56:06.030+0000] {logging_mixin.py:188} INFO - [2024-01-30T21:56:06.030+0000] {dag.py:3823} INFO - Setting next_dagrun for example_xcom_args to None, run_after=None
[2024-01-30T21:56:06.034+0000] {logging_mixin.py:188} INFO - [2024-01-30T21:56:06.033+0000] {dag.py:3823} INFO - Setting next_dagrun for example_xcom_args_with_operators to None, run_after=None
[2024-01-30T21:56:06.056+0000] {processor.py:183} INFO - Processing /home/airflow/.local/lib/python3.8/site-packages/airflow/example_dags/example_xcomargs.py took 0.073 seconds
[2024-01-30T21:56:36.214+0000] {processor.py:161} INFO - Started process (PID=413) to work on /home/airflow/.local/lib/python3.8/site-packages/airflow/example_dags/example_xcomargs.py
[2024-01-30T21:56:36.216+0000] {processor.py:830} INFO - Processing file /home/airflow/.local/lib/python3.8/site-packages/airflow/example_dags/example_xcomargs.py for tasks to queue
[2024-01-30T21:56:36.219+0000] {logging_mixin.py:188} INFO - [2024-01-30T21:56:36.218+0000] {dagbag.py:538} INFO - Filling up the DagBag from /home/airflow/.local/lib/python3.8/site-packages/airflow/example_dags/example_xcomargs.py
[2024-01-30T21:56:36.230+0000] {processor.py:840} INFO - DAG(s) 'example_xcom_args_with_operators', 'example_xcom_args' retrieved from /home/airflow/.local/lib/python3.8/site-packages/airflow/example_dags/example_xcomargs.py
[2024-01-30T21:56:36.263+0000] {logging_mixin.py:188} INFO - [2024-01-30T21:56:36.263+0000] {dag.py:3036} INFO - Sync 2 DAGs
[2024-01-30T21:56:36.280+0000] {logging_mixin.py:188} INFO - [2024-01-30T21:56:36.279+0000] {dag.py:3823} INFO - Setting next_dagrun for example_xcom_args to None, run_after=None
[2024-01-30T21:56:36.285+0000] {logging_mixin.py:188} INFO - [2024-01-30T21:56:36.285+0000] {dag.py:3823} INFO - Setting next_dagrun for example_xcom_args_with_operators to None, run_after=None
[2024-01-30T21:56:36.316+0000] {processor.py:183} INFO - Processing /home/airflow/.local/lib/python3.8/site-packages/airflow/example_dags/example_xcomargs.py took 0.105 seconds
[2024-01-30T21:57:06.447+0000] {processor.py:161} INFO - Started process (PID=468) to work on /home/airflow/.local/lib/python3.8/site-packages/airflow/example_dags/example_xcomargs.py
[2024-01-30T21:57:06.448+0000] {processor.py:830} INFO - Processing file /home/airflow/.local/lib/python3.8/site-packages/airflow/example_dags/example_xcomargs.py for tasks to queue
[2024-01-30T21:57:06.450+0000] {logging_mixin.py:188} INFO - [2024-01-30T21:57:06.450+0000] {dagbag.py:538} INFO - Filling up the DagBag from /home/airflow/.local/lib/python3.8/site-packages/airflow/example_dags/example_xcomargs.py
[2024-01-30T21:57:06.459+0000] {processor.py:840} INFO - DAG(s) 'example_xcom_args_with_operators', 'example_xcom_args' retrieved from /home/airflow/.local/lib/python3.8/site-packages/airflow/example_dags/example_xcomargs.py
[2024-01-30T21:57:06.487+0000] {logging_mixin.py:188} INFO - [2024-01-30T21:57:06.487+0000] {dag.py:3036} INFO - Sync 2 DAGs
[2024-01-30T21:57:06.503+0000] {logging_mixin.py:188} INFO - [2024-01-30T21:57:06.503+0000] {dag.py:3823} INFO - Setting next_dagrun for example_xcom_args to None, run_after=None
[2024-01-30T21:57:06.510+0000] {logging_mixin.py:188} INFO - [2024-01-30T21:57:06.509+0000] {dag.py:3823} INFO - Setting next_dagrun for example_xcom_args_with_operators to None, run_after=None
[2024-01-30T21:57:06.545+0000] {processor.py:183} INFO - Processing /home/airflow/.local/lib/python3.8/site-packages/airflow/example_dags/example_xcomargs.py took 0.101 seconds
[2024-01-30T21:57:36.953+0000] {processor.py:161} INFO - Started process (PID=523) to work on /home/airflow/.local/lib/python3.8/site-packages/airflow/example_dags/example_xcomargs.py
[2024-01-30T21:57:36.954+0000] {processor.py:830} INFO - Processing file /home/airflow/.local/lib/python3.8/site-packages/airflow/example_dags/example_xcomargs.py for tasks to queue
[2024-01-30T21:57:36.957+0000] {logging_mixin.py:188} INFO - [2024-01-30T21:57:36.956+0000] {dagbag.py:538} INFO - Filling up the DagBag from /home/airflow/.local/lib/python3.8/site-packages/airflow/example_dags/example_xcomargs.py
[2024-01-30T21:57:36.966+0000] {processor.py:840} INFO - DAG(s) 'example_xcom_args_with_operators', 'example_xcom_args' retrieved from /home/airflow/.local/lib/python3.8/site-packages/airflow/example_dags/example_xcomargs.py
[2024-01-30T21:57:36.999+0000] {logging_mixin.py:188} INFO - [2024-01-30T21:57:36.999+0000] {dag.py:3036} INFO - Sync 2 DAGs
[2024-01-30T21:57:37.023+0000] {logging_mixin.py:188} INFO - [2024-01-30T21:57:37.022+0000] {dag.py:3823} INFO - Setting next_dagrun for example_xcom_args to None, run_after=None
[2024-01-30T21:57:37.030+0000] {logging_mixin.py:188} INFO - [2024-01-30T21:57:37.029+0000] {dag.py:3823} INFO - Setting next_dagrun for example_xcom_args_with_operators to None, run_after=None
[2024-01-30T21:57:37.062+0000] {processor.py:183} INFO - Processing /home/airflow/.local/lib/python3.8/site-packages/airflow/example_dags/example_xcomargs.py took 0.112 seconds
[2024-01-30T21:58:11.933+0000] {processor.py:161} INFO - Started process (PID=583) to work on /home/airflow/.local/lib/python3.8/site-packages/airflow/example_dags/example_xcomargs.py
[2024-01-30T21:58:11.935+0000] {processor.py:830} INFO - Processing file /home/airflow/.local/lib/python3.8/site-packages/airflow/example_dags/example_xcomargs.py for tasks to queue
[2024-01-30T21:58:11.941+0000] {logging_mixin.py:188} INFO - [2024-01-30T21:58:11.940+0000] {dagbag.py:538} INFO - Filling up the DagBag from /home/airflow/.local/lib/python3.8/site-packages/airflow/example_dags/example_xcomargs.py
[2024-01-30T21:58:11.955+0000] {processor.py:840} INFO - DAG(s) 'example_xcom_args_with_operators', 'example_xcom_args' retrieved from /home/airflow/.local/lib/python3.8/site-packages/airflow/example_dags/example_xcomargs.py
[2024-01-30T21:58:11.994+0000] {logging_mixin.py:188} INFO - [2024-01-30T21:58:11.993+0000] {dag.py:3036} INFO - Sync 2 DAGs
[2024-01-30T21:58:12.011+0000] {logging_mixin.py:188} INFO - [2024-01-30T21:58:12.011+0000] {dag.py:3823} INFO - Setting next_dagrun for example_xcom_args to None, run_after=None
[2024-01-30T21:58:12.017+0000] {logging_mixin.py:188} INFO - [2024-01-30T21:58:12.017+0000] {dag.py:3823} INFO - Setting next_dagrun for example_xcom_args_with_operators to None, run_after=None
[2024-01-30T21:58:12.046+0000] {processor.py:183} INFO - Processing /home/airflow/.local/lib/python3.8/site-packages/airflow/example_dags/example_xcomargs.py took 0.117 seconds
[2024-01-30T21:58:43.673+0000] {processor.py:161} INFO - Started process (PID=644) to work on /home/airflow/.local/lib/python3.8/site-packages/airflow/example_dags/example_xcomargs.py
[2024-01-30T21:58:43.675+0000] {processor.py:830} INFO - Processing file /home/airflow/.local/lib/python3.8/site-packages/airflow/example_dags/example_xcomargs.py for tasks to queue
[2024-01-30T21:58:43.676+0000] {logging_mixin.py:188} INFO - [2024-01-30T21:58:43.676+0000] {dagbag.py:538} INFO - Filling up the DagBag from /home/airflow/.local/lib/python3.8/site-packages/airflow/example_dags/example_xcomargs.py
[2024-01-30T21:58:43.693+0000] {processor.py:840} INFO - DAG(s) 'example_xcom_args_with_operators', 'example_xcom_args' retrieved from /home/airflow/.local/lib/python3.8/site-packages/airflow/example_dags/example_xcomargs.py
[2024-01-30T21:58:43.755+0000] {logging_mixin.py:188} INFO - [2024-01-30T21:58:43.755+0000] {dag.py:3036} INFO - Sync 2 DAGs
[2024-01-30T21:58:43.792+0000] {logging_mixin.py:188} INFO - [2024-01-30T21:58:43.792+0000] {dag.py:3823} INFO - Setting next_dagrun for example_xcom_args to None, run_after=None
[2024-01-30T21:58:43.824+0000] {logging_mixin.py:188} INFO - [2024-01-30T21:58:43.823+0000] {dag.py:3823} INFO - Setting next_dagrun for example_xcom_args_with_operators to None, run_after=None
[2024-01-30T21:58:43.964+0000] {processor.py:183} INFO - Processing /home/airflow/.local/lib/python3.8/site-packages/airflow/example_dags/example_xcomargs.py took 0.295 seconds
[2024-01-30T21:59:15.642+0000] {processor.py:161} INFO - Started process (PID=715) to work on /home/airflow/.local/lib/python3.8/site-packages/airflow/example_dags/example_xcomargs.py
[2024-01-30T21:59:15.643+0000] {processor.py:830} INFO - Processing file /home/airflow/.local/lib/python3.8/site-packages/airflow/example_dags/example_xcomargs.py for tasks to queue
[2024-01-30T21:59:15.645+0000] {logging_mixin.py:188} INFO - [2024-01-30T21:59:15.645+0000] {dagbag.py:538} INFO - Filling up the DagBag from /home/airflow/.local/lib/python3.8/site-packages/airflow/example_dags/example_xcomargs.py
[2024-01-30T21:59:15.663+0000] {processor.py:840} INFO - DAG(s) 'example_xcom_args', 'example_xcom_args_with_operators' retrieved from /home/airflow/.local/lib/python3.8/site-packages/airflow/example_dags/example_xcomargs.py
[2024-01-30T21:59:15.708+0000] {logging_mixin.py:188} INFO - [2024-01-30T21:59:15.708+0000] {dag.py:3036} INFO - Sync 2 DAGs
[2024-01-30T21:59:15.726+0000] {logging_mixin.py:188} INFO - [2024-01-30T21:59:15.726+0000] {dag.py:3823} INFO - Setting next_dagrun for example_xcom_args to None, run_after=None
[2024-01-30T21:59:15.732+0000] {logging_mixin.py:188} INFO - [2024-01-30T21:59:15.732+0000] {dag.py:3823} INFO - Setting next_dagrun for example_xcom_args_with_operators to None, run_after=None
[2024-01-30T21:59:15.762+0000] {processor.py:183} INFO - Processing /home/airflow/.local/lib/python3.8/site-packages/airflow/example_dags/example_xcomargs.py took 0.125 seconds
[2024-01-30T21:59:45.899+0000] {processor.py:161} INFO - Started process (PID=774) to work on /home/airflow/.local/lib/python3.8/site-packages/airflow/example_dags/example_xcomargs.py
[2024-01-30T21:59:45.900+0000] {processor.py:830} INFO - Processing file /home/airflow/.local/lib/python3.8/site-packages/airflow/example_dags/example_xcomargs.py for tasks to queue
[2024-01-30T21:59:45.900+0000] {logging_mixin.py:188} INFO - [2024-01-30T21:59:45.900+0000] {dagbag.py:538} INFO - Filling up the DagBag from /home/airflow/.local/lib/python3.8/site-packages/airflow/example_dags/example_xcomargs.py
[2024-01-30T21:59:45.907+0000] {processor.py:840} INFO - DAG(s) 'example_xcom_args_with_operators', 'example_xcom_args' retrieved from /home/airflow/.local/lib/python3.8/site-packages/airflow/example_dags/example_xcomargs.py
[2024-01-30T21:59:45.935+0000] {logging_mixin.py:188} INFO - [2024-01-30T21:59:45.934+0000] {dag.py:3036} INFO - Sync 2 DAGs
[2024-01-30T21:59:45.947+0000] {logging_mixin.py:188} INFO - [2024-01-30T21:59:45.947+0000] {dag.py:3823} INFO - Setting next_dagrun for example_xcom_args to None, run_after=None
[2024-01-30T21:59:45.952+0000] {logging_mixin.py:188} INFO - [2024-01-30T21:59:45.952+0000] {dag.py:3823} INFO - Setting next_dagrun for example_xcom_args_with_operators to None, run_after=None
[2024-01-30T21:59:45.982+0000] {processor.py:183} INFO - Processing /home/airflow/.local/lib/python3.8/site-packages/airflow/example_dags/example_xcomargs.py took 0.086 seconds
[2024-01-30T22:00:16.439+0000] {processor.py:161} INFO - Started process (PID=838) to work on /home/airflow/.local/lib/python3.8/site-packages/airflow/example_dags/example_xcomargs.py
[2024-01-30T22:00:16.440+0000] {processor.py:830} INFO - Processing file /home/airflow/.local/lib/python3.8/site-packages/airflow/example_dags/example_xcomargs.py for tasks to queue
[2024-01-30T22:00:16.441+0000] {logging_mixin.py:188} INFO - [2024-01-30T22:00:16.441+0000] {dagbag.py:538} INFO - Filling up the DagBag from /home/airflow/.local/lib/python3.8/site-packages/airflow/example_dags/example_xcomargs.py
[2024-01-30T22:00:16.449+0000] {processor.py:840} INFO - DAG(s) 'example_xcom_args', 'example_xcom_args_with_operators' retrieved from /home/airflow/.local/lib/python3.8/site-packages/airflow/example_dags/example_xcomargs.py
[2024-01-30T22:00:16.474+0000] {logging_mixin.py:188} INFO - [2024-01-30T22:00:16.474+0000] {dag.py:3036} INFO - Sync 2 DAGs
[2024-01-30T22:00:16.488+0000] {logging_mixin.py:188} INFO - [2024-01-30T22:00:16.487+0000] {dag.py:3823} INFO - Setting next_dagrun for example_xcom_args to None, run_after=None
[2024-01-30T22:00:16.492+0000] {logging_mixin.py:188} INFO - [2024-01-30T22:00:16.492+0000] {dag.py:3823} INFO - Setting next_dagrun for example_xcom_args_with_operators to None, run_after=None
[2024-01-30T22:00:16.519+0000] {processor.py:183} INFO - Processing /home/airflow/.local/lib/python3.8/site-packages/airflow/example_dags/example_xcomargs.py took 0.082 seconds
[2024-01-30T22:00:47.295+0000] {processor.py:161} INFO - Started process (PID=895) to work on /home/airflow/.local/lib/python3.8/site-packages/airflow/example_dags/example_xcomargs.py
[2024-01-30T22:00:47.296+0000] {processor.py:830} INFO - Processing file /home/airflow/.local/lib/python3.8/site-packages/airflow/example_dags/example_xcomargs.py for tasks to queue
[2024-01-30T22:00:47.298+0000] {logging_mixin.py:188} INFO - [2024-01-30T22:00:47.297+0000] {dagbag.py:538} INFO - Filling up the DagBag from /home/airflow/.local/lib/python3.8/site-packages/airflow/example_dags/example_xcomargs.py
[2024-01-30T22:00:47.309+0000] {processor.py:840} INFO - DAG(s) 'example_xcom_args_with_operators', 'example_xcom_args' retrieved from /home/airflow/.local/lib/python3.8/site-packages/airflow/example_dags/example_xcomargs.py
[2024-01-30T22:00:47.364+0000] {logging_mixin.py:188} INFO - [2024-01-30T22:00:47.363+0000] {dag.py:3036} INFO - Sync 2 DAGs
[2024-01-30T22:00:47.409+0000] {logging_mixin.py:188} INFO - [2024-01-30T22:00:47.407+0000] {dag.py:3823} INFO - Setting next_dagrun for example_xcom_args to None, run_after=None
[2024-01-30T22:00:47.422+0000] {logging_mixin.py:188} INFO - [2024-01-30T22:00:47.422+0000] {dag.py:3823} INFO - Setting next_dagrun for example_xcom_args_with_operators to None, run_after=None
[2024-01-30T22:00:47.466+0000] {processor.py:183} INFO - Processing /home/airflow/.local/lib/python3.8/site-packages/airflow/example_dags/example_xcomargs.py took 0.175 seconds
[2024-01-30T22:01:17.588+0000] {processor.py:161} INFO - Started process (PID=952) to work on /home/airflow/.local/lib/python3.8/site-packages/airflow/example_dags/example_xcomargs.py
[2024-01-30T22:01:17.589+0000] {processor.py:830} INFO - Processing file /home/airflow/.local/lib/python3.8/site-packages/airflow/example_dags/example_xcomargs.py for tasks to queue
[2024-01-30T22:01:17.590+0000] {logging_mixin.py:188} INFO - [2024-01-30T22:01:17.590+0000] {dagbag.py:538} INFO - Filling up the DagBag from /home/airflow/.local/lib/python3.8/site-packages/airflow/example_dags/example_xcomargs.py
[2024-01-30T22:01:17.598+0000] {processor.py:840} INFO - DAG(s) 'example_xcom_args', 'example_xcom_args_with_operators' retrieved from /home/airflow/.local/lib/python3.8/site-packages/airflow/example_dags/example_xcomargs.py
[2024-01-30T22:01:17.626+0000] {logging_mixin.py:188} INFO - [2024-01-30T22:01:17.626+0000] {dag.py:3036} INFO - Sync 2 DAGs
[2024-01-30T22:01:17.641+0000] {logging_mixin.py:188} INFO - [2024-01-30T22:01:17.641+0000] {dag.py:3823} INFO - Setting next_dagrun for example_xcom_args to None, run_after=None
[2024-01-30T22:01:17.648+0000] {logging_mixin.py:188} INFO - [2024-01-30T22:01:17.647+0000] {dag.py:3823} INFO - Setting next_dagrun for example_xcom_args_with_operators to None, run_after=None
[2024-01-30T22:01:17.676+0000] {processor.py:183} INFO - Processing /home/airflow/.local/lib/python3.8/site-packages/airflow/example_dags/example_xcomargs.py took 0.092 seconds
[2024-01-30T22:01:47.857+0000] {processor.py:161} INFO - Started process (PID=1009) to work on /home/airflow/.local/lib/python3.8/site-packages/airflow/example_dags/example_xcomargs.py
[2024-01-30T22:01:47.859+0000] {processor.py:830} INFO - Processing file /home/airflow/.local/lib/python3.8/site-packages/airflow/example_dags/example_xcomargs.py for tasks to queue
[2024-01-30T22:01:47.860+0000] {logging_mixin.py:188} INFO - [2024-01-30T22:01:47.860+0000] {dagbag.py:538} INFO - Filling up the DagBag from /home/airflow/.local/lib/python3.8/site-packages/airflow/example_dags/example_xcomargs.py
[2024-01-30T22:01:47.870+0000] {processor.py:840} INFO - DAG(s) 'example_xcom_args', 'example_xcom_args_with_operators' retrieved from /home/airflow/.local/lib/python3.8/site-packages/airflow/example_dags/example_xcomargs.py
[2024-01-30T22:01:47.901+0000] {logging_mixin.py:188} INFO - [2024-01-30T22:01:47.900+0000] {dag.py:3036} INFO - Sync 2 DAGs
[2024-01-30T22:01:47.916+0000] {logging_mixin.py:188} INFO - [2024-01-30T22:01:47.916+0000] {dag.py:3823} INFO - Setting next_dagrun for example_xcom_args to None, run_after=None
[2024-01-30T22:01:47.923+0000] {logging_mixin.py:188} INFO - [2024-01-30T22:01:47.922+0000] {dag.py:3823} INFO - Setting next_dagrun for example_xcom_args_with_operators to None, run_after=None
[2024-01-30T22:01:47.948+0000] {processor.py:183} INFO - Processing /home/airflow/.local/lib/python3.8/site-packages/airflow/example_dags/example_xcomargs.py took 0.095 seconds
[2024-01-30T22:02:18.413+0000] {processor.py:161} INFO - Started process (PID=1066) to work on /home/airflow/.local/lib/python3.8/site-packages/airflow/example_dags/example_xcomargs.py
[2024-01-30T22:02:18.415+0000] {processor.py:830} INFO - Processing file /home/airflow/.local/lib/python3.8/site-packages/airflow/example_dags/example_xcomargs.py for tasks to queue
[2024-01-30T22:02:18.418+0000] {logging_mixin.py:188} INFO - [2024-01-30T22:02:18.417+0000] {dagbag.py:538} INFO - Filling up the DagBag from /home/airflow/.local/lib/python3.8/site-packages/airflow/example_dags/example_xcomargs.py
[2024-01-30T22:02:18.435+0000] {processor.py:840} INFO - DAG(s) 'example_xcom_args', 'example_xcom_args_with_operators' retrieved from /home/airflow/.local/lib/python3.8/site-packages/airflow/example_dags/example_xcomargs.py
[2024-01-30T22:02:18.500+0000] {logging_mixin.py:188} INFO - [2024-01-30T22:02:18.500+0000] {dag.py:3036} INFO - Sync 2 DAGs
[2024-01-30T22:02:18.527+0000] {logging_mixin.py:188} INFO - [2024-01-30T22:02:18.527+0000] {dag.py:3823} INFO - Setting next_dagrun for example_xcom_args to None, run_after=None
[2024-01-30T22:02:18.537+0000] {logging_mixin.py:188} INFO - [2024-01-30T22:02:18.536+0000] {dag.py:3823} INFO - Setting next_dagrun for example_xcom_args_with_operators to None, run_after=None
[2024-01-30T22:02:18.573+0000] {processor.py:183} INFO - Processing /home/airflow/.local/lib/python3.8/site-packages/airflow/example_dags/example_xcomargs.py took 0.164 seconds
[2024-01-30T22:02:51.602+0000] {processor.py:161} INFO - Started process (PID=1124) to work on /home/airflow/.local/lib/python3.8/site-packages/airflow/example_dags/example_xcomargs.py
[2024-01-30T22:02:51.603+0000] {processor.py:830} INFO - Processing file /home/airflow/.local/lib/python3.8/site-packages/airflow/example_dags/example_xcomargs.py for tasks to queue
[2024-01-30T22:02:51.604+0000] {logging_mixin.py:188} INFO - [2024-01-30T22:02:51.604+0000] {dagbag.py:538} INFO - Filling up the DagBag from /home/airflow/.local/lib/python3.8/site-packages/airflow/example_dags/example_xcomargs.py
[2024-01-30T22:02:51.612+0000] {processor.py:840} INFO - DAG(s) 'example_xcom_args', 'example_xcom_args_with_operators' retrieved from /home/airflow/.local/lib/python3.8/site-packages/airflow/example_dags/example_xcomargs.py
[2024-01-30T22:02:51.639+0000] {logging_mixin.py:188} INFO - [2024-01-30T22:02:51.639+0000] {dag.py:3036} INFO - Sync 2 DAGs
[2024-01-30T22:02:51.652+0000] {logging_mixin.py:188} INFO - [2024-01-30T22:02:51.652+0000] {dag.py:3823} INFO - Setting next_dagrun for example_xcom_args to None, run_after=None
[2024-01-30T22:02:51.657+0000] {logging_mixin.py:188} INFO - [2024-01-30T22:02:51.656+0000] {dag.py:3823} INFO - Setting next_dagrun for example_xcom_args_with_operators to None, run_after=None
[2024-01-30T22:02:51.685+0000] {processor.py:183} INFO - Processing /home/airflow/.local/lib/python3.8/site-packages/airflow/example_dags/example_xcomargs.py took 0.087 seconds
[2024-01-30T22:03:23.615+0000] {processor.py:161} INFO - Started process (PID=1186) to work on /home/airflow/.local/lib/python3.8/site-packages/airflow/example_dags/example_xcomargs.py
[2024-01-30T22:03:23.617+0000] {processor.py:830} INFO - Processing file /home/airflow/.local/lib/python3.8/site-packages/airflow/example_dags/example_xcomargs.py for tasks to queue
[2024-01-30T22:03:23.619+0000] {logging_mixin.py:188} INFO - [2024-01-30T22:03:23.619+0000] {dagbag.py:538} INFO - Filling up the DagBag from /home/airflow/.local/lib/python3.8/site-packages/airflow/example_dags/example_xcomargs.py
[2024-01-30T22:03:23.630+0000] {processor.py:840} INFO - DAG(s) 'example_xcom_args_with_operators', 'example_xcom_args' retrieved from /home/airflow/.local/lib/python3.8/site-packages/airflow/example_dags/example_xcomargs.py
[2024-01-30T22:03:23.667+0000] {logging_mixin.py:188} INFO - [2024-01-30T22:03:23.667+0000] {dag.py:3036} INFO - Sync 2 DAGs
[2024-01-30T22:03:23.686+0000] {logging_mixin.py:188} INFO - [2024-01-30T22:03:23.686+0000] {dag.py:3823} INFO - Setting next_dagrun for example_xcom_args to None, run_after=None
[2024-01-30T22:03:23.692+0000] {logging_mixin.py:188} INFO - [2024-01-30T22:03:23.692+0000] {dag.py:3823} INFO - Setting next_dagrun for example_xcom_args_with_operators to None, run_after=None
[2024-01-30T22:03:23.723+0000] {processor.py:183} INFO - Processing /home/airflow/.local/lib/python3.8/site-packages/airflow/example_dags/example_xcomargs.py took 0.112 seconds
[2024-01-30T22:03:54.013+0000] {processor.py:161} INFO - Started process (PID=1247) to work on /home/airflow/.local/lib/python3.8/site-packages/airflow/example_dags/example_xcomargs.py
[2024-01-30T22:03:54.014+0000] {processor.py:830} INFO - Processing file /home/airflow/.local/lib/python3.8/site-packages/airflow/example_dags/example_xcomargs.py for tasks to queue
[2024-01-30T22:03:54.016+0000] {logging_mixin.py:188} INFO - [2024-01-30T22:03:54.015+0000] {dagbag.py:538} INFO - Filling up the DagBag from /home/airflow/.local/lib/python3.8/site-packages/airflow/example_dags/example_xcomargs.py
[2024-01-30T22:03:54.024+0000] {processor.py:840} INFO - DAG(s) 'example_xcom_args_with_operators', 'example_xcom_args' retrieved from /home/airflow/.local/lib/python3.8/site-packages/airflow/example_dags/example_xcomargs.py
[2024-01-30T22:03:54.050+0000] {logging_mixin.py:188} INFO - [2024-01-30T22:03:54.050+0000] {dag.py:3036} INFO - Sync 2 DAGs
[2024-01-30T22:03:54.065+0000] {logging_mixin.py:188} INFO - [2024-01-30T22:03:54.065+0000] {dag.py:3823} INFO - Setting next_dagrun for example_xcom_args to None, run_after=None
[2024-01-30T22:03:54.069+0000] {logging_mixin.py:188} INFO - [2024-01-30T22:03:54.069+0000] {dag.py:3823} INFO - Setting next_dagrun for example_xcom_args_with_operators to None, run_after=None
[2024-01-30T22:03:54.094+0000] {processor.py:183} INFO - Processing /home/airflow/.local/lib/python3.8/site-packages/airflow/example_dags/example_xcomargs.py took 0.083 seconds
[2024-01-30T22:04:24.731+0000] {processor.py:161} INFO - Started process (PID=1304) to work on /home/airflow/.local/lib/python3.8/site-packages/airflow/example_dags/example_xcomargs.py
[2024-01-30T22:04:24.732+0000] {processor.py:830} INFO - Processing file /home/airflow/.local/lib/python3.8/site-packages/airflow/example_dags/example_xcomargs.py for tasks to queue
[2024-01-30T22:04:24.735+0000] {logging_mixin.py:188} INFO - [2024-01-30T22:04:24.734+0000] {dagbag.py:538} INFO - Filling up the DagBag from /home/airflow/.local/lib/python3.8/site-packages/airflow/example_dags/example_xcomargs.py
[2024-01-30T22:04:24.743+0000] {processor.py:840} INFO - DAG(s) 'example_xcom_args', 'example_xcom_args_with_operators' retrieved from /home/airflow/.local/lib/python3.8/site-packages/airflow/example_dags/example_xcomargs.py
[2024-01-30T22:04:24.775+0000] {logging_mixin.py:188} INFO - [2024-01-30T22:04:24.775+0000] {dag.py:3036} INFO - Sync 2 DAGs
[2024-01-30T22:04:24.790+0000] {logging_mixin.py:188} INFO - [2024-01-30T22:04:24.789+0000] {dag.py:3823} INFO - Setting next_dagrun for example_xcom_args to None, run_after=None
[2024-01-30T22:04:24.794+0000] {logging_mixin.py:188} INFO - [2024-01-30T22:04:24.794+0000] {dag.py:3823} INFO - Setting next_dagrun for example_xcom_args_with_operators to None, run_after=None
[2024-01-30T22:04:24.823+0000] {processor.py:183} INFO - Processing /home/airflow/.local/lib/python3.8/site-packages/airflow/example_dags/example_xcomargs.py took 0.095 seconds
[2024-01-30T22:04:55.039+0000] {processor.py:161} INFO - Started process (PID=1361) to work on /home/airflow/.local/lib/python3.8/site-packages/airflow/example_dags/example_xcomargs.py
[2024-01-30T22:04:55.041+0000] {processor.py:830} INFO - Processing file /home/airflow/.local/lib/python3.8/site-packages/airflow/example_dags/example_xcomargs.py for tasks to queue
[2024-01-30T22:04:55.042+0000] {logging_mixin.py:188} INFO - [2024-01-30T22:04:55.041+0000] {dagbag.py:538} INFO - Filling up the DagBag from /home/airflow/.local/lib/python3.8/site-packages/airflow/example_dags/example_xcomargs.py
[2024-01-30T22:04:55.051+0000] {processor.py:840} INFO - DAG(s) 'example_xcom_args', 'example_xcom_args_with_operators' retrieved from /home/airflow/.local/lib/python3.8/site-packages/airflow/example_dags/example_xcomargs.py
[2024-01-30T22:04:55.084+0000] {logging_mixin.py:188} INFO - [2024-01-30T22:04:55.083+0000] {dag.py:3036} INFO - Sync 2 DAGs
[2024-01-30T22:04:55.103+0000] {logging_mixin.py:188} INFO - [2024-01-30T22:04:55.102+0000] {dag.py:3823} INFO - Setting next_dagrun for example_xcom_args to None, run_after=None
[2024-01-30T22:04:55.110+0000] {logging_mixin.py:188} INFO - [2024-01-30T22:04:55.109+0000] {dag.py:3823} INFO - Setting next_dagrun for example_xcom_args_with_operators to None, run_after=None
[2024-01-30T22:04:55.142+0000] {processor.py:183} INFO - Processing /home/airflow/.local/lib/python3.8/site-packages/airflow/example_dags/example_xcomargs.py took 0.106 seconds
[2024-01-30T22:05:25.688+0000] {processor.py:161} INFO - Started process (PID=1418) to work on /home/airflow/.local/lib/python3.8/site-packages/airflow/example_dags/example_xcomargs.py
[2024-01-30T22:05:25.689+0000] {processor.py:830} INFO - Processing file /home/airflow/.local/lib/python3.8/site-packages/airflow/example_dags/example_xcomargs.py for tasks to queue
[2024-01-30T22:05:25.691+0000] {logging_mixin.py:188} INFO - [2024-01-30T22:05:25.690+0000] {dagbag.py:538} INFO - Filling up the DagBag from /home/airflow/.local/lib/python3.8/site-packages/airflow/example_dags/example_xcomargs.py
[2024-01-30T22:05:25.699+0000] {processor.py:840} INFO - DAG(s) 'example_xcom_args_with_operators', 'example_xcom_args' retrieved from /home/airflow/.local/lib/python3.8/site-packages/airflow/example_dags/example_xcomargs.py
[2024-01-30T22:05:25.729+0000] {logging_mixin.py:188} INFO - [2024-01-30T22:05:25.729+0000] {dag.py:3036} INFO - Sync 2 DAGs
[2024-01-30T22:05:25.744+0000] {logging_mixin.py:188} INFO - [2024-01-30T22:05:25.743+0000] {dag.py:3823} INFO - Setting next_dagrun for example_xcom_args to None, run_after=None
[2024-01-30T22:05:25.749+0000] {logging_mixin.py:188} INFO - [2024-01-30T22:05:25.749+0000] {dag.py:3823} INFO - Setting next_dagrun for example_xcom_args_with_operators to None, run_after=None
[2024-01-30T22:05:25.778+0000] {processor.py:183} INFO - Processing /home/airflow/.local/lib/python3.8/site-packages/airflow/example_dags/example_xcomargs.py took 0.093 seconds
[2024-01-30T22:06:04.306+0000] {processor.py:161} INFO - Started process (PID=1478) to work on /home/airflow/.local/lib/python3.8/site-packages/airflow/example_dags/example_xcomargs.py
[2024-01-30T22:06:04.308+0000] {processor.py:830} INFO - Processing file /home/airflow/.local/lib/python3.8/site-packages/airflow/example_dags/example_xcomargs.py for tasks to queue
[2024-01-30T22:06:04.310+0000] {logging_mixin.py:188} INFO - [2024-01-30T22:06:04.309+0000] {dagbag.py:538} INFO - Filling up the DagBag from /home/airflow/.local/lib/python3.8/site-packages/airflow/example_dags/example_xcomargs.py
[2024-01-30T22:06:04.318+0000] {processor.py:840} INFO - DAG(s) 'example_xcom_args', 'example_xcom_args_with_operators' retrieved from /home/airflow/.local/lib/python3.8/site-packages/airflow/example_dags/example_xcomargs.py
[2024-01-30T22:06:04.350+0000] {logging_mixin.py:188} INFO - [2024-01-30T22:06:04.350+0000] {dag.py:3036} INFO - Sync 2 DAGs
[2024-01-30T22:06:04.367+0000] {logging_mixin.py:188} INFO - [2024-01-30T22:06:04.367+0000] {dag.py:3823} INFO - Setting next_dagrun for example_xcom_args to None, run_after=None
[2024-01-30T22:06:04.375+0000] {logging_mixin.py:188} INFO - [2024-01-30T22:06:04.374+0000] {dag.py:3823} INFO - Setting next_dagrun for example_xcom_args_with_operators to None, run_after=None
[2024-01-30T22:06:04.405+0000] {processor.py:183} INFO - Processing /home/airflow/.local/lib/python3.8/site-packages/airflow/example_dags/example_xcomargs.py took 0.102 seconds
[2024-01-30T22:06:35.374+0000] {processor.py:161} INFO - Started process (PID=1535) to work on /home/airflow/.local/lib/python3.8/site-packages/airflow/example_dags/example_xcomargs.py
[2024-01-30T22:06:35.376+0000] {processor.py:830} INFO - Processing file /home/airflow/.local/lib/python3.8/site-packages/airflow/example_dags/example_xcomargs.py for tasks to queue
[2024-01-30T22:06:35.377+0000] {logging_mixin.py:188} INFO - [2024-01-30T22:06:35.377+0000] {dagbag.py:538} INFO - Filling up the DagBag from /home/airflow/.local/lib/python3.8/site-packages/airflow/example_dags/example_xcomargs.py
[2024-01-30T22:06:35.385+0000] {processor.py:840} INFO - DAG(s) 'example_xcom_args_with_operators', 'example_xcom_args' retrieved from /home/airflow/.local/lib/python3.8/site-packages/airflow/example_dags/example_xcomargs.py
[2024-01-30T22:06:35.415+0000] {logging_mixin.py:188} INFO - [2024-01-30T22:06:35.415+0000] {dag.py:3036} INFO - Sync 2 DAGs
[2024-01-30T22:06:35.430+0000] {logging_mixin.py:188} INFO - [2024-01-30T22:06:35.430+0000] {dag.py:3823} INFO - Setting next_dagrun for example_xcom_args to None, run_after=None
[2024-01-30T22:06:35.436+0000] {logging_mixin.py:188} INFO - [2024-01-30T22:06:35.436+0000] {dag.py:3823} INFO - Setting next_dagrun for example_xcom_args_with_operators to None, run_after=None
[2024-01-30T22:06:35.465+0000] {processor.py:183} INFO - Processing /home/airflow/.local/lib/python3.8/site-packages/airflow/example_dags/example_xcomargs.py took 0.094 seconds
[2024-01-30T22:07:06.574+0000] {processor.py:161} INFO - Started process (PID=1592) to work on /home/airflow/.local/lib/python3.8/site-packages/airflow/example_dags/example_xcomargs.py
[2024-01-30T22:07:06.576+0000] {processor.py:830} INFO - Processing file /home/airflow/.local/lib/python3.8/site-packages/airflow/example_dags/example_xcomargs.py for tasks to queue
[2024-01-30T22:07:06.577+0000] {logging_mixin.py:188} INFO - [2024-01-30T22:07:06.576+0000] {dagbag.py:538} INFO - Filling up the DagBag from /home/airflow/.local/lib/python3.8/site-packages/airflow/example_dags/example_xcomargs.py
[2024-01-30T22:07:06.586+0000] {processor.py:840} INFO - DAG(s) 'example_xcom_args', 'example_xcom_args_with_operators' retrieved from /home/airflow/.local/lib/python3.8/site-packages/airflow/example_dags/example_xcomargs.py
[2024-01-30T22:07:06.618+0000] {logging_mixin.py:188} INFO - [2024-01-30T22:07:06.617+0000] {dag.py:3036} INFO - Sync 2 DAGs
[2024-01-30T22:07:06.637+0000] {logging_mixin.py:188} INFO - [2024-01-30T22:07:06.636+0000] {dag.py:3823} INFO - Setting next_dagrun for example_xcom_args to None, run_after=None
[2024-01-30T22:07:06.643+0000] {logging_mixin.py:188} INFO - [2024-01-30T22:07:06.643+0000] {dag.py:3823} INFO - Setting next_dagrun for example_xcom_args_with_operators to None, run_after=None
[2024-01-30T22:07:06.676+0000] {processor.py:183} INFO - Processing /home/airflow/.local/lib/python3.8/site-packages/airflow/example_dags/example_xcomargs.py took 0.105 seconds
[2024-01-30T22:07:37.144+0000] {processor.py:161} INFO - Started process (PID=1650) to work on /home/airflow/.local/lib/python3.8/site-packages/airflow/example_dags/example_xcomargs.py
[2024-01-30T22:07:37.145+0000] {processor.py:830} INFO - Processing file /home/airflow/.local/lib/python3.8/site-packages/airflow/example_dags/example_xcomargs.py for tasks to queue
[2024-01-30T22:07:37.147+0000] {logging_mixin.py:188} INFO - [2024-01-30T22:07:37.146+0000] {dagbag.py:538} INFO - Filling up the DagBag from /home/airflow/.local/lib/python3.8/site-packages/airflow/example_dags/example_xcomargs.py
[2024-01-30T22:07:37.157+0000] {processor.py:840} INFO - DAG(s) 'example_xcom_args', 'example_xcom_args_with_operators' retrieved from /home/airflow/.local/lib/python3.8/site-packages/airflow/example_dags/example_xcomargs.py
[2024-01-30T22:07:37.188+0000] {logging_mixin.py:188} INFO - [2024-01-30T22:07:37.188+0000] {dag.py:3036} INFO - Sync 2 DAGs
[2024-01-30T22:07:37.207+0000] {logging_mixin.py:188} INFO - [2024-01-30T22:07:37.207+0000] {dag.py:3823} INFO - Setting next_dagrun for example_xcom_args to None, run_after=None
[2024-01-30T22:07:37.213+0000] {logging_mixin.py:188} INFO - [2024-01-30T22:07:37.212+0000] {dag.py:3823} INFO - Setting next_dagrun for example_xcom_args_with_operators to None, run_after=None
[2024-01-30T22:07:37.241+0000] {processor.py:183} INFO - Processing /home/airflow/.local/lib/python3.8/site-packages/airflow/example_dags/example_xcomargs.py took 0.100 seconds
[2024-01-30T22:08:08.001+0000] {processor.py:161} INFO - Started process (PID=1707) to work on /home/airflow/.local/lib/python3.8/site-packages/airflow/example_dags/example_xcomargs.py
[2024-01-30T22:08:08.003+0000] {processor.py:830} INFO - Processing file /home/airflow/.local/lib/python3.8/site-packages/airflow/example_dags/example_xcomargs.py for tasks to queue
[2024-01-30T22:08:08.005+0000] {logging_mixin.py:188} INFO - [2024-01-30T22:08:08.005+0000] {dagbag.py:538} INFO - Filling up the DagBag from /home/airflow/.local/lib/python3.8/site-packages/airflow/example_dags/example_xcomargs.py
[2024-01-30T22:08:08.016+0000] {processor.py:840} INFO - DAG(s) 'example_xcom_args', 'example_xcom_args_with_operators' retrieved from /home/airflow/.local/lib/python3.8/site-packages/airflow/example_dags/example_xcomargs.py
[2024-01-30T22:08:08.053+0000] {logging_mixin.py:188} INFO - [2024-01-30T22:08:08.053+0000] {dag.py:3036} INFO - Sync 2 DAGs
[2024-01-30T22:08:08.073+0000] {logging_mixin.py:188} INFO - [2024-01-30T22:08:08.073+0000] {dag.py:3823} INFO - Setting next_dagrun for example_xcom_args to None, run_after=None
[2024-01-30T22:08:08.082+0000] {logging_mixin.py:188} INFO - [2024-01-30T22:08:08.080+0000] {dag.py:3823} INFO - Setting next_dagrun for example_xcom_args_with_operators to None, run_after=None
[2024-01-30T22:08:08.118+0000] {processor.py:183} INFO - Processing /home/airflow/.local/lib/python3.8/site-packages/airflow/example_dags/example_xcomargs.py took 0.121 seconds
[2024-01-30T22:08:38.250+0000] {processor.py:161} INFO - Started process (PID=1764) to work on /home/airflow/.local/lib/python3.8/site-packages/airflow/example_dags/example_xcomargs.py
[2024-01-30T22:08:38.252+0000] {processor.py:830} INFO - Processing file /home/airflow/.local/lib/python3.8/site-packages/airflow/example_dags/example_xcomargs.py for tasks to queue
[2024-01-30T22:08:38.253+0000] {logging_mixin.py:188} INFO - [2024-01-30T22:08:38.253+0000] {dagbag.py:538} INFO - Filling up the DagBag from /home/airflow/.local/lib/python3.8/site-packages/airflow/example_dags/example_xcomargs.py
[2024-01-30T22:08:38.263+0000] {processor.py:840} INFO - DAG(s) 'example_xcom_args', 'example_xcom_args_with_operators' retrieved from /home/airflow/.local/lib/python3.8/site-packages/airflow/example_dags/example_xcomargs.py
[2024-01-30T22:08:38.301+0000] {logging_mixin.py:188} INFO - [2024-01-30T22:08:38.300+0000] {dag.py:3036} INFO - Sync 2 DAGs
[2024-01-30T22:08:38.317+0000] {logging_mixin.py:188} INFO - [2024-01-30T22:08:38.317+0000] {dag.py:3823} INFO - Setting next_dagrun for example_xcom_args to None, run_after=None
[2024-01-30T22:08:38.324+0000] {logging_mixin.py:188} INFO - [2024-01-30T22:08:38.323+0000] {dag.py:3823} INFO - Setting next_dagrun for example_xcom_args_with_operators to None, run_after=None
[2024-01-30T22:08:38.368+0000] {processor.py:183} INFO - Processing /home/airflow/.local/lib/python3.8/site-packages/airflow/example_dags/example_xcomargs.py took 0.121 seconds
[2024-01-30T22:09:08.968+0000] {processor.py:161} INFO - Started process (PID=1821) to work on /home/airflow/.local/lib/python3.8/site-packages/airflow/example_dags/example_xcomargs.py
[2024-01-30T22:09:08.971+0000] {processor.py:830} INFO - Processing file /home/airflow/.local/lib/python3.8/site-packages/airflow/example_dags/example_xcomargs.py for tasks to queue
[2024-01-30T22:09:08.974+0000] {logging_mixin.py:188} INFO - [2024-01-30T22:09:08.973+0000] {dagbag.py:538} INFO - Filling up the DagBag from /home/airflow/.local/lib/python3.8/site-packages/airflow/example_dags/example_xcomargs.py
[2024-01-30T22:09:09.004+0000] {processor.py:840} INFO - DAG(s) 'example_xcom_args', 'example_xcom_args_with_operators' retrieved from /home/airflow/.local/lib/python3.8/site-packages/airflow/example_dags/example_xcomargs.py
[2024-01-30T22:09:09.032+0000] {logging_mixin.py:188} INFO - [2024-01-30T22:09:09.032+0000] {dag.py:3036} INFO - Sync 2 DAGs
[2024-01-30T22:09:09.051+0000] {logging_mixin.py:188} INFO - [2024-01-30T22:09:09.051+0000] {dag.py:3823} INFO - Setting next_dagrun for example_xcom_args to None, run_after=None
[2024-01-30T22:09:09.057+0000] {logging_mixin.py:188} INFO - [2024-01-30T22:09:09.057+0000] {dag.py:3823} INFO - Setting next_dagrun for example_xcom_args_with_operators to None, run_after=None
[2024-01-30T22:09:09.089+0000] {processor.py:183} INFO - Processing /home/airflow/.local/lib/python3.8/site-packages/airflow/example_dags/example_xcomargs.py took 0.128 seconds
[2024-01-30T22:09:40.279+0000] {processor.py:161} INFO - Started process (PID=1878) to work on /home/airflow/.local/lib/python3.8/site-packages/airflow/example_dags/example_xcomargs.py
[2024-01-30T22:09:40.280+0000] {processor.py:830} INFO - Processing file /home/airflow/.local/lib/python3.8/site-packages/airflow/example_dags/example_xcomargs.py for tasks to queue
[2024-01-30T22:09:40.282+0000] {logging_mixin.py:188} INFO - [2024-01-30T22:09:40.281+0000] {dagbag.py:538} INFO - Filling up the DagBag from /home/airflow/.local/lib/python3.8/site-packages/airflow/example_dags/example_xcomargs.py
[2024-01-30T22:09:40.292+0000] {processor.py:840} INFO - DAG(s) 'example_xcom_args_with_operators', 'example_xcom_args' retrieved from /home/airflow/.local/lib/python3.8/site-packages/airflow/example_dags/example_xcomargs.py
[2024-01-30T22:09:40.450+0000] {logging_mixin.py:188} INFO - [2024-01-30T22:09:40.449+0000] {dag.py:3036} INFO - Sync 2 DAGs
[2024-01-30T22:09:40.465+0000] {logging_mixin.py:188} INFO - [2024-01-30T22:09:40.465+0000] {dag.py:3823} INFO - Setting next_dagrun for example_xcom_args to None, run_after=None
[2024-01-30T22:09:40.470+0000] {logging_mixin.py:188} INFO - [2024-01-30T22:09:40.470+0000] {dag.py:3823} INFO - Setting next_dagrun for example_xcom_args_with_operators to None, run_after=None
[2024-01-30T22:09:40.498+0000] {processor.py:183} INFO - Processing /home/airflow/.local/lib/python3.8/site-packages/airflow/example_dags/example_xcomargs.py took 0.223 seconds
[2024-01-30T22:10:10.839+0000] {processor.py:161} INFO - Started process (PID=1935) to work on /home/airflow/.local/lib/python3.8/site-packages/airflow/example_dags/example_xcomargs.py
[2024-01-30T22:10:10.840+0000] {processor.py:830} INFO - Processing file /home/airflow/.local/lib/python3.8/site-packages/airflow/example_dags/example_xcomargs.py for tasks to queue
[2024-01-30T22:10:10.842+0000] {logging_mixin.py:188} INFO - [2024-01-30T22:10:10.842+0000] {dagbag.py:538} INFO - Filling up the DagBag from /home/airflow/.local/lib/python3.8/site-packages/airflow/example_dags/example_xcomargs.py
[2024-01-30T22:10:10.854+0000] {processor.py:840} INFO - DAG(s) 'example_xcom_args_with_operators', 'example_xcom_args' retrieved from /home/airflow/.local/lib/python3.8/site-packages/airflow/example_dags/example_xcomargs.py
[2024-01-30T22:10:10.888+0000] {logging_mixin.py:188} INFO - [2024-01-30T22:10:10.888+0000] {dag.py:3036} INFO - Sync 2 DAGs
[2024-01-30T22:10:10.906+0000] {logging_mixin.py:188} INFO - [2024-01-30T22:10:10.905+0000] {dag.py:3823} INFO - Setting next_dagrun for example_xcom_args to None, run_after=None
[2024-01-30T22:10:10.911+0000] {logging_mixin.py:188} INFO - [2024-01-30T22:10:10.911+0000] {dag.py:3823} INFO - Setting next_dagrun for example_xcom_args_with_operators to None, run_after=None
[2024-01-30T22:10:10.942+0000] {processor.py:183} INFO - Processing /home/airflow/.local/lib/python3.8/site-packages/airflow/example_dags/example_xcomargs.py took 0.106 seconds
[2024-01-30T22:10:41.656+0000] {processor.py:161} INFO - Started process (PID=1992) to work on /home/airflow/.local/lib/python3.8/site-packages/airflow/example_dags/example_xcomargs.py
[2024-01-30T22:10:41.657+0000] {processor.py:830} INFO - Processing file /home/airflow/.local/lib/python3.8/site-packages/airflow/example_dags/example_xcomargs.py for tasks to queue
[2024-01-30T22:10:41.658+0000] {logging_mixin.py:188} INFO - [2024-01-30T22:10:41.658+0000] {dagbag.py:538} INFO - Filling up the DagBag from /home/airflow/.local/lib/python3.8/site-packages/airflow/example_dags/example_xcomargs.py
[2024-01-30T22:10:41.667+0000] {processor.py:840} INFO - DAG(s) 'example_xcom_args', 'example_xcom_args_with_operators' retrieved from /home/airflow/.local/lib/python3.8/site-packages/airflow/example_dags/example_xcomargs.py
[2024-01-30T22:10:41.702+0000] {logging_mixin.py:188} INFO - [2024-01-30T22:10:41.702+0000] {dag.py:3036} INFO - Sync 2 DAGs
[2024-01-30T22:10:41.718+0000] {logging_mixin.py:188} INFO - [2024-01-30T22:10:41.718+0000] {dag.py:3823} INFO - Setting next_dagrun for example_xcom_args to None, run_after=None
[2024-01-30T22:10:41.723+0000] {logging_mixin.py:188} INFO - [2024-01-30T22:10:41.723+0000] {dag.py:3823} INFO - Setting next_dagrun for example_xcom_args_with_operators to None, run_after=None
[2024-01-30T22:10:41.754+0000] {processor.py:183} INFO - Processing /home/airflow/.local/lib/python3.8/site-packages/airflow/example_dags/example_xcomargs.py took 0.102 seconds
[2024-01-30T22:11:12.511+0000] {processor.py:161} INFO - Started process (PID=2049) to work on /home/airflow/.local/lib/python3.8/site-packages/airflow/example_dags/example_xcomargs.py
[2024-01-30T22:11:12.513+0000] {processor.py:830} INFO - Processing file /home/airflow/.local/lib/python3.8/site-packages/airflow/example_dags/example_xcomargs.py for tasks to queue
[2024-01-30T22:11:12.514+0000] {logging_mixin.py:188} INFO - [2024-01-30T22:11:12.514+0000] {dagbag.py:538} INFO - Filling up the DagBag from /home/airflow/.local/lib/python3.8/site-packages/airflow/example_dags/example_xcomargs.py
[2024-01-30T22:11:12.525+0000] {processor.py:840} INFO - DAG(s) 'example_xcom_args', 'example_xcom_args_with_operators' retrieved from /home/airflow/.local/lib/python3.8/site-packages/airflow/example_dags/example_xcomargs.py
[2024-01-30T22:11:12.560+0000] {logging_mixin.py:188} INFO - [2024-01-30T22:11:12.559+0000] {dag.py:3036} INFO - Sync 2 DAGs
[2024-01-30T22:11:12.577+0000] {logging_mixin.py:188} INFO - [2024-01-30T22:11:12.577+0000] {dag.py:3823} INFO - Setting next_dagrun for example_xcom_args to None, run_after=None
[2024-01-30T22:11:12.584+0000] {logging_mixin.py:188} INFO - [2024-01-30T22:11:12.583+0000] {dag.py:3823} INFO - Setting next_dagrun for example_xcom_args_with_operators to None, run_after=None
[2024-01-30T22:11:12.617+0000] {processor.py:183} INFO - Processing /home/airflow/.local/lib/python3.8/site-packages/airflow/example_dags/example_xcomargs.py took 0.109 seconds
[2024-01-30T22:11:42.969+0000] {processor.py:161} INFO - Started process (PID=2106) to work on /home/airflow/.local/lib/python3.8/site-packages/airflow/example_dags/example_xcomargs.py
[2024-01-30T22:11:42.972+0000] {processor.py:830} INFO - Processing file /home/airflow/.local/lib/python3.8/site-packages/airflow/example_dags/example_xcomargs.py for tasks to queue
[2024-01-30T22:11:42.976+0000] {logging_mixin.py:188} INFO - [2024-01-30T22:11:42.975+0000] {dagbag.py:538} INFO - Filling up the DagBag from /home/airflow/.local/lib/python3.8/site-packages/airflow/example_dags/example_xcomargs.py
[2024-01-30T22:11:42.986+0000] {processor.py:840} INFO - DAG(s) 'example_xcom_args', 'example_xcom_args_with_operators' retrieved from /home/airflow/.local/lib/python3.8/site-packages/airflow/example_dags/example_xcomargs.py
[2024-01-30T22:11:43.074+0000] {logging_mixin.py:188} INFO - [2024-01-30T22:11:43.073+0000] {dag.py:3036} INFO - Sync 2 DAGs
[2024-01-30T22:11:43.095+0000] {logging_mixin.py:188} INFO - [2024-01-30T22:11:43.095+0000] {dag.py:3823} INFO - Setting next_dagrun for example_xcom_args to None, run_after=None
[2024-01-30T22:11:43.104+0000] {logging_mixin.py:188} INFO - [2024-01-30T22:11:43.103+0000] {dag.py:3823} INFO - Setting next_dagrun for example_xcom_args_with_operators to None, run_after=None
[2024-01-30T22:11:43.145+0000] {processor.py:183} INFO - Processing /home/airflow/.local/lib/python3.8/site-packages/airflow/example_dags/example_xcomargs.py took 0.179 seconds
[2024-01-30T22:12:13.800+0000] {processor.py:161} INFO - Started process (PID=2163) to work on /home/airflow/.local/lib/python3.8/site-packages/airflow/example_dags/example_xcomargs.py
[2024-01-30T22:12:13.802+0000] {processor.py:830} INFO - Processing file /home/airflow/.local/lib/python3.8/site-packages/airflow/example_dags/example_xcomargs.py for tasks to queue
[2024-01-30T22:12:13.804+0000] {logging_mixin.py:188} INFO - [2024-01-30T22:12:13.804+0000] {dagbag.py:538} INFO - Filling up the DagBag from /home/airflow/.local/lib/python3.8/site-packages/airflow/example_dags/example_xcomargs.py
[2024-01-30T22:12:13.813+0000] {processor.py:840} INFO - DAG(s) 'example_xcom_args_with_operators', 'example_xcom_args' retrieved from /home/airflow/.local/lib/python3.8/site-packages/airflow/example_dags/example_xcomargs.py
[2024-01-30T22:12:13.845+0000] {logging_mixin.py:188} INFO - [2024-01-30T22:12:13.844+0000] {dag.py:3036} INFO - Sync 2 DAGs
[2024-01-30T22:12:13.860+0000] {logging_mixin.py:188} INFO - [2024-01-30T22:12:13.860+0000] {dag.py:3823} INFO - Setting next_dagrun for example_xcom_args to None, run_after=None
[2024-01-30T22:12:13.865+0000] {logging_mixin.py:188} INFO - [2024-01-30T22:12:13.865+0000] {dag.py:3823} INFO - Setting next_dagrun for example_xcom_args_with_operators to None, run_after=None
[2024-01-30T22:12:13.893+0000] {processor.py:183} INFO - Processing /home/airflow/.local/lib/python3.8/site-packages/airflow/example_dags/example_xcomargs.py took 0.097 seconds
[2024-01-30T22:12:44.213+0000] {processor.py:161} INFO - Started process (PID=2220) to work on /home/airflow/.local/lib/python3.8/site-packages/airflow/example_dags/example_xcomargs.py
[2024-01-30T22:12:44.214+0000] {processor.py:830} INFO - Processing file /home/airflow/.local/lib/python3.8/site-packages/airflow/example_dags/example_xcomargs.py for tasks to queue
[2024-01-30T22:12:44.216+0000] {logging_mixin.py:188} INFO - [2024-01-30T22:12:44.215+0000] {dagbag.py:538} INFO - Filling up the DagBag from /home/airflow/.local/lib/python3.8/site-packages/airflow/example_dags/example_xcomargs.py
[2024-01-30T22:12:44.225+0000] {processor.py:840} INFO - DAG(s) 'example_xcom_args_with_operators', 'example_xcom_args' retrieved from /home/airflow/.local/lib/python3.8/site-packages/airflow/example_dags/example_xcomargs.py
[2024-01-30T22:12:44.255+0000] {logging_mixin.py:188} INFO - [2024-01-30T22:12:44.255+0000] {dag.py:3036} INFO - Sync 2 DAGs
[2024-01-30T22:12:44.274+0000] {logging_mixin.py:188} INFO - [2024-01-30T22:12:44.273+0000] {dag.py:3823} INFO - Setting next_dagrun for example_xcom_args to None, run_after=None
[2024-01-30T22:12:44.279+0000] {logging_mixin.py:188} INFO - [2024-01-30T22:12:44.279+0000] {dag.py:3823} INFO - Setting next_dagrun for example_xcom_args_with_operators to None, run_after=None
[2024-01-30T22:12:44.309+0000] {processor.py:183} INFO - Processing /home/airflow/.local/lib/python3.8/site-packages/airflow/example_dags/example_xcomargs.py took 0.099 seconds
[2024-01-30T22:13:15.164+0000] {processor.py:161} INFO - Started process (PID=2277) to work on /home/airflow/.local/lib/python3.8/site-packages/airflow/example_dags/example_xcomargs.py
[2024-01-30T22:13:15.165+0000] {processor.py:830} INFO - Processing file /home/airflow/.local/lib/python3.8/site-packages/airflow/example_dags/example_xcomargs.py for tasks to queue
[2024-01-30T22:13:15.167+0000] {logging_mixin.py:188} INFO - [2024-01-30T22:13:15.166+0000] {dagbag.py:538} INFO - Filling up the DagBag from /home/airflow/.local/lib/python3.8/site-packages/airflow/example_dags/example_xcomargs.py
[2024-01-30T22:13:15.175+0000] {processor.py:840} INFO - DAG(s) 'example_xcom_args', 'example_xcom_args_with_operators' retrieved from /home/airflow/.local/lib/python3.8/site-packages/airflow/example_dags/example_xcomargs.py
[2024-01-30T22:13:15.207+0000] {logging_mixin.py:188} INFO - [2024-01-30T22:13:15.207+0000] {dag.py:3036} INFO - Sync 2 DAGs
[2024-01-30T22:13:15.223+0000] {logging_mixin.py:188} INFO - [2024-01-30T22:13:15.222+0000] {dag.py:3823} INFO - Setting next_dagrun for example_xcom_args to None, run_after=None
[2024-01-30T22:13:15.230+0000] {logging_mixin.py:188} INFO - [2024-01-30T22:13:15.229+0000] {dag.py:3823} INFO - Setting next_dagrun for example_xcom_args_with_operators to None, run_after=None
[2024-01-30T22:13:15.260+0000] {processor.py:183} INFO - Processing /home/airflow/.local/lib/python3.8/site-packages/airflow/example_dags/example_xcomargs.py took 0.100 seconds
[2024-01-30T22:13:46.012+0000] {processor.py:161} INFO - Started process (PID=2334) to work on /home/airflow/.local/lib/python3.8/site-packages/airflow/example_dags/example_xcomargs.py
[2024-01-30T22:13:46.013+0000] {processor.py:830} INFO - Processing file /home/airflow/.local/lib/python3.8/site-packages/airflow/example_dags/example_xcomargs.py for tasks to queue
[2024-01-30T22:13:46.014+0000] {logging_mixin.py:188} INFO - [2024-01-30T22:13:46.014+0000] {dagbag.py:538} INFO - Filling up the DagBag from /home/airflow/.local/lib/python3.8/site-packages/airflow/example_dags/example_xcomargs.py
[2024-01-30T22:13:46.022+0000] {processor.py:840} INFO - DAG(s) 'example_xcom_args', 'example_xcom_args_with_operators' retrieved from /home/airflow/.local/lib/python3.8/site-packages/airflow/example_dags/example_xcomargs.py
[2024-01-30T22:13:46.049+0000] {logging_mixin.py:188} INFO - [2024-01-30T22:13:46.049+0000] {dag.py:3036} INFO - Sync 2 DAGs
[2024-01-30T22:13:46.064+0000] {logging_mixin.py:188} INFO - [2024-01-30T22:13:46.064+0000] {dag.py:3823} INFO - Setting next_dagrun for example_xcom_args to None, run_after=None
[2024-01-30T22:13:46.069+0000] {logging_mixin.py:188} INFO - [2024-01-30T22:13:46.068+0000] {dag.py:3823} INFO - Setting next_dagrun for example_xcom_args_with_operators to None, run_after=None
[2024-01-30T22:13:46.093+0000] {processor.py:183} INFO - Processing /home/airflow/.local/lib/python3.8/site-packages/airflow/example_dags/example_xcomargs.py took 0.085 seconds
[2024-01-30T22:14:21.470+0000] {processor.py:161} INFO - Started process (PID=2392) to work on /home/airflow/.local/lib/python3.8/site-packages/airflow/example_dags/example_xcomargs.py
[2024-01-30T22:14:21.471+0000] {processor.py:830} INFO - Processing file /home/airflow/.local/lib/python3.8/site-packages/airflow/example_dags/example_xcomargs.py for tasks to queue
[2024-01-30T22:14:21.473+0000] {logging_mixin.py:188} INFO - [2024-01-30T22:14:21.473+0000] {dagbag.py:538} INFO - Filling up the DagBag from /home/airflow/.local/lib/python3.8/site-packages/airflow/example_dags/example_xcomargs.py
[2024-01-30T22:14:21.482+0000] {processor.py:840} INFO - DAG(s) 'example_xcom_args_with_operators', 'example_xcom_args' retrieved from /home/airflow/.local/lib/python3.8/site-packages/airflow/example_dags/example_xcomargs.py
[2024-01-30T22:14:21.514+0000] {logging_mixin.py:188} INFO - [2024-01-30T22:14:21.514+0000] {dag.py:3036} INFO - Sync 2 DAGs
[2024-01-30T22:14:21.530+0000] {logging_mixin.py:188} INFO - [2024-01-30T22:14:21.529+0000] {dag.py:3823} INFO - Setting next_dagrun for example_xcom_args to None, run_after=None
[2024-01-30T22:14:21.534+0000] {logging_mixin.py:188} INFO - [2024-01-30T22:14:21.534+0000] {dag.py:3823} INFO - Setting next_dagrun for example_xcom_args_with_operators to None, run_after=None
[2024-01-30T22:14:21.564+0000] {processor.py:183} INFO - Processing /home/airflow/.local/lib/python3.8/site-packages/airflow/example_dags/example_xcomargs.py took 0.097 seconds
[2024-01-30T22:14:52.835+0000] {processor.py:161} INFO - Started process (PID=2452) to work on /home/airflow/.local/lib/python3.8/site-packages/airflow/example_dags/example_xcomargs.py
[2024-01-30T22:14:52.837+0000] {processor.py:830} INFO - Processing file /home/airflow/.local/lib/python3.8/site-packages/airflow/example_dags/example_xcomargs.py for tasks to queue
[2024-01-30T22:14:52.839+0000] {logging_mixin.py:188} INFO - [2024-01-30T22:14:52.838+0000] {dagbag.py:538} INFO - Filling up the DagBag from /home/airflow/.local/lib/python3.8/site-packages/airflow/example_dags/example_xcomargs.py
[2024-01-30T22:14:52.849+0000] {processor.py:840} INFO - DAG(s) 'example_xcom_args', 'example_xcom_args_with_operators' retrieved from /home/airflow/.local/lib/python3.8/site-packages/airflow/example_dags/example_xcomargs.py
[2024-01-30T22:14:52.878+0000] {logging_mixin.py:188} INFO - [2024-01-30T22:14:52.878+0000] {dag.py:3036} INFO - Sync 2 DAGs
[2024-01-30T22:14:52.893+0000] {logging_mixin.py:188} INFO - [2024-01-30T22:14:52.893+0000] {dag.py:3823} INFO - Setting next_dagrun for example_xcom_args to None, run_after=None
[2024-01-30T22:14:52.900+0000] {logging_mixin.py:188} INFO - [2024-01-30T22:14:52.899+0000] {dag.py:3823} INFO - Setting next_dagrun for example_xcom_args_with_operators to None, run_after=None
[2024-01-30T22:14:52.928+0000] {processor.py:183} INFO - Processing /home/airflow/.local/lib/python3.8/site-packages/airflow/example_dags/example_xcomargs.py took 0.095 seconds
[2024-01-30T22:15:24.106+0000] {processor.py:161} INFO - Started process (PID=2515) to work on /home/airflow/.local/lib/python3.8/site-packages/airflow/example_dags/example_xcomargs.py
[2024-01-30T22:15:24.108+0000] {processor.py:830} INFO - Processing file /home/airflow/.local/lib/python3.8/site-packages/airflow/example_dags/example_xcomargs.py for tasks to queue
[2024-01-30T22:15:24.110+0000] {logging_mixin.py:188} INFO - [2024-01-30T22:15:24.110+0000] {dagbag.py:538} INFO - Filling up the DagBag from /home/airflow/.local/lib/python3.8/site-packages/airflow/example_dags/example_xcomargs.py
[2024-01-30T22:15:24.122+0000] {processor.py:840} INFO - DAG(s) 'example_xcom_args', 'example_xcom_args_with_operators' retrieved from /home/airflow/.local/lib/python3.8/site-packages/airflow/example_dags/example_xcomargs.py
[2024-01-30T22:15:24.163+0000] {logging_mixin.py:188} INFO - [2024-01-30T22:15:24.162+0000] {dag.py:3036} INFO - Sync 2 DAGs
[2024-01-30T22:15:24.186+0000] {logging_mixin.py:188} INFO - [2024-01-30T22:15:24.185+0000] {dag.py:3823} INFO - Setting next_dagrun for example_xcom_args to None, run_after=None
[2024-01-30T22:15:24.194+0000] {logging_mixin.py:188} INFO - [2024-01-30T22:15:24.193+0000] {dag.py:3823} INFO - Setting next_dagrun for example_xcom_args_with_operators to None, run_after=None
[2024-01-30T22:15:24.227+0000] {processor.py:183} INFO - Processing /home/airflow/.local/lib/python3.8/site-packages/airflow/example_dags/example_xcomargs.py took 0.125 seconds
[2024-01-30T22:15:54.307+0000] {processor.py:161} INFO - Started process (PID=2578) to work on /home/airflow/.local/lib/python3.8/site-packages/airflow/example_dags/example_xcomargs.py
[2024-01-30T22:15:54.308+0000] {processor.py:830} INFO - Processing file /home/airflow/.local/lib/python3.8/site-packages/airflow/example_dags/example_xcomargs.py for tasks to queue
[2024-01-30T22:15:54.310+0000] {logging_mixin.py:188} INFO - [2024-01-30T22:15:54.309+0000] {dagbag.py:538} INFO - Filling up the DagBag from /home/airflow/.local/lib/python3.8/site-packages/airflow/example_dags/example_xcomargs.py
[2024-01-30T22:15:54.322+0000] {processor.py:840} INFO - DAG(s) 'example_xcom_args', 'example_xcom_args_with_operators' retrieved from /home/airflow/.local/lib/python3.8/site-packages/airflow/example_dags/example_xcomargs.py
[2024-01-30T22:15:54.354+0000] {logging_mixin.py:188} INFO - [2024-01-30T22:15:54.353+0000] {dag.py:3036} INFO - Sync 2 DAGs
[2024-01-30T22:15:54.369+0000] {logging_mixin.py:188} INFO - [2024-01-30T22:15:54.369+0000] {dag.py:3823} INFO - Setting next_dagrun for example_xcom_args to None, run_after=None
[2024-01-30T22:15:54.374+0000] {logging_mixin.py:188} INFO - [2024-01-30T22:15:54.374+0000] {dag.py:3823} INFO - Setting next_dagrun for example_xcom_args_with_operators to None, run_after=None
[2024-01-30T22:15:54.401+0000] {processor.py:183} INFO - Processing /home/airflow/.local/lib/python3.8/site-packages/airflow/example_dags/example_xcomargs.py took 0.098 seconds
[2024-01-30T22:16:24.853+0000] {processor.py:161} INFO - Started process (PID=2639) to work on /home/airflow/.local/lib/python3.8/site-packages/airflow/example_dags/example_xcomargs.py
[2024-01-30T22:16:24.855+0000] {processor.py:830} INFO - Processing file /home/airflow/.local/lib/python3.8/site-packages/airflow/example_dags/example_xcomargs.py for tasks to queue
[2024-01-30T22:16:24.856+0000] {logging_mixin.py:188} INFO - [2024-01-30T22:16:24.856+0000] {dagbag.py:538} INFO - Filling up the DagBag from /home/airflow/.local/lib/python3.8/site-packages/airflow/example_dags/example_xcomargs.py
[2024-01-30T22:16:24.867+0000] {processor.py:840} INFO - DAG(s) 'example_xcom_args', 'example_xcom_args_with_operators' retrieved from /home/airflow/.local/lib/python3.8/site-packages/airflow/example_dags/example_xcomargs.py
[2024-01-30T22:16:24.909+0000] {logging_mixin.py:188} INFO - [2024-01-30T22:16:24.908+0000] {dag.py:3036} INFO - Sync 2 DAGs
[2024-01-30T22:16:24.931+0000] {logging_mixin.py:188} INFO - [2024-01-30T22:16:24.931+0000] {dag.py:3823} INFO - Setting next_dagrun for example_xcom_args to None, run_after=None
[2024-01-30T22:16:24.939+0000] {logging_mixin.py:188} INFO - [2024-01-30T22:16:24.939+0000] {dag.py:3823} INFO - Setting next_dagrun for example_xcom_args_with_operators to None, run_after=None
[2024-01-30T22:16:25.007+0000] {processor.py:183} INFO - Processing /home/airflow/.local/lib/python3.8/site-packages/airflow/example_dags/example_xcomargs.py took 0.157 seconds
[2024-01-30T22:16:55.345+0000] {processor.py:161} INFO - Started process (PID=2694) to work on /home/airflow/.local/lib/python3.8/site-packages/airflow/example_dags/example_xcomargs.py
[2024-01-30T22:16:55.346+0000] {processor.py:830} INFO - Processing file /home/airflow/.local/lib/python3.8/site-packages/airflow/example_dags/example_xcomargs.py for tasks to queue
[2024-01-30T22:16:55.347+0000] {logging_mixin.py:188} INFO - [2024-01-30T22:16:55.347+0000] {dagbag.py:538} INFO - Filling up the DagBag from /home/airflow/.local/lib/python3.8/site-packages/airflow/example_dags/example_xcomargs.py
[2024-01-30T22:16:55.355+0000] {processor.py:840} INFO - DAG(s) 'example_xcom_args_with_operators', 'example_xcom_args' retrieved from /home/airflow/.local/lib/python3.8/site-packages/airflow/example_dags/example_xcomargs.py
[2024-01-30T22:16:55.385+0000] {logging_mixin.py:188} INFO - [2024-01-30T22:16:55.384+0000] {dag.py:3036} INFO - Sync 2 DAGs
[2024-01-30T22:16:55.400+0000] {logging_mixin.py:188} INFO - [2024-01-30T22:16:55.400+0000] {dag.py:3823} INFO - Setting next_dagrun for example_xcom_args to None, run_after=None
[2024-01-30T22:16:55.408+0000] {logging_mixin.py:188} INFO - [2024-01-30T22:16:55.407+0000] {dag.py:3823} INFO - Setting next_dagrun for example_xcom_args_with_operators to None, run_after=None
[2024-01-30T22:16:55.440+0000] {processor.py:183} INFO - Processing /home/airflow/.local/lib/python3.8/site-packages/airflow/example_dags/example_xcomargs.py took 0.099 seconds
[2024-01-30T22:17:28.256+0000] {processor.py:161} INFO - Started process (PID=2753) to work on /home/airflow/.local/lib/python3.8/site-packages/airflow/example_dags/example_xcomargs.py
[2024-01-30T22:17:28.258+0000] {processor.py:830} INFO - Processing file /home/airflow/.local/lib/python3.8/site-packages/airflow/example_dags/example_xcomargs.py for tasks to queue
[2024-01-30T22:17:28.259+0000] {logging_mixin.py:188} INFO - [2024-01-30T22:17:28.259+0000] {dagbag.py:538} INFO - Filling up the DagBag from /home/airflow/.local/lib/python3.8/site-packages/airflow/example_dags/example_xcomargs.py
[2024-01-30T22:17:28.273+0000] {processor.py:840} INFO - DAG(s) 'example_xcom_args', 'example_xcom_args_with_operators' retrieved from /home/airflow/.local/lib/python3.8/site-packages/airflow/example_dags/example_xcomargs.py
[2024-01-30T22:17:28.304+0000] {logging_mixin.py:188} INFO - [2024-01-30T22:17:28.304+0000] {dag.py:3036} INFO - Sync 2 DAGs
[2024-01-30T22:17:28.515+0000] {logging_mixin.py:188} INFO - [2024-01-30T22:17:28.515+0000] {dag.py:3823} INFO - Setting next_dagrun for example_xcom_args to None, run_after=None
[2024-01-30T22:17:28.522+0000] {logging_mixin.py:188} INFO - [2024-01-30T22:17:28.521+0000] {dag.py:3823} INFO - Setting next_dagrun for example_xcom_args_with_operators to None, run_after=None
[2024-01-30T22:17:28.553+0000] {processor.py:183} INFO - Processing /home/airflow/.local/lib/python3.8/site-packages/airflow/example_dags/example_xcomargs.py took 0.302 seconds
[2024-01-30T22:17:59.071+0000] {processor.py:161} INFO - Started process (PID=2810) to work on /home/airflow/.local/lib/python3.8/site-packages/airflow/example_dags/example_xcomargs.py
[2024-01-30T22:17:59.072+0000] {processor.py:830} INFO - Processing file /home/airflow/.local/lib/python3.8/site-packages/airflow/example_dags/example_xcomargs.py for tasks to queue
[2024-01-30T22:17:59.073+0000] {logging_mixin.py:188} INFO - [2024-01-30T22:17:59.073+0000] {dagbag.py:538} INFO - Filling up the DagBag from /home/airflow/.local/lib/python3.8/site-packages/airflow/example_dags/example_xcomargs.py
[2024-01-30T22:17:59.083+0000] {processor.py:840} INFO - DAG(s) 'example_xcom_args_with_operators', 'example_xcom_args' retrieved from /home/airflow/.local/lib/python3.8/site-packages/airflow/example_dags/example_xcomargs.py
[2024-01-30T22:17:59.118+0000] {logging_mixin.py:188} INFO - [2024-01-30T22:17:59.118+0000] {dag.py:3036} INFO - Sync 2 DAGs
[2024-01-30T22:17:59.134+0000] {logging_mixin.py:188} INFO - [2024-01-30T22:17:59.134+0000] {dag.py:3823} INFO - Setting next_dagrun for example_xcom_args to None, run_after=None
[2024-01-30T22:17:59.140+0000] {logging_mixin.py:188} INFO - [2024-01-30T22:17:59.140+0000] {dag.py:3823} INFO - Setting next_dagrun for example_xcom_args_with_operators to None, run_after=None
[2024-01-30T22:17:59.165+0000] {processor.py:183} INFO - Processing /home/airflow/.local/lib/python3.8/site-packages/airflow/example_dags/example_xcomargs.py took 0.098 seconds
[2024-01-30T22:18:29.455+0000] {processor.py:161} INFO - Started process (PID=2868) to work on /home/airflow/.local/lib/python3.8/site-packages/airflow/example_dags/example_xcomargs.py
[2024-01-30T22:18:29.456+0000] {processor.py:830} INFO - Processing file /home/airflow/.local/lib/python3.8/site-packages/airflow/example_dags/example_xcomargs.py for tasks to queue
[2024-01-30T22:18:29.457+0000] {logging_mixin.py:188} INFO - [2024-01-30T22:18:29.456+0000] {dagbag.py:538} INFO - Filling up the DagBag from /home/airflow/.local/lib/python3.8/site-packages/airflow/example_dags/example_xcomargs.py
[2024-01-30T22:18:29.465+0000] {processor.py:840} INFO - DAG(s) 'example_xcom_args', 'example_xcom_args_with_operators' retrieved from /home/airflow/.local/lib/python3.8/site-packages/airflow/example_dags/example_xcomargs.py
[2024-01-30T22:18:29.497+0000] {logging_mixin.py:188} INFO - [2024-01-30T22:18:29.496+0000] {dag.py:3036} INFO - Sync 2 DAGs
[2024-01-30T22:18:29.516+0000] {logging_mixin.py:188} INFO - [2024-01-30T22:18:29.515+0000] {dag.py:3823} INFO - Setting next_dagrun for example_xcom_args to None, run_after=None
[2024-01-30T22:18:29.522+0000] {logging_mixin.py:188} INFO - [2024-01-30T22:18:29.522+0000] {dag.py:3823} INFO - Setting next_dagrun for example_xcom_args_with_operators to None, run_after=None
[2024-01-30T22:18:29.562+0000] {processor.py:183} INFO - Processing /home/airflow/.local/lib/python3.8/site-packages/airflow/example_dags/example_xcomargs.py took 0.110 seconds
[2024-01-30T22:18:59.906+0000] {processor.py:161} INFO - Started process (PID=2925) to work on /home/airflow/.local/lib/python3.8/site-packages/airflow/example_dags/example_xcomargs.py
[2024-01-30T22:18:59.908+0000] {processor.py:830} INFO - Processing file /home/airflow/.local/lib/python3.8/site-packages/airflow/example_dags/example_xcomargs.py for tasks to queue
[2024-01-30T22:18:59.909+0000] {logging_mixin.py:188} INFO - [2024-01-30T22:18:59.909+0000] {dagbag.py:538} INFO - Filling up the DagBag from /home/airflow/.local/lib/python3.8/site-packages/airflow/example_dags/example_xcomargs.py
[2024-01-30T22:18:59.919+0000] {processor.py:840} INFO - DAG(s) 'example_xcom_args_with_operators', 'example_xcom_args' retrieved from /home/airflow/.local/lib/python3.8/site-packages/airflow/example_dags/example_xcomargs.py
[2024-01-30T22:18:59.955+0000] {logging_mixin.py:188} INFO - [2024-01-30T22:18:59.955+0000] {dag.py:3036} INFO - Sync 2 DAGs
[2024-01-30T22:18:59.975+0000] {logging_mixin.py:188} INFO - [2024-01-30T22:18:59.974+0000] {dag.py:3823} INFO - Setting next_dagrun for example_xcom_args to None, run_after=None
[2024-01-30T22:18:59.981+0000] {logging_mixin.py:188} INFO - [2024-01-30T22:18:59.981+0000] {dag.py:3823} INFO - Setting next_dagrun for example_xcom_args_with_operators to None, run_after=None
[2024-01-30T22:19:00.010+0000] {processor.py:183} INFO - Processing /home/airflow/.local/lib/python3.8/site-packages/airflow/example_dags/example_xcomargs.py took 0.107 seconds
[2024-01-30T22:19:32.781+0000] {processor.py:161} INFO - Started process (PID=2982) to work on /home/airflow/.local/lib/python3.8/site-packages/airflow/example_dags/example_xcomargs.py
[2024-01-30T22:19:32.782+0000] {processor.py:830} INFO - Processing file /home/airflow/.local/lib/python3.8/site-packages/airflow/example_dags/example_xcomargs.py for tasks to queue
[2024-01-30T22:19:32.784+0000] {logging_mixin.py:188} INFO - [2024-01-30T22:19:32.784+0000] {dagbag.py:538} INFO - Filling up the DagBag from /home/airflow/.local/lib/python3.8/site-packages/airflow/example_dags/example_xcomargs.py
[2024-01-30T22:19:32.796+0000] {processor.py:840} INFO - DAG(s) 'example_xcom_args', 'example_xcom_args_with_operators' retrieved from /home/airflow/.local/lib/python3.8/site-packages/airflow/example_dags/example_xcomargs.py
[2024-01-30T22:19:32.832+0000] {logging_mixin.py:188} INFO - [2024-01-30T22:19:32.831+0000] {dag.py:3036} INFO - Sync 2 DAGs
[2024-01-30T22:19:32.847+0000] {logging_mixin.py:188} INFO - [2024-01-30T22:19:32.847+0000] {dag.py:3823} INFO - Setting next_dagrun for example_xcom_args to None, run_after=None
[2024-01-30T22:19:32.852+0000] {logging_mixin.py:188} INFO - [2024-01-30T22:19:32.852+0000] {dag.py:3823} INFO - Setting next_dagrun for example_xcom_args_with_operators to None, run_after=None
[2024-01-30T22:19:32.879+0000] {processor.py:183} INFO - Processing /home/airflow/.local/lib/python3.8/site-packages/airflow/example_dags/example_xcomargs.py took 0.101 seconds
[2024-01-30T22:20:03.068+0000] {processor.py:161} INFO - Started process (PID=3039) to work on /home/airflow/.local/lib/python3.8/site-packages/airflow/example_dags/example_xcomargs.py
[2024-01-30T22:20:03.069+0000] {processor.py:830} INFO - Processing file /home/airflow/.local/lib/python3.8/site-packages/airflow/example_dags/example_xcomargs.py for tasks to queue
[2024-01-30T22:20:03.071+0000] {logging_mixin.py:188} INFO - [2024-01-30T22:20:03.071+0000] {dagbag.py:538} INFO - Filling up the DagBag from /home/airflow/.local/lib/python3.8/site-packages/airflow/example_dags/example_xcomargs.py
[2024-01-30T22:20:03.080+0000] {processor.py:840} INFO - DAG(s) 'example_xcom_args', 'example_xcom_args_with_operators' retrieved from /home/airflow/.local/lib/python3.8/site-packages/airflow/example_dags/example_xcomargs.py
[2024-01-30T22:20:03.115+0000] {logging_mixin.py:188} INFO - [2024-01-30T22:20:03.115+0000] {dag.py:3036} INFO - Sync 2 DAGs
[2024-01-30T22:20:03.132+0000] {logging_mixin.py:188} INFO - [2024-01-30T22:20:03.131+0000] {dag.py:3823} INFO - Setting next_dagrun for example_xcom_args to None, run_after=None
[2024-01-30T22:20:03.138+0000] {logging_mixin.py:188} INFO - [2024-01-30T22:20:03.138+0000] {dag.py:3823} INFO - Setting next_dagrun for example_xcom_args_with_operators to None, run_after=None
[2024-01-30T22:20:03.170+0000] {processor.py:183} INFO - Processing /home/airflow/.local/lib/python3.8/site-packages/airflow/example_dags/example_xcomargs.py took 0.105 seconds
[2024-01-30T22:20:33.830+0000] {processor.py:161} INFO - Started process (PID=3096) to work on /home/airflow/.local/lib/python3.8/site-packages/airflow/example_dags/example_xcomargs.py
[2024-01-30T22:20:33.832+0000] {processor.py:830} INFO - Processing file /home/airflow/.local/lib/python3.8/site-packages/airflow/example_dags/example_xcomargs.py for tasks to queue
[2024-01-30T22:20:33.834+0000] {logging_mixin.py:188} INFO - [2024-01-30T22:20:33.833+0000] {dagbag.py:538} INFO - Filling up the DagBag from /home/airflow/.local/lib/python3.8/site-packages/airflow/example_dags/example_xcomargs.py
[2024-01-30T22:20:33.844+0000] {processor.py:840} INFO - DAG(s) 'example_xcom_args_with_operators', 'example_xcom_args' retrieved from /home/airflow/.local/lib/python3.8/site-packages/airflow/example_dags/example_xcomargs.py
[2024-01-30T22:20:33.875+0000] {logging_mixin.py:188} INFO - [2024-01-30T22:20:33.875+0000] {dag.py:3036} INFO - Sync 2 DAGs
[2024-01-30T22:20:33.890+0000] {logging_mixin.py:188} INFO - [2024-01-30T22:20:33.889+0000] {dag.py:3823} INFO - Setting next_dagrun for example_xcom_args to None, run_after=None
[2024-01-30T22:20:33.895+0000] {logging_mixin.py:188} INFO - [2024-01-30T22:20:33.894+0000] {dag.py:3823} INFO - Setting next_dagrun for example_xcom_args_with_operators to None, run_after=None
[2024-01-30T22:20:33.923+0000] {processor.py:183} INFO - Processing /home/airflow/.local/lib/python3.8/site-packages/airflow/example_dags/example_xcomargs.py took 0.096 seconds
[2024-01-30T22:21:13.610+0000] {processor.py:161} INFO - Started process (PID=3153) to work on /home/airflow/.local/lib/python3.8/site-packages/airflow/example_dags/example_xcomargs.py
[2024-01-30T22:21:13.621+0000] {processor.py:830} INFO - Processing file /home/airflow/.local/lib/python3.8/site-packages/airflow/example_dags/example_xcomargs.py for tasks to queue
[2024-01-30T22:21:13.636+0000] {logging_mixin.py:188} INFO - [2024-01-30T22:21:13.632+0000] {dagbag.py:538} INFO - Filling up the DagBag from /home/airflow/.local/lib/python3.8/site-packages/airflow/example_dags/example_xcomargs.py
[2024-01-30T22:21:13.731+0000] {processor.py:840} INFO - DAG(s) 'example_xcom_args_with_operators', 'example_xcom_args' retrieved from /home/airflow/.local/lib/python3.8/site-packages/airflow/example_dags/example_xcomargs.py
[2024-01-30T22:21:13.964+0000] {logging_mixin.py:188} INFO - [2024-01-30T22:21:13.958+0000] {dag.py:3036} INFO - Sync 2 DAGs
[2024-01-30T22:21:13.993+0000] {logging_mixin.py:188} INFO - [2024-01-30T22:21:13.993+0000] {dag.py:3823} INFO - Setting next_dagrun for example_xcom_args to None, run_after=None
[2024-01-30T22:21:14.000+0000] {logging_mixin.py:188} INFO - [2024-01-30T22:21:13.999+0000] {dag.py:3823} INFO - Setting next_dagrun for example_xcom_args_with_operators to None, run_after=None
[2024-01-30T22:21:14.036+0000] {processor.py:183} INFO - Processing /home/airflow/.local/lib/python3.8/site-packages/airflow/example_dags/example_xcomargs.py took 0.451 seconds
[2024-01-30T22:21:44.519+0000] {processor.py:161} INFO - Started process (PID=3211) to work on /home/airflow/.local/lib/python3.8/site-packages/airflow/example_dags/example_xcomargs.py
[2024-01-30T22:21:44.521+0000] {processor.py:830} INFO - Processing file /home/airflow/.local/lib/python3.8/site-packages/airflow/example_dags/example_xcomargs.py for tasks to queue
[2024-01-30T22:21:44.522+0000] {logging_mixin.py:188} INFO - [2024-01-30T22:21:44.522+0000] {dagbag.py:538} INFO - Filling up the DagBag from /home/airflow/.local/lib/python3.8/site-packages/airflow/example_dags/example_xcomargs.py
[2024-01-30T22:21:44.530+0000] {processor.py:840} INFO - DAG(s) 'example_xcom_args_with_operators', 'example_xcom_args' retrieved from /home/airflow/.local/lib/python3.8/site-packages/airflow/example_dags/example_xcomargs.py
[2024-01-30T22:21:44.563+0000] {logging_mixin.py:188} INFO - [2024-01-30T22:21:44.563+0000] {dag.py:3036} INFO - Sync 2 DAGs
[2024-01-30T22:21:44.577+0000] {logging_mixin.py:188} INFO - [2024-01-30T22:21:44.577+0000] {dag.py:3823} INFO - Setting next_dagrun for example_xcom_args to None, run_after=None
[2024-01-30T22:21:44.583+0000] {logging_mixin.py:188} INFO - [2024-01-30T22:21:44.582+0000] {dag.py:3823} INFO - Setting next_dagrun for example_xcom_args_with_operators to None, run_after=None
[2024-01-30T22:21:44.614+0000] {processor.py:183} INFO - Processing /home/airflow/.local/lib/python3.8/site-packages/airflow/example_dags/example_xcomargs.py took 0.097 seconds
[2024-01-30T22:22:14.967+0000] {processor.py:161} INFO - Started process (PID=3268) to work on /home/airflow/.local/lib/python3.8/site-packages/airflow/example_dags/example_xcomargs.py
[2024-01-30T22:22:14.968+0000] {processor.py:830} INFO - Processing file /home/airflow/.local/lib/python3.8/site-packages/airflow/example_dags/example_xcomargs.py for tasks to queue
[2024-01-30T22:22:14.969+0000] {logging_mixin.py:188} INFO - [2024-01-30T22:22:14.969+0000] {dagbag.py:538} INFO - Filling up the DagBag from /home/airflow/.local/lib/python3.8/site-packages/airflow/example_dags/example_xcomargs.py
[2024-01-30T22:22:14.977+0000] {processor.py:840} INFO - DAG(s) 'example_xcom_args', 'example_xcom_args_with_operators' retrieved from /home/airflow/.local/lib/python3.8/site-packages/airflow/example_dags/example_xcomargs.py
[2024-01-30T22:22:15.004+0000] {logging_mixin.py:188} INFO - [2024-01-30T22:22:15.004+0000] {dag.py:3036} INFO - Sync 2 DAGs
[2024-01-30T22:22:15.017+0000] {logging_mixin.py:188} INFO - [2024-01-30T22:22:15.017+0000] {dag.py:3823} INFO - Setting next_dagrun for example_xcom_args to None, run_after=None
[2024-01-30T22:22:15.023+0000] {logging_mixin.py:188} INFO - [2024-01-30T22:22:15.023+0000] {dag.py:3823} INFO - Setting next_dagrun for example_xcom_args_with_operators to None, run_after=None
[2024-01-30T22:22:15.049+0000] {processor.py:183} INFO - Processing /home/airflow/.local/lib/python3.8/site-packages/airflow/example_dags/example_xcomargs.py took 0.085 seconds
[2024-01-30T22:22:45.243+0000] {processor.py:161} INFO - Started process (PID=3325) to work on /home/airflow/.local/lib/python3.8/site-packages/airflow/example_dags/example_xcomargs.py
[2024-01-30T22:22:45.245+0000] {processor.py:830} INFO - Processing file /home/airflow/.local/lib/python3.8/site-packages/airflow/example_dags/example_xcomargs.py for tasks to queue
[2024-01-30T22:22:45.246+0000] {logging_mixin.py:188} INFO - [2024-01-30T22:22:45.246+0000] {dagbag.py:538} INFO - Filling up the DagBag from /home/airflow/.local/lib/python3.8/site-packages/airflow/example_dags/example_xcomargs.py
[2024-01-30T22:22:45.254+0000] {processor.py:840} INFO - DAG(s) 'example_xcom_args_with_operators', 'example_xcom_args' retrieved from /home/airflow/.local/lib/python3.8/site-packages/airflow/example_dags/example_xcomargs.py
[2024-01-30T22:22:45.281+0000] {logging_mixin.py:188} INFO - [2024-01-30T22:22:45.281+0000] {dag.py:3036} INFO - Sync 2 DAGs
[2024-01-30T22:22:45.294+0000] {logging_mixin.py:188} INFO - [2024-01-30T22:22:45.294+0000] {dag.py:3823} INFO - Setting next_dagrun for example_xcom_args to None, run_after=None
[2024-01-30T22:22:45.299+0000] {logging_mixin.py:188} INFO - [2024-01-30T22:22:45.299+0000] {dag.py:3823} INFO - Setting next_dagrun for example_xcom_args_with_operators to None, run_after=None
[2024-01-30T22:22:45.327+0000] {processor.py:183} INFO - Processing /home/airflow/.local/lib/python3.8/site-packages/airflow/example_dags/example_xcomargs.py took 0.087 seconds
