[2024-01-30T21:53:04.902+0000] {processor.py:161} INFO - Started process (PID=37) to work on /home/airflow/.local/lib/python3.8/site-packages/airflow/example_dags/example_xcom.py
[2024-01-30T21:53:04.904+0000] {processor.py:830} INFO - Processing file /home/airflow/.local/lib/python3.8/site-packages/airflow/example_dags/example_xcom.py for tasks to queue
[2024-01-30T21:53:04.909+0000] {logging_mixin.py:188} INFO - [2024-01-30T21:53:04.907+0000] {dagbag.py:538} INFO - Filling up the DagBag from /home/airflow/.local/lib/python3.8/site-packages/airflow/example_dags/example_xcom.py
[2024-01-30T21:53:04.933+0000] {processor.py:840} INFO - DAG(s) 'example_xcom' retrieved from /home/airflow/.local/lib/python3.8/site-packages/airflow/example_dags/example_xcom.py
[2024-01-30T21:53:05.102+0000] {logging_mixin.py:188} INFO - [2024-01-30T21:53:05.102+0000] {dag.py:3036} INFO - Sync 1 DAGs
[2024-01-30T21:53:05.141+0000] {logging_mixin.py:188} INFO - [2024-01-30T21:53:05.140+0000] {dag.py:3823} INFO - Setting next_dagrun for example_xcom to 2021-01-01 00:00:00+00:00, run_after=2021-01-01 00:00:00+00:00
[2024-01-30T21:53:05.216+0000] {processor.py:183} INFO - Processing /home/airflow/.local/lib/python3.8/site-packages/airflow/example_dags/example_xcom.py took 0.321 seconds
[2024-01-30T21:53:35.914+0000] {processor.py:161} INFO - Started process (PID=92) to work on /home/airflow/.local/lib/python3.8/site-packages/airflow/example_dags/example_xcom.py
[2024-01-30T21:53:35.916+0000] {processor.py:830} INFO - Processing file /home/airflow/.local/lib/python3.8/site-packages/airflow/example_dags/example_xcom.py for tasks to queue
[2024-01-30T21:53:35.919+0000] {logging_mixin.py:188} INFO - [2024-01-30T21:53:35.918+0000] {dagbag.py:538} INFO - Filling up the DagBag from /home/airflow/.local/lib/python3.8/site-packages/airflow/example_dags/example_xcom.py
[2024-01-30T21:53:35.928+0000] {processor.py:840} INFO - DAG(s) 'example_xcom' retrieved from /home/airflow/.local/lib/python3.8/site-packages/airflow/example_dags/example_xcom.py
[2024-01-30T21:53:35.955+0000] {logging_mixin.py:188} INFO - [2024-01-30T21:53:35.955+0000] {dag.py:3036} INFO - Sync 1 DAGs
[2024-01-30T21:53:35.985+0000] {logging_mixin.py:188} INFO - [2024-01-30T21:53:35.985+0000] {dag.py:3823} INFO - Setting next_dagrun for example_xcom to 2021-01-01 00:00:00+00:00, run_after=2021-01-01 00:00:00+00:00
[2024-01-30T21:53:36.015+0000] {processor.py:183} INFO - Processing /home/airflow/.local/lib/python3.8/site-packages/airflow/example_dags/example_xcom.py took 0.103 seconds
[2024-01-30T21:54:06.259+0000] {processor.py:161} INFO - Started process (PID=147) to work on /home/airflow/.local/lib/python3.8/site-packages/airflow/example_dags/example_xcom.py
[2024-01-30T21:54:06.307+0000] {processor.py:830} INFO - Processing file /home/airflow/.local/lib/python3.8/site-packages/airflow/example_dags/example_xcom.py for tasks to queue
[2024-01-30T21:54:06.309+0000] {logging_mixin.py:188} INFO - [2024-01-30T21:54:06.309+0000] {dagbag.py:538} INFO - Filling up the DagBag from /home/airflow/.local/lib/python3.8/site-packages/airflow/example_dags/example_xcom.py
[2024-01-30T21:54:06.316+0000] {processor.py:840} INFO - DAG(s) 'example_xcom' retrieved from /home/airflow/.local/lib/python3.8/site-packages/airflow/example_dags/example_xcom.py
[2024-01-30T21:54:06.339+0000] {logging_mixin.py:188} INFO - [2024-01-30T21:54:06.339+0000] {dag.py:3036} INFO - Sync 1 DAGs
[2024-01-30T21:54:06.363+0000] {logging_mixin.py:188} INFO - [2024-01-30T21:54:06.362+0000] {dag.py:3823} INFO - Setting next_dagrun for example_xcom to 2021-01-01 00:00:00+00:00, run_after=2021-01-01 00:00:00+00:00
[2024-01-30T21:54:06.447+0000] {processor.py:183} INFO - Processing /home/airflow/.local/lib/python3.8/site-packages/airflow/example_dags/example_xcom.py took 0.191 seconds
[2024-01-30T21:54:36.938+0000] {processor.py:161} INFO - Started process (PID=202) to work on /home/airflow/.local/lib/python3.8/site-packages/airflow/example_dags/example_xcom.py
[2024-01-30T21:54:36.942+0000] {processor.py:830} INFO - Processing file /home/airflow/.local/lib/python3.8/site-packages/airflow/example_dags/example_xcom.py for tasks to queue
[2024-01-30T21:54:36.945+0000] {logging_mixin.py:188} INFO - [2024-01-30T21:54:36.944+0000] {dagbag.py:538} INFO - Filling up the DagBag from /home/airflow/.local/lib/python3.8/site-packages/airflow/example_dags/example_xcom.py
[2024-01-30T21:54:36.954+0000] {processor.py:840} INFO - DAG(s) 'example_xcom' retrieved from /home/airflow/.local/lib/python3.8/site-packages/airflow/example_dags/example_xcom.py
[2024-01-30T21:54:36.992+0000] {logging_mixin.py:188} INFO - [2024-01-30T21:54:36.992+0000] {dag.py:3036} INFO - Sync 1 DAGs
[2024-01-30T21:54:37.020+0000] {logging_mixin.py:188} INFO - [2024-01-30T21:54:37.020+0000] {dag.py:3823} INFO - Setting next_dagrun for example_xcom to 2021-01-01 00:00:00+00:00, run_after=2021-01-01 00:00:00+00:00
[2024-01-30T21:54:37.048+0000] {processor.py:183} INFO - Processing /home/airflow/.local/lib/python3.8/site-packages/airflow/example_dags/example_xcom.py took 0.114 seconds
[2024-01-30T21:55:07.558+0000] {processor.py:161} INFO - Started process (PID=257) to work on /home/airflow/.local/lib/python3.8/site-packages/airflow/example_dags/example_xcom.py
[2024-01-30T21:55:07.559+0000] {processor.py:830} INFO - Processing file /home/airflow/.local/lib/python3.8/site-packages/airflow/example_dags/example_xcom.py for tasks to queue
[2024-01-30T21:55:07.562+0000] {logging_mixin.py:188} INFO - [2024-01-30T21:55:07.561+0000] {dagbag.py:538} INFO - Filling up the DagBag from /home/airflow/.local/lib/python3.8/site-packages/airflow/example_dags/example_xcom.py
[2024-01-30T21:55:07.569+0000] {processor.py:840} INFO - DAG(s) 'example_xcom' retrieved from /home/airflow/.local/lib/python3.8/site-packages/airflow/example_dags/example_xcom.py
[2024-01-30T21:55:07.608+0000] {logging_mixin.py:188} INFO - [2024-01-30T21:55:07.608+0000] {dag.py:3036} INFO - Sync 1 DAGs
[2024-01-30T21:55:07.640+0000] {logging_mixin.py:188} INFO - [2024-01-30T21:55:07.639+0000] {dag.py:3823} INFO - Setting next_dagrun for example_xcom to 2021-01-01 00:00:00+00:00, run_after=2021-01-01 00:00:00+00:00
[2024-01-30T21:55:07.677+0000] {processor.py:183} INFO - Processing /home/airflow/.local/lib/python3.8/site-packages/airflow/example_dags/example_xcom.py took 0.122 seconds
[2024-01-30T21:55:38.279+0000] {processor.py:161} INFO - Started process (PID=310) to work on /home/airflow/.local/lib/python3.8/site-packages/airflow/example_dags/example_xcom.py
[2024-01-30T21:55:38.280+0000] {processor.py:830} INFO - Processing file /home/airflow/.local/lib/python3.8/site-packages/airflow/example_dags/example_xcom.py for tasks to queue
[2024-01-30T21:55:38.283+0000] {logging_mixin.py:188} INFO - [2024-01-30T21:55:38.282+0000] {dagbag.py:538} INFO - Filling up the DagBag from /home/airflow/.local/lib/python3.8/site-packages/airflow/example_dags/example_xcom.py
[2024-01-30T21:55:38.294+0000] {processor.py:840} INFO - DAG(s) 'example_xcom' retrieved from /home/airflow/.local/lib/python3.8/site-packages/airflow/example_dags/example_xcom.py
[2024-01-30T21:55:38.332+0000] {logging_mixin.py:188} INFO - [2024-01-30T21:55:38.332+0000] {dag.py:3036} INFO - Sync 1 DAGs
[2024-01-30T21:55:38.372+0000] {logging_mixin.py:188} INFO - [2024-01-30T21:55:38.371+0000] {dag.py:3823} INFO - Setting next_dagrun for example_xcom to 2021-01-01 00:00:00+00:00, run_after=2021-01-01 00:00:00+00:00
[2024-01-30T21:55:38.414+0000] {processor.py:183} INFO - Processing /home/airflow/.local/lib/python3.8/site-packages/airflow/example_dags/example_xcom.py took 0.138 seconds
[2024-01-30T21:56:08.496+0000] {processor.py:161} INFO - Started process (PID=365) to work on /home/airflow/.local/lib/python3.8/site-packages/airflow/example_dags/example_xcom.py
[2024-01-30T21:56:08.498+0000] {processor.py:830} INFO - Processing file /home/airflow/.local/lib/python3.8/site-packages/airflow/example_dags/example_xcom.py for tasks to queue
[2024-01-30T21:56:08.500+0000] {logging_mixin.py:188} INFO - [2024-01-30T21:56:08.500+0000] {dagbag.py:538} INFO - Filling up the DagBag from /home/airflow/.local/lib/python3.8/site-packages/airflow/example_dags/example_xcom.py
[2024-01-30T21:56:08.510+0000] {processor.py:840} INFO - DAG(s) 'example_xcom' retrieved from /home/airflow/.local/lib/python3.8/site-packages/airflow/example_dags/example_xcom.py
[2024-01-30T21:56:08.536+0000] {logging_mixin.py:188} INFO - [2024-01-30T21:56:08.536+0000] {dag.py:3036} INFO - Sync 1 DAGs
[2024-01-30T21:56:08.561+0000] {logging_mixin.py:188} INFO - [2024-01-30T21:56:08.561+0000] {dag.py:3823} INFO - Setting next_dagrun for example_xcom to 2021-01-01 00:00:00+00:00, run_after=2021-01-01 00:00:00+00:00
[2024-01-30T21:56:08.590+0000] {processor.py:183} INFO - Processing /home/airflow/.local/lib/python3.8/site-packages/airflow/example_dags/example_xcom.py took 0.098 seconds
[2024-01-30T21:56:38.736+0000] {processor.py:161} INFO - Started process (PID=420) to work on /home/airflow/.local/lib/python3.8/site-packages/airflow/example_dags/example_xcom.py
[2024-01-30T21:56:38.738+0000] {processor.py:830} INFO - Processing file /home/airflow/.local/lib/python3.8/site-packages/airflow/example_dags/example_xcom.py for tasks to queue
[2024-01-30T21:56:38.741+0000] {logging_mixin.py:188} INFO - [2024-01-30T21:56:38.740+0000] {dagbag.py:538} INFO - Filling up the DagBag from /home/airflow/.local/lib/python3.8/site-packages/airflow/example_dags/example_xcom.py
[2024-01-30T21:56:38.752+0000] {processor.py:840} INFO - DAG(s) 'example_xcom' retrieved from /home/airflow/.local/lib/python3.8/site-packages/airflow/example_dags/example_xcom.py
[2024-01-30T21:56:38.790+0000] {logging_mixin.py:188} INFO - [2024-01-30T21:56:38.790+0000] {dag.py:3036} INFO - Sync 1 DAGs
[2024-01-30T21:56:38.826+0000] {logging_mixin.py:188} INFO - [2024-01-30T21:56:38.825+0000] {dag.py:3823} INFO - Setting next_dagrun for example_xcom to 2021-01-01 00:00:00+00:00, run_after=2021-01-01 00:00:00+00:00
[2024-01-30T21:56:38.859+0000] {processor.py:183} INFO - Processing /home/airflow/.local/lib/python3.8/site-packages/airflow/example_dags/example_xcom.py took 0.129 seconds
[2024-01-30T21:57:08.910+0000] {processor.py:161} INFO - Started process (PID=475) to work on /home/airflow/.local/lib/python3.8/site-packages/airflow/example_dags/example_xcom.py
[2024-01-30T21:57:08.911+0000] {processor.py:830} INFO - Processing file /home/airflow/.local/lib/python3.8/site-packages/airflow/example_dags/example_xcom.py for tasks to queue
[2024-01-30T21:57:08.914+0000] {logging_mixin.py:188} INFO - [2024-01-30T21:57:08.913+0000] {dagbag.py:538} INFO - Filling up the DagBag from /home/airflow/.local/lib/python3.8/site-packages/airflow/example_dags/example_xcom.py
[2024-01-30T21:57:08.921+0000] {processor.py:840} INFO - DAG(s) 'example_xcom' retrieved from /home/airflow/.local/lib/python3.8/site-packages/airflow/example_dags/example_xcom.py
[2024-01-30T21:57:08.942+0000] {logging_mixin.py:188} INFO - [2024-01-30T21:57:08.942+0000] {dag.py:3036} INFO - Sync 1 DAGs
[2024-01-30T21:57:08.967+0000] {logging_mixin.py:188} INFO - [2024-01-30T21:57:08.967+0000] {dag.py:3823} INFO - Setting next_dagrun for example_xcom to 2021-01-01 00:00:00+00:00, run_after=2021-01-01 00:00:00+00:00
[2024-01-30T21:57:08.991+0000] {processor.py:183} INFO - Processing /home/airflow/.local/lib/python3.8/site-packages/airflow/example_dags/example_xcom.py took 0.084 seconds
[2024-01-30T21:57:39.320+0000] {processor.py:161} INFO - Started process (PID=530) to work on /home/airflow/.local/lib/python3.8/site-packages/airflow/example_dags/example_xcom.py
[2024-01-30T21:57:39.321+0000] {processor.py:830} INFO - Processing file /home/airflow/.local/lib/python3.8/site-packages/airflow/example_dags/example_xcom.py for tasks to queue
[2024-01-30T21:57:39.324+0000] {logging_mixin.py:188} INFO - [2024-01-30T21:57:39.323+0000] {dagbag.py:538} INFO - Filling up the DagBag from /home/airflow/.local/lib/python3.8/site-packages/airflow/example_dags/example_xcom.py
[2024-01-30T21:57:39.333+0000] {processor.py:840} INFO - DAG(s) 'example_xcom' retrieved from /home/airflow/.local/lib/python3.8/site-packages/airflow/example_dags/example_xcom.py
[2024-01-30T21:57:39.397+0000] {logging_mixin.py:188} INFO - [2024-01-30T21:57:39.396+0000] {dag.py:3036} INFO - Sync 1 DAGs
[2024-01-30T21:57:39.421+0000] {logging_mixin.py:188} INFO - [2024-01-30T21:57:39.421+0000] {dag.py:3823} INFO - Setting next_dagrun for example_xcom to 2021-01-01 00:00:00+00:00, run_after=2021-01-01 00:00:00+00:00
[2024-01-30T21:57:39.448+0000] {processor.py:183} INFO - Processing /home/airflow/.local/lib/python3.8/site-packages/airflow/example_dags/example_xcom.py took 0.131 seconds
[2024-01-30T21:58:10.811+0000] {processor.py:161} INFO - Started process (PID=572) to work on /home/airflow/.local/lib/python3.8/site-packages/airflow/example_dags/example_xcom.py
[2024-01-30T21:58:10.814+0000] {processor.py:830} INFO - Processing file /home/airflow/.local/lib/python3.8/site-packages/airflow/example_dags/example_xcom.py for tasks to queue
[2024-01-30T21:58:10.815+0000] {logging_mixin.py:188} INFO - [2024-01-30T21:58:10.815+0000] {dagbag.py:538} INFO - Filling up the DagBag from /home/airflow/.local/lib/python3.8/site-packages/airflow/example_dags/example_xcom.py
[2024-01-30T21:58:10.829+0000] {processor.py:840} INFO - DAG(s) 'example_xcom' retrieved from /home/airflow/.local/lib/python3.8/site-packages/airflow/example_dags/example_xcom.py
[2024-01-30T21:58:10.867+0000] {logging_mixin.py:188} INFO - [2024-01-30T21:58:10.866+0000] {dag.py:3036} INFO - Sync 1 DAGs
[2024-01-30T21:58:10.912+0000] {logging_mixin.py:188} INFO - [2024-01-30T21:58:10.912+0000] {dag.py:3823} INFO - Setting next_dagrun for example_xcom to 2021-01-01 00:00:00+00:00, run_after=2021-01-01 00:00:00+00:00
[2024-01-30T21:58:10.958+0000] {processor.py:183} INFO - Processing /home/airflow/.local/lib/python3.8/site-packages/airflow/example_dags/example_xcom.py took 0.152 seconds
[2024-01-30T21:58:41.459+0000] {processor.py:161} INFO - Started process (PID=628) to work on /home/airflow/.local/lib/python3.8/site-packages/airflow/example_dags/example_xcom.py
[2024-01-30T21:58:41.460+0000] {processor.py:830} INFO - Processing file /home/airflow/.local/lib/python3.8/site-packages/airflow/example_dags/example_xcom.py for tasks to queue
[2024-01-30T21:58:41.461+0000] {logging_mixin.py:188} INFO - [2024-01-30T21:58:41.461+0000] {dagbag.py:538} INFO - Filling up the DagBag from /home/airflow/.local/lib/python3.8/site-packages/airflow/example_dags/example_xcom.py
[2024-01-30T21:58:41.471+0000] {processor.py:840} INFO - DAG(s) 'example_xcom' retrieved from /home/airflow/.local/lib/python3.8/site-packages/airflow/example_dags/example_xcom.py
[2024-01-30T21:58:41.497+0000] {logging_mixin.py:188} INFO - [2024-01-30T21:58:41.496+0000] {dag.py:3036} INFO - Sync 1 DAGs
[2024-01-30T21:58:41.526+0000] {logging_mixin.py:188} INFO - [2024-01-30T21:58:41.525+0000] {dag.py:3823} INFO - Setting next_dagrun for example_xcom to 2021-01-01 00:00:00+00:00, run_after=2021-01-01 00:00:00+00:00
[2024-01-30T21:58:41.558+0000] {processor.py:183} INFO - Processing /home/airflow/.local/lib/python3.8/site-packages/airflow/example_dags/example_xcom.py took 0.103 seconds
[2024-01-30T21:59:11.622+0000] {processor.py:161} INFO - Started process (PID=687) to work on /home/airflow/.local/lib/python3.8/site-packages/airflow/example_dags/example_xcom.py
[2024-01-30T21:59:11.623+0000] {processor.py:830} INFO - Processing file /home/airflow/.local/lib/python3.8/site-packages/airflow/example_dags/example_xcom.py for tasks to queue
[2024-01-30T21:59:11.624+0000] {logging_mixin.py:188} INFO - [2024-01-30T21:59:11.624+0000] {dagbag.py:538} INFO - Filling up the DagBag from /home/airflow/.local/lib/python3.8/site-packages/airflow/example_dags/example_xcom.py
[2024-01-30T21:59:11.630+0000] {processor.py:840} INFO - DAG(s) 'example_xcom' retrieved from /home/airflow/.local/lib/python3.8/site-packages/airflow/example_dags/example_xcom.py
[2024-01-30T21:59:11.652+0000] {logging_mixin.py:188} INFO - [2024-01-30T21:59:11.652+0000] {dag.py:3036} INFO - Sync 1 DAGs
[2024-01-30T21:59:11.674+0000] {logging_mixin.py:188} INFO - [2024-01-30T21:59:11.673+0000] {dag.py:3823} INFO - Setting next_dagrun for example_xcom to 2021-01-01 00:00:00+00:00, run_after=2021-01-01 00:00:00+00:00
[2024-01-30T21:59:11.700+0000] {processor.py:183} INFO - Processing /home/airflow/.local/lib/python3.8/site-packages/airflow/example_dags/example_xcom.py took 0.081 seconds
[2024-01-30T21:59:42.162+0000] {processor.py:161} INFO - Started process (PID=746) to work on /home/airflow/.local/lib/python3.8/site-packages/airflow/example_dags/example_xcom.py
[2024-01-30T21:59:42.164+0000] {processor.py:830} INFO - Processing file /home/airflow/.local/lib/python3.8/site-packages/airflow/example_dags/example_xcom.py for tasks to queue
[2024-01-30T21:59:42.166+0000] {logging_mixin.py:188} INFO - [2024-01-30T21:59:42.166+0000] {dagbag.py:538} INFO - Filling up the DagBag from /home/airflow/.local/lib/python3.8/site-packages/airflow/example_dags/example_xcom.py
[2024-01-30T21:59:42.174+0000] {processor.py:840} INFO - DAG(s) 'example_xcom' retrieved from /home/airflow/.local/lib/python3.8/site-packages/airflow/example_dags/example_xcom.py
[2024-01-30T21:59:42.202+0000] {logging_mixin.py:188} INFO - [2024-01-30T21:59:42.201+0000] {dag.py:3036} INFO - Sync 1 DAGs
[2024-01-30T21:59:42.227+0000] {logging_mixin.py:188} INFO - [2024-01-30T21:59:42.227+0000] {dag.py:3823} INFO - Setting next_dagrun for example_xcom to 2021-01-01 00:00:00+00:00, run_after=2021-01-01 00:00:00+00:00
[2024-01-30T21:59:42.259+0000] {processor.py:183} INFO - Processing /home/airflow/.local/lib/python3.8/site-packages/airflow/example_dags/example_xcom.py took 0.100 seconds
[2024-01-30T22:00:12.401+0000] {processor.py:161} INFO - Started process (PID=808) to work on /home/airflow/.local/lib/python3.8/site-packages/airflow/example_dags/example_xcom.py
[2024-01-30T22:00:12.403+0000] {processor.py:830} INFO - Processing file /home/airflow/.local/lib/python3.8/site-packages/airflow/example_dags/example_xcom.py for tasks to queue
[2024-01-30T22:00:12.404+0000] {logging_mixin.py:188} INFO - [2024-01-30T22:00:12.404+0000] {dagbag.py:538} INFO - Filling up the DagBag from /home/airflow/.local/lib/python3.8/site-packages/airflow/example_dags/example_xcom.py
[2024-01-30T22:00:12.416+0000] {processor.py:840} INFO - DAG(s) 'example_xcom' retrieved from /home/airflow/.local/lib/python3.8/site-packages/airflow/example_dags/example_xcom.py
[2024-01-30T22:00:12.449+0000] {logging_mixin.py:188} INFO - [2024-01-30T22:00:12.448+0000] {dag.py:3036} INFO - Sync 1 DAGs
[2024-01-30T22:00:12.478+0000] {logging_mixin.py:188} INFO - [2024-01-30T22:00:12.478+0000] {dag.py:3823} INFO - Setting next_dagrun for example_xcom to 2021-01-01 00:00:00+00:00, run_after=2021-01-01 00:00:00+00:00
[2024-01-30T22:00:12.512+0000] {processor.py:183} INFO - Processing /home/airflow/.local/lib/python3.8/site-packages/airflow/example_dags/example_xcom.py took 0.115 seconds
[2024-01-30T22:00:42.767+0000] {processor.py:161} INFO - Started process (PID=867) to work on /home/airflow/.local/lib/python3.8/site-packages/airflow/example_dags/example_xcom.py
[2024-01-30T22:00:42.768+0000] {processor.py:830} INFO - Processing file /home/airflow/.local/lib/python3.8/site-packages/airflow/example_dags/example_xcom.py for tasks to queue
[2024-01-30T22:00:42.769+0000] {logging_mixin.py:188} INFO - [2024-01-30T22:00:42.769+0000] {dagbag.py:538} INFO - Filling up the DagBag from /home/airflow/.local/lib/python3.8/site-packages/airflow/example_dags/example_xcom.py
[2024-01-30T22:00:42.777+0000] {processor.py:840} INFO - DAG(s) 'example_xcom' retrieved from /home/airflow/.local/lib/python3.8/site-packages/airflow/example_dags/example_xcom.py
[2024-01-30T22:00:42.800+0000] {logging_mixin.py:188} INFO - [2024-01-30T22:00:42.799+0000] {dag.py:3036} INFO - Sync 1 DAGs
[2024-01-30T22:00:42.822+0000] {logging_mixin.py:188} INFO - [2024-01-30T22:00:42.821+0000] {dag.py:3823} INFO - Setting next_dagrun for example_xcom to 2021-01-01 00:00:00+00:00, run_after=2021-01-01 00:00:00+00:00
[2024-01-30T22:00:42.849+0000] {processor.py:183} INFO - Processing /home/airflow/.local/lib/python3.8/site-packages/airflow/example_dags/example_xcom.py took 0.084 seconds
[2024-01-30T22:01:12.933+0000] {processor.py:161} INFO - Started process (PID=924) to work on /home/airflow/.local/lib/python3.8/site-packages/airflow/example_dags/example_xcom.py
[2024-01-30T22:01:12.934+0000] {processor.py:830} INFO - Processing file /home/airflow/.local/lib/python3.8/site-packages/airflow/example_dags/example_xcom.py for tasks to queue
[2024-01-30T22:01:12.935+0000] {logging_mixin.py:188} INFO - [2024-01-30T22:01:12.935+0000] {dagbag.py:538} INFO - Filling up the DagBag from /home/airflow/.local/lib/python3.8/site-packages/airflow/example_dags/example_xcom.py
[2024-01-30T22:01:12.944+0000] {processor.py:840} INFO - DAG(s) 'example_xcom' retrieved from /home/airflow/.local/lib/python3.8/site-packages/airflow/example_dags/example_xcom.py
[2024-01-30T22:01:12.969+0000] {logging_mixin.py:188} INFO - [2024-01-30T22:01:12.968+0000] {dag.py:3036} INFO - Sync 1 DAGs
[2024-01-30T22:01:12.993+0000] {logging_mixin.py:188} INFO - [2024-01-30T22:01:12.993+0000] {dag.py:3823} INFO - Setting next_dagrun for example_xcom to 2021-01-01 00:00:00+00:00, run_after=2021-01-01 00:00:00+00:00
[2024-01-30T22:01:13.019+0000] {processor.py:183} INFO - Processing /home/airflow/.local/lib/python3.8/site-packages/airflow/example_dags/example_xcom.py took 0.089 seconds
[2024-01-30T22:01:43.930+0000] {processor.py:161} INFO - Started process (PID=981) to work on /home/airflow/.local/lib/python3.8/site-packages/airflow/example_dags/example_xcom.py
[2024-01-30T22:01:43.932+0000] {processor.py:830} INFO - Processing file /home/airflow/.local/lib/python3.8/site-packages/airflow/example_dags/example_xcom.py for tasks to queue
[2024-01-30T22:01:43.933+0000] {logging_mixin.py:188} INFO - [2024-01-30T22:01:43.933+0000] {dagbag.py:538} INFO - Filling up the DagBag from /home/airflow/.local/lib/python3.8/site-packages/airflow/example_dags/example_xcom.py
[2024-01-30T22:01:43.944+0000] {processor.py:840} INFO - DAG(s) 'example_xcom' retrieved from /home/airflow/.local/lib/python3.8/site-packages/airflow/example_dags/example_xcom.py
[2024-01-30T22:01:43.980+0000] {logging_mixin.py:188} INFO - [2024-01-30T22:01:43.979+0000] {dag.py:3036} INFO - Sync 1 DAGs
[2024-01-30T22:01:44.009+0000] {logging_mixin.py:188} INFO - [2024-01-30T22:01:44.009+0000] {dag.py:3823} INFO - Setting next_dagrun for example_xcom to 2021-01-01 00:00:00+00:00, run_after=2021-01-01 00:00:00+00:00
[2024-01-30T22:01:44.046+0000] {processor.py:183} INFO - Processing /home/airflow/.local/lib/python3.8/site-packages/airflow/example_dags/example_xcom.py took 0.119 seconds
[2024-01-30T22:02:14.617+0000] {processor.py:161} INFO - Started process (PID=1038) to work on /home/airflow/.local/lib/python3.8/site-packages/airflow/example_dags/example_xcom.py
[2024-01-30T22:02:14.619+0000] {processor.py:830} INFO - Processing file /home/airflow/.local/lib/python3.8/site-packages/airflow/example_dags/example_xcom.py for tasks to queue
[2024-01-30T22:02:14.620+0000] {logging_mixin.py:188} INFO - [2024-01-30T22:02:14.620+0000] {dagbag.py:538} INFO - Filling up the DagBag from /home/airflow/.local/lib/python3.8/site-packages/airflow/example_dags/example_xcom.py
[2024-01-30T22:02:14.628+0000] {processor.py:840} INFO - DAG(s) 'example_xcom' retrieved from /home/airflow/.local/lib/python3.8/site-packages/airflow/example_dags/example_xcom.py
[2024-01-30T22:02:14.652+0000] {logging_mixin.py:188} INFO - [2024-01-30T22:02:14.651+0000] {dag.py:3036} INFO - Sync 1 DAGs
[2024-01-30T22:02:14.677+0000] {logging_mixin.py:188} INFO - [2024-01-30T22:02:14.677+0000] {dag.py:3823} INFO - Setting next_dagrun for example_xcom to 2021-01-01 00:00:00+00:00, run_after=2021-01-01 00:00:00+00:00
[2024-01-30T22:02:14.703+0000] {processor.py:183} INFO - Processing /home/airflow/.local/lib/python3.8/site-packages/airflow/example_dags/example_xcom.py took 0.088 seconds
[2024-01-30T22:02:49.267+0000] {processor.py:161} INFO - Started process (PID=1100) to work on /home/airflow/.local/lib/python3.8/site-packages/airflow/example_dags/example_xcom.py
[2024-01-30T22:02:49.269+0000] {processor.py:830} INFO - Processing file /home/airflow/.local/lib/python3.8/site-packages/airflow/example_dags/example_xcom.py for tasks to queue
[2024-01-30T22:02:49.270+0000] {logging_mixin.py:188} INFO - [2024-01-30T22:02:49.270+0000] {dagbag.py:538} INFO - Filling up the DagBag from /home/airflow/.local/lib/python3.8/site-packages/airflow/example_dags/example_xcom.py
[2024-01-30T22:02:49.278+0000] {processor.py:840} INFO - DAG(s) 'example_xcom' retrieved from /home/airflow/.local/lib/python3.8/site-packages/airflow/example_dags/example_xcom.py
[2024-01-30T22:02:49.306+0000] {logging_mixin.py:188} INFO - [2024-01-30T22:02:49.305+0000] {dag.py:3036} INFO - Sync 1 DAGs
[2024-01-30T22:02:49.335+0000] {logging_mixin.py:188} INFO - [2024-01-30T22:02:49.335+0000] {dag.py:3823} INFO - Setting next_dagrun for example_xcom to 2021-01-01 00:00:00+00:00, run_after=2021-01-01 00:00:00+00:00
[2024-01-30T22:02:49.368+0000] {processor.py:183} INFO - Processing /home/airflow/.local/lib/python3.8/site-packages/airflow/example_dags/example_xcom.py took 0.104 seconds
[2024-01-30T22:03:20.486+0000] {processor.py:161} INFO - Started process (PID=1157) to work on /home/airflow/.local/lib/python3.8/site-packages/airflow/example_dags/example_xcom.py
[2024-01-30T22:03:20.487+0000] {processor.py:830} INFO - Processing file /home/airflow/.local/lib/python3.8/site-packages/airflow/example_dags/example_xcom.py for tasks to queue
[2024-01-30T22:03:20.496+0000] {logging_mixin.py:188} INFO - [2024-01-30T22:03:20.495+0000] {dagbag.py:538} INFO - Filling up the DagBag from /home/airflow/.local/lib/python3.8/site-packages/airflow/example_dags/example_xcom.py
[2024-01-30T22:03:20.518+0000] {processor.py:840} INFO - DAG(s) 'example_xcom' retrieved from /home/airflow/.local/lib/python3.8/site-packages/airflow/example_dags/example_xcom.py
[2024-01-30T22:03:20.563+0000] {logging_mixin.py:188} INFO - [2024-01-30T22:03:20.563+0000] {dag.py:3036} INFO - Sync 1 DAGs
[2024-01-30T22:03:20.601+0000] {logging_mixin.py:188} INFO - [2024-01-30T22:03:20.600+0000] {dag.py:3823} INFO - Setting next_dagrun for example_xcom to 2021-01-01 00:00:00+00:00, run_after=2021-01-01 00:00:00+00:00
[2024-01-30T22:03:20.638+0000] {processor.py:183} INFO - Processing /home/airflow/.local/lib/python3.8/site-packages/airflow/example_dags/example_xcom.py took 0.156 seconds
[2024-01-30T22:03:51.526+0000] {processor.py:161} INFO - Started process (PID=1219) to work on /home/airflow/.local/lib/python3.8/site-packages/airflow/example_dags/example_xcom.py
[2024-01-30T22:03:51.527+0000] {processor.py:830} INFO - Processing file /home/airflow/.local/lib/python3.8/site-packages/airflow/example_dags/example_xcom.py for tasks to queue
[2024-01-30T22:03:51.529+0000] {logging_mixin.py:188} INFO - [2024-01-30T22:03:51.528+0000] {dagbag.py:538} INFO - Filling up the DagBag from /home/airflow/.local/lib/python3.8/site-packages/airflow/example_dags/example_xcom.py
[2024-01-30T22:03:51.535+0000] {processor.py:840} INFO - DAG(s) 'example_xcom' retrieved from /home/airflow/.local/lib/python3.8/site-packages/airflow/example_dags/example_xcom.py
[2024-01-30T22:03:51.559+0000] {logging_mixin.py:188} INFO - [2024-01-30T22:03:51.559+0000] {dag.py:3036} INFO - Sync 1 DAGs
[2024-01-30T22:03:51.584+0000] {logging_mixin.py:188} INFO - [2024-01-30T22:03:51.583+0000] {dag.py:3823} INFO - Setting next_dagrun for example_xcom to 2021-01-01 00:00:00+00:00, run_after=2021-01-01 00:00:00+00:00
[2024-01-30T22:03:51.636+0000] {processor.py:183} INFO - Processing /home/airflow/.local/lib/python3.8/site-packages/airflow/example_dags/example_xcom.py took 0.113 seconds
[2024-01-30T22:04:21.808+0000] {processor.py:161} INFO - Started process (PID=1276) to work on /home/airflow/.local/lib/python3.8/site-packages/airflow/example_dags/example_xcom.py
[2024-01-30T22:04:21.809+0000] {processor.py:830} INFO - Processing file /home/airflow/.local/lib/python3.8/site-packages/airflow/example_dags/example_xcom.py for tasks to queue
[2024-01-30T22:04:21.810+0000] {logging_mixin.py:188} INFO - [2024-01-30T22:04:21.810+0000] {dagbag.py:538} INFO - Filling up the DagBag from /home/airflow/.local/lib/python3.8/site-packages/airflow/example_dags/example_xcom.py
[2024-01-30T22:04:21.817+0000] {processor.py:840} INFO - DAG(s) 'example_xcom' retrieved from /home/airflow/.local/lib/python3.8/site-packages/airflow/example_dags/example_xcom.py
[2024-01-30T22:04:21.844+0000] {logging_mixin.py:188} INFO - [2024-01-30T22:04:21.844+0000] {dag.py:3036} INFO - Sync 1 DAGs
[2024-01-30T22:04:21.872+0000] {logging_mixin.py:188} INFO - [2024-01-30T22:04:21.871+0000] {dag.py:3823} INFO - Setting next_dagrun for example_xcom to 2021-01-01 00:00:00+00:00, run_after=2021-01-01 00:00:00+00:00
[2024-01-30T22:04:21.903+0000] {processor.py:183} INFO - Processing /home/airflow/.local/lib/python3.8/site-packages/airflow/example_dags/example_xcom.py took 0.098 seconds
[2024-01-30T22:04:52.068+0000] {processor.py:161} INFO - Started process (PID=1333) to work on /home/airflow/.local/lib/python3.8/site-packages/airflow/example_dags/example_xcom.py
[2024-01-30T22:04:52.070+0000] {processor.py:830} INFO - Processing file /home/airflow/.local/lib/python3.8/site-packages/airflow/example_dags/example_xcom.py for tasks to queue
[2024-01-30T22:04:52.071+0000] {logging_mixin.py:188} INFO - [2024-01-30T22:04:52.071+0000] {dagbag.py:538} INFO - Filling up the DagBag from /home/airflow/.local/lib/python3.8/site-packages/airflow/example_dags/example_xcom.py
[2024-01-30T22:04:52.079+0000] {processor.py:840} INFO - DAG(s) 'example_xcom' retrieved from /home/airflow/.local/lib/python3.8/site-packages/airflow/example_dags/example_xcom.py
[2024-01-30T22:04:52.101+0000] {logging_mixin.py:188} INFO - [2024-01-30T22:04:52.101+0000] {dag.py:3036} INFO - Sync 1 DAGs
[2024-01-30T22:04:52.125+0000] {logging_mixin.py:188} INFO - [2024-01-30T22:04:52.124+0000] {dag.py:3823} INFO - Setting next_dagrun for example_xcom to 2021-01-01 00:00:00+00:00, run_after=2021-01-01 00:00:00+00:00
[2024-01-30T22:04:52.150+0000] {processor.py:183} INFO - Processing /home/airflow/.local/lib/python3.8/site-packages/airflow/example_dags/example_xcom.py took 0.084 seconds
[2024-01-30T22:05:22.652+0000] {processor.py:161} INFO - Started process (PID=1390) to work on /home/airflow/.local/lib/python3.8/site-packages/airflow/example_dags/example_xcom.py
[2024-01-30T22:05:22.654+0000] {processor.py:830} INFO - Processing file /home/airflow/.local/lib/python3.8/site-packages/airflow/example_dags/example_xcom.py for tasks to queue
[2024-01-30T22:05:22.655+0000] {logging_mixin.py:188} INFO - [2024-01-30T22:05:22.655+0000] {dagbag.py:538} INFO - Filling up the DagBag from /home/airflow/.local/lib/python3.8/site-packages/airflow/example_dags/example_xcom.py
[2024-01-30T22:05:22.662+0000] {processor.py:840} INFO - DAG(s) 'example_xcom' retrieved from /home/airflow/.local/lib/python3.8/site-packages/airflow/example_dags/example_xcom.py
[2024-01-30T22:05:22.683+0000] {logging_mixin.py:188} INFO - [2024-01-30T22:05:22.683+0000] {dag.py:3036} INFO - Sync 1 DAGs
[2024-01-30T22:05:22.706+0000] {logging_mixin.py:188} INFO - [2024-01-30T22:05:22.705+0000] {dag.py:3823} INFO - Setting next_dagrun for example_xcom to 2021-01-01 00:00:00+00:00, run_after=2021-01-01 00:00:00+00:00
[2024-01-30T22:05:22.789+0000] {processor.py:183} INFO - Processing /home/airflow/.local/lib/python3.8/site-packages/airflow/example_dags/example_xcom.py took 0.139 seconds
[2024-01-30T22:05:53.517+0000] {processor.py:161} INFO - Started process (PID=1447) to work on /home/airflow/.local/lib/python3.8/site-packages/airflow/example_dags/example_xcom.py
[2024-01-30T22:05:53.527+0000] {processor.py:830} INFO - Processing file /home/airflow/.local/lib/python3.8/site-packages/airflow/example_dags/example_xcom.py for tasks to queue
[2024-01-30T22:05:53.536+0000] {logging_mixin.py:188} INFO - [2024-01-30T22:05:53.533+0000] {dagbag.py:538} INFO - Filling up the DagBag from /home/airflow/.local/lib/python3.8/site-packages/airflow/example_dags/example_xcom.py
[2024-01-30T22:05:53.621+0000] {processor.py:840} INFO - DAG(s) 'example_xcom' retrieved from /home/airflow/.local/lib/python3.8/site-packages/airflow/example_dags/example_xcom.py
[2024-01-30T22:05:53.858+0000] {logging_mixin.py:188} INFO - [2024-01-30T22:05:53.857+0000] {dag.py:3036} INFO - Sync 1 DAGs
[2024-01-30T22:05:54.129+0000] {logging_mixin.py:188} INFO - [2024-01-30T22:05:54.124+0000] {dag.py:3823} INFO - Setting next_dagrun for example_xcom to 2021-01-01 00:00:00+00:00, run_after=2021-01-01 00:00:00+00:00
[2024-01-30T22:05:54.413+0000] {processor.py:183} INFO - Processing /home/airflow/.local/lib/python3.8/site-packages/airflow/example_dags/example_xcom.py took 0.925 seconds
[2024-01-30T22:06:24.649+0000] {processor.py:161} INFO - Started process (PID=1504) to work on /home/airflow/.local/lib/python3.8/site-packages/airflow/example_dags/example_xcom.py
[2024-01-30T22:06:24.650+0000] {processor.py:830} INFO - Processing file /home/airflow/.local/lib/python3.8/site-packages/airflow/example_dags/example_xcom.py for tasks to queue
[2024-01-30T22:06:24.652+0000] {logging_mixin.py:188} INFO - [2024-01-30T22:06:24.651+0000] {dagbag.py:538} INFO - Filling up the DagBag from /home/airflow/.local/lib/python3.8/site-packages/airflow/example_dags/example_xcom.py
[2024-01-30T22:06:24.659+0000] {processor.py:840} INFO - DAG(s) 'example_xcom' retrieved from /home/airflow/.local/lib/python3.8/site-packages/airflow/example_dags/example_xcom.py
[2024-01-30T22:06:24.682+0000] {logging_mixin.py:188} INFO - [2024-01-30T22:06:24.682+0000] {dag.py:3036} INFO - Sync 1 DAGs
[2024-01-30T22:06:24.707+0000] {logging_mixin.py:188} INFO - [2024-01-30T22:06:24.707+0000] {dag.py:3823} INFO - Setting next_dagrun for example_xcom to 2021-01-01 00:00:00+00:00, run_after=2021-01-01 00:00:00+00:00
[2024-01-30T22:06:24.767+0000] {processor.py:183} INFO - Processing /home/airflow/.local/lib/python3.8/site-packages/airflow/example_dags/example_xcom.py took 0.121 seconds
[2024-01-30T22:06:54.903+0000] {processor.py:161} INFO - Started process (PID=1561) to work on /home/airflow/.local/lib/python3.8/site-packages/airflow/example_dags/example_xcom.py
[2024-01-30T22:06:54.904+0000] {processor.py:830} INFO - Processing file /home/airflow/.local/lib/python3.8/site-packages/airflow/example_dags/example_xcom.py for tasks to queue
[2024-01-30T22:06:54.906+0000] {logging_mixin.py:188} INFO - [2024-01-30T22:06:54.906+0000] {dagbag.py:538} INFO - Filling up the DagBag from /home/airflow/.local/lib/python3.8/site-packages/airflow/example_dags/example_xcom.py
[2024-01-30T22:06:54.915+0000] {processor.py:840} INFO - DAG(s) 'example_xcom' retrieved from /home/airflow/.local/lib/python3.8/site-packages/airflow/example_dags/example_xcom.py
[2024-01-30T22:06:54.940+0000] {logging_mixin.py:188} INFO - [2024-01-30T22:06:54.940+0000] {dag.py:3036} INFO - Sync 1 DAGs
[2024-01-30T22:06:54.964+0000] {logging_mixin.py:188} INFO - [2024-01-30T22:06:54.964+0000] {dag.py:3823} INFO - Setting next_dagrun for example_xcom to 2021-01-01 00:00:00+00:00, run_after=2021-01-01 00:00:00+00:00
[2024-01-30T22:06:54.992+0000] {processor.py:183} INFO - Processing /home/airflow/.local/lib/python3.8/site-packages/airflow/example_dags/example_xcom.py took 0.093 seconds
[2024-01-30T22:07:25.244+0000] {processor.py:161} INFO - Started process (PID=1618) to work on /home/airflow/.local/lib/python3.8/site-packages/airflow/example_dags/example_xcom.py
[2024-01-30T22:07:25.245+0000] {processor.py:830} INFO - Processing file /home/airflow/.local/lib/python3.8/site-packages/airflow/example_dags/example_xcom.py for tasks to queue
[2024-01-30T22:07:25.246+0000] {logging_mixin.py:188} INFO - [2024-01-30T22:07:25.246+0000] {dagbag.py:538} INFO - Filling up the DagBag from /home/airflow/.local/lib/python3.8/site-packages/airflow/example_dags/example_xcom.py
[2024-01-30T22:07:25.254+0000] {processor.py:840} INFO - DAG(s) 'example_xcom' retrieved from /home/airflow/.local/lib/python3.8/site-packages/airflow/example_dags/example_xcom.py
[2024-01-30T22:07:25.276+0000] {logging_mixin.py:188} INFO - [2024-01-30T22:07:25.276+0000] {dag.py:3036} INFO - Sync 1 DAGs
[2024-01-30T22:07:25.300+0000] {logging_mixin.py:188} INFO - [2024-01-30T22:07:25.300+0000] {dag.py:3823} INFO - Setting next_dagrun for example_xcom to 2021-01-01 00:00:00+00:00, run_after=2021-01-01 00:00:00+00:00
[2024-01-30T22:07:25.327+0000] {processor.py:183} INFO - Processing /home/airflow/.local/lib/python3.8/site-packages/airflow/example_dags/example_xcom.py took 0.086 seconds
[2024-01-30T22:07:55.833+0000] {processor.py:161} INFO - Started process (PID=1675) to work on /home/airflow/.local/lib/python3.8/site-packages/airflow/example_dags/example_xcom.py
[2024-01-30T22:07:55.834+0000] {processor.py:830} INFO - Processing file /home/airflow/.local/lib/python3.8/site-packages/airflow/example_dags/example_xcom.py for tasks to queue
[2024-01-30T22:07:55.836+0000] {logging_mixin.py:188} INFO - [2024-01-30T22:07:55.835+0000] {dagbag.py:538} INFO - Filling up the DagBag from /home/airflow/.local/lib/python3.8/site-packages/airflow/example_dags/example_xcom.py
[2024-01-30T22:07:55.844+0000] {processor.py:840} INFO - DAG(s) 'example_xcom' retrieved from /home/airflow/.local/lib/python3.8/site-packages/airflow/example_dags/example_xcom.py
[2024-01-30T22:07:55.876+0000] {logging_mixin.py:188} INFO - [2024-01-30T22:07:55.876+0000] {dag.py:3036} INFO - Sync 1 DAGs
[2024-01-30T22:07:55.910+0000] {logging_mixin.py:188} INFO - [2024-01-30T22:07:55.909+0000] {dag.py:3823} INFO - Setting next_dagrun for example_xcom to 2021-01-01 00:00:00+00:00, run_after=2021-01-01 00:00:00+00:00
[2024-01-30T22:07:55.945+0000] {processor.py:183} INFO - Processing /home/airflow/.local/lib/python3.8/site-packages/airflow/example_dags/example_xcom.py took 0.116 seconds
[2024-01-30T22:08:26.095+0000] {processor.py:161} INFO - Started process (PID=1732) to work on /home/airflow/.local/lib/python3.8/site-packages/airflow/example_dags/example_xcom.py
[2024-01-30T22:08:26.097+0000] {processor.py:830} INFO - Processing file /home/airflow/.local/lib/python3.8/site-packages/airflow/example_dags/example_xcom.py for tasks to queue
[2024-01-30T22:08:26.099+0000] {logging_mixin.py:188} INFO - [2024-01-30T22:08:26.098+0000] {dagbag.py:538} INFO - Filling up the DagBag from /home/airflow/.local/lib/python3.8/site-packages/airflow/example_dags/example_xcom.py
[2024-01-30T22:08:26.107+0000] {processor.py:840} INFO - DAG(s) 'example_xcom' retrieved from /home/airflow/.local/lib/python3.8/site-packages/airflow/example_dags/example_xcom.py
[2024-01-30T22:08:26.135+0000] {logging_mixin.py:188} INFO - [2024-01-30T22:08:26.135+0000] {dag.py:3036} INFO - Sync 1 DAGs
[2024-01-30T22:08:26.161+0000] {logging_mixin.py:188} INFO - [2024-01-30T22:08:26.160+0000] {dag.py:3823} INFO - Setting next_dagrun for example_xcom to 2021-01-01 00:00:00+00:00, run_after=2021-01-01 00:00:00+00:00
[2024-01-30T22:08:26.220+0000] {processor.py:183} INFO - Processing /home/airflow/.local/lib/python3.8/site-packages/airflow/example_dags/example_xcom.py took 0.129 seconds
[2024-01-30T22:08:56.542+0000] {processor.py:161} INFO - Started process (PID=1788) to work on /home/airflow/.local/lib/python3.8/site-packages/airflow/example_dags/example_xcom.py
[2024-01-30T22:08:56.543+0000] {processor.py:830} INFO - Processing file /home/airflow/.local/lib/python3.8/site-packages/airflow/example_dags/example_xcom.py for tasks to queue
[2024-01-30T22:08:56.545+0000] {logging_mixin.py:188} INFO - [2024-01-30T22:08:56.544+0000] {dagbag.py:538} INFO - Filling up the DagBag from /home/airflow/.local/lib/python3.8/site-packages/airflow/example_dags/example_xcom.py
[2024-01-30T22:08:56.553+0000] {processor.py:840} INFO - DAG(s) 'example_xcom' retrieved from /home/airflow/.local/lib/python3.8/site-packages/airflow/example_dags/example_xcom.py
[2024-01-30T22:08:56.577+0000] {logging_mixin.py:188} INFO - [2024-01-30T22:08:56.577+0000] {dag.py:3036} INFO - Sync 1 DAGs
[2024-01-30T22:08:56.604+0000] {logging_mixin.py:188} INFO - [2024-01-30T22:08:56.603+0000] {dag.py:3823} INFO - Setting next_dagrun for example_xcom to 2021-01-01 00:00:00+00:00, run_after=2021-01-01 00:00:00+00:00
[2024-01-30T22:08:56.634+0000] {processor.py:183} INFO - Processing /home/airflow/.local/lib/python3.8/site-packages/airflow/example_dags/example_xcom.py took 0.096 seconds
[2024-01-30T22:09:26.900+0000] {processor.py:161} INFO - Started process (PID=1844) to work on /home/airflow/.local/lib/python3.8/site-packages/airflow/example_dags/example_xcom.py
[2024-01-30T22:09:26.901+0000] {processor.py:830} INFO - Processing file /home/airflow/.local/lib/python3.8/site-packages/airflow/example_dags/example_xcom.py for tasks to queue
[2024-01-30T22:09:26.902+0000] {logging_mixin.py:188} INFO - [2024-01-30T22:09:26.902+0000] {dagbag.py:538} INFO - Filling up the DagBag from /home/airflow/.local/lib/python3.8/site-packages/airflow/example_dags/example_xcom.py
[2024-01-30T22:09:26.909+0000] {processor.py:840} INFO - DAG(s) 'example_xcom' retrieved from /home/airflow/.local/lib/python3.8/site-packages/airflow/example_dags/example_xcom.py
[2024-01-30T22:09:26.921+0000] {logging_mixin.py:188} INFO - [2024-01-30T22:09:26.921+0000] {dag.py:3036} INFO - Sync 1 DAGs
[2024-01-30T22:09:26.944+0000] {logging_mixin.py:188} INFO - [2024-01-30T22:09:26.943+0000] {dag.py:3823} INFO - Setting next_dagrun for example_xcom to 2021-01-01 00:00:00+00:00, run_after=2021-01-01 00:00:00+00:00
[2024-01-30T22:09:26.988+0000] {processor.py:183} INFO - Processing /home/airflow/.local/lib/python3.8/site-packages/airflow/example_dags/example_xcom.py took 0.091 seconds
[2024-01-30T22:09:57.546+0000] {processor.py:161} INFO - Started process (PID=1901) to work on /home/airflow/.local/lib/python3.8/site-packages/airflow/example_dags/example_xcom.py
[2024-01-30T22:09:57.547+0000] {processor.py:830} INFO - Processing file /home/airflow/.local/lib/python3.8/site-packages/airflow/example_dags/example_xcom.py for tasks to queue
[2024-01-30T22:09:57.549+0000] {logging_mixin.py:188} INFO - [2024-01-30T22:09:57.548+0000] {dagbag.py:538} INFO - Filling up the DagBag from /home/airflow/.local/lib/python3.8/site-packages/airflow/example_dags/example_xcom.py
[2024-01-30T22:09:57.558+0000] {processor.py:840} INFO - DAG(s) 'example_xcom' retrieved from /home/airflow/.local/lib/python3.8/site-packages/airflow/example_dags/example_xcom.py
[2024-01-30T22:09:57.682+0000] {logging_mixin.py:188} INFO - [2024-01-30T22:09:57.682+0000] {dag.py:3036} INFO - Sync 1 DAGs
[2024-01-30T22:09:57.710+0000] {logging_mixin.py:188} INFO - [2024-01-30T22:09:57.709+0000] {dag.py:3823} INFO - Setting next_dagrun for example_xcom to 2021-01-01 00:00:00+00:00, run_after=2021-01-01 00:00:00+00:00
[2024-01-30T22:09:57.743+0000] {processor.py:183} INFO - Processing /home/airflow/.local/lib/python3.8/site-packages/airflow/example_dags/example_xcom.py took 0.199 seconds
[2024-01-30T22:10:35.073+0000] {processor.py:161} INFO - Started process (PID=1959) to work on /home/airflow/.local/lib/python3.8/site-packages/airflow/example_dags/example_xcom.py
[2024-01-30T22:10:35.074+0000] {processor.py:830} INFO - Processing file /home/airflow/.local/lib/python3.8/site-packages/airflow/example_dags/example_xcom.py for tasks to queue
[2024-01-30T22:10:35.076+0000] {logging_mixin.py:188} INFO - [2024-01-30T22:10:35.075+0000] {dagbag.py:538} INFO - Filling up the DagBag from /home/airflow/.local/lib/python3.8/site-packages/airflow/example_dags/example_xcom.py
[2024-01-30T22:10:35.086+0000] {processor.py:840} INFO - DAG(s) 'example_xcom' retrieved from /home/airflow/.local/lib/python3.8/site-packages/airflow/example_dags/example_xcom.py
[2024-01-30T22:10:35.121+0000] {logging_mixin.py:188} INFO - [2024-01-30T22:10:35.120+0000] {dag.py:3036} INFO - Sync 1 DAGs
[2024-01-30T22:10:35.155+0000] {logging_mixin.py:188} INFO - [2024-01-30T22:10:35.154+0000] {dag.py:3823} INFO - Setting next_dagrun for example_xcom to 2021-01-01 00:00:00+00:00, run_after=2021-01-01 00:00:00+00:00
[2024-01-30T22:10:35.190+0000] {processor.py:183} INFO - Processing /home/airflow/.local/lib/python3.8/site-packages/airflow/example_dags/example_xcom.py took 0.120 seconds
[2024-01-30T22:11:05.482+0000] {processor.py:161} INFO - Started process (PID=2010) to work on /home/airflow/.local/lib/python3.8/site-packages/airflow/example_dags/example_xcom.py
[2024-01-30T22:11:05.483+0000] {processor.py:830} INFO - Processing file /home/airflow/.local/lib/python3.8/site-packages/airflow/example_dags/example_xcom.py for tasks to queue
[2024-01-30T22:11:05.485+0000] {logging_mixin.py:188} INFO - [2024-01-30T22:11:05.484+0000] {dagbag.py:538} INFO - Filling up the DagBag from /home/airflow/.local/lib/python3.8/site-packages/airflow/example_dags/example_xcom.py
[2024-01-30T22:11:05.494+0000] {processor.py:840} INFO - DAG(s) 'example_xcom' retrieved from /home/airflow/.local/lib/python3.8/site-packages/airflow/example_dags/example_xcom.py
[2024-01-30T22:11:05.529+0000] {logging_mixin.py:188} INFO - [2024-01-30T22:11:05.528+0000] {dag.py:3036} INFO - Sync 1 DAGs
[2024-01-30T22:11:05.560+0000] {logging_mixin.py:188} INFO - [2024-01-30T22:11:05.560+0000] {dag.py:3823} INFO - Setting next_dagrun for example_xcom to 2021-01-01 00:00:00+00:00, run_after=2021-01-01 00:00:00+00:00
[2024-01-30T22:11:05.594+0000] {processor.py:183} INFO - Processing /home/airflow/.local/lib/python3.8/site-packages/airflow/example_dags/example_xcom.py took 0.115 seconds
[2024-01-30T22:11:36.358+0000] {processor.py:161} INFO - Started process (PID=2067) to work on /home/airflow/.local/lib/python3.8/site-packages/airflow/example_dags/example_xcom.py
[2024-01-30T22:11:36.359+0000] {processor.py:830} INFO - Processing file /home/airflow/.local/lib/python3.8/site-packages/airflow/example_dags/example_xcom.py for tasks to queue
[2024-01-30T22:11:36.361+0000] {logging_mixin.py:188} INFO - [2024-01-30T22:11:36.360+0000] {dagbag.py:538} INFO - Filling up the DagBag from /home/airflow/.local/lib/python3.8/site-packages/airflow/example_dags/example_xcom.py
[2024-01-30T22:11:36.368+0000] {processor.py:840} INFO - DAG(s) 'example_xcom' retrieved from /home/airflow/.local/lib/python3.8/site-packages/airflow/example_dags/example_xcom.py
[2024-01-30T22:11:36.391+0000] {logging_mixin.py:188} INFO - [2024-01-30T22:11:36.391+0000] {dag.py:3036} INFO - Sync 1 DAGs
[2024-01-30T22:11:36.415+0000] {logging_mixin.py:188} INFO - [2024-01-30T22:11:36.415+0000] {dag.py:3823} INFO - Setting next_dagrun for example_xcom to 2021-01-01 00:00:00+00:00, run_after=2021-01-01 00:00:00+00:00
[2024-01-30T22:11:36.448+0000] {processor.py:183} INFO - Processing /home/airflow/.local/lib/python3.8/site-packages/airflow/example_dags/example_xcom.py took 0.094 seconds
[2024-01-30T22:12:06.900+0000] {processor.py:161} INFO - Started process (PID=2124) to work on /home/airflow/.local/lib/python3.8/site-packages/airflow/example_dags/example_xcom.py
[2024-01-30T22:12:06.902+0000] {processor.py:830} INFO - Processing file /home/airflow/.local/lib/python3.8/site-packages/airflow/example_dags/example_xcom.py for tasks to queue
[2024-01-30T22:12:06.904+0000] {logging_mixin.py:188} INFO - [2024-01-30T22:12:06.903+0000] {dagbag.py:538} INFO - Filling up the DagBag from /home/airflow/.local/lib/python3.8/site-packages/airflow/example_dags/example_xcom.py
[2024-01-30T22:12:06.910+0000] {processor.py:840} INFO - DAG(s) 'example_xcom' retrieved from /home/airflow/.local/lib/python3.8/site-packages/airflow/example_dags/example_xcom.py
[2024-01-30T22:12:06.937+0000] {logging_mixin.py:188} INFO - [2024-01-30T22:12:06.937+0000] {dag.py:3036} INFO - Sync 1 DAGs
[2024-01-30T22:12:06.965+0000] {logging_mixin.py:188} INFO - [2024-01-30T22:12:06.964+0000] {dag.py:3823} INFO - Setting next_dagrun for example_xcom to 2021-01-01 00:00:00+00:00, run_after=2021-01-01 00:00:00+00:00
[2024-01-30T22:12:06.994+0000] {processor.py:183} INFO - Processing /home/airflow/.local/lib/python3.8/site-packages/airflow/example_dags/example_xcom.py took 0.096 seconds
[2024-01-30T22:12:37.708+0000] {processor.py:161} INFO - Started process (PID=2181) to work on /home/airflow/.local/lib/python3.8/site-packages/airflow/example_dags/example_xcom.py
[2024-01-30T22:12:37.709+0000] {processor.py:830} INFO - Processing file /home/airflow/.local/lib/python3.8/site-packages/airflow/example_dags/example_xcom.py for tasks to queue
[2024-01-30T22:12:37.710+0000] {logging_mixin.py:188} INFO - [2024-01-30T22:12:37.710+0000] {dagbag.py:538} INFO - Filling up the DagBag from /home/airflow/.local/lib/python3.8/site-packages/airflow/example_dags/example_xcom.py
[2024-01-30T22:12:37.718+0000] {processor.py:840} INFO - DAG(s) 'example_xcom' retrieved from /home/airflow/.local/lib/python3.8/site-packages/airflow/example_dags/example_xcom.py
[2024-01-30T22:12:37.740+0000] {logging_mixin.py:188} INFO - [2024-01-30T22:12:37.740+0000] {dag.py:3036} INFO - Sync 1 DAGs
[2024-01-30T22:12:37.764+0000] {logging_mixin.py:188} INFO - [2024-01-30T22:12:37.764+0000] {dag.py:3823} INFO - Setting next_dagrun for example_xcom to 2021-01-01 00:00:00+00:00, run_after=2021-01-01 00:00:00+00:00
[2024-01-30T22:12:37.845+0000] {processor.py:183} INFO - Processing /home/airflow/.local/lib/python3.8/site-packages/airflow/example_dags/example_xcom.py took 0.140 seconds
[2024-01-30T22:13:07.996+0000] {processor.py:161} INFO - Started process (PID=2238) to work on /home/airflow/.local/lib/python3.8/site-packages/airflow/example_dags/example_xcom.py
[2024-01-30T22:13:07.998+0000] {processor.py:830} INFO - Processing file /home/airflow/.local/lib/python3.8/site-packages/airflow/example_dags/example_xcom.py for tasks to queue
[2024-01-30T22:13:08.000+0000] {logging_mixin.py:188} INFO - [2024-01-30T22:13:07.999+0000] {dagbag.py:538} INFO - Filling up the DagBag from /home/airflow/.local/lib/python3.8/site-packages/airflow/example_dags/example_xcom.py
[2024-01-30T22:13:08.010+0000] {processor.py:840} INFO - DAG(s) 'example_xcom' retrieved from /home/airflow/.local/lib/python3.8/site-packages/airflow/example_dags/example_xcom.py
[2024-01-30T22:13:08.044+0000] {logging_mixin.py:188} INFO - [2024-01-30T22:13:08.043+0000] {dag.py:3036} INFO - Sync 1 DAGs
[2024-01-30T22:13:08.075+0000] {logging_mixin.py:188} INFO - [2024-01-30T22:13:08.075+0000] {dag.py:3823} INFO - Setting next_dagrun for example_xcom to 2021-01-01 00:00:00+00:00, run_after=2021-01-01 00:00:00+00:00
[2024-01-30T22:13:08.130+0000] {processor.py:183} INFO - Processing /home/airflow/.local/lib/python3.8/site-packages/airflow/example_dags/example_xcom.py took 0.137 seconds
[2024-01-30T22:13:38.852+0000] {processor.py:161} INFO - Started process (PID=2295) to work on /home/airflow/.local/lib/python3.8/site-packages/airflow/example_dags/example_xcom.py
[2024-01-30T22:13:38.853+0000] {processor.py:830} INFO - Processing file /home/airflow/.local/lib/python3.8/site-packages/airflow/example_dags/example_xcom.py for tasks to queue
[2024-01-30T22:13:38.854+0000] {logging_mixin.py:188} INFO - [2024-01-30T22:13:38.854+0000] {dagbag.py:538} INFO - Filling up the DagBag from /home/airflow/.local/lib/python3.8/site-packages/airflow/example_dags/example_xcom.py
[2024-01-30T22:13:38.863+0000] {processor.py:840} INFO - DAG(s) 'example_xcom' retrieved from /home/airflow/.local/lib/python3.8/site-packages/airflow/example_dags/example_xcom.py
[2024-01-30T22:13:38.886+0000] {logging_mixin.py:188} INFO - [2024-01-30T22:13:38.885+0000] {dag.py:3036} INFO - Sync 1 DAGs
[2024-01-30T22:13:38.911+0000] {logging_mixin.py:188} INFO - [2024-01-30T22:13:38.910+0000] {dag.py:3823} INFO - Setting next_dagrun for example_xcom to 2021-01-01 00:00:00+00:00, run_after=2021-01-01 00:00:00+00:00
[2024-01-30T22:13:38.963+0000] {processor.py:183} INFO - Processing /home/airflow/.local/lib/python3.8/site-packages/airflow/example_dags/example_xcom.py took 0.114 seconds
[2024-01-30T22:14:10.055+0000] {processor.py:161} INFO - Started process (PID=2352) to work on /home/airflow/.local/lib/python3.8/site-packages/airflow/example_dags/example_xcom.py
[2024-01-30T22:14:10.065+0000] {processor.py:830} INFO - Processing file /home/airflow/.local/lib/python3.8/site-packages/airflow/example_dags/example_xcom.py for tasks to queue
[2024-01-30T22:14:10.073+0000] {logging_mixin.py:188} INFO - [2024-01-30T22:14:10.071+0000] {dagbag.py:538} INFO - Filling up the DagBag from /home/airflow/.local/lib/python3.8/site-packages/airflow/example_dags/example_xcom.py
[2024-01-30T22:14:10.155+0000] {processor.py:840} INFO - DAG(s) 'example_xcom' retrieved from /home/airflow/.local/lib/python3.8/site-packages/airflow/example_dags/example_xcom.py
[2024-01-30T22:14:10.400+0000] {logging_mixin.py:188} INFO - [2024-01-30T22:14:10.398+0000] {dag.py:3036} INFO - Sync 1 DAGs
[2024-01-30T22:14:10.636+0000] {logging_mixin.py:188} INFO - [2024-01-30T22:14:10.634+0000] {dag.py:3823} INFO - Setting next_dagrun for example_xcom to 2021-01-01 00:00:00+00:00, run_after=2021-01-01 00:00:00+00:00
[2024-01-30T22:14:10.938+0000] {processor.py:183} INFO - Processing /home/airflow/.local/lib/python3.8/site-packages/airflow/example_dags/example_xcom.py took 0.909 seconds
[2024-01-30T22:14:41.104+0000] {processor.py:161} INFO - Started process (PID=2410) to work on /home/airflow/.local/lib/python3.8/site-packages/airflow/example_dags/example_xcom.py
[2024-01-30T22:14:41.106+0000] {processor.py:830} INFO - Processing file /home/airflow/.local/lib/python3.8/site-packages/airflow/example_dags/example_xcom.py for tasks to queue
[2024-01-30T22:14:41.108+0000] {logging_mixin.py:188} INFO - [2024-01-30T22:14:41.108+0000] {dagbag.py:538} INFO - Filling up the DagBag from /home/airflow/.local/lib/python3.8/site-packages/airflow/example_dags/example_xcom.py
[2024-01-30T22:14:41.118+0000] {processor.py:840} INFO - DAG(s) 'example_xcom' retrieved from /home/airflow/.local/lib/python3.8/site-packages/airflow/example_dags/example_xcom.py
[2024-01-30T22:14:41.155+0000] {logging_mixin.py:188} INFO - [2024-01-30T22:14:41.155+0000] {dag.py:3036} INFO - Sync 1 DAGs
[2024-01-30T22:14:41.188+0000] {logging_mixin.py:188} INFO - [2024-01-30T22:14:41.188+0000] {dag.py:3823} INFO - Setting next_dagrun for example_xcom to 2021-01-01 00:00:00+00:00, run_after=2021-01-01 00:00:00+00:00
[2024-01-30T22:14:41.218+0000] {processor.py:183} INFO - Processing /home/airflow/.local/lib/python3.8/site-packages/airflow/example_dags/example_xcom.py took 0.118 seconds
[2024-01-30T22:15:12.210+0000] {processor.py:161} INFO - Started process (PID=2467) to work on /home/airflow/.local/lib/python3.8/site-packages/airflow/example_dags/example_xcom.py
[2024-01-30T22:15:12.240+0000] {processor.py:830} INFO - Processing file /home/airflow/.local/lib/python3.8/site-packages/airflow/example_dags/example_xcom.py for tasks to queue
[2024-01-30T22:15:12.291+0000] {logging_mixin.py:188} INFO - [2024-01-30T22:15:12.258+0000] {dagbag.py:538} INFO - Filling up the DagBag from /home/airflow/.local/lib/python3.8/site-packages/airflow/example_dags/example_xcom.py
[2024-01-30T22:15:12.493+0000] {processor.py:840} INFO - DAG(s) 'example_xcom' retrieved from /home/airflow/.local/lib/python3.8/site-packages/airflow/example_dags/example_xcom.py
[2024-01-30T22:15:12.999+0000] {logging_mixin.py:188} INFO - [2024-01-30T22:15:12.997+0000] {dag.py:3036} INFO - Sync 1 DAGs
[2024-01-30T22:15:13.479+0000] {logging_mixin.py:188} INFO - [2024-01-30T22:15:13.432+0000] {dag.py:3823} INFO - Setting next_dagrun for example_xcom to 2021-01-01 00:00:00+00:00, run_after=2021-01-01 00:00:00+00:00
[2024-01-30T22:15:14.041+0000] {processor.py:183} INFO - Processing /home/airflow/.local/lib/python3.8/site-packages/airflow/example_dags/example_xcom.py took 1.908 seconds
[2024-01-30T22:15:44.519+0000] {processor.py:161} INFO - Started process (PID=2527) to work on /home/airflow/.local/lib/python3.8/site-packages/airflow/example_dags/example_xcom.py
[2024-01-30T22:15:44.520+0000] {processor.py:830} INFO - Processing file /home/airflow/.local/lib/python3.8/site-packages/airflow/example_dags/example_xcom.py for tasks to queue
[2024-01-30T22:15:44.521+0000] {logging_mixin.py:188} INFO - [2024-01-30T22:15:44.521+0000] {dagbag.py:538} INFO - Filling up the DagBag from /home/airflow/.local/lib/python3.8/site-packages/airflow/example_dags/example_xcom.py
[2024-01-30T22:15:44.528+0000] {processor.py:840} INFO - DAG(s) 'example_xcom' retrieved from /home/airflow/.local/lib/python3.8/site-packages/airflow/example_dags/example_xcom.py
[2024-01-30T22:15:44.559+0000] {logging_mixin.py:188} INFO - [2024-01-30T22:15:44.559+0000] {dag.py:3036} INFO - Sync 1 DAGs
[2024-01-30T22:15:44.591+0000] {logging_mixin.py:188} INFO - [2024-01-30T22:15:44.591+0000] {dag.py:3823} INFO - Setting next_dagrun for example_xcom to 2021-01-01 00:00:00+00:00, run_after=2021-01-01 00:00:00+00:00
[2024-01-30T22:15:44.677+0000] {processor.py:183} INFO - Processing /home/airflow/.local/lib/python3.8/site-packages/airflow/example_dags/example_xcom.py took 0.162 seconds
[2024-01-30T22:16:15.182+0000] {processor.py:161} INFO - Started process (PID=2593) to work on /home/airflow/.local/lib/python3.8/site-packages/airflow/example_dags/example_xcom.py
[2024-01-30T22:16:15.183+0000] {processor.py:830} INFO - Processing file /home/airflow/.local/lib/python3.8/site-packages/airflow/example_dags/example_xcom.py for tasks to queue
[2024-01-30T22:16:15.185+0000] {logging_mixin.py:188} INFO - [2024-01-30T22:16:15.184+0000] {dagbag.py:538} INFO - Filling up the DagBag from /home/airflow/.local/lib/python3.8/site-packages/airflow/example_dags/example_xcom.py
[2024-01-30T22:16:15.191+0000] {processor.py:840} INFO - DAG(s) 'example_xcom' retrieved from /home/airflow/.local/lib/python3.8/site-packages/airflow/example_dags/example_xcom.py
[2024-01-30T22:16:15.213+0000] {logging_mixin.py:188} INFO - [2024-01-30T22:16:15.213+0000] {dag.py:3036} INFO - Sync 1 DAGs
[2024-01-30T22:16:15.236+0000] {logging_mixin.py:188} INFO - [2024-01-30T22:16:15.236+0000] {dag.py:3823} INFO - Setting next_dagrun for example_xcom to 2021-01-01 00:00:00+00:00, run_after=2021-01-01 00:00:00+00:00
[2024-01-30T22:16:15.262+0000] {processor.py:183} INFO - Processing /home/airflow/.local/lib/python3.8/site-packages/airflow/example_dags/example_xcom.py took 0.083 seconds
[2024-01-30T22:16:45.799+0000] {processor.py:161} INFO - Started process (PID=2650) to work on /home/airflow/.local/lib/python3.8/site-packages/airflow/example_dags/example_xcom.py
[2024-01-30T22:16:45.800+0000] {processor.py:830} INFO - Processing file /home/airflow/.local/lib/python3.8/site-packages/airflow/example_dags/example_xcom.py for tasks to queue
[2024-01-30T22:16:45.801+0000] {logging_mixin.py:188} INFO - [2024-01-30T22:16:45.801+0000] {dagbag.py:538} INFO - Filling up the DagBag from /home/airflow/.local/lib/python3.8/site-packages/airflow/example_dags/example_xcom.py
[2024-01-30T22:16:45.808+0000] {processor.py:840} INFO - DAG(s) 'example_xcom' retrieved from /home/airflow/.local/lib/python3.8/site-packages/airflow/example_dags/example_xcom.py
[2024-01-30T22:16:45.831+0000] {logging_mixin.py:188} INFO - [2024-01-30T22:16:45.831+0000] {dag.py:3036} INFO - Sync 1 DAGs
[2024-01-30T22:16:45.853+0000] {logging_mixin.py:188} INFO - [2024-01-30T22:16:45.853+0000] {dag.py:3823} INFO - Setting next_dagrun for example_xcom to 2021-01-01 00:00:00+00:00, run_after=2021-01-01 00:00:00+00:00
[2024-01-30T22:16:46.019+0000] {processor.py:183} INFO - Processing /home/airflow/.local/lib/python3.8/site-packages/airflow/example_dags/example_xcom.py took 0.223 seconds
[2024-01-30T22:17:17.178+0000] {processor.py:161} INFO - Started process (PID=2707) to work on /home/airflow/.local/lib/python3.8/site-packages/airflow/example_dags/example_xcom.py
[2024-01-30T22:17:17.258+0000] {processor.py:830} INFO - Processing file /home/airflow/.local/lib/python3.8/site-packages/airflow/example_dags/example_xcom.py for tasks to queue
[2024-01-30T22:17:17.310+0000] {logging_mixin.py:188} INFO - [2024-01-30T22:17:17.308+0000] {dagbag.py:538} INFO - Filling up the DagBag from /home/airflow/.local/lib/python3.8/site-packages/airflow/example_dags/example_xcom.py
[2024-01-30T22:17:17.462+0000] {processor.py:840} INFO - DAG(s) 'example_xcom' retrieved from /home/airflow/.local/lib/python3.8/site-packages/airflow/example_dags/example_xcom.py
[2024-01-30T22:17:17.908+0000] {logging_mixin.py:188} INFO - [2024-01-30T22:17:17.897+0000] {dag.py:3036} INFO - Sync 1 DAGs
[2024-01-30T22:17:18.220+0000] {logging_mixin.py:188} INFO - [2024-01-30T22:17:18.212+0000] {dag.py:3823} INFO - Setting next_dagrun for example_xcom to 2021-01-01 00:00:00+00:00, run_after=2021-01-01 00:00:00+00:00
[2024-01-30T22:17:18.537+0000] {processor.py:183} INFO - Processing /home/airflow/.local/lib/python3.8/site-packages/airflow/example_dags/example_xcom.py took 1.397 seconds
[2024-01-30T22:17:49.228+0000] {processor.py:161} INFO - Started process (PID=2764) to work on /home/airflow/.local/lib/python3.8/site-packages/airflow/example_dags/example_xcom.py
[2024-01-30T22:17:49.271+0000] {processor.py:830} INFO - Processing file /home/airflow/.local/lib/python3.8/site-packages/airflow/example_dags/example_xcom.py for tasks to queue
[2024-01-30T22:17:49.302+0000] {logging_mixin.py:188} INFO - [2024-01-30T22:17:49.299+0000] {dagbag.py:538} INFO - Filling up the DagBag from /home/airflow/.local/lib/python3.8/site-packages/airflow/example_dags/example_xcom.py
[2024-01-30T22:17:49.433+0000] {processor.py:840} INFO - DAG(s) 'example_xcom' retrieved from /home/airflow/.local/lib/python3.8/site-packages/airflow/example_dags/example_xcom.py
[2024-01-30T22:17:49.881+0000] {logging_mixin.py:188} INFO - [2024-01-30T22:17:49.878+0000] {dag.py:3036} INFO - Sync 1 DAGs
[2024-01-30T22:17:50.635+0000] {logging_mixin.py:188} INFO - [2024-01-30T22:17:50.623+0000] {dag.py:3823} INFO - Setting next_dagrun for example_xcom to 2021-01-01 00:00:00+00:00, run_after=2021-01-01 00:00:00+00:00
[2024-01-30T22:17:51.252+0000] {processor.py:183} INFO - Processing /home/airflow/.local/lib/python3.8/site-packages/airflow/example_dags/example_xcom.py took 2.075 seconds
[2024-01-30T22:18:22.223+0000] {processor.py:161} INFO - Started process (PID=2822) to work on /home/airflow/.local/lib/python3.8/site-packages/airflow/example_dags/example_xcom.py
[2024-01-30T22:18:22.224+0000] {processor.py:830} INFO - Processing file /home/airflow/.local/lib/python3.8/site-packages/airflow/example_dags/example_xcom.py for tasks to queue
[2024-01-30T22:18:22.225+0000] {logging_mixin.py:188} INFO - [2024-01-30T22:18:22.225+0000] {dagbag.py:538} INFO - Filling up the DagBag from /home/airflow/.local/lib/python3.8/site-packages/airflow/example_dags/example_xcom.py
[2024-01-30T22:18:22.233+0000] {processor.py:840} INFO - DAG(s) 'example_xcom' retrieved from /home/airflow/.local/lib/python3.8/site-packages/airflow/example_dags/example_xcom.py
[2024-01-30T22:18:22.255+0000] {logging_mixin.py:188} INFO - [2024-01-30T22:18:22.255+0000] {dag.py:3036} INFO - Sync 1 DAGs
[2024-01-30T22:18:22.277+0000] {logging_mixin.py:188} INFO - [2024-01-30T22:18:22.276+0000] {dag.py:3823} INFO - Setting next_dagrun for example_xcom to 2021-01-01 00:00:00+00:00, run_after=2021-01-01 00:00:00+00:00
[2024-01-30T22:18:22.305+0000] {processor.py:183} INFO - Processing /home/airflow/.local/lib/python3.8/site-packages/airflow/example_dags/example_xcom.py took 0.085 seconds
[2024-01-30T22:18:52.572+0000] {processor.py:161} INFO - Started process (PID=2880) to work on /home/airflow/.local/lib/python3.8/site-packages/airflow/example_dags/example_xcom.py
[2024-01-30T22:18:52.574+0000] {processor.py:830} INFO - Processing file /home/airflow/.local/lib/python3.8/site-packages/airflow/example_dags/example_xcom.py for tasks to queue
[2024-01-30T22:18:52.576+0000] {logging_mixin.py:188} INFO - [2024-01-30T22:18:52.575+0000] {dagbag.py:538} INFO - Filling up the DagBag from /home/airflow/.local/lib/python3.8/site-packages/airflow/example_dags/example_xcom.py
[2024-01-30T22:18:52.585+0000] {processor.py:840} INFO - DAG(s) 'example_xcom' retrieved from /home/airflow/.local/lib/python3.8/site-packages/airflow/example_dags/example_xcom.py
[2024-01-30T22:18:52.617+0000] {logging_mixin.py:188} INFO - [2024-01-30T22:18:52.617+0000] {dag.py:3036} INFO - Sync 1 DAGs
[2024-01-30T22:18:52.827+0000] {logging_mixin.py:188} INFO - [2024-01-30T22:18:52.827+0000] {dag.py:3823} INFO - Setting next_dagrun for example_xcom to 2021-01-01 00:00:00+00:00, run_after=2021-01-01 00:00:00+00:00
[2024-01-30T22:18:52.859+0000] {processor.py:183} INFO - Processing /home/airflow/.local/lib/python3.8/site-packages/airflow/example_dags/example_xcom.py took 0.290 seconds
[2024-01-30T22:19:23.753+0000] {processor.py:161} INFO - Started process (PID=2937) to work on /home/airflow/.local/lib/python3.8/site-packages/airflow/example_dags/example_xcom.py
[2024-01-30T22:19:23.754+0000] {processor.py:830} INFO - Processing file /home/airflow/.local/lib/python3.8/site-packages/airflow/example_dags/example_xcom.py for tasks to queue
[2024-01-30T22:19:23.755+0000] {logging_mixin.py:188} INFO - [2024-01-30T22:19:23.755+0000] {dagbag.py:538} INFO - Filling up the DagBag from /home/airflow/.local/lib/python3.8/site-packages/airflow/example_dags/example_xcom.py
[2024-01-30T22:19:23.762+0000] {processor.py:840} INFO - DAG(s) 'example_xcom' retrieved from /home/airflow/.local/lib/python3.8/site-packages/airflow/example_dags/example_xcom.py
[2024-01-30T22:19:23.783+0000] {logging_mixin.py:188} INFO - [2024-01-30T22:19:23.783+0000] {dag.py:3036} INFO - Sync 1 DAGs
[2024-01-30T22:19:23.804+0000] {logging_mixin.py:188} INFO - [2024-01-30T22:19:23.803+0000] {dag.py:3823} INFO - Setting next_dagrun for example_xcom to 2021-01-01 00:00:00+00:00, run_after=2021-01-01 00:00:00+00:00
[2024-01-30T22:19:23.993+0000] {processor.py:183} INFO - Processing /home/airflow/.local/lib/python3.8/site-packages/airflow/example_dags/example_xcom.py took 0.242 seconds
[2024-01-30T22:19:54.163+0000] {processor.py:161} INFO - Started process (PID=2994) to work on /home/airflow/.local/lib/python3.8/site-packages/airflow/example_dags/example_xcom.py
[2024-01-30T22:19:54.164+0000] {processor.py:830} INFO - Processing file /home/airflow/.local/lib/python3.8/site-packages/airflow/example_dags/example_xcom.py for tasks to queue
[2024-01-30T22:19:54.165+0000] {logging_mixin.py:188} INFO - [2024-01-30T22:19:54.164+0000] {dagbag.py:538} INFO - Filling up the DagBag from /home/airflow/.local/lib/python3.8/site-packages/airflow/example_dags/example_xcom.py
[2024-01-30T22:19:54.171+0000] {processor.py:840} INFO - DAG(s) 'example_xcom' retrieved from /home/airflow/.local/lib/python3.8/site-packages/airflow/example_dags/example_xcom.py
[2024-01-30T22:19:54.192+0000] {logging_mixin.py:188} INFO - [2024-01-30T22:19:54.192+0000] {dag.py:3036} INFO - Sync 1 DAGs
[2024-01-30T22:19:54.214+0000] {logging_mixin.py:188} INFO - [2024-01-30T22:19:54.214+0000] {dag.py:3823} INFO - Setting next_dagrun for example_xcom to 2021-01-01 00:00:00+00:00, run_after=2021-01-01 00:00:00+00:00
[2024-01-30T22:19:54.291+0000] {processor.py:183} INFO - Processing /home/airflow/.local/lib/python3.8/site-packages/airflow/example_dags/example_xcom.py took 0.130 seconds
[2024-01-30T22:20:24.951+0000] {processor.py:161} INFO - Started process (PID=3051) to work on /home/airflow/.local/lib/python3.8/site-packages/airflow/example_dags/example_xcom.py
[2024-01-30T22:20:24.952+0000] {processor.py:830} INFO - Processing file /home/airflow/.local/lib/python3.8/site-packages/airflow/example_dags/example_xcom.py for tasks to queue
[2024-01-30T22:20:24.953+0000] {logging_mixin.py:188} INFO - [2024-01-30T22:20:24.953+0000] {dagbag.py:538} INFO - Filling up the DagBag from /home/airflow/.local/lib/python3.8/site-packages/airflow/example_dags/example_xcom.py
[2024-01-30T22:20:24.961+0000] {processor.py:840} INFO - DAG(s) 'example_xcom' retrieved from /home/airflow/.local/lib/python3.8/site-packages/airflow/example_dags/example_xcom.py
[2024-01-30T22:20:24.983+0000] {logging_mixin.py:188} INFO - [2024-01-30T22:20:24.982+0000] {dag.py:3036} INFO - Sync 1 DAGs
[2024-01-30T22:20:25.006+0000] {logging_mixin.py:188} INFO - [2024-01-30T22:20:25.005+0000] {dag.py:3823} INFO - Setting next_dagrun for example_xcom to 2021-01-01 00:00:00+00:00, run_after=2021-01-01 00:00:00+00:00
[2024-01-30T22:20:25.030+0000] {processor.py:183} INFO - Processing /home/airflow/.local/lib/python3.8/site-packages/airflow/example_dags/example_xcom.py took 0.082 seconds
[2024-01-30T22:20:55.137+0000] {processor.py:161} INFO - Started process (PID=3108) to work on /home/airflow/.local/lib/python3.8/site-packages/airflow/example_dags/example_xcom.py
[2024-01-30T22:20:55.138+0000] {processor.py:830} INFO - Processing file /home/airflow/.local/lib/python3.8/site-packages/airflow/example_dags/example_xcom.py for tasks to queue
[2024-01-30T22:20:55.139+0000] {logging_mixin.py:188} INFO - [2024-01-30T22:20:55.139+0000] {dagbag.py:538} INFO - Filling up the DagBag from /home/airflow/.local/lib/python3.8/site-packages/airflow/example_dags/example_xcom.py
[2024-01-30T22:20:55.149+0000] {processor.py:840} INFO - DAG(s) 'example_xcom' retrieved from /home/airflow/.local/lib/python3.8/site-packages/airflow/example_dags/example_xcom.py
[2024-01-30T22:20:55.174+0000] {logging_mixin.py:188} INFO - [2024-01-30T22:20:55.174+0000] {dag.py:3036} INFO - Sync 1 DAGs
[2024-01-30T22:20:55.199+0000] {logging_mixin.py:188} INFO - [2024-01-30T22:20:55.199+0000] {dag.py:3823} INFO - Setting next_dagrun for example_xcom to 2021-01-01 00:00:00+00:00, run_after=2021-01-01 00:00:00+00:00
[2024-01-30T22:20:55.245+0000] {processor.py:183} INFO - Processing /home/airflow/.local/lib/python3.8/site-packages/airflow/example_dags/example_xcom.py took 0.112 seconds
[2024-01-30T22:21:25.842+0000] {processor.py:161} INFO - Started process (PID=3171) to work on /home/airflow/.local/lib/python3.8/site-packages/airflow/example_dags/example_xcom.py
[2024-01-30T22:21:25.843+0000] {processor.py:830} INFO - Processing file /home/airflow/.local/lib/python3.8/site-packages/airflow/example_dags/example_xcom.py for tasks to queue
[2024-01-30T22:21:25.845+0000] {logging_mixin.py:188} INFO - [2024-01-30T22:21:25.844+0000] {dagbag.py:538} INFO - Filling up the DagBag from /home/airflow/.local/lib/python3.8/site-packages/airflow/example_dags/example_xcom.py
[2024-01-30T22:21:25.852+0000] {processor.py:840} INFO - DAG(s) 'example_xcom' retrieved from /home/airflow/.local/lib/python3.8/site-packages/airflow/example_dags/example_xcom.py
[2024-01-30T22:21:25.876+0000] {logging_mixin.py:188} INFO - [2024-01-30T22:21:25.876+0000] {dag.py:3036} INFO - Sync 1 DAGs
[2024-01-30T22:21:25.903+0000] {logging_mixin.py:188} INFO - [2024-01-30T22:21:25.902+0000] {dag.py:3823} INFO - Setting next_dagrun for example_xcom to 2021-01-01 00:00:00+00:00, run_after=2021-01-01 00:00:00+00:00
[2024-01-30T22:21:25.951+0000] {processor.py:183} INFO - Processing /home/airflow/.local/lib/python3.8/site-packages/airflow/example_dags/example_xcom.py took 0.112 seconds
[2024-01-30T22:21:56.412+0000] {processor.py:161} INFO - Started process (PID=3228) to work on /home/airflow/.local/lib/python3.8/site-packages/airflow/example_dags/example_xcom.py
[2024-01-30T22:21:56.413+0000] {processor.py:830} INFO - Processing file /home/airflow/.local/lib/python3.8/site-packages/airflow/example_dags/example_xcom.py for tasks to queue
[2024-01-30T22:21:56.414+0000] {logging_mixin.py:188} INFO - [2024-01-30T22:21:56.413+0000] {dagbag.py:538} INFO - Filling up the DagBag from /home/airflow/.local/lib/python3.8/site-packages/airflow/example_dags/example_xcom.py
[2024-01-30T22:21:56.420+0000] {processor.py:840} INFO - DAG(s) 'example_xcom' retrieved from /home/airflow/.local/lib/python3.8/site-packages/airflow/example_dags/example_xcom.py
[2024-01-30T22:21:56.443+0000] {logging_mixin.py:188} INFO - [2024-01-30T22:21:56.443+0000] {dag.py:3036} INFO - Sync 1 DAGs
[2024-01-30T22:21:56.466+0000] {logging_mixin.py:188} INFO - [2024-01-30T22:21:56.466+0000] {dag.py:3823} INFO - Setting next_dagrun for example_xcom to 2021-01-01 00:00:00+00:00, run_after=2021-01-01 00:00:00+00:00
[2024-01-30T22:21:56.496+0000] {processor.py:183} INFO - Processing /home/airflow/.local/lib/python3.8/site-packages/airflow/example_dags/example_xcom.py took 0.086 seconds
[2024-01-30T22:22:26.934+0000] {processor.py:161} INFO - Started process (PID=3285) to work on /home/airflow/.local/lib/python3.8/site-packages/airflow/example_dags/example_xcom.py
[2024-01-30T22:22:26.935+0000] {processor.py:830} INFO - Processing file /home/airflow/.local/lib/python3.8/site-packages/airflow/example_dags/example_xcom.py for tasks to queue
[2024-01-30T22:22:26.937+0000] {logging_mixin.py:188} INFO - [2024-01-30T22:22:26.936+0000] {dagbag.py:538} INFO - Filling up the DagBag from /home/airflow/.local/lib/python3.8/site-packages/airflow/example_dags/example_xcom.py
[2024-01-30T22:22:26.945+0000] {processor.py:840} INFO - DAG(s) 'example_xcom' retrieved from /home/airflow/.local/lib/python3.8/site-packages/airflow/example_dags/example_xcom.py
[2024-01-30T22:22:27.026+0000] {logging_mixin.py:188} INFO - [2024-01-30T22:22:27.025+0000] {dag.py:3036} INFO - Sync 1 DAGs
[2024-01-30T22:22:27.055+0000] {logging_mixin.py:188} INFO - [2024-01-30T22:22:27.055+0000] {dag.py:3823} INFO - Setting next_dagrun for example_xcom to 2021-01-01 00:00:00+00:00, run_after=2021-01-01 00:00:00+00:00
[2024-01-30T22:22:27.084+0000] {processor.py:183} INFO - Processing /home/airflow/.local/lib/python3.8/site-packages/airflow/example_dags/example_xcom.py took 0.152 seconds
[2024-01-30T22:22:57.366+0000] {processor.py:161} INFO - Started process (PID=3342) to work on /home/airflow/.local/lib/python3.8/site-packages/airflow/example_dags/example_xcom.py
[2024-01-30T22:22:57.368+0000] {processor.py:830} INFO - Processing file /home/airflow/.local/lib/python3.8/site-packages/airflow/example_dags/example_xcom.py for tasks to queue
[2024-01-30T22:22:57.370+0000] {logging_mixin.py:188} INFO - [2024-01-30T22:22:57.369+0000] {dagbag.py:538} INFO - Filling up the DagBag from /home/airflow/.local/lib/python3.8/site-packages/airflow/example_dags/example_xcom.py
[2024-01-30T22:22:57.378+0000] {processor.py:840} INFO - DAG(s) 'example_xcom' retrieved from /home/airflow/.local/lib/python3.8/site-packages/airflow/example_dags/example_xcom.py
[2024-01-30T22:22:57.406+0000] {logging_mixin.py:188} INFO - [2024-01-30T22:22:57.406+0000] {dag.py:3036} INFO - Sync 1 DAGs
[2024-01-30T22:22:57.431+0000] {logging_mixin.py:188} INFO - [2024-01-30T22:22:57.431+0000] {dag.py:3823} INFO - Setting next_dagrun for example_xcom to 2021-01-01 00:00:00+00:00, run_after=2021-01-01 00:00:00+00:00
[2024-01-30T22:22:57.458+0000] {processor.py:183} INFO - Processing /home/airflow/.local/lib/python3.8/site-packages/airflow/example_dags/example_xcom.py took 0.094 seconds
