[2024-01-30T21:53:12.126+0000] {processor.py:161} INFO - Started process (PID=69) to work on /home/airflow/.local/lib/python3.8/site-packages/airflow/example_dags/example_nested_branch_dag.py
[2024-01-30T21:53:12.128+0000] {processor.py:830} INFO - Processing file /home/airflow/.local/lib/python3.8/site-packages/airflow/example_dags/example_nested_branch_dag.py for tasks to queue
[2024-01-30T21:53:12.131+0000] {logging_mixin.py:188} INFO - [2024-01-30T21:53:12.130+0000] {dagbag.py:538} INFO - Filling up the DagBag from /home/airflow/.local/lib/python3.8/site-packages/airflow/example_dags/example_nested_branch_dag.py
[2024-01-30T21:53:12.168+0000] {processor.py:840} INFO - DAG(s) 'example_nested_branch_dag' retrieved from /home/airflow/.local/lib/python3.8/site-packages/airflow/example_dags/example_nested_branch_dag.py
[2024-01-30T21:53:12.335+0000] {logging_mixin.py:188} INFO - [2024-01-30T21:53:12.334+0000] {dag.py:3036} INFO - Sync 1 DAGs
[2024-01-30T21:53:12.381+0000] {logging_mixin.py:188} INFO - [2024-01-30T21:53:12.381+0000] {dag.py:3823} INFO - Setting next_dagrun for example_nested_branch_dag to 2024-01-29 00:00:00+00:00, run_after=2024-01-30 00:00:00+00:00
[2024-01-30T21:53:12.468+0000] {processor.py:183} INFO - Processing /home/airflow/.local/lib/python3.8/site-packages/airflow/example_dags/example_nested_branch_dag.py took 0.346 seconds
[2024-01-30T21:53:52.746+0000] {processor.py:161} INFO - Started process (PID=124) to work on /home/airflow/.local/lib/python3.8/site-packages/airflow/example_dags/example_nested_branch_dag.py
[2024-01-30T21:53:52.749+0000] {processor.py:830} INFO - Processing file /home/airflow/.local/lib/python3.8/site-packages/airflow/example_dags/example_nested_branch_dag.py for tasks to queue
[2024-01-30T21:53:52.757+0000] {logging_mixin.py:188} INFO - [2024-01-30T21:53:52.755+0000] {dagbag.py:538} INFO - Filling up the DagBag from /home/airflow/.local/lib/python3.8/site-packages/airflow/example_dags/example_nested_branch_dag.py
[2024-01-30T21:53:52.812+0000] {processor.py:840} INFO - DAG(s) 'example_nested_branch_dag' retrieved from /home/airflow/.local/lib/python3.8/site-packages/airflow/example_dags/example_nested_branch_dag.py
[2024-01-30T21:53:52.901+0000] {logging_mixin.py:188} INFO - [2024-01-30T21:53:52.900+0000] {dag.py:3036} INFO - Sync 1 DAGs
[2024-01-30T21:53:53.121+0000] {logging_mixin.py:188} INFO - [2024-01-30T21:53:53.120+0000] {dag.py:3823} INFO - Setting next_dagrun for example_nested_branch_dag to 2024-01-29 00:00:00+00:00, run_after=2024-01-30 00:00:00+00:00
[2024-01-30T21:53:53.166+0000] {processor.py:183} INFO - Processing /home/airflow/.local/lib/python3.8/site-packages/airflow/example_dags/example_nested_branch_dag.py took 0.428 seconds
[2024-01-30T21:54:23.280+0000] {processor.py:161} INFO - Started process (PID=179) to work on /home/airflow/.local/lib/python3.8/site-packages/airflow/example_dags/example_nested_branch_dag.py
[2024-01-30T21:54:23.282+0000] {processor.py:830} INFO - Processing file /home/airflow/.local/lib/python3.8/site-packages/airflow/example_dags/example_nested_branch_dag.py for tasks to queue
[2024-01-30T21:54:23.285+0000] {logging_mixin.py:188} INFO - [2024-01-30T21:54:23.284+0000] {dagbag.py:538} INFO - Filling up the DagBag from /home/airflow/.local/lib/python3.8/site-packages/airflow/example_dags/example_nested_branch_dag.py
[2024-01-30T21:54:23.300+0000] {processor.py:840} INFO - DAG(s) 'example_nested_branch_dag' retrieved from /home/airflow/.local/lib/python3.8/site-packages/airflow/example_dags/example_nested_branch_dag.py
[2024-01-30T21:54:23.378+0000] {logging_mixin.py:188} INFO - [2024-01-30T21:54:23.372+0000] {dag.py:3036} INFO - Sync 1 DAGs
[2024-01-30T21:54:23.477+0000] {logging_mixin.py:188} INFO - [2024-01-30T21:54:23.477+0000] {dag.py:3823} INFO - Setting next_dagrun for example_nested_branch_dag to 2024-01-29 00:00:00+00:00, run_after=2024-01-30 00:00:00+00:00
[2024-01-30T21:54:23.573+0000] {processor.py:183} INFO - Processing /home/airflow/.local/lib/python3.8/site-packages/airflow/example_dags/example_nested_branch_dag.py took 0.296 seconds
[2024-01-30T21:54:54.312+0000] {processor.py:161} INFO - Started process (PID=234) to work on /home/airflow/.local/lib/python3.8/site-packages/airflow/example_dags/example_nested_branch_dag.py
[2024-01-30T21:54:54.313+0000] {processor.py:830} INFO - Processing file /home/airflow/.local/lib/python3.8/site-packages/airflow/example_dags/example_nested_branch_dag.py for tasks to queue
[2024-01-30T21:54:54.315+0000] {logging_mixin.py:188} INFO - [2024-01-30T21:54:54.315+0000] {dagbag.py:538} INFO - Filling up the DagBag from /home/airflow/.local/lib/python3.8/site-packages/airflow/example_dags/example_nested_branch_dag.py
[2024-01-30T21:54:54.324+0000] {processor.py:840} INFO - DAG(s) 'example_nested_branch_dag' retrieved from /home/airflow/.local/lib/python3.8/site-packages/airflow/example_dags/example_nested_branch_dag.py
[2024-01-30T21:54:54.349+0000] {logging_mixin.py:188} INFO - [2024-01-30T21:54:54.348+0000] {dag.py:3036} INFO - Sync 1 DAGs
[2024-01-30T21:54:54.372+0000] {logging_mixin.py:188} INFO - [2024-01-30T21:54:54.372+0000] {dag.py:3823} INFO - Setting next_dagrun for example_nested_branch_dag to 2024-01-29 00:00:00+00:00, run_after=2024-01-30 00:00:00+00:00
[2024-01-30T21:54:54.420+0000] {processor.py:183} INFO - Processing /home/airflow/.local/lib/python3.8/site-packages/airflow/example_dags/example_nested_branch_dag.py took 0.111 seconds
[2024-01-30T21:55:24.698+0000] {processor.py:161} INFO - Started process (PID=289) to work on /home/airflow/.local/lib/python3.8/site-packages/airflow/example_dags/example_nested_branch_dag.py
[2024-01-30T21:55:24.700+0000] {processor.py:830} INFO - Processing file /home/airflow/.local/lib/python3.8/site-packages/airflow/example_dags/example_nested_branch_dag.py for tasks to queue
[2024-01-30T21:55:24.702+0000] {logging_mixin.py:188} INFO - [2024-01-30T21:55:24.702+0000] {dagbag.py:538} INFO - Filling up the DagBag from /home/airflow/.local/lib/python3.8/site-packages/airflow/example_dags/example_nested_branch_dag.py
[2024-01-30T21:55:24.714+0000] {processor.py:840} INFO - DAG(s) 'example_nested_branch_dag' retrieved from /home/airflow/.local/lib/python3.8/site-packages/airflow/example_dags/example_nested_branch_dag.py
[2024-01-30T21:55:24.738+0000] {logging_mixin.py:188} INFO - [2024-01-30T21:55:24.738+0000] {dag.py:3036} INFO - Sync 1 DAGs
[2024-01-30T21:55:24.764+0000] {logging_mixin.py:188} INFO - [2024-01-30T21:55:24.764+0000] {dag.py:3823} INFO - Setting next_dagrun for example_nested_branch_dag to 2024-01-29 00:00:00+00:00, run_after=2024-01-30 00:00:00+00:00
[2024-01-30T21:55:24.819+0000] {processor.py:183} INFO - Processing /home/airflow/.local/lib/python3.8/site-packages/airflow/example_dags/example_nested_branch_dag.py took 0.123 seconds
[2024-01-30T21:55:54.914+0000] {processor.py:161} INFO - Started process (PID=344) to work on /home/airflow/.local/lib/python3.8/site-packages/airflow/example_dags/example_nested_branch_dag.py
[2024-01-30T21:55:54.915+0000] {processor.py:830} INFO - Processing file /home/airflow/.local/lib/python3.8/site-packages/airflow/example_dags/example_nested_branch_dag.py for tasks to queue
[2024-01-30T21:55:54.917+0000] {logging_mixin.py:188} INFO - [2024-01-30T21:55:54.917+0000] {dagbag.py:538} INFO - Filling up the DagBag from /home/airflow/.local/lib/python3.8/site-packages/airflow/example_dags/example_nested_branch_dag.py
[2024-01-30T21:55:54.926+0000] {processor.py:840} INFO - DAG(s) 'example_nested_branch_dag' retrieved from /home/airflow/.local/lib/python3.8/site-packages/airflow/example_dags/example_nested_branch_dag.py
[2024-01-30T21:55:54.951+0000] {logging_mixin.py:188} INFO - [2024-01-30T21:55:54.951+0000] {dag.py:3036} INFO - Sync 1 DAGs
[2024-01-30T21:55:54.976+0000] {logging_mixin.py:188} INFO - [2024-01-30T21:55:54.976+0000] {dag.py:3823} INFO - Setting next_dagrun for example_nested_branch_dag to 2024-01-29 00:00:00+00:00, run_after=2024-01-30 00:00:00+00:00
[2024-01-30T21:55:55.004+0000] {processor.py:183} INFO - Processing /home/airflow/.local/lib/python3.8/site-packages/airflow/example_dags/example_nested_branch_dag.py took 0.093 seconds
[2024-01-30T21:56:25.193+0000] {processor.py:161} INFO - Started process (PID=399) to work on /home/airflow/.local/lib/python3.8/site-packages/airflow/example_dags/example_nested_branch_dag.py
[2024-01-30T21:56:25.194+0000] {processor.py:830} INFO - Processing file /home/airflow/.local/lib/python3.8/site-packages/airflow/example_dags/example_nested_branch_dag.py for tasks to queue
[2024-01-30T21:56:25.196+0000] {logging_mixin.py:188} INFO - [2024-01-30T21:56:25.196+0000] {dagbag.py:538} INFO - Filling up the DagBag from /home/airflow/.local/lib/python3.8/site-packages/airflow/example_dags/example_nested_branch_dag.py
[2024-01-30T21:56:25.206+0000] {processor.py:840} INFO - DAG(s) 'example_nested_branch_dag' retrieved from /home/airflow/.local/lib/python3.8/site-packages/airflow/example_dags/example_nested_branch_dag.py
[2024-01-30T21:56:25.230+0000] {logging_mixin.py:188} INFO - [2024-01-30T21:56:25.229+0000] {dag.py:3036} INFO - Sync 1 DAGs
[2024-01-30T21:56:25.253+0000] {logging_mixin.py:188} INFO - [2024-01-30T21:56:25.253+0000] {dag.py:3823} INFO - Setting next_dagrun for example_nested_branch_dag to 2024-01-29 00:00:00+00:00, run_after=2024-01-30 00:00:00+00:00
[2024-01-30T21:56:25.279+0000] {processor.py:183} INFO - Processing /home/airflow/.local/lib/python3.8/site-packages/airflow/example_dags/example_nested_branch_dag.py took 0.089 seconds
[2024-01-30T21:56:55.369+0000] {processor.py:161} INFO - Started process (PID=454) to work on /home/airflow/.local/lib/python3.8/site-packages/airflow/example_dags/example_nested_branch_dag.py
[2024-01-30T21:56:55.370+0000] {processor.py:830} INFO - Processing file /home/airflow/.local/lib/python3.8/site-packages/airflow/example_dags/example_nested_branch_dag.py for tasks to queue
[2024-01-30T21:56:55.373+0000] {logging_mixin.py:188} INFO - [2024-01-30T21:56:55.372+0000] {dagbag.py:538} INFO - Filling up the DagBag from /home/airflow/.local/lib/python3.8/site-packages/airflow/example_dags/example_nested_branch_dag.py
[2024-01-30T21:56:55.384+0000] {processor.py:840} INFO - DAG(s) 'example_nested_branch_dag' retrieved from /home/airflow/.local/lib/python3.8/site-packages/airflow/example_dags/example_nested_branch_dag.py
[2024-01-30T21:56:55.415+0000] {logging_mixin.py:188} INFO - [2024-01-30T21:56:55.414+0000] {dag.py:3036} INFO - Sync 1 DAGs
[2024-01-30T21:56:55.441+0000] {logging_mixin.py:188} INFO - [2024-01-30T21:56:55.441+0000] {dag.py:3823} INFO - Setting next_dagrun for example_nested_branch_dag to 2024-01-29 00:00:00+00:00, run_after=2024-01-30 00:00:00+00:00
[2024-01-30T21:56:55.471+0000] {processor.py:183} INFO - Processing /home/airflow/.local/lib/python3.8/site-packages/airflow/example_dags/example_nested_branch_dag.py took 0.105 seconds
[2024-01-30T21:57:28.764+0000] {processor.py:161} INFO - Started process (PID=509) to work on /home/airflow/.local/lib/python3.8/site-packages/airflow/example_dags/example_nested_branch_dag.py
[2024-01-30T21:57:28.768+0000] {processor.py:830} INFO - Processing file /home/airflow/.local/lib/python3.8/site-packages/airflow/example_dags/example_nested_branch_dag.py for tasks to queue
[2024-01-30T21:57:28.770+0000] {logging_mixin.py:188} INFO - [2024-01-30T21:57:28.770+0000] {dagbag.py:538} INFO - Filling up the DagBag from /home/airflow/.local/lib/python3.8/site-packages/airflow/example_dags/example_nested_branch_dag.py
[2024-01-30T21:57:28.785+0000] {processor.py:840} INFO - DAG(s) 'example_nested_branch_dag' retrieved from /home/airflow/.local/lib/python3.8/site-packages/airflow/example_dags/example_nested_branch_dag.py
[2024-01-30T21:57:28.816+0000] {logging_mixin.py:188} INFO - [2024-01-30T21:57:28.815+0000] {dag.py:3036} INFO - Sync 1 DAGs
[2024-01-30T21:57:28.850+0000] {logging_mixin.py:188} INFO - [2024-01-30T21:57:28.850+0000] {dag.py:3823} INFO - Setting next_dagrun for example_nested_branch_dag to 2024-01-29 00:00:00+00:00, run_after=2024-01-30 00:00:00+00:00
[2024-01-30T21:57:28.884+0000] {processor.py:183} INFO - Processing /home/airflow/.local/lib/python3.8/site-packages/airflow/example_dags/example_nested_branch_dag.py took 0.125 seconds
[2024-01-30T21:58:03.373+0000] {processor.py:161} INFO - Started process (PID=564) to work on /home/airflow/.local/lib/python3.8/site-packages/airflow/example_dags/example_nested_branch_dag.py
[2024-01-30T21:58:03.504+0000] {processor.py:830} INFO - Processing file /home/airflow/.local/lib/python3.8/site-packages/airflow/example_dags/example_nested_branch_dag.py for tasks to queue
[2024-01-30T21:58:03.717+0000] {logging_mixin.py:188} INFO - [2024-01-30T21:58:03.713+0000] {dagbag.py:538} INFO - Filling up the DagBag from /home/airflow/.local/lib/python3.8/site-packages/airflow/example_dags/example_nested_branch_dag.py
[2024-01-30T21:58:04.190+0000] {processor.py:840} INFO - DAG(s) 'example_nested_branch_dag' retrieved from /home/airflow/.local/lib/python3.8/site-packages/airflow/example_dags/example_nested_branch_dag.py
[2024-01-30T21:58:05.056+0000] {logging_mixin.py:188} INFO - [2024-01-30T21:58:05.054+0000] {dag.py:3036} INFO - Sync 1 DAGs
[2024-01-30T21:58:06.085+0000] {logging_mixin.py:188} INFO - [2024-01-30T21:58:06.072+0000] {dag.py:3823} INFO - Setting next_dagrun for example_nested_branch_dag to 2024-01-29 00:00:00+00:00, run_after=2024-01-30 00:00:00+00:00
[2024-01-30T21:58:07.393+0000] {processor.py:183} INFO - Processing /home/airflow/.local/lib/python3.8/site-packages/airflow/example_dags/example_nested_branch_dag.py took 4.084 seconds
[2024-01-30T21:58:40.122+0000] {processor.py:161} INFO - Started process (PID=622) to work on /home/airflow/.local/lib/python3.8/site-packages/airflow/example_dags/example_nested_branch_dag.py
[2024-01-30T21:58:40.124+0000] {processor.py:830} INFO - Processing file /home/airflow/.local/lib/python3.8/site-packages/airflow/example_dags/example_nested_branch_dag.py for tasks to queue
[2024-01-30T21:58:40.125+0000] {logging_mixin.py:188} INFO - [2024-01-30T21:58:40.125+0000] {dagbag.py:538} INFO - Filling up the DagBag from /home/airflow/.local/lib/python3.8/site-packages/airflow/example_dags/example_nested_branch_dag.py
[2024-01-30T21:58:40.135+0000] {processor.py:840} INFO - DAG(s) 'example_nested_branch_dag' retrieved from /home/airflow/.local/lib/python3.8/site-packages/airflow/example_dags/example_nested_branch_dag.py
[2024-01-30T21:58:40.159+0000] {logging_mixin.py:188} INFO - [2024-01-30T21:58:40.159+0000] {dag.py:3036} INFO - Sync 1 DAGs
[2024-01-30T21:58:40.187+0000] {logging_mixin.py:188} INFO - [2024-01-30T21:58:40.187+0000] {dag.py:3823} INFO - Setting next_dagrun for example_nested_branch_dag to 2024-01-29 00:00:00+00:00, run_after=2024-01-30 00:00:00+00:00
[2024-01-30T21:58:40.217+0000] {processor.py:183} INFO - Processing /home/airflow/.local/lib/python3.8/site-packages/airflow/example_dags/example_nested_branch_dag.py took 0.098 seconds
[2024-01-30T21:59:10.329+0000] {processor.py:161} INFO - Started process (PID=681) to work on /home/airflow/.local/lib/python3.8/site-packages/airflow/example_dags/example_nested_branch_dag.py
[2024-01-30T21:59:10.331+0000] {processor.py:830} INFO - Processing file /home/airflow/.local/lib/python3.8/site-packages/airflow/example_dags/example_nested_branch_dag.py for tasks to queue
[2024-01-30T21:59:10.332+0000] {logging_mixin.py:188} INFO - [2024-01-30T21:59:10.332+0000] {dagbag.py:538} INFO - Filling up the DagBag from /home/airflow/.local/lib/python3.8/site-packages/airflow/example_dags/example_nested_branch_dag.py
[2024-01-30T21:59:10.344+0000] {processor.py:840} INFO - DAG(s) 'example_nested_branch_dag' retrieved from /home/airflow/.local/lib/python3.8/site-packages/airflow/example_dags/example_nested_branch_dag.py
[2024-01-30T21:59:10.371+0000] {logging_mixin.py:188} INFO - [2024-01-30T21:59:10.371+0000] {dag.py:3036} INFO - Sync 1 DAGs
[2024-01-30T21:59:10.399+0000] {logging_mixin.py:188} INFO - [2024-01-30T21:59:10.398+0000] {dag.py:3823} INFO - Setting next_dagrun for example_nested_branch_dag to 2024-01-29 00:00:00+00:00, run_after=2024-01-30 00:00:00+00:00
[2024-01-30T21:59:10.428+0000] {processor.py:183} INFO - Processing /home/airflow/.local/lib/python3.8/site-packages/airflow/example_dags/example_nested_branch_dag.py took 0.101 seconds
[2024-01-30T21:59:40.795+0000] {processor.py:161} INFO - Started process (PID=740) to work on /home/airflow/.local/lib/python3.8/site-packages/airflow/example_dags/example_nested_branch_dag.py
[2024-01-30T21:59:40.797+0000] {processor.py:830} INFO - Processing file /home/airflow/.local/lib/python3.8/site-packages/airflow/example_dags/example_nested_branch_dag.py for tasks to queue
[2024-01-30T21:59:40.798+0000] {logging_mixin.py:188} INFO - [2024-01-30T21:59:40.798+0000] {dagbag.py:538} INFO - Filling up the DagBag from /home/airflow/.local/lib/python3.8/site-packages/airflow/example_dags/example_nested_branch_dag.py
[2024-01-30T21:59:40.808+0000] {processor.py:840} INFO - DAG(s) 'example_nested_branch_dag' retrieved from /home/airflow/.local/lib/python3.8/site-packages/airflow/example_dags/example_nested_branch_dag.py
[2024-01-30T21:59:40.836+0000] {logging_mixin.py:188} INFO - [2024-01-30T21:59:40.835+0000] {dag.py:3036} INFO - Sync 1 DAGs
[2024-01-30T21:59:40.862+0000] {logging_mixin.py:188} INFO - [2024-01-30T21:59:40.862+0000] {dag.py:3823} INFO - Setting next_dagrun for example_nested_branch_dag to 2024-01-29 00:00:00+00:00, run_after=2024-01-30 00:00:00+00:00
[2024-01-30T21:59:40.895+0000] {processor.py:183} INFO - Processing /home/airflow/.local/lib/python3.8/site-packages/airflow/example_dags/example_nested_branch_dag.py took 0.103 seconds
[2024-01-30T22:00:11.072+0000] {processor.py:161} INFO - Started process (PID=803) to work on /home/airflow/.local/lib/python3.8/site-packages/airflow/example_dags/example_nested_branch_dag.py
[2024-01-30T22:00:11.073+0000] {processor.py:830} INFO - Processing file /home/airflow/.local/lib/python3.8/site-packages/airflow/example_dags/example_nested_branch_dag.py for tasks to queue
[2024-01-30T22:00:11.074+0000] {logging_mixin.py:188} INFO - [2024-01-30T22:00:11.074+0000] {dagbag.py:538} INFO - Filling up the DagBag from /home/airflow/.local/lib/python3.8/site-packages/airflow/example_dags/example_nested_branch_dag.py
[2024-01-30T22:00:11.082+0000] {processor.py:840} INFO - DAG(s) 'example_nested_branch_dag' retrieved from /home/airflow/.local/lib/python3.8/site-packages/airflow/example_dags/example_nested_branch_dag.py
[2024-01-30T22:00:11.106+0000] {logging_mixin.py:188} INFO - [2024-01-30T22:00:11.106+0000] {dag.py:3036} INFO - Sync 1 DAGs
[2024-01-30T22:00:11.128+0000] {logging_mixin.py:188} INFO - [2024-01-30T22:00:11.128+0000] {dag.py:3823} INFO - Setting next_dagrun for example_nested_branch_dag to 2024-01-29 00:00:00+00:00, run_after=2024-01-30 00:00:00+00:00
[2024-01-30T22:00:11.155+0000] {processor.py:183} INFO - Processing /home/airflow/.local/lib/python3.8/site-packages/airflow/example_dags/example_nested_branch_dag.py took 0.085 seconds
[2024-01-30T22:00:41.359+0000] {processor.py:161} INFO - Started process (PID=861) to work on /home/airflow/.local/lib/python3.8/site-packages/airflow/example_dags/example_nested_branch_dag.py
[2024-01-30T22:00:41.360+0000] {processor.py:830} INFO - Processing file /home/airflow/.local/lib/python3.8/site-packages/airflow/example_dags/example_nested_branch_dag.py for tasks to queue
[2024-01-30T22:00:41.362+0000] {logging_mixin.py:188} INFO - [2024-01-30T22:00:41.361+0000] {dagbag.py:538} INFO - Filling up the DagBag from /home/airflow/.local/lib/python3.8/site-packages/airflow/example_dags/example_nested_branch_dag.py
[2024-01-30T22:00:41.372+0000] {processor.py:840} INFO - DAG(s) 'example_nested_branch_dag' retrieved from /home/airflow/.local/lib/python3.8/site-packages/airflow/example_dags/example_nested_branch_dag.py
[2024-01-30T22:00:41.396+0000] {logging_mixin.py:188} INFO - [2024-01-30T22:00:41.396+0000] {dag.py:3036} INFO - Sync 1 DAGs
[2024-01-30T22:00:41.420+0000] {logging_mixin.py:188} INFO - [2024-01-30T22:00:41.420+0000] {dag.py:3823} INFO - Setting next_dagrun for example_nested_branch_dag to 2024-01-29 00:00:00+00:00, run_after=2024-01-30 00:00:00+00:00
[2024-01-30T22:00:41.446+0000] {processor.py:183} INFO - Processing /home/airflow/.local/lib/python3.8/site-packages/airflow/example_dags/example_nested_branch_dag.py took 0.090 seconds
[2024-01-30T22:01:12.236+0000] {processor.py:161} INFO - Started process (PID=917) to work on /home/airflow/.local/lib/python3.8/site-packages/airflow/example_dags/example_nested_branch_dag.py
[2024-01-30T22:01:12.237+0000] {processor.py:830} INFO - Processing file /home/airflow/.local/lib/python3.8/site-packages/airflow/example_dags/example_nested_branch_dag.py for tasks to queue
[2024-01-30T22:01:12.239+0000] {logging_mixin.py:188} INFO - [2024-01-30T22:01:12.239+0000] {dagbag.py:538} INFO - Filling up the DagBag from /home/airflow/.local/lib/python3.8/site-packages/airflow/example_dags/example_nested_branch_dag.py
[2024-01-30T22:01:12.250+0000] {processor.py:840} INFO - DAG(s) 'example_nested_branch_dag' retrieved from /home/airflow/.local/lib/python3.8/site-packages/airflow/example_dags/example_nested_branch_dag.py
[2024-01-30T22:01:12.272+0000] {logging_mixin.py:188} INFO - [2024-01-30T22:01:12.272+0000] {dag.py:3036} INFO - Sync 1 DAGs
[2024-01-30T22:01:12.296+0000] {logging_mixin.py:188} INFO - [2024-01-30T22:01:12.296+0000] {dag.py:3823} INFO - Setting next_dagrun for example_nested_branch_dag to 2024-01-29 00:00:00+00:00, run_after=2024-01-30 00:00:00+00:00
[2024-01-30T22:01:12.362+0000] {processor.py:183} INFO - Processing /home/airflow/.local/lib/python3.8/site-packages/airflow/example_dags/example_nested_branch_dag.py took 0.129 seconds
[2024-01-30T22:01:42.521+0000] {processor.py:161} INFO - Started process (PID=973) to work on /home/airflow/.local/lib/python3.8/site-packages/airflow/example_dags/example_nested_branch_dag.py
[2024-01-30T22:01:42.522+0000] {processor.py:830} INFO - Processing file /home/airflow/.local/lib/python3.8/site-packages/airflow/example_dags/example_nested_branch_dag.py for tasks to queue
[2024-01-30T22:01:42.524+0000] {logging_mixin.py:188} INFO - [2024-01-30T22:01:42.523+0000] {dagbag.py:538} INFO - Filling up the DagBag from /home/airflow/.local/lib/python3.8/site-packages/airflow/example_dags/example_nested_branch_dag.py
[2024-01-30T22:01:42.533+0000] {processor.py:840} INFO - DAG(s) 'example_nested_branch_dag' retrieved from /home/airflow/.local/lib/python3.8/site-packages/airflow/example_dags/example_nested_branch_dag.py
[2024-01-30T22:01:42.558+0000] {logging_mixin.py:188} INFO - [2024-01-30T22:01:42.558+0000] {dag.py:3036} INFO - Sync 1 DAGs
[2024-01-30T22:01:42.582+0000] {logging_mixin.py:188} INFO - [2024-01-30T22:01:42.582+0000] {dag.py:3823} INFO - Setting next_dagrun for example_nested_branch_dag to 2024-01-29 00:00:00+00:00, run_after=2024-01-30 00:00:00+00:00
[2024-01-30T22:01:42.609+0000] {processor.py:183} INFO - Processing /home/airflow/.local/lib/python3.8/site-packages/airflow/example_dags/example_nested_branch_dag.py took 0.090 seconds
[2024-01-30T22:02:13.001+0000] {processor.py:161} INFO - Started process (PID=1031) to work on /home/airflow/.local/lib/python3.8/site-packages/airflow/example_dags/example_nested_branch_dag.py
[2024-01-30T22:02:13.003+0000] {processor.py:830} INFO - Processing file /home/airflow/.local/lib/python3.8/site-packages/airflow/example_dags/example_nested_branch_dag.py for tasks to queue
[2024-01-30T22:02:13.004+0000] {logging_mixin.py:188} INFO - [2024-01-30T22:02:13.004+0000] {dagbag.py:538} INFO - Filling up the DagBag from /home/airflow/.local/lib/python3.8/site-packages/airflow/example_dags/example_nested_branch_dag.py
[2024-01-30T22:02:13.013+0000] {processor.py:840} INFO - DAG(s) 'example_nested_branch_dag' retrieved from /home/airflow/.local/lib/python3.8/site-packages/airflow/example_dags/example_nested_branch_dag.py
[2024-01-30T22:02:13.037+0000] {logging_mixin.py:188} INFO - [2024-01-30T22:02:13.037+0000] {dag.py:3036} INFO - Sync 1 DAGs
[2024-01-30T22:02:13.062+0000] {logging_mixin.py:188} INFO - [2024-01-30T22:02:13.062+0000] {dag.py:3823} INFO - Setting next_dagrun for example_nested_branch_dag to 2024-01-29 00:00:00+00:00, run_after=2024-01-30 00:00:00+00:00
[2024-01-30T22:02:13.122+0000] {processor.py:183} INFO - Processing /home/airflow/.local/lib/python3.8/site-packages/airflow/example_dags/example_nested_branch_dag.py took 0.124 seconds
[2024-01-30T22:02:44.037+0000] {processor.py:161} INFO - Started process (PID=1088) to work on /home/airflow/.local/lib/python3.8/site-packages/airflow/example_dags/example_nested_branch_dag.py
[2024-01-30T22:02:44.054+0000] {processor.py:830} INFO - Processing file /home/airflow/.local/lib/python3.8/site-packages/airflow/example_dags/example_nested_branch_dag.py for tasks to queue
[2024-01-30T22:02:44.072+0000] {logging_mixin.py:188} INFO - [2024-01-30T22:02:44.065+0000] {dagbag.py:538} INFO - Filling up the DagBag from /home/airflow/.local/lib/python3.8/site-packages/airflow/example_dags/example_nested_branch_dag.py
[2024-01-30T22:02:44.296+0000] {processor.py:840} INFO - DAG(s) 'example_nested_branch_dag' retrieved from /home/airflow/.local/lib/python3.8/site-packages/airflow/example_dags/example_nested_branch_dag.py
[2024-01-30T22:02:44.740+0000] {logging_mixin.py:188} INFO - [2024-01-30T22:02:44.738+0000] {dag.py:3036} INFO - Sync 1 DAGs
[2024-01-30T22:02:45.446+0000] {logging_mixin.py:188} INFO - [2024-01-30T22:02:45.444+0000] {dag.py:3823} INFO - Setting next_dagrun for example_nested_branch_dag to 2024-01-29 00:00:00+00:00, run_after=2024-01-30 00:00:00+00:00
[2024-01-30T22:02:45.987+0000] {processor.py:183} INFO - Processing /home/airflow/.local/lib/python3.8/site-packages/airflow/example_dags/example_nested_branch_dag.py took 1.981 seconds
[2024-01-30T22:03:16.799+0000] {processor.py:161} INFO - Started process (PID=1145) to work on /home/airflow/.local/lib/python3.8/site-packages/airflow/example_dags/example_nested_branch_dag.py
[2024-01-30T22:03:16.800+0000] {processor.py:830} INFO - Processing file /home/airflow/.local/lib/python3.8/site-packages/airflow/example_dags/example_nested_branch_dag.py for tasks to queue
[2024-01-30T22:03:16.801+0000] {logging_mixin.py:188} INFO - [2024-01-30T22:03:16.801+0000] {dagbag.py:538} INFO - Filling up the DagBag from /home/airflow/.local/lib/python3.8/site-packages/airflow/example_dags/example_nested_branch_dag.py
[2024-01-30T22:03:16.812+0000] {processor.py:840} INFO - DAG(s) 'example_nested_branch_dag' retrieved from /home/airflow/.local/lib/python3.8/site-packages/airflow/example_dags/example_nested_branch_dag.py
[2024-01-30T22:03:16.838+0000] {logging_mixin.py:188} INFO - [2024-01-30T22:03:16.837+0000] {dag.py:3036} INFO - Sync 1 DAGs
[2024-01-30T22:03:16.870+0000] {logging_mixin.py:188} INFO - [2024-01-30T22:03:16.870+0000] {dag.py:3823} INFO - Setting next_dagrun for example_nested_branch_dag to 2024-01-29 00:00:00+00:00, run_after=2024-01-30 00:00:00+00:00
[2024-01-30T22:03:16.915+0000] {processor.py:183} INFO - Processing /home/airflow/.local/lib/python3.8/site-packages/airflow/example_dags/example_nested_branch_dag.py took 0.119 seconds
[2024-01-30T22:03:47.150+0000] {processor.py:161} INFO - Started process (PID=1208) to work on /home/airflow/.local/lib/python3.8/site-packages/airflow/example_dags/example_nested_branch_dag.py
[2024-01-30T22:03:47.151+0000] {processor.py:830} INFO - Processing file /home/airflow/.local/lib/python3.8/site-packages/airflow/example_dags/example_nested_branch_dag.py for tasks to queue
[2024-01-30T22:03:47.153+0000] {logging_mixin.py:188} INFO - [2024-01-30T22:03:47.152+0000] {dagbag.py:538} INFO - Filling up the DagBag from /home/airflow/.local/lib/python3.8/site-packages/airflow/example_dags/example_nested_branch_dag.py
[2024-01-30T22:03:47.163+0000] {processor.py:840} INFO - DAG(s) 'example_nested_branch_dag' retrieved from /home/airflow/.local/lib/python3.8/site-packages/airflow/example_dags/example_nested_branch_dag.py
[2024-01-30T22:03:47.188+0000] {logging_mixin.py:188} INFO - [2024-01-30T22:03:47.187+0000] {dag.py:3036} INFO - Sync 1 DAGs
[2024-01-30T22:03:47.213+0000] {logging_mixin.py:188} INFO - [2024-01-30T22:03:47.213+0000] {dag.py:3823} INFO - Setting next_dagrun for example_nested_branch_dag to 2024-01-29 00:00:00+00:00, run_after=2024-01-30 00:00:00+00:00
[2024-01-30T22:03:47.282+0000] {processor.py:183} INFO - Processing /home/airflow/.local/lib/python3.8/site-packages/airflow/example_dags/example_nested_branch_dag.py took 0.135 seconds
[2024-01-30T22:04:17.495+0000] {processor.py:161} INFO - Started process (PID=1271) to work on /home/airflow/.local/lib/python3.8/site-packages/airflow/example_dags/example_nested_branch_dag.py
[2024-01-30T22:04:17.496+0000] {processor.py:830} INFO - Processing file /home/airflow/.local/lib/python3.8/site-packages/airflow/example_dags/example_nested_branch_dag.py for tasks to queue
[2024-01-30T22:04:17.497+0000] {logging_mixin.py:188} INFO - [2024-01-30T22:04:17.497+0000] {dagbag.py:538} INFO - Filling up the DagBag from /home/airflow/.local/lib/python3.8/site-packages/airflow/example_dags/example_nested_branch_dag.py
[2024-01-30T22:04:17.507+0000] {processor.py:840} INFO - DAG(s) 'example_nested_branch_dag' retrieved from /home/airflow/.local/lib/python3.8/site-packages/airflow/example_dags/example_nested_branch_dag.py
[2024-01-30T22:04:17.532+0000] {logging_mixin.py:188} INFO - [2024-01-30T22:04:17.532+0000] {dag.py:3036} INFO - Sync 1 DAGs
[2024-01-30T22:04:17.558+0000] {logging_mixin.py:188} INFO - [2024-01-30T22:04:17.558+0000] {dag.py:3823} INFO - Setting next_dagrun for example_nested_branch_dag to 2024-01-29 00:00:00+00:00, run_after=2024-01-30 00:00:00+00:00
[2024-01-30T22:04:17.585+0000] {processor.py:183} INFO - Processing /home/airflow/.local/lib/python3.8/site-packages/airflow/example_dags/example_nested_branch_dag.py took 0.092 seconds
[2024-01-30T22:04:47.798+0000] {processor.py:161} INFO - Started process (PID=1328) to work on /home/airflow/.local/lib/python3.8/site-packages/airflow/example_dags/example_nested_branch_dag.py
[2024-01-30T22:04:47.799+0000] {processor.py:830} INFO - Processing file /home/airflow/.local/lib/python3.8/site-packages/airflow/example_dags/example_nested_branch_dag.py for tasks to queue
[2024-01-30T22:04:47.800+0000] {logging_mixin.py:188} INFO - [2024-01-30T22:04:47.800+0000] {dagbag.py:538} INFO - Filling up the DagBag from /home/airflow/.local/lib/python3.8/site-packages/airflow/example_dags/example_nested_branch_dag.py
[2024-01-30T22:04:47.809+0000] {processor.py:840} INFO - DAG(s) 'example_nested_branch_dag' retrieved from /home/airflow/.local/lib/python3.8/site-packages/airflow/example_dags/example_nested_branch_dag.py
[2024-01-30T22:04:47.832+0000] {logging_mixin.py:188} INFO - [2024-01-30T22:04:47.831+0000] {dag.py:3036} INFO - Sync 1 DAGs
[2024-01-30T22:04:47.855+0000] {logging_mixin.py:188} INFO - [2024-01-30T22:04:47.854+0000] {dag.py:3823} INFO - Setting next_dagrun for example_nested_branch_dag to 2024-01-29 00:00:00+00:00, run_after=2024-01-30 00:00:00+00:00
[2024-01-30T22:04:47.882+0000] {processor.py:183} INFO - Processing /home/airflow/.local/lib/python3.8/site-packages/airflow/example_dags/example_nested_branch_dag.py took 0.087 seconds
[2024-01-30T22:05:18.273+0000] {processor.py:161} INFO - Started process (PID=1385) to work on /home/airflow/.local/lib/python3.8/site-packages/airflow/example_dags/example_nested_branch_dag.py
[2024-01-30T22:05:18.274+0000] {processor.py:830} INFO - Processing file /home/airflow/.local/lib/python3.8/site-packages/airflow/example_dags/example_nested_branch_dag.py for tasks to queue
[2024-01-30T22:05:18.275+0000] {logging_mixin.py:188} INFO - [2024-01-30T22:05:18.275+0000] {dagbag.py:538} INFO - Filling up the DagBag from /home/airflow/.local/lib/python3.8/site-packages/airflow/example_dags/example_nested_branch_dag.py
[2024-01-30T22:05:18.284+0000] {processor.py:840} INFO - DAG(s) 'example_nested_branch_dag' retrieved from /home/airflow/.local/lib/python3.8/site-packages/airflow/example_dags/example_nested_branch_dag.py
[2024-01-30T22:05:18.309+0000] {logging_mixin.py:188} INFO - [2024-01-30T22:05:18.309+0000] {dag.py:3036} INFO - Sync 1 DAGs
[2024-01-30T22:05:18.334+0000] {logging_mixin.py:188} INFO - [2024-01-30T22:05:18.334+0000] {dag.py:3823} INFO - Setting next_dagrun for example_nested_branch_dag to 2024-01-29 00:00:00+00:00, run_after=2024-01-30 00:00:00+00:00
[2024-01-30T22:05:18.366+0000] {processor.py:183} INFO - Processing /home/airflow/.local/lib/python3.8/site-packages/airflow/example_dags/example_nested_branch_dag.py took 0.095 seconds
[2024-01-30T22:05:49.843+0000] {processor.py:161} INFO - Started process (PID=1442) to work on /home/airflow/.local/lib/python3.8/site-packages/airflow/example_dags/example_nested_branch_dag.py
[2024-01-30T22:05:49.845+0000] {processor.py:830} INFO - Processing file /home/airflow/.local/lib/python3.8/site-packages/airflow/example_dags/example_nested_branch_dag.py for tasks to queue
[2024-01-30T22:05:49.846+0000] {logging_mixin.py:188} INFO - [2024-01-30T22:05:49.846+0000] {dagbag.py:538} INFO - Filling up the DagBag from /home/airflow/.local/lib/python3.8/site-packages/airflow/example_dags/example_nested_branch_dag.py
[2024-01-30T22:05:49.855+0000] {processor.py:840} INFO - DAG(s) 'example_nested_branch_dag' retrieved from /home/airflow/.local/lib/python3.8/site-packages/airflow/example_dags/example_nested_branch_dag.py
[2024-01-30T22:05:49.876+0000] {logging_mixin.py:188} INFO - [2024-01-30T22:05:49.876+0000] {dag.py:3036} INFO - Sync 1 DAGs
[2024-01-30T22:05:49.901+0000] {logging_mixin.py:188} INFO - [2024-01-30T22:05:49.900+0000] {dag.py:3823} INFO - Setting next_dagrun for example_nested_branch_dag to 2024-01-29 00:00:00+00:00, run_after=2024-01-30 00:00:00+00:00
[2024-01-30T22:05:49.930+0000] {processor.py:183} INFO - Processing /home/airflow/.local/lib/python3.8/site-packages/airflow/example_dags/example_nested_branch_dag.py took 0.089 seconds
[2024-01-30T22:06:20.214+0000] {processor.py:161} INFO - Started process (PID=1498) to work on /home/airflow/.local/lib/python3.8/site-packages/airflow/example_dags/example_nested_branch_dag.py
[2024-01-30T22:06:20.216+0000] {processor.py:830} INFO - Processing file /home/airflow/.local/lib/python3.8/site-packages/airflow/example_dags/example_nested_branch_dag.py for tasks to queue
[2024-01-30T22:06:20.217+0000] {logging_mixin.py:188} INFO - [2024-01-30T22:06:20.217+0000] {dagbag.py:538} INFO - Filling up the DagBag from /home/airflow/.local/lib/python3.8/site-packages/airflow/example_dags/example_nested_branch_dag.py
[2024-01-30T22:06:20.226+0000] {processor.py:840} INFO - DAG(s) 'example_nested_branch_dag' retrieved from /home/airflow/.local/lib/python3.8/site-packages/airflow/example_dags/example_nested_branch_dag.py
[2024-01-30T22:06:20.249+0000] {logging_mixin.py:188} INFO - [2024-01-30T22:06:20.249+0000] {dag.py:3036} INFO - Sync 1 DAGs
[2024-01-30T22:06:20.276+0000] {logging_mixin.py:188} INFO - [2024-01-30T22:06:20.275+0000] {dag.py:3823} INFO - Setting next_dagrun for example_nested_branch_dag to 2024-01-29 00:00:00+00:00, run_after=2024-01-30 00:00:00+00:00
[2024-01-30T22:06:20.301+0000] {processor.py:183} INFO - Processing /home/airflow/.local/lib/python3.8/site-packages/airflow/example_dags/example_nested_branch_dag.py took 0.089 seconds
[2024-01-30T22:06:50.393+0000] {processor.py:161} INFO - Started process (PID=1554) to work on /home/airflow/.local/lib/python3.8/site-packages/airflow/example_dags/example_nested_branch_dag.py
[2024-01-30T22:06:50.394+0000] {processor.py:830} INFO - Processing file /home/airflow/.local/lib/python3.8/site-packages/airflow/example_dags/example_nested_branch_dag.py for tasks to queue
[2024-01-30T22:06:50.395+0000] {logging_mixin.py:188} INFO - [2024-01-30T22:06:50.395+0000] {dagbag.py:538} INFO - Filling up the DagBag from /home/airflow/.local/lib/python3.8/site-packages/airflow/example_dags/example_nested_branch_dag.py
[2024-01-30T22:06:50.404+0000] {processor.py:840} INFO - DAG(s) 'example_nested_branch_dag' retrieved from /home/airflow/.local/lib/python3.8/site-packages/airflow/example_dags/example_nested_branch_dag.py
[2024-01-30T22:06:50.428+0000] {logging_mixin.py:188} INFO - [2024-01-30T22:06:50.427+0000] {dag.py:3036} INFO - Sync 1 DAGs
[2024-01-30T22:06:50.453+0000] {logging_mixin.py:188} INFO - [2024-01-30T22:06:50.452+0000] {dag.py:3823} INFO - Setting next_dagrun for example_nested_branch_dag to 2024-01-29 00:00:00+00:00, run_after=2024-01-30 00:00:00+00:00
[2024-01-30T22:06:50.527+0000] {processor.py:183} INFO - Processing /home/airflow/.local/lib/python3.8/site-packages/airflow/example_dags/example_nested_branch_dag.py took 0.136 seconds
[2024-01-30T22:07:20.758+0000] {processor.py:161} INFO - Started process (PID=1611) to work on /home/airflow/.local/lib/python3.8/site-packages/airflow/example_dags/example_nested_branch_dag.py
[2024-01-30T22:07:20.759+0000] {processor.py:830} INFO - Processing file /home/airflow/.local/lib/python3.8/site-packages/airflow/example_dags/example_nested_branch_dag.py for tasks to queue
[2024-01-30T22:07:20.760+0000] {logging_mixin.py:188} INFO - [2024-01-30T22:07:20.760+0000] {dagbag.py:538} INFO - Filling up the DagBag from /home/airflow/.local/lib/python3.8/site-packages/airflow/example_dags/example_nested_branch_dag.py
[2024-01-30T22:07:20.769+0000] {processor.py:840} INFO - DAG(s) 'example_nested_branch_dag' retrieved from /home/airflow/.local/lib/python3.8/site-packages/airflow/example_dags/example_nested_branch_dag.py
[2024-01-30T22:07:20.794+0000] {logging_mixin.py:188} INFO - [2024-01-30T22:07:20.794+0000] {dag.py:3036} INFO - Sync 1 DAGs
[2024-01-30T22:07:20.820+0000] {logging_mixin.py:188} INFO - [2024-01-30T22:07:20.820+0000] {dag.py:3823} INFO - Setting next_dagrun for example_nested_branch_dag to 2024-01-29 00:00:00+00:00, run_after=2024-01-30 00:00:00+00:00
[2024-01-30T22:07:20.896+0000] {processor.py:183} INFO - Processing /home/airflow/.local/lib/python3.8/site-packages/airflow/example_dags/example_nested_branch_dag.py took 0.141 seconds
[2024-01-30T22:07:52.219+0000] {processor.py:161} INFO - Started process (PID=1668) to work on /home/airflow/.local/lib/python3.8/site-packages/airflow/example_dags/example_nested_branch_dag.py
[2024-01-30T22:07:52.271+0000] {processor.py:830} INFO - Processing file /home/airflow/.local/lib/python3.8/site-packages/airflow/example_dags/example_nested_branch_dag.py for tasks to queue
[2024-01-30T22:07:52.291+0000] {logging_mixin.py:188} INFO - [2024-01-30T22:07:52.280+0000] {dagbag.py:538} INFO - Filling up the DagBag from /home/airflow/.local/lib/python3.8/site-packages/airflow/example_dags/example_nested_branch_dag.py
[2024-01-30T22:07:52.549+0000] {processor.py:840} INFO - DAG(s) 'example_nested_branch_dag' retrieved from /home/airflow/.local/lib/python3.8/site-packages/airflow/example_dags/example_nested_branch_dag.py
[2024-01-30T22:07:53.124+0000] {logging_mixin.py:188} INFO - [2024-01-30T22:07:53.122+0000] {dag.py:3036} INFO - Sync 1 DAGs
[2024-01-30T22:07:53.812+0000] {logging_mixin.py:188} INFO - [2024-01-30T22:07:53.800+0000] {dag.py:3823} INFO - Setting next_dagrun for example_nested_branch_dag to 2024-01-29 00:00:00+00:00, run_after=2024-01-30 00:00:00+00:00
[2024-01-30T22:07:54.012+0000] {processor.py:183} INFO - Processing /home/airflow/.local/lib/python3.8/site-packages/airflow/example_dags/example_nested_branch_dag.py took 1.857 seconds
[2024-01-30T22:08:24.222+0000] {processor.py:161} INFO - Started process (PID=1725) to work on /home/airflow/.local/lib/python3.8/site-packages/airflow/example_dags/example_nested_branch_dag.py
[2024-01-30T22:08:24.223+0000] {processor.py:830} INFO - Processing file /home/airflow/.local/lib/python3.8/site-packages/airflow/example_dags/example_nested_branch_dag.py for tasks to queue
[2024-01-30T22:08:24.224+0000] {logging_mixin.py:188} INFO - [2024-01-30T22:08:24.224+0000] {dagbag.py:538} INFO - Filling up the DagBag from /home/airflow/.local/lib/python3.8/site-packages/airflow/example_dags/example_nested_branch_dag.py
[2024-01-30T22:08:24.234+0000] {processor.py:840} INFO - DAG(s) 'example_nested_branch_dag' retrieved from /home/airflow/.local/lib/python3.8/site-packages/airflow/example_dags/example_nested_branch_dag.py
[2024-01-30T22:08:24.258+0000] {logging_mixin.py:188} INFO - [2024-01-30T22:08:24.258+0000] {dag.py:3036} INFO - Sync 1 DAGs
[2024-01-30T22:08:24.286+0000] {logging_mixin.py:188} INFO - [2024-01-30T22:08:24.285+0000] {dag.py:3823} INFO - Setting next_dagrun for example_nested_branch_dag to 2024-01-29 00:00:00+00:00, run_after=2024-01-30 00:00:00+00:00
[2024-01-30T22:08:24.381+0000] {processor.py:183} INFO - Processing /home/airflow/.local/lib/python3.8/site-packages/airflow/example_dags/example_nested_branch_dag.py took 0.162 seconds
[2024-01-30T22:08:55.137+0000] {processor.py:161} INFO - Started process (PID=1783) to work on /home/airflow/.local/lib/python3.8/site-packages/airflow/example_dags/example_nested_branch_dag.py
[2024-01-30T22:08:55.138+0000] {processor.py:830} INFO - Processing file /home/airflow/.local/lib/python3.8/site-packages/airflow/example_dags/example_nested_branch_dag.py for tasks to queue
[2024-01-30T22:08:55.140+0000] {logging_mixin.py:188} INFO - [2024-01-30T22:08:55.139+0000] {dagbag.py:538} INFO - Filling up the DagBag from /home/airflow/.local/lib/python3.8/site-packages/airflow/example_dags/example_nested_branch_dag.py
[2024-01-30T22:08:55.151+0000] {processor.py:840} INFO - DAG(s) 'example_nested_branch_dag' retrieved from /home/airflow/.local/lib/python3.8/site-packages/airflow/example_dags/example_nested_branch_dag.py
[2024-01-30T22:08:55.197+0000] {logging_mixin.py:188} INFO - [2024-01-30T22:08:55.197+0000] {dag.py:3036} INFO - Sync 1 DAGs
[2024-01-30T22:08:55.234+0000] {logging_mixin.py:188} INFO - [2024-01-30T22:08:55.233+0000] {dag.py:3823} INFO - Setting next_dagrun for example_nested_branch_dag to 2024-01-29 00:00:00+00:00, run_after=2024-01-30 00:00:00+00:00
[2024-01-30T22:08:55.270+0000] {processor.py:183} INFO - Processing /home/airflow/.local/lib/python3.8/site-packages/airflow/example_dags/example_nested_branch_dag.py took 0.137 seconds
[2024-01-30T22:09:25.561+0000] {processor.py:161} INFO - Started process (PID=1840) to work on /home/airflow/.local/lib/python3.8/site-packages/airflow/example_dags/example_nested_branch_dag.py
[2024-01-30T22:09:25.562+0000] {processor.py:830} INFO - Processing file /home/airflow/.local/lib/python3.8/site-packages/airflow/example_dags/example_nested_branch_dag.py for tasks to queue
[2024-01-30T22:09:25.563+0000] {logging_mixin.py:188} INFO - [2024-01-30T22:09:25.563+0000] {dagbag.py:538} INFO - Filling up the DagBag from /home/airflow/.local/lib/python3.8/site-packages/airflow/example_dags/example_nested_branch_dag.py
[2024-01-30T22:09:25.571+0000] {processor.py:840} INFO - DAG(s) 'example_nested_branch_dag' retrieved from /home/airflow/.local/lib/python3.8/site-packages/airflow/example_dags/example_nested_branch_dag.py
[2024-01-30T22:09:25.585+0000] {logging_mixin.py:188} INFO - [2024-01-30T22:09:25.584+0000] {dag.py:3036} INFO - Sync 1 DAGs
[2024-01-30T22:09:25.607+0000] {logging_mixin.py:188} INFO - [2024-01-30T22:09:25.607+0000] {dag.py:3823} INFO - Setting next_dagrun for example_nested_branch_dag to 2024-01-29 00:00:00+00:00, run_after=2024-01-30 00:00:00+00:00
[2024-01-30T22:09:25.632+0000] {processor.py:183} INFO - Processing /home/airflow/.local/lib/python3.8/site-packages/airflow/example_dags/example_nested_branch_dag.py took 0.074 seconds
[2024-01-30T22:09:56.019+0000] {processor.py:161} INFO - Started process (PID=1897) to work on /home/airflow/.local/lib/python3.8/site-packages/airflow/example_dags/example_nested_branch_dag.py
[2024-01-30T22:09:56.020+0000] {processor.py:830} INFO - Processing file /home/airflow/.local/lib/python3.8/site-packages/airflow/example_dags/example_nested_branch_dag.py for tasks to queue
[2024-01-30T22:09:56.022+0000] {logging_mixin.py:188} INFO - [2024-01-30T22:09:56.021+0000] {dagbag.py:538} INFO - Filling up the DagBag from /home/airflow/.local/lib/python3.8/site-packages/airflow/example_dags/example_nested_branch_dag.py
[2024-01-30T22:09:56.032+0000] {processor.py:840} INFO - DAG(s) 'example_nested_branch_dag' retrieved from /home/airflow/.local/lib/python3.8/site-packages/airflow/example_dags/example_nested_branch_dag.py
[2024-01-30T22:09:56.178+0000] {logging_mixin.py:188} INFO - [2024-01-30T22:09:56.177+0000] {dag.py:3036} INFO - Sync 1 DAGs
[2024-01-30T22:09:56.211+0000] {logging_mixin.py:188} INFO - [2024-01-30T22:09:56.210+0000] {dag.py:3823} INFO - Setting next_dagrun for example_nested_branch_dag to 2024-01-29 00:00:00+00:00, run_after=2024-01-30 00:00:00+00:00
[2024-01-30T22:09:56.244+0000] {processor.py:183} INFO - Processing /home/airflow/.local/lib/python3.8/site-packages/airflow/example_dags/example_nested_branch_dag.py took 0.230 seconds
[2024-01-30T22:10:34.691+0000] {processor.py:161} INFO - Started process (PID=1955) to work on /home/airflow/.local/lib/python3.8/site-packages/airflow/example_dags/example_nested_branch_dag.py
[2024-01-30T22:10:34.693+0000] {processor.py:830} INFO - Processing file /home/airflow/.local/lib/python3.8/site-packages/airflow/example_dags/example_nested_branch_dag.py for tasks to queue
[2024-01-30T22:10:34.696+0000] {logging_mixin.py:188} INFO - [2024-01-30T22:10:34.695+0000] {dagbag.py:538} INFO - Filling up the DagBag from /home/airflow/.local/lib/python3.8/site-packages/airflow/example_dags/example_nested_branch_dag.py
[2024-01-30T22:10:34.720+0000] {processor.py:840} INFO - DAG(s) 'example_nested_branch_dag' retrieved from /home/airflow/.local/lib/python3.8/site-packages/airflow/example_dags/example_nested_branch_dag.py
[2024-01-30T22:10:34.763+0000] {logging_mixin.py:188} INFO - [2024-01-30T22:10:34.762+0000] {dag.py:3036} INFO - Sync 1 DAGs
[2024-01-30T22:10:34.808+0000] {logging_mixin.py:188} INFO - [2024-01-30T22:10:34.807+0000] {dag.py:3823} INFO - Setting next_dagrun for example_nested_branch_dag to 2024-01-29 00:00:00+00:00, run_after=2024-01-30 00:00:00+00:00
[2024-01-30T22:10:34.846+0000] {processor.py:183} INFO - Processing /home/airflow/.local/lib/python3.8/site-packages/airflow/example_dags/example_nested_branch_dag.py took 0.158 seconds
[2024-01-30T22:11:05.644+0000] {processor.py:161} INFO - Started process (PID=2011) to work on /home/airflow/.local/lib/python3.8/site-packages/airflow/example_dags/example_nested_branch_dag.py
[2024-01-30T22:11:05.646+0000] {processor.py:830} INFO - Processing file /home/airflow/.local/lib/python3.8/site-packages/airflow/example_dags/example_nested_branch_dag.py for tasks to queue
[2024-01-30T22:11:05.648+0000] {logging_mixin.py:188} INFO - [2024-01-30T22:11:05.647+0000] {dagbag.py:538} INFO - Filling up the DagBag from /home/airflow/.local/lib/python3.8/site-packages/airflow/example_dags/example_nested_branch_dag.py
[2024-01-30T22:11:05.659+0000] {processor.py:840} INFO - DAG(s) 'example_nested_branch_dag' retrieved from /home/airflow/.local/lib/python3.8/site-packages/airflow/example_dags/example_nested_branch_dag.py
[2024-01-30T22:11:05.688+0000] {logging_mixin.py:188} INFO - [2024-01-30T22:11:05.687+0000] {dag.py:3036} INFO - Sync 1 DAGs
[2024-01-30T22:11:05.719+0000] {logging_mixin.py:188} INFO - [2024-01-30T22:11:05.719+0000] {dag.py:3823} INFO - Setting next_dagrun for example_nested_branch_dag to 2024-01-29 00:00:00+00:00, run_after=2024-01-30 00:00:00+00:00
[2024-01-30T22:11:05.754+0000] {processor.py:183} INFO - Processing /home/airflow/.local/lib/python3.8/site-packages/airflow/example_dags/example_nested_branch_dag.py took 0.113 seconds
[2024-01-30T22:11:36.499+0000] {processor.py:161} INFO - Started process (PID=2068) to work on /home/airflow/.local/lib/python3.8/site-packages/airflow/example_dags/example_nested_branch_dag.py
[2024-01-30T22:11:36.500+0000] {processor.py:830} INFO - Processing file /home/airflow/.local/lib/python3.8/site-packages/airflow/example_dags/example_nested_branch_dag.py for tasks to queue
[2024-01-30T22:11:36.502+0000] {logging_mixin.py:188} INFO - [2024-01-30T22:11:36.502+0000] {dagbag.py:538} INFO - Filling up the DagBag from /home/airflow/.local/lib/python3.8/site-packages/airflow/example_dags/example_nested_branch_dag.py
[2024-01-30T22:11:36.516+0000] {processor.py:840} INFO - DAG(s) 'example_nested_branch_dag' retrieved from /home/airflow/.local/lib/python3.8/site-packages/airflow/example_dags/example_nested_branch_dag.py
[2024-01-30T22:11:36.550+0000] {logging_mixin.py:188} INFO - [2024-01-30T22:11:36.549+0000] {dag.py:3036} INFO - Sync 1 DAGs
[2024-01-30T22:11:36.585+0000] {logging_mixin.py:188} INFO - [2024-01-30T22:11:36.585+0000] {dag.py:3823} INFO - Setting next_dagrun for example_nested_branch_dag to 2024-01-29 00:00:00+00:00, run_after=2024-01-30 00:00:00+00:00
[2024-01-30T22:11:36.626+0000] {processor.py:183} INFO - Processing /home/airflow/.local/lib/python3.8/site-packages/airflow/example_dags/example_nested_branch_dag.py took 0.131 seconds
[2024-01-30T22:12:07.031+0000] {processor.py:161} INFO - Started process (PID=2125) to work on /home/airflow/.local/lib/python3.8/site-packages/airflow/example_dags/example_nested_branch_dag.py
[2024-01-30T22:12:07.032+0000] {processor.py:830} INFO - Processing file /home/airflow/.local/lib/python3.8/site-packages/airflow/example_dags/example_nested_branch_dag.py for tasks to queue
[2024-01-30T22:12:07.033+0000] {logging_mixin.py:188} INFO - [2024-01-30T22:12:07.033+0000] {dagbag.py:538} INFO - Filling up the DagBag from /home/airflow/.local/lib/python3.8/site-packages/airflow/example_dags/example_nested_branch_dag.py
[2024-01-30T22:12:07.043+0000] {processor.py:840} INFO - DAG(s) 'example_nested_branch_dag' retrieved from /home/airflow/.local/lib/python3.8/site-packages/airflow/example_dags/example_nested_branch_dag.py
[2024-01-30T22:12:07.064+0000] {logging_mixin.py:188} INFO - [2024-01-30T22:12:07.064+0000] {dag.py:3036} INFO - Sync 1 DAGs
[2024-01-30T22:12:07.090+0000] {logging_mixin.py:188} INFO - [2024-01-30T22:12:07.089+0000] {dag.py:3823} INFO - Setting next_dagrun for example_nested_branch_dag to 2024-01-29 00:00:00+00:00, run_after=2024-01-30 00:00:00+00:00
[2024-01-30T22:12:07.114+0000] {processor.py:183} INFO - Processing /home/airflow/.local/lib/python3.8/site-packages/airflow/example_dags/example_nested_branch_dag.py took 0.085 seconds
[2024-01-30T22:12:38.012+0000] {processor.py:161} INFO - Started process (PID=2183) to work on /home/airflow/.local/lib/python3.8/site-packages/airflow/example_dags/example_nested_branch_dag.py
[2024-01-30T22:12:38.014+0000] {processor.py:830} INFO - Processing file /home/airflow/.local/lib/python3.8/site-packages/airflow/example_dags/example_nested_branch_dag.py for tasks to queue
[2024-01-30T22:12:38.015+0000] {logging_mixin.py:188} INFO - [2024-01-30T22:12:38.015+0000] {dagbag.py:538} INFO - Filling up the DagBag from /home/airflow/.local/lib/python3.8/site-packages/airflow/example_dags/example_nested_branch_dag.py
[2024-01-30T22:12:38.025+0000] {processor.py:840} INFO - DAG(s) 'example_nested_branch_dag' retrieved from /home/airflow/.local/lib/python3.8/site-packages/airflow/example_dags/example_nested_branch_dag.py
[2024-01-30T22:12:38.049+0000] {logging_mixin.py:188} INFO - [2024-01-30T22:12:38.048+0000] {dag.py:3036} INFO - Sync 1 DAGs
[2024-01-30T22:12:38.076+0000] {logging_mixin.py:188} INFO - [2024-01-30T22:12:38.076+0000] {dag.py:3823} INFO - Setting next_dagrun for example_nested_branch_dag to 2024-01-29 00:00:00+00:00, run_after=2024-01-30 00:00:00+00:00
[2024-01-30T22:12:38.107+0000] {processor.py:183} INFO - Processing /home/airflow/.local/lib/python3.8/site-packages/airflow/example_dags/example_nested_branch_dag.py took 0.098 seconds
[2024-01-30T22:13:08.308+0000] {processor.py:161} INFO - Started process (PID=2240) to work on /home/airflow/.local/lib/python3.8/site-packages/airflow/example_dags/example_nested_branch_dag.py
[2024-01-30T22:13:08.310+0000] {processor.py:830} INFO - Processing file /home/airflow/.local/lib/python3.8/site-packages/airflow/example_dags/example_nested_branch_dag.py for tasks to queue
[2024-01-30T22:13:08.311+0000] {logging_mixin.py:188} INFO - [2024-01-30T22:13:08.311+0000] {dagbag.py:538} INFO - Filling up the DagBag from /home/airflow/.local/lib/python3.8/site-packages/airflow/example_dags/example_nested_branch_dag.py
[2024-01-30T22:13:08.326+0000] {processor.py:840} INFO - DAG(s) 'example_nested_branch_dag' retrieved from /home/airflow/.local/lib/python3.8/site-packages/airflow/example_dags/example_nested_branch_dag.py
[2024-01-30T22:13:08.357+0000] {logging_mixin.py:188} INFO - [2024-01-30T22:13:08.356+0000] {dag.py:3036} INFO - Sync 1 DAGs
[2024-01-30T22:13:08.393+0000] {logging_mixin.py:188} INFO - [2024-01-30T22:13:08.392+0000] {dag.py:3823} INFO - Setting next_dagrun for example_nested_branch_dag to 2024-01-29 00:00:00+00:00, run_after=2024-01-30 00:00:00+00:00
[2024-01-30T22:13:08.431+0000] {processor.py:183} INFO - Processing /home/airflow/.local/lib/python3.8/site-packages/airflow/example_dags/example_nested_branch_dag.py took 0.125 seconds
[2024-01-30T22:13:39.142+0000] {processor.py:161} INFO - Started process (PID=2297) to work on /home/airflow/.local/lib/python3.8/site-packages/airflow/example_dags/example_nested_branch_dag.py
[2024-01-30T22:13:39.144+0000] {processor.py:830} INFO - Processing file /home/airflow/.local/lib/python3.8/site-packages/airflow/example_dags/example_nested_branch_dag.py for tasks to queue
[2024-01-30T22:13:39.146+0000] {logging_mixin.py:188} INFO - [2024-01-30T22:13:39.146+0000] {dagbag.py:538} INFO - Filling up the DagBag from /home/airflow/.local/lib/python3.8/site-packages/airflow/example_dags/example_nested_branch_dag.py
[2024-01-30T22:13:39.160+0000] {processor.py:840} INFO - DAG(s) 'example_nested_branch_dag' retrieved from /home/airflow/.local/lib/python3.8/site-packages/airflow/example_dags/example_nested_branch_dag.py
[2024-01-30T22:13:39.192+0000] {logging_mixin.py:188} INFO - [2024-01-30T22:13:39.192+0000] {dag.py:3036} INFO - Sync 1 DAGs
[2024-01-30T22:13:39.226+0000] {logging_mixin.py:188} INFO - [2024-01-30T22:13:39.226+0000] {dag.py:3823} INFO - Setting next_dagrun for example_nested_branch_dag to 2024-01-29 00:00:00+00:00, run_after=2024-01-30 00:00:00+00:00
[2024-01-30T22:13:39.260+0000] {processor.py:183} INFO - Processing /home/airflow/.local/lib/python3.8/site-packages/airflow/example_dags/example_nested_branch_dag.py took 0.120 seconds
[2024-01-30T22:14:11.344+0000] {processor.py:161} INFO - Started process (PID=2354) to work on /home/airflow/.local/lib/python3.8/site-packages/airflow/example_dags/example_nested_branch_dag.py
[2024-01-30T22:14:11.356+0000] {processor.py:830} INFO - Processing file /home/airflow/.local/lib/python3.8/site-packages/airflow/example_dags/example_nested_branch_dag.py for tasks to queue
[2024-01-30T22:14:11.366+0000] {logging_mixin.py:188} INFO - [2024-01-30T22:14:11.363+0000] {dagbag.py:538} INFO - Filling up the DagBag from /home/airflow/.local/lib/python3.8/site-packages/airflow/example_dags/example_nested_branch_dag.py
[2024-01-30T22:14:11.486+0000] {processor.py:840} INFO - DAG(s) 'example_nested_branch_dag' retrieved from /home/airflow/.local/lib/python3.8/site-packages/airflow/example_dags/example_nested_branch_dag.py
[2024-01-30T22:14:11.776+0000] {logging_mixin.py:188} INFO - [2024-01-30T22:14:11.767+0000] {dag.py:3036} INFO - Sync 1 DAGs
[2024-01-30T22:14:12.145+0000] {logging_mixin.py:188} INFO - [2024-01-30T22:14:12.142+0000] {dag.py:3823} INFO - Setting next_dagrun for example_nested_branch_dag to 2024-01-29 00:00:00+00:00, run_after=2024-01-30 00:00:00+00:00
[2024-01-30T22:14:12.520+0000] {processor.py:183} INFO - Processing /home/airflow/.local/lib/python3.8/site-packages/airflow/example_dags/example_nested_branch_dag.py took 1.200 seconds
[2024-01-30T22:14:43.275+0000] {processor.py:161} INFO - Started process (PID=2412) to work on /home/airflow/.local/lib/python3.8/site-packages/airflow/example_dags/example_nested_branch_dag.py
[2024-01-30T22:14:43.276+0000] {processor.py:830} INFO - Processing file /home/airflow/.local/lib/python3.8/site-packages/airflow/example_dags/example_nested_branch_dag.py for tasks to queue
[2024-01-30T22:14:43.277+0000] {logging_mixin.py:188} INFO - [2024-01-30T22:14:43.277+0000] {dagbag.py:538} INFO - Filling up the DagBag from /home/airflow/.local/lib/python3.8/site-packages/airflow/example_dags/example_nested_branch_dag.py
[2024-01-30T22:14:43.287+0000] {processor.py:840} INFO - DAG(s) 'example_nested_branch_dag' retrieved from /home/airflow/.local/lib/python3.8/site-packages/airflow/example_dags/example_nested_branch_dag.py
[2024-01-30T22:14:43.312+0000] {logging_mixin.py:188} INFO - [2024-01-30T22:14:43.311+0000] {dag.py:3036} INFO - Sync 1 DAGs
[2024-01-30T22:14:43.341+0000] {logging_mixin.py:188} INFO - [2024-01-30T22:14:43.341+0000] {dag.py:3823} INFO - Setting next_dagrun for example_nested_branch_dag to 2024-01-29 00:00:00+00:00, run_after=2024-01-30 00:00:00+00:00
[2024-01-30T22:14:43.374+0000] {processor.py:183} INFO - Processing /home/airflow/.local/lib/python3.8/site-packages/airflow/example_dags/example_nested_branch_dag.py took 0.101 seconds
[2024-01-30T22:15:15.063+0000] {processor.py:161} INFO - Started process (PID=2469) to work on /home/airflow/.local/lib/python3.8/site-packages/airflow/example_dags/example_nested_branch_dag.py
[2024-01-30T22:15:15.074+0000] {processor.py:830} INFO - Processing file /home/airflow/.local/lib/python3.8/site-packages/airflow/example_dags/example_nested_branch_dag.py for tasks to queue
[2024-01-30T22:15:15.091+0000] {logging_mixin.py:188} INFO - [2024-01-30T22:15:15.089+0000] {dagbag.py:538} INFO - Filling up the DagBag from /home/airflow/.local/lib/python3.8/site-packages/airflow/example_dags/example_nested_branch_dag.py
[2024-01-30T22:15:15.449+0000] {processor.py:840} INFO - DAG(s) 'example_nested_branch_dag' retrieved from /home/airflow/.local/lib/python3.8/site-packages/airflow/example_dags/example_nested_branch_dag.py
[2024-01-30T22:15:15.881+0000] {logging_mixin.py:188} INFO - [2024-01-30T22:15:15.866+0000] {dag.py:3036} INFO - Sync 1 DAGs
[2024-01-30T22:15:16.421+0000] {logging_mixin.py:188} INFO - [2024-01-30T22:15:16.418+0000] {dag.py:3823} INFO - Setting next_dagrun for example_nested_branch_dag to 2024-01-29 00:00:00+00:00, run_after=2024-01-30 00:00:00+00:00
[2024-01-30T22:15:16.843+0000] {processor.py:183} INFO - Processing /home/airflow/.local/lib/python3.8/site-packages/airflow/example_dags/example_nested_branch_dag.py took 1.834 seconds
[2024-01-30T22:15:47.424+0000] {processor.py:161} INFO - Started process (PID=2531) to work on /home/airflow/.local/lib/python3.8/site-packages/airflow/example_dags/example_nested_branch_dag.py
[2024-01-30T22:15:47.426+0000] {processor.py:830} INFO - Processing file /home/airflow/.local/lib/python3.8/site-packages/airflow/example_dags/example_nested_branch_dag.py for tasks to queue
[2024-01-30T22:15:47.428+0000] {logging_mixin.py:188} INFO - [2024-01-30T22:15:47.427+0000] {dagbag.py:538} INFO - Filling up the DagBag from /home/airflow/.local/lib/python3.8/site-packages/airflow/example_dags/example_nested_branch_dag.py
[2024-01-30T22:15:47.449+0000] {processor.py:840} INFO - DAG(s) 'example_nested_branch_dag' retrieved from /home/airflow/.local/lib/python3.8/site-packages/airflow/example_dags/example_nested_branch_dag.py
[2024-01-30T22:15:47.487+0000] {logging_mixin.py:188} INFO - [2024-01-30T22:15:47.487+0000] {dag.py:3036} INFO - Sync 1 DAGs
[2024-01-30T22:15:47.519+0000] {logging_mixin.py:188} INFO - [2024-01-30T22:15:47.518+0000] {dag.py:3823} INFO - Setting next_dagrun for example_nested_branch_dag to 2024-01-29 00:00:00+00:00, run_after=2024-01-30 00:00:00+00:00
[2024-01-30T22:15:47.552+0000] {processor.py:183} INFO - Processing /home/airflow/.local/lib/python3.8/site-packages/airflow/example_dags/example_nested_branch_dag.py took 0.131 seconds
[2024-01-30T22:16:18.338+0000] {processor.py:161} INFO - Started process (PID=2595) to work on /home/airflow/.local/lib/python3.8/site-packages/airflow/example_dags/example_nested_branch_dag.py
[2024-01-30T22:16:18.339+0000] {processor.py:830} INFO - Processing file /home/airflow/.local/lib/python3.8/site-packages/airflow/example_dags/example_nested_branch_dag.py for tasks to queue
[2024-01-30T22:16:18.340+0000] {logging_mixin.py:188} INFO - [2024-01-30T22:16:18.340+0000] {dagbag.py:538} INFO - Filling up the DagBag from /home/airflow/.local/lib/python3.8/site-packages/airflow/example_dags/example_nested_branch_dag.py
[2024-01-30T22:16:18.351+0000] {processor.py:840} INFO - DAG(s) 'example_nested_branch_dag' retrieved from /home/airflow/.local/lib/python3.8/site-packages/airflow/example_dags/example_nested_branch_dag.py
[2024-01-30T22:16:18.381+0000] {logging_mixin.py:188} INFO - [2024-01-30T22:16:18.381+0000] {dag.py:3036} INFO - Sync 1 DAGs
[2024-01-30T22:16:18.411+0000] {logging_mixin.py:188} INFO - [2024-01-30T22:16:18.411+0000] {dag.py:3823} INFO - Setting next_dagrun for example_nested_branch_dag to 2024-01-29 00:00:00+00:00, run_after=2024-01-30 00:00:00+00:00
[2024-01-30T22:16:18.451+0000] {processor.py:183} INFO - Processing /home/airflow/.local/lib/python3.8/site-packages/airflow/example_dags/example_nested_branch_dag.py took 0.116 seconds
[2024-01-30T22:16:48.948+0000] {processor.py:161} INFO - Started process (PID=2652) to work on /home/airflow/.local/lib/python3.8/site-packages/airflow/example_dags/example_nested_branch_dag.py
[2024-01-30T22:16:48.949+0000] {processor.py:830} INFO - Processing file /home/airflow/.local/lib/python3.8/site-packages/airflow/example_dags/example_nested_branch_dag.py for tasks to queue
[2024-01-30T22:16:48.951+0000] {logging_mixin.py:188} INFO - [2024-01-30T22:16:48.950+0000] {dagbag.py:538} INFO - Filling up the DagBag from /home/airflow/.local/lib/python3.8/site-packages/airflow/example_dags/example_nested_branch_dag.py
[2024-01-30T22:16:48.961+0000] {processor.py:840} INFO - DAG(s) 'example_nested_branch_dag' retrieved from /home/airflow/.local/lib/python3.8/site-packages/airflow/example_dags/example_nested_branch_dag.py
[2024-01-30T22:16:48.987+0000] {logging_mixin.py:188} INFO - [2024-01-30T22:16:48.986+0000] {dag.py:3036} INFO - Sync 1 DAGs
[2024-01-30T22:16:49.022+0000] {logging_mixin.py:188} INFO - [2024-01-30T22:16:49.022+0000] {dag.py:3823} INFO - Setting next_dagrun for example_nested_branch_dag to 2024-01-29 00:00:00+00:00, run_after=2024-01-30 00:00:00+00:00
[2024-01-30T22:16:49.218+0000] {processor.py:183} INFO - Processing /home/airflow/.local/lib/python3.8/site-packages/airflow/example_dags/example_nested_branch_dag.py took 0.273 seconds
[2024-01-30T22:17:20.321+0000] {processor.py:161} INFO - Started process (PID=2709) to work on /home/airflow/.local/lib/python3.8/site-packages/airflow/example_dags/example_nested_branch_dag.py
[2024-01-30T22:17:20.340+0000] {processor.py:830} INFO - Processing file /home/airflow/.local/lib/python3.8/site-packages/airflow/example_dags/example_nested_branch_dag.py for tasks to queue
[2024-01-30T22:17:20.362+0000] {logging_mixin.py:188} INFO - [2024-01-30T22:17:20.359+0000] {dagbag.py:538} INFO - Filling up the DagBag from /home/airflow/.local/lib/python3.8/site-packages/airflow/example_dags/example_nested_branch_dag.py
[2024-01-30T22:17:20.575+0000] {processor.py:840} INFO - DAG(s) 'example_nested_branch_dag' retrieved from /home/airflow/.local/lib/python3.8/site-packages/airflow/example_dags/example_nested_branch_dag.py
[2024-01-30T22:17:20.937+0000] {logging_mixin.py:188} INFO - [2024-01-30T22:17:20.933+0000] {dag.py:3036} INFO - Sync 1 DAGs
[2024-01-30T22:17:21.233+0000] {logging_mixin.py:188} INFO - [2024-01-30T22:17:21.227+0000] {dag.py:3823} INFO - Setting next_dagrun for example_nested_branch_dag to 2024-01-29 00:00:00+00:00, run_after=2024-01-30 00:00:00+00:00
[2024-01-30T22:17:21.492+0000] {processor.py:183} INFO - Processing /home/airflow/.local/lib/python3.8/site-packages/airflow/example_dags/example_nested_branch_dag.py took 1.229 seconds
[2024-01-30T22:17:52.011+0000] {processor.py:161} INFO - Started process (PID=2767) to work on /home/airflow/.local/lib/python3.8/site-packages/airflow/example_dags/example_nested_branch_dag.py
[2024-01-30T22:17:52.012+0000] {processor.py:830} INFO - Processing file /home/airflow/.local/lib/python3.8/site-packages/airflow/example_dags/example_nested_branch_dag.py for tasks to queue
[2024-01-30T22:17:52.014+0000] {logging_mixin.py:188} INFO - [2024-01-30T22:17:52.013+0000] {dagbag.py:538} INFO - Filling up the DagBag from /home/airflow/.local/lib/python3.8/site-packages/airflow/example_dags/example_nested_branch_dag.py
[2024-01-30T22:17:52.026+0000] {processor.py:840} INFO - DAG(s) 'example_nested_branch_dag' retrieved from /home/airflow/.local/lib/python3.8/site-packages/airflow/example_dags/example_nested_branch_dag.py
[2024-01-30T22:17:52.058+0000] {logging_mixin.py:188} INFO - [2024-01-30T22:17:52.058+0000] {dag.py:3036} INFO - Sync 1 DAGs
[2024-01-30T22:17:52.087+0000] {logging_mixin.py:188} INFO - [2024-01-30T22:17:52.087+0000] {dag.py:3823} INFO - Setting next_dagrun for example_nested_branch_dag to 2024-01-29 00:00:00+00:00, run_after=2024-01-30 00:00:00+00:00
[2024-01-30T22:17:52.115+0000] {processor.py:183} INFO - Processing /home/airflow/.local/lib/python3.8/site-packages/airflow/example_dags/example_nested_branch_dag.py took 0.107 seconds
[2024-01-30T22:18:22.366+0000] {processor.py:161} INFO - Started process (PID=2823) to work on /home/airflow/.local/lib/python3.8/site-packages/airflow/example_dags/example_nested_branch_dag.py
[2024-01-30T22:18:22.368+0000] {processor.py:830} INFO - Processing file /home/airflow/.local/lib/python3.8/site-packages/airflow/example_dags/example_nested_branch_dag.py for tasks to queue
[2024-01-30T22:18:22.370+0000] {logging_mixin.py:188} INFO - [2024-01-30T22:18:22.369+0000] {dagbag.py:538} INFO - Filling up the DagBag from /home/airflow/.local/lib/python3.8/site-packages/airflow/example_dags/example_nested_branch_dag.py
[2024-01-30T22:18:22.381+0000] {processor.py:840} INFO - DAG(s) 'example_nested_branch_dag' retrieved from /home/airflow/.local/lib/python3.8/site-packages/airflow/example_dags/example_nested_branch_dag.py
[2024-01-30T22:18:22.411+0000] {logging_mixin.py:188} INFO - [2024-01-30T22:18:22.411+0000] {dag.py:3036} INFO - Sync 1 DAGs
[2024-01-30T22:18:22.450+0000] {logging_mixin.py:188} INFO - [2024-01-30T22:18:22.450+0000] {dag.py:3823} INFO - Setting next_dagrun for example_nested_branch_dag to 2024-01-29 00:00:00+00:00, run_after=2024-01-30 00:00:00+00:00
[2024-01-30T22:18:22.501+0000] {processor.py:183} INFO - Processing /home/airflow/.local/lib/python3.8/site-packages/airflow/example_dags/example_nested_branch_dag.py took 0.139 seconds
[2024-01-30T22:18:52.908+0000] {processor.py:161} INFO - Started process (PID=2881) to work on /home/airflow/.local/lib/python3.8/site-packages/airflow/example_dags/example_nested_branch_dag.py
[2024-01-30T22:18:52.909+0000] {processor.py:830} INFO - Processing file /home/airflow/.local/lib/python3.8/site-packages/airflow/example_dags/example_nested_branch_dag.py for tasks to queue
[2024-01-30T22:18:52.910+0000] {logging_mixin.py:188} INFO - [2024-01-30T22:18:52.910+0000] {dagbag.py:538} INFO - Filling up the DagBag from /home/airflow/.local/lib/python3.8/site-packages/airflow/example_dags/example_nested_branch_dag.py
[2024-01-30T22:18:52.922+0000] {processor.py:840} INFO - DAG(s) 'example_nested_branch_dag' retrieved from /home/airflow/.local/lib/python3.8/site-packages/airflow/example_dags/example_nested_branch_dag.py
[2024-01-30T22:18:52.949+0000] {logging_mixin.py:188} INFO - [2024-01-30T22:18:52.949+0000] {dag.py:3036} INFO - Sync 1 DAGs
[2024-01-30T22:18:53.128+0000] {logging_mixin.py:188} INFO - [2024-01-30T22:18:53.128+0000] {dag.py:3823} INFO - Setting next_dagrun for example_nested_branch_dag to 2024-01-29 00:00:00+00:00, run_after=2024-01-30 00:00:00+00:00
[2024-01-30T22:18:53.156+0000] {processor.py:183} INFO - Processing /home/airflow/.local/lib/python3.8/site-packages/airflow/example_dags/example_nested_branch_dag.py took 0.252 seconds
[2024-01-30T22:19:24.321+0000] {processor.py:161} INFO - Started process (PID=2939) to work on /home/airflow/.local/lib/python3.8/site-packages/airflow/example_dags/example_nested_branch_dag.py
[2024-01-30T22:19:24.322+0000] {processor.py:830} INFO - Processing file /home/airflow/.local/lib/python3.8/site-packages/airflow/example_dags/example_nested_branch_dag.py for tasks to queue
[2024-01-30T22:19:24.323+0000] {logging_mixin.py:188} INFO - [2024-01-30T22:19:24.323+0000] {dagbag.py:538} INFO - Filling up the DagBag from /home/airflow/.local/lib/python3.8/site-packages/airflow/example_dags/example_nested_branch_dag.py
[2024-01-30T22:19:24.331+0000] {processor.py:840} INFO - DAG(s) 'example_nested_branch_dag' retrieved from /home/airflow/.local/lib/python3.8/site-packages/airflow/example_dags/example_nested_branch_dag.py
[2024-01-30T22:19:24.354+0000] {logging_mixin.py:188} INFO - [2024-01-30T22:19:24.354+0000] {dag.py:3036} INFO - Sync 1 DAGs
[2024-01-30T22:19:24.378+0000] {logging_mixin.py:188} INFO - [2024-01-30T22:19:24.377+0000] {dag.py:3823} INFO - Setting next_dagrun for example_nested_branch_dag to 2024-01-29 00:00:00+00:00, run_after=2024-01-30 00:00:00+00:00
[2024-01-30T22:19:24.524+0000] {processor.py:183} INFO - Processing /home/airflow/.local/lib/python3.8/site-packages/airflow/example_dags/example_nested_branch_dag.py took 0.205 seconds
[2024-01-30T22:19:55.352+0000] {processor.py:161} INFO - Started process (PID=3003) to work on /home/airflow/.local/lib/python3.8/site-packages/airflow/example_dags/example_nested_branch_dag.py
[2024-01-30T22:19:55.354+0000] {processor.py:830} INFO - Processing file /home/airflow/.local/lib/python3.8/site-packages/airflow/example_dags/example_nested_branch_dag.py for tasks to queue
[2024-01-30T22:19:55.355+0000] {logging_mixin.py:188} INFO - [2024-01-30T22:19:55.354+0000] {dagbag.py:538} INFO - Filling up the DagBag from /home/airflow/.local/lib/python3.8/site-packages/airflow/example_dags/example_nested_branch_dag.py
[2024-01-30T22:19:55.364+0000] {processor.py:840} INFO - DAG(s) 'example_nested_branch_dag' retrieved from /home/airflow/.local/lib/python3.8/site-packages/airflow/example_dags/example_nested_branch_dag.py
[2024-01-30T22:19:55.387+0000] {logging_mixin.py:188} INFO - [2024-01-30T22:19:55.387+0000] {dag.py:3036} INFO - Sync 1 DAGs
[2024-01-30T22:19:55.411+0000] {logging_mixin.py:188} INFO - [2024-01-30T22:19:55.411+0000] {dag.py:3823} INFO - Setting next_dagrun for example_nested_branch_dag to 2024-01-29 00:00:00+00:00, run_after=2024-01-30 00:00:00+00:00
[2024-01-30T22:19:55.440+0000] {processor.py:183} INFO - Processing /home/airflow/.local/lib/python3.8/site-packages/airflow/example_dags/example_nested_branch_dag.py took 0.091 seconds
[2024-01-30T22:20:26.082+0000] {processor.py:161} INFO - Started process (PID=3060) to work on /home/airflow/.local/lib/python3.8/site-packages/airflow/example_dags/example_nested_branch_dag.py
[2024-01-30T22:20:26.083+0000] {processor.py:830} INFO - Processing file /home/airflow/.local/lib/python3.8/site-packages/airflow/example_dags/example_nested_branch_dag.py for tasks to queue
[2024-01-30T22:20:26.084+0000] {logging_mixin.py:188} INFO - [2024-01-30T22:20:26.084+0000] {dagbag.py:538} INFO - Filling up the DagBag from /home/airflow/.local/lib/python3.8/site-packages/airflow/example_dags/example_nested_branch_dag.py
[2024-01-30T22:20:26.092+0000] {processor.py:840} INFO - DAG(s) 'example_nested_branch_dag' retrieved from /home/airflow/.local/lib/python3.8/site-packages/airflow/example_dags/example_nested_branch_dag.py
[2024-01-30T22:20:26.117+0000] {logging_mixin.py:188} INFO - [2024-01-30T22:20:26.116+0000] {dag.py:3036} INFO - Sync 1 DAGs
[2024-01-30T22:20:26.139+0000] {logging_mixin.py:188} INFO - [2024-01-30T22:20:26.139+0000] {dag.py:3823} INFO - Setting next_dagrun for example_nested_branch_dag to 2024-01-29 00:00:00+00:00, run_after=2024-01-30 00:00:00+00:00
[2024-01-30T22:20:26.168+0000] {processor.py:183} INFO - Processing /home/airflow/.local/lib/python3.8/site-packages/airflow/example_dags/example_nested_branch_dag.py took 0.089 seconds
[2024-01-30T22:20:56.334+0000] {processor.py:161} INFO - Started process (PID=3117) to work on /home/airflow/.local/lib/python3.8/site-packages/airflow/example_dags/example_nested_branch_dag.py
[2024-01-30T22:20:56.335+0000] {processor.py:830} INFO - Processing file /home/airflow/.local/lib/python3.8/site-packages/airflow/example_dags/example_nested_branch_dag.py for tasks to queue
[2024-01-30T22:20:56.337+0000] {logging_mixin.py:188} INFO - [2024-01-30T22:20:56.336+0000] {dagbag.py:538} INFO - Filling up the DagBag from /home/airflow/.local/lib/python3.8/site-packages/airflow/example_dags/example_nested_branch_dag.py
[2024-01-30T22:20:56.346+0000] {processor.py:840} INFO - DAG(s) 'example_nested_branch_dag' retrieved from /home/airflow/.local/lib/python3.8/site-packages/airflow/example_dags/example_nested_branch_dag.py
[2024-01-30T22:20:56.371+0000] {logging_mixin.py:188} INFO - [2024-01-30T22:20:56.371+0000] {dag.py:3036} INFO - Sync 1 DAGs
[2024-01-30T22:20:56.396+0000] {logging_mixin.py:188} INFO - [2024-01-30T22:20:56.396+0000] {dag.py:3823} INFO - Setting next_dagrun for example_nested_branch_dag to 2024-01-29 00:00:00+00:00, run_after=2024-01-30 00:00:00+00:00
[2024-01-30T22:20:56.426+0000] {processor.py:183} INFO - Processing /home/airflow/.local/lib/python3.8/site-packages/airflow/example_dags/example_nested_branch_dag.py took 0.095 seconds
[2024-01-30T22:21:27.023+0000] {processor.py:161} INFO - Started process (PID=3174) to work on /home/airflow/.local/lib/python3.8/site-packages/airflow/example_dags/example_nested_branch_dag.py
[2024-01-30T22:21:27.025+0000] {processor.py:830} INFO - Processing file /home/airflow/.local/lib/python3.8/site-packages/airflow/example_dags/example_nested_branch_dag.py for tasks to queue
[2024-01-30T22:21:27.027+0000] {logging_mixin.py:188} INFO - [2024-01-30T22:21:27.026+0000] {dagbag.py:538} INFO - Filling up the DagBag from /home/airflow/.local/lib/python3.8/site-packages/airflow/example_dags/example_nested_branch_dag.py
[2024-01-30T22:21:27.044+0000] {processor.py:840} INFO - DAG(s) 'example_nested_branch_dag' retrieved from /home/airflow/.local/lib/python3.8/site-packages/airflow/example_dags/example_nested_branch_dag.py
[2024-01-30T22:21:27.078+0000] {logging_mixin.py:188} INFO - [2024-01-30T22:21:27.078+0000] {dag.py:3036} INFO - Sync 1 DAGs
[2024-01-30T22:21:27.112+0000] {logging_mixin.py:188} INFO - [2024-01-30T22:21:27.112+0000] {dag.py:3823} INFO - Setting next_dagrun for example_nested_branch_dag to 2024-01-29 00:00:00+00:00, run_after=2024-01-30 00:00:00+00:00
[2024-01-30T22:21:27.172+0000] {processor.py:183} INFO - Processing /home/airflow/.local/lib/python3.8/site-packages/airflow/example_dags/example_nested_branch_dag.py took 0.153 seconds
[2024-01-30T22:21:57.545+0000] {processor.py:161} INFO - Started process (PID=3231) to work on /home/airflow/.local/lib/python3.8/site-packages/airflow/example_dags/example_nested_branch_dag.py
[2024-01-30T22:21:57.546+0000] {processor.py:830} INFO - Processing file /home/airflow/.local/lib/python3.8/site-packages/airflow/example_dags/example_nested_branch_dag.py for tasks to queue
[2024-01-30T22:21:57.547+0000] {logging_mixin.py:188} INFO - [2024-01-30T22:21:57.547+0000] {dagbag.py:538} INFO - Filling up the DagBag from /home/airflow/.local/lib/python3.8/site-packages/airflow/example_dags/example_nested_branch_dag.py
[2024-01-30T22:21:57.556+0000] {processor.py:840} INFO - DAG(s) 'example_nested_branch_dag' retrieved from /home/airflow/.local/lib/python3.8/site-packages/airflow/example_dags/example_nested_branch_dag.py
[2024-01-30T22:21:57.579+0000] {logging_mixin.py:188} INFO - [2024-01-30T22:21:57.579+0000] {dag.py:3036} INFO - Sync 1 DAGs
[2024-01-30T22:21:57.602+0000] {logging_mixin.py:188} INFO - [2024-01-30T22:21:57.601+0000] {dag.py:3823} INFO - Setting next_dagrun for example_nested_branch_dag to 2024-01-29 00:00:00+00:00, run_after=2024-01-30 00:00:00+00:00
[2024-01-30T22:21:57.649+0000] {processor.py:183} INFO - Processing /home/airflow/.local/lib/python3.8/site-packages/airflow/example_dags/example_nested_branch_dag.py took 0.106 seconds
[2024-01-30T22:22:28.142+0000] {processor.py:161} INFO - Started process (PID=3288) to work on /home/airflow/.local/lib/python3.8/site-packages/airflow/example_dags/example_nested_branch_dag.py
[2024-01-30T22:22:28.143+0000] {processor.py:830} INFO - Processing file /home/airflow/.local/lib/python3.8/site-packages/airflow/example_dags/example_nested_branch_dag.py for tasks to queue
[2024-01-30T22:22:28.145+0000] {logging_mixin.py:188} INFO - [2024-01-30T22:22:28.144+0000] {dagbag.py:538} INFO - Filling up the DagBag from /home/airflow/.local/lib/python3.8/site-packages/airflow/example_dags/example_nested_branch_dag.py
[2024-01-30T22:22:28.153+0000] {processor.py:840} INFO - DAG(s) 'example_nested_branch_dag' retrieved from /home/airflow/.local/lib/python3.8/site-packages/airflow/example_dags/example_nested_branch_dag.py
[2024-01-30T22:22:28.177+0000] {logging_mixin.py:188} INFO - [2024-01-30T22:22:28.177+0000] {dag.py:3036} INFO - Sync 1 DAGs
[2024-01-30T22:22:28.201+0000] {logging_mixin.py:188} INFO - [2024-01-30T22:22:28.201+0000] {dag.py:3823} INFO - Setting next_dagrun for example_nested_branch_dag to 2024-01-29 00:00:00+00:00, run_after=2024-01-30 00:00:00+00:00
[2024-01-30T22:22:28.230+0000] {processor.py:183} INFO - Processing /home/airflow/.local/lib/python3.8/site-packages/airflow/example_dags/example_nested_branch_dag.py took 0.090 seconds
[2024-01-30T22:22:58.513+0000] {processor.py:161} INFO - Started process (PID=3345) to work on /home/airflow/.local/lib/python3.8/site-packages/airflow/example_dags/example_nested_branch_dag.py
[2024-01-30T22:22:58.515+0000] {processor.py:830} INFO - Processing file /home/airflow/.local/lib/python3.8/site-packages/airflow/example_dags/example_nested_branch_dag.py for tasks to queue
[2024-01-30T22:22:58.516+0000] {logging_mixin.py:188} INFO - [2024-01-30T22:22:58.516+0000] {dagbag.py:538} INFO - Filling up the DagBag from /home/airflow/.local/lib/python3.8/site-packages/airflow/example_dags/example_nested_branch_dag.py
[2024-01-30T22:22:58.526+0000] {processor.py:840} INFO - DAG(s) 'example_nested_branch_dag' retrieved from /home/airflow/.local/lib/python3.8/site-packages/airflow/example_dags/example_nested_branch_dag.py
[2024-01-30T22:22:58.551+0000] {logging_mixin.py:188} INFO - [2024-01-30T22:22:58.551+0000] {dag.py:3036} INFO - Sync 1 DAGs
[2024-01-30T22:22:58.580+0000] {logging_mixin.py:188} INFO - [2024-01-30T22:22:58.579+0000] {dag.py:3823} INFO - Setting next_dagrun for example_nested_branch_dag to 2024-01-29 00:00:00+00:00, run_after=2024-01-30 00:00:00+00:00
[2024-01-30T22:22:58.636+0000] {processor.py:183} INFO - Processing /home/airflow/.local/lib/python3.8/site-packages/airflow/example_dags/example_nested_branch_dag.py took 0.126 seconds
