[2024-01-30T21:53:08.054+0000] {processor.py:161} INFO - Started process (PID=49) to work on /home/airflow/.local/lib/python3.8/site-packages/airflow/example_dags/example_sensors.py
[2024-01-30T21:53:08.056+0000] {processor.py:830} INFO - Processing file /home/airflow/.local/lib/python3.8/site-packages/airflow/example_dags/example_sensors.py for tasks to queue
[2024-01-30T21:53:08.059+0000] {logging_mixin.py:188} INFO - [2024-01-30T21:53:08.059+0000] {dagbag.py:538} INFO - Filling up the DagBag from /home/airflow/.local/lib/python3.8/site-packages/airflow/example_dags/example_sensors.py
[2024-01-30T21:53:08.130+0000] {processor.py:840} INFO - DAG(s) 'example_sensors' retrieved from /home/airflow/.local/lib/python3.8/site-packages/airflow/example_dags/example_sensors.py
[2024-01-30T21:53:08.363+0000] {logging_mixin.py:188} INFO - [2024-01-30T21:53:08.362+0000] {dag.py:3036} INFO - Sync 1 DAGs
[2024-01-30T21:53:08.389+0000] {logging_mixin.py:188} INFO - [2024-01-30T21:53:08.389+0000] {dag.py:3823} INFO - Setting next_dagrun for example_sensors to None, run_after=None
[2024-01-30T21:53:08.475+0000] {processor.py:183} INFO - Processing /home/airflow/.local/lib/python3.8/site-packages/airflow/example_dags/example_sensors.py took 0.431 seconds
[2024-01-30T21:53:39.260+0000] {processor.py:161} INFO - Started process (PID=104) to work on /home/airflow/.local/lib/python3.8/site-packages/airflow/example_dags/example_sensors.py
[2024-01-30T21:53:39.262+0000] {processor.py:830} INFO - Processing file /home/airflow/.local/lib/python3.8/site-packages/airflow/example_dags/example_sensors.py for tasks to queue
[2024-01-30T21:53:39.264+0000] {logging_mixin.py:188} INFO - [2024-01-30T21:53:39.264+0000] {dagbag.py:538} INFO - Filling up the DagBag from /home/airflow/.local/lib/python3.8/site-packages/airflow/example_dags/example_sensors.py
[2024-01-30T21:53:39.276+0000] {processor.py:840} INFO - DAG(s) 'example_sensors' retrieved from /home/airflow/.local/lib/python3.8/site-packages/airflow/example_dags/example_sensors.py
[2024-01-30T21:53:39.313+0000] {logging_mixin.py:188} INFO - [2024-01-30T21:53:39.313+0000] {dag.py:3036} INFO - Sync 1 DAGs
[2024-01-30T21:53:39.329+0000] {logging_mixin.py:188} INFO - [2024-01-30T21:53:39.329+0000] {dag.py:3823} INFO - Setting next_dagrun for example_sensors to None, run_after=None
[2024-01-30T21:53:39.365+0000] {processor.py:183} INFO - Processing /home/airflow/.local/lib/python3.8/site-packages/airflow/example_dags/example_sensors.py took 0.109 seconds
[2024-01-30T21:54:10.264+0000] {processor.py:161} INFO - Started process (PID=159) to work on /home/airflow/.local/lib/python3.8/site-packages/airflow/example_dags/example_sensors.py
[2024-01-30T21:54:10.266+0000] {processor.py:830} INFO - Processing file /home/airflow/.local/lib/python3.8/site-packages/airflow/example_dags/example_sensors.py for tasks to queue
[2024-01-30T21:54:10.268+0000] {logging_mixin.py:188} INFO - [2024-01-30T21:54:10.268+0000] {dagbag.py:538} INFO - Filling up the DagBag from /home/airflow/.local/lib/python3.8/site-packages/airflow/example_dags/example_sensors.py
[2024-01-30T21:54:10.278+0000] {processor.py:840} INFO - DAG(s) 'example_sensors' retrieved from /home/airflow/.local/lib/python3.8/site-packages/airflow/example_dags/example_sensors.py
[2024-01-30T21:54:10.309+0000] {logging_mixin.py:188} INFO - [2024-01-30T21:54:10.308+0000] {dag.py:3036} INFO - Sync 1 DAGs
[2024-01-30T21:54:10.326+0000] {logging_mixin.py:188} INFO - [2024-01-30T21:54:10.325+0000] {dag.py:3823} INFO - Setting next_dagrun for example_sensors to None, run_after=None
[2024-01-30T21:54:10.359+0000] {processor.py:183} INFO - Processing /home/airflow/.local/lib/python3.8/site-packages/airflow/example_dags/example_sensors.py took 0.099 seconds
[2024-01-30T21:54:41.275+0000] {processor.py:161} INFO - Started process (PID=214) to work on /home/airflow/.local/lib/python3.8/site-packages/airflow/example_dags/example_sensors.py
[2024-01-30T21:54:41.277+0000] {processor.py:830} INFO - Processing file /home/airflow/.local/lib/python3.8/site-packages/airflow/example_dags/example_sensors.py for tasks to queue
[2024-01-30T21:54:41.280+0000] {logging_mixin.py:188} INFO - [2024-01-30T21:54:41.280+0000] {dagbag.py:538} INFO - Filling up the DagBag from /home/airflow/.local/lib/python3.8/site-packages/airflow/example_dags/example_sensors.py
[2024-01-30T21:54:41.290+0000] {processor.py:840} INFO - DAG(s) 'example_sensors' retrieved from /home/airflow/.local/lib/python3.8/site-packages/airflow/example_dags/example_sensors.py
[2024-01-30T21:54:41.322+0000] {logging_mixin.py:188} INFO - [2024-01-30T21:54:41.322+0000] {dag.py:3036} INFO - Sync 1 DAGs
[2024-01-30T21:54:41.338+0000] {logging_mixin.py:188} INFO - [2024-01-30T21:54:41.338+0000] {dag.py:3823} INFO - Setting next_dagrun for example_sensors to None, run_after=None
[2024-01-30T21:54:41.372+0000] {processor.py:183} INFO - Processing /home/airflow/.local/lib/python3.8/site-packages/airflow/example_dags/example_sensors.py took 0.100 seconds
[2024-01-30T21:55:11.539+0000] {processor.py:161} INFO - Started process (PID=269) to work on /home/airflow/.local/lib/python3.8/site-packages/airflow/example_dags/example_sensors.py
[2024-01-30T21:55:11.540+0000] {processor.py:830} INFO - Processing file /home/airflow/.local/lib/python3.8/site-packages/airflow/example_dags/example_sensors.py for tasks to queue
[2024-01-30T21:55:11.542+0000] {logging_mixin.py:188} INFO - [2024-01-30T21:55:11.542+0000] {dagbag.py:538} INFO - Filling up the DagBag from /home/airflow/.local/lib/python3.8/site-packages/airflow/example_dags/example_sensors.py
[2024-01-30T21:55:11.549+0000] {processor.py:840} INFO - DAG(s) 'example_sensors' retrieved from /home/airflow/.local/lib/python3.8/site-packages/airflow/example_dags/example_sensors.py
[2024-01-30T21:55:11.576+0000] {logging_mixin.py:188} INFO - [2024-01-30T21:55:11.576+0000] {dag.py:3036} INFO - Sync 1 DAGs
[2024-01-30T21:55:11.587+0000] {logging_mixin.py:188} INFO - [2024-01-30T21:55:11.587+0000] {dag.py:3823} INFO - Setting next_dagrun for example_sensors to None, run_after=None
[2024-01-30T21:55:11.615+0000] {processor.py:183} INFO - Processing /home/airflow/.local/lib/python3.8/site-packages/airflow/example_dags/example_sensors.py took 0.078 seconds
[2024-01-30T21:55:41.696+0000] {processor.py:161} INFO - Started process (PID=324) to work on /home/airflow/.local/lib/python3.8/site-packages/airflow/example_dags/example_sensors.py
[2024-01-30T21:55:41.697+0000] {processor.py:830} INFO - Processing file /home/airflow/.local/lib/python3.8/site-packages/airflow/example_dags/example_sensors.py for tasks to queue
[2024-01-30T21:55:41.700+0000] {logging_mixin.py:188} INFO - [2024-01-30T21:55:41.699+0000] {dagbag.py:538} INFO - Filling up the DagBag from /home/airflow/.local/lib/python3.8/site-packages/airflow/example_dags/example_sensors.py
[2024-01-30T21:55:41.709+0000] {processor.py:840} INFO - DAG(s) 'example_sensors' retrieved from /home/airflow/.local/lib/python3.8/site-packages/airflow/example_dags/example_sensors.py
[2024-01-30T21:55:41.739+0000] {logging_mixin.py:188} INFO - [2024-01-30T21:55:41.739+0000] {dag.py:3036} INFO - Sync 1 DAGs
[2024-01-30T21:55:41.756+0000] {logging_mixin.py:188} INFO - [2024-01-30T21:55:41.755+0000] {dag.py:3823} INFO - Setting next_dagrun for example_sensors to None, run_after=None
[2024-01-30T21:55:41.789+0000] {processor.py:183} INFO - Processing /home/airflow/.local/lib/python3.8/site-packages/airflow/example_dags/example_sensors.py took 0.096 seconds
[2024-01-30T21:56:11.842+0000] {processor.py:161} INFO - Started process (PID=379) to work on /home/airflow/.local/lib/python3.8/site-packages/airflow/example_dags/example_sensors.py
[2024-01-30T21:56:11.844+0000] {processor.py:830} INFO - Processing file /home/airflow/.local/lib/python3.8/site-packages/airflow/example_dags/example_sensors.py for tasks to queue
[2024-01-30T21:56:11.847+0000] {logging_mixin.py:188} INFO - [2024-01-30T21:56:11.847+0000] {dagbag.py:538} INFO - Filling up the DagBag from /home/airflow/.local/lib/python3.8/site-packages/airflow/example_dags/example_sensors.py
[2024-01-30T21:56:11.859+0000] {processor.py:840} INFO - DAG(s) 'example_sensors' retrieved from /home/airflow/.local/lib/python3.8/site-packages/airflow/example_dags/example_sensors.py
[2024-01-30T21:56:11.899+0000] {logging_mixin.py:188} INFO - [2024-01-30T21:56:11.899+0000] {dag.py:3036} INFO - Sync 1 DAGs
[2024-01-30T21:56:11.916+0000] {logging_mixin.py:188} INFO - [2024-01-30T21:56:11.916+0000] {dag.py:3823} INFO - Setting next_dagrun for example_sensors to None, run_after=None
[2024-01-30T21:56:11.948+0000] {processor.py:183} INFO - Processing /home/airflow/.local/lib/python3.8/site-packages/airflow/example_dags/example_sensors.py took 0.109 seconds
[2024-01-30T21:56:42.731+0000] {processor.py:161} INFO - Started process (PID=432) to work on /home/airflow/.local/lib/python3.8/site-packages/airflow/example_dags/example_sensors.py
[2024-01-30T21:56:42.732+0000] {processor.py:830} INFO - Processing file /home/airflow/.local/lib/python3.8/site-packages/airflow/example_dags/example_sensors.py for tasks to queue
[2024-01-30T21:56:42.734+0000] {logging_mixin.py:188} INFO - [2024-01-30T21:56:42.734+0000] {dagbag.py:538} INFO - Filling up the DagBag from /home/airflow/.local/lib/python3.8/site-packages/airflow/example_dags/example_sensors.py
[2024-01-30T21:56:42.744+0000] {processor.py:840} INFO - DAG(s) 'example_sensors' retrieved from /home/airflow/.local/lib/python3.8/site-packages/airflow/example_dags/example_sensors.py
[2024-01-30T21:56:42.777+0000] {logging_mixin.py:188} INFO - [2024-01-30T21:56:42.776+0000] {dag.py:3036} INFO - Sync 1 DAGs
[2024-01-30T21:56:42.792+0000] {logging_mixin.py:188} INFO - [2024-01-30T21:56:42.791+0000] {dag.py:3823} INFO - Setting next_dagrun for example_sensors to None, run_after=None
[2024-01-30T21:56:42.824+0000] {processor.py:183} INFO - Processing /home/airflow/.local/lib/python3.8/site-packages/airflow/example_dags/example_sensors.py took 0.096 seconds
[2024-01-30T21:57:13.617+0000] {processor.py:161} INFO - Started process (PID=487) to work on /home/airflow/.local/lib/python3.8/site-packages/airflow/example_dags/example_sensors.py
[2024-01-30T21:57:13.619+0000] {processor.py:830} INFO - Processing file /home/airflow/.local/lib/python3.8/site-packages/airflow/example_dags/example_sensors.py for tasks to queue
[2024-01-30T21:57:13.621+0000] {logging_mixin.py:188} INFO - [2024-01-30T21:57:13.620+0000] {dagbag.py:538} INFO - Filling up the DagBag from /home/airflow/.local/lib/python3.8/site-packages/airflow/example_dags/example_sensors.py
[2024-01-30T21:57:13.629+0000] {processor.py:840} INFO - DAG(s) 'example_sensors' retrieved from /home/airflow/.local/lib/python3.8/site-packages/airflow/example_dags/example_sensors.py
[2024-01-30T21:57:13.655+0000] {logging_mixin.py:188} INFO - [2024-01-30T21:57:13.655+0000] {dag.py:3036} INFO - Sync 1 DAGs
[2024-01-30T21:57:13.667+0000] {logging_mixin.py:188} INFO - [2024-01-30T21:57:13.667+0000] {dag.py:3823} INFO - Setting next_dagrun for example_sensors to None, run_after=None
[2024-01-30T21:57:13.694+0000] {processor.py:183} INFO - Processing /home/airflow/.local/lib/python3.8/site-packages/airflow/example_dags/example_sensors.py took 0.079 seconds
[2024-01-30T21:57:43.989+0000] {processor.py:161} INFO - Started process (PID=542) to work on /home/airflow/.local/lib/python3.8/site-packages/airflow/example_dags/example_sensors.py
[2024-01-30T21:57:43.990+0000] {processor.py:830} INFO - Processing file /home/airflow/.local/lib/python3.8/site-packages/airflow/example_dags/example_sensors.py for tasks to queue
[2024-01-30T21:57:43.993+0000] {logging_mixin.py:188} INFO - [2024-01-30T21:57:43.992+0000] {dagbag.py:538} INFO - Filling up the DagBag from /home/airflow/.local/lib/python3.8/site-packages/airflow/example_dags/example_sensors.py
[2024-01-30T21:57:44.004+0000] {processor.py:840} INFO - DAG(s) 'example_sensors' retrieved from /home/airflow/.local/lib/python3.8/site-packages/airflow/example_dags/example_sensors.py
[2024-01-30T21:57:44.037+0000] {logging_mixin.py:188} INFO - [2024-01-30T21:57:44.036+0000] {dag.py:3036} INFO - Sync 1 DAGs
[2024-01-30T21:57:44.053+0000] {logging_mixin.py:188} INFO - [2024-01-30T21:57:44.053+0000] {dag.py:3823} INFO - Setting next_dagrun for example_sensors to None, run_after=None
[2024-01-30T21:57:44.082+0000] {processor.py:183} INFO - Processing /home/airflow/.local/lib/python3.8/site-packages/airflow/example_dags/example_sensors.py took 0.095 seconds
[2024-01-30T21:58:14.879+0000] {processor.py:161} INFO - Started process (PID=604) to work on /home/airflow/.local/lib/python3.8/site-packages/airflow/example_dags/example_sensors.py
[2024-01-30T21:58:14.881+0000] {processor.py:830} INFO - Processing file /home/airflow/.local/lib/python3.8/site-packages/airflow/example_dags/example_sensors.py for tasks to queue
[2024-01-30T21:58:14.882+0000] {logging_mixin.py:188} INFO - [2024-01-30T21:58:14.882+0000] {dagbag.py:538} INFO - Filling up the DagBag from /home/airflow/.local/lib/python3.8/site-packages/airflow/example_dags/example_sensors.py
[2024-01-30T21:58:14.895+0000] {processor.py:840} INFO - DAG(s) 'example_sensors' retrieved from /home/airflow/.local/lib/python3.8/site-packages/airflow/example_dags/example_sensors.py
[2024-01-30T21:58:14.930+0000] {logging_mixin.py:188} INFO - [2024-01-30T21:58:14.929+0000] {dag.py:3036} INFO - Sync 1 DAGs
[2024-01-30T21:58:14.946+0000] {logging_mixin.py:188} INFO - [2024-01-30T21:58:14.946+0000] {dag.py:3823} INFO - Setting next_dagrun for example_sensors to None, run_after=None
[2024-01-30T21:58:14.980+0000] {processor.py:183} INFO - Processing /home/airflow/.local/lib/python3.8/site-packages/airflow/example_dags/example_sensors.py took 0.104 seconds
[2024-01-30T21:58:45.380+0000] {processor.py:161} INFO - Started process (PID=660) to work on /home/airflow/.local/lib/python3.8/site-packages/airflow/example_dags/example_sensors.py
[2024-01-30T21:58:45.382+0000] {processor.py:830} INFO - Processing file /home/airflow/.local/lib/python3.8/site-packages/airflow/example_dags/example_sensors.py for tasks to queue
[2024-01-30T21:58:45.385+0000] {logging_mixin.py:188} INFO - [2024-01-30T21:58:45.384+0000] {dagbag.py:538} INFO - Filling up the DagBag from /home/airflow/.local/lib/python3.8/site-packages/airflow/example_dags/example_sensors.py
[2024-01-30T21:58:45.400+0000] {processor.py:840} INFO - DAG(s) 'example_sensors' retrieved from /home/airflow/.local/lib/python3.8/site-packages/airflow/example_dags/example_sensors.py
[2024-01-30T21:58:45.447+0000] {logging_mixin.py:188} INFO - [2024-01-30T21:58:45.447+0000] {dag.py:3036} INFO - Sync 1 DAGs
[2024-01-30T21:58:45.466+0000] {logging_mixin.py:188} INFO - [2024-01-30T21:58:45.465+0000] {dag.py:3823} INFO - Setting next_dagrun for example_sensors to None, run_after=None
[2024-01-30T21:58:45.501+0000] {processor.py:183} INFO - Processing /home/airflow/.local/lib/python3.8/site-packages/airflow/example_dags/example_sensors.py took 0.125 seconds
[2024-01-30T21:59:15.974+0000] {processor.py:161} INFO - Started process (PID=719) to work on /home/airflow/.local/lib/python3.8/site-packages/airflow/example_dags/example_sensors.py
[2024-01-30T21:59:15.976+0000] {processor.py:830} INFO - Processing file /home/airflow/.local/lib/python3.8/site-packages/airflow/example_dags/example_sensors.py for tasks to queue
[2024-01-30T21:59:15.977+0000] {logging_mixin.py:188} INFO - [2024-01-30T21:59:15.977+0000] {dagbag.py:538} INFO - Filling up the DagBag from /home/airflow/.local/lib/python3.8/site-packages/airflow/example_dags/example_sensors.py
[2024-01-30T21:59:15.994+0000] {processor.py:840} INFO - DAG(s) 'example_sensors' retrieved from /home/airflow/.local/lib/python3.8/site-packages/airflow/example_dags/example_sensors.py
[2024-01-30T21:59:16.032+0000] {logging_mixin.py:188} INFO - [2024-01-30T21:59:16.031+0000] {dag.py:3036} INFO - Sync 1 DAGs
[2024-01-30T21:59:16.047+0000] {logging_mixin.py:188} INFO - [2024-01-30T21:59:16.047+0000] {dag.py:3823} INFO - Setting next_dagrun for example_sensors to None, run_after=None
[2024-01-30T21:59:16.124+0000] {processor.py:183} INFO - Processing /home/airflow/.local/lib/python3.8/site-packages/airflow/example_dags/example_sensors.py took 0.154 seconds
[2024-01-30T21:59:47.094+0000] {processor.py:161} INFO - Started process (PID=778) to work on /home/airflow/.local/lib/python3.8/site-packages/airflow/example_dags/example_sensors.py
[2024-01-30T21:59:47.095+0000] {processor.py:830} INFO - Processing file /home/airflow/.local/lib/python3.8/site-packages/airflow/example_dags/example_sensors.py for tasks to queue
[2024-01-30T21:59:47.097+0000] {logging_mixin.py:188} INFO - [2024-01-30T21:59:47.097+0000] {dagbag.py:538} INFO - Filling up the DagBag from /home/airflow/.local/lib/python3.8/site-packages/airflow/example_dags/example_sensors.py
[2024-01-30T21:59:47.107+0000] {processor.py:840} INFO - DAG(s) 'example_sensors' retrieved from /home/airflow/.local/lib/python3.8/site-packages/airflow/example_dags/example_sensors.py
[2024-01-30T21:59:47.133+0000] {logging_mixin.py:188} INFO - [2024-01-30T21:59:47.133+0000] {dag.py:3036} INFO - Sync 1 DAGs
[2024-01-30T21:59:47.145+0000] {logging_mixin.py:188} INFO - [2024-01-30T21:59:47.145+0000] {dag.py:3823} INFO - Setting next_dagrun for example_sensors to None, run_after=None
[2024-01-30T21:59:47.214+0000] {processor.py:183} INFO - Processing /home/airflow/.local/lib/python3.8/site-packages/airflow/example_dags/example_sensors.py took 0.123 seconds
[2024-01-30T22:00:17.631+0000] {processor.py:161} INFO - Started process (PID=842) to work on /home/airflow/.local/lib/python3.8/site-packages/airflow/example_dags/example_sensors.py
[2024-01-30T22:00:17.632+0000] {processor.py:830} INFO - Processing file /home/airflow/.local/lib/python3.8/site-packages/airflow/example_dags/example_sensors.py for tasks to queue
[2024-01-30T22:00:17.633+0000] {logging_mixin.py:188} INFO - [2024-01-30T22:00:17.633+0000] {dagbag.py:538} INFO - Filling up the DagBag from /home/airflow/.local/lib/python3.8/site-packages/airflow/example_dags/example_sensors.py
[2024-01-30T22:00:17.642+0000] {processor.py:840} INFO - DAG(s) 'example_sensors' retrieved from /home/airflow/.local/lib/python3.8/site-packages/airflow/example_dags/example_sensors.py
[2024-01-30T22:00:17.673+0000] {logging_mixin.py:188} INFO - [2024-01-30T22:00:17.672+0000] {dag.py:3036} INFO - Sync 1 DAGs
[2024-01-30T22:00:17.686+0000] {logging_mixin.py:188} INFO - [2024-01-30T22:00:17.686+0000] {dag.py:3823} INFO - Setting next_dagrun for example_sensors to None, run_after=None
[2024-01-30T22:00:17.719+0000] {processor.py:183} INFO - Processing /home/airflow/.local/lib/python3.8/site-packages/airflow/example_dags/example_sensors.py took 0.090 seconds
[2024-01-30T22:00:48.647+0000] {processor.py:161} INFO - Started process (PID=900) to work on /home/airflow/.local/lib/python3.8/site-packages/airflow/example_dags/example_sensors.py
[2024-01-30T22:00:48.649+0000] {processor.py:830} INFO - Processing file /home/airflow/.local/lib/python3.8/site-packages/airflow/example_dags/example_sensors.py for tasks to queue
[2024-01-30T22:00:48.650+0000] {logging_mixin.py:188} INFO - [2024-01-30T22:00:48.649+0000] {dagbag.py:538} INFO - Filling up the DagBag from /home/airflow/.local/lib/python3.8/site-packages/airflow/example_dags/example_sensors.py
[2024-01-30T22:00:48.659+0000] {processor.py:840} INFO - DAG(s) 'example_sensors' retrieved from /home/airflow/.local/lib/python3.8/site-packages/airflow/example_dags/example_sensors.py
[2024-01-30T22:00:48.690+0000] {logging_mixin.py:188} INFO - [2024-01-30T22:00:48.690+0000] {dag.py:3036} INFO - Sync 1 DAGs
[2024-01-30T22:00:48.703+0000] {logging_mixin.py:188} INFO - [2024-01-30T22:00:48.703+0000] {dag.py:3823} INFO - Setting next_dagrun for example_sensors to None, run_after=None
[2024-01-30T22:00:48.732+0000] {processor.py:183} INFO - Processing /home/airflow/.local/lib/python3.8/site-packages/airflow/example_dags/example_sensors.py took 0.087 seconds
[2024-01-30T22:01:18.784+0000] {processor.py:161} INFO - Started process (PID=956) to work on /home/airflow/.local/lib/python3.8/site-packages/airflow/example_dags/example_sensors.py
[2024-01-30T22:01:18.786+0000] {processor.py:830} INFO - Processing file /home/airflow/.local/lib/python3.8/site-packages/airflow/example_dags/example_sensors.py for tasks to queue
[2024-01-30T22:01:18.788+0000] {logging_mixin.py:188} INFO - [2024-01-30T22:01:18.788+0000] {dagbag.py:538} INFO - Filling up the DagBag from /home/airflow/.local/lib/python3.8/site-packages/airflow/example_dags/example_sensors.py
[2024-01-30T22:01:18.799+0000] {processor.py:840} INFO - DAG(s) 'example_sensors' retrieved from /home/airflow/.local/lib/python3.8/site-packages/airflow/example_dags/example_sensors.py
[2024-01-30T22:01:18.830+0000] {logging_mixin.py:188} INFO - [2024-01-30T22:01:18.829+0000] {dag.py:3036} INFO - Sync 1 DAGs
[2024-01-30T22:01:18.844+0000] {logging_mixin.py:188} INFO - [2024-01-30T22:01:18.844+0000] {dag.py:3823} INFO - Setting next_dagrun for example_sensors to None, run_after=None
[2024-01-30T22:01:18.875+0000] {processor.py:183} INFO - Processing /home/airflow/.local/lib/python3.8/site-packages/airflow/example_dags/example_sensors.py took 0.094 seconds
[2024-01-30T22:01:48.998+0000] {processor.py:161} INFO - Started process (PID=1013) to work on /home/airflow/.local/lib/python3.8/site-packages/airflow/example_dags/example_sensors.py
[2024-01-30T22:01:49.000+0000] {processor.py:830} INFO - Processing file /home/airflow/.local/lib/python3.8/site-packages/airflow/example_dags/example_sensors.py for tasks to queue
[2024-01-30T22:01:49.001+0000] {logging_mixin.py:188} INFO - [2024-01-30T22:01:49.001+0000] {dagbag.py:538} INFO - Filling up the DagBag from /home/airflow/.local/lib/python3.8/site-packages/airflow/example_dags/example_sensors.py
[2024-01-30T22:01:49.010+0000] {processor.py:840} INFO - DAG(s) 'example_sensors' retrieved from /home/airflow/.local/lib/python3.8/site-packages/airflow/example_dags/example_sensors.py
[2024-01-30T22:01:49.037+0000] {logging_mixin.py:188} INFO - [2024-01-30T22:01:49.037+0000] {dag.py:3036} INFO - Sync 1 DAGs
[2024-01-30T22:01:49.051+0000] {logging_mixin.py:188} INFO - [2024-01-30T22:01:49.051+0000] {dag.py:3823} INFO - Setting next_dagrun for example_sensors to None, run_after=None
[2024-01-30T22:01:49.176+0000] {processor.py:183} INFO - Processing /home/airflow/.local/lib/python3.8/site-packages/airflow/example_dags/example_sensors.py took 0.181 seconds
[2024-01-30T22:02:19.719+0000] {processor.py:161} INFO - Started process (PID=1070) to work on /home/airflow/.local/lib/python3.8/site-packages/airflow/example_dags/example_sensors.py
[2024-01-30T22:02:19.721+0000] {processor.py:830} INFO - Processing file /home/airflow/.local/lib/python3.8/site-packages/airflow/example_dags/example_sensors.py for tasks to queue
[2024-01-30T22:02:19.722+0000] {logging_mixin.py:188} INFO - [2024-01-30T22:02:19.722+0000] {dagbag.py:538} INFO - Filling up the DagBag from /home/airflow/.local/lib/python3.8/site-packages/airflow/example_dags/example_sensors.py
[2024-01-30T22:02:19.732+0000] {processor.py:840} INFO - DAG(s) 'example_sensors' retrieved from /home/airflow/.local/lib/python3.8/site-packages/airflow/example_dags/example_sensors.py
[2024-01-30T22:02:19.758+0000] {logging_mixin.py:188} INFO - [2024-01-30T22:02:19.757+0000] {dag.py:3036} INFO - Sync 1 DAGs
[2024-01-30T22:02:19.771+0000] {logging_mixin.py:188} INFO - [2024-01-30T22:02:19.771+0000] {dag.py:3823} INFO - Setting next_dagrun for example_sensors to None, run_after=None
[2024-01-30T22:02:19.799+0000] {processor.py:183} INFO - Processing /home/airflow/.local/lib/python3.8/site-packages/airflow/example_dags/example_sensors.py took 0.082 seconds
[2024-01-30T22:02:51.227+0000] {processor.py:161} INFO - Started process (PID=1119) to work on /home/airflow/.local/lib/python3.8/site-packages/airflow/example_dags/example_sensors.py
[2024-01-30T22:02:51.229+0000] {processor.py:830} INFO - Processing file /home/airflow/.local/lib/python3.8/site-packages/airflow/example_dags/example_sensors.py for tasks to queue
[2024-01-30T22:02:51.231+0000] {logging_mixin.py:188} INFO - [2024-01-30T22:02:51.231+0000] {dagbag.py:538} INFO - Filling up the DagBag from /home/airflow/.local/lib/python3.8/site-packages/airflow/example_dags/example_sensors.py
[2024-01-30T22:02:51.243+0000] {processor.py:840} INFO - DAG(s) 'example_sensors' retrieved from /home/airflow/.local/lib/python3.8/site-packages/airflow/example_dags/example_sensors.py
[2024-01-30T22:02:51.275+0000] {logging_mixin.py:188} INFO - [2024-01-30T22:02:51.275+0000] {dag.py:3036} INFO - Sync 1 DAGs
[2024-01-30T22:02:51.289+0000] {logging_mixin.py:188} INFO - [2024-01-30T22:02:51.289+0000] {dag.py:3823} INFO - Setting next_dagrun for example_sensors to None, run_after=None
[2024-01-30T22:02:51.320+0000] {processor.py:183} INFO - Processing /home/airflow/.local/lib/python3.8/site-packages/airflow/example_dags/example_sensors.py took 0.096 seconds
[2024-01-30T22:03:22.395+0000] {processor.py:161} INFO - Started process (PID=1171) to work on /home/airflow/.local/lib/python3.8/site-packages/airflow/example_dags/example_sensors.py
[2024-01-30T22:03:22.398+0000] {processor.py:830} INFO - Processing file /home/airflow/.local/lib/python3.8/site-packages/airflow/example_dags/example_sensors.py for tasks to queue
[2024-01-30T22:03:22.401+0000] {logging_mixin.py:188} INFO - [2024-01-30T22:03:22.400+0000] {dagbag.py:538} INFO - Filling up the DagBag from /home/airflow/.local/lib/python3.8/site-packages/airflow/example_dags/example_sensors.py
[2024-01-30T22:03:22.418+0000] {processor.py:840} INFO - DAG(s) 'example_sensors' retrieved from /home/airflow/.local/lib/python3.8/site-packages/airflow/example_dags/example_sensors.py
[2024-01-30T22:03:22.470+0000] {logging_mixin.py:188} INFO - [2024-01-30T22:03:22.469+0000] {dag.py:3036} INFO - Sync 1 DAGs
[2024-01-30T22:03:22.490+0000] {logging_mixin.py:188} INFO - [2024-01-30T22:03:22.489+0000] {dag.py:3823} INFO - Setting next_dagrun for example_sensors to None, run_after=None
[2024-01-30T22:03:22.527+0000] {processor.py:183} INFO - Processing /home/airflow/.local/lib/python3.8/site-packages/airflow/example_dags/example_sensors.py took 0.137 seconds
[2024-01-30T22:03:52.669+0000] {processor.py:161} INFO - Started process (PID=1232) to work on /home/airflow/.local/lib/python3.8/site-packages/airflow/example_dags/example_sensors.py
[2024-01-30T22:03:52.671+0000] {processor.py:830} INFO - Processing file /home/airflow/.local/lib/python3.8/site-packages/airflow/example_dags/example_sensors.py for tasks to queue
[2024-01-30T22:03:52.673+0000] {logging_mixin.py:188} INFO - [2024-01-30T22:03:52.673+0000] {dagbag.py:538} INFO - Filling up the DagBag from /home/airflow/.local/lib/python3.8/site-packages/airflow/example_dags/example_sensors.py
[2024-01-30T22:03:52.684+0000] {processor.py:840} INFO - DAG(s) 'example_sensors' retrieved from /home/airflow/.local/lib/python3.8/site-packages/airflow/example_dags/example_sensors.py
[2024-01-30T22:03:52.716+0000] {logging_mixin.py:188} INFO - [2024-01-30T22:03:52.715+0000] {dag.py:3036} INFO - Sync 1 DAGs
[2024-01-30T22:03:52.733+0000] {logging_mixin.py:188} INFO - [2024-01-30T22:03:52.732+0000] {dag.py:3823} INFO - Setting next_dagrun for example_sensors to None, run_after=None
[2024-01-30T22:03:52.767+0000] {processor.py:183} INFO - Processing /home/airflow/.local/lib/python3.8/site-packages/airflow/example_dags/example_sensors.py took 0.101 seconds
[2024-01-30T22:04:22.968+0000] {processor.py:161} INFO - Started process (PID=1289) to work on /home/airflow/.local/lib/python3.8/site-packages/airflow/example_dags/example_sensors.py
[2024-01-30T22:04:22.970+0000] {processor.py:830} INFO - Processing file /home/airflow/.local/lib/python3.8/site-packages/airflow/example_dags/example_sensors.py for tasks to queue
[2024-01-30T22:04:22.973+0000] {logging_mixin.py:188} INFO - [2024-01-30T22:04:22.972+0000] {dagbag.py:538} INFO - Filling up the DagBag from /home/airflow/.local/lib/python3.8/site-packages/airflow/example_dags/example_sensors.py
[2024-01-30T22:04:22.987+0000] {processor.py:840} INFO - DAG(s) 'example_sensors' retrieved from /home/airflow/.local/lib/python3.8/site-packages/airflow/example_dags/example_sensors.py
[2024-01-30T22:04:23.026+0000] {logging_mixin.py:188} INFO - [2024-01-30T22:04:23.026+0000] {dag.py:3036} INFO - Sync 1 DAGs
[2024-01-30T22:04:23.047+0000] {logging_mixin.py:188} INFO - [2024-01-30T22:04:23.047+0000] {dag.py:3823} INFO - Setting next_dagrun for example_sensors to None, run_after=None
[2024-01-30T22:04:23.087+0000] {processor.py:183} INFO - Processing /home/airflow/.local/lib/python3.8/site-packages/airflow/example_dags/example_sensors.py took 0.123 seconds
[2024-01-30T22:04:53.909+0000] {processor.py:161} INFO - Started process (PID=1346) to work on /home/airflow/.local/lib/python3.8/site-packages/airflow/example_dags/example_sensors.py
[2024-01-30T22:04:53.911+0000] {processor.py:830} INFO - Processing file /home/airflow/.local/lib/python3.8/site-packages/airflow/example_dags/example_sensors.py for tasks to queue
[2024-01-30T22:04:53.912+0000] {logging_mixin.py:188} INFO - [2024-01-30T22:04:53.912+0000] {dagbag.py:538} INFO - Filling up the DagBag from /home/airflow/.local/lib/python3.8/site-packages/airflow/example_dags/example_sensors.py
[2024-01-30T22:04:53.922+0000] {processor.py:840} INFO - DAG(s) 'example_sensors' retrieved from /home/airflow/.local/lib/python3.8/site-packages/airflow/example_dags/example_sensors.py
[2024-01-30T22:04:53.949+0000] {logging_mixin.py:188} INFO - [2024-01-30T22:04:53.949+0000] {dag.py:3036} INFO - Sync 1 DAGs
[2024-01-30T22:04:53.963+0000] {logging_mixin.py:188} INFO - [2024-01-30T22:04:53.963+0000] {dag.py:3823} INFO - Setting next_dagrun for example_sensors to None, run_after=None
[2024-01-30T22:04:53.990+0000] {processor.py:183} INFO - Processing /home/airflow/.local/lib/python3.8/site-packages/airflow/example_dags/example_sensors.py took 0.083 seconds
[2024-01-30T22:05:24.632+0000] {processor.py:161} INFO - Started process (PID=1403) to work on /home/airflow/.local/lib/python3.8/site-packages/airflow/example_dags/example_sensors.py
[2024-01-30T22:05:24.634+0000] {processor.py:830} INFO - Processing file /home/airflow/.local/lib/python3.8/site-packages/airflow/example_dags/example_sensors.py for tasks to queue
[2024-01-30T22:05:24.635+0000] {logging_mixin.py:188} INFO - [2024-01-30T22:05:24.635+0000] {dagbag.py:538} INFO - Filling up the DagBag from /home/airflow/.local/lib/python3.8/site-packages/airflow/example_dags/example_sensors.py
[2024-01-30T22:05:24.647+0000] {processor.py:840} INFO - DAG(s) 'example_sensors' retrieved from /home/airflow/.local/lib/python3.8/site-packages/airflow/example_dags/example_sensors.py
[2024-01-30T22:05:24.677+0000] {logging_mixin.py:188} INFO - [2024-01-30T22:05:24.677+0000] {dag.py:3036} INFO - Sync 1 DAGs
[2024-01-30T22:05:24.694+0000] {logging_mixin.py:188} INFO - [2024-01-30T22:05:24.693+0000] {dag.py:3823} INFO - Setting next_dagrun for example_sensors to None, run_after=None
[2024-01-30T22:05:24.720+0000] {processor.py:183} INFO - Processing /home/airflow/.local/lib/python3.8/site-packages/airflow/example_dags/example_sensors.py took 0.091 seconds
[2024-01-30T22:06:02.666+0000] {processor.py:161} INFO - Started process (PID=1459) to work on /home/airflow/.local/lib/python3.8/site-packages/airflow/example_dags/example_sensors.py
[2024-01-30T22:06:02.668+0000] {processor.py:830} INFO - Processing file /home/airflow/.local/lib/python3.8/site-packages/airflow/example_dags/example_sensors.py for tasks to queue
[2024-01-30T22:06:02.670+0000] {logging_mixin.py:188} INFO - [2024-01-30T22:06:02.669+0000] {dagbag.py:538} INFO - Filling up the DagBag from /home/airflow/.local/lib/python3.8/site-packages/airflow/example_dags/example_sensors.py
[2024-01-30T22:06:02.684+0000] {processor.py:840} INFO - DAG(s) 'example_sensors' retrieved from /home/airflow/.local/lib/python3.8/site-packages/airflow/example_dags/example_sensors.py
[2024-01-30T22:06:02.728+0000] {logging_mixin.py:188} INFO - [2024-01-30T22:06:02.727+0000] {dag.py:3036} INFO - Sync 1 DAGs
[2024-01-30T22:06:02.748+0000] {logging_mixin.py:188} INFO - [2024-01-30T22:06:02.747+0000] {dag.py:3823} INFO - Setting next_dagrun for example_sensors to None, run_after=None
[2024-01-30T22:06:02.785+0000] {processor.py:183} INFO - Processing /home/airflow/.local/lib/python3.8/site-packages/airflow/example_dags/example_sensors.py took 0.122 seconds
[2024-01-30T22:06:33.987+0000] {processor.py:161} INFO - Started process (PID=1516) to work on /home/airflow/.local/lib/python3.8/site-packages/airflow/example_dags/example_sensors.py
[2024-01-30T22:06:33.989+0000] {processor.py:830} INFO - Processing file /home/airflow/.local/lib/python3.8/site-packages/airflow/example_dags/example_sensors.py for tasks to queue
[2024-01-30T22:06:33.990+0000] {logging_mixin.py:188} INFO - [2024-01-30T22:06:33.990+0000] {dagbag.py:538} INFO - Filling up the DagBag from /home/airflow/.local/lib/python3.8/site-packages/airflow/example_dags/example_sensors.py
[2024-01-30T22:06:33.999+0000] {processor.py:840} INFO - DAG(s) 'example_sensors' retrieved from /home/airflow/.local/lib/python3.8/site-packages/airflow/example_dags/example_sensors.py
[2024-01-30T22:06:34.029+0000] {logging_mixin.py:188} INFO - [2024-01-30T22:06:34.029+0000] {dag.py:3036} INFO - Sync 1 DAGs
[2024-01-30T22:06:34.043+0000] {logging_mixin.py:188} INFO - [2024-01-30T22:06:34.043+0000] {dag.py:3823} INFO - Setting next_dagrun for example_sensors to None, run_after=None
[2024-01-30T22:06:34.072+0000] {processor.py:183} INFO - Processing /home/airflow/.local/lib/python3.8/site-packages/airflow/example_dags/example_sensors.py took 0.089 seconds
[2024-01-30T22:07:05.062+0000] {processor.py:161} INFO - Started process (PID=1573) to work on /home/airflow/.local/lib/python3.8/site-packages/airflow/example_dags/example_sensors.py
[2024-01-30T22:07:05.063+0000] {processor.py:830} INFO - Processing file /home/airflow/.local/lib/python3.8/site-packages/airflow/example_dags/example_sensors.py for tasks to queue
[2024-01-30T22:07:05.065+0000] {logging_mixin.py:188} INFO - [2024-01-30T22:07:05.065+0000] {dagbag.py:538} INFO - Filling up the DagBag from /home/airflow/.local/lib/python3.8/site-packages/airflow/example_dags/example_sensors.py
[2024-01-30T22:07:05.076+0000] {processor.py:840} INFO - DAG(s) 'example_sensors' retrieved from /home/airflow/.local/lib/python3.8/site-packages/airflow/example_dags/example_sensors.py
[2024-01-30T22:07:05.109+0000] {logging_mixin.py:188} INFO - [2024-01-30T22:07:05.109+0000] {dag.py:3036} INFO - Sync 1 DAGs
[2024-01-30T22:07:05.123+0000] {logging_mixin.py:188} INFO - [2024-01-30T22:07:05.123+0000] {dag.py:3823} INFO - Setting next_dagrun for example_sensors to None, run_after=None
[2024-01-30T22:07:05.151+0000] {processor.py:183} INFO - Processing /home/airflow/.local/lib/python3.8/site-packages/airflow/example_dags/example_sensors.py took 0.093 seconds
[2024-01-30T22:07:35.332+0000] {processor.py:161} INFO - Started process (PID=1630) to work on /home/airflow/.local/lib/python3.8/site-packages/airflow/example_dags/example_sensors.py
[2024-01-30T22:07:35.334+0000] {processor.py:830} INFO - Processing file /home/airflow/.local/lib/python3.8/site-packages/airflow/example_dags/example_sensors.py for tasks to queue
[2024-01-30T22:07:35.335+0000] {logging_mixin.py:188} INFO - [2024-01-30T22:07:35.335+0000] {dagbag.py:538} INFO - Filling up the DagBag from /home/airflow/.local/lib/python3.8/site-packages/airflow/example_dags/example_sensors.py
[2024-01-30T22:07:35.347+0000] {processor.py:840} INFO - DAG(s) 'example_sensors' retrieved from /home/airflow/.local/lib/python3.8/site-packages/airflow/example_dags/example_sensors.py
[2024-01-30T22:07:35.384+0000] {logging_mixin.py:188} INFO - [2024-01-30T22:07:35.383+0000] {dag.py:3036} INFO - Sync 1 DAGs
[2024-01-30T22:07:35.399+0000] {logging_mixin.py:188} INFO - [2024-01-30T22:07:35.398+0000] {dag.py:3823} INFO - Setting next_dagrun for example_sensors to None, run_after=None
[2024-01-30T22:07:35.428+0000] {processor.py:183} INFO - Processing /home/airflow/.local/lib/python3.8/site-packages/airflow/example_dags/example_sensors.py took 0.099 seconds
[2024-01-30T22:08:05.567+0000] {processor.py:161} INFO - Started process (PID=1686) to work on /home/airflow/.local/lib/python3.8/site-packages/airflow/example_dags/example_sensors.py
[2024-01-30T22:08:05.569+0000] {processor.py:830} INFO - Processing file /home/airflow/.local/lib/python3.8/site-packages/airflow/example_dags/example_sensors.py for tasks to queue
[2024-01-30T22:08:05.570+0000] {logging_mixin.py:188} INFO - [2024-01-30T22:08:05.570+0000] {dagbag.py:538} INFO - Filling up the DagBag from /home/airflow/.local/lib/python3.8/site-packages/airflow/example_dags/example_sensors.py
[2024-01-30T22:08:05.583+0000] {processor.py:840} INFO - DAG(s) 'example_sensors' retrieved from /home/airflow/.local/lib/python3.8/site-packages/airflow/example_dags/example_sensors.py
[2024-01-30T22:08:05.622+0000] {logging_mixin.py:188} INFO - [2024-01-30T22:08:05.622+0000] {dag.py:3036} INFO - Sync 1 DAGs
[2024-01-30T22:08:05.640+0000] {logging_mixin.py:188} INFO - [2024-01-30T22:08:05.640+0000] {dag.py:3823} INFO - Setting next_dagrun for example_sensors to None, run_after=None
[2024-01-30T22:08:05.675+0000] {processor.py:183} INFO - Processing /home/airflow/.local/lib/python3.8/site-packages/airflow/example_dags/example_sensors.py took 0.111 seconds
[2024-01-30T22:08:35.887+0000] {processor.py:161} INFO - Started process (PID=1743) to work on /home/airflow/.local/lib/python3.8/site-packages/airflow/example_dags/example_sensors.py
[2024-01-30T22:08:35.889+0000] {processor.py:830} INFO - Processing file /home/airflow/.local/lib/python3.8/site-packages/airflow/example_dags/example_sensors.py for tasks to queue
[2024-01-30T22:08:35.890+0000] {logging_mixin.py:188} INFO - [2024-01-30T22:08:35.890+0000] {dagbag.py:538} INFO - Filling up the DagBag from /home/airflow/.local/lib/python3.8/site-packages/airflow/example_dags/example_sensors.py
[2024-01-30T22:08:35.905+0000] {processor.py:840} INFO - DAG(s) 'example_sensors' retrieved from /home/airflow/.local/lib/python3.8/site-packages/airflow/example_dags/example_sensors.py
[2024-01-30T22:08:35.938+0000] {logging_mixin.py:188} INFO - [2024-01-30T22:08:35.938+0000] {dag.py:3036} INFO - Sync 1 DAGs
[2024-01-30T22:08:35.954+0000] {logging_mixin.py:188} INFO - [2024-01-30T22:08:35.953+0000] {dag.py:3823} INFO - Setting next_dagrun for example_sensors to None, run_after=None
[2024-01-30T22:08:36.002+0000] {processor.py:183} INFO - Processing /home/airflow/.local/lib/python3.8/site-packages/airflow/example_dags/example_sensors.py took 0.118 seconds
[2024-01-30T22:09:06.142+0000] {processor.py:161} INFO - Started process (PID=1800) to work on /home/airflow/.local/lib/python3.8/site-packages/airflow/example_dags/example_sensors.py
[2024-01-30T22:09:06.143+0000] {processor.py:830} INFO - Processing file /home/airflow/.local/lib/python3.8/site-packages/airflow/example_dags/example_sensors.py for tasks to queue
[2024-01-30T22:09:06.146+0000] {logging_mixin.py:188} INFO - [2024-01-30T22:09:06.145+0000] {dagbag.py:538} INFO - Filling up the DagBag from /home/airflow/.local/lib/python3.8/site-packages/airflow/example_dags/example_sensors.py
[2024-01-30T22:09:06.156+0000] {processor.py:840} INFO - DAG(s) 'example_sensors' retrieved from /home/airflow/.local/lib/python3.8/site-packages/airflow/example_dags/example_sensors.py
[2024-01-30T22:09:06.171+0000] {logging_mixin.py:188} INFO - [2024-01-30T22:09:06.171+0000] {dag.py:3036} INFO - Sync 1 DAGs
[2024-01-30T22:09:06.187+0000] {logging_mixin.py:188} INFO - [2024-01-30T22:09:06.187+0000] {dag.py:3823} INFO - Setting next_dagrun for example_sensors to None, run_after=None
[2024-01-30T22:09:06.219+0000] {processor.py:183} INFO - Processing /home/airflow/.local/lib/python3.8/site-packages/airflow/example_dags/example_sensors.py took 0.080 seconds
[2024-01-30T22:09:36.459+0000] {processor.py:161} INFO - Started process (PID=1857) to work on /home/airflow/.local/lib/python3.8/site-packages/airflow/example_dags/example_sensors.py
[2024-01-30T22:09:36.461+0000] {processor.py:830} INFO - Processing file /home/airflow/.local/lib/python3.8/site-packages/airflow/example_dags/example_sensors.py for tasks to queue
[2024-01-30T22:09:36.462+0000] {logging_mixin.py:188} INFO - [2024-01-30T22:09:36.462+0000] {dagbag.py:538} INFO - Filling up the DagBag from /home/airflow/.local/lib/python3.8/site-packages/airflow/example_dags/example_sensors.py
[2024-01-30T22:09:36.472+0000] {processor.py:840} INFO - DAG(s) 'example_sensors' retrieved from /home/airflow/.local/lib/python3.8/site-packages/airflow/example_dags/example_sensors.py
[2024-01-30T22:09:36.594+0000] {logging_mixin.py:188} INFO - [2024-01-30T22:09:36.593+0000] {dag.py:3036} INFO - Sync 1 DAGs
[2024-01-30T22:09:36.606+0000] {logging_mixin.py:188} INFO - [2024-01-30T22:09:36.606+0000] {dag.py:3823} INFO - Setting next_dagrun for example_sensors to None, run_after=None
[2024-01-30T22:09:36.636+0000] {processor.py:183} INFO - Processing /home/airflow/.local/lib/python3.8/site-packages/airflow/example_dags/example_sensors.py took 0.180 seconds
[2024-01-30T22:10:07.099+0000] {processor.py:161} INFO - Started process (PID=1914) to work on /home/airflow/.local/lib/python3.8/site-packages/airflow/example_dags/example_sensors.py
[2024-01-30T22:10:07.100+0000] {processor.py:830} INFO - Processing file /home/airflow/.local/lib/python3.8/site-packages/airflow/example_dags/example_sensors.py for tasks to queue
[2024-01-30T22:10:07.102+0000] {logging_mixin.py:188} INFO - [2024-01-30T22:10:07.101+0000] {dagbag.py:538} INFO - Filling up the DagBag from /home/airflow/.local/lib/python3.8/site-packages/airflow/example_dags/example_sensors.py
[2024-01-30T22:10:07.111+0000] {processor.py:840} INFO - DAG(s) 'example_sensors' retrieved from /home/airflow/.local/lib/python3.8/site-packages/airflow/example_dags/example_sensors.py
[2024-01-30T22:10:07.147+0000] {logging_mixin.py:188} INFO - [2024-01-30T22:10:07.147+0000] {dag.py:3036} INFO - Sync 1 DAGs
[2024-01-30T22:10:07.166+0000] {logging_mixin.py:188} INFO - [2024-01-30T22:10:07.165+0000] {dag.py:3823} INFO - Setting next_dagrun for example_sensors to None, run_after=None
[2024-01-30T22:10:07.202+0000] {processor.py:183} INFO - Processing /home/airflow/.local/lib/python3.8/site-packages/airflow/example_dags/example_sensors.py took 0.106 seconds
[2024-01-30T22:10:38.820+0000] {processor.py:161} INFO - Started process (PID=1971) to work on /home/airflow/.local/lib/python3.8/site-packages/airflow/example_dags/example_sensors.py
[2024-01-30T22:10:38.822+0000] {processor.py:830} INFO - Processing file /home/airflow/.local/lib/python3.8/site-packages/airflow/example_dags/example_sensors.py for tasks to queue
[2024-01-30T22:10:38.823+0000] {logging_mixin.py:188} INFO - [2024-01-30T22:10:38.822+0000] {dagbag.py:538} INFO - Filling up the DagBag from /home/airflow/.local/lib/python3.8/site-packages/airflow/example_dags/example_sensors.py
[2024-01-30T22:10:38.836+0000] {processor.py:840} INFO - DAG(s) 'example_sensors' retrieved from /home/airflow/.local/lib/python3.8/site-packages/airflow/example_dags/example_sensors.py
[2024-01-30T22:10:38.874+0000] {logging_mixin.py:188} INFO - [2024-01-30T22:10:38.874+0000] {dag.py:3036} INFO - Sync 1 DAGs
[2024-01-30T22:10:38.892+0000] {logging_mixin.py:188} INFO - [2024-01-30T22:10:38.892+0000] {dag.py:3823} INFO - Setting next_dagrun for example_sensors to None, run_after=None
[2024-01-30T22:10:38.926+0000] {processor.py:183} INFO - Processing /home/airflow/.local/lib/python3.8/site-packages/airflow/example_dags/example_sensors.py took 0.109 seconds
[2024-01-30T22:11:09.064+0000] {processor.py:161} INFO - Started process (PID=2028) to work on /home/airflow/.local/lib/python3.8/site-packages/airflow/example_dags/example_sensors.py
[2024-01-30T22:11:09.065+0000] {processor.py:830} INFO - Processing file /home/airflow/.local/lib/python3.8/site-packages/airflow/example_dags/example_sensors.py for tasks to queue
[2024-01-30T22:11:09.067+0000] {logging_mixin.py:188} INFO - [2024-01-30T22:11:09.066+0000] {dagbag.py:538} INFO - Filling up the DagBag from /home/airflow/.local/lib/python3.8/site-packages/airflow/example_dags/example_sensors.py
[2024-01-30T22:11:09.076+0000] {processor.py:840} INFO - DAG(s) 'example_sensors' retrieved from /home/airflow/.local/lib/python3.8/site-packages/airflow/example_dags/example_sensors.py
[2024-01-30T22:11:09.105+0000] {logging_mixin.py:188} INFO - [2024-01-30T22:11:09.104+0000] {dag.py:3036} INFO - Sync 1 DAGs
[2024-01-30T22:11:09.120+0000] {logging_mixin.py:188} INFO - [2024-01-30T22:11:09.120+0000] {dag.py:3823} INFO - Setting next_dagrun for example_sensors to None, run_after=None
[2024-01-30T22:11:09.152+0000] {processor.py:183} INFO - Processing /home/airflow/.local/lib/python3.8/site-packages/airflow/example_dags/example_sensors.py took 0.091 seconds
[2024-01-30T22:11:40.395+0000] {processor.py:161} INFO - Started process (PID=2085) to work on /home/airflow/.local/lib/python3.8/site-packages/airflow/example_dags/example_sensors.py
[2024-01-30T22:11:40.397+0000] {processor.py:830} INFO - Processing file /home/airflow/.local/lib/python3.8/site-packages/airflow/example_dags/example_sensors.py for tasks to queue
[2024-01-30T22:11:40.398+0000] {logging_mixin.py:188} INFO - [2024-01-30T22:11:40.398+0000] {dagbag.py:538} INFO - Filling up the DagBag from /home/airflow/.local/lib/python3.8/site-packages/airflow/example_dags/example_sensors.py
[2024-01-30T22:11:40.413+0000] {processor.py:840} INFO - DAG(s) 'example_sensors' retrieved from /home/airflow/.local/lib/python3.8/site-packages/airflow/example_dags/example_sensors.py
[2024-01-30T22:11:40.455+0000] {logging_mixin.py:188} INFO - [2024-01-30T22:11:40.454+0000] {dag.py:3036} INFO - Sync 1 DAGs
[2024-01-30T22:11:40.475+0000] {logging_mixin.py:188} INFO - [2024-01-30T22:11:40.475+0000] {dag.py:3823} INFO - Setting next_dagrun for example_sensors to None, run_after=None
[2024-01-30T22:11:40.513+0000] {processor.py:183} INFO - Processing /home/airflow/.local/lib/python3.8/site-packages/airflow/example_dags/example_sensors.py took 0.122 seconds
[2024-01-30T22:12:11.679+0000] {processor.py:161} INFO - Started process (PID=2142) to work on /home/airflow/.local/lib/python3.8/site-packages/airflow/example_dags/example_sensors.py
[2024-01-30T22:12:11.681+0000] {processor.py:830} INFO - Processing file /home/airflow/.local/lib/python3.8/site-packages/airflow/example_dags/example_sensors.py for tasks to queue
[2024-01-30T22:12:11.683+0000] {logging_mixin.py:188} INFO - [2024-01-30T22:12:11.682+0000] {dagbag.py:538} INFO - Filling up the DagBag from /home/airflow/.local/lib/python3.8/site-packages/airflow/example_dags/example_sensors.py
[2024-01-30T22:12:11.697+0000] {processor.py:840} INFO - DAG(s) 'example_sensors' retrieved from /home/airflow/.local/lib/python3.8/site-packages/airflow/example_dags/example_sensors.py
[2024-01-30T22:12:11.736+0000] {logging_mixin.py:188} INFO - [2024-01-30T22:12:11.736+0000] {dag.py:3036} INFO - Sync 1 DAGs
[2024-01-30T22:12:11.751+0000] {logging_mixin.py:188} INFO - [2024-01-30T22:12:11.751+0000] {dag.py:3823} INFO - Setting next_dagrun for example_sensors to None, run_after=None
[2024-01-30T22:12:11.787+0000] {processor.py:183} INFO - Processing /home/airflow/.local/lib/python3.8/site-packages/airflow/example_dags/example_sensors.py took 0.111 seconds
[2024-01-30T22:12:42.597+0000] {processor.py:161} INFO - Started process (PID=2199) to work on /home/airflow/.local/lib/python3.8/site-packages/airflow/example_dags/example_sensors.py
[2024-01-30T22:12:42.598+0000] {processor.py:830} INFO - Processing file /home/airflow/.local/lib/python3.8/site-packages/airflow/example_dags/example_sensors.py for tasks to queue
[2024-01-30T22:12:42.600+0000] {logging_mixin.py:188} INFO - [2024-01-30T22:12:42.599+0000] {dagbag.py:538} INFO - Filling up the DagBag from /home/airflow/.local/lib/python3.8/site-packages/airflow/example_dags/example_sensors.py
[2024-01-30T22:12:42.611+0000] {processor.py:840} INFO - DAG(s) 'example_sensors' retrieved from /home/airflow/.local/lib/python3.8/site-packages/airflow/example_dags/example_sensors.py
[2024-01-30T22:12:42.643+0000] {logging_mixin.py:188} INFO - [2024-01-30T22:12:42.643+0000] {dag.py:3036} INFO - Sync 1 DAGs
[2024-01-30T22:12:42.658+0000] {logging_mixin.py:188} INFO - [2024-01-30T22:12:42.657+0000] {dag.py:3823} INFO - Setting next_dagrun for example_sensors to None, run_after=None
[2024-01-30T22:12:42.690+0000] {processor.py:183} INFO - Processing /home/airflow/.local/lib/python3.8/site-packages/airflow/example_dags/example_sensors.py took 0.096 seconds
[2024-01-30T22:13:13.519+0000] {processor.py:161} INFO - Started process (PID=2256) to work on /home/airflow/.local/lib/python3.8/site-packages/airflow/example_dags/example_sensors.py
[2024-01-30T22:13:13.521+0000] {processor.py:830} INFO - Processing file /home/airflow/.local/lib/python3.8/site-packages/airflow/example_dags/example_sensors.py for tasks to queue
[2024-01-30T22:13:13.522+0000] {logging_mixin.py:188} INFO - [2024-01-30T22:13:13.522+0000] {dagbag.py:538} INFO - Filling up the DagBag from /home/airflow/.local/lib/python3.8/site-packages/airflow/example_dags/example_sensors.py
[2024-01-30T22:13:13.536+0000] {processor.py:840} INFO - DAG(s) 'example_sensors' retrieved from /home/airflow/.local/lib/python3.8/site-packages/airflow/example_dags/example_sensors.py
[2024-01-30T22:13:13.566+0000] {logging_mixin.py:188} INFO - [2024-01-30T22:13:13.565+0000] {dag.py:3036} INFO - Sync 1 DAGs
[2024-01-30T22:13:13.578+0000] {logging_mixin.py:188} INFO - [2024-01-30T22:13:13.578+0000] {dag.py:3823} INFO - Setting next_dagrun for example_sensors to None, run_after=None
[2024-01-30T22:13:13.607+0000] {processor.py:183} INFO - Processing /home/airflow/.local/lib/python3.8/site-packages/airflow/example_dags/example_sensors.py took 0.091 seconds
[2024-01-30T22:13:43.943+0000] {processor.py:161} INFO - Started process (PID=2312) to work on /home/airflow/.local/lib/python3.8/site-packages/airflow/example_dags/example_sensors.py
[2024-01-30T22:13:43.945+0000] {processor.py:830} INFO - Processing file /home/airflow/.local/lib/python3.8/site-packages/airflow/example_dags/example_sensors.py for tasks to queue
[2024-01-30T22:13:43.946+0000] {logging_mixin.py:188} INFO - [2024-01-30T22:13:43.946+0000] {dagbag.py:538} INFO - Filling up the DagBag from /home/airflow/.local/lib/python3.8/site-packages/airflow/example_dags/example_sensors.py
[2024-01-30T22:13:43.956+0000] {processor.py:840} INFO - DAG(s) 'example_sensors' retrieved from /home/airflow/.local/lib/python3.8/site-packages/airflow/example_dags/example_sensors.py
[2024-01-30T22:13:43.984+0000] {logging_mixin.py:188} INFO - [2024-01-30T22:13:43.984+0000] {dag.py:3036} INFO - Sync 1 DAGs
[2024-01-30T22:13:43.998+0000] {logging_mixin.py:188} INFO - [2024-01-30T22:13:43.998+0000] {dag.py:3823} INFO - Setting next_dagrun for example_sensors to None, run_after=None
[2024-01-30T22:13:44.057+0000] {processor.py:183} INFO - Processing /home/airflow/.local/lib/python3.8/site-packages/airflow/example_dags/example_sensors.py took 0.117 seconds
[2024-01-30T22:14:19.907+0000] {processor.py:161} INFO - Started process (PID=2371) to work on /home/airflow/.local/lib/python3.8/site-packages/airflow/example_dags/example_sensors.py
[2024-01-30T22:14:19.909+0000] {processor.py:830} INFO - Processing file /home/airflow/.local/lib/python3.8/site-packages/airflow/example_dags/example_sensors.py for tasks to queue
[2024-01-30T22:14:19.910+0000] {logging_mixin.py:188} INFO - [2024-01-30T22:14:19.910+0000] {dagbag.py:538} INFO - Filling up the DagBag from /home/airflow/.local/lib/python3.8/site-packages/airflow/example_dags/example_sensors.py
[2024-01-30T22:14:19.919+0000] {processor.py:840} INFO - DAG(s) 'example_sensors' retrieved from /home/airflow/.local/lib/python3.8/site-packages/airflow/example_dags/example_sensors.py
[2024-01-30T22:14:19.947+0000] {logging_mixin.py:188} INFO - [2024-01-30T22:14:19.947+0000] {dag.py:3036} INFO - Sync 1 DAGs
[2024-01-30T22:14:19.961+0000] {logging_mixin.py:188} INFO - [2024-01-30T22:14:19.961+0000] {dag.py:3823} INFO - Setting next_dagrun for example_sensors to None, run_after=None
[2024-01-30T22:14:19.996+0000] {processor.py:183} INFO - Processing /home/airflow/.local/lib/python3.8/site-packages/airflow/example_dags/example_sensors.py took 0.092 seconds
[2024-01-30T22:14:50.690+0000] {processor.py:161} INFO - Started process (PID=2427) to work on /home/airflow/.local/lib/python3.8/site-packages/airflow/example_dags/example_sensors.py
[2024-01-30T22:14:50.691+0000] {processor.py:830} INFO - Processing file /home/airflow/.local/lib/python3.8/site-packages/airflow/example_dags/example_sensors.py for tasks to queue
[2024-01-30T22:14:50.692+0000] {logging_mixin.py:188} INFO - [2024-01-30T22:14:50.692+0000] {dagbag.py:538} INFO - Filling up the DagBag from /home/airflow/.local/lib/python3.8/site-packages/airflow/example_dags/example_sensors.py
[2024-01-30T22:14:50.704+0000] {processor.py:840} INFO - DAG(s) 'example_sensors' retrieved from /home/airflow/.local/lib/python3.8/site-packages/airflow/example_dags/example_sensors.py
[2024-01-30T22:14:50.732+0000] {logging_mixin.py:188} INFO - [2024-01-30T22:14:50.732+0000] {dag.py:3036} INFO - Sync 1 DAGs
[2024-01-30T22:14:50.747+0000] {logging_mixin.py:188} INFO - [2024-01-30T22:14:50.747+0000] {dag.py:3823} INFO - Setting next_dagrun for example_sensors to None, run_after=None
[2024-01-30T22:14:50.776+0000] {processor.py:183} INFO - Processing /home/airflow/.local/lib/python3.8/site-packages/airflow/example_dags/example_sensors.py took 0.089 seconds
[2024-01-30T22:15:21.094+0000] {processor.py:161} INFO - Started process (PID=2482) to work on /home/airflow/.local/lib/python3.8/site-packages/airflow/example_dags/example_sensors.py
[2024-01-30T22:15:21.095+0000] {processor.py:830} INFO - Processing file /home/airflow/.local/lib/python3.8/site-packages/airflow/example_dags/example_sensors.py for tasks to queue
[2024-01-30T22:15:21.096+0000] {logging_mixin.py:188} INFO - [2024-01-30T22:15:21.095+0000] {dagbag.py:538} INFO - Filling up the DagBag from /home/airflow/.local/lib/python3.8/site-packages/airflow/example_dags/example_sensors.py
[2024-01-30T22:15:21.105+0000] {processor.py:840} INFO - DAG(s) 'example_sensors' retrieved from /home/airflow/.local/lib/python3.8/site-packages/airflow/example_dags/example_sensors.py
[2024-01-30T22:15:21.134+0000] {logging_mixin.py:188} INFO - [2024-01-30T22:15:21.134+0000] {dag.py:3036} INFO - Sync 1 DAGs
[2024-01-30T22:15:21.147+0000] {logging_mixin.py:188} INFO - [2024-01-30T22:15:21.147+0000] {dag.py:3823} INFO - Setting next_dagrun for example_sensors to None, run_after=None
[2024-01-30T22:15:21.208+0000] {processor.py:183} INFO - Processing /home/airflow/.local/lib/python3.8/site-packages/airflow/example_dags/example_sensors.py took 0.117 seconds
[2024-01-30T22:15:51.937+0000] {processor.py:161} INFO - Started process (PID=2547) to work on /home/airflow/.local/lib/python3.8/site-packages/airflow/example_dags/example_sensors.py
[2024-01-30T22:15:51.938+0000] {processor.py:830} INFO - Processing file /home/airflow/.local/lib/python3.8/site-packages/airflow/example_dags/example_sensors.py for tasks to queue
[2024-01-30T22:15:51.939+0000] {logging_mixin.py:188} INFO - [2024-01-30T22:15:51.939+0000] {dagbag.py:538} INFO - Filling up the DagBag from /home/airflow/.local/lib/python3.8/site-packages/airflow/example_dags/example_sensors.py
[2024-01-30T22:15:51.950+0000] {processor.py:840} INFO - DAG(s) 'example_sensors' retrieved from /home/airflow/.local/lib/python3.8/site-packages/airflow/example_dags/example_sensors.py
[2024-01-30T22:15:51.985+0000] {logging_mixin.py:188} INFO - [2024-01-30T22:15:51.985+0000] {dag.py:3036} INFO - Sync 1 DAGs
[2024-01-30T22:15:52.001+0000] {logging_mixin.py:188} INFO - [2024-01-30T22:15:52.001+0000] {dag.py:3823} INFO - Setting next_dagrun for example_sensors to None, run_after=None
[2024-01-30T22:15:52.065+0000] {processor.py:183} INFO - Processing /home/airflow/.local/lib/python3.8/site-packages/airflow/example_dags/example_sensors.py took 0.132 seconds
[2024-01-30T22:16:22.357+0000] {processor.py:161} INFO - Started process (PID=2607) to work on /home/airflow/.local/lib/python3.8/site-packages/airflow/example_dags/example_sensors.py
[2024-01-30T22:16:22.358+0000] {processor.py:830} INFO - Processing file /home/airflow/.local/lib/python3.8/site-packages/airflow/example_dags/example_sensors.py for tasks to queue
[2024-01-30T22:16:22.360+0000] {logging_mixin.py:188} INFO - [2024-01-30T22:16:22.360+0000] {dagbag.py:538} INFO - Filling up the DagBag from /home/airflow/.local/lib/python3.8/site-packages/airflow/example_dags/example_sensors.py
[2024-01-30T22:16:22.372+0000] {processor.py:840} INFO - DAG(s) 'example_sensors' retrieved from /home/airflow/.local/lib/python3.8/site-packages/airflow/example_dags/example_sensors.py
[2024-01-30T22:16:22.404+0000] {logging_mixin.py:188} INFO - [2024-01-30T22:16:22.403+0000] {dag.py:3036} INFO - Sync 1 DAGs
[2024-01-30T22:16:22.419+0000] {logging_mixin.py:188} INFO - [2024-01-30T22:16:22.418+0000] {dag.py:3823} INFO - Setting next_dagrun for example_sensors to None, run_after=None
[2024-01-30T22:16:22.505+0000] {processor.py:183} INFO - Processing /home/airflow/.local/lib/python3.8/site-packages/airflow/example_dags/example_sensors.py took 0.151 seconds
[2024-01-30T22:16:53.295+0000] {processor.py:161} INFO - Started process (PID=2665) to work on /home/airflow/.local/lib/python3.8/site-packages/airflow/example_dags/example_sensors.py
[2024-01-30T22:16:53.296+0000] {processor.py:830} INFO - Processing file /home/airflow/.local/lib/python3.8/site-packages/airflow/example_dags/example_sensors.py for tasks to queue
[2024-01-30T22:16:53.298+0000] {logging_mixin.py:188} INFO - [2024-01-30T22:16:53.297+0000] {dagbag.py:538} INFO - Filling up the DagBag from /home/airflow/.local/lib/python3.8/site-packages/airflow/example_dags/example_sensors.py
[2024-01-30T22:16:53.309+0000] {processor.py:840} INFO - DAG(s) 'example_sensors' retrieved from /home/airflow/.local/lib/python3.8/site-packages/airflow/example_dags/example_sensors.py
[2024-01-30T22:16:53.346+0000] {logging_mixin.py:188} INFO - [2024-01-30T22:16:53.345+0000] {dag.py:3036} INFO - Sync 1 DAGs
[2024-01-30T22:16:53.363+0000] {logging_mixin.py:188} INFO - [2024-01-30T22:16:53.363+0000] {dag.py:3823} INFO - Setting next_dagrun for example_sensors to None, run_after=None
[2024-01-30T22:16:53.397+0000] {processor.py:183} INFO - Processing /home/airflow/.local/lib/python3.8/site-packages/airflow/example_dags/example_sensors.py took 0.105 seconds
[2024-01-30T22:17:24.354+0000] {processor.py:161} INFO - Started process (PID=2726) to work on /home/airflow/.local/lib/python3.8/site-packages/airflow/example_dags/example_sensors.py
[2024-01-30T22:17:24.356+0000] {processor.py:830} INFO - Processing file /home/airflow/.local/lib/python3.8/site-packages/airflow/example_dags/example_sensors.py for tasks to queue
[2024-01-30T22:17:24.358+0000] {logging_mixin.py:188} INFO - [2024-01-30T22:17:24.357+0000] {dagbag.py:538} INFO - Filling up the DagBag from /home/airflow/.local/lib/python3.8/site-packages/airflow/example_dags/example_sensors.py
[2024-01-30T22:17:24.374+0000] {processor.py:840} INFO - DAG(s) 'example_sensors' retrieved from /home/airflow/.local/lib/python3.8/site-packages/airflow/example_dags/example_sensors.py
[2024-01-30T22:17:24.409+0000] {logging_mixin.py:188} INFO - [2024-01-30T22:17:24.408+0000] {dag.py:3036} INFO - Sync 1 DAGs
[2024-01-30T22:17:24.425+0000] {logging_mixin.py:188} INFO - [2024-01-30T22:17:24.424+0000] {dag.py:3823} INFO - Setting next_dagrun for example_sensors to None, run_after=None
[2024-01-30T22:17:24.457+0000] {processor.py:183} INFO - Processing /home/airflow/.local/lib/python3.8/site-packages/airflow/example_dags/example_sensors.py took 0.106 seconds
[2024-01-30T22:17:54.965+0000] {processor.py:161} INFO - Started process (PID=2783) to work on /home/airflow/.local/lib/python3.8/site-packages/airflow/example_dags/example_sensors.py
[2024-01-30T22:17:54.968+0000] {processor.py:830} INFO - Processing file /home/airflow/.local/lib/python3.8/site-packages/airflow/example_dags/example_sensors.py for tasks to queue
[2024-01-30T22:17:54.969+0000] {logging_mixin.py:188} INFO - [2024-01-30T22:17:54.969+0000] {dagbag.py:538} INFO - Filling up the DagBag from /home/airflow/.local/lib/python3.8/site-packages/airflow/example_dags/example_sensors.py
[2024-01-30T22:17:54.980+0000] {processor.py:840} INFO - DAG(s) 'example_sensors' retrieved from /home/airflow/.local/lib/python3.8/site-packages/airflow/example_dags/example_sensors.py
[2024-01-30T22:17:55.014+0000] {logging_mixin.py:188} INFO - [2024-01-30T22:17:55.013+0000] {dag.py:3036} INFO - Sync 1 DAGs
[2024-01-30T22:17:55.029+0000] {logging_mixin.py:188} INFO - [2024-01-30T22:17:55.029+0000] {dag.py:3823} INFO - Setting next_dagrun for example_sensors to None, run_after=None
[2024-01-30T22:17:55.061+0000] {processor.py:183} INFO - Processing /home/airflow/.local/lib/python3.8/site-packages/airflow/example_dags/example_sensors.py took 0.099 seconds
[2024-01-30T22:18:25.288+0000] {processor.py:161} INFO - Started process (PID=2841) to work on /home/airflow/.local/lib/python3.8/site-packages/airflow/example_dags/example_sensors.py
[2024-01-30T22:18:25.290+0000] {processor.py:830} INFO - Processing file /home/airflow/.local/lib/python3.8/site-packages/airflow/example_dags/example_sensors.py for tasks to queue
[2024-01-30T22:18:25.291+0000] {logging_mixin.py:188} INFO - [2024-01-30T22:18:25.291+0000] {dagbag.py:538} INFO - Filling up the DagBag from /home/airflow/.local/lib/python3.8/site-packages/airflow/example_dags/example_sensors.py
[2024-01-30T22:18:25.301+0000] {processor.py:840} INFO - DAG(s) 'example_sensors' retrieved from /home/airflow/.local/lib/python3.8/site-packages/airflow/example_dags/example_sensors.py
[2024-01-30T22:18:25.331+0000] {logging_mixin.py:188} INFO - [2024-01-30T22:18:25.330+0000] {dag.py:3036} INFO - Sync 1 DAGs
[2024-01-30T22:18:25.345+0000] {logging_mixin.py:188} INFO - [2024-01-30T22:18:25.345+0000] {dag.py:3823} INFO - Setting next_dagrun for example_sensors to None, run_after=None
[2024-01-30T22:18:25.380+0000] {processor.py:183} INFO - Processing /home/airflow/.local/lib/python3.8/site-packages/airflow/example_dags/example_sensors.py took 0.094 seconds
[2024-01-30T22:18:56.727+0000] {processor.py:161} INFO - Started process (PID=2898) to work on /home/airflow/.local/lib/python3.8/site-packages/airflow/example_dags/example_sensors.py
[2024-01-30T22:18:56.728+0000] {processor.py:830} INFO - Processing file /home/airflow/.local/lib/python3.8/site-packages/airflow/example_dags/example_sensors.py for tasks to queue
[2024-01-30T22:18:56.730+0000] {logging_mixin.py:188} INFO - [2024-01-30T22:18:56.729+0000] {dagbag.py:538} INFO - Filling up the DagBag from /home/airflow/.local/lib/python3.8/site-packages/airflow/example_dags/example_sensors.py
[2024-01-30T22:18:56.740+0000] {processor.py:840} INFO - DAG(s) 'example_sensors' retrieved from /home/airflow/.local/lib/python3.8/site-packages/airflow/example_dags/example_sensors.py
[2024-01-30T22:18:56.906+0000] {logging_mixin.py:188} INFO - [2024-01-30T22:18:56.906+0000] {dag.py:3036} INFO - Sync 1 DAGs
[2024-01-30T22:18:56.921+0000] {logging_mixin.py:188} INFO - [2024-01-30T22:18:56.920+0000] {dag.py:3823} INFO - Setting next_dagrun for example_sensors to None, run_after=None
[2024-01-30T22:18:56.957+0000] {processor.py:183} INFO - Processing /home/airflow/.local/lib/python3.8/site-packages/airflow/example_dags/example_sensors.py took 0.233 seconds
[2024-01-30T22:19:28.138+0000] {processor.py:161} INFO - Started process (PID=2955) to work on /home/airflow/.local/lib/python3.8/site-packages/airflow/example_dags/example_sensors.py
[2024-01-30T22:19:28.141+0000] {processor.py:830} INFO - Processing file /home/airflow/.local/lib/python3.8/site-packages/airflow/example_dags/example_sensors.py for tasks to queue
[2024-01-30T22:19:28.142+0000] {logging_mixin.py:188} INFO - [2024-01-30T22:19:28.142+0000] {dagbag.py:538} INFO - Filling up the DagBag from /home/airflow/.local/lib/python3.8/site-packages/airflow/example_dags/example_sensors.py
[2024-01-30T22:19:28.153+0000] {processor.py:840} INFO - DAG(s) 'example_sensors' retrieved from /home/airflow/.local/lib/python3.8/site-packages/airflow/example_dags/example_sensors.py
[2024-01-30T22:19:28.194+0000] {logging_mixin.py:188} INFO - [2024-01-30T22:19:28.193+0000] {dag.py:3036} INFO - Sync 1 DAGs
[2024-01-30T22:19:28.369+0000] {logging_mixin.py:188} INFO - [2024-01-30T22:19:28.369+0000] {dag.py:3823} INFO - Setting next_dagrun for example_sensors to None, run_after=None
[2024-01-30T22:19:28.401+0000] {processor.py:183} INFO - Processing /home/airflow/.local/lib/python3.8/site-packages/airflow/example_dags/example_sensors.py took 0.266 seconds
[2024-01-30T22:19:58.983+0000] {processor.py:161} INFO - Started process (PID=3012) to work on /home/airflow/.local/lib/python3.8/site-packages/airflow/example_dags/example_sensors.py
[2024-01-30T22:19:58.984+0000] {processor.py:830} INFO - Processing file /home/airflow/.local/lib/python3.8/site-packages/airflow/example_dags/example_sensors.py for tasks to queue
[2024-01-30T22:19:58.986+0000] {logging_mixin.py:188} INFO - [2024-01-30T22:19:58.986+0000] {dagbag.py:538} INFO - Filling up the DagBag from /home/airflow/.local/lib/python3.8/site-packages/airflow/example_dags/example_sensors.py
[2024-01-30T22:19:58.998+0000] {processor.py:840} INFO - DAG(s) 'example_sensors' retrieved from /home/airflow/.local/lib/python3.8/site-packages/airflow/example_dags/example_sensors.py
[2024-01-30T22:19:59.033+0000] {logging_mixin.py:188} INFO - [2024-01-30T22:19:59.033+0000] {dag.py:3036} INFO - Sync 1 DAGs
[2024-01-30T22:19:59.054+0000] {logging_mixin.py:188} INFO - [2024-01-30T22:19:59.053+0000] {dag.py:3823} INFO - Setting next_dagrun for example_sensors to None, run_after=None
[2024-01-30T22:19:59.096+0000] {processor.py:183} INFO - Processing /home/airflow/.local/lib/python3.8/site-packages/airflow/example_dags/example_sensors.py took 0.116 seconds
[2024-01-30T22:20:29.769+0000] {processor.py:161} INFO - Started process (PID=3069) to work on /home/airflow/.local/lib/python3.8/site-packages/airflow/example_dags/example_sensors.py
[2024-01-30T22:20:29.770+0000] {processor.py:830} INFO - Processing file /home/airflow/.local/lib/python3.8/site-packages/airflow/example_dags/example_sensors.py for tasks to queue
[2024-01-30T22:20:29.771+0000] {logging_mixin.py:188} INFO - [2024-01-30T22:20:29.771+0000] {dagbag.py:538} INFO - Filling up the DagBag from /home/airflow/.local/lib/python3.8/site-packages/airflow/example_dags/example_sensors.py
[2024-01-30T22:20:29.779+0000] {processor.py:840} INFO - DAG(s) 'example_sensors' retrieved from /home/airflow/.local/lib/python3.8/site-packages/airflow/example_dags/example_sensors.py
[2024-01-30T22:20:29.803+0000] {logging_mixin.py:188} INFO - [2024-01-30T22:20:29.803+0000] {dag.py:3036} INFO - Sync 1 DAGs
[2024-01-30T22:20:29.816+0000] {logging_mixin.py:188} INFO - [2024-01-30T22:20:29.815+0000] {dag.py:3823} INFO - Setting next_dagrun for example_sensors to None, run_after=None
[2024-01-30T22:20:29.841+0000] {processor.py:183} INFO - Processing /home/airflow/.local/lib/python3.8/site-packages/airflow/example_dags/example_sensors.py took 0.074 seconds
[2024-01-30T22:21:00.031+0000] {processor.py:161} INFO - Started process (PID=3126) to work on /home/airflow/.local/lib/python3.8/site-packages/airflow/example_dags/example_sensors.py
[2024-01-30T22:21:00.033+0000] {processor.py:830} INFO - Processing file /home/airflow/.local/lib/python3.8/site-packages/airflow/example_dags/example_sensors.py for tasks to queue
[2024-01-30T22:21:00.034+0000] {logging_mixin.py:188} INFO - [2024-01-30T22:21:00.034+0000] {dagbag.py:538} INFO - Filling up the DagBag from /home/airflow/.local/lib/python3.8/site-packages/airflow/example_dags/example_sensors.py
[2024-01-30T22:21:00.042+0000] {processor.py:840} INFO - DAG(s) 'example_sensors' retrieved from /home/airflow/.local/lib/python3.8/site-packages/airflow/example_dags/example_sensors.py
[2024-01-30T22:21:00.067+0000] {logging_mixin.py:188} INFO - [2024-01-30T22:21:00.067+0000] {dag.py:3036} INFO - Sync 1 DAGs
[2024-01-30T22:21:00.079+0000] {logging_mixin.py:188} INFO - [2024-01-30T22:21:00.078+0000] {dag.py:3823} INFO - Setting next_dagrun for example_sensors to None, run_after=None
[2024-01-30T22:21:00.110+0000] {processor.py:183} INFO - Processing /home/airflow/.local/lib/python3.8/site-packages/airflow/example_dags/example_sensors.py took 0.081 seconds
[2024-01-30T22:21:30.712+0000] {processor.py:161} INFO - Started process (PID=3183) to work on /home/airflow/.local/lib/python3.8/site-packages/airflow/example_dags/example_sensors.py
[2024-01-30T22:21:30.713+0000] {processor.py:830} INFO - Processing file /home/airflow/.local/lib/python3.8/site-packages/airflow/example_dags/example_sensors.py for tasks to queue
[2024-01-30T22:21:30.715+0000] {logging_mixin.py:188} INFO - [2024-01-30T22:21:30.714+0000] {dagbag.py:538} INFO - Filling up the DagBag from /home/airflow/.local/lib/python3.8/site-packages/airflow/example_dags/example_sensors.py
[2024-01-30T22:21:30.724+0000] {processor.py:840} INFO - DAG(s) 'example_sensors' retrieved from /home/airflow/.local/lib/python3.8/site-packages/airflow/example_dags/example_sensors.py
[2024-01-30T22:21:30.749+0000] {logging_mixin.py:188} INFO - [2024-01-30T22:21:30.749+0000] {dag.py:3036} INFO - Sync 1 DAGs
[2024-01-30T22:21:30.761+0000] {logging_mixin.py:188} INFO - [2024-01-30T22:21:30.761+0000] {dag.py:3823} INFO - Setting next_dagrun for example_sensors to None, run_after=None
[2024-01-30T22:21:30.786+0000] {processor.py:183} INFO - Processing /home/airflow/.local/lib/python3.8/site-packages/airflow/example_dags/example_sensors.py took 0.077 seconds
[2024-01-30T22:22:01.235+0000] {processor.py:161} INFO - Started process (PID=3240) to work on /home/airflow/.local/lib/python3.8/site-packages/airflow/example_dags/example_sensors.py
[2024-01-30T22:22:01.236+0000] {processor.py:830} INFO - Processing file /home/airflow/.local/lib/python3.8/site-packages/airflow/example_dags/example_sensors.py for tasks to queue
[2024-01-30T22:22:01.238+0000] {logging_mixin.py:188} INFO - [2024-01-30T22:22:01.237+0000] {dagbag.py:538} INFO - Filling up the DagBag from /home/airflow/.local/lib/python3.8/site-packages/airflow/example_dags/example_sensors.py
[2024-01-30T22:22:01.251+0000] {processor.py:840} INFO - DAG(s) 'example_sensors' retrieved from /home/airflow/.local/lib/python3.8/site-packages/airflow/example_dags/example_sensors.py
[2024-01-30T22:22:01.289+0000] {logging_mixin.py:188} INFO - [2024-01-30T22:22:01.288+0000] {dag.py:3036} INFO - Sync 1 DAGs
[2024-01-30T22:22:01.307+0000] {logging_mixin.py:188} INFO - [2024-01-30T22:22:01.307+0000] {dag.py:3823} INFO - Setting next_dagrun for example_sensors to None, run_after=None
[2024-01-30T22:22:01.349+0000] {processor.py:183} INFO - Processing /home/airflow/.local/lib/python3.8/site-packages/airflow/example_dags/example_sensors.py took 0.118 seconds
[2024-01-30T22:22:31.660+0000] {processor.py:161} INFO - Started process (PID=3297) to work on /home/airflow/.local/lib/python3.8/site-packages/airflow/example_dags/example_sensors.py
[2024-01-30T22:22:31.662+0000] {processor.py:830} INFO - Processing file /home/airflow/.local/lib/python3.8/site-packages/airflow/example_dags/example_sensors.py for tasks to queue
[2024-01-30T22:22:31.663+0000] {logging_mixin.py:188} INFO - [2024-01-30T22:22:31.663+0000] {dagbag.py:538} INFO - Filling up the DagBag from /home/airflow/.local/lib/python3.8/site-packages/airflow/example_dags/example_sensors.py
[2024-01-30T22:22:31.672+0000] {processor.py:840} INFO - DAG(s) 'example_sensors' retrieved from /home/airflow/.local/lib/python3.8/site-packages/airflow/example_dags/example_sensors.py
[2024-01-30T22:22:31.696+0000] {logging_mixin.py:188} INFO - [2024-01-30T22:22:31.696+0000] {dag.py:3036} INFO - Sync 1 DAGs
[2024-01-30T22:22:31.714+0000] {logging_mixin.py:188} INFO - [2024-01-30T22:22:31.714+0000] {dag.py:3823} INFO - Setting next_dagrun for example_sensors to None, run_after=None
[2024-01-30T22:22:31.746+0000] {processor.py:183} INFO - Processing /home/airflow/.local/lib/python3.8/site-packages/airflow/example_dags/example_sensors.py took 0.089 seconds
[2024-01-30T22:23:02.121+0000] {processor.py:161} INFO - Started process (PID=3354) to work on /home/airflow/.local/lib/python3.8/site-packages/airflow/example_dags/example_sensors.py
[2024-01-30T22:23:02.123+0000] {processor.py:830} INFO - Processing file /home/airflow/.local/lib/python3.8/site-packages/airflow/example_dags/example_sensors.py for tasks to queue
[2024-01-30T22:23:02.124+0000] {logging_mixin.py:188} INFO - [2024-01-30T22:23:02.124+0000] {dagbag.py:538} INFO - Filling up the DagBag from /home/airflow/.local/lib/python3.8/site-packages/airflow/example_dags/example_sensors.py
[2024-01-30T22:23:02.135+0000] {processor.py:840} INFO - DAG(s) 'example_sensors' retrieved from /home/airflow/.local/lib/python3.8/site-packages/airflow/example_dags/example_sensors.py
[2024-01-30T22:23:02.166+0000] {logging_mixin.py:188} INFO - [2024-01-30T22:23:02.166+0000] {dag.py:3036} INFO - Sync 1 DAGs
[2024-01-30T22:23:02.181+0000] {logging_mixin.py:188} INFO - [2024-01-30T22:23:02.181+0000] {dag.py:3823} INFO - Setting next_dagrun for example_sensors to None, run_after=None
[2024-01-30T22:23:02.209+0000] {processor.py:183} INFO - Processing /home/airflow/.local/lib/python3.8/site-packages/airflow/example_dags/example_sensors.py took 0.091 seconds
