[2024-01-30T21:53:04.601+0000] {processor.py:161} INFO - Started process (PID=36) to work on /home/airflow/.local/lib/python3.8/site-packages/airflow/example_dags/example_short_circuit_operator.py
[2024-01-30T21:53:04.603+0000] {processor.py:830} INFO - Processing file /home/airflow/.local/lib/python3.8/site-packages/airflow/example_dags/example_short_circuit_operator.py for tasks to queue
[2024-01-30T21:53:04.606+0000] {logging_mixin.py:188} INFO - [2024-01-30T21:53:04.605+0000] {dagbag.py:538} INFO - Filling up the DagBag from /home/airflow/.local/lib/python3.8/site-packages/airflow/example_dags/example_short_circuit_operator.py
[2024-01-30T21:53:04.630+0000] {processor.py:840} INFO - DAG(s) 'example_short_circuit_operator' retrieved from /home/airflow/.local/lib/python3.8/site-packages/airflow/example_dags/example_short_circuit_operator.py
[2024-01-30T21:53:04.844+0000] {logging_mixin.py:188} INFO - [2024-01-30T21:53:04.844+0000] {dag.py:3036} INFO - Sync 1 DAGs
[2024-01-30T21:53:04.900+0000] {logging_mixin.py:188} INFO - [2024-01-30T21:53:04.900+0000] {dag.py:3823} INFO - Setting next_dagrun for example_short_circuit_operator to 2024-01-29 00:00:00+00:00, run_after=2024-01-30 00:00:00+00:00
[2024-01-30T21:53:04.980+0000] {processor.py:183} INFO - Processing /home/airflow/.local/lib/python3.8/site-packages/airflow/example_dags/example_short_circuit_operator.py took 0.382 seconds
[2024-01-30T21:53:35.914+0000] {processor.py:161} INFO - Started process (PID=91) to work on /home/airflow/.local/lib/python3.8/site-packages/airflow/example_dags/example_short_circuit_operator.py
[2024-01-30T21:53:35.916+0000] {processor.py:830} INFO - Processing file /home/airflow/.local/lib/python3.8/site-packages/airflow/example_dags/example_short_circuit_operator.py for tasks to queue
[2024-01-30T21:53:35.919+0000] {logging_mixin.py:188} INFO - [2024-01-30T21:53:35.919+0000] {dagbag.py:538} INFO - Filling up the DagBag from /home/airflow/.local/lib/python3.8/site-packages/airflow/example_dags/example_short_circuit_operator.py
[2024-01-30T21:53:35.928+0000] {processor.py:840} INFO - DAG(s) 'example_short_circuit_operator' retrieved from /home/airflow/.local/lib/python3.8/site-packages/airflow/example_dags/example_short_circuit_operator.py
[2024-01-30T21:53:35.959+0000] {logging_mixin.py:188} INFO - [2024-01-30T21:53:35.959+0000] {dag.py:3036} INFO - Sync 1 DAGs
[2024-01-30T21:53:35.989+0000] {logging_mixin.py:188} INFO - [2024-01-30T21:53:35.989+0000] {dag.py:3823} INFO - Setting next_dagrun for example_short_circuit_operator to 2024-01-29 00:00:00+00:00, run_after=2024-01-30 00:00:00+00:00
[2024-01-30T21:53:36.022+0000] {processor.py:183} INFO - Processing /home/airflow/.local/lib/python3.8/site-packages/airflow/example_dags/example_short_circuit_operator.py took 0.111 seconds
[2024-01-30T21:54:06.258+0000] {processor.py:161} INFO - Started process (PID=146) to work on /home/airflow/.local/lib/python3.8/site-packages/airflow/example_dags/example_short_circuit_operator.py
[2024-01-30T21:54:06.306+0000] {processor.py:830} INFO - Processing file /home/airflow/.local/lib/python3.8/site-packages/airflow/example_dags/example_short_circuit_operator.py for tasks to queue
[2024-01-30T21:54:06.309+0000] {logging_mixin.py:188} INFO - [2024-01-30T21:54:06.308+0000] {dagbag.py:538} INFO - Filling up the DagBag from /home/airflow/.local/lib/python3.8/site-packages/airflow/example_dags/example_short_circuit_operator.py
[2024-01-30T21:54:06.316+0000] {processor.py:840} INFO - DAG(s) 'example_short_circuit_operator' retrieved from /home/airflow/.local/lib/python3.8/site-packages/airflow/example_dags/example_short_circuit_operator.py
[2024-01-30T21:54:06.343+0000] {logging_mixin.py:188} INFO - [2024-01-30T21:54:06.342+0000] {dag.py:3036} INFO - Sync 1 DAGs
[2024-01-30T21:54:06.366+0000] {logging_mixin.py:188} INFO - [2024-01-30T21:54:06.366+0000] {dag.py:3823} INFO - Setting next_dagrun for example_short_circuit_operator to 2024-01-29 00:00:00+00:00, run_after=2024-01-30 00:00:00+00:00
[2024-01-30T21:54:06.518+0000] {processor.py:183} INFO - Processing /home/airflow/.local/lib/python3.8/site-packages/airflow/example_dags/example_short_circuit_operator.py took 0.263 seconds
[2024-01-30T21:54:36.861+0000] {processor.py:161} INFO - Started process (PID=201) to work on /home/airflow/.local/lib/python3.8/site-packages/airflow/example_dags/example_short_circuit_operator.py
[2024-01-30T21:54:36.863+0000] {processor.py:830} INFO - Processing file /home/airflow/.local/lib/python3.8/site-packages/airflow/example_dags/example_short_circuit_operator.py for tasks to queue
[2024-01-30T21:54:36.866+0000] {logging_mixin.py:188} INFO - [2024-01-30T21:54:36.865+0000] {dagbag.py:538} INFO - Filling up the DagBag from /home/airflow/.local/lib/python3.8/site-packages/airflow/example_dags/example_short_circuit_operator.py
[2024-01-30T21:54:36.875+0000] {processor.py:840} INFO - DAG(s) 'example_short_circuit_operator' retrieved from /home/airflow/.local/lib/python3.8/site-packages/airflow/example_dags/example_short_circuit_operator.py
[2024-01-30T21:54:36.909+0000] {logging_mixin.py:188} INFO - [2024-01-30T21:54:36.908+0000] {dag.py:3036} INFO - Sync 1 DAGs
[2024-01-30T21:54:36.943+0000] {logging_mixin.py:188} INFO - [2024-01-30T21:54:36.942+0000] {dag.py:3823} INFO - Setting next_dagrun for example_short_circuit_operator to 2024-01-29 00:00:00+00:00, run_after=2024-01-30 00:00:00+00:00
[2024-01-30T21:54:36.987+0000] {processor.py:183} INFO - Processing /home/airflow/.local/lib/python3.8/site-packages/airflow/example_dags/example_short_circuit_operator.py took 0.129 seconds
[2024-01-30T21:55:07.417+0000] {processor.py:161} INFO - Started process (PID=256) to work on /home/airflow/.local/lib/python3.8/site-packages/airflow/example_dags/example_short_circuit_operator.py
[2024-01-30T21:55:07.418+0000] {processor.py:830} INFO - Processing file /home/airflow/.local/lib/python3.8/site-packages/airflow/example_dags/example_short_circuit_operator.py for tasks to queue
[2024-01-30T21:55:07.420+0000] {logging_mixin.py:188} INFO - [2024-01-30T21:55:07.420+0000] {dagbag.py:538} INFO - Filling up the DagBag from /home/airflow/.local/lib/python3.8/site-packages/airflow/example_dags/example_short_circuit_operator.py
[2024-01-30T21:55:07.430+0000] {processor.py:840} INFO - DAG(s) 'example_short_circuit_operator' retrieved from /home/airflow/.local/lib/python3.8/site-packages/airflow/example_dags/example_short_circuit_operator.py
[2024-01-30T21:55:07.458+0000] {logging_mixin.py:188} INFO - [2024-01-30T21:55:07.457+0000] {dag.py:3036} INFO - Sync 1 DAGs
[2024-01-30T21:55:07.485+0000] {logging_mixin.py:188} INFO - [2024-01-30T21:55:07.485+0000] {dag.py:3823} INFO - Setting next_dagrun for example_short_circuit_operator to 2024-01-29 00:00:00+00:00, run_after=2024-01-30 00:00:00+00:00
[2024-01-30T21:55:07.519+0000] {processor.py:183} INFO - Processing /home/airflow/.local/lib/python3.8/site-packages/airflow/example_dags/example_short_circuit_operator.py took 0.106 seconds
[2024-01-30T21:55:38.070+0000] {processor.py:161} INFO - Started process (PID=309) to work on /home/airflow/.local/lib/python3.8/site-packages/airflow/example_dags/example_short_circuit_operator.py
[2024-01-30T21:55:38.071+0000] {processor.py:830} INFO - Processing file /home/airflow/.local/lib/python3.8/site-packages/airflow/example_dags/example_short_circuit_operator.py for tasks to queue
[2024-01-30T21:55:38.074+0000] {logging_mixin.py:188} INFO - [2024-01-30T21:55:38.074+0000] {dagbag.py:538} INFO - Filling up the DagBag from /home/airflow/.local/lib/python3.8/site-packages/airflow/example_dags/example_short_circuit_operator.py
[2024-01-30T21:55:38.085+0000] {processor.py:840} INFO - DAG(s) 'example_short_circuit_operator' retrieved from /home/airflow/.local/lib/python3.8/site-packages/airflow/example_dags/example_short_circuit_operator.py
[2024-01-30T21:55:38.173+0000] {logging_mixin.py:188} INFO - [2024-01-30T21:55:38.173+0000] {dag.py:3036} INFO - Sync 1 DAGs
[2024-01-30T21:55:38.207+0000] {logging_mixin.py:188} INFO - [2024-01-30T21:55:38.207+0000] {dag.py:3823} INFO - Setting next_dagrun for example_short_circuit_operator to 2024-01-29 00:00:00+00:00, run_after=2024-01-30 00:00:00+00:00
[2024-01-30T21:55:38.244+0000] {processor.py:183} INFO - Processing /home/airflow/.local/lib/python3.8/site-packages/airflow/example_dags/example_short_circuit_operator.py took 0.179 seconds
[2024-01-30T21:56:08.347+0000] {processor.py:161} INFO - Started process (PID=364) to work on /home/airflow/.local/lib/python3.8/site-packages/airflow/example_dags/example_short_circuit_operator.py
[2024-01-30T21:56:08.348+0000] {processor.py:830} INFO - Processing file /home/airflow/.local/lib/python3.8/site-packages/airflow/example_dags/example_short_circuit_operator.py for tasks to queue
[2024-01-30T21:56:08.351+0000] {logging_mixin.py:188} INFO - [2024-01-30T21:56:08.350+0000] {dagbag.py:538} INFO - Filling up the DagBag from /home/airflow/.local/lib/python3.8/site-packages/airflow/example_dags/example_short_circuit_operator.py
[2024-01-30T21:56:08.361+0000] {processor.py:840} INFO - DAG(s) 'example_short_circuit_operator' retrieved from /home/airflow/.local/lib/python3.8/site-packages/airflow/example_dags/example_short_circuit_operator.py
[2024-01-30T21:56:08.390+0000] {logging_mixin.py:188} INFO - [2024-01-30T21:56:08.390+0000] {dag.py:3036} INFO - Sync 1 DAGs
[2024-01-30T21:56:08.421+0000] {logging_mixin.py:188} INFO - [2024-01-30T21:56:08.421+0000] {dag.py:3823} INFO - Setting next_dagrun for example_short_circuit_operator to 2024-01-29 00:00:00+00:00, run_after=2024-01-30 00:00:00+00:00
[2024-01-30T21:56:08.456+0000] {processor.py:183} INFO - Processing /home/airflow/.local/lib/python3.8/site-packages/airflow/example_dags/example_short_circuit_operator.py took 0.112 seconds
[2024-01-30T21:56:38.565+0000] {processor.py:161} INFO - Started process (PID=419) to work on /home/airflow/.local/lib/python3.8/site-packages/airflow/example_dags/example_short_circuit_operator.py
[2024-01-30T21:56:38.566+0000] {processor.py:830} INFO - Processing file /home/airflow/.local/lib/python3.8/site-packages/airflow/example_dags/example_short_circuit_operator.py for tasks to queue
[2024-01-30T21:56:38.568+0000] {logging_mixin.py:188} INFO - [2024-01-30T21:56:38.568+0000] {dagbag.py:538} INFO - Filling up the DagBag from /home/airflow/.local/lib/python3.8/site-packages/airflow/example_dags/example_short_circuit_operator.py
[2024-01-30T21:56:38.575+0000] {processor.py:840} INFO - DAG(s) 'example_short_circuit_operator' retrieved from /home/airflow/.local/lib/python3.8/site-packages/airflow/example_dags/example_short_circuit_operator.py
[2024-01-30T21:56:38.600+0000] {logging_mixin.py:188} INFO - [2024-01-30T21:56:38.600+0000] {dag.py:3036} INFO - Sync 1 DAGs
[2024-01-30T21:56:38.624+0000] {logging_mixin.py:188} INFO - [2024-01-30T21:56:38.624+0000] {dag.py:3823} INFO - Setting next_dagrun for example_short_circuit_operator to 2024-01-29 00:00:00+00:00, run_after=2024-01-30 00:00:00+00:00
[2024-01-30T21:56:38.685+0000] {processor.py:183} INFO - Processing /home/airflow/.local/lib/python3.8/site-packages/airflow/example_dags/example_short_circuit_operator.py took 0.122 seconds
[2024-01-30T21:57:08.747+0000] {processor.py:161} INFO - Started process (PID=474) to work on /home/airflow/.local/lib/python3.8/site-packages/airflow/example_dags/example_short_circuit_operator.py
[2024-01-30T21:57:08.748+0000] {processor.py:830} INFO - Processing file /home/airflow/.local/lib/python3.8/site-packages/airflow/example_dags/example_short_circuit_operator.py for tasks to queue
[2024-01-30T21:57:08.750+0000] {logging_mixin.py:188} INFO - [2024-01-30T21:57:08.750+0000] {dagbag.py:538} INFO - Filling up the DagBag from /home/airflow/.local/lib/python3.8/site-packages/airflow/example_dags/example_short_circuit_operator.py
[2024-01-30T21:57:08.758+0000] {processor.py:840} INFO - DAG(s) 'example_short_circuit_operator' retrieved from /home/airflow/.local/lib/python3.8/site-packages/airflow/example_dags/example_short_circuit_operator.py
[2024-01-30T21:57:08.784+0000] {logging_mixin.py:188} INFO - [2024-01-30T21:57:08.784+0000] {dag.py:3036} INFO - Sync 1 DAGs
[2024-01-30T21:57:08.810+0000] {logging_mixin.py:188} INFO - [2024-01-30T21:57:08.810+0000] {dag.py:3823} INFO - Setting next_dagrun for example_short_circuit_operator to 2024-01-29 00:00:00+00:00, run_after=2024-01-30 00:00:00+00:00
[2024-01-30T21:57:08.839+0000] {processor.py:183} INFO - Processing /home/airflow/.local/lib/python3.8/site-packages/airflow/example_dags/example_short_circuit_operator.py took 0.095 seconds
[2024-01-30T21:57:39.195+0000] {processor.py:161} INFO - Started process (PID=529) to work on /home/airflow/.local/lib/python3.8/site-packages/airflow/example_dags/example_short_circuit_operator.py
[2024-01-30T21:57:39.196+0000] {processor.py:830} INFO - Processing file /home/airflow/.local/lib/python3.8/site-packages/airflow/example_dags/example_short_circuit_operator.py for tasks to queue
[2024-01-30T21:57:39.199+0000] {logging_mixin.py:188} INFO - [2024-01-30T21:57:39.198+0000] {dagbag.py:538} INFO - Filling up the DagBag from /home/airflow/.local/lib/python3.8/site-packages/airflow/example_dags/example_short_circuit_operator.py
[2024-01-30T21:57:39.206+0000] {processor.py:840} INFO - DAG(s) 'example_short_circuit_operator' retrieved from /home/airflow/.local/lib/python3.8/site-packages/airflow/example_dags/example_short_circuit_operator.py
[2024-01-30T21:57:39.232+0000] {logging_mixin.py:188} INFO - [2024-01-30T21:57:39.232+0000] {dag.py:3036} INFO - Sync 1 DAGs
[2024-01-30T21:57:39.256+0000] {logging_mixin.py:188} INFO - [2024-01-30T21:57:39.256+0000] {dag.py:3823} INFO - Setting next_dagrun for example_short_circuit_operator to 2024-01-29 00:00:00+00:00, run_after=2024-01-30 00:00:00+00:00
[2024-01-30T21:57:39.285+0000] {processor.py:183} INFO - Processing /home/airflow/.local/lib/python3.8/site-packages/airflow/example_dags/example_short_circuit_operator.py took 0.093 seconds
[2024-01-30T21:58:10.641+0000] {processor.py:161} INFO - Started process (PID=571) to work on /home/airflow/.local/lib/python3.8/site-packages/airflow/example_dags/example_short_circuit_operator.py
[2024-01-30T21:58:10.643+0000] {processor.py:830} INFO - Processing file /home/airflow/.local/lib/python3.8/site-packages/airflow/example_dags/example_short_circuit_operator.py for tasks to queue
[2024-01-30T21:58:10.645+0000] {logging_mixin.py:188} INFO - [2024-01-30T21:58:10.645+0000] {dagbag.py:538} INFO - Filling up the DagBag from /home/airflow/.local/lib/python3.8/site-packages/airflow/example_dags/example_short_circuit_operator.py
[2024-01-30T21:58:10.656+0000] {processor.py:840} INFO - DAG(s) 'example_short_circuit_operator' retrieved from /home/airflow/.local/lib/python3.8/site-packages/airflow/example_dags/example_short_circuit_operator.py
[2024-01-30T21:58:10.690+0000] {logging_mixin.py:188} INFO - [2024-01-30T21:58:10.689+0000] {dag.py:3036} INFO - Sync 1 DAGs
[2024-01-30T21:58:10.726+0000] {logging_mixin.py:188} INFO - [2024-01-30T21:58:10.726+0000] {dag.py:3823} INFO - Setting next_dagrun for example_short_circuit_operator to 2024-01-29 00:00:00+00:00, run_after=2024-01-30 00:00:00+00:00
[2024-01-30T21:58:10.765+0000] {processor.py:183} INFO - Processing /home/airflow/.local/lib/python3.8/site-packages/airflow/example_dags/example_short_circuit_operator.py took 0.128 seconds
[2024-01-30T21:58:41.425+0000] {processor.py:161} INFO - Started process (PID=627) to work on /home/airflow/.local/lib/python3.8/site-packages/airflow/example_dags/example_short_circuit_operator.py
[2024-01-30T21:58:41.427+0000] {processor.py:830} INFO - Processing file /home/airflow/.local/lib/python3.8/site-packages/airflow/example_dags/example_short_circuit_operator.py for tasks to queue
[2024-01-30T21:58:41.428+0000] {logging_mixin.py:188} INFO - [2024-01-30T21:58:41.428+0000] {dagbag.py:538} INFO - Filling up the DagBag from /home/airflow/.local/lib/python3.8/site-packages/airflow/example_dags/example_short_circuit_operator.py
[2024-01-30T21:58:41.437+0000] {processor.py:840} INFO - DAG(s) 'example_short_circuit_operator' retrieved from /home/airflow/.local/lib/python3.8/site-packages/airflow/example_dags/example_short_circuit_operator.py
[2024-01-30T21:58:41.467+0000] {logging_mixin.py:188} INFO - [2024-01-30T21:58:41.466+0000] {dag.py:3036} INFO - Sync 1 DAGs
[2024-01-30T21:58:41.496+0000] {logging_mixin.py:188} INFO - [2024-01-30T21:58:41.496+0000] {dag.py:3823} INFO - Setting next_dagrun for example_short_circuit_operator to 2024-01-29 00:00:00+00:00, run_after=2024-01-30 00:00:00+00:00
[2024-01-30T21:58:41.527+0000] {processor.py:183} INFO - Processing /home/airflow/.local/lib/python3.8/site-packages/airflow/example_dags/example_short_circuit_operator.py took 0.105 seconds
[2024-01-30T21:59:11.595+0000] {processor.py:161} INFO - Started process (PID=686) to work on /home/airflow/.local/lib/python3.8/site-packages/airflow/example_dags/example_short_circuit_operator.py
[2024-01-30T21:59:11.596+0000] {processor.py:830} INFO - Processing file /home/airflow/.local/lib/python3.8/site-packages/airflow/example_dags/example_short_circuit_operator.py for tasks to queue
[2024-01-30T21:59:11.597+0000] {logging_mixin.py:188} INFO - [2024-01-30T21:59:11.597+0000] {dagbag.py:538} INFO - Filling up the DagBag from /home/airflow/.local/lib/python3.8/site-packages/airflow/example_dags/example_short_circuit_operator.py
[2024-01-30T21:59:11.606+0000] {processor.py:840} INFO - DAG(s) 'example_short_circuit_operator' retrieved from /home/airflow/.local/lib/python3.8/site-packages/airflow/example_dags/example_short_circuit_operator.py
[2024-01-30T21:59:11.632+0000] {logging_mixin.py:188} INFO - [2024-01-30T21:59:11.632+0000] {dag.py:3036} INFO - Sync 1 DAGs
[2024-01-30T21:59:11.656+0000] {logging_mixin.py:188} INFO - [2024-01-30T21:59:11.656+0000] {dag.py:3823} INFO - Setting next_dagrun for example_short_circuit_operator to 2024-01-29 00:00:00+00:00, run_after=2024-01-30 00:00:00+00:00
[2024-01-30T21:59:11.683+0000] {processor.py:183} INFO - Processing /home/airflow/.local/lib/python3.8/site-packages/airflow/example_dags/example_short_circuit_operator.py took 0.091 seconds
[2024-01-30T21:59:42.110+0000] {processor.py:161} INFO - Started process (PID=745) to work on /home/airflow/.local/lib/python3.8/site-packages/airflow/example_dags/example_short_circuit_operator.py
[2024-01-30T21:59:42.112+0000] {processor.py:830} INFO - Processing file /home/airflow/.local/lib/python3.8/site-packages/airflow/example_dags/example_short_circuit_operator.py for tasks to queue
[2024-01-30T21:59:42.115+0000] {logging_mixin.py:188} INFO - [2024-01-30T21:59:42.114+0000] {dagbag.py:538} INFO - Filling up the DagBag from /home/airflow/.local/lib/python3.8/site-packages/airflow/example_dags/example_short_circuit_operator.py
[2024-01-30T21:59:42.135+0000] {processor.py:840} INFO - DAG(s) 'example_short_circuit_operator' retrieved from /home/airflow/.local/lib/python3.8/site-packages/airflow/example_dags/example_short_circuit_operator.py
[2024-01-30T21:59:42.170+0000] {logging_mixin.py:188} INFO - [2024-01-30T21:59:42.170+0000] {dag.py:3036} INFO - Sync 1 DAGs
[2024-01-30T21:59:42.198+0000] {logging_mixin.py:188} INFO - [2024-01-30T21:59:42.198+0000] {dag.py:3823} INFO - Setting next_dagrun for example_short_circuit_operator to 2024-01-29 00:00:00+00:00, run_after=2024-01-30 00:00:00+00:00
[2024-01-30T21:59:42.225+0000] {processor.py:183} INFO - Processing /home/airflow/.local/lib/python3.8/site-packages/airflow/example_dags/example_short_circuit_operator.py took 0.118 seconds
[2024-01-30T22:00:12.361+0000] {processor.py:161} INFO - Started process (PID=807) to work on /home/airflow/.local/lib/python3.8/site-packages/airflow/example_dags/example_short_circuit_operator.py
[2024-01-30T22:00:12.362+0000] {processor.py:830} INFO - Processing file /home/airflow/.local/lib/python3.8/site-packages/airflow/example_dags/example_short_circuit_operator.py for tasks to queue
[2024-01-30T22:00:12.364+0000] {logging_mixin.py:188} INFO - [2024-01-30T22:00:12.364+0000] {dagbag.py:538} INFO - Filling up the DagBag from /home/airflow/.local/lib/python3.8/site-packages/airflow/example_dags/example_short_circuit_operator.py
[2024-01-30T22:00:12.381+0000] {processor.py:840} INFO - DAG(s) 'example_short_circuit_operator' retrieved from /home/airflow/.local/lib/python3.8/site-packages/airflow/example_dags/example_short_circuit_operator.py
[2024-01-30T22:00:12.419+0000] {logging_mixin.py:188} INFO - [2024-01-30T22:00:12.418+0000] {dag.py:3036} INFO - Sync 1 DAGs
[2024-01-30T22:00:12.452+0000] {logging_mixin.py:188} INFO - [2024-01-30T22:00:12.452+0000] {dag.py:3823} INFO - Setting next_dagrun for example_short_circuit_operator to 2024-01-29 00:00:00+00:00, run_after=2024-01-30 00:00:00+00:00
[2024-01-30T22:00:12.484+0000] {processor.py:183} INFO - Processing /home/airflow/.local/lib/python3.8/site-packages/airflow/example_dags/example_short_circuit_operator.py took 0.126 seconds
[2024-01-30T22:00:42.641+0000] {processor.py:161} INFO - Started process (PID=866) to work on /home/airflow/.local/lib/python3.8/site-packages/airflow/example_dags/example_short_circuit_operator.py
[2024-01-30T22:00:42.642+0000] {processor.py:830} INFO - Processing file /home/airflow/.local/lib/python3.8/site-packages/airflow/example_dags/example_short_circuit_operator.py for tasks to queue
[2024-01-30T22:00:42.644+0000] {logging_mixin.py:188} INFO - [2024-01-30T22:00:42.643+0000] {dagbag.py:538} INFO - Filling up the DagBag from /home/airflow/.local/lib/python3.8/site-packages/airflow/example_dags/example_short_circuit_operator.py
[2024-01-30T22:00:42.651+0000] {processor.py:840} INFO - DAG(s) 'example_short_circuit_operator' retrieved from /home/airflow/.local/lib/python3.8/site-packages/airflow/example_dags/example_short_circuit_operator.py
[2024-01-30T22:00:42.680+0000] {logging_mixin.py:188} INFO - [2024-01-30T22:00:42.679+0000] {dag.py:3036} INFO - Sync 1 DAGs
[2024-01-30T22:00:42.704+0000] {logging_mixin.py:188} INFO - [2024-01-30T22:00:42.704+0000] {dag.py:3823} INFO - Setting next_dagrun for example_short_circuit_operator to 2024-01-29 00:00:00+00:00, run_after=2024-01-30 00:00:00+00:00
[2024-01-30T22:00:42.730+0000] {processor.py:183} INFO - Processing /home/airflow/.local/lib/python3.8/site-packages/airflow/example_dags/example_short_circuit_operator.py took 0.092 seconds
[2024-01-30T22:01:12.899+0000] {processor.py:161} INFO - Started process (PID=923) to work on /home/airflow/.local/lib/python3.8/site-packages/airflow/example_dags/example_short_circuit_operator.py
[2024-01-30T22:01:12.901+0000] {processor.py:830} INFO - Processing file /home/airflow/.local/lib/python3.8/site-packages/airflow/example_dags/example_short_circuit_operator.py for tasks to queue
[2024-01-30T22:01:12.903+0000] {logging_mixin.py:188} INFO - [2024-01-30T22:01:12.902+0000] {dagbag.py:538} INFO - Filling up the DagBag from /home/airflow/.local/lib/python3.8/site-packages/airflow/example_dags/example_short_circuit_operator.py
[2024-01-30T22:01:12.914+0000] {processor.py:840} INFO - DAG(s) 'example_short_circuit_operator' retrieved from /home/airflow/.local/lib/python3.8/site-packages/airflow/example_dags/example_short_circuit_operator.py
[2024-01-30T22:01:12.945+0000] {logging_mixin.py:188} INFO - [2024-01-30T22:01:12.944+0000] {dag.py:3036} INFO - Sync 1 DAGs
[2024-01-30T22:01:12.968+0000] {logging_mixin.py:188} INFO - [2024-01-30T22:01:12.968+0000] {dag.py:3823} INFO - Setting next_dagrun for example_short_circuit_operator to 2024-01-29 00:00:00+00:00, run_after=2024-01-30 00:00:00+00:00
[2024-01-30T22:01:12.995+0000] {processor.py:183} INFO - Processing /home/airflow/.local/lib/python3.8/site-packages/airflow/example_dags/example_short_circuit_operator.py took 0.099 seconds
[2024-01-30T22:01:43.788+0000] {processor.py:161} INFO - Started process (PID=980) to work on /home/airflow/.local/lib/python3.8/site-packages/airflow/example_dags/example_short_circuit_operator.py
[2024-01-30T22:01:43.790+0000] {processor.py:830} INFO - Processing file /home/airflow/.local/lib/python3.8/site-packages/airflow/example_dags/example_short_circuit_operator.py for tasks to queue
[2024-01-30T22:01:43.792+0000] {logging_mixin.py:188} INFO - [2024-01-30T22:01:43.791+0000] {dagbag.py:538} INFO - Filling up the DagBag from /home/airflow/.local/lib/python3.8/site-packages/airflow/example_dags/example_short_circuit_operator.py
[2024-01-30T22:01:43.801+0000] {processor.py:840} INFO - DAG(s) 'example_short_circuit_operator' retrieved from /home/airflow/.local/lib/python3.8/site-packages/airflow/example_dags/example_short_circuit_operator.py
[2024-01-30T22:01:43.834+0000] {logging_mixin.py:188} INFO - [2024-01-30T22:01:43.834+0000] {dag.py:3036} INFO - Sync 1 DAGs
[2024-01-30T22:01:43.860+0000] {logging_mixin.py:188} INFO - [2024-01-30T22:01:43.860+0000] {dag.py:3823} INFO - Setting next_dagrun for example_short_circuit_operator to 2024-01-29 00:00:00+00:00, run_after=2024-01-30 00:00:00+00:00
[2024-01-30T22:01:43.891+0000] {processor.py:183} INFO - Processing /home/airflow/.local/lib/python3.8/site-packages/airflow/example_dags/example_short_circuit_operator.py took 0.107 seconds
[2024-01-30T22:02:14.481+0000] {processor.py:161} INFO - Started process (PID=1036) to work on /home/airflow/.local/lib/python3.8/site-packages/airflow/example_dags/example_short_circuit_operator.py
[2024-01-30T22:02:14.482+0000] {processor.py:830} INFO - Processing file /home/airflow/.local/lib/python3.8/site-packages/airflow/example_dags/example_short_circuit_operator.py for tasks to queue
[2024-01-30T22:02:14.483+0000] {logging_mixin.py:188} INFO - [2024-01-30T22:02:14.483+0000] {dagbag.py:538} INFO - Filling up the DagBag from /home/airflow/.local/lib/python3.8/site-packages/airflow/example_dags/example_short_circuit_operator.py
[2024-01-30T22:02:14.492+0000] {processor.py:840} INFO - DAG(s) 'example_short_circuit_operator' retrieved from /home/airflow/.local/lib/python3.8/site-packages/airflow/example_dags/example_short_circuit_operator.py
[2024-01-30T22:02:14.520+0000] {logging_mixin.py:188} INFO - [2024-01-30T22:02:14.520+0000] {dag.py:3036} INFO - Sync 1 DAGs
[2024-01-30T22:02:14.550+0000] {logging_mixin.py:188} INFO - [2024-01-30T22:02:14.550+0000] {dag.py:3823} INFO - Setting next_dagrun for example_short_circuit_operator to 2024-01-29 00:00:00+00:00, run_after=2024-01-30 00:00:00+00:00
[2024-01-30T22:02:14.583+0000] {processor.py:183} INFO - Processing /home/airflow/.local/lib/python3.8/site-packages/airflow/example_dags/example_short_circuit_operator.py took 0.105 seconds
[2024-01-30T22:02:49.133+0000] {processor.py:161} INFO - Started process (PID=1099) to work on /home/airflow/.local/lib/python3.8/site-packages/airflow/example_dags/example_short_circuit_operator.py
[2024-01-30T22:02:49.134+0000] {processor.py:830} INFO - Processing file /home/airflow/.local/lib/python3.8/site-packages/airflow/example_dags/example_short_circuit_operator.py for tasks to queue
[2024-01-30T22:02:49.136+0000] {logging_mixin.py:188} INFO - [2024-01-30T22:02:49.136+0000] {dagbag.py:538} INFO - Filling up the DagBag from /home/airflow/.local/lib/python3.8/site-packages/airflow/example_dags/example_short_circuit_operator.py
[2024-01-30T22:02:49.144+0000] {processor.py:840} INFO - DAG(s) 'example_short_circuit_operator' retrieved from /home/airflow/.local/lib/python3.8/site-packages/airflow/example_dags/example_short_circuit_operator.py
[2024-01-30T22:02:49.171+0000] {logging_mixin.py:188} INFO - [2024-01-30T22:02:49.171+0000] {dag.py:3036} INFO - Sync 1 DAGs
[2024-01-30T22:02:49.197+0000] {logging_mixin.py:188} INFO - [2024-01-30T22:02:49.197+0000] {dag.py:3823} INFO - Setting next_dagrun for example_short_circuit_operator to 2024-01-29 00:00:00+00:00, run_after=2024-01-30 00:00:00+00:00
[2024-01-30T22:02:49.226+0000] {processor.py:183} INFO - Processing /home/airflow/.local/lib/python3.8/site-packages/airflow/example_dags/example_short_circuit_operator.py took 0.096 seconds
[2024-01-30T22:03:20.291+0000] {processor.py:161} INFO - Started process (PID=1156) to work on /home/airflow/.local/lib/python3.8/site-packages/airflow/example_dags/example_short_circuit_operator.py
[2024-01-30T22:03:20.293+0000] {processor.py:830} INFO - Processing file /home/airflow/.local/lib/python3.8/site-packages/airflow/example_dags/example_short_circuit_operator.py for tasks to queue
[2024-01-30T22:03:20.295+0000] {logging_mixin.py:188} INFO - [2024-01-30T22:03:20.294+0000] {dagbag.py:538} INFO - Filling up the DagBag from /home/airflow/.local/lib/python3.8/site-packages/airflow/example_dags/example_short_circuit_operator.py
[2024-01-30T22:03:20.306+0000] {processor.py:840} INFO - DAG(s) 'example_short_circuit_operator' retrieved from /home/airflow/.local/lib/python3.8/site-packages/airflow/example_dags/example_short_circuit_operator.py
[2024-01-30T22:03:20.351+0000] {logging_mixin.py:188} INFO - [2024-01-30T22:03:20.351+0000] {dag.py:3036} INFO - Sync 1 DAGs
[2024-01-30T22:03:20.397+0000] {logging_mixin.py:188} INFO - [2024-01-30T22:03:20.397+0000] {dag.py:3823} INFO - Setting next_dagrun for example_short_circuit_operator to 2024-01-29 00:00:00+00:00, run_after=2024-01-30 00:00:00+00:00
[2024-01-30T22:03:20.439+0000] {processor.py:183} INFO - Processing /home/airflow/.local/lib/python3.8/site-packages/airflow/example_dags/example_short_circuit_operator.py took 0.153 seconds
[2024-01-30T22:03:50.484+0000] {processor.py:161} INFO - Started process (PID=1218) to work on /home/airflow/.local/lib/python3.8/site-packages/airflow/example_dags/example_short_circuit_operator.py
[2024-01-30T22:03:50.486+0000] {processor.py:830} INFO - Processing file /home/airflow/.local/lib/python3.8/site-packages/airflow/example_dags/example_short_circuit_operator.py for tasks to queue
[2024-01-30T22:03:50.487+0000] {logging_mixin.py:188} INFO - [2024-01-30T22:03:50.487+0000] {dagbag.py:538} INFO - Filling up the DagBag from /home/airflow/.local/lib/python3.8/site-packages/airflow/example_dags/example_short_circuit_operator.py
[2024-01-30T22:03:50.495+0000] {processor.py:840} INFO - DAG(s) 'example_short_circuit_operator' retrieved from /home/airflow/.local/lib/python3.8/site-packages/airflow/example_dags/example_short_circuit_operator.py
[2024-01-30T22:03:50.521+0000] {logging_mixin.py:188} INFO - [2024-01-30T22:03:50.521+0000] {dag.py:3036} INFO - Sync 1 DAGs
[2024-01-30T22:03:50.546+0000] {logging_mixin.py:188} INFO - [2024-01-30T22:03:50.546+0000] {dag.py:3823} INFO - Setting next_dagrun for example_short_circuit_operator to 2024-01-29 00:00:00+00:00, run_after=2024-01-30 00:00:00+00:00
[2024-01-30T22:03:50.610+0000] {processor.py:183} INFO - Processing /home/airflow/.local/lib/python3.8/site-packages/airflow/example_dags/example_short_circuit_operator.py took 0.128 seconds
[2024-01-30T22:04:20.646+0000] {processor.py:161} INFO - Started process (PID=1274) to work on /home/airflow/.local/lib/python3.8/site-packages/airflow/example_dags/example_short_circuit_operator.py
[2024-01-30T22:04:20.648+0000] {processor.py:830} INFO - Processing file /home/airflow/.local/lib/python3.8/site-packages/airflow/example_dags/example_short_circuit_operator.py for tasks to queue
[2024-01-30T22:04:20.649+0000] {logging_mixin.py:188} INFO - [2024-01-30T22:04:20.648+0000] {dagbag.py:538} INFO - Filling up the DagBag from /home/airflow/.local/lib/python3.8/site-packages/airflow/example_dags/example_short_circuit_operator.py
[2024-01-30T22:04:20.657+0000] {processor.py:840} INFO - DAG(s) 'example_short_circuit_operator' retrieved from /home/airflow/.local/lib/python3.8/site-packages/airflow/example_dags/example_short_circuit_operator.py
[2024-01-30T22:04:20.682+0000] {logging_mixin.py:188} INFO - [2024-01-30T22:04:20.682+0000] {dag.py:3036} INFO - Sync 1 DAGs
[2024-01-30T22:04:20.707+0000] {logging_mixin.py:188} INFO - [2024-01-30T22:04:20.706+0000] {dag.py:3823} INFO - Setting next_dagrun for example_short_circuit_operator to 2024-01-29 00:00:00+00:00, run_after=2024-01-30 00:00:00+00:00
[2024-01-30T22:04:20.757+0000] {processor.py:183} INFO - Processing /home/airflow/.local/lib/python3.8/site-packages/airflow/example_dags/example_short_circuit_operator.py took 0.113 seconds
[2024-01-30T22:04:50.943+0000] {processor.py:161} INFO - Started process (PID=1332) to work on /home/airflow/.local/lib/python3.8/site-packages/airflow/example_dags/example_short_circuit_operator.py
[2024-01-30T22:04:50.945+0000] {processor.py:830} INFO - Processing file /home/airflow/.local/lib/python3.8/site-packages/airflow/example_dags/example_short_circuit_operator.py for tasks to queue
[2024-01-30T22:04:50.946+0000] {logging_mixin.py:188} INFO - [2024-01-30T22:04:50.945+0000] {dagbag.py:538} INFO - Filling up the DagBag from /home/airflow/.local/lib/python3.8/site-packages/airflow/example_dags/example_short_circuit_operator.py
[2024-01-30T22:04:50.953+0000] {processor.py:840} INFO - DAG(s) 'example_short_circuit_operator' retrieved from /home/airflow/.local/lib/python3.8/site-packages/airflow/example_dags/example_short_circuit_operator.py
[2024-01-30T22:04:50.977+0000] {logging_mixin.py:188} INFO - [2024-01-30T22:04:50.977+0000] {dag.py:3036} INFO - Sync 1 DAGs
[2024-01-30T22:04:51.002+0000] {logging_mixin.py:188} INFO - [2024-01-30T22:04:51.001+0000] {dag.py:3823} INFO - Setting next_dagrun for example_short_circuit_operator to 2024-01-29 00:00:00+00:00, run_after=2024-01-30 00:00:00+00:00
[2024-01-30T22:04:51.025+0000] {processor.py:183} INFO - Processing /home/airflow/.local/lib/python3.8/site-packages/airflow/example_dags/example_short_circuit_operator.py took 0.084 seconds
[2024-01-30T22:05:21.530+0000] {processor.py:161} INFO - Started process (PID=1389) to work on /home/airflow/.local/lib/python3.8/site-packages/airflow/example_dags/example_short_circuit_operator.py
[2024-01-30T22:05:21.531+0000] {processor.py:830} INFO - Processing file /home/airflow/.local/lib/python3.8/site-packages/airflow/example_dags/example_short_circuit_operator.py for tasks to queue
[2024-01-30T22:05:21.533+0000] {logging_mixin.py:188} INFO - [2024-01-30T22:05:21.533+0000] {dagbag.py:538} INFO - Filling up the DagBag from /home/airflow/.local/lib/python3.8/site-packages/airflow/example_dags/example_short_circuit_operator.py
[2024-01-30T22:05:21.540+0000] {processor.py:840} INFO - DAG(s) 'example_short_circuit_operator' retrieved from /home/airflow/.local/lib/python3.8/site-packages/airflow/example_dags/example_short_circuit_operator.py
[2024-01-30T22:05:21.562+0000] {logging_mixin.py:188} INFO - [2024-01-30T22:05:21.562+0000] {dag.py:3036} INFO - Sync 1 DAGs
[2024-01-30T22:05:21.583+0000] {logging_mixin.py:188} INFO - [2024-01-30T22:05:21.583+0000] {dag.py:3823} INFO - Setting next_dagrun for example_short_circuit_operator to 2024-01-29 00:00:00+00:00, run_after=2024-01-30 00:00:00+00:00
[2024-01-30T22:05:21.607+0000] {processor.py:183} INFO - Processing /home/airflow/.local/lib/python3.8/site-packages/airflow/example_dags/example_short_circuit_operator.py took 0.079 seconds
[2024-01-30T22:05:52.311+0000] {processor.py:161} INFO - Started process (PID=1446) to work on /home/airflow/.local/lib/python3.8/site-packages/airflow/example_dags/example_short_circuit_operator.py
[2024-01-30T22:05:52.328+0000] {processor.py:830} INFO - Processing file /home/airflow/.local/lib/python3.8/site-packages/airflow/example_dags/example_short_circuit_operator.py for tasks to queue
[2024-01-30T22:05:52.337+0000] {logging_mixin.py:188} INFO - [2024-01-30T22:05:52.335+0000] {dagbag.py:538} INFO - Filling up the DagBag from /home/airflow/.local/lib/python3.8/site-packages/airflow/example_dags/example_short_circuit_operator.py
[2024-01-30T22:05:52.404+0000] {processor.py:840} INFO - DAG(s) 'example_short_circuit_operator' retrieved from /home/airflow/.local/lib/python3.8/site-packages/airflow/example_dags/example_short_circuit_operator.py
[2024-01-30T22:05:52.649+0000] {logging_mixin.py:188} INFO - [2024-01-30T22:05:52.647+0000] {dag.py:3036} INFO - Sync 1 DAGs
[2024-01-30T22:05:52.886+0000] {logging_mixin.py:188} INFO - [2024-01-30T22:05:52.884+0000] {dag.py:3823} INFO - Setting next_dagrun for example_short_circuit_operator to 2024-01-29 00:00:00+00:00, run_after=2024-01-30 00:00:00+00:00
[2024-01-30T22:05:53.171+0000] {processor.py:183} INFO - Processing /home/airflow/.local/lib/python3.8/site-packages/airflow/example_dags/example_short_circuit_operator.py took 0.884 seconds
[2024-01-30T22:06:23.497+0000] {processor.py:161} INFO - Started process (PID=1503) to work on /home/airflow/.local/lib/python3.8/site-packages/airflow/example_dags/example_short_circuit_operator.py
[2024-01-30T22:06:23.498+0000] {processor.py:830} INFO - Processing file /home/airflow/.local/lib/python3.8/site-packages/airflow/example_dags/example_short_circuit_operator.py for tasks to queue
[2024-01-30T22:06:23.500+0000] {logging_mixin.py:188} INFO - [2024-01-30T22:06:23.499+0000] {dagbag.py:538} INFO - Filling up the DagBag from /home/airflow/.local/lib/python3.8/site-packages/airflow/example_dags/example_short_circuit_operator.py
[2024-01-30T22:06:23.508+0000] {processor.py:840} INFO - DAG(s) 'example_short_circuit_operator' retrieved from /home/airflow/.local/lib/python3.8/site-packages/airflow/example_dags/example_short_circuit_operator.py
[2024-01-30T22:06:23.536+0000] {logging_mixin.py:188} INFO - [2024-01-30T22:06:23.536+0000] {dag.py:3036} INFO - Sync 1 DAGs
[2024-01-30T22:06:23.562+0000] {logging_mixin.py:188} INFO - [2024-01-30T22:06:23.561+0000] {dag.py:3823} INFO - Setting next_dagrun for example_short_circuit_operator to 2024-01-29 00:00:00+00:00, run_after=2024-01-30 00:00:00+00:00
[2024-01-30T22:06:23.598+0000] {processor.py:183} INFO - Processing /home/airflow/.local/lib/python3.8/site-packages/airflow/example_dags/example_short_circuit_operator.py took 0.104 seconds
[2024-01-30T22:06:53.747+0000] {processor.py:161} INFO - Started process (PID=1560) to work on /home/airflow/.local/lib/python3.8/site-packages/airflow/example_dags/example_short_circuit_operator.py
[2024-01-30T22:06:53.748+0000] {processor.py:830} INFO - Processing file /home/airflow/.local/lib/python3.8/site-packages/airflow/example_dags/example_short_circuit_operator.py for tasks to queue
[2024-01-30T22:06:53.749+0000] {logging_mixin.py:188} INFO - [2024-01-30T22:06:53.749+0000] {dagbag.py:538} INFO - Filling up the DagBag from /home/airflow/.local/lib/python3.8/site-packages/airflow/example_dags/example_short_circuit_operator.py
[2024-01-30T22:06:53.758+0000] {processor.py:840} INFO - DAG(s) 'example_short_circuit_operator' retrieved from /home/airflow/.local/lib/python3.8/site-packages/airflow/example_dags/example_short_circuit_operator.py
[2024-01-30T22:06:53.787+0000] {logging_mixin.py:188} INFO - [2024-01-30T22:06:53.786+0000] {dag.py:3036} INFO - Sync 1 DAGs
[2024-01-30T22:06:53.815+0000] {logging_mixin.py:188} INFO - [2024-01-30T22:06:53.815+0000] {dag.py:3823} INFO - Setting next_dagrun for example_short_circuit_operator to 2024-01-29 00:00:00+00:00, run_after=2024-01-30 00:00:00+00:00
[2024-01-30T22:06:53.848+0000] {processor.py:183} INFO - Processing /home/airflow/.local/lib/python3.8/site-packages/airflow/example_dags/example_short_circuit_operator.py took 0.104 seconds
[2024-01-30T22:07:24.228+0000] {processor.py:161} INFO - Started process (PID=1617) to work on /home/airflow/.local/lib/python3.8/site-packages/airflow/example_dags/example_short_circuit_operator.py
[2024-01-30T22:07:24.229+0000] {processor.py:830} INFO - Processing file /home/airflow/.local/lib/python3.8/site-packages/airflow/example_dags/example_short_circuit_operator.py for tasks to queue
[2024-01-30T22:07:24.230+0000] {logging_mixin.py:188} INFO - [2024-01-30T22:07:24.230+0000] {dagbag.py:538} INFO - Filling up the DagBag from /home/airflow/.local/lib/python3.8/site-packages/airflow/example_dags/example_short_circuit_operator.py
[2024-01-30T22:07:24.239+0000] {processor.py:840} INFO - DAG(s) 'example_short_circuit_operator' retrieved from /home/airflow/.local/lib/python3.8/site-packages/airflow/example_dags/example_short_circuit_operator.py
[2024-01-30T22:07:24.271+0000] {logging_mixin.py:188} INFO - [2024-01-30T22:07:24.271+0000] {dag.py:3036} INFO - Sync 1 DAGs
[2024-01-30T22:07:24.301+0000] {logging_mixin.py:188} INFO - [2024-01-30T22:07:24.300+0000] {dag.py:3823} INFO - Setting next_dagrun for example_short_circuit_operator to 2024-01-29 00:00:00+00:00, run_after=2024-01-30 00:00:00+00:00
[2024-01-30T22:07:24.378+0000] {processor.py:183} INFO - Processing /home/airflow/.local/lib/python3.8/site-packages/airflow/example_dags/example_short_circuit_operator.py took 0.154 seconds
[2024-01-30T22:07:54.660+0000] {processor.py:161} INFO - Started process (PID=1673) to work on /home/airflow/.local/lib/python3.8/site-packages/airflow/example_dags/example_short_circuit_operator.py
[2024-01-30T22:07:54.663+0000] {processor.py:830} INFO - Processing file /home/airflow/.local/lib/python3.8/site-packages/airflow/example_dags/example_short_circuit_operator.py for tasks to queue
[2024-01-30T22:07:54.665+0000] {logging_mixin.py:188} INFO - [2024-01-30T22:07:54.665+0000] {dagbag.py:538} INFO - Filling up the DagBag from /home/airflow/.local/lib/python3.8/site-packages/airflow/example_dags/example_short_circuit_operator.py
[2024-01-30T22:07:54.675+0000] {processor.py:840} INFO - DAG(s) 'example_short_circuit_operator' retrieved from /home/airflow/.local/lib/python3.8/site-packages/airflow/example_dags/example_short_circuit_operator.py
[2024-01-30T22:07:54.711+0000] {logging_mixin.py:188} INFO - [2024-01-30T22:07:54.711+0000] {dag.py:3036} INFO - Sync 1 DAGs
[2024-01-30T22:07:54.745+0000] {logging_mixin.py:188} INFO - [2024-01-30T22:07:54.744+0000] {dag.py:3823} INFO - Setting next_dagrun for example_short_circuit_operator to 2024-01-29 00:00:00+00:00, run_after=2024-01-30 00:00:00+00:00
[2024-01-30T22:07:54.781+0000] {processor.py:183} INFO - Processing /home/airflow/.local/lib/python3.8/site-packages/airflow/example_dags/example_short_circuit_operator.py took 0.124 seconds
[2024-01-30T22:08:24.929+0000] {processor.py:161} INFO - Started process (PID=1729) to work on /home/airflow/.local/lib/python3.8/site-packages/airflow/example_dags/example_short_circuit_operator.py
[2024-01-30T22:08:24.930+0000] {processor.py:830} INFO - Processing file /home/airflow/.local/lib/python3.8/site-packages/airflow/example_dags/example_short_circuit_operator.py for tasks to queue
[2024-01-30T22:08:24.932+0000] {logging_mixin.py:188} INFO - [2024-01-30T22:08:24.931+0000] {dagbag.py:538} INFO - Filling up the DagBag from /home/airflow/.local/lib/python3.8/site-packages/airflow/example_dags/example_short_circuit_operator.py
[2024-01-30T22:08:24.939+0000] {processor.py:840} INFO - DAG(s) 'example_short_circuit_operator' retrieved from /home/airflow/.local/lib/python3.8/site-packages/airflow/example_dags/example_short_circuit_operator.py
[2024-01-30T22:08:24.967+0000] {logging_mixin.py:188} INFO - [2024-01-30T22:08:24.967+0000] {dag.py:3036} INFO - Sync 1 DAGs
[2024-01-30T22:08:24.991+0000] {logging_mixin.py:188} INFO - [2024-01-30T22:08:24.991+0000] {dag.py:3823} INFO - Setting next_dagrun for example_short_circuit_operator to 2024-01-29 00:00:00+00:00, run_after=2024-01-30 00:00:00+00:00
[2024-01-30T22:08:25.021+0000] {processor.py:183} INFO - Processing /home/airflow/.local/lib/python3.8/site-packages/airflow/example_dags/example_short_circuit_operator.py took 0.095 seconds
[2024-01-30T22:08:55.351+0000] {processor.py:161} INFO - Started process (PID=1786) to work on /home/airflow/.local/lib/python3.8/site-packages/airflow/example_dags/example_short_circuit_operator.py
[2024-01-30T22:08:55.353+0000] {processor.py:830} INFO - Processing file /home/airflow/.local/lib/python3.8/site-packages/airflow/example_dags/example_short_circuit_operator.py for tasks to queue
[2024-01-30T22:08:55.355+0000] {logging_mixin.py:188} INFO - [2024-01-30T22:08:55.354+0000] {dagbag.py:538} INFO - Filling up the DagBag from /home/airflow/.local/lib/python3.8/site-packages/airflow/example_dags/example_short_circuit_operator.py
[2024-01-30T22:08:55.366+0000] {processor.py:840} INFO - DAG(s) 'example_short_circuit_operator' retrieved from /home/airflow/.local/lib/python3.8/site-packages/airflow/example_dags/example_short_circuit_operator.py
[2024-01-30T22:08:55.400+0000] {logging_mixin.py:188} INFO - [2024-01-30T22:08:55.400+0000] {dag.py:3036} INFO - Sync 1 DAGs
[2024-01-30T22:08:55.433+0000] {logging_mixin.py:188} INFO - [2024-01-30T22:08:55.433+0000] {dag.py:3823} INFO - Setting next_dagrun for example_short_circuit_operator to 2024-01-29 00:00:00+00:00, run_after=2024-01-30 00:00:00+00:00
[2024-01-30T22:08:55.485+0000] {processor.py:183} INFO - Processing /home/airflow/.local/lib/python3.8/site-packages/airflow/example_dags/example_short_circuit_operator.py took 0.137 seconds
[2024-01-30T22:09:25.776+0000] {processor.py:161} INFO - Started process (PID=1842) to work on /home/airflow/.local/lib/python3.8/site-packages/airflow/example_dags/example_short_circuit_operator.py
[2024-01-30T22:09:25.778+0000] {processor.py:830} INFO - Processing file /home/airflow/.local/lib/python3.8/site-packages/airflow/example_dags/example_short_circuit_operator.py for tasks to queue
[2024-01-30T22:09:25.780+0000] {logging_mixin.py:188} INFO - [2024-01-30T22:09:25.779+0000] {dagbag.py:538} INFO - Filling up the DagBag from /home/airflow/.local/lib/python3.8/site-packages/airflow/example_dags/example_short_circuit_operator.py
[2024-01-30T22:09:25.787+0000] {processor.py:840} INFO - DAG(s) 'example_short_circuit_operator' retrieved from /home/airflow/.local/lib/python3.8/site-packages/airflow/example_dags/example_short_circuit_operator.py
[2024-01-30T22:09:25.801+0000] {logging_mixin.py:188} INFO - [2024-01-30T22:09:25.801+0000] {dag.py:3036} INFO - Sync 1 DAGs
[2024-01-30T22:09:25.828+0000] {logging_mixin.py:188} INFO - [2024-01-30T22:09:25.828+0000] {dag.py:3823} INFO - Setting next_dagrun for example_short_circuit_operator to 2024-01-29 00:00:00+00:00, run_after=2024-01-30 00:00:00+00:00
[2024-01-30T22:09:25.855+0000] {processor.py:183} INFO - Processing /home/airflow/.local/lib/python3.8/site-packages/airflow/example_dags/example_short_circuit_operator.py took 0.082 seconds
[2024-01-30T22:09:56.090+0000] {processor.py:161} INFO - Started process (PID=1898) to work on /home/airflow/.local/lib/python3.8/site-packages/airflow/example_dags/example_short_circuit_operator.py
[2024-01-30T22:09:56.092+0000] {processor.py:830} INFO - Processing file /home/airflow/.local/lib/python3.8/site-packages/airflow/example_dags/example_short_circuit_operator.py for tasks to queue
[2024-01-30T22:09:56.093+0000] {logging_mixin.py:188} INFO - [2024-01-30T22:09:56.093+0000] {dagbag.py:538} INFO - Filling up the DagBag from /home/airflow/.local/lib/python3.8/site-packages/airflow/example_dags/example_short_circuit_operator.py
[2024-01-30T22:09:56.103+0000] {processor.py:840} INFO - DAG(s) 'example_short_circuit_operator' retrieved from /home/airflow/.local/lib/python3.8/site-packages/airflow/example_dags/example_short_circuit_operator.py
[2024-01-30T22:09:56.236+0000] {logging_mixin.py:188} INFO - [2024-01-30T22:09:56.235+0000] {dag.py:3036} INFO - Sync 1 DAGs
[2024-01-30T22:09:56.264+0000] {logging_mixin.py:188} INFO - [2024-01-30T22:09:56.264+0000] {dag.py:3823} INFO - Setting next_dagrun for example_short_circuit_operator to 2024-01-29 00:00:00+00:00, run_after=2024-01-30 00:00:00+00:00
[2024-01-30T22:09:56.297+0000] {processor.py:183} INFO - Processing /home/airflow/.local/lib/python3.8/site-packages/airflow/example_dags/example_short_circuit_operator.py took 0.212 seconds
[2024-01-30T22:10:33.603+0000] {processor.py:161} INFO - Started process (PID=1954) to work on /home/airflow/.local/lib/python3.8/site-packages/airflow/example_dags/example_short_circuit_operator.py
[2024-01-30T22:10:33.632+0000] {processor.py:830} INFO - Processing file /home/airflow/.local/lib/python3.8/site-packages/airflow/example_dags/example_short_circuit_operator.py for tasks to queue
[2024-01-30T22:10:33.653+0000] {logging_mixin.py:188} INFO - [2024-01-30T22:10:33.651+0000] {dagbag.py:538} INFO - Filling up the DagBag from /home/airflow/.local/lib/python3.8/site-packages/airflow/example_dags/example_short_circuit_operator.py
[2024-01-30T22:10:33.802+0000] {processor.py:840} INFO - DAG(s) 'example_short_circuit_operator' retrieved from /home/airflow/.local/lib/python3.8/site-packages/airflow/example_dags/example_short_circuit_operator.py
[2024-01-30T22:10:34.548+0000] {logging_mixin.py:188} INFO - [2024-01-30T22:10:34.547+0000] {dag.py:3036} INFO - Sync 1 DAGs
[2024-01-30T22:10:34.645+0000] {logging_mixin.py:188} INFO - [2024-01-30T22:10:34.638+0000] {dag.py:3823} INFO - Setting next_dagrun for example_short_circuit_operator to 2024-01-29 00:00:00+00:00, run_after=2024-01-30 00:00:00+00:00
[2024-01-30T22:10:34.698+0000] {processor.py:183} INFO - Processing /home/airflow/.local/lib/python3.8/site-packages/airflow/example_dags/example_short_circuit_operator.py took 1.191 seconds
[2024-01-30T22:11:05.482+0000] {processor.py:161} INFO - Started process (PID=2009) to work on /home/airflow/.local/lib/python3.8/site-packages/airflow/example_dags/example_short_circuit_operator.py
[2024-01-30T22:11:05.483+0000] {processor.py:830} INFO - Processing file /home/airflow/.local/lib/python3.8/site-packages/airflow/example_dags/example_short_circuit_operator.py for tasks to queue
[2024-01-30T22:11:05.485+0000] {logging_mixin.py:188} INFO - [2024-01-30T22:11:05.484+0000] {dagbag.py:538} INFO - Filling up the DagBag from /home/airflow/.local/lib/python3.8/site-packages/airflow/example_dags/example_short_circuit_operator.py
[2024-01-30T22:11:05.496+0000] {processor.py:840} INFO - DAG(s) 'example_short_circuit_operator' retrieved from /home/airflow/.local/lib/python3.8/site-packages/airflow/example_dags/example_short_circuit_operator.py
[2024-01-30T22:11:05.529+0000] {logging_mixin.py:188} INFO - [2024-01-30T22:11:05.528+0000] {dag.py:3036} INFO - Sync 1 DAGs
[2024-01-30T22:11:05.561+0000] {logging_mixin.py:188} INFO - [2024-01-30T22:11:05.560+0000] {dag.py:3823} INFO - Setting next_dagrun for example_short_circuit_operator to 2024-01-29 00:00:00+00:00, run_after=2024-01-30 00:00:00+00:00
[2024-01-30T22:11:05.594+0000] {processor.py:183} INFO - Processing /home/airflow/.local/lib/python3.8/site-packages/airflow/example_dags/example_short_circuit_operator.py took 0.116 seconds
[2024-01-30T22:11:36.354+0000] {processor.py:161} INFO - Started process (PID=2066) to work on /home/airflow/.local/lib/python3.8/site-packages/airflow/example_dags/example_short_circuit_operator.py
[2024-01-30T22:11:36.356+0000] {processor.py:830} INFO - Processing file /home/airflow/.local/lib/python3.8/site-packages/airflow/example_dags/example_short_circuit_operator.py for tasks to queue
[2024-01-30T22:11:36.358+0000] {logging_mixin.py:188} INFO - [2024-01-30T22:11:36.357+0000] {dagbag.py:538} INFO - Filling up the DagBag from /home/airflow/.local/lib/python3.8/site-packages/airflow/example_dags/example_short_circuit_operator.py
[2024-01-30T22:11:36.365+0000] {processor.py:840} INFO - DAG(s) 'example_short_circuit_operator' retrieved from /home/airflow/.local/lib/python3.8/site-packages/airflow/example_dags/example_short_circuit_operator.py
[2024-01-30T22:11:36.392+0000] {logging_mixin.py:188} INFO - [2024-01-30T22:11:36.392+0000] {dag.py:3036} INFO - Sync 1 DAGs
[2024-01-30T22:11:36.416+0000] {logging_mixin.py:188} INFO - [2024-01-30T22:11:36.416+0000] {dag.py:3823} INFO - Setting next_dagrun for example_short_circuit_operator to 2024-01-29 00:00:00+00:00, run_after=2024-01-30 00:00:00+00:00
[2024-01-30T22:11:36.450+0000] {processor.py:183} INFO - Processing /home/airflow/.local/lib/python3.8/site-packages/airflow/example_dags/example_short_circuit_operator.py took 0.098 seconds
[2024-01-30T22:12:06.899+0000] {processor.py:161} INFO - Started process (PID=2123) to work on /home/airflow/.local/lib/python3.8/site-packages/airflow/example_dags/example_short_circuit_operator.py
[2024-01-30T22:12:06.901+0000] {processor.py:830} INFO - Processing file /home/airflow/.local/lib/python3.8/site-packages/airflow/example_dags/example_short_circuit_operator.py for tasks to queue
[2024-01-30T22:12:06.903+0000] {logging_mixin.py:188} INFO - [2024-01-30T22:12:06.902+0000] {dagbag.py:538} INFO - Filling up the DagBag from /home/airflow/.local/lib/python3.8/site-packages/airflow/example_dags/example_short_circuit_operator.py
[2024-01-30T22:12:06.910+0000] {processor.py:840} INFO - DAG(s) 'example_short_circuit_operator' retrieved from /home/airflow/.local/lib/python3.8/site-packages/airflow/example_dags/example_short_circuit_operator.py
[2024-01-30T22:12:06.940+0000] {logging_mixin.py:188} INFO - [2024-01-30T22:12:06.939+0000] {dag.py:3036} INFO - Sync 1 DAGs
[2024-01-30T22:12:06.964+0000] {logging_mixin.py:188} INFO - [2024-01-30T22:12:06.964+0000] {dag.py:3823} INFO - Setting next_dagrun for example_short_circuit_operator to 2024-01-29 00:00:00+00:00, run_after=2024-01-30 00:00:00+00:00
[2024-01-30T22:12:06.995+0000] {processor.py:183} INFO - Processing /home/airflow/.local/lib/python3.8/site-packages/airflow/example_dags/example_short_circuit_operator.py took 0.098 seconds
[2024-01-30T22:12:37.708+0000] {processor.py:161} INFO - Started process (PID=2180) to work on /home/airflow/.local/lib/python3.8/site-packages/airflow/example_dags/example_short_circuit_operator.py
[2024-01-30T22:12:37.709+0000] {processor.py:830} INFO - Processing file /home/airflow/.local/lib/python3.8/site-packages/airflow/example_dags/example_short_circuit_operator.py for tasks to queue
[2024-01-30T22:12:37.710+0000] {logging_mixin.py:188} INFO - [2024-01-30T22:12:37.710+0000] {dagbag.py:538} INFO - Filling up the DagBag from /home/airflow/.local/lib/python3.8/site-packages/airflow/example_dags/example_short_circuit_operator.py
[2024-01-30T22:12:37.717+0000] {processor.py:840} INFO - DAG(s) 'example_short_circuit_operator' retrieved from /home/airflow/.local/lib/python3.8/site-packages/airflow/example_dags/example_short_circuit_operator.py
[2024-01-30T22:12:37.740+0000] {logging_mixin.py:188} INFO - [2024-01-30T22:12:37.740+0000] {dag.py:3036} INFO - Sync 1 DAGs
[2024-01-30T22:12:37.765+0000] {logging_mixin.py:188} INFO - [2024-01-30T22:12:37.764+0000] {dag.py:3823} INFO - Setting next_dagrun for example_short_circuit_operator to 2024-01-29 00:00:00+00:00, run_after=2024-01-30 00:00:00+00:00
[2024-01-30T22:12:37.844+0000] {processor.py:183} INFO - Processing /home/airflow/.local/lib/python3.8/site-packages/airflow/example_dags/example_short_circuit_operator.py took 0.138 seconds
[2024-01-30T22:13:07.996+0000] {processor.py:161} INFO - Started process (PID=2237) to work on /home/airflow/.local/lib/python3.8/site-packages/airflow/example_dags/example_short_circuit_operator.py
[2024-01-30T22:13:07.998+0000] {processor.py:830} INFO - Processing file /home/airflow/.local/lib/python3.8/site-packages/airflow/example_dags/example_short_circuit_operator.py for tasks to queue
[2024-01-30T22:13:08.000+0000] {logging_mixin.py:188} INFO - [2024-01-30T22:13:07.999+0000] {dagbag.py:538} INFO - Filling up the DagBag from /home/airflow/.local/lib/python3.8/site-packages/airflow/example_dags/example_short_circuit_operator.py
[2024-01-30T22:13:08.010+0000] {processor.py:840} INFO - DAG(s) 'example_short_circuit_operator' retrieved from /home/airflow/.local/lib/python3.8/site-packages/airflow/example_dags/example_short_circuit_operator.py
[2024-01-30T22:13:08.045+0000] {logging_mixin.py:188} INFO - [2024-01-30T22:13:08.045+0000] {dag.py:3036} INFO - Sync 1 DAGs
[2024-01-30T22:13:08.078+0000] {logging_mixin.py:188} INFO - [2024-01-30T22:13:08.077+0000] {dag.py:3823} INFO - Setting next_dagrun for example_short_circuit_operator to 2024-01-29 00:00:00+00:00, run_after=2024-01-30 00:00:00+00:00
[2024-01-30T22:13:08.135+0000] {processor.py:183} INFO - Processing /home/airflow/.local/lib/python3.8/site-packages/airflow/example_dags/example_short_circuit_operator.py took 0.142 seconds
[2024-01-30T22:13:38.852+0000] {processor.py:161} INFO - Started process (PID=2294) to work on /home/airflow/.local/lib/python3.8/site-packages/airflow/example_dags/example_short_circuit_operator.py
[2024-01-30T22:13:38.853+0000] {processor.py:830} INFO - Processing file /home/airflow/.local/lib/python3.8/site-packages/airflow/example_dags/example_short_circuit_operator.py for tasks to queue
[2024-01-30T22:13:38.854+0000] {logging_mixin.py:188} INFO - [2024-01-30T22:13:38.854+0000] {dagbag.py:538} INFO - Filling up the DagBag from /home/airflow/.local/lib/python3.8/site-packages/airflow/example_dags/example_short_circuit_operator.py
[2024-01-30T22:13:38.862+0000] {processor.py:840} INFO - DAG(s) 'example_short_circuit_operator' retrieved from /home/airflow/.local/lib/python3.8/site-packages/airflow/example_dags/example_short_circuit_operator.py
[2024-01-30T22:13:38.887+0000] {logging_mixin.py:188} INFO - [2024-01-30T22:13:38.887+0000] {dag.py:3036} INFO - Sync 1 DAGs
[2024-01-30T22:13:38.911+0000] {logging_mixin.py:188} INFO - [2024-01-30T22:13:38.911+0000] {dag.py:3823} INFO - Setting next_dagrun for example_short_circuit_operator to 2024-01-29 00:00:00+00:00, run_after=2024-01-30 00:00:00+00:00
[2024-01-30T22:13:38.959+0000] {processor.py:183} INFO - Processing /home/airflow/.local/lib/python3.8/site-packages/airflow/example_dags/example_short_circuit_operator.py took 0.110 seconds
[2024-01-30T22:14:10.044+0000] {processor.py:161} INFO - Started process (PID=2351) to work on /home/airflow/.local/lib/python3.8/site-packages/airflow/example_dags/example_short_circuit_operator.py
[2024-01-30T22:14:10.054+0000] {processor.py:830} INFO - Processing file /home/airflow/.local/lib/python3.8/site-packages/airflow/example_dags/example_short_circuit_operator.py for tasks to queue
[2024-01-30T22:14:10.066+0000] {logging_mixin.py:188} INFO - [2024-01-30T22:14:10.062+0000] {dagbag.py:538} INFO - Filling up the DagBag from /home/airflow/.local/lib/python3.8/site-packages/airflow/example_dags/example_short_circuit_operator.py
[2024-01-30T22:14:10.167+0000] {processor.py:840} INFO - DAG(s) 'example_short_circuit_operator' retrieved from /home/airflow/.local/lib/python3.8/site-packages/airflow/example_dags/example_short_circuit_operator.py
[2024-01-30T22:14:10.433+0000] {logging_mixin.py:188} INFO - [2024-01-30T22:14:10.431+0000] {dag.py:3036} INFO - Sync 1 DAGs
[2024-01-30T22:14:10.647+0000] {logging_mixin.py:188} INFO - [2024-01-30T22:14:10.644+0000] {dag.py:3823} INFO - Setting next_dagrun for example_short_circuit_operator to 2024-01-29 00:00:00+00:00, run_after=2024-01-30 00:00:00+00:00
[2024-01-30T22:14:10.947+0000] {processor.py:183} INFO - Processing /home/airflow/.local/lib/python3.8/site-packages/airflow/example_dags/example_short_circuit_operator.py took 0.933 seconds
[2024-01-30T22:14:41.104+0000] {processor.py:161} INFO - Started process (PID=2409) to work on /home/airflow/.local/lib/python3.8/site-packages/airflow/example_dags/example_short_circuit_operator.py
[2024-01-30T22:14:41.106+0000] {processor.py:830} INFO - Processing file /home/airflow/.local/lib/python3.8/site-packages/airflow/example_dags/example_short_circuit_operator.py for tasks to queue
[2024-01-30T22:14:41.108+0000] {logging_mixin.py:188} INFO - [2024-01-30T22:14:41.108+0000] {dagbag.py:538} INFO - Filling up the DagBag from /home/airflow/.local/lib/python3.8/site-packages/airflow/example_dags/example_short_circuit_operator.py
[2024-01-30T22:14:41.121+0000] {processor.py:840} INFO - DAG(s) 'example_short_circuit_operator' retrieved from /home/airflow/.local/lib/python3.8/site-packages/airflow/example_dags/example_short_circuit_operator.py
[2024-01-30T22:14:41.165+0000] {logging_mixin.py:188} INFO - [2024-01-30T22:14:41.165+0000] {dag.py:3036} INFO - Sync 1 DAGs
[2024-01-30T22:14:41.201+0000] {logging_mixin.py:188} INFO - [2024-01-30T22:14:41.201+0000] {dag.py:3823} INFO - Setting next_dagrun for example_short_circuit_operator to 2024-01-29 00:00:00+00:00, run_after=2024-01-30 00:00:00+00:00
[2024-01-30T22:14:41.237+0000] {processor.py:183} INFO - Processing /home/airflow/.local/lib/python3.8/site-packages/airflow/example_dags/example_short_circuit_operator.py took 0.137 seconds
[2024-01-30T22:15:12.220+0000] {processor.py:161} INFO - Started process (PID=2466) to work on /home/airflow/.local/lib/python3.8/site-packages/airflow/example_dags/example_short_circuit_operator.py
[2024-01-30T22:15:12.242+0000] {processor.py:830} INFO - Processing file /home/airflow/.local/lib/python3.8/site-packages/airflow/example_dags/example_short_circuit_operator.py for tasks to queue
[2024-01-30T22:15:12.280+0000] {logging_mixin.py:188} INFO - [2024-01-30T22:15:12.251+0000] {dagbag.py:538} INFO - Filling up the DagBag from /home/airflow/.local/lib/python3.8/site-packages/airflow/example_dags/example_short_circuit_operator.py
[2024-01-30T22:15:12.506+0000] {processor.py:840} INFO - DAG(s) 'example_short_circuit_operator' retrieved from /home/airflow/.local/lib/python3.8/site-packages/airflow/example_dags/example_short_circuit_operator.py
[2024-01-30T22:15:13.170+0000] {logging_mixin.py:188} INFO - [2024-01-30T22:15:13.165+0000] {dag.py:3036} INFO - Sync 1 DAGs
[2024-01-30T22:15:13.843+0000] {logging_mixin.py:188} INFO - [2024-01-30T22:15:13.828+0000] {dag.py:3823} INFO - Setting next_dagrun for example_short_circuit_operator to 2024-01-29 00:00:00+00:00, run_after=2024-01-30 00:00:00+00:00
[2024-01-30T22:15:14.455+0000] {processor.py:183} INFO - Processing /home/airflow/.local/lib/python3.8/site-packages/airflow/example_dags/example_short_circuit_operator.py took 2.272 seconds
[2024-01-30T22:15:44.726+0000] {processor.py:161} INFO - Started process (PID=2528) to work on /home/airflow/.local/lib/python3.8/site-packages/airflow/example_dags/example_short_circuit_operator.py
[2024-01-30T22:15:44.728+0000] {processor.py:830} INFO - Processing file /home/airflow/.local/lib/python3.8/site-packages/airflow/example_dags/example_short_circuit_operator.py for tasks to queue
[2024-01-30T22:15:44.730+0000] {logging_mixin.py:188} INFO - [2024-01-30T22:15:44.729+0000] {dagbag.py:538} INFO - Filling up the DagBag from /home/airflow/.local/lib/python3.8/site-packages/airflow/example_dags/example_short_circuit_operator.py
[2024-01-30T22:15:44.738+0000] {processor.py:840} INFO - DAG(s) 'example_short_circuit_operator' retrieved from /home/airflow/.local/lib/python3.8/site-packages/airflow/example_dags/example_short_circuit_operator.py
[2024-01-30T22:15:44.763+0000] {logging_mixin.py:188} INFO - [2024-01-30T22:15:44.762+0000] {dag.py:3036} INFO - Sync 1 DAGs
[2024-01-30T22:15:44.786+0000] {logging_mixin.py:188} INFO - [2024-01-30T22:15:44.786+0000] {dag.py:3823} INFO - Setting next_dagrun for example_short_circuit_operator to 2024-01-29 00:00:00+00:00, run_after=2024-01-30 00:00:00+00:00
[2024-01-30T22:15:44.811+0000] {processor.py:183} INFO - Processing /home/airflow/.local/lib/python3.8/site-packages/airflow/example_dags/example_short_circuit_operator.py took 0.088 seconds
[2024-01-30T22:16:15.180+0000] {processor.py:161} INFO - Started process (PID=2592) to work on /home/airflow/.local/lib/python3.8/site-packages/airflow/example_dags/example_short_circuit_operator.py
[2024-01-30T22:16:15.181+0000] {processor.py:830} INFO - Processing file /home/airflow/.local/lib/python3.8/site-packages/airflow/example_dags/example_short_circuit_operator.py for tasks to queue
[2024-01-30T22:16:15.183+0000] {logging_mixin.py:188} INFO - [2024-01-30T22:16:15.182+0000] {dagbag.py:538} INFO - Filling up the DagBag from /home/airflow/.local/lib/python3.8/site-packages/airflow/example_dags/example_short_circuit_operator.py
[2024-01-30T22:16:15.190+0000] {processor.py:840} INFO - DAG(s) 'example_short_circuit_operator' retrieved from /home/airflow/.local/lib/python3.8/site-packages/airflow/example_dags/example_short_circuit_operator.py
[2024-01-30T22:16:15.217+0000] {logging_mixin.py:188} INFO - [2024-01-30T22:16:15.217+0000] {dag.py:3036} INFO - Sync 1 DAGs
[2024-01-30T22:16:15.242+0000] {logging_mixin.py:188} INFO - [2024-01-30T22:16:15.241+0000] {dag.py:3823} INFO - Setting next_dagrun for example_short_circuit_operator to 2024-01-29 00:00:00+00:00, run_after=2024-01-30 00:00:00+00:00
[2024-01-30T22:16:15.270+0000] {processor.py:183} INFO - Processing /home/airflow/.local/lib/python3.8/site-packages/airflow/example_dags/example_short_circuit_operator.py took 0.094 seconds
[2024-01-30T22:16:45.793+0000] {processor.py:161} INFO - Started process (PID=2649) to work on /home/airflow/.local/lib/python3.8/site-packages/airflow/example_dags/example_short_circuit_operator.py
[2024-01-30T22:16:45.795+0000] {processor.py:830} INFO - Processing file /home/airflow/.local/lib/python3.8/site-packages/airflow/example_dags/example_short_circuit_operator.py for tasks to queue
[2024-01-30T22:16:45.796+0000] {logging_mixin.py:188} INFO - [2024-01-30T22:16:45.796+0000] {dagbag.py:538} INFO - Filling up the DagBag from /home/airflow/.local/lib/python3.8/site-packages/airflow/example_dags/example_short_circuit_operator.py
[2024-01-30T22:16:45.803+0000] {processor.py:840} INFO - DAG(s) 'example_short_circuit_operator' retrieved from /home/airflow/.local/lib/python3.8/site-packages/airflow/example_dags/example_short_circuit_operator.py
[2024-01-30T22:16:45.827+0000] {logging_mixin.py:188} INFO - [2024-01-30T22:16:45.827+0000] {dag.py:3036} INFO - Sync 1 DAGs
[2024-01-30T22:16:45.851+0000] {logging_mixin.py:188} INFO - [2024-01-30T22:16:45.850+0000] {dag.py:3823} INFO - Setting next_dagrun for example_short_circuit_operator to 2024-01-29 00:00:00+00:00, run_after=2024-01-30 00:00:00+00:00
[2024-01-30T22:16:45.880+0000] {processor.py:183} INFO - Processing /home/airflow/.local/lib/python3.8/site-packages/airflow/example_dags/example_short_circuit_operator.py took 0.091 seconds
[2024-01-30T22:17:17.176+0000] {processor.py:161} INFO - Started process (PID=2706) to work on /home/airflow/.local/lib/python3.8/site-packages/airflow/example_dags/example_short_circuit_operator.py
[2024-01-30T22:17:17.277+0000] {processor.py:830} INFO - Processing file /home/airflow/.local/lib/python3.8/site-packages/airflow/example_dags/example_short_circuit_operator.py for tasks to queue
[2024-01-30T22:17:17.333+0000] {logging_mixin.py:188} INFO - [2024-01-30T22:17:17.319+0000] {dagbag.py:538} INFO - Filling up the DagBag from /home/airflow/.local/lib/python3.8/site-packages/airflow/example_dags/example_short_circuit_operator.py
[2024-01-30T22:17:17.498+0000] {processor.py:840} INFO - DAG(s) 'example_short_circuit_operator' retrieved from /home/airflow/.local/lib/python3.8/site-packages/airflow/example_dags/example_short_circuit_operator.py
[2024-01-30T22:17:17.976+0000] {logging_mixin.py:188} INFO - [2024-01-30T22:17:17.973+0000] {dag.py:3036} INFO - Sync 1 DAGs
[2024-01-30T22:17:18.372+0000] {logging_mixin.py:188} INFO - [2024-01-30T22:17:18.369+0000] {dag.py:3823} INFO - Setting next_dagrun for example_short_circuit_operator to 2024-01-29 00:00:00+00:00, run_after=2024-01-30 00:00:00+00:00
[2024-01-30T22:17:18.712+0000] {processor.py:183} INFO - Processing /home/airflow/.local/lib/python3.8/site-packages/airflow/example_dags/example_short_circuit_operator.py took 1.596 seconds
[2024-01-30T22:17:49.525+0000] {processor.py:161} INFO - Started process (PID=2765) to work on /home/airflow/.local/lib/python3.8/site-packages/airflow/example_dags/example_short_circuit_operator.py
[2024-01-30T22:17:49.537+0000] {processor.py:830} INFO - Processing file /home/airflow/.local/lib/python3.8/site-packages/airflow/example_dags/example_short_circuit_operator.py for tasks to queue
[2024-01-30T22:17:49.558+0000] {logging_mixin.py:188} INFO - [2024-01-30T22:17:49.547+0000] {dagbag.py:538} INFO - Filling up the DagBag from /home/airflow/.local/lib/python3.8/site-packages/airflow/example_dags/example_short_circuit_operator.py
[2024-01-30T22:17:49.830+0000] {processor.py:840} INFO - DAG(s) 'example_short_circuit_operator' retrieved from /home/airflow/.local/lib/python3.8/site-packages/airflow/example_dags/example_short_circuit_operator.py
[2024-01-30T22:17:50.964+0000] {logging_mixin.py:188} INFO - [2024-01-30T22:17:50.947+0000] {dag.py:3036} INFO - Sync 1 DAGs
[2024-01-30T22:17:51.529+0000] {logging_mixin.py:188} INFO - [2024-01-30T22:17:51.527+0000] {dag.py:3823} INFO - Setting next_dagrun for example_short_circuit_operator to 2024-01-29 00:00:00+00:00, run_after=2024-01-30 00:00:00+00:00
[2024-01-30T22:17:51.943+0000] {processor.py:183} INFO - Processing /home/airflow/.local/lib/python3.8/site-packages/airflow/example_dags/example_short_circuit_operator.py took 2.471 seconds
[2024-01-30T22:18:22.220+0000] {processor.py:161} INFO - Started process (PID=2821) to work on /home/airflow/.local/lib/python3.8/site-packages/airflow/example_dags/example_short_circuit_operator.py
[2024-01-30T22:18:22.222+0000] {processor.py:830} INFO - Processing file /home/airflow/.local/lib/python3.8/site-packages/airflow/example_dags/example_short_circuit_operator.py for tasks to queue
[2024-01-30T22:18:22.223+0000] {logging_mixin.py:188} INFO - [2024-01-30T22:18:22.223+0000] {dagbag.py:538} INFO - Filling up the DagBag from /home/airflow/.local/lib/python3.8/site-packages/airflow/example_dags/example_short_circuit_operator.py
[2024-01-30T22:18:22.231+0000] {processor.py:840} INFO - DAG(s) 'example_short_circuit_operator' retrieved from /home/airflow/.local/lib/python3.8/site-packages/airflow/example_dags/example_short_circuit_operator.py
[2024-01-30T22:18:22.256+0000] {logging_mixin.py:188} INFO - [2024-01-30T22:18:22.255+0000] {dag.py:3036} INFO - Sync 1 DAGs
[2024-01-30T22:18:22.277+0000] {logging_mixin.py:188} INFO - [2024-01-30T22:18:22.277+0000] {dag.py:3823} INFO - Setting next_dagrun for example_short_circuit_operator to 2024-01-29 00:00:00+00:00, run_after=2024-01-30 00:00:00+00:00
[2024-01-30T22:18:22.307+0000] {processor.py:183} INFO - Processing /home/airflow/.local/lib/python3.8/site-packages/airflow/example_dags/example_short_circuit_operator.py took 0.091 seconds
[2024-01-30T22:18:52.572+0000] {processor.py:161} INFO - Started process (PID=2879) to work on /home/airflow/.local/lib/python3.8/site-packages/airflow/example_dags/example_short_circuit_operator.py
[2024-01-30T22:18:52.574+0000] {processor.py:830} INFO - Processing file /home/airflow/.local/lib/python3.8/site-packages/airflow/example_dags/example_short_circuit_operator.py for tasks to queue
[2024-01-30T22:18:52.576+0000] {logging_mixin.py:188} INFO - [2024-01-30T22:18:52.575+0000] {dagbag.py:538} INFO - Filling up the DagBag from /home/airflow/.local/lib/python3.8/site-packages/airflow/example_dags/example_short_circuit_operator.py
[2024-01-30T22:18:52.587+0000] {processor.py:840} INFO - DAG(s) 'example_short_circuit_operator' retrieved from /home/airflow/.local/lib/python3.8/site-packages/airflow/example_dags/example_short_circuit_operator.py
[2024-01-30T22:18:52.620+0000] {logging_mixin.py:188} INFO - [2024-01-30T22:18:52.620+0000] {dag.py:3036} INFO - Sync 1 DAGs
[2024-01-30T22:18:52.829+0000] {logging_mixin.py:188} INFO - [2024-01-30T22:18:52.829+0000] {dag.py:3823} INFO - Setting next_dagrun for example_short_circuit_operator to 2024-01-29 00:00:00+00:00, run_after=2024-01-30 00:00:00+00:00
[2024-01-30T22:18:52.863+0000] {processor.py:183} INFO - Processing /home/airflow/.local/lib/python3.8/site-packages/airflow/example_dags/example_short_circuit_operator.py took 0.294 seconds
[2024-01-30T22:19:23.751+0000] {processor.py:161} INFO - Started process (PID=2936) to work on /home/airflow/.local/lib/python3.8/site-packages/airflow/example_dags/example_short_circuit_operator.py
[2024-01-30T22:19:23.752+0000] {processor.py:830} INFO - Processing file /home/airflow/.local/lib/python3.8/site-packages/airflow/example_dags/example_short_circuit_operator.py for tasks to queue
[2024-01-30T22:19:23.753+0000] {logging_mixin.py:188} INFO - [2024-01-30T22:19:23.753+0000] {dagbag.py:538} INFO - Filling up the DagBag from /home/airflow/.local/lib/python3.8/site-packages/airflow/example_dags/example_short_circuit_operator.py
[2024-01-30T22:19:23.760+0000] {processor.py:840} INFO - DAG(s) 'example_short_circuit_operator' retrieved from /home/airflow/.local/lib/python3.8/site-packages/airflow/example_dags/example_short_circuit_operator.py
[2024-01-30T22:19:23.783+0000] {logging_mixin.py:188} INFO - [2024-01-30T22:19:23.783+0000] {dag.py:3036} INFO - Sync 1 DAGs
[2024-01-30T22:19:23.805+0000] {logging_mixin.py:188} INFO - [2024-01-30T22:19:23.805+0000] {dag.py:3823} INFO - Setting next_dagrun for example_short_circuit_operator to 2024-01-29 00:00:00+00:00, run_after=2024-01-30 00:00:00+00:00
[2024-01-30T22:19:23.995+0000] {processor.py:183} INFO - Processing /home/airflow/.local/lib/python3.8/site-packages/airflow/example_dags/example_short_circuit_operator.py took 0.247 seconds
[2024-01-30T22:19:54.161+0000] {processor.py:161} INFO - Started process (PID=2993) to work on /home/airflow/.local/lib/python3.8/site-packages/airflow/example_dags/example_short_circuit_operator.py
[2024-01-30T22:19:54.163+0000] {processor.py:830} INFO - Processing file /home/airflow/.local/lib/python3.8/site-packages/airflow/example_dags/example_short_circuit_operator.py for tasks to queue
[2024-01-30T22:19:54.164+0000] {logging_mixin.py:188} INFO - [2024-01-30T22:19:54.163+0000] {dagbag.py:538} INFO - Filling up the DagBag from /home/airflow/.local/lib/python3.8/site-packages/airflow/example_dags/example_short_circuit_operator.py
[2024-01-30T22:19:54.170+0000] {processor.py:840} INFO - DAG(s) 'example_short_circuit_operator' retrieved from /home/airflow/.local/lib/python3.8/site-packages/airflow/example_dags/example_short_circuit_operator.py
[2024-01-30T22:19:54.194+0000] {logging_mixin.py:188} INFO - [2024-01-30T22:19:54.193+0000] {dag.py:3036} INFO - Sync 1 DAGs
[2024-01-30T22:19:54.217+0000] {logging_mixin.py:188} INFO - [2024-01-30T22:19:54.217+0000] {dag.py:3823} INFO - Setting next_dagrun for example_short_circuit_operator to 2024-01-29 00:00:00+00:00, run_after=2024-01-30 00:00:00+00:00
[2024-01-30T22:19:54.296+0000] {processor.py:183} INFO - Processing /home/airflow/.local/lib/python3.8/site-packages/airflow/example_dags/example_short_circuit_operator.py took 0.137 seconds
[2024-01-30T22:20:24.948+0000] {processor.py:161} INFO - Started process (PID=3050) to work on /home/airflow/.local/lib/python3.8/site-packages/airflow/example_dags/example_short_circuit_operator.py
[2024-01-30T22:20:24.949+0000] {processor.py:830} INFO - Processing file /home/airflow/.local/lib/python3.8/site-packages/airflow/example_dags/example_short_circuit_operator.py for tasks to queue
[2024-01-30T22:20:24.950+0000] {logging_mixin.py:188} INFO - [2024-01-30T22:20:24.950+0000] {dagbag.py:538} INFO - Filling up the DagBag from /home/airflow/.local/lib/python3.8/site-packages/airflow/example_dags/example_short_circuit_operator.py
[2024-01-30T22:20:24.959+0000] {processor.py:840} INFO - DAG(s) 'example_short_circuit_operator' retrieved from /home/airflow/.local/lib/python3.8/site-packages/airflow/example_dags/example_short_circuit_operator.py
[2024-01-30T22:20:24.984+0000] {logging_mixin.py:188} INFO - [2024-01-30T22:20:24.984+0000] {dag.py:3036} INFO - Sync 1 DAGs
[2024-01-30T22:20:25.006+0000] {logging_mixin.py:188} INFO - [2024-01-30T22:20:25.006+0000] {dag.py:3823} INFO - Setting next_dagrun for example_short_circuit_operator to 2024-01-29 00:00:00+00:00, run_after=2024-01-30 00:00:00+00:00
[2024-01-30T22:20:25.034+0000] {processor.py:183} INFO - Processing /home/airflow/.local/lib/python3.8/site-packages/airflow/example_dags/example_short_circuit_operator.py took 0.088 seconds
[2024-01-30T22:20:55.135+0000] {processor.py:161} INFO - Started process (PID=3107) to work on /home/airflow/.local/lib/python3.8/site-packages/airflow/example_dags/example_short_circuit_operator.py
[2024-01-30T22:20:55.136+0000] {processor.py:830} INFO - Processing file /home/airflow/.local/lib/python3.8/site-packages/airflow/example_dags/example_short_circuit_operator.py for tasks to queue
[2024-01-30T22:20:55.137+0000] {logging_mixin.py:188} INFO - [2024-01-30T22:20:55.137+0000] {dagbag.py:538} INFO - Filling up the DagBag from /home/airflow/.local/lib/python3.8/site-packages/airflow/example_dags/example_short_circuit_operator.py
[2024-01-30T22:20:55.147+0000] {processor.py:840} INFO - DAG(s) 'example_short_circuit_operator' retrieved from /home/airflow/.local/lib/python3.8/site-packages/airflow/example_dags/example_short_circuit_operator.py
[2024-01-30T22:20:55.174+0000] {logging_mixin.py:188} INFO - [2024-01-30T22:20:55.174+0000] {dag.py:3036} INFO - Sync 1 DAGs
[2024-01-30T22:20:55.200+0000] {logging_mixin.py:188} INFO - [2024-01-30T22:20:55.200+0000] {dag.py:3823} INFO - Setting next_dagrun for example_short_circuit_operator to 2024-01-29 00:00:00+00:00, run_after=2024-01-30 00:00:00+00:00
[2024-01-30T22:20:55.247+0000] {processor.py:183} INFO - Processing /home/airflow/.local/lib/python3.8/site-packages/airflow/example_dags/example_short_circuit_operator.py took 0.116 seconds
[2024-01-30T22:21:25.841+0000] {processor.py:161} INFO - Started process (PID=3170) to work on /home/airflow/.local/lib/python3.8/site-packages/airflow/example_dags/example_short_circuit_operator.py
[2024-01-30T22:21:25.843+0000] {processor.py:830} INFO - Processing file /home/airflow/.local/lib/python3.8/site-packages/airflow/example_dags/example_short_circuit_operator.py for tasks to queue
[2024-01-30T22:21:25.844+0000] {logging_mixin.py:188} INFO - [2024-01-30T22:21:25.844+0000] {dagbag.py:538} INFO - Filling up the DagBag from /home/airflow/.local/lib/python3.8/site-packages/airflow/example_dags/example_short_circuit_operator.py
[2024-01-30T22:21:25.853+0000] {processor.py:840} INFO - DAG(s) 'example_short_circuit_operator' retrieved from /home/airflow/.local/lib/python3.8/site-packages/airflow/example_dags/example_short_circuit_operator.py
[2024-01-30T22:21:25.878+0000] {logging_mixin.py:188} INFO - [2024-01-30T22:21:25.878+0000] {dag.py:3036} INFO - Sync 1 DAGs
[2024-01-30T22:21:25.903+0000] {logging_mixin.py:188} INFO - [2024-01-30T22:21:25.903+0000] {dag.py:3823} INFO - Setting next_dagrun for example_short_circuit_operator to 2024-01-29 00:00:00+00:00, run_after=2024-01-30 00:00:00+00:00
[2024-01-30T22:21:25.956+0000] {processor.py:183} INFO - Processing /home/airflow/.local/lib/python3.8/site-packages/airflow/example_dags/example_short_circuit_operator.py took 0.118 seconds
[2024-01-30T22:21:56.411+0000] {processor.py:161} INFO - Started process (PID=3227) to work on /home/airflow/.local/lib/python3.8/site-packages/airflow/example_dags/example_short_circuit_operator.py
[2024-01-30T22:21:56.412+0000] {processor.py:830} INFO - Processing file /home/airflow/.local/lib/python3.8/site-packages/airflow/example_dags/example_short_circuit_operator.py for tasks to queue
[2024-01-30T22:21:56.413+0000] {logging_mixin.py:188} INFO - [2024-01-30T22:21:56.413+0000] {dagbag.py:538} INFO - Filling up the DagBag from /home/airflow/.local/lib/python3.8/site-packages/airflow/example_dags/example_short_circuit_operator.py
[2024-01-30T22:21:56.421+0000] {processor.py:840} INFO - DAG(s) 'example_short_circuit_operator' retrieved from /home/airflow/.local/lib/python3.8/site-packages/airflow/example_dags/example_short_circuit_operator.py
[2024-01-30T22:21:56.445+0000] {logging_mixin.py:188} INFO - [2024-01-30T22:21:56.445+0000] {dag.py:3036} INFO - Sync 1 DAGs
[2024-01-30T22:21:56.469+0000] {logging_mixin.py:188} INFO - [2024-01-30T22:21:56.468+0000] {dag.py:3823} INFO - Setting next_dagrun for example_short_circuit_operator to 2024-01-29 00:00:00+00:00, run_after=2024-01-30 00:00:00+00:00
[2024-01-30T22:21:56.501+0000] {processor.py:183} INFO - Processing /home/airflow/.local/lib/python3.8/site-packages/airflow/example_dags/example_short_circuit_operator.py took 0.093 seconds
[2024-01-30T22:22:26.934+0000] {processor.py:161} INFO - Started process (PID=3284) to work on /home/airflow/.local/lib/python3.8/site-packages/airflow/example_dags/example_short_circuit_operator.py
[2024-01-30T22:22:26.935+0000] {processor.py:830} INFO - Processing file /home/airflow/.local/lib/python3.8/site-packages/airflow/example_dags/example_short_circuit_operator.py for tasks to queue
[2024-01-30T22:22:26.937+0000] {logging_mixin.py:188} INFO - [2024-01-30T22:22:26.936+0000] {dagbag.py:538} INFO - Filling up the DagBag from /home/airflow/.local/lib/python3.8/site-packages/airflow/example_dags/example_short_circuit_operator.py
[2024-01-30T22:22:26.946+0000] {processor.py:840} INFO - DAG(s) 'example_short_circuit_operator' retrieved from /home/airflow/.local/lib/python3.8/site-packages/airflow/example_dags/example_short_circuit_operator.py
[2024-01-30T22:22:27.027+0000] {logging_mixin.py:188} INFO - [2024-01-30T22:22:27.027+0000] {dag.py:3036} INFO - Sync 1 DAGs
[2024-01-30T22:22:27.055+0000] {logging_mixin.py:188} INFO - [2024-01-30T22:22:27.055+0000] {dag.py:3823} INFO - Setting next_dagrun for example_short_circuit_operator to 2024-01-29 00:00:00+00:00, run_after=2024-01-30 00:00:00+00:00
[2024-01-30T22:22:27.079+0000] {processor.py:183} INFO - Processing /home/airflow/.local/lib/python3.8/site-packages/airflow/example_dags/example_short_circuit_operator.py took 0.147 seconds
[2024-01-30T22:22:57.356+0000] {processor.py:161} INFO - Started process (PID=3341) to work on /home/airflow/.local/lib/python3.8/site-packages/airflow/example_dags/example_short_circuit_operator.py
[2024-01-30T22:22:57.358+0000] {processor.py:830} INFO - Processing file /home/airflow/.local/lib/python3.8/site-packages/airflow/example_dags/example_short_circuit_operator.py for tasks to queue
[2024-01-30T22:22:57.360+0000] {logging_mixin.py:188} INFO - [2024-01-30T22:22:57.359+0000] {dagbag.py:538} INFO - Filling up the DagBag from /home/airflow/.local/lib/python3.8/site-packages/airflow/example_dags/example_short_circuit_operator.py
[2024-01-30T22:22:57.370+0000] {processor.py:840} INFO - DAG(s) 'example_short_circuit_operator' retrieved from /home/airflow/.local/lib/python3.8/site-packages/airflow/example_dags/example_short_circuit_operator.py
[2024-01-30T22:22:57.398+0000] {logging_mixin.py:188} INFO - [2024-01-30T22:22:57.398+0000] {dag.py:3036} INFO - Sync 1 DAGs
[2024-01-30T22:22:57.427+0000] {logging_mixin.py:188} INFO - [2024-01-30T22:22:57.427+0000] {dag.py:3823} INFO - Setting next_dagrun for example_short_circuit_operator to 2024-01-29 00:00:00+00:00, run_after=2024-01-30 00:00:00+00:00
[2024-01-30T22:22:57.453+0000] {processor.py:183} INFO - Processing /home/airflow/.local/lib/python3.8/site-packages/airflow/example_dags/example_short_circuit_operator.py took 0.101 seconds
