[2024-01-30T21:53:14.408+0000] {processor.py:161} INFO - Started process (PID=80) to work on /home/airflow/.local/lib/python3.8/site-packages/airflow/example_dags/example_python_decorator.py
[2024-01-30T21:53:14.409+0000] {processor.py:830} INFO - Processing file /home/airflow/.local/lib/python3.8/site-packages/airflow/example_dags/example_python_decorator.py for tasks to queue
[2024-01-30T21:53:14.411+0000] {logging_mixin.py:188} INFO - [2024-01-30T21:53:14.411+0000] {dagbag.py:538} INFO - Filling up the DagBag from /home/airflow/.local/lib/python3.8/site-packages/airflow/example_dags/example_python_decorator.py
[2024-01-30T21:53:14.441+0000] {processor.py:840} INFO - DAG(s) 'example_python_decorator' retrieved from /home/airflow/.local/lib/python3.8/site-packages/airflow/example_dags/example_python_decorator.py
[2024-01-30T21:53:14.563+0000] {logging_mixin.py:188} INFO - [2024-01-30T21:53:14.563+0000] {dag.py:3036} INFO - Sync 1 DAGs
[2024-01-30T21:53:14.575+0000] {logging_mixin.py:188} INFO - [2024-01-30T21:53:14.575+0000] {dag.py:3823} INFO - Setting next_dagrun for example_python_decorator to None, run_after=None
[2024-01-30T21:53:14.618+0000] {processor.py:183} INFO - Processing /home/airflow/.local/lib/python3.8/site-packages/airflow/example_dags/example_python_decorator.py took 0.214 seconds
[2024-01-30T21:53:55.119+0000] {processor.py:161} INFO - Started process (PID=135) to work on /home/airflow/.local/lib/python3.8/site-packages/airflow/example_dags/example_python_decorator.py
[2024-01-30T21:53:55.121+0000] {processor.py:830} INFO - Processing file /home/airflow/.local/lib/python3.8/site-packages/airflow/example_dags/example_python_decorator.py for tasks to queue
[2024-01-30T21:53:55.123+0000] {logging_mixin.py:188} INFO - [2024-01-30T21:53:55.123+0000] {dagbag.py:538} INFO - Filling up the DagBag from /home/airflow/.local/lib/python3.8/site-packages/airflow/example_dags/example_python_decorator.py
[2024-01-30T21:53:55.141+0000] {processor.py:840} INFO - DAG(s) 'example_python_decorator' retrieved from /home/airflow/.local/lib/python3.8/site-packages/airflow/example_dags/example_python_decorator.py
[2024-01-30T21:53:55.176+0000] {logging_mixin.py:188} INFO - [2024-01-30T21:53:55.175+0000] {dag.py:3036} INFO - Sync 1 DAGs
[2024-01-30T21:53:55.200+0000] {logging_mixin.py:188} INFO - [2024-01-30T21:53:55.200+0000] {dag.py:3823} INFO - Setting next_dagrun for example_python_decorator to None, run_after=None
[2024-01-30T21:53:55.285+0000] {processor.py:183} INFO - Processing /home/airflow/.local/lib/python3.8/site-packages/airflow/example_dags/example_python_decorator.py took 0.169 seconds
[2024-01-30T21:54:34.224+0000] {processor.py:161} INFO - Started process (PID=190) to work on /home/airflow/.local/lib/python3.8/site-packages/airflow/example_dags/example_python_decorator.py
[2024-01-30T21:54:34.225+0000] {processor.py:830} INFO - Processing file /home/airflow/.local/lib/python3.8/site-packages/airflow/example_dags/example_python_decorator.py for tasks to queue
[2024-01-30T21:54:34.228+0000] {logging_mixin.py:188} INFO - [2024-01-30T21:54:34.228+0000] {dagbag.py:538} INFO - Filling up the DagBag from /home/airflow/.local/lib/python3.8/site-packages/airflow/example_dags/example_python_decorator.py
[2024-01-30T21:54:34.246+0000] {processor.py:840} INFO - DAG(s) 'example_python_decorator' retrieved from /home/airflow/.local/lib/python3.8/site-packages/airflow/example_dags/example_python_decorator.py
[2024-01-30T21:54:34.275+0000] {logging_mixin.py:188} INFO - [2024-01-30T21:54:34.275+0000] {dag.py:3036} INFO - Sync 1 DAGs
[2024-01-30T21:54:34.292+0000] {logging_mixin.py:188} INFO - [2024-01-30T21:54:34.292+0000] {dag.py:3823} INFO - Setting next_dagrun for example_python_decorator to None, run_after=None
[2024-01-30T21:54:34.324+0000] {processor.py:183} INFO - Processing /home/airflow/.local/lib/python3.8/site-packages/airflow/example_dags/example_python_decorator.py took 0.103 seconds
[2024-01-30T21:55:05.343+0000] {processor.py:161} INFO - Started process (PID=245) to work on /home/airflow/.local/lib/python3.8/site-packages/airflow/example_dags/example_python_decorator.py
[2024-01-30T21:55:05.345+0000] {processor.py:830} INFO - Processing file /home/airflow/.local/lib/python3.8/site-packages/airflow/example_dags/example_python_decorator.py for tasks to queue
[2024-01-30T21:55:05.349+0000] {logging_mixin.py:188} INFO - [2024-01-30T21:55:05.349+0000] {dagbag.py:538} INFO - Filling up the DagBag from /home/airflow/.local/lib/python3.8/site-packages/airflow/example_dags/example_python_decorator.py
[2024-01-30T21:55:05.368+0000] {processor.py:840} INFO - DAG(s) 'example_python_decorator' retrieved from /home/airflow/.local/lib/python3.8/site-packages/airflow/example_dags/example_python_decorator.py
[2024-01-30T21:55:05.398+0000] {logging_mixin.py:188} INFO - [2024-01-30T21:55:05.398+0000] {dag.py:3036} INFO - Sync 1 DAGs
[2024-01-30T21:55:05.414+0000] {logging_mixin.py:188} INFO - [2024-01-30T21:55:05.413+0000] {dag.py:3823} INFO - Setting next_dagrun for example_python_decorator to None, run_after=None
[2024-01-30T21:55:05.448+0000] {processor.py:183} INFO - Processing /home/airflow/.local/lib/python3.8/site-packages/airflow/example_dags/example_python_decorator.py took 0.110 seconds
[2024-01-30T21:55:35.656+0000] {processor.py:161} INFO - Started process (PID=300) to work on /home/airflow/.local/lib/python3.8/site-packages/airflow/example_dags/example_python_decorator.py
[2024-01-30T21:55:35.658+0000] {processor.py:830} INFO - Processing file /home/airflow/.local/lib/python3.8/site-packages/airflow/example_dags/example_python_decorator.py for tasks to queue
[2024-01-30T21:55:35.659+0000] {logging_mixin.py:188} INFO - [2024-01-30T21:55:35.659+0000] {dagbag.py:538} INFO - Filling up the DagBag from /home/airflow/.local/lib/python3.8/site-packages/airflow/example_dags/example_python_decorator.py
[2024-01-30T21:55:35.671+0000] {processor.py:840} INFO - DAG(s) 'example_python_decorator' retrieved from /home/airflow/.local/lib/python3.8/site-packages/airflow/example_dags/example_python_decorator.py
[2024-01-30T21:55:35.696+0000] {logging_mixin.py:188} INFO - [2024-01-30T21:55:35.696+0000] {dag.py:3036} INFO - Sync 1 DAGs
[2024-01-30T21:55:35.708+0000] {logging_mixin.py:188} INFO - [2024-01-30T21:55:35.708+0000] {dag.py:3823} INFO - Setting next_dagrun for example_python_decorator to None, run_after=None
[2024-01-30T21:55:35.735+0000] {processor.py:183} INFO - Processing /home/airflow/.local/lib/python3.8/site-packages/airflow/example_dags/example_python_decorator.py took 0.081 seconds
[2024-01-30T21:56:05.848+0000] {processor.py:161} INFO - Started process (PID=355) to work on /home/airflow/.local/lib/python3.8/site-packages/airflow/example_dags/example_python_decorator.py
[2024-01-30T21:56:05.849+0000] {processor.py:830} INFO - Processing file /home/airflow/.local/lib/python3.8/site-packages/airflow/example_dags/example_python_decorator.py for tasks to queue
[2024-01-30T21:56:05.851+0000] {logging_mixin.py:188} INFO - [2024-01-30T21:56:05.851+0000] {dagbag.py:538} INFO - Filling up the DagBag from /home/airflow/.local/lib/python3.8/site-packages/airflow/example_dags/example_python_decorator.py
[2024-01-30T21:56:05.863+0000] {processor.py:840} INFO - DAG(s) 'example_python_decorator' retrieved from /home/airflow/.local/lib/python3.8/site-packages/airflow/example_dags/example_python_decorator.py
[2024-01-30T21:56:05.885+0000] {logging_mixin.py:188} INFO - [2024-01-30T21:56:05.885+0000] {dag.py:3036} INFO - Sync 1 DAGs
[2024-01-30T21:56:05.898+0000] {logging_mixin.py:188} INFO - [2024-01-30T21:56:05.897+0000] {dag.py:3823} INFO - Setting next_dagrun for example_python_decorator to None, run_after=None
[2024-01-30T21:56:05.924+0000] {processor.py:183} INFO - Processing /home/airflow/.local/lib/python3.8/site-packages/airflow/example_dags/example_python_decorator.py took 0.078 seconds
[2024-01-30T21:56:36.059+0000] {processor.py:161} INFO - Started process (PID=410) to work on /home/airflow/.local/lib/python3.8/site-packages/airflow/example_dags/example_python_decorator.py
[2024-01-30T21:56:36.060+0000] {processor.py:830} INFO - Processing file /home/airflow/.local/lib/python3.8/site-packages/airflow/example_dags/example_python_decorator.py for tasks to queue
[2024-01-30T21:56:36.062+0000] {logging_mixin.py:188} INFO - [2024-01-30T21:56:36.062+0000] {dagbag.py:538} INFO - Filling up the DagBag from /home/airflow/.local/lib/python3.8/site-packages/airflow/example_dags/example_python_decorator.py
[2024-01-30T21:56:36.075+0000] {processor.py:840} INFO - DAG(s) 'example_python_decorator' retrieved from /home/airflow/.local/lib/python3.8/site-packages/airflow/example_dags/example_python_decorator.py
[2024-01-30T21:56:36.098+0000] {logging_mixin.py:188} INFO - [2024-01-30T21:56:36.098+0000] {dag.py:3036} INFO - Sync 1 DAGs
[2024-01-30T21:56:36.113+0000] {logging_mixin.py:188} INFO - [2024-01-30T21:56:36.112+0000] {dag.py:3823} INFO - Setting next_dagrun for example_python_decorator to None, run_after=None
[2024-01-30T21:56:36.140+0000] {processor.py:183} INFO - Processing /home/airflow/.local/lib/python3.8/site-packages/airflow/example_dags/example_python_decorator.py took 0.084 seconds
[2024-01-30T21:57:06.278+0000] {processor.py:161} INFO - Started process (PID=465) to work on /home/airflow/.local/lib/python3.8/site-packages/airflow/example_dags/example_python_decorator.py
[2024-01-30T21:57:06.280+0000] {processor.py:830} INFO - Processing file /home/airflow/.local/lib/python3.8/site-packages/airflow/example_dags/example_python_decorator.py for tasks to queue
[2024-01-30T21:57:06.282+0000] {logging_mixin.py:188} INFO - [2024-01-30T21:57:06.281+0000] {dagbag.py:538} INFO - Filling up the DagBag from /home/airflow/.local/lib/python3.8/site-packages/airflow/example_dags/example_python_decorator.py
[2024-01-30T21:57:06.294+0000] {processor.py:840} INFO - DAG(s) 'example_python_decorator' retrieved from /home/airflow/.local/lib/python3.8/site-packages/airflow/example_dags/example_python_decorator.py
[2024-01-30T21:57:06.320+0000] {logging_mixin.py:188} INFO - [2024-01-30T21:57:06.320+0000] {dag.py:3036} INFO - Sync 1 DAGs
[2024-01-30T21:57:06.335+0000] {logging_mixin.py:188} INFO - [2024-01-30T21:57:06.334+0000] {dag.py:3823} INFO - Setting next_dagrun for example_python_decorator to None, run_after=None
[2024-01-30T21:57:06.365+0000] {processor.py:183} INFO - Processing /home/airflow/.local/lib/python3.8/site-packages/airflow/example_dags/example_python_decorator.py took 0.090 seconds
[2024-01-30T21:57:36.769+0000] {processor.py:161} INFO - Started process (PID=520) to work on /home/airflow/.local/lib/python3.8/site-packages/airflow/example_dags/example_python_decorator.py
[2024-01-30T21:57:36.770+0000] {processor.py:830} INFO - Processing file /home/airflow/.local/lib/python3.8/site-packages/airflow/example_dags/example_python_decorator.py for tasks to queue
[2024-01-30T21:57:36.772+0000] {logging_mixin.py:188} INFO - [2024-01-30T21:57:36.772+0000] {dagbag.py:538} INFO - Filling up the DagBag from /home/airflow/.local/lib/python3.8/site-packages/airflow/example_dags/example_python_decorator.py
[2024-01-30T21:57:36.788+0000] {processor.py:840} INFO - DAG(s) 'example_python_decorator' retrieved from /home/airflow/.local/lib/python3.8/site-packages/airflow/example_dags/example_python_decorator.py
[2024-01-30T21:57:36.816+0000] {logging_mixin.py:188} INFO - [2024-01-30T21:57:36.816+0000] {dag.py:3036} INFO - Sync 1 DAGs
[2024-01-30T21:57:36.832+0000] {logging_mixin.py:188} INFO - [2024-01-30T21:57:36.831+0000] {dag.py:3823} INFO - Setting next_dagrun for example_python_decorator to None, run_after=None
[2024-01-30T21:57:36.870+0000] {processor.py:183} INFO - Processing /home/airflow/.local/lib/python3.8/site-packages/airflow/example_dags/example_python_decorator.py took 0.104 seconds
[2024-01-30T21:58:11.583+0000] {processor.py:161} INFO - Started process (PID=580) to work on /home/airflow/.local/lib/python3.8/site-packages/airflow/example_dags/example_python_decorator.py
[2024-01-30T21:58:11.585+0000] {processor.py:830} INFO - Processing file /home/airflow/.local/lib/python3.8/site-packages/airflow/example_dags/example_python_decorator.py for tasks to queue
[2024-01-30T21:58:11.587+0000] {logging_mixin.py:188} INFO - [2024-01-30T21:58:11.587+0000] {dagbag.py:538} INFO - Filling up the DagBag from /home/airflow/.local/lib/python3.8/site-packages/airflow/example_dags/example_python_decorator.py
[2024-01-30T21:58:11.607+0000] {processor.py:840} INFO - DAG(s) 'example_python_decorator' retrieved from /home/airflow/.local/lib/python3.8/site-packages/airflow/example_dags/example_python_decorator.py
[2024-01-30T21:58:11.645+0000] {logging_mixin.py:188} INFO - [2024-01-30T21:58:11.645+0000] {dag.py:3036} INFO - Sync 1 DAGs
[2024-01-30T21:58:11.670+0000] {logging_mixin.py:188} INFO - [2024-01-30T21:58:11.670+0000] {dag.py:3823} INFO - Setting next_dagrun for example_python_decorator to None, run_after=None
[2024-01-30T21:58:11.744+0000] {processor.py:183} INFO - Processing /home/airflow/.local/lib/python3.8/site-packages/airflow/example_dags/example_python_decorator.py took 0.166 seconds
[2024-01-30T21:58:42.972+0000] {processor.py:161} INFO - Started process (PID=637) to work on /home/airflow/.local/lib/python3.8/site-packages/airflow/example_dags/example_python_decorator.py
[2024-01-30T21:58:42.974+0000] {processor.py:830} INFO - Processing file /home/airflow/.local/lib/python3.8/site-packages/airflow/example_dags/example_python_decorator.py for tasks to queue
[2024-01-30T21:58:42.977+0000] {logging_mixin.py:188} INFO - [2024-01-30T21:58:42.976+0000] {dagbag.py:538} INFO - Filling up the DagBag from /home/airflow/.local/lib/python3.8/site-packages/airflow/example_dags/example_python_decorator.py
[2024-01-30T21:58:43.036+0000] {processor.py:840} INFO - DAG(s) 'example_python_decorator' retrieved from /home/airflow/.local/lib/python3.8/site-packages/airflow/example_dags/example_python_decorator.py
[2024-01-30T21:58:43.105+0000] {logging_mixin.py:188} INFO - [2024-01-30T21:58:43.105+0000] {dag.py:3036} INFO - Sync 1 DAGs
[2024-01-30T21:58:43.130+0000] {logging_mixin.py:188} INFO - [2024-01-30T21:58:43.129+0000] {dag.py:3823} INFO - Setting next_dagrun for example_python_decorator to None, run_after=None
[2024-01-30T21:58:43.164+0000] {processor.py:183} INFO - Processing /home/airflow/.local/lib/python3.8/site-packages/airflow/example_dags/example_python_decorator.py took 0.197 seconds
[2024-01-30T21:59:13.574+0000] {processor.py:161} INFO - Started process (PID=696) to work on /home/airflow/.local/lib/python3.8/site-packages/airflow/example_dags/example_python_decorator.py
[2024-01-30T21:59:13.575+0000] {processor.py:830} INFO - Processing file /home/airflow/.local/lib/python3.8/site-packages/airflow/example_dags/example_python_decorator.py for tasks to queue
[2024-01-30T21:59:13.576+0000] {logging_mixin.py:188} INFO - [2024-01-30T21:59:13.576+0000] {dagbag.py:538} INFO - Filling up the DagBag from /home/airflow/.local/lib/python3.8/site-packages/airflow/example_dags/example_python_decorator.py
[2024-01-30T21:59:13.588+0000] {processor.py:840} INFO - DAG(s) 'example_python_decorator' retrieved from /home/airflow/.local/lib/python3.8/site-packages/airflow/example_dags/example_python_decorator.py
[2024-01-30T21:59:13.612+0000] {logging_mixin.py:188} INFO - [2024-01-30T21:59:13.612+0000] {dag.py:3036} INFO - Sync 1 DAGs
[2024-01-30T21:59:13.627+0000] {logging_mixin.py:188} INFO - [2024-01-30T21:59:13.626+0000] {dag.py:3823} INFO - Setting next_dagrun for example_python_decorator to None, run_after=None
[2024-01-30T21:59:13.657+0000] {processor.py:183} INFO - Processing /home/airflow/.local/lib/python3.8/site-packages/airflow/example_dags/example_python_decorator.py took 0.086 seconds
[2024-01-30T21:59:44.111+0000] {processor.py:161} INFO - Started process (PID=757) to work on /home/airflow/.local/lib/python3.8/site-packages/airflow/example_dags/example_python_decorator.py
[2024-01-30T21:59:44.112+0000] {processor.py:830} INFO - Processing file /home/airflow/.local/lib/python3.8/site-packages/airflow/example_dags/example_python_decorator.py for tasks to queue
[2024-01-30T21:59:44.114+0000] {logging_mixin.py:188} INFO - [2024-01-30T21:59:44.114+0000] {dagbag.py:538} INFO - Filling up the DagBag from /home/airflow/.local/lib/python3.8/site-packages/airflow/example_dags/example_python_decorator.py
[2024-01-30T21:59:44.128+0000] {processor.py:840} INFO - DAG(s) 'example_python_decorator' retrieved from /home/airflow/.local/lib/python3.8/site-packages/airflow/example_dags/example_python_decorator.py
[2024-01-30T21:59:44.152+0000] {logging_mixin.py:188} INFO - [2024-01-30T21:59:44.152+0000] {dag.py:3036} INFO - Sync 1 DAGs
[2024-01-30T21:59:44.165+0000] {logging_mixin.py:188} INFO - [2024-01-30T21:59:44.164+0000] {dag.py:3823} INFO - Setting next_dagrun for example_python_decorator to None, run_after=None
[2024-01-30T21:59:44.193+0000] {processor.py:183} INFO - Processing /home/airflow/.local/lib/python3.8/site-packages/airflow/example_dags/example_python_decorator.py took 0.087 seconds
[2024-01-30T22:00:14.478+0000] {processor.py:161} INFO - Started process (PID=819) to work on /home/airflow/.local/lib/python3.8/site-packages/airflow/example_dags/example_python_decorator.py
[2024-01-30T22:00:14.480+0000] {processor.py:830} INFO - Processing file /home/airflow/.local/lib/python3.8/site-packages/airflow/example_dags/example_python_decorator.py for tasks to queue
[2024-01-30T22:00:14.482+0000] {logging_mixin.py:188} INFO - [2024-01-30T22:00:14.481+0000] {dagbag.py:538} INFO - Filling up the DagBag from /home/airflow/.local/lib/python3.8/site-packages/airflow/example_dags/example_python_decorator.py
[2024-01-30T22:00:14.499+0000] {processor.py:840} INFO - DAG(s) 'example_python_decorator' retrieved from /home/airflow/.local/lib/python3.8/site-packages/airflow/example_dags/example_python_decorator.py
[2024-01-30T22:00:14.529+0000] {logging_mixin.py:188} INFO - [2024-01-30T22:00:14.529+0000] {dag.py:3036} INFO - Sync 1 DAGs
[2024-01-30T22:00:14.545+0000] {logging_mixin.py:188} INFO - [2024-01-30T22:00:14.545+0000] {dag.py:3823} INFO - Setting next_dagrun for example_python_decorator to None, run_after=None
[2024-01-30T22:00:14.577+0000] {processor.py:183} INFO - Processing /home/airflow/.local/lib/python3.8/site-packages/airflow/example_dags/example_python_decorator.py took 0.102 seconds
[2024-01-30T22:00:45.482+0000] {processor.py:161} INFO - Started process (PID=884) to work on /home/airflow/.local/lib/python3.8/site-packages/airflow/example_dags/example_python_decorator.py
[2024-01-30T22:00:45.484+0000] {processor.py:830} INFO - Processing file /home/airflow/.local/lib/python3.8/site-packages/airflow/example_dags/example_python_decorator.py for tasks to queue
[2024-01-30T22:00:45.485+0000] {logging_mixin.py:188} INFO - [2024-01-30T22:00:45.485+0000] {dagbag.py:538} INFO - Filling up the DagBag from /home/airflow/.local/lib/python3.8/site-packages/airflow/example_dags/example_python_decorator.py
[2024-01-30T22:00:45.502+0000] {processor.py:840} INFO - DAG(s) 'example_python_decorator' retrieved from /home/airflow/.local/lib/python3.8/site-packages/airflow/example_dags/example_python_decorator.py
[2024-01-30T22:00:45.535+0000] {logging_mixin.py:188} INFO - [2024-01-30T22:00:45.535+0000] {dag.py:3036} INFO - Sync 1 DAGs
[2024-01-30T22:00:45.550+0000] {logging_mixin.py:188} INFO - [2024-01-30T22:00:45.550+0000] {dag.py:3823} INFO - Setting next_dagrun for example_python_decorator to None, run_after=None
[2024-01-30T22:00:45.582+0000] {processor.py:183} INFO - Processing /home/airflow/.local/lib/python3.8/site-packages/airflow/example_dags/example_python_decorator.py took 0.103 seconds
[2024-01-30T22:01:16.720+0000] {processor.py:161} INFO - Started process (PID=941) to work on /home/airflow/.local/lib/python3.8/site-packages/airflow/example_dags/example_python_decorator.py
[2024-01-30T22:01:16.721+0000] {processor.py:830} INFO - Processing file /home/airflow/.local/lib/python3.8/site-packages/airflow/example_dags/example_python_decorator.py for tasks to queue
[2024-01-30T22:01:16.723+0000] {logging_mixin.py:188} INFO - [2024-01-30T22:01:16.722+0000] {dagbag.py:538} INFO - Filling up the DagBag from /home/airflow/.local/lib/python3.8/site-packages/airflow/example_dags/example_python_decorator.py
[2024-01-30T22:01:16.738+0000] {processor.py:840} INFO - DAG(s) 'example_python_decorator' retrieved from /home/airflow/.local/lib/python3.8/site-packages/airflow/example_dags/example_python_decorator.py
[2024-01-30T22:01:16.771+0000] {logging_mixin.py:188} INFO - [2024-01-30T22:01:16.771+0000] {dag.py:3036} INFO - Sync 1 DAGs
[2024-01-30T22:01:16.788+0000] {logging_mixin.py:188} INFO - [2024-01-30T22:01:16.788+0000] {dag.py:3823} INFO - Setting next_dagrun for example_python_decorator to None, run_after=None
[2024-01-30T22:01:16.822+0000] {processor.py:183} INFO - Processing /home/airflow/.local/lib/python3.8/site-packages/airflow/example_dags/example_python_decorator.py took 0.105 seconds
[2024-01-30T22:01:46.882+0000] {processor.py:161} INFO - Started process (PID=998) to work on /home/airflow/.local/lib/python3.8/site-packages/airflow/example_dags/example_python_decorator.py
[2024-01-30T22:01:46.884+0000] {processor.py:830} INFO - Processing file /home/airflow/.local/lib/python3.8/site-packages/airflow/example_dags/example_python_decorator.py for tasks to queue
[2024-01-30T22:01:46.886+0000] {logging_mixin.py:188} INFO - [2024-01-30T22:01:46.886+0000] {dagbag.py:538} INFO - Filling up the DagBag from /home/airflow/.local/lib/python3.8/site-packages/airflow/example_dags/example_python_decorator.py
[2024-01-30T22:01:46.902+0000] {processor.py:840} INFO - DAG(s) 'example_python_decorator' retrieved from /home/airflow/.local/lib/python3.8/site-packages/airflow/example_dags/example_python_decorator.py
[2024-01-30T22:01:46.928+0000] {logging_mixin.py:188} INFO - [2024-01-30T22:01:46.928+0000] {dag.py:3036} INFO - Sync 1 DAGs
[2024-01-30T22:01:46.945+0000] {logging_mixin.py:188} INFO - [2024-01-30T22:01:46.945+0000] {dag.py:3823} INFO - Setting next_dagrun for example_python_decorator to None, run_after=None
[2024-01-30T22:01:46.977+0000] {processor.py:183} INFO - Processing /home/airflow/.local/lib/python3.8/site-packages/airflow/example_dags/example_python_decorator.py took 0.098 seconds
[2024-01-30T22:02:17.704+0000] {processor.py:161} INFO - Started process (PID=1057) to work on /home/airflow/.local/lib/python3.8/site-packages/airflow/example_dags/example_python_decorator.py
[2024-01-30T22:02:17.706+0000] {processor.py:830} INFO - Processing file /home/airflow/.local/lib/python3.8/site-packages/airflow/example_dags/example_python_decorator.py for tasks to queue
[2024-01-30T22:02:17.708+0000] {logging_mixin.py:188} INFO - [2024-01-30T22:02:17.707+0000] {dagbag.py:538} INFO - Filling up the DagBag from /home/airflow/.local/lib/python3.8/site-packages/airflow/example_dags/example_python_decorator.py
[2024-01-30T22:02:17.721+0000] {processor.py:840} INFO - DAG(s) 'example_python_decorator' retrieved from /home/airflow/.local/lib/python3.8/site-packages/airflow/example_dags/example_python_decorator.py
[2024-01-30T22:02:17.749+0000] {logging_mixin.py:188} INFO - [2024-01-30T22:02:17.748+0000] {dag.py:3036} INFO - Sync 1 DAGs
[2024-01-30T22:02:17.761+0000] {logging_mixin.py:188} INFO - [2024-01-30T22:02:17.761+0000] {dag.py:3823} INFO - Setting next_dagrun for example_python_decorator to None, run_after=None
[2024-01-30T22:02:17.789+0000] {processor.py:183} INFO - Processing /home/airflow/.local/lib/python3.8/site-packages/airflow/example_dags/example_python_decorator.py took 0.088 seconds
[2024-01-30T22:02:51.357+0000] {processor.py:161} INFO - Started process (PID=1121) to work on /home/airflow/.local/lib/python3.8/site-packages/airflow/example_dags/example_python_decorator.py
[2024-01-30T22:02:51.359+0000] {processor.py:830} INFO - Processing file /home/airflow/.local/lib/python3.8/site-packages/airflow/example_dags/example_python_decorator.py for tasks to queue
[2024-01-30T22:02:51.360+0000] {logging_mixin.py:188} INFO - [2024-01-30T22:02:51.360+0000] {dagbag.py:538} INFO - Filling up the DagBag from /home/airflow/.local/lib/python3.8/site-packages/airflow/example_dags/example_python_decorator.py
[2024-01-30T22:02:51.374+0000] {processor.py:840} INFO - DAG(s) 'example_python_decorator' retrieved from /home/airflow/.local/lib/python3.8/site-packages/airflow/example_dags/example_python_decorator.py
[2024-01-30T22:02:51.400+0000] {logging_mixin.py:188} INFO - [2024-01-30T22:02:51.400+0000] {dag.py:3036} INFO - Sync 1 DAGs
[2024-01-30T22:02:51.413+0000] {logging_mixin.py:188} INFO - [2024-01-30T22:02:51.413+0000] {dag.py:3823} INFO - Setting next_dagrun for example_python_decorator to None, run_after=None
[2024-01-30T22:02:51.442+0000] {processor.py:183} INFO - Processing /home/airflow/.local/lib/python3.8/site-packages/airflow/example_dags/example_python_decorator.py took 0.088 seconds
[2024-01-30T22:03:22.918+0000] {processor.py:161} INFO - Started process (PID=1178) to work on /home/airflow/.local/lib/python3.8/site-packages/airflow/example_dags/example_python_decorator.py
[2024-01-30T22:03:22.920+0000] {processor.py:830} INFO - Processing file /home/airflow/.local/lib/python3.8/site-packages/airflow/example_dags/example_python_decorator.py for tasks to queue
[2024-01-30T22:03:22.922+0000] {logging_mixin.py:188} INFO - [2024-01-30T22:03:22.921+0000] {dagbag.py:538} INFO - Filling up the DagBag from /home/airflow/.local/lib/python3.8/site-packages/airflow/example_dags/example_python_decorator.py
[2024-01-30T22:03:22.938+0000] {processor.py:840} INFO - DAG(s) 'example_python_decorator' retrieved from /home/airflow/.local/lib/python3.8/site-packages/airflow/example_dags/example_python_decorator.py
[2024-01-30T22:03:22.968+0000] {logging_mixin.py:188} INFO - [2024-01-30T22:03:22.968+0000] {dag.py:3036} INFO - Sync 1 DAGs
[2024-01-30T22:03:22.984+0000] {logging_mixin.py:188} INFO - [2024-01-30T22:03:22.984+0000] {dag.py:3823} INFO - Setting next_dagrun for example_python_decorator to None, run_after=None
[2024-01-30T22:03:23.017+0000] {processor.py:183} INFO - Processing /home/airflow/.local/lib/python3.8/site-packages/airflow/example_dags/example_python_decorator.py took 0.102 seconds
[2024-01-30T22:03:53.164+0000] {processor.py:161} INFO - Started process (PID=1239) to work on /home/airflow/.local/lib/python3.8/site-packages/airflow/example_dags/example_python_decorator.py
[2024-01-30T22:03:53.165+0000] {processor.py:830} INFO - Processing file /home/airflow/.local/lib/python3.8/site-packages/airflow/example_dags/example_python_decorator.py for tasks to queue
[2024-01-30T22:03:53.167+0000] {logging_mixin.py:188} INFO - [2024-01-30T22:03:53.167+0000] {dagbag.py:538} INFO - Filling up the DagBag from /home/airflow/.local/lib/python3.8/site-packages/airflow/example_dags/example_python_decorator.py
[2024-01-30T22:03:53.183+0000] {processor.py:840} INFO - DAG(s) 'example_python_decorator' retrieved from /home/airflow/.local/lib/python3.8/site-packages/airflow/example_dags/example_python_decorator.py
[2024-01-30T22:03:53.210+0000] {logging_mixin.py:188} INFO - [2024-01-30T22:03:53.210+0000] {dag.py:3036} INFO - Sync 1 DAGs
[2024-01-30T22:03:53.226+0000] {logging_mixin.py:188} INFO - [2024-01-30T22:03:53.226+0000] {dag.py:3823} INFO - Setting next_dagrun for example_python_decorator to None, run_after=None
[2024-01-30T22:03:53.254+0000] {processor.py:183} INFO - Processing /home/airflow/.local/lib/python3.8/site-packages/airflow/example_dags/example_python_decorator.py took 0.094 seconds
[2024-01-30T22:04:23.655+0000] {processor.py:161} INFO - Started process (PID=1297) to work on /home/airflow/.local/lib/python3.8/site-packages/airflow/example_dags/example_python_decorator.py
[2024-01-30T22:04:23.656+0000] {processor.py:830} INFO - Processing file /home/airflow/.local/lib/python3.8/site-packages/airflow/example_dags/example_python_decorator.py for tasks to queue
[2024-01-30T22:04:23.657+0000] {logging_mixin.py:188} INFO - [2024-01-30T22:04:23.657+0000] {dagbag.py:538} INFO - Filling up the DagBag from /home/airflow/.local/lib/python3.8/site-packages/airflow/example_dags/example_python_decorator.py
[2024-01-30T22:04:23.673+0000] {processor.py:840} INFO - DAG(s) 'example_python_decorator' retrieved from /home/airflow/.local/lib/python3.8/site-packages/airflow/example_dags/example_python_decorator.py
[2024-01-30T22:04:23.709+0000] {logging_mixin.py:188} INFO - [2024-01-30T22:04:23.709+0000] {dag.py:3036} INFO - Sync 1 DAGs
[2024-01-30T22:04:23.728+0000] {logging_mixin.py:188} INFO - [2024-01-30T22:04:23.728+0000] {dag.py:3823} INFO - Setting next_dagrun for example_python_decorator to None, run_after=None
[2024-01-30T22:04:23.764+0000] {processor.py:183} INFO - Processing /home/airflow/.local/lib/python3.8/site-packages/airflow/example_dags/example_python_decorator.py took 0.114 seconds
[2024-01-30T22:04:54.528+0000] {processor.py:161} INFO - Started process (PID=1355) to work on /home/airflow/.local/lib/python3.8/site-packages/airflow/example_dags/example_python_decorator.py
[2024-01-30T22:04:54.529+0000] {processor.py:830} INFO - Processing file /home/airflow/.local/lib/python3.8/site-packages/airflow/example_dags/example_python_decorator.py for tasks to queue
[2024-01-30T22:04:54.531+0000] {logging_mixin.py:188} INFO - [2024-01-30T22:04:54.531+0000] {dagbag.py:538} INFO - Filling up the DagBag from /home/airflow/.local/lib/python3.8/site-packages/airflow/example_dags/example_python_decorator.py
[2024-01-30T22:04:54.549+0000] {processor.py:840} INFO - DAG(s) 'example_python_decorator' retrieved from /home/airflow/.local/lib/python3.8/site-packages/airflow/example_dags/example_python_decorator.py
[2024-01-30T22:04:54.582+0000] {logging_mixin.py:188} INFO - [2024-01-30T22:04:54.581+0000] {dag.py:3036} INFO - Sync 1 DAGs
[2024-01-30T22:04:54.600+0000] {logging_mixin.py:188} INFO - [2024-01-30T22:04:54.599+0000] {dag.py:3823} INFO - Setting next_dagrun for example_python_decorator to None, run_after=None
[2024-01-30T22:04:54.634+0000] {processor.py:183} INFO - Processing /home/airflow/.local/lib/python3.8/site-packages/airflow/example_dags/example_python_decorator.py took 0.108 seconds
[2024-01-30T22:05:25.465+0000] {processor.py:161} INFO - Started process (PID=1415) to work on /home/airflow/.local/lib/python3.8/site-packages/airflow/example_dags/example_python_decorator.py
[2024-01-30T22:05:25.467+0000] {processor.py:830} INFO - Processing file /home/airflow/.local/lib/python3.8/site-packages/airflow/example_dags/example_python_decorator.py for tasks to queue
[2024-01-30T22:05:25.468+0000] {logging_mixin.py:188} INFO - [2024-01-30T22:05:25.468+0000] {dagbag.py:538} INFO - Filling up the DagBag from /home/airflow/.local/lib/python3.8/site-packages/airflow/example_dags/example_python_decorator.py
[2024-01-30T22:05:25.480+0000] {processor.py:840} INFO - DAG(s) 'example_python_decorator' retrieved from /home/airflow/.local/lib/python3.8/site-packages/airflow/example_dags/example_python_decorator.py
[2024-01-30T22:05:25.502+0000] {logging_mixin.py:188} INFO - [2024-01-30T22:05:25.501+0000] {dag.py:3036} INFO - Sync 1 DAGs
[2024-01-30T22:05:25.514+0000] {logging_mixin.py:188} INFO - [2024-01-30T22:05:25.513+0000] {dag.py:3823} INFO - Setting next_dagrun for example_python_decorator to None, run_after=None
[2024-01-30T22:05:25.537+0000] {processor.py:183} INFO - Processing /home/airflow/.local/lib/python3.8/site-packages/airflow/example_dags/example_python_decorator.py took 0.075 seconds
[2024-01-30T22:06:04.055+0000] {processor.py:161} INFO - Started process (PID=1475) to work on /home/airflow/.local/lib/python3.8/site-packages/airflow/example_dags/example_python_decorator.py
[2024-01-30T22:06:04.057+0000] {processor.py:830} INFO - Processing file /home/airflow/.local/lib/python3.8/site-packages/airflow/example_dags/example_python_decorator.py for tasks to queue
[2024-01-30T22:06:04.059+0000] {logging_mixin.py:188} INFO - [2024-01-30T22:06:04.059+0000] {dagbag.py:538} INFO - Filling up the DagBag from /home/airflow/.local/lib/python3.8/site-packages/airflow/example_dags/example_python_decorator.py
[2024-01-30T22:06:04.076+0000] {processor.py:840} INFO - DAG(s) 'example_python_decorator' retrieved from /home/airflow/.local/lib/python3.8/site-packages/airflow/example_dags/example_python_decorator.py
[2024-01-30T22:06:04.104+0000] {logging_mixin.py:188} INFO - [2024-01-30T22:06:04.103+0000] {dag.py:3036} INFO - Sync 1 DAGs
[2024-01-30T22:06:04.121+0000] {logging_mixin.py:188} INFO - [2024-01-30T22:06:04.121+0000] {dag.py:3823} INFO - Setting next_dagrun for example_python_decorator to None, run_after=None
[2024-01-30T22:06:04.156+0000] {processor.py:183} INFO - Processing /home/airflow/.local/lib/python3.8/site-packages/airflow/example_dags/example_python_decorator.py took 0.104 seconds
[2024-01-30T22:06:35.197+0000] {processor.py:161} INFO - Started process (PID=1532) to work on /home/airflow/.local/lib/python3.8/site-packages/airflow/example_dags/example_python_decorator.py
[2024-01-30T22:06:35.198+0000] {processor.py:830} INFO - Processing file /home/airflow/.local/lib/python3.8/site-packages/airflow/example_dags/example_python_decorator.py for tasks to queue
[2024-01-30T22:06:35.199+0000] {logging_mixin.py:188} INFO - [2024-01-30T22:06:35.199+0000] {dagbag.py:538} INFO - Filling up the DagBag from /home/airflow/.local/lib/python3.8/site-packages/airflow/example_dags/example_python_decorator.py
[2024-01-30T22:06:35.213+0000] {processor.py:840} INFO - DAG(s) 'example_python_decorator' retrieved from /home/airflow/.local/lib/python3.8/site-packages/airflow/example_dags/example_python_decorator.py
[2024-01-30T22:06:35.242+0000] {logging_mixin.py:188} INFO - [2024-01-30T22:06:35.242+0000] {dag.py:3036} INFO - Sync 1 DAGs
[2024-01-30T22:06:35.256+0000] {logging_mixin.py:188} INFO - [2024-01-30T22:06:35.256+0000] {dag.py:3823} INFO - Setting next_dagrun for example_python_decorator to None, run_after=None
[2024-01-30T22:06:35.283+0000] {processor.py:183} INFO - Processing /home/airflow/.local/lib/python3.8/site-packages/airflow/example_dags/example_python_decorator.py took 0.090 seconds
[2024-01-30T22:07:06.379+0000] {processor.py:161} INFO - Started process (PID=1589) to work on /home/airflow/.local/lib/python3.8/site-packages/airflow/example_dags/example_python_decorator.py
[2024-01-30T22:07:06.380+0000] {processor.py:830} INFO - Processing file /home/airflow/.local/lib/python3.8/site-packages/airflow/example_dags/example_python_decorator.py for tasks to queue
[2024-01-30T22:07:06.382+0000] {logging_mixin.py:188} INFO - [2024-01-30T22:07:06.382+0000] {dagbag.py:538} INFO - Filling up the DagBag from /home/airflow/.local/lib/python3.8/site-packages/airflow/example_dags/example_python_decorator.py
[2024-01-30T22:07:06.402+0000] {processor.py:840} INFO - DAG(s) 'example_python_decorator' retrieved from /home/airflow/.local/lib/python3.8/site-packages/airflow/example_dags/example_python_decorator.py
[2024-01-30T22:07:06.432+0000] {logging_mixin.py:188} INFO - [2024-01-30T22:07:06.431+0000] {dag.py:3036} INFO - Sync 1 DAGs
[2024-01-30T22:07:06.448+0000] {logging_mixin.py:188} INFO - [2024-01-30T22:07:06.448+0000] {dag.py:3823} INFO - Setting next_dagrun for example_python_decorator to None, run_after=None
[2024-01-30T22:07:06.481+0000] {processor.py:183} INFO - Processing /home/airflow/.local/lib/python3.8/site-packages/airflow/example_dags/example_python_decorator.py took 0.105 seconds
[2024-01-30T22:07:36.859+0000] {processor.py:161} INFO - Started process (PID=1646) to work on /home/airflow/.local/lib/python3.8/site-packages/airflow/example_dags/example_python_decorator.py
[2024-01-30T22:07:36.860+0000] {processor.py:830} INFO - Processing file /home/airflow/.local/lib/python3.8/site-packages/airflow/example_dags/example_python_decorator.py for tasks to queue
[2024-01-30T22:07:36.862+0000] {logging_mixin.py:188} INFO - [2024-01-30T22:07:36.861+0000] {dagbag.py:538} INFO - Filling up the DagBag from /home/airflow/.local/lib/python3.8/site-packages/airflow/example_dags/example_python_decorator.py
[2024-01-30T22:07:36.876+0000] {processor.py:840} INFO - DAG(s) 'example_python_decorator' retrieved from /home/airflow/.local/lib/python3.8/site-packages/airflow/example_dags/example_python_decorator.py
[2024-01-30T22:07:36.904+0000] {logging_mixin.py:188} INFO - [2024-01-30T22:07:36.904+0000] {dag.py:3036} INFO - Sync 1 DAGs
[2024-01-30T22:07:36.918+0000] {logging_mixin.py:188} INFO - [2024-01-30T22:07:36.918+0000] {dag.py:3823} INFO - Setting next_dagrun for example_python_decorator to None, run_after=None
[2024-01-30T22:07:36.947+0000] {processor.py:183} INFO - Processing /home/airflow/.local/lib/python3.8/site-packages/airflow/example_dags/example_python_decorator.py took 0.091 seconds
[2024-01-30T22:08:07.779+0000] {processor.py:161} INFO - Started process (PID=1704) to work on /home/airflow/.local/lib/python3.8/site-packages/airflow/example_dags/example_python_decorator.py
[2024-01-30T22:08:07.781+0000] {processor.py:830} INFO - Processing file /home/airflow/.local/lib/python3.8/site-packages/airflow/example_dags/example_python_decorator.py for tasks to queue
[2024-01-30T22:08:07.783+0000] {logging_mixin.py:188} INFO - [2024-01-30T22:08:07.782+0000] {dagbag.py:538} INFO - Filling up the DagBag from /home/airflow/.local/lib/python3.8/site-packages/airflow/example_dags/example_python_decorator.py
[2024-01-30T22:08:07.804+0000] {processor.py:840} INFO - DAG(s) 'example_python_decorator' retrieved from /home/airflow/.local/lib/python3.8/site-packages/airflow/example_dags/example_python_decorator.py
[2024-01-30T22:08:07.846+0000] {logging_mixin.py:188} INFO - [2024-01-30T22:08:07.845+0000] {dag.py:3036} INFO - Sync 1 DAGs
[2024-01-30T22:08:07.867+0000] {logging_mixin.py:188} INFO - [2024-01-30T22:08:07.866+0000] {dag.py:3823} INFO - Setting next_dagrun for example_python_decorator to None, run_after=None
[2024-01-30T22:08:07.904+0000] {processor.py:183} INFO - Processing /home/airflow/.local/lib/python3.8/site-packages/airflow/example_dags/example_python_decorator.py took 0.129 seconds
[2024-01-30T22:08:37.985+0000] {processor.py:161} INFO - Started process (PID=1761) to work on /home/airflow/.local/lib/python3.8/site-packages/airflow/example_dags/example_python_decorator.py
[2024-01-30T22:08:37.986+0000] {processor.py:830} INFO - Processing file /home/airflow/.local/lib/python3.8/site-packages/airflow/example_dags/example_python_decorator.py for tasks to queue
[2024-01-30T22:08:37.987+0000] {logging_mixin.py:188} INFO - [2024-01-30T22:08:37.987+0000] {dagbag.py:538} INFO - Filling up the DagBag from /home/airflow/.local/lib/python3.8/site-packages/airflow/example_dags/example_python_decorator.py
[2024-01-30T22:08:37.999+0000] {processor.py:840} INFO - DAG(s) 'example_python_decorator' retrieved from /home/airflow/.local/lib/python3.8/site-packages/airflow/example_dags/example_python_decorator.py
[2024-01-30T22:08:38.023+0000] {logging_mixin.py:188} INFO - [2024-01-30T22:08:38.023+0000] {dag.py:3036} INFO - Sync 1 DAGs
[2024-01-30T22:08:38.037+0000] {logging_mixin.py:188} INFO - [2024-01-30T22:08:38.037+0000] {dag.py:3823} INFO - Setting next_dagrun for example_python_decorator to None, run_after=None
[2024-01-30T22:08:38.066+0000] {processor.py:183} INFO - Processing /home/airflow/.local/lib/python3.8/site-packages/airflow/example_dags/example_python_decorator.py took 0.084 seconds
[2024-01-30T22:09:08.771+0000] {processor.py:161} INFO - Started process (PID=1818) to work on /home/airflow/.local/lib/python3.8/site-packages/airflow/example_dags/example_python_decorator.py
[2024-01-30T22:09:08.772+0000] {processor.py:830} INFO - Processing file /home/airflow/.local/lib/python3.8/site-packages/airflow/example_dags/example_python_decorator.py for tasks to queue
[2024-01-30T22:09:08.774+0000] {logging_mixin.py:188} INFO - [2024-01-30T22:09:08.773+0000] {dagbag.py:538} INFO - Filling up the DagBag from /home/airflow/.local/lib/python3.8/site-packages/airflow/example_dags/example_python_decorator.py
[2024-01-30T22:09:08.787+0000] {processor.py:840} INFO - DAG(s) 'example_python_decorator' retrieved from /home/airflow/.local/lib/python3.8/site-packages/airflow/example_dags/example_python_decorator.py
[2024-01-30T22:09:08.802+0000] {logging_mixin.py:188} INFO - [2024-01-30T22:09:08.802+0000] {dag.py:3036} INFO - Sync 1 DAGs
[2024-01-30T22:09:08.819+0000] {logging_mixin.py:188} INFO - [2024-01-30T22:09:08.819+0000] {dag.py:3823} INFO - Setting next_dagrun for example_python_decorator to None, run_after=None
[2024-01-30T22:09:08.855+0000] {processor.py:183} INFO - Processing /home/airflow/.local/lib/python3.8/site-packages/airflow/example_dags/example_python_decorator.py took 0.087 seconds
[2024-01-30T22:09:39.851+0000] {processor.py:161} INFO - Started process (PID=1875) to work on /home/airflow/.local/lib/python3.8/site-packages/airflow/example_dags/example_python_decorator.py
[2024-01-30T22:09:39.853+0000] {processor.py:830} INFO - Processing file /home/airflow/.local/lib/python3.8/site-packages/airflow/example_dags/example_python_decorator.py for tasks to queue
[2024-01-30T22:09:39.854+0000] {logging_mixin.py:188} INFO - [2024-01-30T22:09:39.854+0000] {dagbag.py:538} INFO - Filling up the DagBag from /home/airflow/.local/lib/python3.8/site-packages/airflow/example_dags/example_python_decorator.py
[2024-01-30T22:09:39.866+0000] {processor.py:840} INFO - DAG(s) 'example_python_decorator' retrieved from /home/airflow/.local/lib/python3.8/site-packages/airflow/example_dags/example_python_decorator.py
[2024-01-30T22:09:39.969+0000] {logging_mixin.py:188} INFO - [2024-01-30T22:09:39.969+0000] {dag.py:3036} INFO - Sync 1 DAGs
[2024-01-30T22:09:39.980+0000] {logging_mixin.py:188} INFO - [2024-01-30T22:09:39.979+0000] {dag.py:3823} INFO - Setting next_dagrun for example_python_decorator to None, run_after=None
[2024-01-30T22:09:40.010+0000] {processor.py:183} INFO - Processing /home/airflow/.local/lib/python3.8/site-packages/airflow/example_dags/example_python_decorator.py took 0.162 seconds
[2024-01-30T22:10:10.639+0000] {processor.py:161} INFO - Started process (PID=1932) to work on /home/airflow/.local/lib/python3.8/site-packages/airflow/example_dags/example_python_decorator.py
[2024-01-30T22:10:10.640+0000] {processor.py:830} INFO - Processing file /home/airflow/.local/lib/python3.8/site-packages/airflow/example_dags/example_python_decorator.py for tasks to queue
[2024-01-30T22:10:10.641+0000] {logging_mixin.py:188} INFO - [2024-01-30T22:10:10.641+0000] {dagbag.py:538} INFO - Filling up the DagBag from /home/airflow/.local/lib/python3.8/site-packages/airflow/example_dags/example_python_decorator.py
[2024-01-30T22:10:10.658+0000] {processor.py:840} INFO - DAG(s) 'example_python_decorator' retrieved from /home/airflow/.local/lib/python3.8/site-packages/airflow/example_dags/example_python_decorator.py
[2024-01-30T22:10:10.699+0000] {logging_mixin.py:188} INFO - [2024-01-30T22:10:10.699+0000] {dag.py:3036} INFO - Sync 1 DAGs
[2024-01-30T22:10:10.718+0000] {logging_mixin.py:188} INFO - [2024-01-30T22:10:10.718+0000] {dag.py:3823} INFO - Setting next_dagrun for example_python_decorator to None, run_after=None
[2024-01-30T22:10:10.755+0000] {processor.py:183} INFO - Processing /home/airflow/.local/lib/python3.8/site-packages/airflow/example_dags/example_python_decorator.py took 0.120 seconds
[2024-01-30T22:10:41.416+0000] {processor.py:161} INFO - Started process (PID=1989) to work on /home/airflow/.local/lib/python3.8/site-packages/airflow/example_dags/example_python_decorator.py
[2024-01-30T22:10:41.418+0000] {processor.py:830} INFO - Processing file /home/airflow/.local/lib/python3.8/site-packages/airflow/example_dags/example_python_decorator.py for tasks to queue
[2024-01-30T22:10:41.419+0000] {logging_mixin.py:188} INFO - [2024-01-30T22:10:41.419+0000] {dagbag.py:538} INFO - Filling up the DagBag from /home/airflow/.local/lib/python3.8/site-packages/airflow/example_dags/example_python_decorator.py
[2024-01-30T22:10:41.433+0000] {processor.py:840} INFO - DAG(s) 'example_python_decorator' retrieved from /home/airflow/.local/lib/python3.8/site-packages/airflow/example_dags/example_python_decorator.py
[2024-01-30T22:10:41.459+0000] {logging_mixin.py:188} INFO - [2024-01-30T22:10:41.459+0000] {dag.py:3036} INFO - Sync 1 DAGs
[2024-01-30T22:10:41.473+0000] {logging_mixin.py:188} INFO - [2024-01-30T22:10:41.473+0000] {dag.py:3823} INFO - Setting next_dagrun for example_python_decorator to None, run_after=None
[2024-01-30T22:10:41.504+0000] {processor.py:183} INFO - Processing /home/airflow/.local/lib/python3.8/site-packages/airflow/example_dags/example_python_decorator.py took 0.091 seconds
[2024-01-30T22:11:12.244+0000] {processor.py:161} INFO - Started process (PID=2046) to work on /home/airflow/.local/lib/python3.8/site-packages/airflow/example_dags/example_python_decorator.py
[2024-01-30T22:11:12.245+0000] {processor.py:830} INFO - Processing file /home/airflow/.local/lib/python3.8/site-packages/airflow/example_dags/example_python_decorator.py for tasks to queue
[2024-01-30T22:11:12.246+0000] {logging_mixin.py:188} INFO - [2024-01-30T22:11:12.246+0000] {dagbag.py:538} INFO - Filling up the DagBag from /home/airflow/.local/lib/python3.8/site-packages/airflow/example_dags/example_python_decorator.py
[2024-01-30T22:11:12.262+0000] {processor.py:840} INFO - DAG(s) 'example_python_decorator' retrieved from /home/airflow/.local/lib/python3.8/site-packages/airflow/example_dags/example_python_decorator.py
[2024-01-30T22:11:12.292+0000] {logging_mixin.py:188} INFO - [2024-01-30T22:11:12.291+0000] {dag.py:3036} INFO - Sync 1 DAGs
[2024-01-30T22:11:12.308+0000] {logging_mixin.py:188} INFO - [2024-01-30T22:11:12.307+0000] {dag.py:3823} INFO - Setting next_dagrun for example_python_decorator to None, run_after=None
[2024-01-30T22:11:12.340+0000] {processor.py:183} INFO - Processing /home/airflow/.local/lib/python3.8/site-packages/airflow/example_dags/example_python_decorator.py took 0.100 seconds
[2024-01-30T22:11:42.693+0000] {processor.py:161} INFO - Started process (PID=2103) to work on /home/airflow/.local/lib/python3.8/site-packages/airflow/example_dags/example_python_decorator.py
[2024-01-30T22:11:42.695+0000] {processor.py:830} INFO - Processing file /home/airflow/.local/lib/python3.8/site-packages/airflow/example_dags/example_python_decorator.py for tasks to queue
[2024-01-30T22:11:42.696+0000] {logging_mixin.py:188} INFO - [2024-01-30T22:11:42.696+0000] {dagbag.py:538} INFO - Filling up the DagBag from /home/airflow/.local/lib/python3.8/site-packages/airflow/example_dags/example_python_decorator.py
[2024-01-30T22:11:42.712+0000] {processor.py:840} INFO - DAG(s) 'example_python_decorator' retrieved from /home/airflow/.local/lib/python3.8/site-packages/airflow/example_dags/example_python_decorator.py
[2024-01-30T22:11:42.743+0000] {logging_mixin.py:188} INFO - [2024-01-30T22:11:42.742+0000] {dag.py:3036} INFO - Sync 1 DAGs
[2024-01-30T22:11:42.757+0000] {logging_mixin.py:188} INFO - [2024-01-30T22:11:42.756+0000] {dag.py:3823} INFO - Setting next_dagrun for example_python_decorator to None, run_after=None
[2024-01-30T22:11:42.790+0000] {processor.py:183} INFO - Processing /home/airflow/.local/lib/python3.8/site-packages/airflow/example_dags/example_python_decorator.py took 0.100 seconds
[2024-01-30T22:12:13.497+0000] {processor.py:161} INFO - Started process (PID=2160) to work on /home/airflow/.local/lib/python3.8/site-packages/airflow/example_dags/example_python_decorator.py
[2024-01-30T22:12:13.498+0000] {processor.py:830} INFO - Processing file /home/airflow/.local/lib/python3.8/site-packages/airflow/example_dags/example_python_decorator.py for tasks to queue
[2024-01-30T22:12:13.500+0000] {logging_mixin.py:188} INFO - [2024-01-30T22:12:13.500+0000] {dagbag.py:538} INFO - Filling up the DagBag from /home/airflow/.local/lib/python3.8/site-packages/airflow/example_dags/example_python_decorator.py
[2024-01-30T22:12:13.521+0000] {processor.py:840} INFO - DAG(s) 'example_python_decorator' retrieved from /home/airflow/.local/lib/python3.8/site-packages/airflow/example_dags/example_python_decorator.py
[2024-01-30T22:12:13.561+0000] {logging_mixin.py:188} INFO - [2024-01-30T22:12:13.561+0000] {dag.py:3036} INFO - Sync 1 DAGs
[2024-01-30T22:12:13.583+0000] {logging_mixin.py:188} INFO - [2024-01-30T22:12:13.583+0000] {dag.py:3823} INFO - Setting next_dagrun for example_python_decorator to None, run_after=None
[2024-01-30T22:12:13.619+0000] {processor.py:183} INFO - Processing /home/airflow/.local/lib/python3.8/site-packages/airflow/example_dags/example_python_decorator.py took 0.127 seconds
[2024-01-30T22:12:44.020+0000] {processor.py:161} INFO - Started process (PID=2217) to work on /home/airflow/.local/lib/python3.8/site-packages/airflow/example_dags/example_python_decorator.py
[2024-01-30T22:12:44.021+0000] {processor.py:830} INFO - Processing file /home/airflow/.local/lib/python3.8/site-packages/airflow/example_dags/example_python_decorator.py for tasks to queue
[2024-01-30T22:12:44.023+0000] {logging_mixin.py:188} INFO - [2024-01-30T22:12:44.022+0000] {dagbag.py:538} INFO - Filling up the DagBag from /home/airflow/.local/lib/python3.8/site-packages/airflow/example_dags/example_python_decorator.py
[2024-01-30T22:12:44.038+0000] {processor.py:840} INFO - DAG(s) 'example_python_decorator' retrieved from /home/airflow/.local/lib/python3.8/site-packages/airflow/example_dags/example_python_decorator.py
[2024-01-30T22:12:44.067+0000] {logging_mixin.py:188} INFO - [2024-01-30T22:12:44.067+0000] {dag.py:3036} INFO - Sync 1 DAGs
[2024-01-30T22:12:44.082+0000] {logging_mixin.py:188} INFO - [2024-01-30T22:12:44.081+0000] {dag.py:3823} INFO - Setting next_dagrun for example_python_decorator to None, run_after=None
[2024-01-30T22:12:44.111+0000] {processor.py:183} INFO - Processing /home/airflow/.local/lib/python3.8/site-packages/airflow/example_dags/example_python_decorator.py took 0.095 seconds
[2024-01-30T22:13:14.953+0000] {processor.py:161} INFO - Started process (PID=2274) to work on /home/airflow/.local/lib/python3.8/site-packages/airflow/example_dags/example_python_decorator.py
[2024-01-30T22:13:14.955+0000] {processor.py:830} INFO - Processing file /home/airflow/.local/lib/python3.8/site-packages/airflow/example_dags/example_python_decorator.py for tasks to queue
[2024-01-30T22:13:14.957+0000] {logging_mixin.py:188} INFO - [2024-01-30T22:13:14.956+0000] {dagbag.py:538} INFO - Filling up the DagBag from /home/airflow/.local/lib/python3.8/site-packages/airflow/example_dags/example_python_decorator.py
[2024-01-30T22:13:14.973+0000] {processor.py:840} INFO - DAG(s) 'example_python_decorator' retrieved from /home/airflow/.local/lib/python3.8/site-packages/airflow/example_dags/example_python_decorator.py
[2024-01-30T22:13:15.002+0000] {logging_mixin.py:188} INFO - [2024-01-30T22:13:15.001+0000] {dag.py:3036} INFO - Sync 1 DAGs
[2024-01-30T22:13:15.016+0000] {logging_mixin.py:188} INFO - [2024-01-30T22:13:15.016+0000] {dag.py:3823} INFO - Setting next_dagrun for example_python_decorator to None, run_after=None
[2024-01-30T22:13:15.044+0000] {processor.py:183} INFO - Processing /home/airflow/.local/lib/python3.8/site-packages/airflow/example_dags/example_python_decorator.py took 0.094 seconds
[2024-01-30T22:13:45.747+0000] {processor.py:161} INFO - Started process (PID=2331) to work on /home/airflow/.local/lib/python3.8/site-packages/airflow/example_dags/example_python_decorator.py
[2024-01-30T22:13:45.749+0000] {processor.py:830} INFO - Processing file /home/airflow/.local/lib/python3.8/site-packages/airflow/example_dags/example_python_decorator.py for tasks to queue
[2024-01-30T22:13:45.751+0000] {logging_mixin.py:188} INFO - [2024-01-30T22:13:45.750+0000] {dagbag.py:538} INFO - Filling up the DagBag from /home/airflow/.local/lib/python3.8/site-packages/airflow/example_dags/example_python_decorator.py
[2024-01-30T22:13:45.768+0000] {processor.py:840} INFO - DAG(s) 'example_python_decorator' retrieved from /home/airflow/.local/lib/python3.8/site-packages/airflow/example_dags/example_python_decorator.py
[2024-01-30T22:13:45.798+0000] {logging_mixin.py:188} INFO - [2024-01-30T22:13:45.798+0000] {dag.py:3036} INFO - Sync 1 DAGs
[2024-01-30T22:13:45.814+0000] {logging_mixin.py:188} INFO - [2024-01-30T22:13:45.814+0000] {dag.py:3823} INFO - Setting next_dagrun for example_python_decorator to None, run_after=None
[2024-01-30T22:13:45.848+0000] {processor.py:183} INFO - Processing /home/airflow/.local/lib/python3.8/site-packages/airflow/example_dags/example_python_decorator.py took 0.104 seconds
[2024-01-30T22:14:21.264+0000] {processor.py:161} INFO - Started process (PID=2389) to work on /home/airflow/.local/lib/python3.8/site-packages/airflow/example_dags/example_python_decorator.py
[2024-01-30T22:14:21.266+0000] {processor.py:830} INFO - Processing file /home/airflow/.local/lib/python3.8/site-packages/airflow/example_dags/example_python_decorator.py for tasks to queue
[2024-01-30T22:14:21.267+0000] {logging_mixin.py:188} INFO - [2024-01-30T22:14:21.267+0000] {dagbag.py:538} INFO - Filling up the DagBag from /home/airflow/.local/lib/python3.8/site-packages/airflow/example_dags/example_python_decorator.py
[2024-01-30T22:14:21.283+0000] {processor.py:840} INFO - DAG(s) 'example_python_decorator' retrieved from /home/airflow/.local/lib/python3.8/site-packages/airflow/example_dags/example_python_decorator.py
[2024-01-30T22:14:21.312+0000] {logging_mixin.py:188} INFO - [2024-01-30T22:14:21.311+0000] {dag.py:3036} INFO - Sync 1 DAGs
[2024-01-30T22:14:21.325+0000] {logging_mixin.py:188} INFO - [2024-01-30T22:14:21.325+0000] {dag.py:3823} INFO - Setting next_dagrun for example_python_decorator to None, run_after=None
[2024-01-30T22:14:21.351+0000] {processor.py:183} INFO - Processing /home/airflow/.local/lib/python3.8/site-packages/airflow/example_dags/example_python_decorator.py took 0.089 seconds
[2024-01-30T22:14:52.574+0000] {processor.py:161} INFO - Started process (PID=2449) to work on /home/airflow/.local/lib/python3.8/site-packages/airflow/example_dags/example_python_decorator.py
[2024-01-30T22:14:52.576+0000] {processor.py:830} INFO - Processing file /home/airflow/.local/lib/python3.8/site-packages/airflow/example_dags/example_python_decorator.py for tasks to queue
[2024-01-30T22:14:52.577+0000] {logging_mixin.py:188} INFO - [2024-01-30T22:14:52.577+0000] {dagbag.py:538} INFO - Filling up the DagBag from /home/airflow/.local/lib/python3.8/site-packages/airflow/example_dags/example_python_decorator.py
[2024-01-30T22:14:52.591+0000] {processor.py:840} INFO - DAG(s) 'example_python_decorator' retrieved from /home/airflow/.local/lib/python3.8/site-packages/airflow/example_dags/example_python_decorator.py
[2024-01-30T22:14:52.618+0000] {logging_mixin.py:188} INFO - [2024-01-30T22:14:52.617+0000] {dag.py:3036} INFO - Sync 1 DAGs
[2024-01-30T22:14:52.633+0000] {logging_mixin.py:188} INFO - [2024-01-30T22:14:52.632+0000] {dag.py:3823} INFO - Setting next_dagrun for example_python_decorator to None, run_after=None
[2024-01-30T22:14:52.664+0000] {processor.py:183} INFO - Processing /home/airflow/.local/lib/python3.8/site-packages/airflow/example_dags/example_python_decorator.py took 0.093 seconds
[2024-01-30T22:15:23.752+0000] {processor.py:161} INFO - Started process (PID=2512) to work on /home/airflow/.local/lib/python3.8/site-packages/airflow/example_dags/example_python_decorator.py
[2024-01-30T22:15:23.754+0000] {processor.py:830} INFO - Processing file /home/airflow/.local/lib/python3.8/site-packages/airflow/example_dags/example_python_decorator.py for tasks to queue
[2024-01-30T22:15:23.756+0000] {logging_mixin.py:188} INFO - [2024-01-30T22:15:23.755+0000] {dagbag.py:538} INFO - Filling up the DagBag from /home/airflow/.local/lib/python3.8/site-packages/airflow/example_dags/example_python_decorator.py
[2024-01-30T22:15:23.773+0000] {processor.py:840} INFO - DAG(s) 'example_python_decorator' retrieved from /home/airflow/.local/lib/python3.8/site-packages/airflow/example_dags/example_python_decorator.py
[2024-01-30T22:15:23.807+0000] {logging_mixin.py:188} INFO - [2024-01-30T22:15:23.807+0000] {dag.py:3036} INFO - Sync 1 DAGs
[2024-01-30T22:15:23.822+0000] {logging_mixin.py:188} INFO - [2024-01-30T22:15:23.822+0000] {dag.py:3823} INFO - Setting next_dagrun for example_python_decorator to None, run_after=None
[2024-01-30T22:15:23.851+0000] {processor.py:183} INFO - Processing /home/airflow/.local/lib/python3.8/site-packages/airflow/example_dags/example_python_decorator.py took 0.104 seconds
[2024-01-30T22:15:54.065+0000] {processor.py:161} INFO - Started process (PID=2575) to work on /home/airflow/.local/lib/python3.8/site-packages/airflow/example_dags/example_python_decorator.py
[2024-01-30T22:15:54.067+0000] {processor.py:830} INFO - Processing file /home/airflow/.local/lib/python3.8/site-packages/airflow/example_dags/example_python_decorator.py for tasks to queue
[2024-01-30T22:15:54.069+0000] {logging_mixin.py:188} INFO - [2024-01-30T22:15:54.068+0000] {dagbag.py:538} INFO - Filling up the DagBag from /home/airflow/.local/lib/python3.8/site-packages/airflow/example_dags/example_python_decorator.py
[2024-01-30T22:15:54.088+0000] {processor.py:840} INFO - DAG(s) 'example_python_decorator' retrieved from /home/airflow/.local/lib/python3.8/site-packages/airflow/example_dags/example_python_decorator.py
[2024-01-30T22:15:54.123+0000] {logging_mixin.py:188} INFO - [2024-01-30T22:15:54.122+0000] {dag.py:3036} INFO - Sync 1 DAGs
[2024-01-30T22:15:54.147+0000] {logging_mixin.py:188} INFO - [2024-01-30T22:15:54.146+0000] {dag.py:3823} INFO - Setting next_dagrun for example_python_decorator to None, run_after=None
[2024-01-30T22:15:54.216+0000] {processor.py:183} INFO - Processing /home/airflow/.local/lib/python3.8/site-packages/airflow/example_dags/example_python_decorator.py took 0.156 seconds
[2024-01-30T22:16:24.335+0000] {processor.py:161} INFO - Started process (PID=2635) to work on /home/airflow/.local/lib/python3.8/site-packages/airflow/example_dags/example_python_decorator.py
[2024-01-30T22:16:24.336+0000] {processor.py:830} INFO - Processing file /home/airflow/.local/lib/python3.8/site-packages/airflow/example_dags/example_python_decorator.py for tasks to queue
[2024-01-30T22:16:24.337+0000] {logging_mixin.py:188} INFO - [2024-01-30T22:16:24.337+0000] {dagbag.py:538} INFO - Filling up the DagBag from /home/airflow/.local/lib/python3.8/site-packages/airflow/example_dags/example_python_decorator.py
[2024-01-30T22:16:24.361+0000] {processor.py:840} INFO - DAG(s) 'example_python_decorator' retrieved from /home/airflow/.local/lib/python3.8/site-packages/airflow/example_dags/example_python_decorator.py
[2024-01-30T22:16:24.396+0000] {logging_mixin.py:188} INFO - [2024-01-30T22:16:24.396+0000] {dag.py:3036} INFO - Sync 1 DAGs
[2024-01-30T22:16:24.415+0000] {logging_mixin.py:188} INFO - [2024-01-30T22:16:24.414+0000] {dag.py:3823} INFO - Setting next_dagrun for example_python_decorator to None, run_after=None
[2024-01-30T22:16:24.451+0000] {processor.py:183} INFO - Processing /home/airflow/.local/lib/python3.8/site-packages/airflow/example_dags/example_python_decorator.py took 0.120 seconds
[2024-01-30T22:16:55.095+0000] {processor.py:161} INFO - Started process (PID=2691) to work on /home/airflow/.local/lib/python3.8/site-packages/airflow/example_dags/example_python_decorator.py
[2024-01-30T22:16:55.097+0000] {processor.py:830} INFO - Processing file /home/airflow/.local/lib/python3.8/site-packages/airflow/example_dags/example_python_decorator.py for tasks to queue
[2024-01-30T22:16:55.098+0000] {logging_mixin.py:188} INFO - [2024-01-30T22:16:55.098+0000] {dagbag.py:538} INFO - Filling up the DagBag from /home/airflow/.local/lib/python3.8/site-packages/airflow/example_dags/example_python_decorator.py
[2024-01-30T22:16:55.113+0000] {processor.py:840} INFO - DAG(s) 'example_python_decorator' retrieved from /home/airflow/.local/lib/python3.8/site-packages/airflow/example_dags/example_python_decorator.py
[2024-01-30T22:16:55.143+0000] {logging_mixin.py:188} INFO - [2024-01-30T22:16:55.143+0000] {dag.py:3036} INFO - Sync 1 DAGs
[2024-01-30T22:16:55.157+0000] {logging_mixin.py:188} INFO - [2024-01-30T22:16:55.156+0000] {dag.py:3823} INFO - Setting next_dagrun for example_python_decorator to None, run_after=None
[2024-01-30T22:16:55.184+0000] {processor.py:183} INFO - Processing /home/airflow/.local/lib/python3.8/site-packages/airflow/example_dags/example_python_decorator.py took 0.091 seconds
[2024-01-30T22:17:27.662+0000] {processor.py:161} INFO - Started process (PID=2750) to work on /home/airflow/.local/lib/python3.8/site-packages/airflow/example_dags/example_python_decorator.py
[2024-01-30T22:17:27.664+0000] {processor.py:830} INFO - Processing file /home/airflow/.local/lib/python3.8/site-packages/airflow/example_dags/example_python_decorator.py for tasks to queue
[2024-01-30T22:17:27.666+0000] {logging_mixin.py:188} INFO - [2024-01-30T22:17:27.665+0000] {dagbag.py:538} INFO - Filling up the DagBag from /home/airflow/.local/lib/python3.8/site-packages/airflow/example_dags/example_python_decorator.py
[2024-01-30T22:17:27.678+0000] {processor.py:840} INFO - DAG(s) 'example_python_decorator' retrieved from /home/airflow/.local/lib/python3.8/site-packages/airflow/example_dags/example_python_decorator.py
[2024-01-30T22:17:27.706+0000] {logging_mixin.py:188} INFO - [2024-01-30T22:17:27.705+0000] {dag.py:3036} INFO - Sync 1 DAGs
[2024-01-30T22:17:27.859+0000] {logging_mixin.py:188} INFO - [2024-01-30T22:17:27.859+0000] {dag.py:3823} INFO - Setting next_dagrun for example_python_decorator to None, run_after=None
[2024-01-30T22:17:27.897+0000] {processor.py:183} INFO - Processing /home/airflow/.local/lib/python3.8/site-packages/airflow/example_dags/example_python_decorator.py took 0.238 seconds
[2024-01-30T22:17:58.791+0000] {processor.py:161} INFO - Started process (PID=2807) to work on /home/airflow/.local/lib/python3.8/site-packages/airflow/example_dags/example_python_decorator.py
[2024-01-30T22:17:58.793+0000] {processor.py:830} INFO - Processing file /home/airflow/.local/lib/python3.8/site-packages/airflow/example_dags/example_python_decorator.py for tasks to queue
[2024-01-30T22:17:58.794+0000] {logging_mixin.py:188} INFO - [2024-01-30T22:17:58.793+0000] {dagbag.py:538} INFO - Filling up the DagBag from /home/airflow/.local/lib/python3.8/site-packages/airflow/example_dags/example_python_decorator.py
[2024-01-30T22:17:58.805+0000] {processor.py:840} INFO - DAG(s) 'example_python_decorator' retrieved from /home/airflow/.local/lib/python3.8/site-packages/airflow/example_dags/example_python_decorator.py
[2024-01-30T22:17:58.828+0000] {logging_mixin.py:188} INFO - [2024-01-30T22:17:58.828+0000] {dag.py:3036} INFO - Sync 1 DAGs
[2024-01-30T22:17:58.843+0000] {logging_mixin.py:188} INFO - [2024-01-30T22:17:58.843+0000] {dag.py:3823} INFO - Setting next_dagrun for example_python_decorator to None, run_after=None
[2024-01-30T22:17:58.905+0000] {processor.py:183} INFO - Processing /home/airflow/.local/lib/python3.8/site-packages/airflow/example_dags/example_python_decorator.py took 0.116 seconds
[2024-01-30T22:18:29.165+0000] {processor.py:161} INFO - Started process (PID=2865) to work on /home/airflow/.local/lib/python3.8/site-packages/airflow/example_dags/example_python_decorator.py
[2024-01-30T22:18:29.166+0000] {processor.py:830} INFO - Processing file /home/airflow/.local/lib/python3.8/site-packages/airflow/example_dags/example_python_decorator.py for tasks to queue
[2024-01-30T22:18:29.168+0000] {logging_mixin.py:188} INFO - [2024-01-30T22:18:29.167+0000] {dagbag.py:538} INFO - Filling up the DagBag from /home/airflow/.local/lib/python3.8/site-packages/airflow/example_dags/example_python_decorator.py
[2024-01-30T22:18:29.186+0000] {processor.py:840} INFO - DAG(s) 'example_python_decorator' retrieved from /home/airflow/.local/lib/python3.8/site-packages/airflow/example_dags/example_python_decorator.py
[2024-01-30T22:18:29.213+0000] {logging_mixin.py:188} INFO - [2024-01-30T22:18:29.212+0000] {dag.py:3036} INFO - Sync 1 DAGs
[2024-01-30T22:18:29.228+0000] {logging_mixin.py:188} INFO - [2024-01-30T22:18:29.228+0000] {dag.py:3823} INFO - Setting next_dagrun for example_python_decorator to None, run_after=None
[2024-01-30T22:18:29.264+0000] {processor.py:183} INFO - Processing /home/airflow/.local/lib/python3.8/site-packages/airflow/example_dags/example_python_decorator.py took 0.103 seconds
[2024-01-30T22:18:59.595+0000] {processor.py:161} INFO - Started process (PID=2922) to work on /home/airflow/.local/lib/python3.8/site-packages/airflow/example_dags/example_python_decorator.py
[2024-01-30T22:18:59.597+0000] {processor.py:830} INFO - Processing file /home/airflow/.local/lib/python3.8/site-packages/airflow/example_dags/example_python_decorator.py for tasks to queue
[2024-01-30T22:18:59.600+0000] {logging_mixin.py:188} INFO - [2024-01-30T22:18:59.599+0000] {dagbag.py:538} INFO - Filling up the DagBag from /home/airflow/.local/lib/python3.8/site-packages/airflow/example_dags/example_python_decorator.py
[2024-01-30T22:18:59.619+0000] {processor.py:840} INFO - DAG(s) 'example_python_decorator' retrieved from /home/airflow/.local/lib/python3.8/site-packages/airflow/example_dags/example_python_decorator.py
[2024-01-30T22:18:59.652+0000] {logging_mixin.py:188} INFO - [2024-01-30T22:18:59.652+0000] {dag.py:3036} INFO - Sync 1 DAGs
[2024-01-30T22:18:59.672+0000] {logging_mixin.py:188} INFO - [2024-01-30T22:18:59.672+0000] {dag.py:3823} INFO - Setting next_dagrun for example_python_decorator to None, run_after=None
[2024-01-30T22:18:59.723+0000] {processor.py:183} INFO - Processing /home/airflow/.local/lib/python3.8/site-packages/airflow/example_dags/example_python_decorator.py took 0.133 seconds
[2024-01-30T22:19:32.395+0000] {processor.py:161} INFO - Started process (PID=2979) to work on /home/airflow/.local/lib/python3.8/site-packages/airflow/example_dags/example_python_decorator.py
[2024-01-30T22:19:32.396+0000] {processor.py:830} INFO - Processing file /home/airflow/.local/lib/python3.8/site-packages/airflow/example_dags/example_python_decorator.py for tasks to queue
[2024-01-30T22:19:32.397+0000] {logging_mixin.py:188} INFO - [2024-01-30T22:19:32.397+0000] {dagbag.py:538} INFO - Filling up the DagBag from /home/airflow/.local/lib/python3.8/site-packages/airflow/example_dags/example_python_decorator.py
[2024-01-30T22:19:32.411+0000] {processor.py:840} INFO - DAG(s) 'example_python_decorator' retrieved from /home/airflow/.local/lib/python3.8/site-packages/airflow/example_dags/example_python_decorator.py
[2024-01-30T22:19:32.576+0000] {logging_mixin.py:188} INFO - [2024-01-30T22:19:32.576+0000] {dag.py:3036} INFO - Sync 1 DAGs
[2024-01-30T22:19:32.591+0000] {logging_mixin.py:188} INFO - [2024-01-30T22:19:32.591+0000] {dag.py:3823} INFO - Setting next_dagrun for example_python_decorator to None, run_after=None
[2024-01-30T22:19:32.626+0000] {processor.py:183} INFO - Processing /home/airflow/.local/lib/python3.8/site-packages/airflow/example_dags/example_python_decorator.py took 0.234 seconds
[2024-01-30T22:20:02.811+0000] {processor.py:161} INFO - Started process (PID=3036) to work on /home/airflow/.local/lib/python3.8/site-packages/airflow/example_dags/example_python_decorator.py
[2024-01-30T22:20:02.812+0000] {processor.py:830} INFO - Processing file /home/airflow/.local/lib/python3.8/site-packages/airflow/example_dags/example_python_decorator.py for tasks to queue
[2024-01-30T22:20:02.814+0000] {logging_mixin.py:188} INFO - [2024-01-30T22:20:02.814+0000] {dagbag.py:538} INFO - Filling up the DagBag from /home/airflow/.local/lib/python3.8/site-packages/airflow/example_dags/example_python_decorator.py
[2024-01-30T22:20:02.828+0000] {processor.py:840} INFO - DAG(s) 'example_python_decorator' retrieved from /home/airflow/.local/lib/python3.8/site-packages/airflow/example_dags/example_python_decorator.py
[2024-01-30T22:20:02.855+0000] {logging_mixin.py:188} INFO - [2024-01-30T22:20:02.855+0000] {dag.py:3036} INFO - Sync 1 DAGs
[2024-01-30T22:20:02.869+0000] {logging_mixin.py:188} INFO - [2024-01-30T22:20:02.869+0000] {dag.py:3823} INFO - Setting next_dagrun for example_python_decorator to None, run_after=None
[2024-01-30T22:20:02.894+0000] {processor.py:183} INFO - Processing /home/airflow/.local/lib/python3.8/site-packages/airflow/example_dags/example_python_decorator.py took 0.086 seconds
[2024-01-30T22:20:33.549+0000] {processor.py:161} INFO - Started process (PID=3093) to work on /home/airflow/.local/lib/python3.8/site-packages/airflow/example_dags/example_python_decorator.py
[2024-01-30T22:20:33.550+0000] {processor.py:830} INFO - Processing file /home/airflow/.local/lib/python3.8/site-packages/airflow/example_dags/example_python_decorator.py for tasks to queue
[2024-01-30T22:20:33.552+0000] {logging_mixin.py:188} INFO - [2024-01-30T22:20:33.551+0000] {dagbag.py:538} INFO - Filling up the DagBag from /home/airflow/.local/lib/python3.8/site-packages/airflow/example_dags/example_python_decorator.py
[2024-01-30T22:20:33.565+0000] {processor.py:840} INFO - DAG(s) 'example_python_decorator' retrieved from /home/airflow/.local/lib/python3.8/site-packages/airflow/example_dags/example_python_decorator.py
[2024-01-30T22:20:33.589+0000] {logging_mixin.py:188} INFO - [2024-01-30T22:20:33.589+0000] {dag.py:3036} INFO - Sync 1 DAGs
[2024-01-30T22:20:33.602+0000] {logging_mixin.py:188} INFO - [2024-01-30T22:20:33.602+0000] {dag.py:3823} INFO - Setting next_dagrun for example_python_decorator to None, run_after=None
[2024-01-30T22:20:33.628+0000] {processor.py:183} INFO - Processing /home/airflow/.local/lib/python3.8/site-packages/airflow/example_dags/example_python_decorator.py took 0.082 seconds
[2024-01-30T22:21:11.514+0000] {processor.py:161} INFO - Started process (PID=3150) to work on /home/airflow/.local/lib/python3.8/site-packages/airflow/example_dags/example_python_decorator.py
[2024-01-30T22:21:11.522+0000] {processor.py:830} INFO - Processing file /home/airflow/.local/lib/python3.8/site-packages/airflow/example_dags/example_python_decorator.py for tasks to queue
[2024-01-30T22:21:11.532+0000] {logging_mixin.py:188} INFO - [2024-01-30T22:21:11.528+0000] {dagbag.py:538} INFO - Filling up the DagBag from /home/airflow/.local/lib/python3.8/site-packages/airflow/example_dags/example_python_decorator.py
[2024-01-30T22:21:11.679+0000] {processor.py:840} INFO - DAG(s) 'example_python_decorator' retrieved from /home/airflow/.local/lib/python3.8/site-packages/airflow/example_dags/example_python_decorator.py
[2024-01-30T22:21:11.928+0000] {logging_mixin.py:188} INFO - [2024-01-30T22:21:11.926+0000] {dag.py:3036} INFO - Sync 1 DAGs
[2024-01-30T22:21:12.044+0000] {logging_mixin.py:188} INFO - [2024-01-30T22:21:12.042+0000] {dag.py:3823} INFO - Setting next_dagrun for example_python_decorator to None, run_after=None
[2024-01-30T22:21:12.278+0000] {processor.py:183} INFO - Processing /home/airflow/.local/lib/python3.8/site-packages/airflow/example_dags/example_python_decorator.py took 0.789 seconds
[2024-01-30T22:21:43.372+0000] {processor.py:161} INFO - Started process (PID=3207) to work on /home/airflow/.local/lib/python3.8/site-packages/airflow/example_dags/example_python_decorator.py
[2024-01-30T22:21:43.373+0000] {processor.py:830} INFO - Processing file /home/airflow/.local/lib/python3.8/site-packages/airflow/example_dags/example_python_decorator.py for tasks to queue
[2024-01-30T22:21:43.375+0000] {logging_mixin.py:188} INFO - [2024-01-30T22:21:43.375+0000] {dagbag.py:538} INFO - Filling up the DagBag from /home/airflow/.local/lib/python3.8/site-packages/airflow/example_dags/example_python_decorator.py
[2024-01-30T22:21:43.389+0000] {processor.py:840} INFO - DAG(s) 'example_python_decorator' retrieved from /home/airflow/.local/lib/python3.8/site-packages/airflow/example_dags/example_python_decorator.py
[2024-01-30T22:21:43.416+0000] {logging_mixin.py:188} INFO - [2024-01-30T22:21:43.416+0000] {dag.py:3036} INFO - Sync 1 DAGs
[2024-01-30T22:21:43.430+0000] {logging_mixin.py:188} INFO - [2024-01-30T22:21:43.429+0000] {dag.py:3823} INFO - Setting next_dagrun for example_python_decorator to None, run_after=None
[2024-01-30T22:21:43.457+0000] {processor.py:183} INFO - Processing /home/airflow/.local/lib/python3.8/site-packages/airflow/example_dags/example_python_decorator.py took 0.088 seconds
[2024-01-30T22:22:13.809+0000] {processor.py:161} INFO - Started process (PID=3264) to work on /home/airflow/.local/lib/python3.8/site-packages/airflow/example_dags/example_python_decorator.py
[2024-01-30T22:22:13.810+0000] {processor.py:830} INFO - Processing file /home/airflow/.local/lib/python3.8/site-packages/airflow/example_dags/example_python_decorator.py for tasks to queue
[2024-01-30T22:22:13.811+0000] {logging_mixin.py:188} INFO - [2024-01-30T22:22:13.811+0000] {dagbag.py:538} INFO - Filling up the DagBag from /home/airflow/.local/lib/python3.8/site-packages/airflow/example_dags/example_python_decorator.py
[2024-01-30T22:22:13.823+0000] {processor.py:840} INFO - DAG(s) 'example_python_decorator' retrieved from /home/airflow/.local/lib/python3.8/site-packages/airflow/example_dags/example_python_decorator.py
[2024-01-30T22:22:13.846+0000] {logging_mixin.py:188} INFO - [2024-01-30T22:22:13.846+0000] {dag.py:3036} INFO - Sync 1 DAGs
[2024-01-30T22:22:13.858+0000] {logging_mixin.py:188} INFO - [2024-01-30T22:22:13.858+0000] {dag.py:3823} INFO - Setting next_dagrun for example_python_decorator to None, run_after=None
[2024-01-30T22:22:13.916+0000] {processor.py:183} INFO - Processing /home/airflow/.local/lib/python3.8/site-packages/airflow/example_dags/example_python_decorator.py took 0.110 seconds
[2024-01-30T22:22:44.080+0000] {processor.py:161} INFO - Started process (PID=3321) to work on /home/airflow/.local/lib/python3.8/site-packages/airflow/example_dags/example_python_decorator.py
[2024-01-30T22:22:44.081+0000] {processor.py:830} INFO - Processing file /home/airflow/.local/lib/python3.8/site-packages/airflow/example_dags/example_python_decorator.py for tasks to queue
[2024-01-30T22:22:44.082+0000] {logging_mixin.py:188} INFO - [2024-01-30T22:22:44.082+0000] {dagbag.py:538} INFO - Filling up the DagBag from /home/airflow/.local/lib/python3.8/site-packages/airflow/example_dags/example_python_decorator.py
[2024-01-30T22:22:44.094+0000] {processor.py:840} INFO - DAG(s) 'example_python_decorator' retrieved from /home/airflow/.local/lib/python3.8/site-packages/airflow/example_dags/example_python_decorator.py
[2024-01-30T22:22:44.116+0000] {logging_mixin.py:188} INFO - [2024-01-30T22:22:44.116+0000] {dag.py:3036} INFO - Sync 1 DAGs
[2024-01-30T22:22:44.128+0000] {logging_mixin.py:188} INFO - [2024-01-30T22:22:44.128+0000] {dag.py:3823} INFO - Setting next_dagrun for example_python_decorator to None, run_after=None
[2024-01-30T22:22:44.153+0000] {processor.py:183} INFO - Processing /home/airflow/.local/lib/python3.8/site-packages/airflow/example_dags/example_python_decorator.py took 0.076 seconds
