[2024-01-30T21:58:09.747+0000] {processor.py:161} INFO - Started process (PID=566) to work on /opt/airflow/dags/scrapCraiglist.py
[2024-01-30T21:58:09.755+0000] {processor.py:830} INFO - Processing file /opt/airflow/dags/scrapCraiglist.py for tasks to queue
[2024-01-30T21:58:09.759+0000] {logging_mixin.py:188} INFO - [2024-01-30T21:58:09.758+0000] {dagbag.py:538} INFO - Filling up the DagBag from /opt/airflow/dags/scrapCraiglist.py
[2024-01-30T21:58:10.354+0000] {processor.py:842} WARNING - No viable dags retrieved from /opt/airflow/dags/scrapCraiglist.py
[2024-01-30T21:58:10.377+0000] {processor.py:183} INFO - Processing /opt/airflow/dags/scrapCraiglist.py took 0.634 seconds
[2024-01-30T21:58:25.586+0000] {processor.py:161} INFO - Started process (PID=615) to work on /opt/airflow/dags/scrapCraiglist.py
[2024-01-30T21:58:25.588+0000] {processor.py:830} INFO - Processing file /opt/airflow/dags/scrapCraiglist.py for tasks to queue
[2024-01-30T21:58:25.589+0000] {logging_mixin.py:188} INFO - [2024-01-30T21:58:25.589+0000] {dagbag.py:538} INFO - Filling up the DagBag from /opt/airflow/dags/scrapCraiglist.py
[2024-01-30T21:58:26.075+0000] {processor.py:842} WARNING - No viable dags retrieved from /opt/airflow/dags/scrapCraiglist.py
[2024-01-30T21:58:26.088+0000] {processor.py:183} INFO - Processing /opt/airflow/dags/scrapCraiglist.py took 0.504 seconds
[2024-01-30T21:58:45.561+0000] {processor.py:161} INFO - Started process (PID=661) to work on /opt/airflow/dags/scrapCraiglist.py
[2024-01-30T21:58:45.562+0000] {processor.py:830} INFO - Processing file /opt/airflow/dags/scrapCraiglist.py for tasks to queue
[2024-01-30T21:58:45.563+0000] {logging_mixin.py:188} INFO - [2024-01-30T21:58:45.563+0000] {dagbag.py:538} INFO - Filling up the DagBag from /opt/airflow/dags/scrapCraiglist.py
[2024-01-30T21:58:46.565+0000] {processor.py:842} WARNING - No viable dags retrieved from /opt/airflow/dags/scrapCraiglist.py
[2024-01-30T21:58:46.577+0000] {processor.py:183} INFO - Processing /opt/airflow/dags/scrapCraiglist.py took 1.020 seconds
[2024-01-30T21:58:48.089+0000] {processor.py:161} INFO - Started process (PID=670) to work on /opt/airflow/dags/scrapCraiglist.py
[2024-01-30T21:58:48.090+0000] {processor.py:830} INFO - Processing file /opt/airflow/dags/scrapCraiglist.py for tasks to queue
[2024-01-30T21:58:48.091+0000] {logging_mixin.py:188} INFO - [2024-01-30T21:58:48.091+0000] {dagbag.py:538} INFO - Filling up the DagBag from /opt/airflow/dags/scrapCraiglist.py
[2024-01-30T21:58:49.157+0000] {processor.py:842} WARNING - No viable dags retrieved from /opt/airflow/dags/scrapCraiglist.py
[2024-01-30T21:58:49.201+0000] {processor.py:183} INFO - Processing /opt/airflow/dags/scrapCraiglist.py took 1.115 seconds
[2024-01-30T21:59:19.587+0000] {processor.py:161} INFO - Started process (PID=727) to work on /opt/airflow/dags/scrapCraiglist.py
[2024-01-30T21:59:19.588+0000] {processor.py:830} INFO - Processing file /opt/airflow/dags/scrapCraiglist.py for tasks to queue
[2024-01-30T21:59:19.589+0000] {logging_mixin.py:188} INFO - [2024-01-30T21:59:19.589+0000] {dagbag.py:538} INFO - Filling up the DagBag from /opt/airflow/dags/scrapCraiglist.py
[2024-01-30T21:59:20.088+0000] {processor.py:842} WARNING - No viable dags retrieved from /opt/airflow/dags/scrapCraiglist.py
[2024-01-30T21:59:20.101+0000] {processor.py:183} INFO - Processing /opt/airflow/dags/scrapCraiglist.py took 0.518 seconds
[2024-01-30T21:59:21.603+0000] {processor.py:161} INFO - Started process (PID=731) to work on /opt/airflow/dags/scrapCraiglist.py
[2024-01-30T21:59:21.604+0000] {processor.py:830} INFO - Processing file /opt/airflow/dags/scrapCraiglist.py for tasks to queue
[2024-01-30T21:59:21.607+0000] {logging_mixin.py:188} INFO - [2024-01-30T21:59:21.606+0000] {dagbag.py:538} INFO - Filling up the DagBag from /opt/airflow/dags/scrapCraiglist.py
[2024-01-30T21:59:22.470+0000] {logging_mixin.py:188} INFO - [2024-01-30T21:59:22.465+0000] {dagbag.py:348} ERROR - Failed to import: /opt/airflow/dags/scrapCraiglist.py
Traceback (most recent call last):
  File "/home/airflow/.local/lib/python3.8/site-packages/airflow/models/dagbag.py", line 344, in parse
    loader.exec_module(new_module)
  File "<frozen importlib._bootstrap_external>", line 843, in exec_module
  File "<frozen importlib._bootstrap>", line 219, in _call_with_frames_removed
  File "/opt/airflow/dags/scrapCraiglist.py", line 38, in <module>
    streaming_task = PythonOperator(
NameError: name 'PythonOperator' is not defined
[2024-01-30T21:59:22.472+0000] {processor.py:842} WARNING - No viable dags retrieved from /opt/airflow/dags/scrapCraiglist.py
[2024-01-30T21:59:22.499+0000] {processor.py:183} INFO - Processing /opt/airflow/dags/scrapCraiglist.py took 0.900 seconds
[2024-01-30T21:59:51.035+0000] {processor.py:161} INFO - Started process (PID=787) to work on /opt/airflow/dags/scrapCraiglist.py
[2024-01-30T21:59:51.037+0000] {processor.py:830} INFO - Processing file /opt/airflow/dags/scrapCraiglist.py for tasks to queue
[2024-01-30T21:59:51.039+0000] {logging_mixin.py:188} INFO - [2024-01-30T21:59:51.039+0000] {dagbag.py:538} INFO - Filling up the DagBag from /opt/airflow/dags/scrapCraiglist.py
[2024-01-30T21:59:51.583+0000] {logging_mixin.py:188} INFO - [2024-01-30T21:59:51.578+0000] {dagbag.py:348} ERROR - Failed to import: /opt/airflow/dags/scrapCraiglist.py
Traceback (most recent call last):
  File "/home/airflow/.local/lib/python3.8/site-packages/airflow/models/dagbag.py", line 344, in parse
    loader.exec_module(new_module)
  File "<frozen importlib._bootstrap_external>", line 843, in exec_module
  File "<frozen importlib._bootstrap>", line 219, in _call_with_frames_removed
  File "/opt/airflow/dags/scrapCraiglist.py", line 41, in <module>
    python_callable=stream_data
NameError: name 'stream_data' is not defined
[2024-01-30T21:59:51.585+0000] {processor.py:842} WARNING - No viable dags retrieved from /opt/airflow/dags/scrapCraiglist.py
[2024-01-30T21:59:51.607+0000] {processor.py:183} INFO - Processing /opt/airflow/dags/scrapCraiglist.py took 0.575 seconds
[2024-01-30T22:00:03.079+0000] {processor.py:161} INFO - Started process (PID=795) to work on /opt/airflow/dags/scrapCraiglist.py
[2024-01-30T22:00:03.081+0000] {processor.py:830} INFO - Processing file /opt/airflow/dags/scrapCraiglist.py for tasks to queue
[2024-01-30T22:00:03.082+0000] {logging_mixin.py:188} INFO - [2024-01-30T22:00:03.082+0000] {dagbag.py:538} INFO - Filling up the DagBag from /opt/airflow/dags/scrapCraiglist.py
[2024-01-30T22:00:03.104+0000] {logging_mixin.py:188} INFO - [2024-01-30T22:00:03.104+0000] {dagbag.py:348} ERROR - Failed to import: /opt/airflow/dags/scrapCraiglist.py
Traceback (most recent call last):
  File "/home/airflow/.local/lib/python3.8/site-packages/airflow/models/dagbag.py", line 344, in parse
    loader.exec_module(new_module)
  File "<frozen importlib._bootstrap_external>", line 839, in exec_module
  File "<frozen importlib._bootstrap_external>", line 976, in get_code
  File "<frozen importlib._bootstrap_external>", line 906, in source_to_code
  File "<frozen importlib._bootstrap>", line 219, in _call_with_frames_removed
  File "/opt/airflow/dags/scrapCraiglist.py", line 42
    )
    ^
SyntaxError: invalid syntax
[2024-01-30T22:00:03.105+0000] {processor.py:842} WARNING - No viable dags retrieved from /opt/airflow/dags/scrapCraiglist.py
[2024-01-30T22:00:03.140+0000] {processor.py:183} INFO - Processing /opt/airflow/dags/scrapCraiglist.py took 0.064 seconds
[2024-01-30T22:00:07.262+0000] {processor.py:161} INFO - Started process (PID=798) to work on /opt/airflow/dags/scrapCraiglist.py
[2024-01-30T22:00:07.263+0000] {processor.py:830} INFO - Processing file /opt/airflow/dags/scrapCraiglist.py for tasks to queue
[2024-01-30T22:00:07.265+0000] {logging_mixin.py:188} INFO - [2024-01-30T22:00:07.264+0000] {dagbag.py:538} INFO - Filling up the DagBag from /opt/airflow/dags/scrapCraiglist.py
[2024-01-30T22:00:07.824+0000] {logging_mixin.py:188} INFO - [2024-01-30T22:00:07.819+0000] {dagbag.py:348} ERROR - Failed to import: /opt/airflow/dags/scrapCraiglist.py
Traceback (most recent call last):
  File "/home/airflow/.local/lib/python3.8/site-packages/airflow/models/dagbag.py", line 344, in parse
    loader.exec_module(new_module)
  File "<frozen importlib._bootstrap_external>", line 843, in exec_module
  File "<frozen importlib._bootstrap>", line 219, in _call_with_frames_removed
  File "/opt/airflow/dags/scrapCraiglist.py", line 41, in <module>
    python_callable=get
NameError: name 'get' is not defined
[2024-01-30T22:00:07.825+0000] {processor.py:842} WARNING - No viable dags retrieved from /opt/airflow/dags/scrapCraiglist.py
[2024-01-30T22:00:07.864+0000] {processor.py:183} INFO - Processing /opt/airflow/dags/scrapCraiglist.py took 0.606 seconds
[2024-01-30T22:00:09.429+0000] {processor.py:161} INFO - Started process (PID=800) to work on /opt/airflow/dags/scrapCraiglist.py
[2024-01-30T22:00:09.430+0000] {processor.py:830} INFO - Processing file /opt/airflow/dags/scrapCraiglist.py for tasks to queue
[2024-01-30T22:00:09.431+0000] {logging_mixin.py:188} INFO - [2024-01-30T22:00:09.431+0000] {dagbag.py:538} INFO - Filling up the DagBag from /opt/airflow/dags/scrapCraiglist.py
[2024-01-30T22:00:09.959+0000] {processor.py:840} INFO - DAG(s) 'user_automation' retrieved from /opt/airflow/dags/scrapCraiglist.py
[2024-01-30T22:00:10.051+0000] {logging_mixin.py:188} INFO - [2024-01-30T22:00:10.050+0000] {override.py:1769} INFO - Created Permission View: can read on DAG:user_automation
[2024-01-30T22:00:10.066+0000] {logging_mixin.py:188} INFO - [2024-01-30T22:00:10.065+0000] {override.py:1769} INFO - Created Permission View: can edit on DAG:user_automation
[2024-01-30T22:00:10.078+0000] {logging_mixin.py:188} INFO - [2024-01-30T22:00:10.078+0000] {override.py:1769} INFO - Created Permission View: can delete on DAG:user_automation
[2024-01-30T22:00:10.079+0000] {logging_mixin.py:188} INFO - [2024-01-30T22:00:10.079+0000] {dag.py:3036} INFO - Sync 1 DAGs
[2024-01-30T22:00:10.092+0000] {logging_mixin.py:188} INFO - [2024-01-30T22:00:10.091+0000] {dag.py:3058} INFO - Creating ORM DAG for user_automation
[2024-01-30T22:00:10.104+0000] {logging_mixin.py:188} INFO - [2024-01-30T22:00:10.104+0000] {dag.py:3823} INFO - Setting next_dagrun for user_automation to 2024-01-29 00:00:00+00:00, run_after=2024-01-30 00:00:00+00:00
[2024-01-30T22:00:10.136+0000] {processor.py:183} INFO - Processing /opt/airflow/dags/scrapCraiglist.py took 0.710 seconds
[2024-01-30T22:00:40.743+0000] {processor.py:161} INFO - Started process (PID=859) to work on /opt/airflow/dags/scrapCraiglist.py
[2024-01-30T22:00:40.745+0000] {processor.py:830} INFO - Processing file /opt/airflow/dags/scrapCraiglist.py for tasks to queue
[2024-01-30T22:00:40.746+0000] {logging_mixin.py:188} INFO - [2024-01-30T22:00:40.746+0000] {dagbag.py:538} INFO - Filling up the DagBag from /opt/airflow/dags/scrapCraiglist.py
[2024-01-30T22:00:41.208+0000] {processor.py:840} INFO - DAG(s) 'user_automation' retrieved from /opt/airflow/dags/scrapCraiglist.py
[2024-01-30T22:00:41.263+0000] {logging_mixin.py:188} INFO - [2024-01-30T22:00:41.262+0000] {dag.py:3036} INFO - Sync 1 DAGs
[2024-01-30T22:00:41.289+0000] {logging_mixin.py:188} INFO - [2024-01-30T22:00:41.289+0000] {dag.py:3823} INFO - Setting next_dagrun for user_automation to 2024-01-29 00:00:00+00:00, run_after=2024-01-30 00:00:00+00:00
[2024-01-30T22:00:41.316+0000] {processor.py:183} INFO - Processing /opt/airflow/dags/scrapCraiglist.py took 0.575 seconds
[2024-01-30T22:01:12.233+0000] {processor.py:161} INFO - Started process (PID=916) to work on /opt/airflow/dags/scrapCraiglist.py
[2024-01-30T22:01:12.234+0000] {processor.py:830} INFO - Processing file /opt/airflow/dags/scrapCraiglist.py for tasks to queue
[2024-01-30T22:01:12.235+0000] {logging_mixin.py:188} INFO - [2024-01-30T22:01:12.235+0000] {dagbag.py:538} INFO - Filling up the DagBag from /opt/airflow/dags/scrapCraiglist.py
[2024-01-30T22:01:12.787+0000] {processor.py:840} INFO - DAG(s) 'user_automation' retrieved from /opt/airflow/dags/scrapCraiglist.py
[2024-01-30T22:01:12.805+0000] {logging_mixin.py:188} INFO - [2024-01-30T22:01:12.805+0000] {dag.py:3036} INFO - Sync 1 DAGs
[2024-01-30T22:01:12.832+0000] {logging_mixin.py:188} INFO - [2024-01-30T22:01:12.831+0000] {dag.py:3823} INFO - Setting next_dagrun for user_automation to 2024-01-29 00:00:00+00:00, run_after=2024-01-30 00:00:00+00:00
[2024-01-30T22:01:12.861+0000] {processor.py:183} INFO - Processing /opt/airflow/dags/scrapCraiglist.py took 0.634 seconds
[2024-01-30T22:01:42.924+0000] {processor.py:161} INFO - Started process (PID=977) to work on /opt/airflow/dags/scrapCraiglist.py
[2024-01-30T22:01:42.925+0000] {processor.py:830} INFO - Processing file /opt/airflow/dags/scrapCraiglist.py for tasks to queue
[2024-01-30T22:01:42.927+0000] {logging_mixin.py:188} INFO - [2024-01-30T22:01:42.926+0000] {dagbag.py:538} INFO - Filling up the DagBag from /opt/airflow/dags/scrapCraiglist.py
[2024-01-30T22:01:43.558+0000] {processor.py:840} INFO - DAG(s) 'user_automation' retrieved from /opt/airflow/dags/scrapCraiglist.py
[2024-01-30T22:01:43.579+0000] {logging_mixin.py:188} INFO - [2024-01-30T22:01:43.578+0000] {dag.py:3036} INFO - Sync 1 DAGs
[2024-01-30T22:01:43.607+0000] {logging_mixin.py:188} INFO - [2024-01-30T22:01:43.607+0000] {dag.py:3823} INFO - Setting next_dagrun for user_automation to 2024-01-29 00:00:00+00:00, run_after=2024-01-30 00:00:00+00:00
[2024-01-30T22:01:43.641+0000] {processor.py:183} INFO - Processing /opt/airflow/dags/scrapCraiglist.py took 0.720 seconds
[2024-01-30T22:02:14.325+0000] {processor.py:161} INFO - Started process (PID=1034) to work on /opt/airflow/dags/scrapCraiglist.py
[2024-01-30T22:02:14.327+0000] {processor.py:830} INFO - Processing file /opt/airflow/dags/scrapCraiglist.py for tasks to queue
[2024-01-30T22:02:14.330+0000] {logging_mixin.py:188} INFO - [2024-01-30T22:02:14.329+0000] {dagbag.py:538} INFO - Filling up the DagBag from /opt/airflow/dags/scrapCraiglist.py
[2024-01-30T22:02:14.871+0000] {processor.py:840} INFO - DAG(s) 'user_automation' retrieved from /opt/airflow/dags/scrapCraiglist.py
[2024-01-30T22:02:14.897+0000] {logging_mixin.py:188} INFO - [2024-01-30T22:02:14.896+0000] {dag.py:3036} INFO - Sync 1 DAGs
[2024-01-30T22:02:14.922+0000] {logging_mixin.py:188} INFO - [2024-01-30T22:02:14.921+0000] {dag.py:3823} INFO - Setting next_dagrun for user_automation to 2024-01-29 00:00:00+00:00, run_after=2024-01-30 00:00:00+00:00
[2024-01-30T22:02:14.953+0000] {processor.py:183} INFO - Processing /opt/airflow/dags/scrapCraiglist.py took 0.633 seconds
[2024-01-30T22:02:48.782+0000] {processor.py:161} INFO - Started process (PID=1097) to work on /opt/airflow/dags/scrapCraiglist.py
[2024-01-30T22:02:48.790+0000] {processor.py:830} INFO - Processing file /opt/airflow/dags/scrapCraiglist.py for tasks to queue
[2024-01-30T22:02:48.808+0000] {logging_mixin.py:188} INFO - [2024-01-30T22:02:48.805+0000] {dagbag.py:538} INFO - Filling up the DagBag from /opt/airflow/dags/scrapCraiglist.py
[2024-01-30T22:02:49.607+0000] {processor.py:840} INFO - DAG(s) 'user_automation' retrieved from /opt/airflow/dags/scrapCraiglist.py
[2024-01-30T22:02:49.639+0000] {logging_mixin.py:188} INFO - [2024-01-30T22:02:49.639+0000] {dag.py:3036} INFO - Sync 1 DAGs
[2024-01-30T22:02:49.668+0000] {logging_mixin.py:188} INFO - [2024-01-30T22:02:49.668+0000] {dag.py:3823} INFO - Setting next_dagrun for user_automation to 2024-01-29 00:00:00+00:00, run_after=2024-01-30 00:00:00+00:00
[2024-01-30T22:02:49.700+0000] {processor.py:183} INFO - Processing /opt/airflow/dags/scrapCraiglist.py took 0.954 seconds
[2024-01-30T22:03:20.052+0000] {processor.py:161} INFO - Started process (PID=1154) to work on /opt/airflow/dags/scrapCraiglist.py
[2024-01-30T22:03:20.054+0000] {processor.py:830} INFO - Processing file /opt/airflow/dags/scrapCraiglist.py for tasks to queue
[2024-01-30T22:03:20.056+0000] {logging_mixin.py:188} INFO - [2024-01-30T22:03:20.055+0000] {dagbag.py:538} INFO - Filling up the DagBag from /opt/airflow/dags/scrapCraiglist.py
[2024-01-30T22:03:20.844+0000] {processor.py:840} INFO - DAG(s) 'user_automation' retrieved from /opt/airflow/dags/scrapCraiglist.py
[2024-01-30T22:03:20.864+0000] {logging_mixin.py:188} INFO - [2024-01-30T22:03:20.863+0000] {dag.py:3036} INFO - Sync 1 DAGs
[2024-01-30T22:03:20.894+0000] {logging_mixin.py:188} INFO - [2024-01-30T22:03:20.894+0000] {dag.py:3823} INFO - Setting next_dagrun for user_automation to 2024-01-29 00:00:00+00:00, run_after=2024-01-30 00:00:00+00:00
[2024-01-30T22:03:20.928+0000] {processor.py:183} INFO - Processing /opt/airflow/dags/scrapCraiglist.py took 0.880 seconds
[2024-01-30T22:03:23.812+0000] {processor.py:161} INFO - Started process (PID=1190) to work on /opt/airflow/dags/scrapCraiglist.py
[2024-01-30T22:03:23.813+0000] {processor.py:830} INFO - Processing file /opt/airflow/dags/scrapCraiglist.py for tasks to queue
[2024-01-30T22:03:23.814+0000] {logging_mixin.py:188} INFO - [2024-01-30T22:03:23.814+0000] {dagbag.py:538} INFO - Filling up the DagBag from /opt/airflow/dags/scrapCraiglist.py
[2024-01-30T22:03:24.365+0000] {processor.py:840} INFO - DAG(s) 'user_automation' retrieved from /opt/airflow/dags/scrapCraiglist.py
[2024-01-30T22:03:24.386+0000] {logging_mixin.py:188} INFO - [2024-01-30T22:03:24.385+0000] {dag.py:3036} INFO - Sync 1 DAGs
[2024-01-30T22:03:24.413+0000] {logging_mixin.py:188} INFO - [2024-01-30T22:03:24.413+0000] {dag.py:3823} INFO - Setting next_dagrun for user_automation to 2024-01-29 00:00:00+00:00, run_after=2024-01-30 00:00:00+00:00
[2024-01-30T22:03:24.477+0000] {processor.py:183} INFO - Processing /opt/airflow/dags/scrapCraiglist.py took 0.668 seconds
[2024-01-30T22:03:34.247+0000] {processor.py:161} INFO - Started process (PID=1200) to work on /opt/airflow/dags/scrapCraiglist.py
[2024-01-30T22:03:34.248+0000] {processor.py:830} INFO - Processing file /opt/airflow/dags/scrapCraiglist.py for tasks to queue
[2024-01-30T22:03:34.249+0000] {logging_mixin.py:188} INFO - [2024-01-30T22:03:34.249+0000] {dagbag.py:538} INFO - Filling up the DagBag from /opt/airflow/dags/scrapCraiglist.py
[2024-01-30T22:03:34.822+0000] {processor.py:840} INFO - DAG(s) 'user_automation' retrieved from /opt/airflow/dags/scrapCraiglist.py
[2024-01-30T22:03:34.925+0000] {logging_mixin.py:188} INFO - [2024-01-30T22:03:34.925+0000] {dag.py:3036} INFO - Sync 1 DAGs
[2024-01-30T22:03:34.947+0000] {logging_mixin.py:188} INFO - [2024-01-30T22:03:34.946+0000] {dag.py:3823} INFO - Setting next_dagrun for user_automation to 2024-01-29 00:00:00+00:00, run_after=2024-01-30 00:00:00+00:00
[2024-01-30T22:03:35.024+0000] {processor.py:183} INFO - Processing /opt/airflow/dags/scrapCraiglist.py took 0.780 seconds
[2024-01-30T22:03:40.280+0000] {processor.py:161} INFO - Started process (PID=1205) to work on /opt/airflow/dags/scrapCraiglist.py
[2024-01-30T22:03:40.282+0000] {processor.py:830} INFO - Processing file /opt/airflow/dags/scrapCraiglist.py for tasks to queue
[2024-01-30T22:03:40.283+0000] {logging_mixin.py:188} INFO - [2024-01-30T22:03:40.283+0000] {dagbag.py:538} INFO - Filling up the DagBag from /opt/airflow/dags/scrapCraiglist.py
[2024-01-30T22:03:40.891+0000] {processor.py:840} INFO - DAG(s) 'user_automation' retrieved from /opt/airflow/dags/scrapCraiglist.py
[2024-01-30T22:03:40.906+0000] {logging_mixin.py:188} INFO - [2024-01-30T22:03:40.905+0000] {dag.py:3036} INFO - Sync 1 DAGs
[2024-01-30T22:03:40.933+0000] {logging_mixin.py:188} INFO - [2024-01-30T22:03:40.933+0000] {dag.py:3823} INFO - Setting next_dagrun for user_automation to 2024-01-29 00:00:00+00:00, run_after=2024-01-30 00:00:00+00:00
[2024-01-30T22:03:41.047+0000] {processor.py:183} INFO - Processing /opt/airflow/dags/scrapCraiglist.py took 0.769 seconds
[2024-01-30T22:04:11.326+0000] {processor.py:161} INFO - Started process (PID=1262) to work on /opt/airflow/dags/scrapCraiglist.py
[2024-01-30T22:04:11.327+0000] {processor.py:830} INFO - Processing file /opt/airflow/dags/scrapCraiglist.py for tasks to queue
[2024-01-30T22:04:11.329+0000] {logging_mixin.py:188} INFO - [2024-01-30T22:04:11.328+0000] {dagbag.py:538} INFO - Filling up the DagBag from /opt/airflow/dags/scrapCraiglist.py
[2024-01-30T22:04:11.856+0000] {processor.py:840} INFO - DAG(s) 'user_automation' retrieved from /opt/airflow/dags/scrapCraiglist.py
[2024-01-30T22:04:12.010+0000] {logging_mixin.py:188} INFO - [2024-01-30T22:04:12.010+0000] {dag.py:3036} INFO - Sync 1 DAGs
[2024-01-30T22:04:12.040+0000] {logging_mixin.py:188} INFO - [2024-01-30T22:04:12.039+0000] {dag.py:3823} INFO - Setting next_dagrun for user_automation to 2024-01-29 00:00:00+00:00, run_after=2024-01-30 00:00:00+00:00
[2024-01-30T22:04:12.077+0000] {processor.py:183} INFO - Processing /opt/airflow/dags/scrapCraiglist.py took 0.753 seconds
[2024-01-30T22:04:43.067+0000] {processor.py:161} INFO - Started process (PID=1319) to work on /opt/airflow/dags/scrapCraiglist.py
[2024-01-30T22:04:43.068+0000] {processor.py:830} INFO - Processing file /opt/airflow/dags/scrapCraiglist.py for tasks to queue
[2024-01-30T22:04:43.070+0000] {logging_mixin.py:188} INFO - [2024-01-30T22:04:43.069+0000] {dagbag.py:538} INFO - Filling up the DagBag from /opt/airflow/dags/scrapCraiglist.py
[2024-01-30T22:04:43.595+0000] {processor.py:840} INFO - DAG(s) 'user_automation' retrieved from /opt/airflow/dags/scrapCraiglist.py
[2024-01-30T22:04:43.612+0000] {logging_mixin.py:188} INFO - [2024-01-30T22:04:43.611+0000] {dag.py:3036} INFO - Sync 1 DAGs
[2024-01-30T22:04:43.635+0000] {logging_mixin.py:188} INFO - [2024-01-30T22:04:43.635+0000] {dag.py:3823} INFO - Setting next_dagrun for user_automation to 2024-01-29 00:00:00+00:00, run_after=2024-01-30 00:00:00+00:00
[2024-01-30T22:04:43.712+0000] {processor.py:183} INFO - Processing /opt/airflow/dags/scrapCraiglist.py took 0.647 seconds
[2024-01-30T22:05:14.641+0000] {processor.py:161} INFO - Started process (PID=1376) to work on /opt/airflow/dags/scrapCraiglist.py
[2024-01-30T22:05:14.642+0000] {processor.py:830} INFO - Processing file /opt/airflow/dags/scrapCraiglist.py for tasks to queue
[2024-01-30T22:05:14.644+0000] {logging_mixin.py:188} INFO - [2024-01-30T22:05:14.643+0000] {dagbag.py:538} INFO - Filling up the DagBag from /opt/airflow/dags/scrapCraiglist.py
[2024-01-30T22:05:15.097+0000] {processor.py:840} INFO - DAG(s) 'user_automation' retrieved from /opt/airflow/dags/scrapCraiglist.py
[2024-01-30T22:05:15.113+0000] {logging_mixin.py:188} INFO - [2024-01-30T22:05:15.112+0000] {dag.py:3036} INFO - Sync 1 DAGs
[2024-01-30T22:05:15.137+0000] {logging_mixin.py:188} INFO - [2024-01-30T22:05:15.136+0000] {dag.py:3823} INFO - Setting next_dagrun for user_automation to 2024-01-29 00:00:00+00:00, run_after=2024-01-30 00:00:00+00:00
[2024-01-30T22:05:15.204+0000] {processor.py:183} INFO - Processing /opt/airflow/dags/scrapCraiglist.py took 0.565 seconds
[2024-01-30T22:05:45.696+0000] {processor.py:161} INFO - Started process (PID=1433) to work on /opt/airflow/dags/scrapCraiglist.py
[2024-01-30T22:05:45.706+0000] {processor.py:830} INFO - Processing file /opt/airflow/dags/scrapCraiglist.py for tasks to queue
[2024-01-30T22:05:45.716+0000] {logging_mixin.py:188} INFO - [2024-01-30T22:05:45.713+0000] {dagbag.py:538} INFO - Filling up the DagBag from /opt/airflow/dags/scrapCraiglist.py
[2024-01-30T22:05:49.912+0000] {processor.py:840} INFO - DAG(s) 'user_automation' retrieved from /opt/airflow/dags/scrapCraiglist.py
[2024-01-30T22:05:49.931+0000] {logging_mixin.py:188} INFO - [2024-01-30T22:05:49.930+0000] {dag.py:3036} INFO - Sync 1 DAGs
[2024-01-30T22:05:49.956+0000] {logging_mixin.py:188} INFO - [2024-01-30T22:05:49.956+0000] {dag.py:3823} INFO - Setting next_dagrun for user_automation to 2024-01-29 00:00:00+00:00, run_after=2024-01-30 00:00:00+00:00
[2024-01-30T22:05:49.981+0000] {processor.py:183} INFO - Processing /opt/airflow/dags/scrapCraiglist.py took 4.311 seconds
[2024-01-30T22:06:20.069+0000] {processor.py:161} INFO - Started process (PID=1496) to work on /opt/airflow/dags/scrapCraiglist.py
[2024-01-30T22:06:20.071+0000] {processor.py:830} INFO - Processing file /opt/airflow/dags/scrapCraiglist.py for tasks to queue
[2024-01-30T22:06:20.072+0000] {logging_mixin.py:188} INFO - [2024-01-30T22:06:20.072+0000] {dagbag.py:538} INFO - Filling up the DagBag from /opt/airflow/dags/scrapCraiglist.py
[2024-01-30T22:06:20.566+0000] {processor.py:840} INFO - DAG(s) 'user_automation' retrieved from /opt/airflow/dags/scrapCraiglist.py
[2024-01-30T22:06:20.585+0000] {logging_mixin.py:188} INFO - [2024-01-30T22:06:20.585+0000] {dag.py:3036} INFO - Sync 1 DAGs
[2024-01-30T22:06:20.610+0000] {logging_mixin.py:188} INFO - [2024-01-30T22:06:20.609+0000] {dag.py:3823} INFO - Setting next_dagrun for user_automation to 2024-01-29 00:00:00+00:00, run_after=2024-01-30 00:00:00+00:00
[2024-01-30T22:06:20.688+0000] {processor.py:183} INFO - Processing /opt/airflow/dags/scrapCraiglist.py took 0.621 seconds
[2024-01-30T22:06:51.414+0000] {processor.py:161} INFO - Started process (PID=1555) to work on /opt/airflow/dags/scrapCraiglist.py
[2024-01-30T22:06:51.416+0000] {processor.py:830} INFO - Processing file /opt/airflow/dags/scrapCraiglist.py for tasks to queue
[2024-01-30T22:06:51.417+0000] {logging_mixin.py:188} INFO - [2024-01-30T22:06:51.417+0000] {dagbag.py:538} INFO - Filling up the DagBag from /opt/airflow/dags/scrapCraiglist.py
[2024-01-30T22:06:51.927+0000] {processor.py:840} INFO - DAG(s) 'user_automation' retrieved from /opt/airflow/dags/scrapCraiglist.py
[2024-01-30T22:06:51.946+0000] {logging_mixin.py:188} INFO - [2024-01-30T22:06:51.946+0000] {dag.py:3036} INFO - Sync 1 DAGs
[2024-01-30T22:06:51.972+0000] {logging_mixin.py:188} INFO - [2024-01-30T22:06:51.971+0000] {dag.py:3823} INFO - Setting next_dagrun for user_automation to 2024-01-29 00:00:00+00:00, run_after=2024-01-30 00:00:00+00:00
[2024-01-30T22:06:52.038+0000] {processor.py:183} INFO - Processing /opt/airflow/dags/scrapCraiglist.py took 0.626 seconds
[2024-01-30T22:07:22.946+0000] {processor.py:161} INFO - Started process (PID=1612) to work on /opt/airflow/dags/scrapCraiglist.py
[2024-01-30T22:07:22.947+0000] {processor.py:830} INFO - Processing file /opt/airflow/dags/scrapCraiglist.py for tasks to queue
[2024-01-30T22:07:22.949+0000] {logging_mixin.py:188} INFO - [2024-01-30T22:07:22.948+0000] {dagbag.py:538} INFO - Filling up the DagBag from /opt/airflow/dags/scrapCraiglist.py
[2024-01-30T22:07:23.504+0000] {processor.py:840} INFO - DAG(s) 'user_automation' retrieved from /opt/airflow/dags/scrapCraiglist.py
[2024-01-30T22:07:23.525+0000] {logging_mixin.py:188} INFO - [2024-01-30T22:07:23.524+0000] {dag.py:3036} INFO - Sync 1 DAGs
[2024-01-30T22:07:23.550+0000] {logging_mixin.py:188} INFO - [2024-01-30T22:07:23.550+0000] {dag.py:3823} INFO - Setting next_dagrun for user_automation to 2024-01-29 00:00:00+00:00, run_after=2024-01-30 00:00:00+00:00
[2024-01-30T22:07:23.615+0000] {processor.py:183} INFO - Processing /opt/airflow/dags/scrapCraiglist.py took 0.672 seconds
[2024-01-30T22:07:54.255+0000] {processor.py:161} INFO - Started process (PID=1670) to work on /opt/airflow/dags/scrapCraiglist.py
[2024-01-30T22:07:54.257+0000] {processor.py:830} INFO - Processing file /opt/airflow/dags/scrapCraiglist.py for tasks to queue
[2024-01-30T22:07:54.259+0000] {logging_mixin.py:188} INFO - [2024-01-30T22:07:54.258+0000] {dagbag.py:538} INFO - Filling up the DagBag from /opt/airflow/dags/scrapCraiglist.py
[2024-01-30T22:07:54.932+0000] {processor.py:840} INFO - DAG(s) 'user_automation' retrieved from /opt/airflow/dags/scrapCraiglist.py
[2024-01-30T22:07:54.951+0000] {logging_mixin.py:188} INFO - [2024-01-30T22:07:54.950+0000] {dag.py:3036} INFO - Sync 1 DAGs
[2024-01-30T22:07:54.976+0000] {logging_mixin.py:188} INFO - [2024-01-30T22:07:54.976+0000] {dag.py:3823} INFO - Setting next_dagrun for user_automation to 2024-01-29 00:00:00+00:00, run_after=2024-01-30 00:00:00+00:00
[2024-01-30T22:07:55.006+0000] {processor.py:183} INFO - Processing /opt/airflow/dags/scrapCraiglist.py took 0.754 seconds
[2024-01-30T22:08:25.073+0000] {processor.py:161} INFO - Started process (PID=1730) to work on /opt/airflow/dags/scrapCraiglist.py
[2024-01-30T22:08:25.075+0000] {processor.py:830} INFO - Processing file /opt/airflow/dags/scrapCraiglist.py for tasks to queue
[2024-01-30T22:08:25.077+0000] {logging_mixin.py:188} INFO - [2024-01-30T22:08:25.076+0000] {dagbag.py:538} INFO - Filling up the DagBag from /opt/airflow/dags/scrapCraiglist.py
[2024-01-30T22:08:25.608+0000] {processor.py:840} INFO - DAG(s) 'user_automation' retrieved from /opt/airflow/dags/scrapCraiglist.py
[2024-01-30T22:08:25.626+0000] {logging_mixin.py:188} INFO - [2024-01-30T22:08:25.625+0000] {dag.py:3036} INFO - Sync 1 DAGs
[2024-01-30T22:08:25.651+0000] {logging_mixin.py:188} INFO - [2024-01-30T22:08:25.651+0000] {dag.py:3823} INFO - Setting next_dagrun for user_automation to 2024-01-29 00:00:00+00:00, run_after=2024-01-30 00:00:00+00:00
[2024-01-30T22:08:25.707+0000] {processor.py:183} INFO - Processing /opt/airflow/dags/scrapCraiglist.py took 0.636 seconds
[2024-01-30T22:08:56.522+0000] {processor.py:161} INFO - Started process (PID=1787) to work on /opt/airflow/dags/scrapCraiglist.py
[2024-01-30T22:08:56.523+0000] {processor.py:830} INFO - Processing file /opt/airflow/dags/scrapCraiglist.py for tasks to queue
[2024-01-30T22:08:56.525+0000] {logging_mixin.py:188} INFO - [2024-01-30T22:08:56.525+0000] {dagbag.py:538} INFO - Filling up the DagBag from /opt/airflow/dags/scrapCraiglist.py
[2024-01-30T22:08:57.152+0000] {processor.py:840} INFO - DAG(s) 'user_automation' retrieved from /opt/airflow/dags/scrapCraiglist.py
[2024-01-30T22:08:57.176+0000] {logging_mixin.py:188} INFO - [2024-01-30T22:08:57.176+0000] {dag.py:3036} INFO - Sync 1 DAGs
[2024-01-30T22:08:57.206+0000] {logging_mixin.py:188} INFO - [2024-01-30T22:08:57.205+0000] {dag.py:3823} INFO - Setting next_dagrun for user_automation to 2024-01-29 00:00:00+00:00, run_after=2024-01-30 00:00:00+00:00
[2024-01-30T22:08:57.238+0000] {processor.py:183} INFO - Processing /opt/airflow/dags/scrapCraiglist.py took 0.720 seconds
[2024-01-30T22:09:27.922+0000] {processor.py:161} INFO - Started process (PID=1845) to work on /opt/airflow/dags/scrapCraiglist.py
[2024-01-30T22:09:27.923+0000] {processor.py:830} INFO - Processing file /opt/airflow/dags/scrapCraiglist.py for tasks to queue
[2024-01-30T22:09:27.924+0000] {logging_mixin.py:188} INFO - [2024-01-30T22:09:27.924+0000] {dagbag.py:538} INFO - Filling up the DagBag from /opt/airflow/dags/scrapCraiglist.py
[2024-01-30T22:09:28.437+0000] {processor.py:840} INFO - DAG(s) 'user_automation' retrieved from /opt/airflow/dags/scrapCraiglist.py
[2024-01-30T22:09:28.536+0000] {logging_mixin.py:188} INFO - [2024-01-30T22:09:28.536+0000] {dag.py:3036} INFO - Sync 1 DAGs
[2024-01-30T22:09:28.558+0000] {logging_mixin.py:188} INFO - [2024-01-30T22:09:28.558+0000] {dag.py:3823} INFO - Setting next_dagrun for user_automation to 2024-01-29 00:00:00+00:00, run_after=2024-01-30 00:00:00+00:00
[2024-01-30T22:09:28.585+0000] {processor.py:183} INFO - Processing /opt/airflow/dags/scrapCraiglist.py took 0.665 seconds
[2024-01-30T22:09:58.640+0000] {processor.py:161} INFO - Started process (PID=1902) to work on /opt/airflow/dags/scrapCraiglist.py
[2024-01-30T22:09:58.642+0000] {processor.py:830} INFO - Processing file /opt/airflow/dags/scrapCraiglist.py for tasks to queue
[2024-01-30T22:09:58.643+0000] {logging_mixin.py:188} INFO - [2024-01-30T22:09:58.643+0000] {dagbag.py:538} INFO - Filling up the DagBag from /opt/airflow/dags/scrapCraiglist.py
[2024-01-30T22:09:59.372+0000] {processor.py:840} INFO - DAG(s) 'user_automation' retrieved from /opt/airflow/dags/scrapCraiglist.py
[2024-01-30T22:09:59.397+0000] {logging_mixin.py:188} INFO - [2024-01-30T22:09:59.396+0000] {dag.py:3036} INFO - Sync 1 DAGs
[2024-01-30T22:09:59.424+0000] {logging_mixin.py:188} INFO - [2024-01-30T22:09:59.423+0000] {dag.py:3823} INFO - Setting next_dagrun for user_automation to 2024-01-29 00:00:00+00:00, run_after=2024-01-30 00:00:00+00:00
[2024-01-30T22:09:59.456+0000] {processor.py:183} INFO - Processing /opt/airflow/dags/scrapCraiglist.py took 0.819 seconds
[2024-01-30T22:10:34.921+0000] {processor.py:161} INFO - Started process (PID=1958) to work on /opt/airflow/dags/scrapCraiglist.py
[2024-01-30T22:10:34.922+0000] {processor.py:830} INFO - Processing file /opt/airflow/dags/scrapCraiglist.py for tasks to queue
[2024-01-30T22:10:34.924+0000] {logging_mixin.py:188} INFO - [2024-01-30T22:10:34.923+0000] {dagbag.py:538} INFO - Filling up the DagBag from /opt/airflow/dags/scrapCraiglist.py
[2024-01-30T22:10:37.495+0000] {processor.py:840} INFO - DAG(s) 'user_automation' retrieved from /opt/airflow/dags/scrapCraiglist.py
[2024-01-30T22:10:37.526+0000] {logging_mixin.py:188} INFO - [2024-01-30T22:10:37.525+0000] {dag.py:3036} INFO - Sync 1 DAGs
[2024-01-30T22:10:37.566+0000] {logging_mixin.py:188} INFO - [2024-01-30T22:10:37.565+0000] {dag.py:3823} INFO - Setting next_dagrun for user_automation to 2024-01-29 00:00:00+00:00, run_after=2024-01-30 00:00:00+00:00
[2024-01-30T22:10:37.610+0000] {processor.py:183} INFO - Processing /opt/airflow/dags/scrapCraiglist.py took 2.692 seconds
[2024-01-30T22:11:07.665+0000] {processor.py:161} INFO - Started process (PID=2018) to work on /opt/airflow/dags/scrapCraiglist.py
[2024-01-30T22:11:07.666+0000] {processor.py:830} INFO - Processing file /opt/airflow/dags/scrapCraiglist.py for tasks to queue
[2024-01-30T22:11:07.668+0000] {logging_mixin.py:188} INFO - [2024-01-30T22:11:07.667+0000] {dagbag.py:538} INFO - Filling up the DagBag from /opt/airflow/dags/scrapCraiglist.py
[2024-01-30T22:11:08.187+0000] {processor.py:840} INFO - DAG(s) 'user_automation' retrieved from /opt/airflow/dags/scrapCraiglist.py
[2024-01-30T22:11:08.206+0000] {logging_mixin.py:188} INFO - [2024-01-30T22:11:08.205+0000] {dag.py:3036} INFO - Sync 1 DAGs
[2024-01-30T22:11:08.230+0000] {logging_mixin.py:188} INFO - [2024-01-30T22:11:08.230+0000] {dag.py:3823} INFO - Setting next_dagrun for user_automation to 2024-01-29 00:00:00+00:00, run_after=2024-01-30 00:00:00+00:00
[2024-01-30T22:11:08.256+0000] {processor.py:183} INFO - Processing /opt/airflow/dags/scrapCraiglist.py took 0.594 seconds
[2024-01-30T22:11:39.069+0000] {processor.py:161} INFO - Started process (PID=2075) to work on /opt/airflow/dags/scrapCraiglist.py
[2024-01-30T22:11:39.070+0000] {processor.py:830} INFO - Processing file /opt/airflow/dags/scrapCraiglist.py for tasks to queue
[2024-01-30T22:11:39.073+0000] {logging_mixin.py:188} INFO - [2024-01-30T22:11:39.072+0000] {dagbag.py:538} INFO - Filling up the DagBag from /opt/airflow/dags/scrapCraiglist.py
[2024-01-30T22:11:39.902+0000] {processor.py:840} INFO - DAG(s) 'user_automation' retrieved from /opt/airflow/dags/scrapCraiglist.py
[2024-01-30T22:11:39.924+0000] {logging_mixin.py:188} INFO - [2024-01-30T22:11:39.923+0000] {dag.py:3036} INFO - Sync 1 DAGs
[2024-01-30T22:11:39.955+0000] {logging_mixin.py:188} INFO - [2024-01-30T22:11:39.954+0000] {dag.py:3823} INFO - Setting next_dagrun for user_automation to 2024-01-29 00:00:00+00:00, run_after=2024-01-30 00:00:00+00:00
[2024-01-30T22:11:39.990+0000] {processor.py:183} INFO - Processing /opt/airflow/dags/scrapCraiglist.py took 0.924 seconds
[2024-01-30T22:12:10.496+0000] {processor.py:161} INFO - Started process (PID=2134) to work on /opt/airflow/dags/scrapCraiglist.py
[2024-01-30T22:12:10.497+0000] {processor.py:830} INFO - Processing file /opt/airflow/dags/scrapCraiglist.py for tasks to queue
[2024-01-30T22:12:10.498+0000] {logging_mixin.py:188} INFO - [2024-01-30T22:12:10.498+0000] {dagbag.py:538} INFO - Filling up the DagBag from /opt/airflow/dags/scrapCraiglist.py
[2024-01-30T22:12:11.383+0000] {processor.py:840} INFO - DAG(s) 'user_automation' retrieved from /opt/airflow/dags/scrapCraiglist.py
[2024-01-30T22:12:11.411+0000] {logging_mixin.py:188} INFO - [2024-01-30T22:12:11.410+0000] {dag.py:3036} INFO - Sync 1 DAGs
[2024-01-30T22:12:11.442+0000] {logging_mixin.py:188} INFO - [2024-01-30T22:12:11.442+0000] {dag.py:3823} INFO - Setting next_dagrun for user_automation to 2024-01-29 00:00:00+00:00, run_after=2024-01-30 00:00:00+00:00
[2024-01-30T22:12:11.479+0000] {processor.py:183} INFO - Processing /opt/airflow/dags/scrapCraiglist.py took 0.987 seconds
[2024-01-30T22:12:41.979+0000] {processor.py:161} INFO - Started process (PID=2193) to work on /opt/airflow/dags/scrapCraiglist.py
[2024-01-30T22:12:41.980+0000] {processor.py:830} INFO - Processing file /opt/airflow/dags/scrapCraiglist.py for tasks to queue
[2024-01-30T22:12:41.981+0000] {logging_mixin.py:188} INFO - [2024-01-30T22:12:41.981+0000] {dagbag.py:538} INFO - Filling up the DagBag from /opt/airflow/dags/scrapCraiglist.py
[2024-01-30T22:12:42.534+0000] {processor.py:840} INFO - DAG(s) 'user_automation' retrieved from /opt/airflow/dags/scrapCraiglist.py
[2024-01-30T22:12:42.555+0000] {logging_mixin.py:188} INFO - [2024-01-30T22:12:42.554+0000] {dag.py:3036} INFO - Sync 1 DAGs
[2024-01-30T22:12:42.582+0000] {logging_mixin.py:188} INFO - [2024-01-30T22:12:42.581+0000] {dag.py:3823} INFO - Setting next_dagrun for user_automation to 2024-01-29 00:00:00+00:00, run_after=2024-01-30 00:00:00+00:00
[2024-01-30T22:12:42.615+0000] {processor.py:183} INFO - Processing /opt/airflow/dags/scrapCraiglist.py took 0.638 seconds
[2024-01-30T22:13:12.789+0000] {processor.py:161} INFO - Started process (PID=2254) to work on /opt/airflow/dags/scrapCraiglist.py
[2024-01-30T22:13:12.791+0000] {processor.py:830} INFO - Processing file /opt/airflow/dags/scrapCraiglist.py for tasks to queue
[2024-01-30T22:13:12.792+0000] {logging_mixin.py:188} INFO - [2024-01-30T22:13:12.792+0000] {dagbag.py:538} INFO - Filling up the DagBag from /opt/airflow/dags/scrapCraiglist.py
[2024-01-30T22:13:13.358+0000] {processor.py:840} INFO - DAG(s) 'user_automation' retrieved from /opt/airflow/dags/scrapCraiglist.py
[2024-01-30T22:13:13.385+0000] {logging_mixin.py:188} INFO - [2024-01-30T22:13:13.384+0000] {dag.py:3036} INFO - Sync 1 DAGs
[2024-01-30T22:13:13.418+0000] {logging_mixin.py:188} INFO - [2024-01-30T22:13:13.417+0000] {dag.py:3823} INFO - Setting next_dagrun for user_automation to 2024-01-29 00:00:00+00:00, run_after=2024-01-30 00:00:00+00:00
[2024-01-30T22:13:13.457+0000] {processor.py:183} INFO - Processing /opt/airflow/dags/scrapCraiglist.py took 0.671 seconds
[2024-01-30T22:13:43.938+0000] {processor.py:161} INFO - Started process (PID=2311) to work on /opt/airflow/dags/scrapCraiglist.py
[2024-01-30T22:13:43.940+0000] {processor.py:830} INFO - Processing file /opt/airflow/dags/scrapCraiglist.py for tasks to queue
[2024-01-30T22:13:43.941+0000] {logging_mixin.py:188} INFO - [2024-01-30T22:13:43.941+0000] {dagbag.py:538} INFO - Filling up the DagBag from /opt/airflow/dags/scrapCraiglist.py
[2024-01-30T22:13:44.516+0000] {processor.py:840} INFO - DAG(s) 'user_automation' retrieved from /opt/airflow/dags/scrapCraiglist.py
[2024-01-30T22:13:44.547+0000] {logging_mixin.py:188} INFO - [2024-01-30T22:13:44.546+0000] {dag.py:3036} INFO - Sync 1 DAGs
[2024-01-30T22:13:44.582+0000] {logging_mixin.py:188} INFO - [2024-01-30T22:13:44.581+0000] {dag.py:3823} INFO - Setting next_dagrun for user_automation to 2024-01-29 00:00:00+00:00, run_after=2024-01-30 00:00:00+00:00
[2024-01-30T22:13:44.649+0000] {processor.py:183} INFO - Processing /opt/airflow/dags/scrapCraiglist.py took 0.715 seconds
[2024-01-30T22:14:19.199+0000] {processor.py:161} INFO - Started process (PID=2367) to work on /opt/airflow/dags/scrapCraiglist.py
[2024-01-30T22:14:19.200+0000] {processor.py:830} INFO - Processing file /opt/airflow/dags/scrapCraiglist.py for tasks to queue
[2024-01-30T22:14:19.201+0000] {logging_mixin.py:188} INFO - [2024-01-30T22:14:19.201+0000] {dagbag.py:538} INFO - Filling up the DagBag from /opt/airflow/dags/scrapCraiglist.py
[2024-01-30T22:14:19.758+0000] {processor.py:840} INFO - DAG(s) 'user_automation' retrieved from /opt/airflow/dags/scrapCraiglist.py
[2024-01-30T22:14:19.779+0000] {logging_mixin.py:188} INFO - [2024-01-30T22:14:19.778+0000] {dag.py:3036} INFO - Sync 1 DAGs
[2024-01-30T22:14:19.802+0000] {logging_mixin.py:188} INFO - [2024-01-30T22:14:19.802+0000] {dag.py:3823} INFO - Setting next_dagrun for user_automation to 2024-01-29 00:00:00+00:00, run_after=2024-01-30 00:00:00+00:00
[2024-01-30T22:14:19.867+0000] {processor.py:183} INFO - Processing /opt/airflow/dags/scrapCraiglist.py took 0.671 seconds
[2024-01-30T22:14:50.460+0000] {processor.py:161} INFO - Started process (PID=2424) to work on /opt/airflow/dags/scrapCraiglist.py
[2024-01-30T22:14:50.461+0000] {processor.py:830} INFO - Processing file /opt/airflow/dags/scrapCraiglist.py for tasks to queue
[2024-01-30T22:14:50.463+0000] {logging_mixin.py:188} INFO - [2024-01-30T22:14:50.462+0000] {dagbag.py:538} INFO - Filling up the DagBag from /opt/airflow/dags/scrapCraiglist.py
[2024-01-30T22:14:51.020+0000] {processor.py:840} INFO - DAG(s) 'user_automation' retrieved from /opt/airflow/dags/scrapCraiglist.py
[2024-01-30T22:14:51.041+0000] {logging_mixin.py:188} INFO - [2024-01-30T22:14:51.040+0000] {dag.py:3036} INFO - Sync 1 DAGs
[2024-01-30T22:14:51.064+0000] {logging_mixin.py:188} INFO - [2024-01-30T22:14:51.064+0000] {dag.py:3823} INFO - Setting next_dagrun for user_automation to 2024-01-29 00:00:00+00:00, run_after=2024-01-30 00:00:00+00:00
[2024-01-30T22:14:51.095+0000] {processor.py:183} INFO - Processing /opt/airflow/dags/scrapCraiglist.py took 0.639 seconds
[2024-01-30T22:15:21.420+0000] {processor.py:161} INFO - Started process (PID=2484) to work on /opt/airflow/dags/scrapCraiglist.py
[2024-01-30T22:15:21.422+0000] {processor.py:830} INFO - Processing file /opt/airflow/dags/scrapCraiglist.py for tasks to queue
[2024-01-30T22:15:21.423+0000] {logging_mixin.py:188} INFO - [2024-01-30T22:15:21.423+0000] {dagbag.py:538} INFO - Filling up the DagBag from /opt/airflow/dags/scrapCraiglist.py
[2024-01-30T22:15:22.047+0000] {processor.py:840} INFO - DAG(s) 'user_automation' retrieved from /opt/airflow/dags/scrapCraiglist.py
[2024-01-30T22:15:22.068+0000] {logging_mixin.py:188} INFO - [2024-01-30T22:15:22.067+0000] {dag.py:3036} INFO - Sync 1 DAGs
[2024-01-30T22:15:22.092+0000] {logging_mixin.py:188} INFO - [2024-01-30T22:15:22.092+0000] {dag.py:3823} INFO - Setting next_dagrun for user_automation to 2024-01-29 00:00:00+00:00, run_after=2024-01-30 00:00:00+00:00
[2024-01-30T22:15:22.122+0000] {processor.py:183} INFO - Processing /opt/airflow/dags/scrapCraiglist.py took 0.704 seconds
[2024-01-30T22:15:41.696+0000] {processor.py:161} INFO - Started process (PID=2522) to work on /opt/airflow/dags/scrapCraiglist.py
[2024-01-30T22:15:41.697+0000] {processor.py:830} INFO - Processing file /opt/airflow/dags/scrapCraiglist.py for tasks to queue
[2024-01-30T22:15:41.699+0000] {logging_mixin.py:188} INFO - [2024-01-30T22:15:41.698+0000] {dagbag.py:538} INFO - Filling up the DagBag from /opt/airflow/dags/scrapCraiglist.py
[2024-01-30T22:15:42.234+0000] {processor.py:840} INFO - DAG(s) 'user_automation' retrieved from /opt/airflow/dags/scrapCraiglist.py
[2024-01-30T22:15:42.360+0000] {logging_mixin.py:188} INFO - [2024-01-30T22:15:42.359+0000] {dag.py:3036} INFO - Sync 1 DAGs
[2024-01-30T22:15:42.399+0000] {logging_mixin.py:188} INFO - [2024-01-30T22:15:42.398+0000] {dag.py:3823} INFO - Setting next_dagrun for user_automation to 2024-01-29 00:00:00+00:00, run_after=2024-01-30 00:00:00+00:00
[2024-01-30T22:15:42.447+0000] {processor.py:183} INFO - Processing /opt/airflow/dags/scrapCraiglist.py took 0.754 seconds
[2024-01-30T22:15:42.943+0000] {processor.py:161} INFO - Started process (PID=2525) to work on /opt/airflow/dags/scrapCraiglist.py
[2024-01-30T22:15:42.944+0000] {processor.py:830} INFO - Processing file /opt/airflow/dags/scrapCraiglist.py for tasks to queue
[2024-01-30T22:15:42.945+0000] {logging_mixin.py:188} INFO - [2024-01-30T22:15:42.945+0000] {dagbag.py:538} INFO - Filling up the DagBag from /opt/airflow/dags/scrapCraiglist.py
[2024-01-30T22:15:43.603+0000] {processor.py:840} INFO - DAG(s) 'user_automation' retrieved from /opt/airflow/dags/scrapCraiglist.py
[2024-01-30T22:15:43.617+0000] {logging_mixin.py:188} INFO - [2024-01-30T22:15:43.617+0000] {dag.py:3036} INFO - Sync 1 DAGs
[2024-01-30T22:15:43.643+0000] {logging_mixin.py:188} INFO - [2024-01-30T22:15:43.643+0000] {dag.py:3823} INFO - Setting next_dagrun for user_automation to 2024-09-04 00:00:00+00:00, run_after=2024-09-05 00:00:00+00:00
[2024-01-30T22:15:43.686+0000] {processor.py:183} INFO - Processing /opt/airflow/dags/scrapCraiglist.py took 0.746 seconds
[2024-01-30T22:15:45.749+0000] {processor.py:161} INFO - Started process (PID=2529) to work on /opt/airflow/dags/scrapCraiglist.py
[2024-01-30T22:15:45.750+0000] {processor.py:830} INFO - Processing file /opt/airflow/dags/scrapCraiglist.py for tasks to queue
[2024-01-30T22:15:45.752+0000] {logging_mixin.py:188} INFO - [2024-01-30T22:15:45.751+0000] {dagbag.py:538} INFO - Filling up the DagBag from /opt/airflow/dags/scrapCraiglist.py
[2024-01-30T22:15:46.285+0000] {processor.py:840} INFO - DAG(s) 'user_automation' retrieved from /opt/airflow/dags/scrapCraiglist.py
[2024-01-30T22:15:46.300+0000] {logging_mixin.py:188} INFO - [2024-01-30T22:15:46.299+0000] {dag.py:3036} INFO - Sync 1 DAGs
[2024-01-30T22:15:46.325+0000] {logging_mixin.py:188} INFO - [2024-01-30T22:15:46.324+0000] {dag.py:3823} INFO - Setting next_dagrun for user_automation to 2024-01-29 00:00:00+00:00, run_after=2024-01-30 00:00:00+00:00
[2024-01-30T22:15:46.357+0000] {processor.py:183} INFO - Processing /opt/airflow/dags/scrapCraiglist.py took 0.612 seconds
[2024-01-30T22:15:49.694+0000] {processor.py:161} INFO - Started process (PID=2533) to work on /opt/airflow/dags/scrapCraiglist.py
[2024-01-30T22:15:49.696+0000] {processor.py:830} INFO - Processing file /opt/airflow/dags/scrapCraiglist.py for tasks to queue
[2024-01-30T22:15:49.698+0000] {logging_mixin.py:188} INFO - [2024-01-30T22:15:49.697+0000] {dagbag.py:538} INFO - Filling up the DagBag from /opt/airflow/dags/scrapCraiglist.py
[2024-01-30T22:15:50.382+0000] {processor.py:840} INFO - DAG(s) 'user_automation' retrieved from /opt/airflow/dags/scrapCraiglist.py
[2024-01-30T22:15:50.397+0000] {logging_mixin.py:188} INFO - [2024-01-30T22:15:50.396+0000] {dag.py:3036} INFO - Sync 1 DAGs
[2024-01-30T22:15:50.430+0000] {logging_mixin.py:188} INFO - [2024-01-30T22:15:50.430+0000] {dag.py:3823} INFO - Setting next_dagrun for user_automation to 2024-02-01 00:00:00+00:00, run_after=2024-02-02 00:00:00+00:00
[2024-01-30T22:15:50.470+0000] {processor.py:183} INFO - Processing /opt/airflow/dags/scrapCraiglist.py took 0.782 seconds
[2024-01-30T22:15:54.596+0000] {processor.py:161} INFO - Started process (PID=2582) to work on /opt/airflow/dags/scrapCraiglist.py
[2024-01-30T22:15:54.600+0000] {processor.py:830} INFO - Processing file /opt/airflow/dags/scrapCraiglist.py for tasks to queue
[2024-01-30T22:15:54.602+0000] {logging_mixin.py:188} INFO - [2024-01-30T22:15:54.602+0000] {dagbag.py:538} INFO - Filling up the DagBag from /opt/airflow/dags/scrapCraiglist.py
[2024-01-30T22:15:55.237+0000] {processor.py:840} INFO - DAG(s) 'user_automation' retrieved from /opt/airflow/dags/scrapCraiglist.py
[2024-01-30T22:15:55.252+0000] {logging_mixin.py:188} INFO - [2024-01-30T22:15:55.251+0000] {dag.py:3036} INFO - Sync 1 DAGs
[2024-01-30T22:15:55.277+0000] {logging_mixin.py:188} INFO - [2024-01-30T22:15:55.277+0000] {dag.py:3823} INFO - Setting next_dagrun for user_automation to 2024-02-01 00:00:00+00:00, run_after=2024-02-02 00:00:00+00:00
[2024-01-30T22:15:55.309+0000] {processor.py:183} INFO - Processing /opt/airflow/dags/scrapCraiglist.py took 0.718 seconds
[2024-01-30T22:15:57.413+0000] {processor.py:161} INFO - Started process (PID=2585) to work on /opt/airflow/dags/scrapCraiglist.py
[2024-01-30T22:15:57.414+0000] {processor.py:830} INFO - Processing file /opt/airflow/dags/scrapCraiglist.py for tasks to queue
[2024-01-30T22:15:57.416+0000] {logging_mixin.py:188} INFO - [2024-01-30T22:15:57.416+0000] {dagbag.py:538} INFO - Filling up the DagBag from /opt/airflow/dags/scrapCraiglist.py
[2024-01-30T22:15:58.026+0000] {processor.py:840} INFO - DAG(s) 'user_automation' retrieved from /opt/airflow/dags/scrapCraiglist.py
[2024-01-30T22:15:58.038+0000] {logging_mixin.py:188} INFO - [2024-01-30T22:15:58.038+0000] {dag.py:3036} INFO - Sync 1 DAGs
[2024-01-30T22:15:58.059+0000] {logging_mixin.py:188} INFO - [2024-01-30T22:15:58.059+0000] {dag.py:3823} INFO - Setting next_dagrun for user_automation to 2024-02-01 00:00:00+00:00, run_after=2024-02-02 00:00:00+00:00
[2024-01-30T22:15:58.123+0000] {processor.py:183} INFO - Processing /opt/airflow/dags/scrapCraiglist.py took 0.713 seconds
[2024-01-30T22:15:58.909+0000] {processor.py:161} INFO - Started process (PID=2587) to work on /opt/airflow/dags/scrapCraiglist.py
[2024-01-30T22:15:58.911+0000] {processor.py:830} INFO - Processing file /opt/airflow/dags/scrapCraiglist.py for tasks to queue
[2024-01-30T22:15:58.913+0000] {logging_mixin.py:188} INFO - [2024-01-30T22:15:58.912+0000] {dagbag.py:538} INFO - Filling up the DagBag from /opt/airflow/dags/scrapCraiglist.py
[2024-01-30T22:15:59.472+0000] {processor.py:840} INFO - DAG(s) 'user_automation' retrieved from /opt/airflow/dags/scrapCraiglist.py
[2024-01-30T22:15:59.487+0000] {logging_mixin.py:188} INFO - [2024-01-30T22:15:59.487+0000] {dag.py:3036} INFO - Sync 1 DAGs
[2024-01-30T22:15:59.519+0000] {logging_mixin.py:188} INFO - [2024-01-30T22:15:59.518+0000] {dag.py:3823} INFO - Setting next_dagrun for user_automation to 2024-02-01 00:00:00+00:00, run_after=2024-02-02 00:00:00+00:00
[2024-01-30T22:15:59.564+0000] {processor.py:183} INFO - Processing /opt/airflow/dags/scrapCraiglist.py took 0.657 seconds
[2024-01-30T22:16:29.634+0000] {processor.py:161} INFO - Started process (PID=2644) to work on /opt/airflow/dags/scrapCraiglist.py
[2024-01-30T22:16:29.635+0000] {processor.py:830} INFO - Processing file /opt/airflow/dags/scrapCraiglist.py for tasks to queue
[2024-01-30T22:16:29.636+0000] {logging_mixin.py:188} INFO - [2024-01-30T22:16:29.636+0000] {dagbag.py:538} INFO - Filling up the DagBag from /opt/airflow/dags/scrapCraiglist.py
[2024-01-30T22:16:30.213+0000] {processor.py:840} INFO - DAG(s) 'user_automation' retrieved from /opt/airflow/dags/scrapCraiglist.py
[2024-01-30T22:16:30.319+0000] {logging_mixin.py:188} INFO - [2024-01-30T22:16:30.318+0000] {dag.py:3036} INFO - Sync 1 DAGs
[2024-01-30T22:16:30.348+0000] {logging_mixin.py:188} INFO - [2024-01-30T22:16:30.347+0000] {dag.py:3823} INFO - Setting next_dagrun for user_automation to 2024-02-01 00:00:00+00:00, run_after=2024-02-02 00:00:00+00:00
[2024-01-30T22:16:30.383+0000] {processor.py:183} INFO - Processing /opt/airflow/dags/scrapCraiglist.py took 0.752 seconds
[2024-01-30T22:17:00.922+0000] {processor.py:161} INFO - Started process (PID=2701) to work on /opt/airflow/dags/scrapCraiglist.py
[2024-01-30T22:17:00.924+0000] {processor.py:830} INFO - Processing file /opt/airflow/dags/scrapCraiglist.py for tasks to queue
[2024-01-30T22:17:00.925+0000] {logging_mixin.py:188} INFO - [2024-01-30T22:17:00.925+0000] {dagbag.py:538} INFO - Filling up the DagBag from /opt/airflow/dags/scrapCraiglist.py
[2024-01-30T22:17:01.414+0000] {processor.py:840} INFO - DAG(s) 'user_automation' retrieved from /opt/airflow/dags/scrapCraiglist.py
[2024-01-30T22:17:01.432+0000] {logging_mixin.py:188} INFO - [2024-01-30T22:17:01.432+0000] {dag.py:3036} INFO - Sync 1 DAGs
[2024-01-30T22:17:01.455+0000] {logging_mixin.py:188} INFO - [2024-01-30T22:17:01.455+0000] {dag.py:3823} INFO - Setting next_dagrun for user_automation to 2024-02-01 00:00:00+00:00, run_after=2024-02-02 00:00:00+00:00
[2024-01-30T22:17:01.521+0000] {processor.py:183} INFO - Processing /opt/airflow/dags/scrapCraiglist.py took 0.602 seconds
[2024-01-30T22:17:31.687+0000] {processor.py:161} INFO - Started process (PID=2759) to work on /opt/airflow/dags/scrapCraiglist.py
[2024-01-30T22:17:31.688+0000] {processor.py:830} INFO - Processing file /opt/airflow/dags/scrapCraiglist.py for tasks to queue
[2024-01-30T22:17:31.689+0000] {logging_mixin.py:188} INFO - [2024-01-30T22:17:31.689+0000] {dagbag.py:538} INFO - Filling up the DagBag from /opt/airflow/dags/scrapCraiglist.py
[2024-01-30T22:17:32.201+0000] {processor.py:840} INFO - DAG(s) 'user_automation' retrieved from /opt/airflow/dags/scrapCraiglist.py
[2024-01-30T22:17:32.221+0000] {logging_mixin.py:188} INFO - [2024-01-30T22:17:32.220+0000] {dag.py:3036} INFO - Sync 1 DAGs
[2024-01-30T22:17:32.243+0000] {logging_mixin.py:188} INFO - [2024-01-30T22:17:32.243+0000] {dag.py:3823} INFO - Setting next_dagrun for user_automation to 2024-02-01 00:00:00+00:00, run_after=2024-02-02 00:00:00+00:00
[2024-01-30T22:17:32.271+0000] {processor.py:183} INFO - Processing /opt/airflow/dags/scrapCraiglist.py took 0.588 seconds
[2024-01-30T22:18:02.956+0000] {processor.py:161} INFO - Started process (PID=2817) to work on /opt/airflow/dags/scrapCraiglist.py
[2024-01-30T22:18:02.958+0000] {processor.py:830} INFO - Processing file /opt/airflow/dags/scrapCraiglist.py for tasks to queue
[2024-01-30T22:18:02.960+0000] {logging_mixin.py:188} INFO - [2024-01-30T22:18:02.959+0000] {dagbag.py:538} INFO - Filling up the DagBag from /opt/airflow/dags/scrapCraiglist.py
[2024-01-30T22:18:03.615+0000] {processor.py:840} INFO - DAG(s) 'user_automation' retrieved from /opt/airflow/dags/scrapCraiglist.py
[2024-01-30T22:18:03.635+0000] {logging_mixin.py:188} INFO - [2024-01-30T22:18:03.634+0000] {dag.py:3036} INFO - Sync 1 DAGs
[2024-01-30T22:18:03.661+0000] {logging_mixin.py:188} INFO - [2024-01-30T22:18:03.660+0000] {dag.py:3823} INFO - Setting next_dagrun for user_automation to 2024-02-01 00:00:00+00:00, run_after=2024-02-02 00:00:00+00:00
[2024-01-30T22:18:03.692+0000] {processor.py:183} INFO - Processing /opt/airflow/dags/scrapCraiglist.py took 0.738 seconds
[2024-01-30T22:18:33.790+0000] {processor.py:161} INFO - Started process (PID=2875) to work on /opt/airflow/dags/scrapCraiglist.py
[2024-01-30T22:18:33.791+0000] {processor.py:830} INFO - Processing file /opt/airflow/dags/scrapCraiglist.py for tasks to queue
[2024-01-30T22:18:33.792+0000] {logging_mixin.py:188} INFO - [2024-01-30T22:18:33.792+0000] {dagbag.py:538} INFO - Filling up the DagBag from /opt/airflow/dags/scrapCraiglist.py
[2024-01-30T22:18:34.258+0000] {processor.py:840} INFO - DAG(s) 'user_automation' retrieved from /opt/airflow/dags/scrapCraiglist.py
[2024-01-30T22:18:34.276+0000] {logging_mixin.py:188} INFO - [2024-01-30T22:18:34.275+0000] {dag.py:3036} INFO - Sync 1 DAGs
[2024-01-30T22:18:34.297+0000] {logging_mixin.py:188} INFO - [2024-01-30T22:18:34.297+0000] {dag.py:3823} INFO - Setting next_dagrun for user_automation to 2024-02-01 00:00:00+00:00, run_after=2024-02-02 00:00:00+00:00
[2024-01-30T22:18:34.358+0000] {processor.py:183} INFO - Processing /opt/airflow/dags/scrapCraiglist.py took 0.571 seconds
[2024-01-30T22:19:04.471+0000] {processor.py:161} INFO - Started process (PID=2932) to work on /opt/airflow/dags/scrapCraiglist.py
[2024-01-30T22:19:04.472+0000] {processor.py:830} INFO - Processing file /opt/airflow/dags/scrapCraiglist.py for tasks to queue
[2024-01-30T22:19:04.473+0000] {logging_mixin.py:188} INFO - [2024-01-30T22:19:04.473+0000] {dagbag.py:538} INFO - Filling up the DagBag from /opt/airflow/dags/scrapCraiglist.py
[2024-01-30T22:19:04.987+0000] {processor.py:840} INFO - DAG(s) 'user_automation' retrieved from /opt/airflow/dags/scrapCraiglist.py
[2024-01-30T22:19:05.007+0000] {logging_mixin.py:188} INFO - [2024-01-30T22:19:05.007+0000] {dag.py:3036} INFO - Sync 1 DAGs
[2024-01-30T22:19:05.029+0000] {logging_mixin.py:188} INFO - [2024-01-30T22:19:05.029+0000] {dag.py:3823} INFO - Setting next_dagrun for user_automation to 2024-02-01 00:00:00+00:00, run_after=2024-02-02 00:00:00+00:00
[2024-01-30T22:19:05.054+0000] {processor.py:183} INFO - Processing /opt/airflow/dags/scrapCraiglist.py took 0.585 seconds
[2024-01-30T22:19:35.710+0000] {processor.py:161} INFO - Started process (PID=2989) to work on /opt/airflow/dags/scrapCraiglist.py
[2024-01-30T22:19:35.711+0000] {processor.py:830} INFO - Processing file /opt/airflow/dags/scrapCraiglist.py for tasks to queue
[2024-01-30T22:19:35.712+0000] {logging_mixin.py:188} INFO - [2024-01-30T22:19:35.712+0000] {dagbag.py:538} INFO - Filling up the DagBag from /opt/airflow/dags/scrapCraiglist.py
[2024-01-30T22:19:36.077+0000] {processor.py:840} INFO - DAG(s) 'user_automation' retrieved from /opt/airflow/dags/scrapCraiglist.py
[2024-01-30T22:19:36.099+0000] {logging_mixin.py:188} INFO - [2024-01-30T22:19:36.098+0000] {dag.py:3036} INFO - Sync 1 DAGs
[2024-01-30T22:19:36.122+0000] {logging_mixin.py:188} INFO - [2024-01-30T22:19:36.122+0000] {dag.py:3823} INFO - Setting next_dagrun for user_automation to 2024-02-01 00:00:00+00:00, run_after=2024-02-02 00:00:00+00:00
[2024-01-30T22:19:36.167+0000] {processor.py:183} INFO - Processing /opt/airflow/dags/scrapCraiglist.py took 0.460 seconds
[2024-01-30T22:20:06.488+0000] {processor.py:161} INFO - Started process (PID=3046) to work on /opt/airflow/dags/scrapCraiglist.py
[2024-01-30T22:20:06.490+0000] {processor.py:830} INFO - Processing file /opt/airflow/dags/scrapCraiglist.py for tasks to queue
[2024-01-30T22:20:06.491+0000] {logging_mixin.py:188} INFO - [2024-01-30T22:20:06.491+0000] {dagbag.py:538} INFO - Filling up the DagBag from /opt/airflow/dags/scrapCraiglist.py
[2024-01-30T22:20:06.885+0000] {processor.py:840} INFO - DAG(s) 'user_automation' retrieved from /opt/airflow/dags/scrapCraiglist.py
[2024-01-30T22:20:06.906+0000] {logging_mixin.py:188} INFO - [2024-01-30T22:20:06.905+0000] {dag.py:3036} INFO - Sync 1 DAGs
[2024-01-30T22:20:06.931+0000] {logging_mixin.py:188} INFO - [2024-01-30T22:20:06.931+0000] {dag.py:3823} INFO - Setting next_dagrun for user_automation to 2024-02-01 00:00:00+00:00, run_after=2024-02-02 00:00:00+00:00
[2024-01-30T22:20:06.958+0000] {processor.py:183} INFO - Processing /opt/airflow/dags/scrapCraiglist.py took 0.473 seconds
[2024-01-30T22:20:37.193+0000] {processor.py:161} INFO - Started process (PID=3103) to work on /opt/airflow/dags/scrapCraiglist.py
[2024-01-30T22:20:37.194+0000] {processor.py:830} INFO - Processing file /opt/airflow/dags/scrapCraiglist.py for tasks to queue
[2024-01-30T22:20:37.196+0000] {logging_mixin.py:188} INFO - [2024-01-30T22:20:37.195+0000] {dagbag.py:538} INFO - Filling up the DagBag from /opt/airflow/dags/scrapCraiglist.py
[2024-01-30T22:20:37.561+0000] {processor.py:840} INFO - DAG(s) 'user_automation' retrieved from /opt/airflow/dags/scrapCraiglist.py
[2024-01-30T22:20:37.580+0000] {logging_mixin.py:188} INFO - [2024-01-30T22:20:37.580+0000] {dag.py:3036} INFO - Sync 1 DAGs
[2024-01-30T22:20:37.607+0000] {logging_mixin.py:188} INFO - [2024-01-30T22:20:37.606+0000] {dag.py:3823} INFO - Setting next_dagrun for user_automation to 2024-02-01 00:00:00+00:00, run_after=2024-02-02 00:00:00+00:00
[2024-01-30T22:20:37.677+0000] {processor.py:183} INFO - Processing /opt/airflow/dags/scrapCraiglist.py took 0.487 seconds
[2024-01-30T22:21:14.081+0000] {processor.py:161} INFO - Started process (PID=3157) to work on /opt/airflow/dags/scrapCraiglist.py
[2024-01-30T22:21:14.083+0000] {processor.py:830} INFO - Processing file /opt/airflow/dags/scrapCraiglist.py for tasks to queue
[2024-01-30T22:21:14.085+0000] {logging_mixin.py:188} INFO - [2024-01-30T22:21:14.084+0000] {dagbag.py:538} INFO - Filling up the DagBag from /opt/airflow/dags/scrapCraiglist.py
[2024-01-30T22:21:14.476+0000] {processor.py:840} INFO - DAG(s) 'user_automation' retrieved from /opt/airflow/dags/scrapCraiglist.py
[2024-01-30T22:21:14.499+0000] {logging_mixin.py:188} INFO - [2024-01-30T22:21:14.499+0000] {dag.py:3036} INFO - Sync 1 DAGs
[2024-01-30T22:21:14.525+0000] {logging_mixin.py:188} INFO - [2024-01-30T22:21:14.525+0000] {dag.py:3823} INFO - Setting next_dagrun for user_automation to 2024-02-01 00:00:00+00:00, run_after=2024-02-02 00:00:00+00:00
[2024-01-30T22:21:14.589+0000] {processor.py:183} INFO - Processing /opt/airflow/dags/scrapCraiglist.py took 0.512 seconds
[2024-01-30T22:21:44.718+0000] {processor.py:161} INFO - Started process (PID=3215) to work on /opt/airflow/dags/scrapCraiglist.py
[2024-01-30T22:21:44.719+0000] {processor.py:830} INFO - Processing file /opt/airflow/dags/scrapCraiglist.py for tasks to queue
[2024-01-30T22:21:44.720+0000] {logging_mixin.py:188} INFO - [2024-01-30T22:21:44.720+0000] {dagbag.py:538} INFO - Filling up the DagBag from /opt/airflow/dags/scrapCraiglist.py
[2024-01-30T22:21:45.095+0000] {processor.py:840} INFO - DAG(s) 'user_automation' retrieved from /opt/airflow/dags/scrapCraiglist.py
[2024-01-30T22:21:45.113+0000] {logging_mixin.py:188} INFO - [2024-01-30T22:21:45.112+0000] {dag.py:3036} INFO - Sync 1 DAGs
[2024-01-30T22:21:45.138+0000] {logging_mixin.py:188} INFO - [2024-01-30T22:21:45.137+0000] {dag.py:3823} INFO - Setting next_dagrun for user_automation to 2024-02-01 00:00:00+00:00, run_after=2024-02-02 00:00:00+00:00
[2024-01-30T22:21:45.165+0000] {processor.py:183} INFO - Processing /opt/airflow/dags/scrapCraiglist.py took 0.450 seconds
[2024-01-30T22:22:15.252+0000] {processor.py:161} INFO - Started process (PID=3272) to work on /opt/airflow/dags/scrapCraiglist.py
[2024-01-30T22:22:15.254+0000] {processor.py:830} INFO - Processing file /opt/airflow/dags/scrapCraiglist.py for tasks to queue
[2024-01-30T22:22:15.255+0000] {logging_mixin.py:188} INFO - [2024-01-30T22:22:15.254+0000] {dagbag.py:538} INFO - Filling up the DagBag from /opt/airflow/dags/scrapCraiglist.py
[2024-01-30T22:22:15.718+0000] {processor.py:840} INFO - DAG(s) 'user_automation' retrieved from /opt/airflow/dags/scrapCraiglist.py
[2024-01-30T22:22:15.749+0000] {logging_mixin.py:188} INFO - [2024-01-30T22:22:15.749+0000] {dag.py:3036} INFO - Sync 1 DAGs
[2024-01-30T22:22:15.784+0000] {logging_mixin.py:188} INFO - [2024-01-30T22:22:15.784+0000] {dag.py:3823} INFO - Setting next_dagrun for user_automation to 2024-02-01 00:00:00+00:00, run_after=2024-02-02 00:00:00+00:00
[2024-01-30T22:22:15.820+0000] {processor.py:183} INFO - Processing /opt/airflow/dags/scrapCraiglist.py took 0.570 seconds
[2024-01-30T22:22:46.493+0000] {processor.py:161} INFO - Started process (PID=3329) to work on /opt/airflow/dags/scrapCraiglist.py
[2024-01-30T22:22:46.494+0000] {processor.py:830} INFO - Processing file /opt/airflow/dags/scrapCraiglist.py for tasks to queue
[2024-01-30T22:22:46.495+0000] {logging_mixin.py:188} INFO - [2024-01-30T22:22:46.495+0000] {dagbag.py:538} INFO - Filling up the DagBag from /opt/airflow/dags/scrapCraiglist.py
[2024-01-30T22:22:46.901+0000] {processor.py:840} INFO - DAG(s) 'user_automation' retrieved from /opt/airflow/dags/scrapCraiglist.py
[2024-01-30T22:22:46.920+0000] {logging_mixin.py:188} INFO - [2024-01-30T22:22:46.920+0000] {dag.py:3036} INFO - Sync 1 DAGs
[2024-01-30T22:22:46.945+0000] {logging_mixin.py:188} INFO - [2024-01-30T22:22:46.944+0000] {dag.py:3823} INFO - Setting next_dagrun for user_automation to 2024-02-01 00:00:00+00:00, run_after=2024-02-02 00:00:00+00:00
[2024-01-30T22:22:46.970+0000] {processor.py:183} INFO - Processing /opt/airflow/dags/scrapCraiglist.py took 0.482 seconds
